Mplus VERSION 7.4 (Mac)
MUTHEN & MUTHEN
12/04/2017   9:03 PM

INPUT INSTRUCTIONS

  TITLE:
  1-LGM, bivariate unconditional
  DATA:
  File = wide-dataset-b.dat;
  VARIABLE:
  NAMES are
   id hhid male birthyr_rand birthmo_rand race_rand hispanic_rand cohort
      raedyrs raedegrm memoryproblems_baseline memory_disease_ever age_baseline
      age_baseline_65 health_conditions_baseline healthcond_mean activity_mean_2004
      activity_mean_2006 activity_mean_2008 activity_mean_2010 activity_mean_2012
      activity_mean_2014 activity_sum_2004 activity_sum_2006 activity_sum_2008
      activity_sum_2010 activity_sum_2012 activity_sum_2014 close_social_network_2004
      close_social_network_2006 close_social_network_2008 close_social_network_2010
      close_social_network_2012 close_social_network_2014 countb20r_2004
      countb20r_2006 countb20r_2008 countb20r_2010 countb20r_2012 countb20r_2014
      crp_adj_2004 crp_adj_2006 crp_adj_2008 crp_adj_2010 crp_adj_2012 crp_adj_2014
      dep_total_2004 dep_total_2006 dep_total_2008 dep_total_2010 dep_total_2012
      dep_total_2014 exercise_2004 exercise_2006 exercise_2008 exercise_2010
      exercise_2012 exercise_2014 healthcond_2004 healthcond_2006 healthcond_2008
      healthcond_2010 healthcond_2012 healthcond_2014 hhres_2004 hhres_2006
      hhres_2008 hhres_2010 hhres_2012 hhres_2014 hrs_tscore_2004 hrs_tscore_2006
      hrs_tscore_2008 hrs_tscore_2010 hrs_tscore_2012 hrs_tscore_2014 intage_r_2004
      intage_r_2006 intage_r_2008 intage_r_2010 intage_r_2012 intage_r_2014
      interview_date_2004 interview_date_2006 interview_date_2008 interview_date_2010
      interview_date_2012 interview_date_2014 lb_65_wave_2004 lb_65_wave_2006
      lb_65_wave_2008 lb_65_wave_2010 lb_65_wave_2012 lb_65_wave_2014 lb_wave_2004
      lb_wave_2006 lb_wave_2008 lb_wave_2010 lb_wave_2012 lb_wave_2014 listassi_2004
      listassi_2006 listassi_2008 listassi_2010 listassi_2012 listassi_2014
      mentalstatus_tot_2004 mentalstatus_tot_2006 mentalstatus_tot_2008
      mentalstatus_tot_2010 mentalstatus_tot_2012 mentalstatus_tot_2014 proxy_2004
      proxy_2006 proxy_2008 proxy_2010 proxy_2012 proxy_2014 responded_2004
      responded_2006 responded_2008 responded_2010 responded_2012 responded_2014
      rmaritalst_2004 rmaritalst_2006 rmaritalst_2008 rmaritalst_2010 rmaritalst_2012
      rmaritalst_2014 rpartst_2004 rpartst_2006 rpartst_2008 rpartst_2010
      rpartst_2012 rpartst_2014 score_loneliness_11_2004 score_loneliness_11_2006
      score_loneliness_11_2008 score_loneliness_11_2010 score_loneliness_11_2012
      score_loneliness_11_2014 score_loneliness_3_2004 score_loneliness_3_2006
      score_loneliness_3_2008 score_loneliness_3_2010 score_loneliness_3_2012
      score_loneliness_3_2014 shhidpnr_2004 shhidpnr_2006 shhidpnr_2008 shhidpnr_2010
      shhidpnr_2012 shhidpnr_2014 snchild_2004 snchild_2006 snchild_2008 snchild_2010
      snchild_2012 snchild_2014 snfamily_2004 snfamily_2006 snfamily_2008
      snfamily_2010 snfamily_2012 snfamily_2014 snfriends_2004 snfriends_2006
      snfriends_2008 snfriends_2010 snfriends_2012 snfriends_2014 snspouse_2004
      snspouse_2006 snspouse_2008 snspouse_2010 snspouse_2012 snspouse_2014
      social_contact_total_2004 social_contact_total_2006 social_contact_total_2008
      social_contact_total_2010 social_contact_total_2012 social_contact_total_2014
      social_strain_mean_2004 social_strain_mean_2006 social_strain_mean_2008
      social_strain_mean_2010 social_strain_mean_2012 social_strain_mean_2014
      social_support_mean_2004 social_support_mean_2006 social_support_mean_2008
      social_support_mean_2010 social_support_mean_2012 social_support_mean_2014
      socialnetwork_total_2004 socialnetwork_total_2006 socialnetwork_total_2008
      socialnetwork_total_2010 socialnetwork_total_2012 socialnetwork_total_2014
      srmemory_2004 srmemory_2006 srmemory_2008 srmemory_2010 srmemory_2012
      srmemory_2014 srmemoryp_2004 srmemoryp_2006 srmemoryp_2008 srmemoryp_2010
      srmemoryp_2012 srmemoryp_2014 vocab_total_2004 vocab_total_2006 vocab_total_2008
      vocab_total_2010 vocab_total_2012 vocab_total_2014 wrectotd_2004 wrectotd_2006
      wrectotd_2008 wrectotd_2010 wrectotd_2012 wrectotd_2014 wrectoti_2004
      wrectoti_2006 wrectoti_2008 wrectoti_2010 wrectoti_2012 wrectoti_2014
  	;
  Missing are all (9999);
  USEVARIABLES are
  	!define the variables used in the analysis
  	! covariates used in the model
  	
  	!modelled time points of process (A)
  a_01
  a_02
  a_03
  a_04
  a_05
  a_06
  	!modelled time points of process (B)
  b_01
  b_02
  b_03
  b_04
  b_05
  b_06
  ;
  SUBPOPULATION are
  	!select a subset of observations
  age_baseline > 64 AND
  memory_disease_ever EQ 0
  ;
  CLUSTER = hhid;
  DEFINE:
    ! centre baseline age
  a = age_baseline - 69;
  	! assign variables to the process (A)
  a_01=mentalstatus_tot_2004;
  a_02=mentalstatus_tot_2006;
  a_03=mentalstatus_tot_2008;
  a_04=mentalstatus_tot_2010;
  a_05=mentalstatus_tot_2012;
  a_06=mentalstatus_tot_2014;
  	! assign variables to the process (B)
  b_01=social_support_mean_2004;
  b_02=social_support_mean_2006;
  b_03=social_support_mean_2008;
  b_04=social_support_mean_2010;
  b_05=social_support_mean_2012;
  b_06=social_support_mean_2014;
  ANALYSIS:
  TYPE = COMPLEX RANDOM;
  COVERAGE=.00;
  H1ITERATIONS = 10000;
  MODEL:
  	!first-level equation
  	! assign process (A) to time points
  ia sa | a_01@0
  a_02@2
  a_03@4
  a_04@6
  a_05@8
  a_06@10;
  	! assign process (B) to time points
  ib sb | b_01@0
  b_02@2
  b_03@4
  b_04@6
  b_05@8
  b_06@10;
  	!variance of the first-level terms
  ia (v_ia);
  sa (v_sa);
  ib (v_ib);
  sb (v_sb);
  	!covariance among first-level terms
  ia WITH sa (c_iasa);
  ia WITH ib (c_iaib);
  ia WITH sb (c_iasb);
  sa WITH ib (c_saib);
  sa WITH sb (c_sasb);
  ib WITH sb (c_ibsb);
  	!second-level equation
  !ia sa ib sb ON ;
  	
  OUTPUT: sampstat cinterval;
  PLOT: Type is Plot1 Plot2 Plot3;



INPUT READING TERMINATED NORMALLY




1-LGM, bivariate unconditional

SUMMARY OF ANALYSIS

Number of groups                                                 1
Number of observations                                        5952

Number of dependent variables                                   12
Number of independent variables                                  0
Number of continuous latent variables                            4

Observed dependent variables

  Continuous
   A_01        A_02        A_03        A_04        A_05        A_06
   B_01        B_02        B_03        B_04        B_05        B_06

Continuous latent variables
   IA          SA          IB          SB

Variables with special functions

  Cluster variable      HHID

Estimator                                                      MLR
Information matrix                                        OBSERVED
Maximum number of iterations                                   100
Convergence criterion                                    0.100D-05
Maximum number of EM iterations                                500
Convergence criteria for the EM algorithm
  Loglikelihood change                                   0.100D-02
  Relative loglikelihood change                          0.100D-05
  Derivative                                             0.100D-03
Minimum variance                                         0.100D-03
Maximum number of steepest descent iterations                   20
Maximum number of iterations for H1                          10000
Convergence criterion for H1                             0.100D-03
Optimization algorithm                                         EMA

Input data file(s)
  wide-dataset-b.dat
Input data format  FREE


SUMMARY OF DATA

     Number of missing data patterns           260
     Number of clusters        4882



SAMPLE STATISTICS


     ESTIMATED SAMPLE STATISTICS


           Means
              A_01          A_02          A_03          A_04          A_05
              ________      ________      ________      ________      ________
 1              8.517         8.507         8.438         8.051         8.029


           Means
              A_06          B_01          B_02          B_03          B_04
              ________      ________      ________      ________      ________
 1              7.861         9.778         9.575         9.557         9.582


           Means
              B_05          B_06
              ________      ________
 1              9.607         9.577


           Covariances
              A_01          A_02          A_03          A_04          A_05
              ________      ________      ________      ________      ________
 A_01           0.632
 A_02           0.329         0.660
 A_03           0.343         0.351         0.789
 A_04           0.366         0.385         0.457         1.239
 A_05           0.392         0.400         0.494         0.784         1.442
 A_06           0.399         0.427         0.521         0.845         1.064
 B_01           0.012         0.046         0.085         0.023        -0.033
 B_02          -0.016         0.025         0.052        -0.029        -0.004
 B_03          -0.012        -0.011         0.027        -0.017        -0.037
 B_04          -0.035         0.004         0.045        -0.017         0.002
 B_05          -0.009         0.004        -0.003        -0.019         0.019
 B_06          -0.005        -0.031         0.027        -0.063        -0.041


           Covariances
              A_06          B_01          B_02          B_03          B_04
              ________      ________      ________      ________      ________
 A_06           1.943
 B_01          -0.042         2.356
 B_02          -0.047         1.575         2.327
 B_03           0.002         1.445         0.585         2.544
 B_04          -0.002         1.427         1.400         0.749         2.461
 B_05           0.000         1.068         0.540         1.550         0.738
 B_06          -0.068         1.391         1.372         0.340         1.487


           Covariances
              B_05          B_06
              ________      ________
 B_05           2.559
 B_06           0.356         2.640


           Correlations
              A_01          A_02          A_03          A_04          A_05
              ________      ________      ________      ________      ________
 A_01           1.000
 A_02           0.510         1.000
 A_03           0.486         0.487         1.000
 A_04           0.414         0.425         0.462         1.000
 A_05           0.411         0.410         0.463         0.587         1.000
 A_06           0.360         0.377         0.421         0.545         0.636
 B_01           0.010         0.037         0.062         0.014        -0.018
 B_02          -0.013         0.020         0.038        -0.017        -0.002
 B_03          -0.009        -0.008         0.019        -0.010        -0.019
 B_04          -0.028         0.003         0.032        -0.010         0.001
 B_05          -0.007         0.003        -0.002        -0.011         0.010
 B_06          -0.004        -0.024         0.018        -0.035        -0.021


           Correlations
              A_06          B_01          B_02          B_03          B_04
              ________      ________      ________      ________      ________
 A_06           1.000
 B_01          -0.020         1.000
 B_02          -0.022         0.672         1.000
 B_03           0.001         0.590         0.240         1.000
 B_04          -0.001         0.593         0.585         0.300         1.000
 B_05           0.000         0.435         0.221         0.608         0.294
 B_06          -0.030         0.558         0.554         0.131         0.583


           Correlations
              B_05          B_06
              ________      ________
 B_05           1.000
 B_06           0.137         1.000


     MAXIMUM LOG-LIKELIHOOD VALUE FOR THE UNRESTRICTED (H1) MODEL IS -63571.031


UNIVARIATE SAMPLE STATISTICS


     UNIVARIATE HIGHER-ORDER MOMENT DESCRIPTIVE STATISTICS

         Variable/         Mean/     Skewness/   Minimum/ % with                Percentiles
        Sample Size      Variance    Kurtosis    Maximum  Min/Max      20%/60%    40%/80%    Median

     A_01                  8.527      -2.114       2.000    0.02%       8.000      9.000      9.000
            5486.000       0.624       5.952       9.000   66.11%       9.000      9.000
     A_02                  8.511      -2.361       1.000    0.02%       8.000      9.000      9.000
            5688.000       0.654       8.721       9.000   64.64%       9.000      9.000
     A_03                  8.443      -2.238       1.000    0.02%       8.000      9.000      9.000
            5784.000       0.783       7.416       9.000   61.91%       9.000      9.000
     A_04                  8.065      -1.739       0.000    0.02%       7.000      8.000      8.000
            5680.000       1.209       4.575       9.000   41.95%       9.000      9.000
     A_05                  8.085      -1.899       0.000    0.04%       7.000      8.000      8.000
            5132.000       1.350       5.356       9.000   45.93%       9.000      9.000
     A_06                  7.967      -2.016       0.000    0.07%       7.000      8.000      8.000
            4423.000       1.750       5.505       9.000   43.55%       9.000      9.000
     B_01                  9.811      -0.654       4.333    0.09%       8.500      9.667     10.000
            1061.000       2.338       0.097      12.000    8.48%      10.333     11.250
     B_02                  9.578      -0.541       3.000    0.11%       8.333      9.250      9.667
            2787.000       2.311       0.122      12.000    5.63%      10.000     11.000
     B_03                  9.558      -0.590       3.000    0.07%       8.250      9.250      9.667
            2737.000       2.553       0.220      12.000    6.94%      10.000     11.000
     B_04                  9.580      -0.584       3.000    0.04%       8.250      9.333      9.750
            2646.000       2.432       0.067      12.000    6.20%      10.250     11.000
     B_05                  9.610      -0.664       3.000    0.04%       8.333      9.333      9.750
            2235.000       2.541       0.256      12.000    6.67%      10.250     11.000
     B_06                  9.579      -0.596       3.000    0.15%       8.250      9.333      9.667
            2031.000       2.584       0.117      12.000    7.04%      10.250     11.000


THE MODEL ESTIMATION TERMINATED NORMALLY



MODEL FIT INFORMATION

Number of Free Parameters                       26

Loglikelihood

          H0 Value                      -64013.790
          H0 Scaling Correction Factor      1.9353
            for MLR
          H1 Value                      -63571.031
          H1 Scaling Correction Factor      1.4131
            for MLR

Information Criteria

          Akaike (AIC)                  128079.580
          Bayesian (BIC)                128253.559
          Sample-Size Adjusted BIC      128170.938
            (n* = (n + 2) / 24)

Chi-Square Test of Model Fit

          Value                            737.370*
          Degrees of Freedom                    64
          P-Value                           0.0000
          Scaling Correction Factor         1.2009
            for MLR

*   The chi-square value for MLM, MLMV, MLR, ULSMV, WLSM and WLSMV cannot be used
    for chi-square difference testing in the regular way.  MLM, MLR and WLSM
    chi-square difference testing is described on the Mplus website.  MLMV, WLSMV,
    and ULSMV difference testing is done using the DIFFTEST option.

RMSEA (Root Mean Square Error Of Approximation)

          Estimate                           0.042

CFI/TLI

          CFI                                0.937
          TLI                                0.935

Chi-Square Test of Model Fit for the Baseline Model

          Value                          10703.468
          Degrees of Freedom                    66
          P-Value                           0.0000

SRMR (Standardized Root Mean Square Residual)

          Value                              0.110



MODEL RESULTS

                                                    Two-Tailed
                    Estimate       S.E.  Est./S.E.    P-Value

 IA       |
    A_01               1.000      0.000    999.000    999.000
    A_02               1.000      0.000    999.000    999.000
    A_03               1.000      0.000    999.000    999.000
    A_04               1.000      0.000    999.000    999.000
    A_05               1.000      0.000    999.000    999.000
    A_06               1.000      0.000    999.000    999.000

 SA       |
    A_01               0.000      0.000    999.000    999.000
    A_02               2.000      0.000    999.000    999.000
    A_03               4.000      0.000    999.000    999.000
    A_04               6.000      0.000    999.000    999.000
    A_05               8.000      0.000    999.000    999.000
    A_06              10.000      0.000    999.000    999.000

 IB       |
    B_01               1.000      0.000    999.000    999.000
    B_02               1.000      0.000    999.000    999.000
    B_03               1.000      0.000    999.000    999.000
    B_04               1.000      0.000    999.000    999.000
    B_05               1.000      0.000    999.000    999.000
    B_06               1.000      0.000    999.000    999.000

 SB       |
    B_01               0.000      0.000    999.000    999.000
    B_02               2.000      0.000    999.000    999.000
    B_03               4.000      0.000    999.000    999.000
    B_04               6.000      0.000    999.000    999.000
    B_05               8.000      0.000    999.000    999.000
    B_06              10.000      0.000    999.000    999.000

 IA       WITH
    SA                -0.001      0.002     -0.577      0.564
    IB                 0.018      0.021      0.868      0.385
    SB                -0.003      0.003     -1.009      0.313

 SA       WITH
    IB                -0.002      0.003     -0.476      0.634
    SB                 0.000      0.000      0.449      0.654

 IB       WITH
    SB                -0.034      0.011     -3.238      0.001

 Means
    IA                 8.586      0.010    853.195      0.000
    SA                -0.068      0.002    -40.418      0.000
    IB                 9.620      0.026    369.592      0.000
    SB                -0.006      0.004     -1.689      0.091

 Intercepts
    A_01               0.000      0.000    999.000    999.000
    A_02               0.000      0.000    999.000    999.000
    A_03               0.000      0.000    999.000    999.000
    A_04               0.000      0.000    999.000    999.000
    A_05               0.000      0.000    999.000    999.000
    A_06               0.000      0.000    999.000    999.000
    B_01               0.000      0.000    999.000    999.000
    B_02               0.000      0.000    999.000    999.000
    B_03               0.000      0.000    999.000    999.000
    B_04               0.000      0.000    999.000    999.000
    B_05               0.000      0.000    999.000    999.000
    B_06               0.000      0.000    999.000    999.000

 Variances
    IA                 0.325      0.022     14.709      0.000
    SA                 0.008      0.001     14.399      0.000
    IB                 1.624      0.084     19.425      0.000
    SB                 0.008      0.002      3.900      0.000

 Residual Variances
    A_01               0.283      0.014     20.801      0.000
    A_02               0.346      0.014     25.155      0.000
    A_03               0.440      0.015     28.479      0.000
    A_04               0.630      0.024     26.073      0.000
    A_05               0.553      0.025     21.717      0.000
    A_06               0.780      0.044     17.563      0.000
    B_01               0.824      0.088      9.375      0.000
    B_02               0.822      0.055     15.051      0.000
    B_03               0.998      0.056     17.680      0.000
    B_04               1.030      0.057     18.096      0.000
    B_05               0.949      0.073     12.994      0.000
    B_06               0.935      0.093     10.073      0.000


QUALITY OF NUMERICAL RESULTS

     Condition Number for the Information Matrix              0.211E-03
       (ratio of smallest to largest eigenvalue)


CONFIDENCE INTERVALS OF MODEL RESULTS

                  Lower .5%  Lower 2.5%    Lower 5%    Estimate    Upper 5%  Upper 2.5%   Upper .5%

 IA       |
    A_01             1.000       1.000       1.000       1.000       1.000       1.000       1.000
    A_02             1.000       1.000       1.000       1.000       1.000       1.000       1.000
    A_03             1.000       1.000       1.000       1.000       1.000       1.000       1.000
    A_04             1.000       1.000       1.000       1.000       1.000       1.000       1.000
    A_05             1.000       1.000       1.000       1.000       1.000       1.000       1.000
    A_06             1.000       1.000       1.000       1.000       1.000       1.000       1.000

 SA       |
    A_01             0.000       0.000       0.000       0.000       0.000       0.000       0.000
    A_02             2.000       2.000       2.000       2.000       2.000       2.000       2.000
    A_03             4.000       4.000       4.000       4.000       4.000       4.000       4.000
    A_04             6.000       6.000       6.000       6.000       6.000       6.000       6.000
    A_05             8.000       8.000       8.000       8.000       8.000       8.000       8.000
    A_06            10.000      10.000      10.000      10.000      10.000      10.000      10.000

 IB       |
    B_01             1.000       1.000       1.000       1.000       1.000       1.000       1.000
    B_02             1.000       1.000       1.000       1.000       1.000       1.000       1.000
    B_03             1.000       1.000       1.000       1.000       1.000       1.000       1.000
    B_04             1.000       1.000       1.000       1.000       1.000       1.000       1.000
    B_05             1.000       1.000       1.000       1.000       1.000       1.000       1.000
    B_06             1.000       1.000       1.000       1.000       1.000       1.000       1.000

 SB       |
    B_01             0.000       0.000       0.000       0.000       0.000       0.000       0.000
    B_02             2.000       2.000       2.000       2.000       2.000       2.000       2.000
    B_03             4.000       4.000       4.000       4.000       4.000       4.000       4.000
    B_04             6.000       6.000       6.000       6.000       6.000       6.000       6.000
    B_05             8.000       8.000       8.000       8.000       8.000       8.000       8.000
    B_06            10.000      10.000      10.000      10.000      10.000      10.000      10.000

 IA       WITH
    SA              -0.005      -0.004      -0.004      -0.001       0.002       0.002       0.003
    IB              -0.035      -0.023      -0.016       0.018       0.052       0.058       0.071
    SB              -0.011      -0.009      -0.008      -0.003       0.002       0.003       0.005

 SA       WITH
    IB              -0.010      -0.008      -0.007      -0.002       0.004       0.005       0.007
    SB              -0.001      -0.001      -0.001       0.000       0.001       0.001       0.001

 IB       WITH
    SB              -0.062      -0.055      -0.052      -0.034      -0.017      -0.014      -0.007

 Means
    IA               8.560       8.566       8.570       8.586       8.603       8.606       8.612
    SA              -0.073      -0.072      -0.071      -0.068      -0.066      -0.065      -0.064
    IB               9.553       9.569       9.578       9.620       9.663       9.671       9.688
    SB              -0.015      -0.013      -0.012      -0.006       0.000       0.001       0.003

 Intercepts
    A_01             0.000       0.000       0.000       0.000       0.000       0.000       0.000
    A_02             0.000       0.000       0.000       0.000       0.000       0.000       0.000
    A_03             0.000       0.000       0.000       0.000       0.000       0.000       0.000
    A_04             0.000       0.000       0.000       0.000       0.000       0.000       0.000
    A_05             0.000       0.000       0.000       0.000       0.000       0.000       0.000
    A_06             0.000       0.000       0.000       0.000       0.000       0.000       0.000
    B_01             0.000       0.000       0.000       0.000       0.000       0.000       0.000
    B_02             0.000       0.000       0.000       0.000       0.000       0.000       0.000
    B_03             0.000       0.000       0.000       0.000       0.000       0.000       0.000
    B_04             0.000       0.000       0.000       0.000       0.000       0.000       0.000
    B_05             0.000       0.000       0.000       0.000       0.000       0.000       0.000
    B_06             0.000       0.000       0.000       0.000       0.000       0.000       0.000

 Variances
    IA               0.268       0.281       0.288       0.325       0.361       0.368       0.382
    SA               0.006       0.007       0.007       0.008       0.009       0.009       0.009
    IB               1.409       1.461       1.487       1.624       1.762       1.788       1.840
    SB               0.003       0.004       0.005       0.008       0.011       0.012       0.013

 Residual Variances
    A_01             0.248       0.257       0.261       0.283       0.306       0.310       0.318
    A_02             0.310       0.319       0.323       0.346       0.368       0.373       0.381
    A_03             0.400       0.409       0.414       0.440       0.465       0.470       0.479
    A_04             0.568       0.583       0.590       0.630       0.670       0.678       0.693
    A_05             0.488       0.503       0.511       0.553       0.595       0.603       0.619
    A_06             0.666       0.693       0.707       0.780       0.853       0.867       0.895
    B_01             0.598       0.652       0.680       0.824       0.969       0.997       1.051
    B_02             0.682       0.715       0.733       0.822       0.912       0.930       0.963
    B_03             0.853       0.887       0.905       0.998       1.091       1.109       1.144
    B_04             0.884       0.919       0.937       1.030       1.124       1.142       1.177
    B_05             0.761       0.806       0.829       0.949       1.069       1.092       1.137
    B_06             0.696       0.753       0.783       0.935       1.088       1.117       1.174


SAMPLE STATISTICS FOR ESTIMATED FACTOR SCORES


     SAMPLE STATISTICS


           Means
              IA            SA            IB            SB
              ________      ________      ________      ________
 1              8.603        -0.075         9.378        -0.009


           Covariances
              IA            SA            IB            SB
              ________      ________      ________      ________
 IA             0.111
 SA             0.005         0.002
 IB             0.002         0.001         0.596
 SB            -0.001         0.000         0.000         0.001


           Correlations
              IA            SA            IB            SB
              ________      ________      ________      ________
 IA             1.000
 SA             0.303         1.000
 IB             0.008         0.033         1.000
 SB            -0.142         0.038         0.020         1.000


PLOT INFORMATION

The following plots are available:

  Histograms (sample values, estimated factor scores)
  Scatterplots (sample values, estimated factor scores)
  Latent variable distribution plots

     Beginning Time:  21:03:20
        Ending Time:  21:05:04
       Elapsed Time:  00:01:44



MUTHEN & MUTHEN
3463 Stoner Ave.
Los Angeles, CA  90066

Tel: (310) 391-9971
Fax: (310) 391-8971
Web: www.StatModel.com
Support: Support@StatModel.com

Copyright (c) 1998-2015 Muthen & Muthen
