Mplus VERSION 7.4 (Mac)
MUTHEN & MUTHEN
12/03/2017   4:16 PM

INPUT INSTRUCTIONS

  TITLE:
  9 - Predetermined ALT, no-time-correlations
  DATA:
  File = wide-dataset-b.dat;
  VARIABLE:
  NAMES are
   id hhid male birthyr_rand birthmo_rand race_rand hispanic_rand cohort
      raedyrs raedegrm memoryproblems_baseline memory_disease_ever age_baseline
      age_baseline_65 health_conditions_baseline healthcond_mean activity_mean_2004
      activity_mean_2006 activity_mean_2008 activity_mean_2010 activity_mean_2012
      activity_mean_2014 activity_sum_2004 activity_sum_2006 activity_sum_2008
      activity_sum_2010 activity_sum_2012 activity_sum_2014 close_social_network_2004
      close_social_network_2006 close_social_network_2008 close_social_network_2010
      close_social_network_2012 close_social_network_2014 countb20r_2004
      countb20r_2006 countb20r_2008 countb20r_2010 countb20r_2012 countb20r_2014
      crp_adj_2004 crp_adj_2006 crp_adj_2008 crp_adj_2010 crp_adj_2012 crp_adj_2014
      dep_total_2004 dep_total_2006 dep_total_2008 dep_total_2010 dep_total_2012
      dep_total_2014 exercise_2004 exercise_2006 exercise_2008 exercise_2010
      exercise_2012 exercise_2014 healthcond_2004 healthcond_2006 healthcond_2008
      healthcond_2010 healthcond_2012 healthcond_2014 hhres_2004 hhres_2006
      hhres_2008 hhres_2010 hhres_2012 hhres_2014 hrs_tscore_2004 hrs_tscore_2006
      hrs_tscore_2008 hrs_tscore_2010 hrs_tscore_2012 hrs_tscore_2014 intage_r_2004
      intage_r_2006 intage_r_2008 intage_r_2010 intage_r_2012 intage_r_2014
      interview_date_2004 interview_date_2006 interview_date_2008 interview_date_2010
      interview_date_2012 interview_date_2014 lb_65_wave_2004 lb_65_wave_2006
      lb_65_wave_2008 lb_65_wave_2010 lb_65_wave_2012 lb_65_wave_2014 lb_wave_2004
      lb_wave_2006 lb_wave_2008 lb_wave_2010 lb_wave_2012 lb_wave_2014 listassi_2004
      listassi_2006 listassi_2008 listassi_2010 listassi_2012 listassi_2014
      mentalstatus_tot_2004 mentalstatus_tot_2006 mentalstatus_tot_2008
      mentalstatus_tot_2010 mentalstatus_tot_2012 mentalstatus_tot_2014 proxy_2004
      proxy_2006 proxy_2008 proxy_2010 proxy_2012 proxy_2014 responded_2004
      responded_2006 responded_2008 responded_2010 responded_2012 responded_2014
      rmaritalst_2004 rmaritalst_2006 rmaritalst_2008 rmaritalst_2010 rmaritalst_2012
      rmaritalst_2014 rpartst_2004 rpartst_2006 rpartst_2008 rpartst_2010
      rpartst_2012 rpartst_2014 score_loneliness_11_2004 score_loneliness_11_2006
      score_loneliness_11_2008 score_loneliness_11_2010 score_loneliness_11_2012
      score_loneliness_11_2014 score_loneliness_3_2004 score_loneliness_3_2006
      score_loneliness_3_2008 score_loneliness_3_2010 score_loneliness_3_2012
      score_loneliness_3_2014 shhidpnr_2004 shhidpnr_2006 shhidpnr_2008 shhidpnr_2010
      shhidpnr_2012 shhidpnr_2014 snchild_2004 snchild_2006 snchild_2008 snchild_2010
      snchild_2012 snchild_2014 snfamily_2004 snfamily_2006 snfamily_2008
      snfamily_2010 snfamily_2012 snfamily_2014 snfriends_2004 snfriends_2006
      snfriends_2008 snfriends_2010 snfriends_2012 snfriends_2014 snspouse_2004
      snspouse_2006 snspouse_2008 snspouse_2010 snspouse_2012 snspouse_2014
      social_contact_total_2004 social_contact_total_2006 social_contact_total_2008
      social_contact_total_2010 social_contact_total_2012 social_contact_total_2014
      social_strain_mean_2004 social_strain_mean_2006 social_strain_mean_2008
      social_strain_mean_2010 social_strain_mean_2012 social_strain_mean_2014
      social_support_mean_2004 social_support_mean_2006 social_support_mean_2008
      social_support_mean_2010 social_support_mean_2012 social_support_mean_2014
      socialnetwork_total_2004 socialnetwork_total_2006 socialnetwork_total_2008
      socialnetwork_total_2010 socialnetwork_total_2012 socialnetwork_total_2014
      srmemory_2004 srmemory_2006 srmemory_2008 srmemory_2010 srmemory_2012
      srmemory_2014 srmemoryp_2004 srmemoryp_2006 srmemoryp_2008 srmemoryp_2010
      srmemoryp_2012 srmemoryp_2014 vocab_total_2004 vocab_total_2006 vocab_total_2008
      vocab_total_2010 vocab_total_2012 vocab_total_2014 wrectotd_2004 wrectotd_2006
      wrectotd_2008 wrectotd_2010 wrectotd_2012 wrectotd_2014 wrectoti_2004
      wrectoti_2006 wrectoti_2008 wrectoti_2010 wrectoti_2012 wrectoti_2014
  	;
  Missing are all(9999);
  USEVARIABLES are
  	!define the variables used in the analysis
  	!estimated time points
  a_01
  a_02
  a_03
  a_04
  a_05
  a_06
  	!modelled time points of process (B)
  b_01
  b_02
  b_03
  b_04
  b_05
  b_06
  	! covariates used in the model
  	;
  SUBPOPULATION are
  	!select a subset of observations
  age_baseline > 64 AND
  memoryproblems_baseline EQ 0
  ;
  CLUSTER = hhid;
  DEFINE:
    ! centre baseline age
  a = age_baseline - 69;
  	! assign variables to the process (A)
  a_01=wrectotd_2004;
  a_02=wrectotd_2006;
  a_03=wrectotd_2008;
  a_04=wrectotd_2010;
  a_05=wrectotd_2012;
  a_06=wrectotd_2014;
  	! assign variables to the process (B)
  b_01=social_support_mean_2004;
  b_02=social_support_mean_2006;
  b_03=social_support_mean_2008;
  b_04=social_support_mean_2010;
  b_05=social_support_mean_2012;
  b_06=social_support_mean_2014;
  ANALYSIS:
  TYPE = COMPLEX RANDOM;
  model=nocovariances;
  COVERAGE=.00;
  H1ITERATIONS = 10000;
  MODEL:
  	!LGM part
  	! assign process (A) to time points
  ia BY a_02@1 a_03@1 a_04@1 a_05@1 a_06@1;
  sa BY a_02@0 a_03@2 a_04@4 a_05@6 a_06@8;
  	! assign process (B) to time points
  ib BY b_02@1 b_03@1 b_04@1 b_05@1 b_06@1;
  sb BY b_02@0 b_03@2 b_04@4 b_05@6 b_06@8;
  	!correlations between the first measurement points
  	!autoregressive part
  a_01 a_02 a_03 a_04 a_05 a_06;
  a_02 ON a_01;
  a_03 ON a_02;
  a_04 ON a_03;
  a_05 ON a_04;
  a_06 ON a_05;
  b_01 b_02 b_03 b_04 b_05 b_06;
  b_02 ON b_01;
  b_03 ON b_02;
  b_04 ON b_03;
  b_05 ON b_04;
  b_06 ON b_05;
  	!Cross lagged part
  a_02 ON b_01;
  a_03 ON b_02;
  a_04 ON b_03;
  a_05 ON b_04;
  a_06 ON b_05;
  b_02 ON a_01;
  b_03 ON a_02;
  b_04 ON a_03;
  b_05 ON a_04;
  b_06 ON a_05;
  ia;
  sa;
  ib;
  sb;
  ia with sa;
  ib with sb;
  ia with a_01;
  sa with a_01;
  ib with b_01;
  sb with b_01;
  ia with ib;
  sa with sb;
  a_01 with b_01;
  ! Time specific correlations
  [a_02@0 a_03@0 a_04@0 a_05@0 a_06@0];
  [b_02@0 b_03@0 b_04@0 b_05@0 b_06@0];
  [ia];
  [ib];
  [sa];
  [sb];
  [a_01];
  [b_01];
  	
  OUTPUT: SAMPSTAT MODINDICES (3.0); TECH1; TECH4;



*** WARNING in OUTPUT command
  TECH4 option for TYPE=RANDOM requires ALGORITHM=INTEGRATION.
  Request for TECH4 is ignored.
   1 WARNING(S) FOUND IN THE INPUT INSTRUCTIONS




9 - Predetermined ALT, no-time-correlations

SUMMARY OF ANALYSIS

Number of groups                                                 1
Number of observations                                        7829

Number of dependent variables                                   10
Number of independent variables                                  2
Number of continuous latent variables                            4

Observed dependent variables

  Continuous
   A_02        A_03        A_04        A_05        A_06        B_02
   B_03        B_04        B_05        B_06

Observed independent variables
   A_01        B_01

Continuous latent variables
   IA          SA          IB          SB

Variables with special functions

  Cluster variable      HHID

Estimator                                                      MLR
Information matrix                                        OBSERVED
Maximum number of iterations                                   100
Convergence criterion                                    0.100D-05
Maximum number of EM iterations                                500
Convergence criteria for the EM algorithm
  Loglikelihood change                                   0.100D-02
  Relative loglikelihood change                          0.100D-05
  Derivative                                             0.100D-03
Minimum variance                                         0.100D-03
Maximum number of steepest descent iterations                   20
Maximum number of iterations for H1                          10000
Convergence criterion for H1                             0.100D-03
Optimization algorithm                                         EMA

Input data file(s)
  wide-dataset-b.dat
Input data format  FREE


SUMMARY OF DATA

     Number of missing data patterns           296
     Number of clusters        6118



SAMPLE STATISTICS


     ESTIMATED SAMPLE STATISTICS


           Means
              A_02          A_03          A_04          A_05          A_06
              ________      ________      ________      ________      ________
 1              3.930         3.791         3.408         3.185         3.002


           Means
              B_02          B_03          B_04          B_05          B_06
              ________      ________      ________      ________      ________
 1              9.567         9.541         9.564         9.571         9.561


           Means
              A_01          B_01
              ________      ________
 1              4.139         9.738


           Covariances
              A_02          A_03          A_04          A_05          A_06
              ________      ________      ________      ________      ________
 A_02           3.889
 A_03           2.005         3.950
 A_04           2.106         2.166         4.180
 A_05           2.009         2.306         2.393         4.346
 A_06           2.132         2.040         2.467         2.567         4.339
 B_02           0.022        -0.029        -0.057        -0.045        -0.078
 B_03           0.105        -0.023         0.118        -0.004         0.007
 B_04           0.037         0.066         0.086         0.021        -0.018
 B_05           0.180         0.099         0.165         0.094         0.053
 B_06           0.063         0.009        -0.010        -0.019        -0.140
 A_01           1.975         1.904         1.836         1.943         1.812
 B_01           0.108         0.058         0.114         0.024         0.038


           Covariances
              B_02          B_03          B_04          B_05          B_06
              ________      ________      ________      ________      ________
 B_02           2.447
 B_03           0.963         2.613
 B_04           1.457         0.742         2.517
 B_05           0.741         1.563         0.808         2.581
 B_06           1.416         0.018         1.484         0.174         2.650
 A_01          -0.070         0.092         0.059         0.140         0.026
 B_01           1.585         1.468         1.527         1.076         1.372


           Covariances
              A_01          B_01
              ________      ________
 A_01           3.610
 B_01           0.050         2.461


           Correlations
              A_02          A_03          A_04          A_05          A_06
              ________      ________      ________      ________      ________
 A_02           1.000
 A_03           0.512         1.000
 A_04           0.522         0.533         1.000
 A_05           0.489         0.556         0.561         1.000
 A_06           0.519         0.493         0.579         0.591         1.000
 B_02           0.007        -0.009        -0.018        -0.014        -0.024
 B_03           0.033        -0.007         0.036        -0.001         0.002
 B_04           0.012         0.021         0.027         0.006        -0.006
 B_05           0.057         0.031         0.050         0.028         0.016
 B_06           0.020         0.003        -0.003        -0.006        -0.041
 A_01           0.527         0.504         0.473         0.491         0.458
 B_01           0.035         0.019         0.036         0.007         0.012


           Correlations
              B_02          B_03          B_04          B_05          B_06
              ________      ________      ________      ________      ________
 B_02           1.000
 B_03           0.381         1.000
 B_04           0.587         0.290         1.000
 B_05           0.295         0.602         0.317         1.000
 B_06           0.556         0.007         0.574         0.067         1.000
 A_01          -0.023         0.030         0.020         0.046         0.008
 B_01           0.646         0.579         0.614         0.427         0.537


           Correlations
              A_01          B_01
              ________      ________
 A_01           1.000
 B_01           0.017         1.000


     MAXIMUM LOG-LIKELIHOOD VALUE FOR THE UNRESTRICTED (H1) MODEL IS -102377.469


UNIVARIATE SAMPLE STATISTICS


     UNIVARIATE HIGHER-ORDER MOMENT DESCRIPTIVE STATISTICS

         Variable/         Mean/     Skewness/   Minimum/ % with                Percentiles
        Sample Size      Variance    Kurtosis    Maximum  Min/Max      20%/60%    40%/80%    Median

     A_02                  3.945      -0.107       0.000    7.03%       2.000      4.000      4.000
            7469.000       3.867      -0.136      10.000    0.31%       5.000      6.000
     A_03                  3.842      -0.148       0.000    8.11%       2.000      4.000      4.000
            7262.000       3.915      -0.305      10.000    0.12%       4.000      5.000
     A_04                  3.575      -0.059       0.000   10.53%       2.000      3.000      4.000
            6227.000       4.045      -0.423      10.000    0.10%       4.000      5.000
     A_05                  3.451      -0.047       0.000   12.33%       2.000      3.000      4.000
            5556.000       4.130      -0.511      10.000    0.11%       4.000      5.000
     A_06                  3.380      -0.016       0.000   12.54%       2.000      3.000      4.000
            4681.000       4.023      -0.489      10.000    0.06%       4.000      5.000
     B_02                  9.564      -0.583       3.000    0.10%       8.250      9.250      9.667
            3862.000       2.435       0.193      12.000    6.03%      10.000     11.000
     B_03                  9.550      -0.639       3.000    0.14%       8.250      9.250      9.667
            3496.000       2.619       0.410      12.000    7.24%      10.000     11.000
     B_04                  9.575      -0.593       3.000    0.03%       8.250      9.333      9.750
            2883.000       2.468       0.071      12.000    6.14%      10.250     11.000
     B_05                  9.607      -0.658       3.000    0.04%       8.333      9.333      9.750
            2404.000       2.542       0.263      12.000    6.78%      10.000     11.000
     B_06                  9.577      -0.604       3.000    0.14%       8.250      9.333      9.750
            2136.000       2.571       0.134      12.000    6.88%      10.250     11.000
     A_01                  4.168      -0.154       0.000    5.23%       3.000      4.000      4.000
            7186.000       3.597       0.011      10.000    0.24%       5.000      6.000
     B_01                  9.771      -0.694       3.333    0.07%       8.500      9.667     10.000
            1347.000       2.438       0.186      12.000    8.17%      10.333     11.250


THE MODEL ESTIMATION TERMINATED NORMALLY

     WARNING:  THE LATENT VARIABLE COVARIANCE MATRIX (PSI) IS NOT POSITIVE
     DEFINITE.  THIS COULD INDICATE A NEGATIVE VARIANCE/RESIDUAL VARIANCE FOR A
     LATENT VARIABLE, A CORRELATION GREATER OR EQUAL TO ONE BETWEEN TWO LATENT
     VARIABLES, OR A LINEAR DEPENDENCY AMONG MORE THAN TWO LATENT VARIABLES.
     CHECK THE TECH4 OUTPUT FOR MORE INFORMATION.



MODEL FIT INFORMATION

Number of Free Parameters                       51

Loglikelihood

          H0 Value                     -102446.676
          H0 Scaling Correction Factor      1.2056
            for MLR
          H1 Value                     -102377.469
          H1 Scaling Correction Factor      1.1192
            for MLR

Information Criteria

          Akaike (AIC)                  204995.352
          Bayesian (BIC)                205350.597
          Sample-Size Adjusted BIC      205188.530
            (n* = (n + 2) / 24)

Chi-Square Test of Model Fit

          Value                            137.558*
          Degrees of Freedom                    39
          P-Value                           0.0000
          Scaling Correction Factor         1.0062
            for MLR

*   The chi-square value for MLM, MLMV, MLR, ULSMV, WLSM and WLSMV cannot be used
    for chi-square difference testing in the regular way.  MLM, MLR and WLSM
    chi-square difference testing is described on the Mplus website.  MLMV, WLSMV,
    and ULSMV difference testing is done using the DIFFTEST option.

RMSEA (Root Mean Square Error Of Approximation)

          Estimate                           0.018

CFI/TLI

          CFI                                0.993
          TLI                                0.989

Chi-Square Test of Model Fit for the Baseline Model

          Value                          14900.737
          Degrees of Freedom                    66
          P-Value                           0.0000

SRMR (Standardized Root Mean Square Residual)

          Value                              0.060



MODEL RESULTS

                                                    Two-Tailed
                    Estimate       S.E.  Est./S.E.    P-Value

 IA       BY
    A_02               1.000      0.000    999.000    999.000
    A_03               1.000      0.000    999.000    999.000
    A_04               1.000      0.000    999.000    999.000
    A_05               1.000      0.000    999.000    999.000
    A_06               1.000      0.000    999.000    999.000

 SA       BY
    A_02               0.000      0.000    999.000    999.000
    A_03               2.000      0.000    999.000    999.000
    A_04               4.000      0.000    999.000    999.000
    A_05               6.000      0.000    999.000    999.000
    A_06               8.000      0.000    999.000    999.000

 IB       BY
    B_02               1.000      0.000    999.000    999.000
    B_03               1.000      0.000    999.000    999.000
    B_04               1.000      0.000    999.000    999.000
    B_05               1.000      0.000    999.000    999.000
    B_06               1.000      0.000    999.000    999.000

 SB       BY
    B_02               0.000      0.000    999.000    999.000
    B_03               2.000      0.000    999.000    999.000
    B_04               4.000      0.000    999.000    999.000
    B_05               6.000      0.000    999.000    999.000
    B_06               8.000      0.000    999.000    999.000

 A_02       ON
    A_01               0.024      0.021      1.148      0.251
    B_01               0.039      0.018      2.167      0.030

 A_03       ON
    A_02              -0.003      0.018     -0.181      0.856
    B_02               0.049      0.015      3.242      0.001

 A_04       ON
    A_03              -0.001      0.015     -0.081      0.936
    B_03               0.023      0.014      1.596      0.110

 A_05       ON
    A_04              -0.015      0.019     -0.775      0.438
    B_04               0.017      0.016      1.071      0.284

 A_06       ON
    A_05              -0.055      0.030     -1.807      0.071
    B_05               0.022      0.018      1.224      0.221

 B_02       ON
    B_01              -0.167      0.129     -1.290      0.197
    A_01              -0.022      0.013     -1.694      0.090

 B_03       ON
    B_02              -0.275      0.112     -2.465      0.014
    A_02               0.014      0.013      1.078      0.281

 B_04       ON
    B_03              -0.365      0.094     -3.888      0.000
    A_03               0.020      0.013      1.497      0.134

 B_05       ON
    B_04              -0.456      0.086     -5.318      0.000
    A_04               0.035      0.014      2.494      0.013

 B_06       ON
    B_05              -0.540      0.088     -6.129      0.000
    A_05               0.020      0.017      1.192      0.233

 IA       WITH
    SA                 0.021      0.014      1.477      0.140
    A_01               1.882      0.077     24.550      0.000
    IB                -0.054      0.039     -1.390      0.164

 IB       WITH
    SB                 0.087      0.037      2.367      0.018
    B_01               1.984      0.297      6.675      0.000

 SA       WITH
    A_01               0.006      0.014      0.444      0.657
    SB                -0.002      0.001     -1.943      0.052

 SB       WITH
    B_01              -0.009      0.037     -0.258      0.796

 A_01     WITH
    B_01               0.029      0.057      0.512      0.609

 Means
    A_01               4.139      0.023    181.317      0.000
    B_01               9.741      0.037    265.279      0.000
    IA                 3.452      0.190     18.194      0.000
    SA                -0.062      0.033     -1.862      0.063
    IB                11.279      1.268      8.896      0.000
    SB                 0.423      0.150      2.819      0.005

 Intercepts
    A_02               0.000      0.000    999.000    999.000
    A_03               0.000      0.000    999.000    999.000
    A_04               0.000      0.000    999.000    999.000
    A_05               0.000      0.000    999.000    999.000
    A_06               0.000      0.000    999.000    999.000
    B_02               0.000      0.000    999.000    999.000
    B_03               0.000      0.000    999.000    999.000
    B_04               0.000      0.000    999.000    999.000
    B_05               0.000      0.000    999.000    999.000
    B_06               0.000      0.000    999.000    999.000

 Variances
    A_01               3.610      0.061     59.236      0.000
    B_01               2.481      0.093     26.559      0.000
    IA                 1.947      0.125     15.569      0.000
    SA                 0.013      0.003      4.904      0.000
    IB                 1.799      0.322      5.595      0.000
    SB                -0.007      0.009     -0.812      0.417

 Residual Variances
    A_02               1.843      0.068     26.981      0.000
    A_03               1.902      0.048     39.222      0.000
    A_04               1.871      0.049     37.795      0.000
    A_05               1.734      0.069     25.096      0.000
    A_06               1.602      0.069     23.333      0.000
    B_02               1.253      0.310      4.040      0.000
    B_03               1.189      0.079     15.017      0.000
    B_04               1.075      0.060     17.784      0.000
    B_05               1.079      0.080     13.465      0.000
    B_06               1.190      0.097     12.203      0.000


QUALITY OF NUMERICAL RESULTS

     Condition Number for the Information Matrix              0.119E-05
       (ratio of smallest to largest eigenvalue)


MODEL MODIFICATION INDICES

NOTE:  Modification indices for direct effects of observed dependent variables
regressed on covariates may not be included.  To include these, request
MODINDICES (ALL).

Minimum M.I. value for printing the modification index     3.000

                                   M.I.     E.P.C.


ON/BY Statements

A_02     ON SA       /
SA       BY A_02                   4.238     1.525
A_03     ON IA       /
IA       BY A_03                   3.388     0.069
A_03     ON SA       /
SA       BY A_03                   8.159    -1.102
A_04     ON IA       /
IA       BY A_04                   4.934    -0.074
A_04     ON SB       /
SB       BY A_04                   5.630    -0.984
A_05     ON SA       /
SA       BY A_05                   5.343     1.938
A_06     ON SA       /
SA       BY A_06                   6.749    -3.260
B_02     ON IB       /
IB       BY B_02                  10.155    -0.655
B_04     ON IB       /
IB       BY B_04                  16.954     0.370
B_05     ON IB       /
IB       BY B_05                   4.117    -0.331
B_05     ON SB       /
SB       BY B_05                  11.891     3.097
B_06     ON IB       /
IB       BY B_06                   3.503    -0.268
B_06     ON SB       /
SB       BY B_06                   7.721    -3.802

ON Statements

IA       ON A_03                   3.674    -0.051
IA       ON A_04                  13.439     0.078
SA       ON A_02                   6.539     0.017
SA       ON A_03                   7.379    -0.008
SA       ON A_05                  13.428     0.029
SA       ON A_06                  12.569    -0.044
IB       ON A_02                   4.321     0.034
IB       ON B_02                  12.355    -0.410
IB       ON B_03                   8.764     0.172
IB       ON B_04                   8.117    -0.133
IB       ON B_05                  12.458     0.124
IB       ON B_06                  12.812    -0.135
SB       ON A_04                   4.375     0.005
SB       ON A_05                   3.030     0.006
SB       ON B_02                  12.499    -0.057
SB       ON B_03                  10.681     0.027
SB       ON B_04                  10.432    -0.030
SB       ON B_05                  12.804     0.035
SB       ON B_06                  12.408    -0.038
A_02     ON A_04                  11.800     0.120
A_02     ON A_05                  22.365    -0.080
A_02     ON A_06                  24.028     0.104
A_02     ON B_02                   3.401     0.056
A_03     ON A_05                  12.957     0.053
A_03     ON A_06                  21.566    -0.069
A_03     ON A_01                   7.865     0.060
A_04     ON B_02                   3.247    -0.037
A_04     ON B_05                   9.770    -0.088
A_04     ON A_01                  13.059    -0.049
A_05     ON A_02                  12.322    -0.048
A_05     ON A_03                  21.388     0.069
A_05     ON A_01                   3.919     0.028
A_06     ON A_02                  33.156     0.144
A_06     ON A_03                  43.129    -0.121
B_02     ON B_02                  10.136    -0.654
B_02     ON B_04                   4.347    -0.373
B_02     ON B_05                   8.983    -0.405
B_02     ON B_06                   6.140    -0.294
B_03     ON B_04                   7.007    -0.209
B_03     ON B_05                  15.990     0.229
B_03     ON B_06                   5.748    -0.181
B_03     ON B_01                   9.857    -0.266
B_04     ON A_04                   3.713     0.027
B_04     ON B_02                  12.604     0.373
B_04     ON B_04                   9.120     0.236
B_04     ON B_05                   9.249     0.222
B_04     ON B_06                  16.286    -0.596
B_04     ON B_01                  19.203     0.248
B_05     ON A_05                   3.607     0.031
B_05     ON B_02                  14.524    -0.881
B_05     ON B_03                   8.937     0.139
B_05     ON B_05                   5.194     0.490
B_05     ON B_06                  13.911     0.981
B_05     ON B_01                   7.030    -0.167
B_06     ON B_02                   9.410    -0.295
B_06     ON B_04                  10.632    -0.195
B_06     ON B_06                  11.455    -0.391
A_01     ON A_03                   3.822     0.053
A_01     ON A_04                  12.329    -0.061
A_01     ON A_05                   4.432     0.042
B_01     ON B_02                   7.610     0.498
B_01     ON B_03                   8.227    -0.201
B_01     ON B_04                  10.958     0.159
B_01     ON B_05                  18.906    -0.201
B_01     ON B_06                  15.564     0.194

WITH Statements

A_02     WITH SA                   6.399     0.030
A_03     WITH IA                   3.703    -0.098
A_03     WITH SA                   7.321    -0.015
A_03     WITH IB                   8.147    -0.100
A_03     WITH A_02                 3.686    -0.129
A_04     WITH IA                  13.652     0.146
A_04     WITH A_02                 6.725     0.126
A_04     WITH A_03                 4.160     0.124
A_05     WITH SA                  13.876     0.052
A_05     WITH A_02                30.692    -0.189
A_05     WITH A_03                28.648     0.208
A_06     WITH SA                  12.091    -0.074
A_06     WITH A_02                44.794     0.349
A_06     WITH A_03                48.042    -0.266
A_06     WITH A_04                 4.729     0.147
B_02     WITH IB                  11.065    -0.494
B_02     WITH SB                  10.860    -0.067
B_02     WITH A_02                 3.195     0.061
B_03     WITH IB                   7.428     0.217
B_03     WITH SB                  10.375     0.037
B_03     WITH A_03                 3.035    -0.065
B_04     WITH IB                   7.132    -0.188
B_04     WITH SB                  10.004    -0.053
B_04     WITH A_02                 3.250    -0.062
B_04     WITH A_04                 4.460     0.073
B_04     WITH B_03                10.915    -0.408
B_05     WITH IB                  12.897     0.205
B_05     WITH SB                  11.884     0.068
B_05     WITH B_02                 4.187    -0.542
B_05     WITH B_03                11.784     0.221
B_05     WITH B_04                12.629     0.705
B_06     WITH IB                  14.516    -0.394
B_06     WITH SB                  12.761    -0.119
B_06     WITH B_02                10.710    -0.728
B_06     WITH B_03                 5.953     0.686
B_06     WITH B_04                11.118    -0.367
A_01     WITH A_03                 3.795     0.100
A_01     WITH A_04                12.253    -0.115
A_01     WITH A_05                 4.367     0.072
B_01     WITH B_02                 8.850     0.719
B_01     WITH B_03                 7.240    -0.239
B_01     WITH B_04                10.556     0.210
B_01     WITH B_05                14.713    -0.250
B_01     WITH B_06                 8.076     0.304

Means/Intercepts/Thresholds

[ A_03     ]                       7.575     0.465
[ A_04     ]                       5.541    -0.387


TECHNICAL 1 OUTPUT


     PARAMETER SPECIFICATION


           NU
              A_02          A_03          A_04          A_05          A_06
              ________      ________      ________      ________      ________
 1                  0             0             0             0             0


           NU
              B_02          B_03          B_04          B_05          B_06
              ________      ________      ________      ________      ________
 1                  0             0             0             0             0


           NU
              A_01          B_01
              ________      ________
 1                  0             0


           LAMBDA
              IA            SA            IB            SB            A_02
              ________      ________      ________      ________      ________
 A_02               0             0             0             0             0
 A_03               0             0             0             0             0
 A_04               0             0             0             0             0
 A_05               0             0             0             0             0
 A_06               0             0             0             0             0
 B_02               0             0             0             0             0
 B_03               0             0             0             0             0
 B_04               0             0             0             0             0
 B_05               0             0             0             0             0
 B_06               0             0             0             0             0
 A_01               0             0             0             0             0
 B_01               0             0             0             0             0


           LAMBDA
              A_03          A_04          A_05          A_06          B_02
              ________      ________      ________      ________      ________
 A_02               0             0             0             0             0
 A_03               0             0             0             0             0
 A_04               0             0             0             0             0
 A_05               0             0             0             0             0
 A_06               0             0             0             0             0
 B_02               0             0             0             0             0
 B_03               0             0             0             0             0
 B_04               0             0             0             0             0
 B_05               0             0             0             0             0
 B_06               0             0             0             0             0
 A_01               0             0             0             0             0
 B_01               0             0             0             0             0


           LAMBDA
              B_03          B_04          B_05          B_06          A_01
              ________      ________      ________      ________      ________
 A_02               0             0             0             0             0
 A_03               0             0             0             0             0
 A_04               0             0             0             0             0
 A_05               0             0             0             0             0
 A_06               0             0             0             0             0
 B_02               0             0             0             0             0
 B_03               0             0             0             0             0
 B_04               0             0             0             0             0
 B_05               0             0             0             0             0
 B_06               0             0             0             0             0
 A_01               0             0             0             0             0
 B_01               0             0             0             0             0


           LAMBDA
              B_01
              ________
 A_02               0
 A_03               0
 A_04               0
 A_05               0
 A_06               0
 B_02               0
 B_03               0
 B_04               0
 B_05               0
 B_06               0
 A_01               0
 B_01               0


           THETA
              A_02          A_03          A_04          A_05          A_06
              ________      ________      ________      ________      ________
 A_02               0
 A_03               0             0
 A_04               0             0             0
 A_05               0             0             0             0
 A_06               0             0             0             0             0
 B_02               0             0             0             0             0
 B_03               0             0             0             0             0
 B_04               0             0             0             0             0
 B_05               0             0             0             0             0
 B_06               0             0             0             0             0
 A_01               0             0             0             0             0
 B_01               0             0             0             0             0


           THETA
              B_02          B_03          B_04          B_05          B_06
              ________      ________      ________      ________      ________
 B_02               0
 B_03               0             0
 B_04               0             0             0
 B_05               0             0             0             0
 B_06               0             0             0             0             0
 A_01               0             0             0             0             0
 B_01               0             0             0             0             0


           THETA
              A_01          B_01
              ________      ________
 A_01               0
 B_01               0             0


           ALPHA
              IA            SA            IB            SB            A_02
              ________      ________      ________      ________      ________
 1                  1             2             3             4             0


           ALPHA
              A_03          A_04          A_05          A_06          B_02
              ________      ________      ________      ________      ________
 1                  0             0             0             0             0


           ALPHA
              B_03          B_04          B_05          B_06          A_01
              ________      ________      ________      ________      ________
 1                  0             0             0             0             5


           ALPHA
              B_01
              ________
 1                  6


           BETA
              IA            SA            IB            SB            A_02
              ________      ________      ________      ________      ________
 IA                 0             0             0             0             0
 SA                 0             0             0             0             0
 IB                 0             0             0             0             0
 SB                 0             0             0             0             0
 A_02               0             0             0             0             0
 A_03               0             0             0             0             9
 A_04               0             0             0             0             0
 A_05               0             0             0             0             0
 A_06               0             0             0             0             0
 B_02               0             0             0             0             0
 B_03               0             0             0             0            19
 B_04               0             0             0             0             0
 B_05               0             0             0             0             0
 B_06               0             0             0             0             0
 A_01               0             0             0             0             0
 B_01               0             0             0             0             0


           BETA
              A_03          A_04          A_05          A_06          B_02
              ________      ________      ________      ________      ________
 IA                 0             0             0             0             0
 SA                 0             0             0             0             0
 IB                 0             0             0             0             0
 SB                 0             0             0             0             0
 A_02               0             0             0             0             0
 A_03               0             0             0             0            10
 A_04              11             0             0             0             0
 A_05               0            13             0             0             0
 A_06               0             0            15             0             0
 B_02               0             0             0             0             0
 B_03               0             0             0             0            20
 B_04              21             0             0             0             0
 B_05               0            23             0             0             0
 B_06               0             0            25             0             0
 A_01               0             0             0             0             0
 B_01               0             0             0             0             0


           BETA
              B_03          B_04          B_05          B_06          A_01
              ________      ________      ________      ________      ________
 IA                 0             0             0             0             0
 SA                 0             0             0             0             0
 IB                 0             0             0             0             0
 SB                 0             0             0             0             0
 A_02               0             0             0             0             7
 A_03               0             0             0             0             0
 A_04              12             0             0             0             0
 A_05               0            14             0             0             0
 A_06               0             0            16             0             0
 B_02               0             0             0             0            17
 B_03               0             0             0             0             0
 B_04              22             0             0             0             0
 B_05               0            24             0             0             0
 B_06               0             0            26             0             0
 A_01               0             0             0             0             0
 B_01               0             0             0             0             0


           BETA
              B_01
              ________
 IA                 0
 SA                 0
 IB                 0
 SB                 0
 A_02               8
 A_03               0
 A_04               0
 A_05               0
 A_06               0
 B_02              18
 B_03               0
 B_04               0
 B_05               0
 B_06               0
 A_01               0
 B_01               0


           PSI
              IA            SA            IB            SB            A_02
              ________      ________      ________      ________      ________
 IA                27
 SA                28            29
 IB                30             0            31
 SB                 0            32            33            34
 A_02               0             0             0             0            35
 A_03               0             0             0             0             0
 A_04               0             0             0             0             0
 A_05               0             0             0             0             0
 A_06               0             0             0             0             0
 B_02               0             0             0             0             0
 B_03               0             0             0             0             0
 B_04               0             0             0             0             0
 B_05               0             0             0             0             0
 B_06               0             0             0             0             0
 A_01              45            46             0             0             0
 B_01               0             0            48            49             0


           PSI
              A_03          A_04          A_05          A_06          B_02
              ________      ________      ________      ________      ________
 A_03              36
 A_04               0            37
 A_05               0             0            38
 A_06               0             0             0            39
 B_02               0             0             0             0            40
 B_03               0             0             0             0             0
 B_04               0             0             0             0             0
 B_05               0             0             0             0             0
 B_06               0             0             0             0             0
 A_01               0             0             0             0             0
 B_01               0             0             0             0             0


           PSI
              B_03          B_04          B_05          B_06          A_01
              ________      ________      ________      ________      ________
 B_03              41
 B_04               0            42
 B_05               0             0            43
 B_06               0             0             0            44
 A_01               0             0             0             0            47
 B_01               0             0             0             0            50


           PSI
              B_01
              ________
 B_01              51


     STARTING VALUES


           NU
              A_02          A_03          A_04          A_05          A_06
              ________      ________      ________      ________      ________
 1              0.000         0.000         0.000         0.000         0.000


           NU
              B_02          B_03          B_04          B_05          B_06
              ________      ________      ________      ________      ________
 1              0.000         0.000         0.000         0.000         0.000


           NU
              A_01          B_01
              ________      ________
 1              0.000         0.000


           LAMBDA
              IA            SA            IB            SB            A_02
              ________      ________      ________      ________      ________
 A_02           0.000         0.000         0.000         0.000         1.000
 A_03           0.000         0.000         0.000         0.000         0.000
 A_04           0.000         0.000         0.000         0.000         0.000
 A_05           0.000         0.000         0.000         0.000         0.000
 A_06           0.000         0.000         0.000         0.000         0.000
 B_02           0.000         0.000         0.000         0.000         0.000
 B_03           0.000         0.000         0.000         0.000         0.000
 B_04           0.000         0.000         0.000         0.000         0.000
 B_05           0.000         0.000         0.000         0.000         0.000
 B_06           0.000         0.000         0.000         0.000         0.000
 A_01           0.000         0.000         0.000         0.000         0.000
 B_01           0.000         0.000         0.000         0.000         0.000


           LAMBDA
              A_03          A_04          A_05          A_06          B_02
              ________      ________      ________      ________      ________
 A_02           0.000         0.000         0.000         0.000         0.000
 A_03           1.000         0.000         0.000         0.000         0.000
 A_04           0.000         1.000         0.000         0.000         0.000
 A_05           0.000         0.000         1.000         0.000         0.000
 A_06           0.000         0.000         0.000         1.000         0.000
 B_02           0.000         0.000         0.000         0.000         1.000
 B_03           0.000         0.000         0.000         0.000         0.000
 B_04           0.000         0.000         0.000         0.000         0.000
 B_05           0.000         0.000         0.000         0.000         0.000
 B_06           0.000         0.000         0.000         0.000         0.000
 A_01           0.000         0.000         0.000         0.000         0.000
 B_01           0.000         0.000         0.000         0.000         0.000


           LAMBDA
              B_03          B_04          B_05          B_06          A_01
              ________      ________      ________      ________      ________
 A_02           0.000         0.000         0.000         0.000         0.000
 A_03           0.000         0.000         0.000         0.000         0.000
 A_04           0.000         0.000         0.000         0.000         0.000
 A_05           0.000         0.000         0.000         0.000         0.000
 A_06           0.000         0.000         0.000         0.000         0.000
 B_02           0.000         0.000         0.000         0.000         0.000
 B_03           1.000         0.000         0.000         0.000         0.000
 B_04           0.000         1.000         0.000         0.000         0.000
 B_05           0.000         0.000         1.000         0.000         0.000
 B_06           0.000         0.000         0.000         1.000         0.000
 A_01           0.000         0.000         0.000         0.000         1.000
 B_01           0.000         0.000         0.000         0.000         0.000


           LAMBDA
              B_01
              ________
 A_02           0.000
 A_03           0.000
 A_04           0.000
 A_05           0.000
 A_06           0.000
 B_02           0.000
 B_03           0.000
 B_04           0.000
 B_05           0.000
 B_06           0.000
 A_01           0.000
 B_01           1.000


           THETA
              A_02          A_03          A_04          A_05          A_06
              ________      ________      ________      ________      ________
 A_02           0.000
 A_03           0.000         0.000
 A_04           0.000         0.000         0.000
 A_05           0.000         0.000         0.000         0.000
 A_06           0.000         0.000         0.000         0.000         0.000
 B_02           0.000         0.000         0.000         0.000         0.000
 B_03           0.000         0.000         0.000         0.000         0.000
 B_04           0.000         0.000         0.000         0.000         0.000
 B_05           0.000         0.000         0.000         0.000         0.000
 B_06           0.000         0.000         0.000         0.000         0.000
 A_01           0.000         0.000         0.000         0.000         0.000
 B_01           0.000         0.000         0.000         0.000         0.000


           THETA
              B_02          B_03          B_04          B_05          B_06
              ________      ________      ________      ________      ________
 B_02           0.000
 B_03           0.000         0.000
 B_04           0.000         0.000         0.000
 B_05           0.000         0.000         0.000         0.000
 B_06           0.000         0.000         0.000         0.000         0.000
 A_01           0.000         0.000         0.000         0.000         0.000
 B_01           0.000         0.000         0.000         0.000         0.000


           THETA
              A_01          B_01
              ________      ________
 A_01           0.000
 B_01           0.000         0.000


           ALPHA
              IA            SA            IB            SB            A_02
              ________      ________      ________      ________      ________
 1              0.000         0.000         0.000         0.000         0.000


           ALPHA
              A_03          A_04          A_05          A_06          B_02
              ________      ________      ________      ________      ________
 1              0.000         0.000         0.000         0.000         0.000


           ALPHA
              B_03          B_04          B_05          B_06          A_01
              ________      ________      ________      ________      ________
 1              0.000         0.000         0.000         0.000         0.000


           ALPHA
              B_01
              ________
 1              0.000


           BETA
              IA            SA            IB            SB            A_02
              ________      ________      ________      ________      ________
 IA             0.000         0.000         0.000         0.000         0.000
 SA             0.000         0.000         0.000         0.000         0.000
 IB             0.000         0.000         0.000         0.000         0.000
 SB             0.000         0.000         0.000         0.000         0.000
 A_02           1.000         0.000         0.000         0.000         0.000
 A_03           1.000         2.000         0.000         0.000         0.000
 A_04           1.000         4.000         0.000         0.000         0.000
 A_05           1.000         6.000         0.000         0.000         0.000
 A_06           1.000         8.000         0.000         0.000         0.000
 B_02           0.000         0.000         1.000         0.000         0.000
 B_03           0.000         0.000         1.000         2.000         0.000
 B_04           0.000         0.000         1.000         4.000         0.000
 B_05           0.000         0.000         1.000         6.000         0.000
 B_06           0.000         0.000         1.000         8.000         0.000
 A_01           0.000         0.000         0.000         0.000         0.000
 B_01           0.000         0.000         0.000         0.000         0.000


           BETA
              A_03          A_04          A_05          A_06          B_02
              ________      ________      ________      ________      ________
 IA             0.000         0.000         0.000         0.000         0.000
 SA             0.000         0.000         0.000         0.000         0.000
 IB             0.000         0.000         0.000         0.000         0.000
 SB             0.000         0.000         0.000         0.000         0.000
 A_02           0.000         0.000         0.000         0.000         0.000
 A_03           0.000         0.000         0.000         0.000         0.000
 A_04           0.000         0.000         0.000         0.000         0.000
 A_05           0.000         0.000         0.000         0.000         0.000
 A_06           0.000         0.000         0.000         0.000         0.000
 B_02           0.000         0.000         0.000         0.000         0.000
 B_03           0.000         0.000         0.000         0.000         0.000
 B_04           0.000         0.000         0.000         0.000         0.000
 B_05           0.000         0.000         0.000         0.000         0.000
 B_06           0.000         0.000         0.000         0.000         0.000
 A_01           0.000         0.000         0.000         0.000         0.000
 B_01           0.000         0.000         0.000         0.000         0.000


           BETA
              B_03          B_04          B_05          B_06          A_01
              ________      ________      ________      ________      ________
 IA             0.000         0.000         0.000         0.000         0.000
 SA             0.000         0.000         0.000         0.000         0.000
 IB             0.000         0.000         0.000         0.000         0.000
 SB             0.000         0.000         0.000         0.000         0.000
 A_02           0.000         0.000         0.000         0.000         0.000
 A_03           0.000         0.000         0.000         0.000         0.000
 A_04           0.000         0.000         0.000         0.000         0.000
 A_05           0.000         0.000         0.000         0.000         0.000
 A_06           0.000         0.000         0.000         0.000         0.000
 B_02           0.000         0.000         0.000         0.000         0.000
 B_03           0.000         0.000         0.000         0.000         0.000
 B_04           0.000         0.000         0.000         0.000         0.000
 B_05           0.000         0.000         0.000         0.000         0.000
 B_06           0.000         0.000         0.000         0.000         0.000
 A_01           0.000         0.000         0.000         0.000         0.000
 B_01           0.000         0.000         0.000         0.000         0.000


           BETA
              B_01
              ________
 IA             0.000
 SA             0.000
 IB             0.000
 SB             0.000
 A_02           0.000
 A_03           0.000
 A_04           0.000
 A_05           0.000
 A_06           0.000
 B_02           0.000
 B_03           0.000
 B_04           0.000
 B_05           0.000
 B_06           0.000
 A_01           0.000
 B_01           0.000


           PSI
              IA            SA            IB            SB            A_02
              ________      ________      ________      ________      ________
 IA             0.050
 SA             0.000         0.050
 IB             0.000         0.000         0.050
 SB             0.000         0.000         0.000         0.050
 A_02           0.000         0.000         0.000         0.000         1.933
 A_03           0.000         0.000         0.000         0.000         0.000
 A_04           0.000         0.000         0.000         0.000         0.000
 A_05           0.000         0.000         0.000         0.000         0.000
 A_06           0.000         0.000         0.000         0.000         0.000
 B_02           0.000         0.000         0.000         0.000         0.000
 B_03           0.000         0.000         0.000         0.000         0.000
 B_04           0.000         0.000         0.000         0.000         0.000
 B_05           0.000         0.000         0.000         0.000         0.000
 B_06           0.000         0.000         0.000         0.000         0.000
 A_01           0.000         0.000         0.000         0.000         0.000
 B_01           0.000         0.000         0.000         0.000         0.000


           PSI
              A_03          A_04          A_05          A_06          B_02
              ________      ________      ________      ________      ________
 A_03           1.957
 A_04           0.000         2.022
 A_05           0.000         0.000         2.065
 A_06           0.000         0.000         0.000         2.012
 B_02           0.000         0.000         0.000         0.000         1.218
 B_03           0.000         0.000         0.000         0.000         0.000
 B_04           0.000         0.000         0.000         0.000         0.000
 B_05           0.000         0.000         0.000         0.000         0.000
 B_06           0.000         0.000         0.000         0.000         0.000
 A_01           0.000         0.000         0.000         0.000         0.000
 B_01           0.000         0.000         0.000         0.000         0.000


           PSI
              B_03          B_04          B_05          B_06          A_01
              ________      ________      ________      ________      ________
 B_03           1.309
 B_04           0.000         1.234
 B_05           0.000         0.000         1.271
 B_06           0.000         0.000         0.000         1.286
 A_01           0.000         0.000         0.000         0.000         1.799
 B_01           0.000         0.000         0.000         0.000         0.000


           PSI
              B_01
              ________
 B_01           1.219


     Beginning Time:  16:16:58
        Ending Time:  16:38:32
       Elapsed Time:  00:21:34



MUTHEN & MUTHEN
3463 Stoner Ave.
Los Angeles, CA  90066

Tel: (310) 391-9971
Fax: (310) 391-8971
Web: www.StatModel.com
Support: Support@StatModel.com

Copyright (c) 1998-2015 Muthen & Muthen
