Mplus VERSION 7.4 (Mac)
MUTHEN & MUTHEN
12/03/2017   5:03 PM

INPUT INSTRUCTIONS

  TITLE:
  13 - Predetermined ALT-9 social and cognitive constrained
  DATA:
  File = wide-dataset-b.dat;
  VARIABLE:
  NAMES are
   id hhid male birthyr_rand birthmo_rand race_rand hispanic_rand cohort
      raedyrs raedegrm memoryproblems_baseline memory_disease_ever age_baseline
      age_baseline_65 health_conditions_baseline healthcond_mean activity_mean_2004
      activity_mean_2006 activity_mean_2008 activity_mean_2010 activity_mean_2012
      activity_mean_2014 activity_sum_2004 activity_sum_2006 activity_sum_2008
      activity_sum_2010 activity_sum_2012 activity_sum_2014 close_social_network_2004
      close_social_network_2006 close_social_network_2008 close_social_network_2010
      close_social_network_2012 close_social_network_2014 countb20r_2004
      countb20r_2006 countb20r_2008 countb20r_2010 countb20r_2012 countb20r_2014
      crp_adj_2004 crp_adj_2006 crp_adj_2008 crp_adj_2010 crp_adj_2012 crp_adj_2014
      dep_total_2004 dep_total_2006 dep_total_2008 dep_total_2010 dep_total_2012
      dep_total_2014 exercise_2004 exercise_2006 exercise_2008 exercise_2010
      exercise_2012 exercise_2014 healthcond_2004 healthcond_2006 healthcond_2008
      healthcond_2010 healthcond_2012 healthcond_2014 hhres_2004 hhres_2006
      hhres_2008 hhres_2010 hhres_2012 hhres_2014 hrs_tscore_2004 hrs_tscore_2006
      hrs_tscore_2008 hrs_tscore_2010 hrs_tscore_2012 hrs_tscore_2014 intage_r_2004
      intage_r_2006 intage_r_2008 intage_r_2010 intage_r_2012 intage_r_2014
      interview_date_2004 interview_date_2006 interview_date_2008 interview_date_2010
      interview_date_2012 interview_date_2014 lb_65_wave_2004 lb_65_wave_2006
      lb_65_wave_2008 lb_65_wave_2010 lb_65_wave_2012 lb_65_wave_2014 lb_wave_2004
      lb_wave_2006 lb_wave_2008 lb_wave_2010 lb_wave_2012 lb_wave_2014 listassi_2004
      listassi_2006 listassi_2008 listassi_2010 listassi_2012 listassi_2014
      mentalstatus_tot_2004 mentalstatus_tot_2006 mentalstatus_tot_2008
      mentalstatus_tot_2010 mentalstatus_tot_2012 mentalstatus_tot_2014 proxy_2004
      proxy_2006 proxy_2008 proxy_2010 proxy_2012 proxy_2014 responded_2004
      responded_2006 responded_2008 responded_2010 responded_2012 responded_2014
      rmaritalst_2004 rmaritalst_2006 rmaritalst_2008 rmaritalst_2010 rmaritalst_2012
      rmaritalst_2014 rpartst_2004 rpartst_2006 rpartst_2008 rpartst_2010
      rpartst_2012 rpartst_2014 score_loneliness_11_2004 score_loneliness_11_2006
      score_loneliness_11_2008 score_loneliness_11_2010 score_loneliness_11_2012
      score_loneliness_11_2014 score_loneliness_3_2004 score_loneliness_3_2006
      score_loneliness_3_2008 score_loneliness_3_2010 score_loneliness_3_2012
      score_loneliness_3_2014 shhidpnr_2004 shhidpnr_2006 shhidpnr_2008 shhidpnr_2010
      shhidpnr_2012 shhidpnr_2014 snchild_2004 snchild_2006 snchild_2008 snchild_2010
      snchild_2012 snchild_2014 snfamily_2004 snfamily_2006 snfamily_2008
      snfamily_2010 snfamily_2012 snfamily_2014 snfriends_2004 snfriends_2006
      snfriends_2008 snfriends_2010 snfriends_2012 snfriends_2014 snspouse_2004
      snspouse_2006 snspouse_2008 snspouse_2010 snspouse_2012 snspouse_2014
      social_contact_total_2004 social_contact_total_2006 social_contact_total_2008
      social_contact_total_2010 social_contact_total_2012 social_contact_total_2014
      social_strain_mean_2004 social_strain_mean_2006 social_strain_mean_2008
      social_strain_mean_2010 social_strain_mean_2012 social_strain_mean_2014
      social_support_mean_2004 social_support_mean_2006 social_support_mean_2008
      social_support_mean_2010 social_support_mean_2012 social_support_mean_2014
      socialnetwork_total_2004 socialnetwork_total_2006 socialnetwork_total_2008
      socialnetwork_total_2010 socialnetwork_total_2012 socialnetwork_total_2014
      srmemory_2004 srmemory_2006 srmemory_2008 srmemory_2010 srmemory_2012
      srmemory_2014 srmemoryp_2004 srmemoryp_2006 srmemoryp_2008 srmemoryp_2010
      srmemoryp_2012 srmemoryp_2014 vocab_total_2004 vocab_total_2006 vocab_total_2008
      vocab_total_2010 vocab_total_2012 vocab_total_2014 wrectotd_2004 wrectotd_2006
      wrectotd_2008 wrectotd_2010 wrectotd_2012 wrectotd_2014 wrectoti_2004
      wrectoti_2006 wrectoti_2008 wrectoti_2010 wrectoti_2012 wrectoti_2014
  	;
  Missing are all(9999);
  USEVARIABLES are
  	!define the variables used in the analysis
  	!estimated time points
  a_01
  a_02
  a_03
  a_04
  a_05
  a_06
  	!modelled time points of process (B)
  b_01
  b_02
  b_03
  b_04
  b_05
  b_06
  	! covariates used in the model
  	;
  SUBPOPULATION are
  	!select a subset of observations
  age_baseline > 64 AND
  memoryproblems_baseline EQ 0
  ;
  CLUSTER = hhid;
  DEFINE:
    ! centre baseline age
  a = age_baseline - 69;
  	! assign variables to the process (A)
  a_01=wrectotd_2004;
  a_02=wrectotd_2006;
  a_03=wrectotd_2008;
  a_04=wrectotd_2010;
  a_05=wrectotd_2012;
  a_06=wrectotd_2014;
  	! assign variables to the process (B)
  b_01=social_support_mean_2004;
  b_02=social_support_mean_2006;
  b_03=social_support_mean_2008;
  b_04=social_support_mean_2010;
  b_05=social_support_mean_2012;
  b_06=social_support_mean_2014;
  ANALYSIS:
  TYPE = COMPLEX RANDOM;
  model=nocovariances;
  COVERAGE=.00;
  H1ITERATIONS = 10000;
  MODEL:
  	!LGM part
  	! assign process (A) to time points
  ia BY a_02@1 a_03@1 a_04@1 a_05@1 a_06@1;
  sa BY a_02@1 a_03@2 a_04@3 a_05@4 a_06@5;
  	! assign process (B) to time points
  ib BY b_02@1 b_03@1 b_04@1 b_05@1 b_06@1;
  sb BY b_02@1 b_03@2 b_04@3 b_05@4 b_06@5;
  	!correlations between the first measurement points
  	!autoregressive part
  a_01 a_02 a_03 a_04 a_05 a_06;
  a_02 ON a_01(1);
  a_03 ON a_02(1);
  a_04 ON a_03(1);
  a_05 ON a_04(1);
  a_06 ON a_05(1);
  b_01 b_02 b_03 b_04 b_05 b_06;
  b_02 ON b_01(2);
  b_03 ON b_02(2);
  b_04 ON b_03(2);
  b_05 ON b_04(2);
  b_06 ON b_05(2);
  	!Cross lagged part
  a_02 ON b_01;
  a_03 ON b_02;
  a_04 ON b_03;
  a_05 ON b_04;
  a_06 ON b_05;
  b_02 ON a_01;
  b_03 ON a_02;
  b_04 ON a_03;
  b_05 ON a_04;
  b_06 ON a_05;
  ia;
  sa;
  ib;
  !sb;
  ia with sa;
  !ib with sb;
  ia with a_01;
  sa with a_01;
  ib with b_01;
  sb with b_01;
  ia with ib;
  sa with sb;
  ! Time specific correlations
  !b_02 WITH a_02(1);
  !b_04 WITH a_04(1);
  !b_05 WITH a_05(1);
  !b_06 WITH a_06(1);
  [a_02@0 a_03@0 a_04@0 a_05@0 a_06@0];
  [b_02@0 b_03@0 b_04@0 b_05@0 b_06@0];
  [ia];
  [ib];
  [sa];
  [sb];
  [a_01];
  [b_01];
  	
  OUTPUT: SAMPSTAT MODINDICES (3.0); TECH1; TECH4;



*** WARNING in OUTPUT command
  TECH4 option for TYPE=RANDOM requires ALGORITHM=INTEGRATION.
  Request for TECH4 is ignored.
   1 WARNING(S) FOUND IN THE INPUT INSTRUCTIONS




13 - Predetermined ALT-9 social and cognitive constrained

SUMMARY OF ANALYSIS

Number of groups                                                 1
Number of observations                                        7829

Number of dependent variables                                   10
Number of independent variables                                  2
Number of continuous latent variables                            4

Observed dependent variables

  Continuous
   A_02        A_03        A_04        A_05        A_06        B_02
   B_03        B_04        B_05        B_06

Observed independent variables
   A_01        B_01

Continuous latent variables
   IA          SA          IB          SB

Variables with special functions

  Cluster variable      HHID

Estimator                                                      MLR
Information matrix                                        OBSERVED
Maximum number of iterations                                   100
Convergence criterion                                    0.100D-05
Maximum number of EM iterations                                500
Convergence criteria for the EM algorithm
  Loglikelihood change                                   0.100D-02
  Relative loglikelihood change                          0.100D-05
  Derivative                                             0.100D-03
Minimum variance                                         0.100D-03
Maximum number of steepest descent iterations                   20
Maximum number of iterations for H1                          10000
Convergence criterion for H1                             0.100D-03
Optimization algorithm                                         EMA

Input data file(s)
  wide-dataset-b.dat
Input data format  FREE


SUMMARY OF DATA

     Number of missing data patterns           296
     Number of clusters        6118



SAMPLE STATISTICS


     ESTIMATED SAMPLE STATISTICS


           Means
              A_02          A_03          A_04          A_05          A_06
              ________      ________      ________      ________      ________
 1              3.930         3.791         3.408         3.185         3.002


           Means
              B_02          B_03          B_04          B_05          B_06
              ________      ________      ________      ________      ________
 1              9.567         9.541         9.564         9.571         9.561


           Means
              A_01          B_01
              ________      ________
 1              4.139         9.738


           Covariances
              A_02          A_03          A_04          A_05          A_06
              ________      ________      ________      ________      ________
 A_02           3.889
 A_03           2.005         3.950
 A_04           2.106         2.166         4.180
 A_05           2.009         2.306         2.393         4.346
 A_06           2.132         2.040         2.467         2.567         4.339
 B_02           0.022        -0.029        -0.057        -0.045        -0.078
 B_03           0.105        -0.023         0.118        -0.004         0.007
 B_04           0.037         0.066         0.086         0.021        -0.018
 B_05           0.180         0.099         0.165         0.094         0.053
 B_06           0.063         0.009        -0.010        -0.019        -0.140
 A_01           1.975         1.904         1.836         1.943         1.812
 B_01           0.108         0.058         0.114         0.024         0.038


           Covariances
              B_02          B_03          B_04          B_05          B_06
              ________      ________      ________      ________      ________
 B_02           2.447
 B_03           0.963         2.613
 B_04           1.457         0.742         2.517
 B_05           0.741         1.563         0.808         2.581
 B_06           1.416         0.018         1.484         0.174         2.650
 A_01          -0.070         0.092         0.059         0.140         0.026
 B_01           1.585         1.468         1.527         1.076         1.372


           Covariances
              A_01          B_01
              ________      ________
 A_01           3.610
 B_01           0.050         2.461


           Correlations
              A_02          A_03          A_04          A_05          A_06
              ________      ________      ________      ________      ________
 A_02           1.000
 A_03           0.512         1.000
 A_04           0.522         0.533         1.000
 A_05           0.489         0.556         0.561         1.000
 A_06           0.519         0.493         0.579         0.591         1.000
 B_02           0.007        -0.009        -0.018        -0.014        -0.024
 B_03           0.033        -0.007         0.036        -0.001         0.002
 B_04           0.012         0.021         0.027         0.006        -0.006
 B_05           0.057         0.031         0.050         0.028         0.016
 B_06           0.020         0.003        -0.003        -0.006        -0.041
 A_01           0.527         0.504         0.473         0.491         0.458
 B_01           0.035         0.019         0.036         0.007         0.012


           Correlations
              B_02          B_03          B_04          B_05          B_06
              ________      ________      ________      ________      ________
 B_02           1.000
 B_03           0.381         1.000
 B_04           0.587         0.290         1.000
 B_05           0.295         0.602         0.317         1.000
 B_06           0.556         0.007         0.574         0.067         1.000
 A_01          -0.023         0.030         0.020         0.046         0.008
 B_01           0.646         0.579         0.614         0.427         0.537


           Correlations
              A_01          B_01
              ________      ________
 A_01           1.000
 B_01           0.017         1.000


     MAXIMUM LOG-LIKELIHOOD VALUE FOR THE UNRESTRICTED (H1) MODEL IS -102377.469


UNIVARIATE SAMPLE STATISTICS


     UNIVARIATE HIGHER-ORDER MOMENT DESCRIPTIVE STATISTICS

         Variable/         Mean/     Skewness/   Minimum/ % with                Percentiles
        Sample Size      Variance    Kurtosis    Maximum  Min/Max      20%/60%    40%/80%    Median

     A_02                  3.945      -0.107       0.000    7.03%       2.000      4.000      4.000
            7469.000       3.867      -0.136      10.000    0.31%       5.000      6.000
     A_03                  3.842      -0.148       0.000    8.11%       2.000      4.000      4.000
            7262.000       3.915      -0.305      10.000    0.12%       4.000      5.000
     A_04                  3.575      -0.059       0.000   10.53%       2.000      3.000      4.000
            6227.000       4.045      -0.423      10.000    0.10%       4.000      5.000
     A_05                  3.451      -0.047       0.000   12.33%       2.000      3.000      4.000
            5556.000       4.130      -0.511      10.000    0.11%       4.000      5.000
     A_06                  3.380      -0.016       0.000   12.54%       2.000      3.000      4.000
            4681.000       4.023      -0.489      10.000    0.06%       4.000      5.000
     B_02                  9.564      -0.583       3.000    0.10%       8.250      9.250      9.667
            3862.000       2.435       0.193      12.000    6.03%      10.000     11.000
     B_03                  9.550      -0.639       3.000    0.14%       8.250      9.250      9.667
            3496.000       2.619       0.410      12.000    7.24%      10.000     11.000
     B_04                  9.575      -0.593       3.000    0.03%       8.250      9.333      9.750
            2883.000       2.468       0.071      12.000    6.14%      10.250     11.000
     B_05                  9.607      -0.658       3.000    0.04%       8.333      9.333      9.750
            2404.000       2.542       0.263      12.000    6.78%      10.000     11.000
     B_06                  9.577      -0.604       3.000    0.14%       8.250      9.333      9.750
            2136.000       2.571       0.134      12.000    6.88%      10.250     11.000
     A_01                  4.168      -0.154       0.000    5.23%       3.000      4.000      4.000
            7186.000       3.597       0.011      10.000    0.24%       5.000      6.000
     B_01                  9.771      -0.694       3.333    0.07%       8.500      9.667     10.000
            1347.000       2.438       0.186      12.000    8.17%      10.333     11.250


THE MODEL ESTIMATION TERMINATED NORMALLY

     WARNING:  THE LATENT VARIABLE COVARIANCE MATRIX (PSI) IS NOT POSITIVE
     DEFINITE.  THIS COULD INDICATE A NEGATIVE VARIANCE/RESIDUAL VARIANCE FOR A
     LATENT VARIABLE, A CORRELATION GREATER OR EQUAL TO ONE BETWEEN TWO LATENT
     VARIABLES, OR A LINEAR DEPENDENCY AMONG MORE THAN TWO LATENT VARIABLES.
     CHECK THE TECH4 OUTPUT FOR MORE INFORMATION.



MODEL FIT INFORMATION

Number of Free Parameters                       41

Loglikelihood

          H0 Value                     -102455.090
          H0 Scaling Correction Factor      1.2985
            for MLR
          H1 Value                     -102377.469
          H1 Scaling Correction Factor      1.1192
            for MLR

Information Criteria

          Akaike (AIC)                  204992.179
          Bayesian (BIC)                205277.768
          Sample-Size Adjusted BIC      205147.479
            (n* = (n + 2) / 24)

Chi-Square Test of Model Fit

          Value                            160.177*
          Degrees of Freedom                    49
          P-Value                           0.0000
          Scaling Correction Factor         0.9692
            for MLR

*   The chi-square value for MLM, MLMV, MLR, ULSMV, WLSM and WLSMV cannot be used
    for chi-square difference testing in the regular way.  MLM, MLR and WLSM
    chi-square difference testing is described on the Mplus website.  MLMV, WLSMV,
    and ULSMV difference testing is done using the DIFFTEST option.

RMSEA (Root Mean Square Error Of Approximation)

          Estimate                           0.017

CFI/TLI

          CFI                                0.993
          TLI                                0.990

Chi-Square Test of Model Fit for the Baseline Model

          Value                          14900.737
          Degrees of Freedom                    66
          P-Value                           0.0000

SRMR (Standardized Root Mean Square Residual)

          Value                              0.110



MODEL RESULTS

                                                    Two-Tailed
                    Estimate       S.E.  Est./S.E.    P-Value

 IA       BY
    A_02               1.000      0.000    999.000    999.000
    A_03               1.000      0.000    999.000    999.000
    A_04               1.000      0.000    999.000    999.000
    A_05               1.000      0.000    999.000    999.000
    A_06               1.000      0.000    999.000    999.000

 SA       BY
    A_02               1.000      0.000    999.000    999.000
    A_03               2.000      0.000    999.000    999.000
    A_04               3.000      0.000    999.000    999.000
    A_05               4.000      0.000    999.000    999.000
    A_06               5.000      0.000    999.000    999.000

 IB       BY
    B_02               1.000      0.000    999.000    999.000
    B_03               1.000      0.000    999.000    999.000
    B_04               1.000      0.000    999.000    999.000
    B_05               1.000      0.000    999.000    999.000
    B_06               1.000      0.000    999.000    999.000

 SB       BY
    B_02               1.000      0.000    999.000    999.000
    B_03               2.000      0.000    999.000    999.000
    B_04               3.000      0.000    999.000    999.000
    B_05               4.000      0.000    999.000    999.000
    B_06               5.000      0.000    999.000    999.000

 A_02       ON
    A_01               0.002      0.013      0.136      0.892
    B_01               0.029      0.018      1.621      0.105

 A_03       ON
    A_02               0.002      0.013      0.136      0.892
    B_02               0.037      0.016      2.266      0.023

 A_04       ON
    A_03               0.002      0.013      0.136      0.892
    B_03               0.021      0.017      1.228      0.219

 A_05       ON
    A_04               0.002      0.013      0.136      0.892
    B_04               0.021      0.021      0.985      0.325

 A_06       ON
    A_05               0.002      0.013      0.136      0.892
    B_05               0.023      0.026      0.869      0.385

 B_02       ON
    B_01               0.031      0.249      0.123      0.902
    A_01              -0.010      0.010     -0.940      0.347

 B_03       ON
    B_02               0.031      0.249      0.123      0.902
    A_02               0.003      0.011      0.304      0.761

 B_04       ON
    B_03               0.031      0.249      0.123      0.902
    A_03               0.016      0.010      1.568      0.117

 B_05       ON
    B_04               0.031      0.249      0.123      0.902
    A_04               0.035      0.013      2.673      0.008

 B_06       ON
    B_05               0.031      0.249      0.123      0.902
    A_05               0.034      0.018      1.903      0.057

 IA       WITH
    SA                -0.020      0.025     -0.775      0.439
    A_01               1.975      0.068     28.874      0.000
    IB                -0.008      0.032     -0.237      0.813

 SA       WITH
    A_01              -0.028      0.014     -2.015      0.044
    SB                -0.007      0.004     -1.898      0.058

 IB       WITH
    B_01               1.597      0.591      2.702      0.007

 SB       WITH
    B_01              -0.085      0.061     -1.397      0.163

 Means
    A_01               4.139      0.023    181.274      0.000
    B_01               9.743      0.038    258.147      0.000
    IA                 3.857      0.224     17.217      0.000
    SA                -0.218      0.069     -3.171      0.002
    IB                 9.334      2.444      3.820      0.000
    SB                -0.040      0.025     -1.576      0.115

 Intercepts
    A_02               0.000      0.000    999.000    999.000
    A_03               0.000      0.000    999.000    999.000
    A_04               0.000      0.000    999.000    999.000
    A_05               0.000      0.000    999.000    999.000
    A_06               0.000      0.000    999.000    999.000
    B_02               0.000      0.000    999.000    999.000
    B_03               0.000      0.000    999.000    999.000
    B_04               0.000      0.000    999.000    999.000
    B_05               0.000      0.000    999.000    999.000
    B_06               0.000      0.000    999.000    999.000

 Variances
    A_01               3.610      0.061     59.235      0.000
    B_01               2.468      0.096     25.654      0.000
    IA                 2.015      0.136     14.777      0.000
    SA                 0.037      0.009      4.350      0.000
    IB                 1.376      0.668      2.059      0.039
    SB                 0.004      0.008      0.475      0.635

 Residual Variances
    A_02               1.860      0.062     30.170      0.000
    A_03               1.906      0.049     39.187      0.000
    A_04               1.887      0.048     39.456      0.000
    A_05               1.823      0.053     34.472      0.000
    A_06               1.671      0.068     24.510      0.000
    B_02               1.004      0.088     11.438      0.000
    B_03               1.084      0.069     15.610      0.000
    B_04               1.020      0.055     18.530      0.000
    B_05               1.024      0.086     11.866      0.000
    B_06               1.150      0.093     12.297      0.000


QUALITY OF NUMERICAL RESULTS

     Condition Number for the Information Matrix              0.466E-05
       (ratio of smallest to largest eigenvalue)


MODEL MODIFICATION INDICES

NOTE:  Modification indices for direct effects of observed dependent variables
regressed on covariates may not be included.  To include these, request
MODINDICES (ALL).

Minimum M.I. value for printing the modification index     3.000

                                   M.I.     E.P.C.


ON/BY Statements

A_03     ON SA       /
SA       BY A_03                   6.297    -0.505
A_03     ON IB       /
IB       BY A_03                   3.031     0.064
A_04     ON SA       /
SA       BY A_04                  14.009     0.770
A_04     ON IB       /
IB       BY A_04                   3.675    -0.073
A_06     ON SA       /
SA       BY A_06                   6.118    -1.183
B_04     ON SB       /
SB       BY B_04                   3.033    -1.176
B_05     ON SB       /
SB       BY B_05                  13.389     3.026
B_06     ON SB       /
SB       BY B_06                   6.947    -3.086
B_01     ON IB       /
IB       BY B_01                  92.406    69.667
IB       ON IB       /
IB       BY IB                   999.000     0.000

ON Statements

IA       ON A_04                  14.308     0.055
SA       ON A_03                   3.969    -0.008
SA       ON A_04                   9.973     0.013
SA       ON A_06                   8.008    -0.030
IB       ON B_02                  10.466    -0.332
IB       ON B_03                   5.578     0.144
IB       ON B_05                  11.213     0.211
IB       ON B_06                   5.811    -0.123
SB       ON A_04                   3.138     0.006
SB       ON B_02                   3.694    -0.022
SB       ON B_03                   3.047     0.021
SB       ON B_04                   6.879    -0.079
SB       ON B_06                   4.083    -0.041
A_02     ON A_05                  13.649    -0.045
A_02     ON A_06                   4.935     0.030
A_03     ON A_05                   6.335     0.025
A_03     ON A_06                  14.115    -0.038
A_04     ON A_06                   3.309     0.019
A_04     ON B_02                   5.884    -0.062
A_04     ON B_05                   4.018    -0.051
A_04     ON A_01                   6.016    -0.025
A_05     ON A_02                   5.288    -0.025
A_05     ON A_03                  17.570     0.045
A_05     ON A_01                   5.421     0.026
A_06     ON A_02                   4.441     0.031
A_06     ON A_03                  31.578    -0.074
A_06     ON A_05                   3.019    -0.028
B_03     ON A_03                   3.596    -0.024
A_01     ON A_02                   4.752     0.059
A_01     ON A_04                  14.645    -0.063
A_01     ON A_05                   6.465     0.047
B_01     ON B_04                   3.346     0.129
B_01     ON B_05                  15.509    -0.326
B_01     ON B_06                   8.393     0.300
B_01     ON B_01                 999.000     0.000

WITH Statements

A_03     WITH SA                   3.866    -0.015
A_03     WITH IB                   6.393    -0.067
A_04     WITH IA                  14.563     0.104
A_04     WITH SA                  10.015     0.024
A_04     WITH A_02                 3.831     0.073
A_05     WITH A_02                28.990    -0.181
A_05     WITH A_03                31.108     0.192
A_06     WITH SA                   8.029    -0.051
A_06     WITH A_02                24.134     0.225
A_06     WITH A_03                49.118    -0.255
A_06     WITH A_04                 8.415     0.122
B_02     WITH IB                   9.418    -0.318
B_02     WITH SB                   6.055    -0.045
B_02     WITH A_03                 3.195    -0.066
B_03     WITH IB                   5.889     0.159
B_03     WITH SB                   6.823     0.042
B_03     WITH A_03                 5.077    -0.079
B_03     WITH A_04                 5.194     0.096
B_03     WITH B_02                 6.277    -1.127
B_04     WITH A_02                 3.149    -0.062
B_04     WITH A_04                 3.422     0.063
B_05     WITH IB                   9.747     0.200
B_05     WITH SB                   9.432     0.100
B_05     WITH B_03                10.114     0.207
B_06     WITH IB                   6.927    -0.158
B_06     WITH SB                  12.182    -0.164
B_06     WITH B_03                 8.108    -1.556
A_01     WITH A_02                 4.622     0.108
A_01     WITH A_04                14.792    -0.120
A_01     WITH A_05                 6.461     0.086
B_01     WITH B_05                18.441    -0.367
B_01     WITH B_06                 8.483     0.345

Means/Intercepts/Thresholds

[ A_03     ]                       7.976     0.421
[ A_04     ]                       4.818    -0.315
[ B_02     ]                       3.487     0.148


TECHNICAL 1 OUTPUT


     PARAMETER SPECIFICATION


           NU
              A_02          A_03          A_04          A_05          A_06
              ________      ________      ________      ________      ________
 1                  0             0             0             0             0


           NU
              B_02          B_03          B_04          B_05          B_06
              ________      ________      ________      ________      ________
 1                  0             0             0             0             0


           NU
              A_01          B_01
              ________      ________
 1                  0             0


           LAMBDA
              IA            SA            IB            SB            A_02
              ________      ________      ________      ________      ________
 A_02               0             0             0             0             0
 A_03               0             0             0             0             0
 A_04               0             0             0             0             0
 A_05               0             0             0             0             0
 A_06               0             0             0             0             0
 B_02               0             0             0             0             0
 B_03               0             0             0             0             0
 B_04               0             0             0             0             0
 B_05               0             0             0             0             0
 B_06               0             0             0             0             0
 A_01               0             0             0             0             0
 B_01               0             0             0             0             0


           LAMBDA
              A_03          A_04          A_05          A_06          B_02
              ________      ________      ________      ________      ________
 A_02               0             0             0             0             0
 A_03               0             0             0             0             0
 A_04               0             0             0             0             0
 A_05               0             0             0             0             0
 A_06               0             0             0             0             0
 B_02               0             0             0             0             0
 B_03               0             0             0             0             0
 B_04               0             0             0             0             0
 B_05               0             0             0             0             0
 B_06               0             0             0             0             0
 A_01               0             0             0             0             0
 B_01               0             0             0             0             0


           LAMBDA
              B_03          B_04          B_05          B_06          A_01
              ________      ________      ________      ________      ________
 A_02               0             0             0             0             0
 A_03               0             0             0             0             0
 A_04               0             0             0             0             0
 A_05               0             0             0             0             0
 A_06               0             0             0             0             0
 B_02               0             0             0             0             0
 B_03               0             0             0             0             0
 B_04               0             0             0             0             0
 B_05               0             0             0             0             0
 B_06               0             0             0             0             0
 A_01               0             0             0             0             0
 B_01               0             0             0             0             0


           LAMBDA
              B_01
              ________
 A_02               0
 A_03               0
 A_04               0
 A_05               0
 A_06               0
 B_02               0
 B_03               0
 B_04               0
 B_05               0
 B_06               0
 A_01               0
 B_01               0


           THETA
              A_02          A_03          A_04          A_05          A_06
              ________      ________      ________      ________      ________
 A_02               0
 A_03               0             0
 A_04               0             0             0
 A_05               0             0             0             0
 A_06               0             0             0             0             0
 B_02               0             0             0             0             0
 B_03               0             0             0             0             0
 B_04               0             0             0             0             0
 B_05               0             0             0             0             0
 B_06               0             0             0             0             0
 A_01               0             0             0             0             0
 B_01               0             0             0             0             0


           THETA
              B_02          B_03          B_04          B_05          B_06
              ________      ________      ________      ________      ________
 B_02               0
 B_03               0             0
 B_04               0             0             0
 B_05               0             0             0             0
 B_06               0             0             0             0             0
 A_01               0             0             0             0             0
 B_01               0             0             0             0             0


           THETA
              A_01          B_01
              ________      ________
 A_01               0
 B_01               0             0


           ALPHA
              IA            SA            IB            SB            A_02
              ________      ________      ________      ________      ________
 1                  1             2             3             4             0


           ALPHA
              A_03          A_04          A_05          A_06          B_02
              ________      ________      ________      ________      ________
 1                  0             0             0             0             0


           ALPHA
              B_03          B_04          B_05          B_06          A_01
              ________      ________      ________      ________      ________
 1                  0             0             0             0             5


           ALPHA
              B_01
              ________
 1                  6


           BETA
              IA            SA            IB            SB            A_02
              ________      ________      ________      ________      ________
 IA                 0             0             0             0             0
 SA                 0             0             0             0             0
 IB                 0             0             0             0             0
 SB                 0             0             0             0             0
 A_02               0             0             0             0             0
 A_03               0             0             0             0             7
 A_04               0             0             0             0             0
 A_05               0             0             0             0             0
 A_06               0             0             0             0             0
 B_02               0             0             0             0             0
 B_03               0             0             0             0            15
 B_04               0             0             0             0             0
 B_05               0             0             0             0             0
 B_06               0             0             0             0             0
 A_01               0             0             0             0             0
 B_01               0             0             0             0             0


           BETA
              A_03          A_04          A_05          A_06          B_02
              ________      ________      ________      ________      ________
 IA                 0             0             0             0             0
 SA                 0             0             0             0             0
 IB                 0             0             0             0             0
 SB                 0             0             0             0             0
 A_02               0             0             0             0             0
 A_03               0             0             0             0             9
 A_04               7             0             0             0             0
 A_05               0             7             0             0             0
 A_06               0             0             7             0             0
 B_02               0             0             0             0             0
 B_03               0             0             0             0            14
 B_04              16             0             0             0             0
 B_05               0            17             0             0             0
 B_06               0             0            18             0             0
 A_01               0             0             0             0             0
 B_01               0             0             0             0             0


           BETA
              B_03          B_04          B_05          B_06          A_01
              ________      ________      ________      ________      ________
 IA                 0             0             0             0             0
 SA                 0             0             0             0             0
 IB                 0             0             0             0             0
 SB                 0             0             0             0             0
 A_02               0             0             0             0             7
 A_03               0             0             0             0             0
 A_04              10             0             0             0             0
 A_05               0            11             0             0             0
 A_06               0             0            12             0             0
 B_02               0             0             0             0            13
 B_03               0             0             0             0             0
 B_04              14             0             0             0             0
 B_05               0            14             0             0             0
 B_06               0             0            14             0             0
 A_01               0             0             0             0             0
 B_01               0             0             0             0             0


           BETA
              B_01
              ________
 IA                 0
 SA                 0
 IB                 0
 SB                 0
 A_02               8
 A_03               0
 A_04               0
 A_05               0
 A_06               0
 B_02              14
 B_03               0
 B_04               0
 B_05               0
 B_06               0
 A_01               0
 B_01               0


           PSI
              IA            SA            IB            SB            A_02
              ________      ________      ________      ________      ________
 IA                19
 SA                20            21
 IB                22             0            23
 SB                 0            24             0            25
 A_02               0             0             0             0            26
 A_03               0             0             0             0             0
 A_04               0             0             0             0             0
 A_05               0             0             0             0             0
 A_06               0             0             0             0             0
 B_02               0             0             0             0             0
 B_03               0             0             0             0             0
 B_04               0             0             0             0             0
 B_05               0             0             0             0             0
 B_06               0             0             0             0             0
 A_01              36            37             0             0             0
 B_01               0             0            39            40             0


           PSI
              A_03          A_04          A_05          A_06          B_02
              ________      ________      ________      ________      ________
 A_03              27
 A_04               0            28
 A_05               0             0            29
 A_06               0             0             0            30
 B_02               0             0             0             0            31
 B_03               0             0             0             0             0
 B_04               0             0             0             0             0
 B_05               0             0             0             0             0
 B_06               0             0             0             0             0
 A_01               0             0             0             0             0
 B_01               0             0             0             0             0


           PSI
              B_03          B_04          B_05          B_06          A_01
              ________      ________      ________      ________      ________
 B_03              32
 B_04               0            33
 B_05               0             0            34
 B_06               0             0             0            35
 A_01               0             0             0             0            38
 B_01               0             0             0             0             0


           PSI
              B_01
              ________
 B_01              41


     STARTING VALUES


           NU
              A_02          A_03          A_04          A_05          A_06
              ________      ________      ________      ________      ________
 1              0.000         0.000         0.000         0.000         0.000


           NU
              B_02          B_03          B_04          B_05          B_06
              ________      ________      ________      ________      ________
 1              0.000         0.000         0.000         0.000         0.000


           NU
              A_01          B_01
              ________      ________
 1              0.000         0.000


           LAMBDA
              IA            SA            IB            SB            A_02
              ________      ________      ________      ________      ________
 A_02           0.000         0.000         0.000         0.000         1.000
 A_03           0.000         0.000         0.000         0.000         0.000
 A_04           0.000         0.000         0.000         0.000         0.000
 A_05           0.000         0.000         0.000         0.000         0.000
 A_06           0.000         0.000         0.000         0.000         0.000
 B_02           0.000         0.000         0.000         0.000         0.000
 B_03           0.000         0.000         0.000         0.000         0.000
 B_04           0.000         0.000         0.000         0.000         0.000
 B_05           0.000         0.000         0.000         0.000         0.000
 B_06           0.000         0.000         0.000         0.000         0.000
 A_01           0.000         0.000         0.000         0.000         0.000
 B_01           0.000         0.000         0.000         0.000         0.000


           LAMBDA
              A_03          A_04          A_05          A_06          B_02
              ________      ________      ________      ________      ________
 A_02           0.000         0.000         0.000         0.000         0.000
 A_03           1.000         0.000         0.000         0.000         0.000
 A_04           0.000         1.000         0.000         0.000         0.000
 A_05           0.000         0.000         1.000         0.000         0.000
 A_06           0.000         0.000         0.000         1.000         0.000
 B_02           0.000         0.000         0.000         0.000         1.000
 B_03           0.000         0.000         0.000         0.000         0.000
 B_04           0.000         0.000         0.000         0.000         0.000
 B_05           0.000         0.000         0.000         0.000         0.000
 B_06           0.000         0.000         0.000         0.000         0.000
 A_01           0.000         0.000         0.000         0.000         0.000
 B_01           0.000         0.000         0.000         0.000         0.000


           LAMBDA
              B_03          B_04          B_05          B_06          A_01
              ________      ________      ________      ________      ________
 A_02           0.000         0.000         0.000         0.000         0.000
 A_03           0.000         0.000         0.000         0.000         0.000
 A_04           0.000         0.000         0.000         0.000         0.000
 A_05           0.000         0.000         0.000         0.000         0.000
 A_06           0.000         0.000         0.000         0.000         0.000
 B_02           0.000         0.000         0.000         0.000         0.000
 B_03           1.000         0.000         0.000         0.000         0.000
 B_04           0.000         1.000         0.000         0.000         0.000
 B_05           0.000         0.000         1.000         0.000         0.000
 B_06           0.000         0.000         0.000         1.000         0.000
 A_01           0.000         0.000         0.000         0.000         1.000
 B_01           0.000         0.000         0.000         0.000         0.000


           LAMBDA
              B_01
              ________
 A_02           0.000
 A_03           0.000
 A_04           0.000
 A_05           0.000
 A_06           0.000
 B_02           0.000
 B_03           0.000
 B_04           0.000
 B_05           0.000
 B_06           0.000
 A_01           0.000
 B_01           1.000


           THETA
              A_02          A_03          A_04          A_05          A_06
              ________      ________      ________      ________      ________
 A_02           0.000
 A_03           0.000         0.000
 A_04           0.000         0.000         0.000
 A_05           0.000         0.000         0.000         0.000
 A_06           0.000         0.000         0.000         0.000         0.000
 B_02           0.000         0.000         0.000         0.000         0.000
 B_03           0.000         0.000         0.000         0.000         0.000
 B_04           0.000         0.000         0.000         0.000         0.000
 B_05           0.000         0.000         0.000         0.000         0.000
 B_06           0.000         0.000         0.000         0.000         0.000
 A_01           0.000         0.000         0.000         0.000         0.000
 B_01           0.000         0.000         0.000         0.000         0.000


           THETA
              B_02          B_03          B_04          B_05          B_06
              ________      ________      ________      ________      ________
 B_02           0.000
 B_03           0.000         0.000
 B_04           0.000         0.000         0.000
 B_05           0.000         0.000         0.000         0.000
 B_06           0.000         0.000         0.000         0.000         0.000
 A_01           0.000         0.000         0.000         0.000         0.000
 B_01           0.000         0.000         0.000         0.000         0.000


           THETA
              A_01          B_01
              ________      ________
 A_01           0.000
 B_01           0.000         0.000


           ALPHA
              IA            SA            IB            SB            A_02
              ________      ________      ________      ________      ________
 1              0.000         0.000         0.000         0.000         0.000


           ALPHA
              A_03          A_04          A_05          A_06          B_02
              ________      ________      ________      ________      ________
 1              0.000         0.000         0.000         0.000         0.000


           ALPHA
              B_03          B_04          B_05          B_06          A_01
              ________      ________      ________      ________      ________
 1              0.000         0.000         0.000         0.000         0.000


           ALPHA
              B_01
              ________
 1              0.000


           BETA
              IA            SA            IB            SB            A_02
              ________      ________      ________      ________      ________
 IA             0.000         0.000         0.000         0.000         0.000
 SA             0.000         0.000         0.000         0.000         0.000
 IB             0.000         0.000         0.000         0.000         0.000
 SB             0.000         0.000         0.000         0.000         0.000
 A_02           1.000         1.000         0.000         0.000         0.000
 A_03           1.000         2.000         0.000         0.000         0.000
 A_04           1.000         3.000         0.000         0.000         0.000
 A_05           1.000         4.000         0.000         0.000         0.000
 A_06           1.000         5.000         0.000         0.000         0.000
 B_02           0.000         0.000         1.000         1.000         0.000
 B_03           0.000         0.000         1.000         2.000         0.000
 B_04           0.000         0.000         1.000         3.000         0.000
 B_05           0.000         0.000         1.000         4.000         0.000
 B_06           0.000         0.000         1.000         5.000         0.000
 A_01           0.000         0.000         0.000         0.000         0.000
 B_01           0.000         0.000         0.000         0.000         0.000


           BETA
              A_03          A_04          A_05          A_06          B_02
              ________      ________      ________      ________      ________
 IA             0.000         0.000         0.000         0.000         0.000
 SA             0.000         0.000         0.000         0.000         0.000
 IB             0.000         0.000         0.000         0.000         0.000
 SB             0.000         0.000         0.000         0.000         0.000
 A_02           0.000         0.000         0.000         0.000         0.000
 A_03           0.000         0.000         0.000         0.000         0.000
 A_04           0.000         0.000         0.000         0.000         0.000
 A_05           0.000         0.000         0.000         0.000         0.000
 A_06           0.000         0.000         0.000         0.000         0.000
 B_02           0.000         0.000         0.000         0.000         0.000
 B_03           0.000         0.000         0.000         0.000         0.000
 B_04           0.000         0.000         0.000         0.000         0.000
 B_05           0.000         0.000         0.000         0.000         0.000
 B_06           0.000         0.000         0.000         0.000         0.000
 A_01           0.000         0.000         0.000         0.000         0.000
 B_01           0.000         0.000         0.000         0.000         0.000


           BETA
              B_03          B_04          B_05          B_06          A_01
              ________      ________      ________      ________      ________
 IA             0.000         0.000         0.000         0.000         0.000
 SA             0.000         0.000         0.000         0.000         0.000
 IB             0.000         0.000         0.000         0.000         0.000
 SB             0.000         0.000         0.000         0.000         0.000
 A_02           0.000         0.000         0.000         0.000         0.000
 A_03           0.000         0.000         0.000         0.000         0.000
 A_04           0.000         0.000         0.000         0.000         0.000
 A_05           0.000         0.000         0.000         0.000         0.000
 A_06           0.000         0.000         0.000         0.000         0.000
 B_02           0.000         0.000         0.000         0.000         0.000
 B_03           0.000         0.000         0.000         0.000         0.000
 B_04           0.000         0.000         0.000         0.000         0.000
 B_05           0.000         0.000         0.000         0.000         0.000
 B_06           0.000         0.000         0.000         0.000         0.000
 A_01           0.000         0.000         0.000         0.000         0.000
 B_01           0.000         0.000         0.000         0.000         0.000


           BETA
              B_01
              ________
 IA             0.000
 SA             0.000
 IB             0.000
 SB             0.000
 A_02           0.000
 A_03           0.000
 A_04           0.000
 A_05           0.000
 A_06           0.000
 B_02           0.000
 B_03           0.000
 B_04           0.000
 B_05           0.000
 B_06           0.000
 A_01           0.000
 B_01           0.000


           PSI
              IA            SA            IB            SB            A_02
              ________      ________      ________      ________      ________
 IA             0.050
 SA             0.000         0.050
 IB             0.000         0.000         0.050
 SB             0.000         0.000         0.000         0.050
 A_02           0.000         0.000         0.000         0.000         1.933
 A_03           0.000         0.000         0.000         0.000         0.000
 A_04           0.000         0.000         0.000         0.000         0.000
 A_05           0.000         0.000         0.000         0.000         0.000
 A_06           0.000         0.000         0.000         0.000         0.000
 B_02           0.000         0.000         0.000         0.000         0.000
 B_03           0.000         0.000         0.000         0.000         0.000
 B_04           0.000         0.000         0.000         0.000         0.000
 B_05           0.000         0.000         0.000         0.000         0.000
 B_06           0.000         0.000         0.000         0.000         0.000
 A_01           0.000         0.000         0.000         0.000         0.000
 B_01           0.000         0.000         0.000         0.000         0.000


           PSI
              A_03          A_04          A_05          A_06          B_02
              ________      ________      ________      ________      ________
 A_03           1.957
 A_04           0.000         2.022
 A_05           0.000         0.000         2.065
 A_06           0.000         0.000         0.000         2.012
 B_02           0.000         0.000         0.000         0.000         1.218
 B_03           0.000         0.000         0.000         0.000         0.000
 B_04           0.000         0.000         0.000         0.000         0.000
 B_05           0.000         0.000         0.000         0.000         0.000
 B_06           0.000         0.000         0.000         0.000         0.000
 A_01           0.000         0.000         0.000         0.000         0.000
 B_01           0.000         0.000         0.000         0.000         0.000


           PSI
              B_03          B_04          B_05          B_06          A_01
              ________      ________      ________      ________      ________
 B_03           1.309
 B_04           0.000         1.234
 B_05           0.000         0.000         1.271
 B_06           0.000         0.000         0.000         1.286
 A_01           0.000         0.000         0.000         0.000         1.799
 B_01           0.000         0.000         0.000         0.000         0.000


           PSI
              B_01
              ________
 B_01           1.219


     Beginning Time:  17:03:28
        Ending Time:  17:11:33
       Elapsed Time:  00:08:05



MUTHEN & MUTHEN
3463 Stoner Ave.
Los Angeles, CA  90066

Tel: (310) 391-9971
Fax: (310) 391-8971
Web: www.StatModel.com
Support: Support@StatModel.com

Copyright (c) 1998-2015 Muthen & Muthen
