Mplus VERSION 7.4 (Mac)
MUTHEN & MUTHEN
06/27/2017  11:49 PM

INPUT INSTRUCTIONS

  TITLE:
  LGM, bivariate unconditional
  DATA:
  File = wide-dataset.dat ;
  VARIABLE:
  NAMES are
   id hhid male birthyr_rand birthmo_rand race_rand hispanic_rand cohort
      raedyrs raedegrm memoryproblems_baseline memory_disease_ever age_baseline
      activity_mean_2004 activity_mean_2006 activity_mean_2008 activity_mean_2010
      activity_mean_2012 activity_mean_2014 activity_sum_2004 activity_sum_2006
      activity_sum_2008 activity_sum_2010 activity_sum_2012 activity_sum_2014
      close_social_network_2004 close_social_network_2006 close_social_network_2008
      close_social_network_2010 close_social_network_2012 close_social_network_2014
      countb20r_2004 countb20r_2006 countb20r_2008 countb20r_2010 countb20r_2012
      countb20r_2014 dep_total_2004 dep_total_2006 dep_total_2008 dep_total_2010
      dep_total_2012 dep_total_2014 exercise_2004 exercise_2006 exercise_2008
      exercise_2010 exercise_2012 exercise_2014 healthcond_2004 healthcond_2006
      healthcond_2008 healthcond_2010 healthcond_2012 healthcond_2014 hhres_2004
      hhres_2006 hhres_2008 hhres_2010 hhres_2012 hhres_2014 hrs_tscore_2004
      hrs_tscore_2006 hrs_tscore_2008 hrs_tscore_2010 hrs_tscore_2012 hrs_tscore_2014
      intage_r_2004 intage_r_2006 intage_r_2008 intage_r_2010 intage_r_2012
      intage_r_2014 interview_date_2004 interview_date_2006 interview_date_2008
      interview_date_2010 interview_date_2012 interview_date_2014 lb_65_wave_2004
      lb_65_wave_2006 lb_65_wave_2008 lb_65_wave_2010 lb_65_wave_2012 lb_65_wave_2014
      lb_wave_2004 lb_wave_2006 lb_wave_2008 lb_wave_2010 lb_wave_2012 lb_wave_2014
      listassi_2004 listassi_2006 listassi_2008 listassi_2010 listassi_2012
      listassi_2014 mentalstatus_tot_2004 mentalstatus_tot_2006 mentalstatus_tot_2008
      mentalstatus_tot_2010 mentalstatus_tot_2012 mentalstatus_tot_2014 proxy_2004
      proxy_2006 proxy_2008 proxy_2010 proxy_2012 proxy_2014 responded_2004
      responded_2006 responded_2008 responded_2010 responded_2012 responded_2014
      rmaritalst_2004 rmaritalst_2006 rmaritalst_2008 rmaritalst_2010 rmaritalst_2012
      rmaritalst_2014 rpartst_2004 rpartst_2006 rpartst_2008 rpartst_2010
      rpartst_2012 rpartst_2014 score_loneliness_11_2004 score_loneliness_11_2006
      score_loneliness_11_2008 score_loneliness_11_2010 score_loneliness_11_2012
      score_loneliness_11_2014 score_loneliness_3_2004 score_loneliness_3_2006
      score_loneliness_3_2008 score_loneliness_3_2010 score_loneliness_3_2012
      score_loneliness_3_2014 shhidpnr_2004 shhidpnr_2006 shhidpnr_2008 shhidpnr_2010
      shhidpnr_2012 shhidpnr_2014 snchild_2004 snchild_2006 snchild_2008 snchild_2010
      snchild_2012 snchild_2014 snfamily_2004 snfamily_2006 snfamily_2008
      snfamily_2010 snfamily_2012 snfamily_2014 snfriends_2004 snfriends_2006
      snfriends_2008 snfriends_2010 snfriends_2012 snfriends_2014 snspouse_2004
      snspouse_2006 snspouse_2008 snspouse_2010 snspouse_2012 snspouse_2014
      social_contact_total_2004 social_contact_total_2006 social_contact_total_2008
      social_contact_total_2010 social_contact_total_2012 social_contact_total_2014
      social_strain_mean_2004 social_strain_mean_2006 social_strain_mean_2008
      social_strain_mean_2010 social_strain_mean_2012 social_strain_mean_2014
      social_support_mean_2004 social_support_mean_2006 social_support_mean_2008
      social_support_mean_2010 social_support_mean_2012 social_support_mean_2014
      socialnetwork_total_2004 socialnetwork_total_2006 socialnetwork_total_2008
      socialnetwork_total_2010 socialnetwork_total_2012 socialnetwork_total_2014
      srmemory_2004 srmemory_2006 srmemory_2008 srmemory_2010 srmemory_2012
      srmemory_2014 srmemoryp_2004 srmemoryp_2006 srmemoryp_2008 srmemoryp_2010
      srmemoryp_2012 srmemoryp_2014 vocab_total_2004 vocab_total_2006 vocab_total_2008
      vocab_total_2010 vocab_total_2012 vocab_total_2014 wrectotd_2004 wrectotd_2006
      wrectotd_2008 wrectotd_2010 wrectotd_2012 wrectotd_2014 wrectoti_2004
      wrectoti_2006 wrectoti_2008 wrectoti_2010 wrectoti_2012 wrectoti_2014
  	;
  Missing are all (9999);
  USEVARIABLES are
  	!define the variables used in the analysis
  	! covariates used in the model
   	
  	!modelled time points of process (A)
  a_01
  a_02
  a_03
  a_04
  a_05
  a_06
  	!modelled time points of process (B)
  b_01
  b_02
  b_03
  b_04
  b_05
  b_06
  ;
  SUBPOPULATION are
  	!select a subset of observations
  memoryproblems_baseline EQ 0
  ;
  CLUSTER = hhid;
  DEFINE:
    ! centre baseline age
  a = age_baseline - 69;
  	! assign variables to the process (A)
  a_01=wrectoti_2004;
  a_02=wrectoti_2006;
  a_03=wrectoti_2008;
  a_04=wrectoti_2010;
  a_05=wrectoti_2012;
  a_06=wrectoti_2014;
  	! assign variables to the process (B)
  b_01=social_contact_total_2004;
  b_02=social_contact_total_2006;
  b_03=social_contact_total_2008;
  b_04=social_contact_total_2010;
  b_05=social_contact_total_2012;
  b_06=social_contact_total_2014;
  ANALYSIS:
  TYPE = COMPLEX RANDOM;
  COVERAGE=.00;
  H1ITERATIONS = 10000;
  MODEL:
  	!first-level equation
  	! assign process (A) to time points
  ia sa | a_01@0
  a_02@2
  a_03@4
  a_04@6
  a_05@8
  a_06@10;
  	! assign process (B) to time points
  ib sb | b_01@0
  b_02@2
  b_03@4
  b_04@6
  b_05@8
  b_06@10;
  	!variance of the first-level terms
  ia (v_ia);
  sa (v_sa);
  ib (v_ib);
  sb (v_sb);
  	!covariance among first-level terms
  ia WITH sa (c_iasa);
  ia WITH ib (c_iaib);
  ia WITH sb (c_iasb);
  sa WITH ib (c_saib);
  sa WITH sb (c_sasb);
  ib WITH sb (c_ibsb);
  	!second-level equation
  !ia sa ib sb ON  ;
  	
  OUTPUT: sampstat cinterval;
  PLOT: Type is Plot1 Plot2 Plot3;



INPUT READING TERMINATED NORMALLY




LGM, bivariate unconditional

SUMMARY OF ANALYSIS

Number of groups                                                 1
Number of observations                                       11556

Number of dependent variables                                   12
Number of independent variables                                  0
Number of continuous latent variables                            4

Observed dependent variables

  Continuous
   A_01        A_02        A_03        A_04        A_05        A_06
   B_01        B_02        B_03        B_04        B_05        B_06

Continuous latent variables
   IA          SA          IB          SB

Variables with special functions

  Cluster variable      HHID

Estimator                                                      MLR
Information matrix                                        OBSERVED
Maximum number of iterations                                   100
Convergence criterion                                    0.100D-05
Maximum number of EM iterations                                500
Convergence criteria for the EM algorithm
  Loglikelihood change                                   0.100D-02
  Relative loglikelihood change                          0.100D-05
  Derivative                                             0.100D-03
Minimum variance                                         0.100D-03
Maximum number of steepest descent iterations                   20
Maximum number of iterations for H1                          10000
Convergence criterion for H1                             0.100D-03
Optimization algorithm                                         EMA

Input data file(s)
  wide-dataset.dat
Input data format  FREE


SUMMARY OF DATA

     Number of missing data patterns           328
     Number of clusters        8479



SAMPLE STATISTICS


     ESTIMATED SAMPLE STATISTICS


           Means
              A_01          A_02          A_03          A_04          A_05
              ________      ________      ________      ________      ________
 1              5.452         5.316         5.187         4.903         4.757


           Means
              A_06          B_01          B_02          B_03          B_04
              ________      ________      ________      ________      ________
 1              4.665        30.358        29.543        29.644        29.382


           Means
              B_05          B_06
              ________      ________
 1             28.808        28.352


           Covariances
              A_01          A_02          A_03          A_04          A_05
              ________      ________      ________      ________      ________
 A_01           2.476
 A_02           1.303         2.648
 A_03           1.322         1.379         2.765
 A_04           1.268         1.462         1.446         3.015
 A_05           1.344         1.324         1.554         1.578         3.127
 A_06           1.287         1.528         1.507         1.720         1.690
 B_01           2.296         2.320         2.443         2.412         2.456
 B_02           2.566         2.707         2.544         2.447         2.897
 B_03           3.083         3.096         3.097         3.566         3.125
 B_04           2.906         3.277         3.453         3.376         3.434
 B_05           3.141         3.380         3.816         3.621         3.900
 B_06           2.662         2.807         3.381         3.027         3.620


           Covariances
              A_06          B_01          B_02          B_03          B_04
              ________      ________      ________      ________      ________
 A_06           3.222
 B_01           1.977        72.795
 B_02           2.515        38.349        71.031
 B_03           3.621        39.715        47.053        77.159
 B_04           3.541        37.257        45.049        30.989        76.845
 B_05           4.163        40.278        54.901        49.173        39.708
 B_06           3.885        39.938        41.533        64.454        50.975


           Covariances
              B_05          B_06
              ________      ________
 B_05          81.957
 B_06          37.318        82.032


           Correlations
              A_01          A_02          A_03          A_04          A_05
              ________      ________      ________      ________      ________
 A_01           1.000
 A_02           0.509         1.000
 A_03           0.505         0.510         1.000
 A_04           0.464         0.518         0.501         1.000
 A_05           0.483         0.460         0.528         0.514         1.000
 A_06           0.456         0.523         0.505         0.552         0.532
 B_01           0.171         0.167         0.172         0.163         0.163
 B_02           0.193         0.197         0.181         0.167         0.194
 B_03           0.223         0.217         0.212         0.234         0.201
 B_04           0.211         0.230         0.237         0.222         0.222
 B_05           0.220         0.229         0.253         0.230         0.244
 B_06           0.187         0.190         0.224         0.192         0.226


           Correlations
              A_06          B_01          B_02          B_03          B_04
              ________      ________      ________      ________      ________
 A_06           1.000
 B_01           0.129         1.000
 B_02           0.166         0.533         1.000
 B_03           0.230         0.530         0.636         1.000
 B_04           0.225         0.498         0.610         0.402         1.000
 B_05           0.256         0.521         0.720         0.618         0.500
 B_06           0.239         0.517         0.544         0.810         0.642


           Correlations
              B_05          B_06
              ________      ________
 B_05           1.000
 B_06           0.455         1.000


     MAXIMUM LOG-LIKELIHOOD VALUE FOR THE UNRESTRICTED (H1) MODEL IS -165964.274


UNIVARIATE SAMPLE STATISTICS


     UNIVARIATE HIGHER-ORDER MOMENT DESCRIPTIVE STATISTICS

         Variable/         Mean/     Skewness/   Minimum/ % with                Percentiles
        Sample Size      Variance    Kurtosis    Maximum  Min/Max      20%/60%    40%/80%    Median

     A_01                  5.264      -0.140       0.000    0.49%       4.000      5.000      5.000
            7215.000       2.416       0.318      10.000    0.30%       6.000      7.000
     A_02                  5.171      -0.064       0.000    0.43%       4.000      5.000      5.000
            8651.000       2.597       0.149      10.000    0.35%       6.000      6.000
     A_03                  5.125      -0.121       0.000    0.66%       4.000      5.000      5.000
            9254.000       2.712       0.186      10.000    0.29%       6.000      6.000
     A_04                  4.969      -0.196       0.000    1.25%       4.000      5.000      5.000
            8803.000       2.893       0.262      10.000    0.32%       5.000      6.000
     A_05                  4.922      -0.228       0.000    1.64%       4.000      5.000      5.000
            8604.000       2.970       0.322      10.000    0.30%       5.000      6.000
     A_06                  4.939      -0.129       0.000    1.20%       4.000      5.000      5.000
            7904.000       2.978       0.238      10.000    0.35%       5.000      6.000
     B_01                 30.206      -0.251       3.000    0.07%      23.000     29.000     31.000
            1345.000      71.228       0.020      53.000    0.07%      33.000     37.000
     B_02                 29.120      -0.291       3.000    0.07%      22.000     28.000     30.000
            4434.000      70.345       0.068      54.000    0.11%      32.000     36.000
     B_03                 29.447      -0.244       3.000    0.16%      22.000     28.000     30.000
            4439.000      76.347      -0.053      54.000    0.11%      32.000     37.000
     B_04                 29.775      -0.250       3.000    0.05%      23.000     28.000     30.000
            4160.000      75.053      -0.113      54.000    0.05%      32.000     37.000
     B_05                 29.495      -0.215       3.000    0.03%      22.000     28.000     30.000
            3767.000      79.069      -0.166      54.000    0.08%      32.000     37.000
     B_06                 29.391      -0.244       3.000    0.15%      22.000     28.000     30.000
            3962.000      79.035      -0.146      54.000    0.10%      32.000     37.000


THE MODEL ESTIMATION TERMINATED NORMALLY



MODEL FIT INFORMATION

Number of Free Parameters                       26

Loglikelihood

          H0 Value                     -166092.978
          H0 Scaling Correction Factor      1.3081
            for MLR
          H1 Value                     -165964.274
          H1 Scaling Correction Factor      1.1130
            for MLR

Information Criteria

          Akaike (AIC)                  332237.957
          Bayesian (BIC)                332429.186
          Sample-Size Adjusted BIC      332346.561
            (n* = (n + 2) / 24)

Chi-Square Test of Model Fit

          Value                            249.008*
          Degrees of Freedom                    64
          P-Value                           0.0000
          Scaling Correction Factor         1.0337
            for MLR

*   The chi-square value for MLM, MLMV, MLR, ULSMV, WLSM and WLSMV cannot be used
    for chi-square difference testing in the regular way.  MLM, MLR and WLSM
    chi-square difference testing is described on the Mplus website.  MLMV, WLSMV,
    and ULSMV difference testing is done using the DIFFTEST option.

RMSEA (Root Mean Square Error Of Approximation)

          Estimate                           0.016

CFI/TLI

          CFI                                0.990
          TLI                                0.990

Chi-Square Test of Model Fit for the Baseline Model

          Value                          18467.434
          Degrees of Freedom                    66
          P-Value                           0.0000

SRMR (Standardized Root Mean Square Residual)

          Value                              0.050



MODEL RESULTS

                                                    Two-Tailed
                    Estimate       S.E.  Est./S.E.    P-Value

 IA       |
    A_01               1.000      0.000    999.000    999.000
    A_02               1.000      0.000    999.000    999.000
    A_03               1.000      0.000    999.000    999.000
    A_04               1.000      0.000    999.000    999.000
    A_05               1.000      0.000    999.000    999.000
    A_06               1.000      0.000    999.000    999.000

 SA       |
    A_01               0.000      0.000    999.000    999.000
    A_02               2.000      0.000    999.000    999.000
    A_03               4.000      0.000    999.000    999.000
    A_04               6.000      0.000    999.000    999.000
    A_05               8.000      0.000    999.000    999.000
    A_06              10.000      0.000    999.000    999.000

 IB       |
    B_01               1.000      0.000    999.000    999.000
    B_02               1.000      0.000    999.000    999.000
    B_03               1.000      0.000    999.000    999.000
    B_04               1.000      0.000    999.000    999.000
    B_05               1.000      0.000    999.000    999.000
    B_06               1.000      0.000    999.000    999.000

 SB       |
    B_01               0.000      0.000    999.000    999.000
    B_02               2.000      0.000    999.000    999.000
    B_03               4.000      0.000    999.000    999.000
    B_04               6.000      0.000    999.000    999.000
    B_05               8.000      0.000    999.000    999.000
    B_06              10.000      0.000    999.000    999.000

 IA       WITH
    SA                 0.005      0.004      1.316      0.188
    IB                 2.746      0.165     16.671      0.000
    SB                 0.028      0.024      1.139      0.255

 SA       WITH
    IB                -0.012      0.021     -0.594      0.553
    SB                 0.013      0.003      4.577      0.000

 IB       WITH
    SB                -0.168      0.274     -0.612      0.541

 Means
    IA                 5.471      0.015    360.468      0.000
    SA                -0.084      0.002    -44.632      0.000
    IB                30.206      0.112    269.974      0.000
    SB                -0.175      0.015    -11.426      0.000

 Intercepts
    A_01               0.000      0.000    999.000    999.000
    A_02               0.000      0.000    999.000    999.000
    A_03               0.000      0.000    999.000    999.000
    A_04               0.000      0.000    999.000    999.000
    A_05               0.000      0.000    999.000    999.000
    A_06               0.000      0.000    999.000    999.000
    B_01               0.000      0.000    999.000    999.000
    B_02               0.000      0.000    999.000    999.000
    B_03               0.000      0.000    999.000    999.000
    B_04               0.000      0.000    999.000    999.000
    B_05               0.000      0.000    999.000    999.000
    B_06               0.000      0.000    999.000    999.000

 Variances
    IA                 1.295      0.034     38.063      0.000
    SA                 0.005      0.001      7.327      0.000
    IB                43.166      2.199     19.628      0.000
    SB                 0.189      0.049      3.853      0.000

 Residual Variances
    A_01               1.206      0.036     33.840      0.000
    A_02               1.289      0.029     44.037      0.000
    A_03               1.351      0.027     49.331      0.000
    A_04               1.469      0.036     40.859      0.000
    A_05               1.508      0.042     35.572      0.000
    A_06               1.375      0.038     36.202      0.000
    B_01              34.483      2.797     12.329      0.000
    B_02              28.870      1.589     18.165      0.000
    B_03              31.098      1.354     22.960      0.000
    B_04              27.774      1.126     24.671      0.000
    B_05              27.361      1.652     16.560      0.000
    B_06              26.282      2.032     12.936      0.000


QUALITY OF NUMERICAL RESULTS

     Condition Number for the Information Matrix              0.291E-04
       (ratio of smallest to largest eigenvalue)


CONFIDENCE INTERVALS OF MODEL RESULTS

                  Lower .5%  Lower 2.5%    Lower 5%    Estimate    Upper 5%  Upper 2.5%   Upper .5%

 IA       |
    A_01             1.000       1.000       1.000       1.000       1.000       1.000       1.000
    A_02             1.000       1.000       1.000       1.000       1.000       1.000       1.000
    A_03             1.000       1.000       1.000       1.000       1.000       1.000       1.000
    A_04             1.000       1.000       1.000       1.000       1.000       1.000       1.000
    A_05             1.000       1.000       1.000       1.000       1.000       1.000       1.000
    A_06             1.000       1.000       1.000       1.000       1.000       1.000       1.000

 SA       |
    A_01             0.000       0.000       0.000       0.000       0.000       0.000       0.000
    A_02             2.000       2.000       2.000       2.000       2.000       2.000       2.000
    A_03             4.000       4.000       4.000       4.000       4.000       4.000       4.000
    A_04             6.000       6.000       6.000       6.000       6.000       6.000       6.000
    A_05             8.000       8.000       8.000       8.000       8.000       8.000       8.000
    A_06            10.000      10.000      10.000      10.000      10.000      10.000      10.000

 IB       |
    B_01             1.000       1.000       1.000       1.000       1.000       1.000       1.000
    B_02             1.000       1.000       1.000       1.000       1.000       1.000       1.000
    B_03             1.000       1.000       1.000       1.000       1.000       1.000       1.000
    B_04             1.000       1.000       1.000       1.000       1.000       1.000       1.000
    B_05             1.000       1.000       1.000       1.000       1.000       1.000       1.000
    B_06             1.000       1.000       1.000       1.000       1.000       1.000       1.000

 SB       |
    B_01             0.000       0.000       0.000       0.000       0.000       0.000       0.000
    B_02             2.000       2.000       2.000       2.000       2.000       2.000       2.000
    B_03             4.000       4.000       4.000       4.000       4.000       4.000       4.000
    B_04             6.000       6.000       6.000       6.000       6.000       6.000       6.000
    B_05             8.000       8.000       8.000       8.000       8.000       8.000       8.000
    B_06            10.000      10.000      10.000      10.000      10.000      10.000      10.000

 IA       WITH
    SA              -0.005      -0.002      -0.001       0.005       0.011       0.012       0.014
    IB               2.322       2.423       2.475       2.746       3.017       3.069       3.170
    SB              -0.035      -0.020      -0.012       0.028       0.067       0.075       0.090

 SA       WITH
    IB              -0.065      -0.053      -0.046      -0.012       0.022       0.028       0.041
    SB               0.006       0.007       0.008       0.013       0.017       0.018       0.020

 IB       WITH
    SB              -0.873      -0.705      -0.618      -0.168       0.283       0.369       0.538

 Means
    IA               5.432       5.441       5.446       5.471       5.496       5.501       5.510
    SA              -0.089      -0.088      -0.088      -0.084      -0.081      -0.081      -0.080
    IB              29.917      29.986      30.022      30.206      30.390      30.425      30.494
    SB              -0.215      -0.205      -0.200      -0.175      -0.150      -0.145      -0.136

 Intercepts
    A_01             0.000       0.000       0.000       0.000       0.000       0.000       0.000
    A_02             0.000       0.000       0.000       0.000       0.000       0.000       0.000
    A_03             0.000       0.000       0.000       0.000       0.000       0.000       0.000
    A_04             0.000       0.000       0.000       0.000       0.000       0.000       0.000
    A_05             0.000       0.000       0.000       0.000       0.000       0.000       0.000
    A_06             0.000       0.000       0.000       0.000       0.000       0.000       0.000
    B_01             0.000       0.000       0.000       0.000       0.000       0.000       0.000
    B_02             0.000       0.000       0.000       0.000       0.000       0.000       0.000
    B_03             0.000       0.000       0.000       0.000       0.000       0.000       0.000
    B_04             0.000       0.000       0.000       0.000       0.000       0.000       0.000
    B_05             0.000       0.000       0.000       0.000       0.000       0.000       0.000
    B_06             0.000       0.000       0.000       0.000       0.000       0.000       0.000

 Variances
    IA               1.207       1.228       1.239       1.295       1.351       1.362       1.383
    SA               0.003       0.003       0.004       0.005       0.006       0.006       0.006
    IB              37.502      38.856      39.549      43.166      46.784      47.477      48.831
    SB               0.063       0.093       0.108       0.189       0.270       0.286       0.316

 Residual Variances
    A_01             1.114       1.136       1.147       1.206       1.265       1.276       1.298
    A_02             1.214       1.232       1.241       1.289       1.337       1.347       1.365
    A_03             1.280       1.297       1.306       1.351       1.396       1.405       1.422
    A_04             1.377       1.399       1.410       1.469       1.528       1.540       1.562
    A_05             1.398       1.425       1.438       1.508       1.577       1.591       1.617
    A_06             1.277       1.300       1.312       1.375       1.437       1.449       1.473
    B_01            27.278      29.001      29.882      34.483      39.084      39.965      41.687
    B_02            24.776      25.755      26.256      28.870      31.485      31.985      32.964
    B_03            27.609      28.443      28.870      31.098      33.326      33.752      34.586
    B_04            24.874      25.568      25.922      27.774      29.626      29.981      30.674
    B_05            23.105      24.123      24.643      27.361      30.079      30.600      31.617
    B_06            21.049      22.300      22.940      26.282      29.625      30.265      31.516


SAMPLE STATISTICS FOR ESTIMATED FACTOR SCORES


     SAMPLE STATISTICS


           Means
              IA            SA            IB            SB
              ________      ________      ________      ________
 1              5.480        -0.084        30.265        -0.172


           Covariances
              IA            SA            IB            SB
              ________      ________      ________      ________
 IA             0.921
 SA             0.017         0.001
 IB             2.230         0.036        26.729
 SB             0.062         0.003         0.500         0.028


           Correlations
              IA            SA            IB            SB
              ________      ________      ________      ________
 IA             1.000
 SA             0.614         1.000
 IB             0.449         0.236         1.000
 SB             0.391         0.655         0.583         1.000


PLOT INFORMATION

The following plots are available:

  Histograms (sample values, estimated factor scores)
  Scatterplots (sample values, estimated factor scores)
  Latent variable distribution plots

     Beginning Time:  23:49:45
        Ending Time:  00:03:42
       Elapsed Time:  00:13:57



MUTHEN & MUTHEN
3463 Stoner Ave.
Los Angeles, CA  90066

Tel: (310) 391-9971
Fax: (310) 391-8971
Web: www.StatModel.com
Support: Support@StatModel.com

Copyright (c) 1998-2015 Muthen & Muthen
