Mplus VERSION 7.4 (Mac)
MUTHEN & MUTHEN
06/28/2017   8:14 AM

INPUT INSTRUCTIONS

  TITLE:
  ALT, nested LGM
  DATA:
  File = wide-dataset.dat ;
  VARIABLE:
  NAMES are
   id hhid male birthyr_rand birthmo_rand race_rand hispanic_rand cohort
      raedyrs raedegrm memoryproblems_baseline memory_disease_ever age_baseline
      activity_mean_2004 activity_mean_2006 activity_mean_2008 activity_mean_2010
      activity_mean_2012 activity_mean_2014 activity_sum_2004 activity_sum_2006
      activity_sum_2008 activity_sum_2010 activity_sum_2012 activity_sum_2014
      close_social_network_2004 close_social_network_2006 close_social_network_2008
      close_social_network_2010 close_social_network_2012 close_social_network_2014
      countb20r_2004 countb20r_2006 countb20r_2008 countb20r_2010 countb20r_2012
      countb20r_2014 dep_total_2004 dep_total_2006 dep_total_2008 dep_total_2010
      dep_total_2012 dep_total_2014 exercise_2004 exercise_2006 exercise_2008
      exercise_2010 exercise_2012 exercise_2014 healthcond_2004 healthcond_2006
      healthcond_2008 healthcond_2010 healthcond_2012 healthcond_2014 hhres_2004
      hhres_2006 hhres_2008 hhres_2010 hhres_2012 hhres_2014 hrs_tscore_2004
      hrs_tscore_2006 hrs_tscore_2008 hrs_tscore_2010 hrs_tscore_2012 hrs_tscore_2014
      intage_r_2004 intage_r_2006 intage_r_2008 intage_r_2010 intage_r_2012
      intage_r_2014 interview_date_2004 interview_date_2006 interview_date_2008
      interview_date_2010 interview_date_2012 interview_date_2014 lb_65_wave_2004
      lb_65_wave_2006 lb_65_wave_2008 lb_65_wave_2010 lb_65_wave_2012 lb_65_wave_2014
      lb_wave_2004 lb_wave_2006 lb_wave_2008 lb_wave_2010 lb_wave_2012 lb_wave_2014
      listassi_2004 listassi_2006 listassi_2008 listassi_2010 listassi_2012
      listassi_2014 mentalstatus_tot_2004 mentalstatus_tot_2006 mentalstatus_tot_2008
      mentalstatus_tot_2010 mentalstatus_tot_2012 mentalstatus_tot_2014 proxy_2004
      proxy_2006 proxy_2008 proxy_2010 proxy_2012 proxy_2014 responded_2004
      responded_2006 responded_2008 responded_2010 responded_2012 responded_2014
      rmaritalst_2004 rmaritalst_2006 rmaritalst_2008 rmaritalst_2010 rmaritalst_2012
      rmaritalst_2014 rpartst_2004 rpartst_2006 rpartst_2008 rpartst_2010
      rpartst_2012 rpartst_2014 score_loneliness_11_2004 score_loneliness_11_2006
      score_loneliness_11_2008 score_loneliness_11_2010 score_loneliness_11_2012
      score_loneliness_11_2014 score_loneliness_3_2004 score_loneliness_3_2006
      score_loneliness_3_2008 score_loneliness_3_2010 score_loneliness_3_2012
      score_loneliness_3_2014 shhidpnr_2004 shhidpnr_2006 shhidpnr_2008 shhidpnr_2010
      shhidpnr_2012 shhidpnr_2014 snchild_2004 snchild_2006 snchild_2008 snchild_2010
      snchild_2012 snchild_2014 snfamily_2004 snfamily_2006 snfamily_2008
      snfamily_2010 snfamily_2012 snfamily_2014 snfriends_2004 snfriends_2006
      snfriends_2008 snfriends_2010 snfriends_2012 snfriends_2014 snspouse_2004
      snspouse_2006 snspouse_2008 snspouse_2010 snspouse_2012 snspouse_2014
      social_contact_total_2004 social_contact_total_2006 social_contact_total_2008
      social_contact_total_2010 social_contact_total_2012 social_contact_total_2014
      social_strain_mean_2004 social_strain_mean_2006 social_strain_mean_2008
      social_strain_mean_2010 social_strain_mean_2012 social_strain_mean_2014
      social_support_mean_2004 social_support_mean_2006 social_support_mean_2008
      social_support_mean_2010 social_support_mean_2012 social_support_mean_2014
      socialnetwork_total_2004 socialnetwork_total_2006 socialnetwork_total_2008
      socialnetwork_total_2010 socialnetwork_total_2012 socialnetwork_total_2014
      srmemory_2004 srmemory_2006 srmemory_2008 srmemory_2010 srmemory_2012
      srmemory_2014 srmemoryp_2004 srmemoryp_2006 srmemoryp_2008 srmemoryp_2010
      srmemoryp_2012 srmemoryp_2014 vocab_total_2004 vocab_total_2006 vocab_total_2008
      vocab_total_2010 vocab_total_2012 vocab_total_2014 wrectotd_2004 wrectotd_2006
      wrectotd_2008 wrectotd_2010 wrectotd_2012 wrectotd_2014 wrectoti_2004
      wrectoti_2006 wrectoti_2008 wrectoti_2010 wrectoti_2012 wrectoti_2014
  	;
  Missing are all(9999);
  USEVARIABLES are
  	!define the variables used in the analysis
  	!estimated time points
  a_01
  a_02
  a_03
  a_04
  a_05
  a_06
  	!modelled time points of process (B)
  b_01
  b_02
  b_03
  b_04
  b_05
  b_06
  	! covariates used in the model
   	;
  SUBPOPULATION are
  	!select a subset of observations
  memoryproblems_baseline EQ 0
  ;
  CLUSTER = hhid;
  DEFINE:
    ! centre baseline age
  a = age_baseline - 69;
  	! assign variables to the process (A)
  a_01=wrectoti_2004;
  a_02=wrectoti_2006;
  a_03=wrectoti_2008;
  a_04=wrectoti_2010;
  a_05=wrectoti_2012;
  a_06=wrectoti_2014;
  	! assign variables to the process (B)
  b_01=social_contact_total_2004;
  b_02=social_contact_total_2006;
  b_03=social_contact_total_2008;
  b_04=social_contact_total_2010;
  b_05=social_contact_total_2012;
  b_06=social_contact_total_2014;
  ANALYSIS:
  TYPE = COMPLEX RANDOM;
  COVERAGE=.00;
  H1ITERATIONS=10000;
  MODEL:
  	!LGM part
  	! assign process (A) to time points
  ia sa | a_01@0
  a_02@2
  a_03@4
  a_04@6
  a_05@8
  a_06@10 ;
  	! assign process (B) to time points
  ib sb | b_01@0
  b_02@2
  b_03@4
  b_04@6
  b_05@8
  b_06@10 ;
  	!correlations between the first measurement points
  a_01 WITH b_01;
  	!autoregressive part
  a_01;
  a_02 ON a_01@0;
  a_03 ON a_02@0;
  a_04 ON a_03@0;
  a_05 ON a_04@0;
  a_06 ON a_05@0;
  b_01;
  b_02 ON b_01@0;
  b_03 ON b_02@0;
  b_04 ON b_03@0;
  b_05 ON b_04@0;
  b_06 ON b_05@0;
  	!Cross lagged part
  a_02 ON b_01@0;
  a_03 ON b_02@0;
  a_04 ON b_03@0;
  a_05 ON b_04@0;
  a_06 ON b_05@0;
  b_02 ON a_01@0;
  b_03 ON a_02@0;
  b_04 ON a_03@0;
  b_05 ON a_04@0;
  b_06 ON a_05@0;
  ! Time specific correlations
  b_02 WITH a_02@0;
  b_03 WITH a_03@0;
  b_04 WITH a_04@0;
  b_05 WITH a_05@0;
  b_06 WITH a_06@0;
  !SAVEDATA:
  !FILE is   %saved_analysis%_fscores.dat;
  !SAVE = FSCORES;
  !RESULTS are   %saved_analysis%_results.dat;
  	
  OUTPUT: SAMPSTAT MODINDICES (3.0); TECH1 TECH2 TECH3;;



INPUT READING TERMINATED NORMALLY




ALT, nested LGM

SUMMARY OF ANALYSIS

Number of groups                                                 1
Number of observations                                       11556

Number of dependent variables                                   12
Number of independent variables                                  0
Number of continuous latent variables                            4

Observed dependent variables

  Continuous
   A_01        A_02        A_03        A_04        A_05        A_06
   B_01        B_02        B_03        B_04        B_05        B_06

Continuous latent variables
   IA          SA          IB          SB

Variables with special functions

  Cluster variable      HHID

Estimator                                                      MLR
Information matrix                                        OBSERVED
Maximum number of iterations                                   100
Convergence criterion                                    0.100D-05
Maximum number of EM iterations                                500
Convergence criteria for the EM algorithm
  Loglikelihood change                                   0.100D-02
  Relative loglikelihood change                          0.100D-05
  Derivative                                             0.100D-03
Minimum variance                                         0.100D-03
Maximum number of steepest descent iterations                   20
Maximum number of iterations for H1                          10000
Convergence criterion for H1                             0.100D-03
Optimization algorithm                                         EMA

Input data file(s)
  wide-dataset.dat
Input data format  FREE


SUMMARY OF DATA

     Number of missing data patterns           328
     Number of clusters        8479



SAMPLE STATISTICS


     ESTIMATED SAMPLE STATISTICS


           Means
              A_01          A_02          A_03          A_04          A_05
              ________      ________      ________      ________      ________
 1              5.452         5.316         5.187         4.903         4.757


           Means
              A_06          B_01          B_02          B_03          B_04
              ________      ________      ________      ________      ________
 1              4.665        30.358        29.543        29.644        29.382


           Means
              B_05          B_06
              ________      ________
 1             28.808        28.352


           Covariances
              A_01          A_02          A_03          A_04          A_05
              ________      ________      ________      ________      ________
 A_01           2.476
 A_02           1.303         2.648
 A_03           1.322         1.379         2.765
 A_04           1.268         1.462         1.446         3.015
 A_05           1.344         1.324         1.554         1.578         3.127
 A_06           1.287         1.528         1.507         1.720         1.690
 B_01           2.296         2.320         2.443         2.412         2.456
 B_02           2.566         2.707         2.544         2.447         2.897
 B_03           3.083         3.096         3.097         3.566         3.125
 B_04           2.906         3.277         3.453         3.376         3.434
 B_05           3.141         3.380         3.816         3.621         3.900
 B_06           2.662         2.807         3.381         3.027         3.620


           Covariances
              A_06          B_01          B_02          B_03          B_04
              ________      ________      ________      ________      ________
 A_06           3.222
 B_01           1.977        72.795
 B_02           2.515        38.349        71.031
 B_03           3.621        39.715        47.053        77.159
 B_04           3.541        37.257        45.049        30.989        76.845
 B_05           4.163        40.278        54.901        49.173        39.708
 B_06           3.885        39.938        41.533        64.454        50.975


           Covariances
              B_05          B_06
              ________      ________
 B_05          81.957
 B_06          37.318        82.032


           Correlations
              A_01          A_02          A_03          A_04          A_05
              ________      ________      ________      ________      ________
 A_01           1.000
 A_02           0.509         1.000
 A_03           0.505         0.510         1.000
 A_04           0.464         0.518         0.501         1.000
 A_05           0.483         0.460         0.528         0.514         1.000
 A_06           0.456         0.523         0.505         0.552         0.532
 B_01           0.171         0.167         0.172         0.163         0.163
 B_02           0.193         0.197         0.181         0.167         0.194
 B_03           0.223         0.217         0.212         0.234         0.201
 B_04           0.211         0.230         0.237         0.222         0.222
 B_05           0.220         0.229         0.253         0.230         0.244
 B_06           0.187         0.190         0.224         0.192         0.226


           Correlations
              A_06          B_01          B_02          B_03          B_04
              ________      ________      ________      ________      ________
 A_06           1.000
 B_01           0.129         1.000
 B_02           0.166         0.533         1.000
 B_03           0.230         0.530         0.636         1.000
 B_04           0.225         0.498         0.610         0.402         1.000
 B_05           0.256         0.521         0.720         0.618         0.500
 B_06           0.239         0.517         0.544         0.810         0.642


           Correlations
              B_05          B_06
              ________      ________
 B_05           1.000
 B_06           0.455         1.000


     MAXIMUM LOG-LIKELIHOOD VALUE FOR THE UNRESTRICTED (H1) MODEL IS -165964.274


UNIVARIATE SAMPLE STATISTICS


     UNIVARIATE HIGHER-ORDER MOMENT DESCRIPTIVE STATISTICS

         Variable/         Mean/     Skewness/   Minimum/ % with                Percentiles
        Sample Size      Variance    Kurtosis    Maximum  Min/Max      20%/60%    40%/80%    Median

     A_01                  5.264      -0.140       0.000    0.49%       4.000      5.000      5.000
            7215.000       2.416       0.318      10.000    0.30%       6.000      7.000
     A_02                  5.171      -0.064       0.000    0.43%       4.000      5.000      5.000
            8651.000       2.597       0.149      10.000    0.35%       6.000      6.000
     A_03                  5.125      -0.121       0.000    0.66%       4.000      5.000      5.000
            9254.000       2.712       0.186      10.000    0.29%       6.000      6.000
     A_04                  4.969      -0.196       0.000    1.25%       4.000      5.000      5.000
            8803.000       2.893       0.262      10.000    0.32%       5.000      6.000
     A_05                  4.922      -0.228       0.000    1.64%       4.000      5.000      5.000
            8604.000       2.970       0.322      10.000    0.30%       5.000      6.000
     A_06                  4.939      -0.129       0.000    1.20%       4.000      5.000      5.000
            7904.000       2.978       0.238      10.000    0.35%       5.000      6.000
     B_01                 30.206      -0.251       3.000    0.07%      23.000     29.000     31.000
            1345.000      71.228       0.020      53.000    0.07%      33.000     37.000
     B_02                 29.120      -0.291       3.000    0.07%      22.000     28.000     30.000
            4434.000      70.345       0.068      54.000    0.11%      32.000     36.000
     B_03                 29.447      -0.244       3.000    0.16%      22.000     28.000     30.000
            4439.000      76.347      -0.053      54.000    0.11%      32.000     37.000
     B_04                 29.775      -0.250       3.000    0.05%      23.000     28.000     30.000
            4160.000      75.053      -0.113      54.000    0.05%      32.000     37.000
     B_05                 29.495      -0.215       3.000    0.03%      22.000     28.000     30.000
            3767.000      79.069      -0.166      54.000    0.08%      32.000     37.000
     B_06                 29.391      -0.244       3.000    0.15%      22.000     28.000     30.000
            3962.000      79.035      -0.146      54.000    0.10%      32.000     37.000


THE MODEL ESTIMATION TERMINATED NORMALLY



MODEL FIT INFORMATION

Number of Free Parameters                       27

Loglikelihood

          H0 Value                     -166092.867
          H0 Scaling Correction Factor      1.3039
            for MLR
          H1 Value                     -165964.274
          H1 Scaling Correction Factor      1.1130
            for MLR

Information Criteria

          Akaike (AIC)                  332239.734
          Bayesian (BIC)                332438.318
          Sample-Size Adjusted BIC      332352.515
            (n* = (n + 2) / 24)

Chi-Square Test of Model Fit

          Value                            249.407*
          Degrees of Freedom                    63
          P-Value                           0.0000
          Scaling Correction Factor         1.0312
            for MLR

*   The chi-square value for MLM, MLMV, MLR, ULSMV, WLSM and WLSMV cannot be used
    for chi-square difference testing in the regular way.  MLM, MLR and WLSM
    chi-square difference testing is described on the Mplus website.  MLMV, WLSMV,
    and ULSMV difference testing is done using the DIFFTEST option.

RMSEA (Root Mean Square Error Of Approximation)

          Estimate                           0.016

CFI/TLI

          CFI                                0.990
          TLI                                0.989

Chi-Square Test of Model Fit for the Baseline Model

          Value                          18467.434
          Degrees of Freedom                    66
          P-Value                           0.0000

SRMR (Standardized Root Mean Square Residual)

          Value                              0.050



MODEL RESULTS

                                                    Two-Tailed
                    Estimate       S.E.  Est./S.E.    P-Value

 IA       |
    A_01               1.000      0.000    999.000    999.000
    A_02               1.000      0.000    999.000    999.000
    A_03               1.000      0.000    999.000    999.000
    A_04               1.000      0.000    999.000    999.000
    A_05               1.000      0.000    999.000    999.000
    A_06               1.000      0.000    999.000    999.000

 SA       |
    A_01               0.000      0.000    999.000    999.000
    A_02               2.000      0.000    999.000    999.000
    A_03               4.000      0.000    999.000    999.000
    A_04               6.000      0.000    999.000    999.000
    A_05               8.000      0.000    999.000    999.000
    A_06              10.000      0.000    999.000    999.000

 IB       |
    B_01               1.000      0.000    999.000    999.000
    B_02               1.000      0.000    999.000    999.000
    B_03               1.000      0.000    999.000    999.000
    B_04               1.000      0.000    999.000    999.000
    B_05               1.000      0.000    999.000    999.000
    B_06               1.000      0.000    999.000    999.000

 SB       |
    B_01               0.000      0.000    999.000    999.000
    B_02               2.000      0.000    999.000    999.000
    B_03               4.000      0.000    999.000    999.000
    B_04               6.000      0.000    999.000    999.000
    B_05               8.000      0.000    999.000    999.000
    B_06              10.000      0.000    999.000    999.000

 A_02       ON
    A_01               0.000      0.000    999.000    999.000
    B_01               0.000      0.000    999.000    999.000

 A_03       ON
    A_02               0.000      0.000    999.000    999.000
    B_02               0.000      0.000    999.000    999.000

 A_04       ON
    A_03               0.000      0.000    999.000    999.000
    B_03               0.000      0.000    999.000    999.000

 A_05       ON
    A_04               0.000      0.000    999.000    999.000
    B_04               0.000      0.000    999.000    999.000

 A_06       ON
    A_05               0.000      0.000    999.000    999.000
    B_05               0.000      0.000    999.000    999.000

 B_02       ON
    B_01               0.000      0.000    999.000    999.000
    A_01               0.000      0.000    999.000    999.000

 B_03       ON
    B_02               0.000      0.000    999.000    999.000
    A_02               0.000      0.000    999.000    999.000

 B_04       ON
    B_03               0.000      0.000    999.000    999.000
    A_03               0.000      0.000    999.000    999.000

 B_05       ON
    B_04               0.000      0.000    999.000    999.000
    A_04               0.000      0.000    999.000    999.000

 B_06       ON
    B_05               0.000      0.000    999.000    999.000
    A_05               0.000      0.000    999.000    999.000

 SA       WITH
    IA                 0.005      0.004      1.316      0.188

 IB       WITH
    IA                 2.756      0.165     16.700      0.000
    SA                -0.014      0.021     -0.673      0.501

 SB       WITH
    IA                 0.026      0.024      1.067      0.286
    SA                 0.013      0.003      4.608      0.000
    IB                -0.165      0.275     -0.600      0.549

 A_01     WITH
    B_01              -0.127      0.295     -0.430      0.667

 B_02     WITH
    A_02               0.000      0.000    999.000    999.000

 B_03     WITH
    A_03               0.000      0.000    999.000    999.000

 B_04     WITH
    A_04               0.000      0.000    999.000    999.000

 B_05     WITH
    A_05               0.000      0.000    999.000    999.000

 B_06     WITH
    A_06               0.000      0.000    999.000    999.000

 Means
    IA                 5.471      0.015    360.501      0.000
    SA                -0.084      0.002    -44.638      0.000
    IB                30.205      0.112    269.989      0.000
    SB                -0.175      0.015    -11.424      0.000

 Intercepts
    A_01               0.000      0.000    999.000    999.000
    A_02               0.000      0.000    999.000    999.000
    A_03               0.000      0.000    999.000    999.000
    A_04               0.000      0.000    999.000    999.000
    A_05               0.000      0.000    999.000    999.000
    A_06               0.000      0.000    999.000    999.000
    B_01               0.000      0.000    999.000    999.000
    B_02               0.000      0.000    999.000    999.000
    B_03               0.000      0.000    999.000    999.000
    B_04               0.000      0.000    999.000    999.000
    B_05               0.000      0.000    999.000    999.000
    B_06               0.000      0.000    999.000    999.000

 Variances
    IA                 1.295      0.034     38.054      0.000
    SA                 0.005      0.001      7.328      0.000
    IB                43.142      2.205     19.566      0.000
    SB                 0.189      0.049      3.841      0.000

 Residual Variances
    A_01               1.206      0.036     33.811      0.000
    A_02               1.289      0.029     44.040      0.000
    A_03               1.351      0.027     49.331      0.000
    A_04               1.469      0.036     40.857      0.000
    A_05               1.508      0.042     35.570      0.000
    A_06               1.375      0.038     36.200      0.000
    B_01              34.436      2.787     12.354      0.000
    B_02              28.892      1.593     18.132      0.000
    B_03              31.106      1.355     22.962      0.000
    B_04              27.776      1.126     24.669      0.000
    B_05              27.359      1.652     16.561      0.000
    B_06              26.292      2.033     12.936      0.000


QUALITY OF NUMERICAL RESULTS

     Condition Number for the Information Matrix              0.288E-04
       (ratio of smallest to largest eigenvalue)


MODEL MODIFICATION INDICES

NOTE:  Modification indices for direct effects of observed dependent variables
regressed on covariates may not be included.  To include these, request
MODINDICES (ALL).

Minimum M.I. value for printing the modification index     3.000

                                   M.I.     E.P.C.


ON/BY Statements

A_03     ON IA       /
IA       BY A_03                  23.281     0.012
A_03     ON SA       /
SA       BY A_03                  22.074    -0.729
A_03     ON IB       /
IB       BY A_03                  23.696     0.002
A_03     ON SB       /
SB       BY A_03                   5.425    -0.132
A_04     ON IA       /
IA       BY A_04                  24.930    -0.013
A_04     ON SA       /
SA       BY A_04                  32.076     0.933
A_04     ON IB       /
IB       BY A_04                  26.519    -0.002
A_04     ON SB       /
SB       BY A_04                  10.394     0.189
A_05     ON IA       /
IA       BY A_05                  12.619    -0.010
A_05     ON SA       /
SA       BY A_05                   5.264     0.421
A_05     ON IB       /
IB       BY A_05                  11.043    -0.002
A_06     ON IA       /
IA       BY A_06                  19.909     0.016
A_06     ON SA       /
SA       BY A_06                  16.243    -0.914
A_06     ON IB       /
IB       BY A_06                  19.139     0.003
A_06     ON SB       /
SB       BY A_06                   5.292    -0.182
B_02     ON IA       /
IA       BY B_02                  21.158    -0.113
B_02     ON SA       /
SA       BY B_02                  14.835     5.871
B_02     ON IB       /
IB       BY B_02                  19.761    -0.020
B_02     ON SB       /
SB       BY B_02                   5.859     1.426
B_04     ON IA       /
IA       BY B_04                  21.350     0.087
B_04     ON SA       /
SA       BY B_04                  13.900    -4.332
B_04     ON IB       /
IB       BY B_04                  20.938     0.016
B_04     ON SB       /
SB       BY B_04                   9.205    -1.529
B_06     ON IA       /
IA       BY B_06                  12.980    -0.103
B_06     ON SA       /
SA       BY B_06                   5.511     4.137
B_06     ON IB       /
IB       BY B_06                  12.949    -0.019
IA       ON IB       /
IB       BY IA                   999.000     0.000
SA       ON IA       /
IA       BY SA                   999.000     0.000
SA       ON IB       /
IB       BY SA                   999.000     0.000
SB       ON IB       /
IB       BY SB                   999.000     0.000

ON Statements

IA       ON A_05                   3.234    -0.025
IA       ON B_04                   4.309     0.010
IA       ON B_06                   6.663    -0.020
SA       ON A_04                  12.232     0.006
SA       ON A_05                   8.945    -0.007
IB       ON B_01                   4.671    -0.110
IB       ON B_04                   3.161     0.065
IB       ON B_06                   7.976    -0.155
SB       ON A_03                   4.865     0.024
SB       ON A_04                   4.268    -0.021
SB       ON B_06                   6.993    -0.044
A_01     ON A_04                   5.871    -0.009
A_01     ON A_06                   4.350    -0.008
A_02     ON A_06                   3.794     0.006
A_03     ON A_01                  24.465     0.012
A_03     ON A_02                  22.337     0.012
A_03     ON A_03                  23.001     0.013
A_03     ON A_04                  17.077     0.011
A_03     ON A_05                  29.592     0.015
A_03     ON A_06                  16.578     0.012
A_03     ON B_01                  23.631     0.002
A_03     ON B_02                  21.525     0.002
A_03     ON B_03                  21.900     0.002
A_03     ON B_04                  25.126     0.002
A_03     ON B_05                  25.212     0.002
A_03     ON B_06                  24.644     0.002
A_04     ON A_01                  28.674    -0.014
A_04     ON A_02                  19.217    -0.012
A_04     ON A_03                  27.793    -0.014
A_04     ON A_04                  23.641    -0.014
A_04     ON A_05                  22.053    -0.014
A_04     ON A_06                  15.316    -0.012
A_04     ON B_01                  26.074    -0.002
A_04     ON B_02                  26.790    -0.002
A_04     ON B_03                  23.536    -0.002
A_04     ON B_04                  24.750    -0.002
A_04     ON B_05                  27.820    -0.003
A_04     ON B_06                  27.809    -0.003
A_05     ON A_01                   9.869    -0.009
A_05     ON A_02                  20.500    -0.013
A_05     ON A_03                   7.401    -0.008
A_05     ON A_04                  12.755    -0.011
A_05     ON A_05                  13.574    -0.012
A_05     ON A_06                  17.190    -0.014
A_05     ON B_01                  10.925    -0.002
A_05     ON B_02                   9.775    -0.002
A_05     ON B_03                  12.087    -0.002
A_05     ON B_04                  11.934    -0.002
A_05     ON B_05                  10.583    -0.002
A_05     ON B_06                  11.269    -0.002
A_06     ON A_01                  16.875     0.014
A_06     ON A_02                  26.829     0.019
A_06     ON A_03                  13.268     0.013
A_06     ON A_04                  27.814     0.020
A_06     ON A_05                  13.810     0.015
A_06     ON A_06                  19.955     0.019
A_06     ON B_01                  18.476     0.003
A_06     ON B_02                  18.377     0.003
A_06     ON B_03                  19.957     0.003
A_06     ON B_04                  18.367     0.003
A_06     ON B_05                  18.949     0.003
A_06     ON B_06                  19.566     0.003
B_02     ON A_01                  20.286    -0.108
B_02     ON A_02                  19.071    -0.107
B_02     ON A_03                  24.485    -0.124
B_02     ON A_04                  21.448    -0.120
B_02     ON A_05                  15.742    -0.106
B_02     ON A_06                  21.228    -0.128
B_02     ON B_01                  20.419    -0.020
B_02     ON B_02                  19.824    -0.020
B_02     ON B_03                  19.906    -0.020
B_02     ON B_04                  16.265    -0.018
B_02     ON B_05                  20.037    -0.021
B_02     ON B_06                  22.305    -0.022
B_04     ON A_01                  20.133     0.083
B_04     ON A_02                  22.691     0.091
B_04     ON A_03                  23.365     0.094
B_04     ON A_04                  22.585     0.095
B_04     ON A_05                  18.077     0.087
B_04     ON A_06                  19.711     0.094
B_04     ON B_01                  19.706     0.015
B_04     ON B_02                  23.347     0.017
B_04     ON B_03                  21.022     0.016
B_04     ON B_04                  21.178     0.016
B_04     ON B_05                  21.215     0.017
B_04     ON B_06                  20.970     0.017
B_06     ON A_01                  12.372    -0.099
B_06     ON A_02                  15.072    -0.111
B_06     ON A_03                  10.794    -0.096
B_06     ON A_04                  17.037    -0.123
B_06     ON A_05                  12.519    -0.109
B_06     ON A_06                  11.502    -0.108
B_06     ON B_01                  12.014    -0.018
B_06     ON B_02                  15.379    -0.020
B_06     ON B_03                  13.178    -0.019
B_06     ON B_04                  13.550    -0.020
B_06     ON B_05                  13.576    -0.020
B_06     ON B_06                  13.735    -0.020

WITH Statements

A_03     WITH SB                   4.886     0.033
A_04     WITH SA                  12.258     0.009
A_04     WITH SB                   4.251    -0.030
A_04     WITH A_01                 9.979    -0.071
A_04     WITH A_02                 8.018     0.059
A_04     WITH A_03                 7.017    -0.054
A_05     WITH IA                   3.215    -0.038
A_05     WITH SA                   8.916    -0.010
A_05     WITH A_01                 6.687     0.065
A_05     WITH A_02                37.665    -0.140
A_05     WITH A_03                18.270     0.093
A_06     WITH A_01                 3.829    -0.057
A_06     WITH A_02                19.692     0.110
A_06     WITH A_03                10.200    -0.074
A_06     WITH A_04                17.813     0.103
A_06     WITH A_05                11.104    -0.103
B_01     WITH IB                   4.546    -3.735
B_02     WITH A_03                 4.334    -0.291
B_02     WITH A_05                 4.186     0.345
B_03     WITH A_04                 6.310     0.393
B_04     WITH IA                   4.357     0.281
B_04     WITH IB                   3.216     1.830
B_04     WITH B_01                 3.877    -3.835
B_04     WITH B_02                12.027     3.894
B_05     WITH A_03                 3.500     0.306
B_05     WITH A_04                 4.958    -0.370
B_06     WITH IA                   6.570    -0.529
B_06     WITH IB                   7.849    -4.052
B_06     WITH SB                   6.824    -1.133
B_06     WITH A_04                 5.032    -0.363
B_06     WITH B_02                 9.916    -4.060

Means/Intercepts/Thresholds

[ A_03     ]                      23.682     0.068
[ A_04     ]                      26.411    -0.076
[ A_05     ]                      10.737    -0.053
[ A_06     ]                      18.699     0.086
[ B_02     ]                      19.385    -0.601
[ B_04     ]                      17.772     0.442
[ B_06     ]                       9.170    -0.482


TECHNICAL 1 OUTPUT


     PARAMETER SPECIFICATION


           NU
              A_01          A_02          A_03          A_04          A_05
              ________      ________      ________      ________      ________
 1                  0             0             0             0             0


           NU
              A_06          B_01          B_02          B_03          B_04
              ________      ________      ________      ________      ________
 1                  0             0             0             0             0


           NU
              B_05          B_06
              ________      ________
 1                  0             0


           LAMBDA
              IA            SA            IB            SB            A_01
              ________      ________      ________      ________      ________
 A_01               0             0             0             0             0
 A_02               0             0             0             0             0
 A_03               0             0             0             0             0
 A_04               0             0             0             0             0
 A_05               0             0             0             0             0
 A_06               0             0             0             0             0
 B_01               0             0             0             0             0
 B_02               0             0             0             0             0
 B_03               0             0             0             0             0
 B_04               0             0             0             0             0
 B_05               0             0             0             0             0
 B_06               0             0             0             0             0


           LAMBDA
              A_02          A_03          A_04          A_05          A_06
              ________      ________      ________      ________      ________
 A_01               0             0             0             0             0
 A_02               0             0             0             0             0
 A_03               0             0             0             0             0
 A_04               0             0             0             0             0
 A_05               0             0             0             0             0
 A_06               0             0             0             0             0
 B_01               0             0             0             0             0
 B_02               0             0             0             0             0
 B_03               0             0             0             0             0
 B_04               0             0             0             0             0
 B_05               0             0             0             0             0
 B_06               0             0             0             0             0


           LAMBDA
              B_01          B_02          B_03          B_04          B_05
              ________      ________      ________      ________      ________
 A_01               0             0             0             0             0
 A_02               0             0             0             0             0
 A_03               0             0             0             0             0
 A_04               0             0             0             0             0
 A_05               0             0             0             0             0
 A_06               0             0             0             0             0
 B_01               0             0             0             0             0
 B_02               0             0             0             0             0
 B_03               0             0             0             0             0
 B_04               0             0             0             0             0
 B_05               0             0             0             0             0
 B_06               0             0             0             0             0


           LAMBDA
              B_06
              ________
 A_01               0
 A_02               0
 A_03               0
 A_04               0
 A_05               0
 A_06               0
 B_01               0
 B_02               0
 B_03               0
 B_04               0
 B_05               0
 B_06               0


           THETA
              A_01          A_02          A_03          A_04          A_05
              ________      ________      ________      ________      ________
 A_01               0
 A_02               0             0
 A_03               0             0             0
 A_04               0             0             0             0
 A_05               0             0             0             0             0
 A_06               0             0             0             0             0
 B_01               0             0             0             0             0
 B_02               0             0             0             0             0
 B_03               0             0             0             0             0
 B_04               0             0             0             0             0
 B_05               0             0             0             0             0
 B_06               0             0             0             0             0


           THETA
              A_06          B_01          B_02          B_03          B_04
              ________      ________      ________      ________      ________
 A_06               0
 B_01               0             0
 B_02               0             0             0
 B_03               0             0             0             0
 B_04               0             0             0             0             0
 B_05               0             0             0             0             0
 B_06               0             0             0             0             0


           THETA
              B_05          B_06
              ________      ________
 B_05               0
 B_06               0             0


           ALPHA
              IA            SA            IB            SB            A_01
              ________      ________      ________      ________      ________
 1                  1             2             3             4             0


           ALPHA
              A_02          A_03          A_04          A_05          A_06
              ________      ________      ________      ________      ________
 1                  0             0             0             0             0


           ALPHA
              B_01          B_02          B_03          B_04          B_05
              ________      ________      ________      ________      ________
 1                  0             0             0             0             0


           ALPHA
              B_06
              ________
 1                  0


           BETA
              IA            SA            IB            SB            A_01
              ________      ________      ________      ________      ________
 IA                 0             0             0             0             0
 SA                 0             0             0             0             0
 IB                 0             0             0             0             0
 SB                 0             0             0             0             0
 A_01               0             0             0             0             0
 A_02               0             0             0             0             0
 A_03               0             0             0             0             0
 A_04               0             0             0             0             0
 A_05               0             0             0             0             0
 A_06               0             0             0             0             0
 B_01               0             0             0             0             0
 B_02               0             0             0             0             0
 B_03               0             0             0             0             0
 B_04               0             0             0             0             0
 B_05               0             0             0             0             0
 B_06               0             0             0             0             0


           BETA
              A_02          A_03          A_04          A_05          A_06
              ________      ________      ________      ________      ________
 IA                 0             0             0             0             0
 SA                 0             0             0             0             0
 IB                 0             0             0             0             0
 SB                 0             0             0             0             0
 A_01               0             0             0             0             0
 A_02               0             0             0             0             0
 A_03               0             0             0             0             0
 A_04               0             0             0             0             0
 A_05               0             0             0             0             0
 A_06               0             0             0             0             0
 B_01               0             0             0             0             0
 B_02               0             0             0             0             0
 B_03               0             0             0             0             0
 B_04               0             0             0             0             0
 B_05               0             0             0             0             0
 B_06               0             0             0             0             0


           BETA
              B_01          B_02          B_03          B_04          B_05
              ________      ________      ________      ________      ________
 IA                 0             0             0             0             0
 SA                 0             0             0             0             0
 IB                 0             0             0             0             0
 SB                 0             0             0             0             0
 A_01               0             0             0             0             0
 A_02               0             0             0             0             0
 A_03               0             0             0             0             0
 A_04               0             0             0             0             0
 A_05               0             0             0             0             0
 A_06               0             0             0             0             0
 B_01               0             0             0             0             0
 B_02               0             0             0             0             0
 B_03               0             0             0             0             0
 B_04               0             0             0             0             0
 B_05               0             0             0             0             0
 B_06               0             0             0             0             0


           BETA
              B_06
              ________
 IA                 0
 SA                 0
 IB                 0
 SB                 0
 A_01               0
 A_02               0
 A_03               0
 A_04               0
 A_05               0
 A_06               0
 B_01               0
 B_02               0
 B_03               0
 B_04               0
 B_05               0
 B_06               0


           PSI
              IA            SA            IB            SB            A_01
              ________      ________      ________      ________      ________
 IA                 5
 SA                 6             7
 IB                 8             9            10
 SB                11            12            13            14
 A_01               0             0             0             0            15
 A_02               0             0             0             0             0
 A_03               0             0             0             0             0
 A_04               0             0             0             0             0
 A_05               0             0             0             0             0
 A_06               0             0             0             0             0
 B_01               0             0             0             0            21
 B_02               0             0             0             0             0
 B_03               0             0             0             0             0
 B_04               0             0             0             0             0
 B_05               0             0             0             0             0
 B_06               0             0             0             0             0


           PSI
              A_02          A_03          A_04          A_05          A_06
              ________      ________      ________      ________      ________
 A_02              16
 A_03               0            17
 A_04               0             0            18
 A_05               0             0             0            19
 A_06               0             0             0             0            20
 B_01               0             0             0             0             0
 B_02               0             0             0             0             0
 B_03               0             0             0             0             0
 B_04               0             0             0             0             0
 B_05               0             0             0             0             0
 B_06               0             0             0             0             0


           PSI
              B_01          B_02          B_03          B_04          B_05
              ________      ________      ________      ________      ________
 B_01              22
 B_02               0            23
 B_03               0             0            24
 B_04               0             0             0            25
 B_05               0             0             0             0            26
 B_06               0             0             0             0             0


           PSI
              B_06
              ________
 B_06              27


     STARTING VALUES


           NU
              A_01          A_02          A_03          A_04          A_05
              ________      ________      ________      ________      ________
 1              0.000         0.000         0.000         0.000         0.000


           NU
              A_06          B_01          B_02          B_03          B_04
              ________      ________      ________      ________      ________
 1              0.000         0.000         0.000         0.000         0.000


           NU
              B_05          B_06
              ________      ________
 1              0.000         0.000


           LAMBDA
              IA            SA            IB            SB            A_01
              ________      ________      ________      ________      ________
 A_01           0.000         0.000         0.000         0.000         1.000
 A_02           0.000         0.000         0.000         0.000         0.000
 A_03           0.000         0.000         0.000         0.000         0.000
 A_04           0.000         0.000         0.000         0.000         0.000
 A_05           0.000         0.000         0.000         0.000         0.000
 A_06           0.000         0.000         0.000         0.000         0.000
 B_01           0.000         0.000         0.000         0.000         0.000
 B_02           0.000         0.000         0.000         0.000         0.000
 B_03           0.000         0.000         0.000         0.000         0.000
 B_04           0.000         0.000         0.000         0.000         0.000
 B_05           0.000         0.000         0.000         0.000         0.000
 B_06           0.000         0.000         0.000         0.000         0.000


           LAMBDA
              A_02          A_03          A_04          A_05          A_06
              ________      ________      ________      ________      ________
 A_01           0.000         0.000         0.000         0.000         0.000
 A_02           1.000         0.000         0.000         0.000         0.000
 A_03           0.000         1.000         0.000         0.000         0.000
 A_04           0.000         0.000         1.000         0.000         0.000
 A_05           0.000         0.000         0.000         1.000         0.000
 A_06           0.000         0.000         0.000         0.000         1.000
 B_01           0.000         0.000         0.000         0.000         0.000
 B_02           0.000         0.000         0.000         0.000         0.000
 B_03           0.000         0.000         0.000         0.000         0.000
 B_04           0.000         0.000         0.000         0.000         0.000
 B_05           0.000         0.000         0.000         0.000         0.000
 B_06           0.000         0.000         0.000         0.000         0.000


           LAMBDA
              B_01          B_02          B_03          B_04          B_05
              ________      ________      ________      ________      ________
 A_01           0.000         0.000         0.000         0.000         0.000
 A_02           0.000         0.000         0.000         0.000         0.000
 A_03           0.000         0.000         0.000         0.000         0.000
 A_04           0.000         0.000         0.000         0.000         0.000
 A_05           0.000         0.000         0.000         0.000         0.000
 A_06           0.000         0.000         0.000         0.000         0.000
 B_01           1.000         0.000         0.000         0.000         0.000
 B_02           0.000         1.000         0.000         0.000         0.000
 B_03           0.000         0.000         1.000         0.000         0.000
 B_04           0.000         0.000         0.000         1.000         0.000
 B_05           0.000         0.000         0.000         0.000         1.000
 B_06           0.000         0.000         0.000         0.000         0.000


           LAMBDA
              B_06
              ________
 A_01           0.000
 A_02           0.000
 A_03           0.000
 A_04           0.000
 A_05           0.000
 A_06           0.000
 B_01           0.000
 B_02           0.000
 B_03           0.000
 B_04           0.000
 B_05           0.000
 B_06           1.000


           THETA
              A_01          A_02          A_03          A_04          A_05
              ________      ________      ________      ________      ________
 A_01           0.000
 A_02           0.000         0.000
 A_03           0.000         0.000         0.000
 A_04           0.000         0.000         0.000         0.000
 A_05           0.000         0.000         0.000         0.000         0.000
 A_06           0.000         0.000         0.000         0.000         0.000
 B_01           0.000         0.000         0.000         0.000         0.000
 B_02           0.000         0.000         0.000         0.000         0.000
 B_03           0.000         0.000         0.000         0.000         0.000
 B_04           0.000         0.000         0.000         0.000         0.000
 B_05           0.000         0.000         0.000         0.000         0.000
 B_06           0.000         0.000         0.000         0.000         0.000


           THETA
              A_06          B_01          B_02          B_03          B_04
              ________      ________      ________      ________      ________
 A_06           0.000
 B_01           0.000         0.000
 B_02           0.000         0.000         0.000
 B_03           0.000         0.000         0.000         0.000
 B_04           0.000         0.000         0.000         0.000         0.000
 B_05           0.000         0.000         0.000         0.000         0.000
 B_06           0.000         0.000         0.000         0.000         0.000


           THETA
              B_05          B_06
              ________      ________
 B_05           0.000
 B_06           0.000         0.000


           ALPHA
              IA            SA            IB            SB            A_01
              ________      ________      ________      ________      ________
 1              4.922        -0.140        29.457        -0.318         0.000


           ALPHA
              A_02          A_03          A_04          A_05          A_06
              ________      ________      ________      ________      ________
 1              0.000         0.000         0.000         0.000         0.000


           ALPHA
              B_01          B_02          B_03          B_04          B_05
              ________      ________      ________      ________      ________
 1              0.000         0.000         0.000         0.000         0.000


           ALPHA
              B_06
              ________
 1              0.000


           BETA
              IA            SA            IB            SB            A_01
              ________      ________      ________      ________      ________
 IA             0.000         0.000         0.000         0.000         0.000
 SA             0.000         0.000         0.000         0.000         0.000
 IB             0.000         0.000         0.000         0.000         0.000
 SB             0.000         0.000         0.000         0.000         0.000
 A_01           1.000         0.000         0.000         0.000         0.000
 A_02           1.000         2.000         0.000         0.000         0.000
 A_03           1.000         4.000         0.000         0.000         0.000
 A_04           1.000         6.000         0.000         0.000         0.000
 A_05           1.000         8.000         0.000         0.000         0.000
 A_06           1.000        10.000         0.000         0.000         0.000
 B_01           0.000         0.000         1.000         0.000         0.000
 B_02           0.000         0.000         1.000         2.000         0.000
 B_03           0.000         0.000         1.000         4.000         0.000
 B_04           0.000         0.000         1.000         6.000         0.000
 B_05           0.000         0.000         1.000         8.000         0.000
 B_06           0.000         0.000         1.000        10.000         0.000


           BETA
              A_02          A_03          A_04          A_05          A_06
              ________      ________      ________      ________      ________
 IA             0.000         0.000         0.000         0.000         0.000
 SA             0.000         0.000         0.000         0.000         0.000
 IB             0.000         0.000         0.000         0.000         0.000
 SB             0.000         0.000         0.000         0.000         0.000
 A_01           0.000         0.000         0.000         0.000         0.000
 A_02           0.000         0.000         0.000         0.000         0.000
 A_03           0.000         0.000         0.000         0.000         0.000
 A_04           0.000         0.000         0.000         0.000         0.000
 A_05           0.000         0.000         0.000         0.000         0.000
 A_06           0.000         0.000         0.000         0.000         0.000
 B_01           0.000         0.000         0.000         0.000         0.000
 B_02           0.000         0.000         0.000         0.000         0.000
 B_03           0.000         0.000         0.000         0.000         0.000
 B_04           0.000         0.000         0.000         0.000         0.000
 B_05           0.000         0.000         0.000         0.000         0.000
 B_06           0.000         0.000         0.000         0.000         0.000


           BETA
              B_01          B_02          B_03          B_04          B_05
              ________      ________      ________      ________      ________
 IA             0.000         0.000         0.000         0.000         0.000
 SA             0.000         0.000         0.000         0.000         0.000
 IB             0.000         0.000         0.000         0.000         0.000
 SB             0.000         0.000         0.000         0.000         0.000
 A_01           0.000         0.000         0.000         0.000         0.000
 A_02           0.000         0.000         0.000         0.000         0.000
 A_03           0.000         0.000         0.000         0.000         0.000
 A_04           0.000         0.000         0.000         0.000         0.000
 A_05           0.000         0.000         0.000         0.000         0.000
 A_06           0.000         0.000         0.000         0.000         0.000
 B_01           0.000         0.000         0.000         0.000         0.000
 B_02           0.000         0.000         0.000         0.000         0.000
 B_03           0.000         0.000         0.000         0.000         0.000
 B_04           0.000         0.000         0.000         0.000         0.000
 B_05           0.000         0.000         0.000         0.000         0.000
 B_06           0.000         0.000         0.000         0.000         0.000


           BETA
              B_06
              ________
 IA             0.000
 SA             0.000
 IB             0.000
 SB             0.000
 A_01           0.000
 A_02           0.000
 A_03           0.000
 A_04           0.000
 A_05           0.000
 A_06           0.000
 B_01           0.000
 B_02           0.000
 B_03           0.000
 B_04           0.000
 B_05           0.000
 B_06           0.000


           PSI
              IA            SA            IB            SB            A_01
              ________      ________      ________      ________      ________
 IA             2.567
 SA             0.000         0.260
 IB             0.000         0.000        92.585
 SB             0.000         0.000         0.000         8.702
 A_01           0.000         0.000         0.000         0.000         1.208
 A_02           0.000         0.000         0.000         0.000         0.000
 A_03           0.000         0.000         0.000         0.000         0.000
 A_04           0.000         0.000         0.000         0.000         0.000
 A_05           0.000         0.000         0.000         0.000         0.000
 A_06           0.000         0.000         0.000         0.000         0.000
 B_01           0.000         0.000         0.000         0.000         0.000
 B_02           0.000         0.000         0.000         0.000         0.000
 B_03           0.000         0.000         0.000         0.000         0.000
 B_04           0.000         0.000         0.000         0.000         0.000
 B_05           0.000         0.000         0.000         0.000         0.000
 B_06           0.000         0.000         0.000         0.000         0.000


           PSI
              A_02          A_03          A_04          A_05          A_06
              ________      ________      ________      ________      ________
 A_02           1.299
 A_03           0.000         1.356
 A_04           0.000         0.000         1.446
 A_05           0.000         0.000         0.000         1.485
 A_06           0.000         0.000         0.000         0.000         1.489
 B_01           0.000         0.000         0.000         0.000         0.000
 B_02           0.000         0.000         0.000         0.000         0.000
 B_03           0.000         0.000         0.000         0.000         0.000
 B_04           0.000         0.000         0.000         0.000         0.000
 B_05           0.000         0.000         0.000         0.000         0.000
 B_06           0.000         0.000         0.000         0.000         0.000


           PSI
              B_01          B_02          B_03          B_04          B_05
              ________      ________      ________      ________      ________
 B_01          35.614
 B_02           0.000        35.172
 B_03           0.000         0.000        38.174
 B_04           0.000         0.000         0.000        37.527
 B_05           0.000         0.000         0.000         0.000        39.535
 B_06           0.000         0.000         0.000         0.000         0.000


           PSI
              B_06
              ________
 B_06          39.518


TECHNICAL 2 OUTPUT


     DERIVATIVES


           Derivatives With Respect to NU
              A_01          A_02          A_03          A_04          A_05
              ________      ________      ________      ________      ________
 1          0.000E+00     0.000E+00     0.000E+00     0.000E+00     0.000E+00


           Derivatives With Respect to NU
              A_06          B_01          B_02          B_03          B_04
              ________      ________      ________      ________      ________
 1          0.000E+00     0.000E+00     0.000E+00     0.000E+00     0.000E+00


           Derivatives With Respect to NU
              B_05          B_06
              ________      ________
 1          0.000E+00     0.000E+00


           Derivatives With Respect to LAMBDA
              IA            SA            IB            SB            A_01
              ________      ________      ________      ________      ________
 A_01       0.000E+00     0.000E+00     0.000E+00     0.000E+00     0.000E+00
 A_02       0.000E+00     0.000E+00     0.000E+00     0.000E+00     0.000E+00
 A_03       0.000E+00     0.000E+00     0.000E+00     0.000E+00     0.000E+00
 A_04       0.000E+00     0.000E+00     0.000E+00     0.000E+00     0.000E+00
 A_05       0.000E+00     0.000E+00     0.000E+00     0.000E+00     0.000E+00
 A_06       0.000E+00     0.000E+00     0.000E+00     0.000E+00     0.000E+00
 B_01       0.000E+00     0.000E+00     0.000E+00     0.000E+00     0.000E+00
 B_02       0.000E+00     0.000E+00     0.000E+00     0.000E+00     0.000E+00
 B_03       0.000E+00     0.000E+00     0.000E+00     0.000E+00     0.000E+00
 B_04       0.000E+00     0.000E+00     0.000E+00     0.000E+00     0.000E+00
 B_05       0.000E+00     0.000E+00     0.000E+00     0.000E+00     0.000E+00
 B_06       0.000E+00     0.000E+00     0.000E+00     0.000E+00     0.000E+00


           Derivatives With Respect to LAMBDA
              A_02          A_03          A_04          A_05          A_06
              ________      ________      ________      ________      ________
 A_01       0.000E+00     0.000E+00     0.000E+00     0.000E+00     0.000E+00
 A_02       0.000E+00     0.000E+00     0.000E+00     0.000E+00     0.000E+00
 A_03       0.000E+00     0.000E+00     0.000E+00     0.000E+00     0.000E+00
 A_04       0.000E+00     0.000E+00     0.000E+00     0.000E+00     0.000E+00
 A_05       0.000E+00     0.000E+00     0.000E+00     0.000E+00     0.000E+00
 A_06       0.000E+00     0.000E+00     0.000E+00     0.000E+00     0.000E+00
 B_01       0.000E+00     0.000E+00     0.000E+00     0.000E+00     0.000E+00
 B_02       0.000E+00     0.000E+00     0.000E+00     0.000E+00     0.000E+00
 B_03       0.000E+00     0.000E+00     0.000E+00     0.000E+00     0.000E+00
 B_04       0.000E+00     0.000E+00     0.000E+00     0.000E+00     0.000E+00
 B_05       0.000E+00     0.000E+00     0.000E+00     0.000E+00     0.000E+00
 B_06       0.000E+00     0.000E+00     0.000E+00     0.000E+00     0.000E+00


           Derivatives With Respect to LAMBDA
              B_01          B_02          B_03          B_04          B_05
              ________      ________      ________      ________      ________
 A_01       0.000E+00     0.000E+00     0.000E+00     0.000E+00     0.000E+00
 A_02       0.000E+00     0.000E+00     0.000E+00     0.000E+00     0.000E+00
 A_03       0.000E+00     0.000E+00     0.000E+00     0.000E+00     0.000E+00
 A_04       0.000E+00     0.000E+00     0.000E+00     0.000E+00     0.000E+00
 A_05       0.000E+00     0.000E+00     0.000E+00     0.000E+00     0.000E+00
 A_06       0.000E+00     0.000E+00     0.000E+00     0.000E+00     0.000E+00
 B_01       0.000E+00     0.000E+00     0.000E+00     0.000E+00     0.000E+00
 B_02       0.000E+00     0.000E+00     0.000E+00     0.000E+00     0.000E+00
 B_03       0.000E+00     0.000E+00     0.000E+00     0.000E+00     0.000E+00
 B_04       0.000E+00     0.000E+00     0.000E+00     0.000E+00     0.000E+00
 B_05       0.000E+00     0.000E+00     0.000E+00     0.000E+00     0.000E+00
 B_06       0.000E+00     0.000E+00     0.000E+00     0.000E+00     0.000E+00


           Derivatives With Respect to LAMBDA
              B_06
              ________
 A_01       0.000E+00
 A_02       0.000E+00
 A_03       0.000E+00
 A_04       0.000E+00
 A_05       0.000E+00
 A_06       0.000E+00
 B_01       0.000E+00
 B_02       0.000E+00
 B_03       0.000E+00
 B_04       0.000E+00
 B_05       0.000E+00
 B_06       0.000E+00


           Derivatives With Respect to THETA
              A_01          A_02          A_03          A_04          A_05
              ________      ________      ________      ________      ________
 A_01       0.000E+00
 A_02       0.000E+00     0.000E+00
 A_03       0.000E+00     0.000E+00     0.000E+00
 A_04       0.000E+00     0.000E+00     0.000E+00     0.000E+00
 A_05       0.000E+00     0.000E+00     0.000E+00     0.000E+00     0.000E+00
 A_06       0.000E+00     0.000E+00     0.000E+00     0.000E+00     0.000E+00
 B_01       0.000E+00     0.000E+00     0.000E+00     0.000E+00     0.000E+00
 B_02       0.000E+00     0.000E+00     0.000E+00     0.000E+00     0.000E+00
 B_03       0.000E+00     0.000E+00     0.000E+00     0.000E+00     0.000E+00
 B_04       0.000E+00     0.000E+00     0.000E+00     0.000E+00     0.000E+00
 B_05       0.000E+00     0.000E+00     0.000E+00     0.000E+00     0.000E+00
 B_06       0.000E+00     0.000E+00     0.000E+00     0.000E+00     0.000E+00


           Derivatives With Respect to THETA
              A_06          B_01          B_02          B_03          B_04
              ________      ________      ________      ________      ________
 A_06       0.000E+00
 B_01       0.000E+00     0.000E+00
 B_02       0.000E+00     0.000E+00     0.000E+00
 B_03       0.000E+00     0.000E+00     0.000E+00     0.000E+00
 B_04       0.000E+00     0.000E+00     0.000E+00     0.000E+00     0.000E+00
 B_05       0.000E+00     0.000E+00     0.000E+00     0.000E+00     0.000E+00
 B_06       0.000E+00     0.000E+00     0.000E+00     0.000E+00     0.000E+00


           Derivatives With Respect to THETA
              B_05          B_06
              ________      ________
 B_05       0.000E+00
 B_06       0.000E+00     0.000E+00


           Derivatives With Respect to ALPHA
              IA            SA            IB            SB            A_01
              ________      ________      ________      ________      ________
 1         -0.798E-05    -0.435E-04    -0.123E-05    -0.706E-05     0.000E+00


           Derivatives With Respect to ALPHA
              A_02          A_03          A_04          A_05          A_06
              ________      ________      ________      ________      ________
 1          0.000E+00     0.000E+00     0.000E+00     0.000E+00     0.000E+00


           Derivatives With Respect to ALPHA
              B_01          B_02          B_03          B_04          B_05
              ________      ________      ________      ________      ________
 1          0.000E+00     0.000E+00     0.000E+00     0.000E+00     0.000E+00


           Derivatives With Respect to ALPHA
              B_06
              ________
 1          0.000E+00


           Derivatives With Respect to BETA
              IA            SA            IB            SB            A_01
              ________      ________      ________      ________      ________
 IA         0.000E+00     0.000E+00     0.000E+00     0.000E+00     0.000E+00
 SA         0.000E+00     0.000E+00     0.000E+00     0.000E+00     0.000E+00
 IB         0.000E+00     0.000E+00     0.000E+00     0.000E+00     0.000E+00
 SB         0.000E+00     0.000E+00     0.000E+00     0.000E+00     0.000E+00
 A_01       0.000E+00     0.000E+00     0.000E+00     0.000E+00     0.000E+00
 A_02       0.000E+00     0.000E+00     0.000E+00     0.000E+00     0.000E+00
 A_03       0.000E+00     0.000E+00     0.000E+00     0.000E+00     0.000E+00
 A_04       0.000E+00     0.000E+00     0.000E+00     0.000E+00     0.000E+00
 A_05       0.000E+00     0.000E+00     0.000E+00     0.000E+00     0.000E+00
 A_06       0.000E+00     0.000E+00     0.000E+00     0.000E+00     0.000E+00
 B_01       0.000E+00     0.000E+00     0.000E+00     0.000E+00     0.000E+00
 B_02       0.000E+00     0.000E+00     0.000E+00     0.000E+00     0.000E+00
 B_03       0.000E+00     0.000E+00     0.000E+00     0.000E+00     0.000E+00
 B_04       0.000E+00     0.000E+00     0.000E+00     0.000E+00     0.000E+00
 B_05       0.000E+00     0.000E+00     0.000E+00     0.000E+00     0.000E+00
 B_06       0.000E+00     0.000E+00     0.000E+00     0.000E+00     0.000E+00


           Derivatives With Respect to BETA
              A_02          A_03          A_04          A_05          A_06
              ________      ________      ________      ________      ________
 IA         0.000E+00     0.000E+00     0.000E+00     0.000E+00     0.000E+00
 SA         0.000E+00     0.000E+00     0.000E+00     0.000E+00     0.000E+00
 IB         0.000E+00     0.000E+00     0.000E+00     0.000E+00     0.000E+00
 SB         0.000E+00     0.000E+00     0.000E+00     0.000E+00     0.000E+00
 A_01       0.000E+00     0.000E+00     0.000E+00     0.000E+00     0.000E+00
 A_02       0.000E+00     0.000E+00     0.000E+00     0.000E+00     0.000E+00
 A_03       0.000E+00     0.000E+00     0.000E+00     0.000E+00     0.000E+00
 A_04       0.000E+00     0.000E+00     0.000E+00     0.000E+00     0.000E+00
 A_05       0.000E+00     0.000E+00     0.000E+00     0.000E+00     0.000E+00
 A_06       0.000E+00     0.000E+00     0.000E+00     0.000E+00     0.000E+00
 B_01       0.000E+00     0.000E+00     0.000E+00     0.000E+00     0.000E+00
 B_02       0.000E+00     0.000E+00     0.000E+00     0.000E+00     0.000E+00
 B_03       0.000E+00     0.000E+00     0.000E+00     0.000E+00     0.000E+00
 B_04       0.000E+00     0.000E+00     0.000E+00     0.000E+00     0.000E+00
 B_05       0.000E+00     0.000E+00     0.000E+00     0.000E+00     0.000E+00
 B_06       0.000E+00     0.000E+00     0.000E+00     0.000E+00     0.000E+00


           Derivatives With Respect to BETA
              B_01          B_02          B_03          B_04          B_05
              ________      ________      ________      ________      ________
 IA         0.000E+00     0.000E+00     0.000E+00     0.000E+00     0.000E+00
 SA         0.000E+00     0.000E+00     0.000E+00     0.000E+00     0.000E+00
 IB         0.000E+00     0.000E+00     0.000E+00     0.000E+00     0.000E+00
 SB         0.000E+00     0.000E+00     0.000E+00     0.000E+00     0.000E+00
 A_01       0.000E+00     0.000E+00     0.000E+00     0.000E+00     0.000E+00
 A_02       0.000E+00     0.000E+00     0.000E+00     0.000E+00     0.000E+00
 A_03       0.000E+00     0.000E+00     0.000E+00     0.000E+00     0.000E+00
 A_04       0.000E+00     0.000E+00     0.000E+00     0.000E+00     0.000E+00
 A_05       0.000E+00     0.000E+00     0.000E+00     0.000E+00     0.000E+00
 A_06       0.000E+00     0.000E+00     0.000E+00     0.000E+00     0.000E+00
 B_01       0.000E+00     0.000E+00     0.000E+00     0.000E+00     0.000E+00
 B_02       0.000E+00     0.000E+00     0.000E+00     0.000E+00     0.000E+00
 B_03       0.000E+00     0.000E+00     0.000E+00     0.000E+00     0.000E+00
 B_04       0.000E+00     0.000E+00     0.000E+00     0.000E+00     0.000E+00
 B_05       0.000E+00     0.000E+00     0.000E+00     0.000E+00     0.000E+00
 B_06       0.000E+00     0.000E+00     0.000E+00     0.000E+00     0.000E+00


           Derivatives With Respect to BETA
              B_06
              ________
 IA         0.000E+00
 SA         0.000E+00
 IB         0.000E+00
 SB         0.000E+00
 A_01       0.000E+00
 A_02       0.000E+00
 A_03       0.000E+00
 A_04       0.000E+00
 A_05       0.000E+00
 A_06       0.000E+00
 B_01       0.000E+00
 B_02       0.000E+00
 B_03       0.000E+00
 B_04       0.000E+00
 B_05       0.000E+00
 B_06       0.000E+00


           Derivatives With Respect to PSI
              IA            SA            IB            SB            A_01
              ________      ________      ________      ________      ________
 IA         0.190E-05
 SA         0.119E-04    -0.173E-06
 IB         0.311E-06     0.130E-05    -0.261E-07
 SB        -0.251E-05    -0.303E-04    -0.275E-06     0.146E-04
 A_01       0.000E+00     0.000E+00     0.000E+00     0.000E+00     0.960E-06
 A_02       0.000E+00     0.000E+00     0.000E+00     0.000E+00     0.000E+00
 A_03       0.000E+00     0.000E+00     0.000E+00     0.000E+00     0.000E+00
 A_04       0.000E+00     0.000E+00     0.000E+00     0.000E+00     0.000E+00
 A_05       0.000E+00     0.000E+00     0.000E+00     0.000E+00     0.000E+00
 A_06       0.000E+00     0.000E+00     0.000E+00     0.000E+00     0.000E+00
 B_01       0.000E+00     0.000E+00     0.000E+00     0.000E+00    -0.613E-06
 B_02       0.000E+00     0.000E+00     0.000E+00     0.000E+00     0.000E+00
 B_03       0.000E+00     0.000E+00     0.000E+00     0.000E+00     0.000E+00
 B_04       0.000E+00     0.000E+00     0.000E+00     0.000E+00     0.000E+00
 B_05       0.000E+00     0.000E+00     0.000E+00     0.000E+00     0.000E+00
 B_06       0.000E+00     0.000E+00     0.000E+00     0.000E+00     0.000E+00


           Derivatives With Respect to PSI
              A_02          A_03          A_04          A_05          A_06
              ________      ________      ________      ________      ________
 A_02       0.298E-06
 A_03       0.000E+00     0.194E-06
 A_04       0.000E+00     0.000E+00    -0.171E-05
 A_05       0.000E+00     0.000E+00     0.000E+00    -0.448E-05
 A_06       0.000E+00     0.000E+00     0.000E+00     0.000E+00    -0.964E-06
 B_01       0.000E+00     0.000E+00     0.000E+00     0.000E+00     0.000E+00
 B_02       0.000E+00     0.000E+00     0.000E+00     0.000E+00     0.000E+00
 B_03       0.000E+00     0.000E+00     0.000E+00     0.000E+00     0.000E+00
 B_04       0.000E+00     0.000E+00     0.000E+00     0.000E+00     0.000E+00
 B_05       0.000E+00     0.000E+00     0.000E+00     0.000E+00     0.000E+00
 B_06       0.000E+00     0.000E+00     0.000E+00     0.000E+00     0.000E+00


           Derivatives With Respect to PSI
              B_01          B_02          B_03          B_04          B_05
              ________      ________      ________      ________      ________
 B_01       0.398E-06
 B_02       0.000E+00     0.599E-06
 B_03       0.000E+00     0.000E+00     0.227E-06
 B_04       0.000E+00     0.000E+00     0.000E+00     0.574E-06
 B_05       0.000E+00     0.000E+00     0.000E+00     0.000E+00     0.174E-06
 B_06       0.000E+00     0.000E+00     0.000E+00     0.000E+00     0.000E+00


           Derivatives With Respect to PSI
              B_06
              ________
 B_06       0.252E-06


TECHNICAL 3 OUTPUT


           ESTIMATED COVARIANCE MATRIX FOR PARAMETER ESTIMATES
                     1             2             3             4             5
              ________      ________      ________      ________      ________
        1   0.230318D-03
        2  -0.140044D-04  0.358063D-05
        3   0.305493D-03 -0.505294D-05  0.125164D-01
        4  -0.387088D-08  0.226340D-05 -0.118754D-02  0.234747D-03
        5  -0.143670D-04 -0.133496D-05 -0.133223D-05 -0.119636D-04  0.115811D-02
        6   0.396980D-05 -0.853024D-06  0.231626D-05 -0.655681D-06 -0.772558D-04
        7  -0.941564D-06  0.390579D-07 -0.211925D-06 -0.142054D-06  0.595819D-05
        8   0.345606D-04  0.488602D-05 -0.894299D-03  0.251973D-03  0.103011D-02
        9   0.182245D-05 -0.116855D-05  0.463065D-04  0.140494D-05 -0.836197D-04
       10   0.769746D-03 -0.640847D-05 -0.180922D-01  0.229281D-02  0.121807D-03
       11  -0.823242D-05 -0.101351D-05  0.254290D-03 -0.766218D-04  0.446038D-04
       12  -0.403590D-06 -0.137351D-06 -0.214022D-05 -0.130179D-05 -0.131991D-05
       13  -0.733052D-04  0.442619D-05  0.600199D-03 -0.172456D-03  0.182762D-03
       14   0.954638D-05 -0.695559D-06  0.202164D-03 -0.506677D-04 -0.188831D-04
       15   0.472139D-05  0.149092D-06 -0.818694D-05  0.174169D-05 -0.334809D-03
       16  -0.707271D-05  0.278653D-05 -0.408892D-04  0.488866D-05 -0.167199D-03
       17  -0.988261D-05  0.183336D-05  0.323472D-05  0.406208D-05 -0.724150D-04
       18  -0.215291D-05  0.210436D-05 -0.338179D-04  0.103601D-04 -0.211569D-04
       19   0.213285D-04 -0.222097D-05  0.523850D-04 -0.132094D-05  0.283685D-05
       20   0.401625D-04 -0.601938D-05  0.101931D-04 -0.289270D-05 -0.493275D-04
       21   0.152915D-05 -0.127073D-04 -0.204825D-03  0.331917D-04  0.328128D-03
       22  -0.595495D-03 -0.685500D-05 -0.126098D-01  0.143708D-02  0.216580D-02
       23  -0.872043D-03 -0.218697D-04  0.391874D-02 -0.100266D-02  0.857468D-03
       24  -0.955202D-03 -0.120300D-04 -0.697679D-02  0.661148D-03  0.197299D-03
       25  -0.370566D-03 -0.564111D-04 -0.242085D-02 -0.240592D-03 -0.160530D-03
       26  -0.707360D-03 -0.314111D-04 -0.648515D-02  0.125582D-02  0.353711D-03
       27  -0.412723D-03 -0.118591D-03 -0.714935D-02  0.166426D-02  0.529948D-03


           ESTIMATED COVARIANCE MATRIX FOR PARAMETER ESTIMATES
                     6             7             8             9            10
              ________      ________      ________      ________      ________
        6   0.131604D-04
        7  -0.159056D-05  0.390033D-06
        8  -0.491364D-04 -0.135393D-05  0.272380D-01
        9   0.100820D-04  0.861089D-09 -0.152375D-02  0.433214D-03
       10  -0.524779D-04  0.457948D-05  0.563301D-01  0.123260D-02  0.486157D+01
       11   0.211161D-05 -0.694936D-07 -0.271782D-02  0.140650D-03 -0.653808D-02
       12   0.438771D-07  0.791372D-07  0.137272D-03 -0.405081D-04 -0.147520D-03
       13   0.101260D-05 -0.129924D-05 -0.174240D-02  0.336980D-04 -0.509857D+00
       14   0.524504D-06  0.415582D-06 -0.426325D-03 -0.227468D-04  0.600982D-01
       15   0.488777D-04 -0.721189D-05 -0.979935D-04  0.717974D-06 -0.376255D-03
       16   0.153017D-04 -0.185654D-05 -0.435081D-04  0.950820D-05 -0.738314D-03
       17   0.342989D-05 -0.167573D-06  0.308514D-04  0.953124D-07 -0.706641D-03
       18  -0.323865D-05 -0.649349D-06 -0.741339D-04  0.730985D-05  0.375333D-03
       19   0.831992D-06 -0.309787D-05  0.552838D-04 -0.182371D-04  0.200900D-03
       20   0.210399D-04 -0.840388D-05  0.803411D-04 -0.224475D-04  0.101172D-03
       21  -0.184614D-04  0.920842D-06 -0.429561D-02  0.960333D-03  0.739756D-01
       22  -0.100791D-03  0.970652D-05  0.230882D-01 -0.165360D-02 -0.284563D+01
       23   0.304707D-04 -0.909780D-05  0.956192D-02 -0.132062D-02 -0.224468D+01
       24  -0.821969D-06 -0.305019D-05  0.162387D-02 -0.914398D-03 -0.100468D+01
       25   0.245694D-05  0.150827D-04  0.117980D-02 -0.110367D-03 -0.136751D+00
       26   0.124513D-04 -0.831182D-05  0.117909D-01 -0.376996D-03 -0.270047D+00
       27   0.888732D-05 -0.893305D-05  0.141673D-01  0.600412D-03 -0.986446D+00


           ESTIMATED COVARIANCE MATRIX FOR PARAMETER ESTIMATES
                    11            12            13            14            15
              ________      ________      ________      ________      ________
       11   0.590894D-03
       12  -0.306212D-04  0.789815D-05
       13   0.529934D-03 -0.542503D-05  0.753922D-01
       14   0.642258D-04  0.537199D-05 -0.115211D-01  0.241887D-02
       15   0.142471D-04 -0.102119D-05 -0.105361D-03  0.291459D-04  0.127163D-02
       16  -0.643634D-05 -0.937009D-06  0.118312D-03 -0.217671D-04  0.100786D-03
       17  -0.149142D-04 -0.270933D-06  0.580131D-04 -0.758455D-05  0.477026D-04
       18   0.291199D-05 -0.150785D-05 -0.658330D-04  0.115942D-04  0.285512D-05
       19   0.254504D-06  0.440038D-07 -0.193797D-04  0.255123D-04  0.413323D-04
       20  -0.296913D-04  0.466073D-05 -0.222537D-04 -0.883874D-05  0.143998D-03
       21   0.704062D-03 -0.141051D-03 -0.908036D-02  0.122704D-02  0.469847D-03
       22  -0.222839D-02  0.170336D-03  0.407252D+00 -0.636135D-01  0.172954D-02
       23  -0.522323D-03  0.125115D-03  0.277430D+00 -0.378637D-01  0.735864D-03
       24   0.194605D-03  0.586707D-04  0.714019D-01 -0.428652D-02  0.782295D-03
       25  -0.104609D-02  0.931211D-04 -0.173527D-01  0.558420D-02  0.107054D-02
       26  -0.257199D-02  0.732782D-04  0.846020D-01 -0.343952D-01  0.411499D-03
       27  -0.231658D-02 -0.872099D-04  0.250401D+00 -0.701025D-01 -0.892049D-03


           ESTIMATED COVARIANCE MATRIX FOR PARAMETER ESTIMATES
                    16            17            18            19            20
              ________      ________      ________      ________      ________
       16   0.857095D-03
       17   0.133960D-04  0.750088D-03
       18   0.584808D-04 -0.166757D-04  0.129308D-02
       19  -0.482432D-04  0.666955D-04 -0.235014D-04  0.179644D-02
       20   0.795201D-04  0.465453D-05  0.753880D-04  0.597878D-04  0.144239D-02
       21  -0.549354D-04 -0.420787D-04  0.974665D-04  0.344563D-03 -0.694524D-04
       22   0.414814D-03 -0.144858D-02 -0.697383D-03 -0.467460D-03 -0.155766D-02
       23   0.171480D-03  0.105270D-02 -0.160218D-03 -0.340370D-03  0.355468D-03
       24  -0.164790D-03  0.812390D-03  0.838521D-03  0.352664D-03 -0.360935D-03
       25   0.998550D-05  0.843501D-03 -0.357707D-03  0.822696D-03 -0.215477D-03
       26  -0.660580D-04 -0.606235D-03 -0.625959D-03 -0.189843D-02 -0.273826D-03
       27   0.888826D-03 -0.738878D-04 -0.420318D-03 -0.123074D-02  0.186812D-02


           ESTIMATED COVARIANCE MATRIX FOR PARAMETER ESTIMATES
                    21            22            23            24            25
              ________      ________      ________      ________      ________
       21   0.871338D-01
       22  -0.464283D-01  0.776944D+01
       23  -0.434864D-01  0.164305D+01  0.253917D+01
       24  -0.127623D-01  0.404235D+00  0.400537D+00  0.183524D+01
       25   0.349329D-02 -0.144016D+00  0.802744D-01  0.755671D-01  0.126774D+01
       26  -0.109561D-01  0.548868D+00  0.230015D+00  0.110942D-01 -0.791406D-01
       27  -0.275503D-01  0.145236D+01  0.732348D+00 -0.441795D-01 -0.273394D+00


           ESTIMATED COVARIANCE MATRIX FOR PARAMETER ESTIMATES
                    26            27
              ________      ________
       26   0.272936D+01
       27   0.137448D+01  0.413111D+01


           ESTIMATED CORRELATION MATRIX FOR PARAMETER ESTIMATES
                     1             2             3             4             5
              ________      ________      ________      ________      ________
        1       1.000
        2      -0.488         1.000
        3       0.180        -0.024         1.000
        4       0.000         0.078        -0.693         1.000
        5      -0.028        -0.021         0.000        -0.023         1.000
        6       0.072        -0.124         0.006        -0.012        -0.626
        7      -0.099         0.033        -0.003        -0.015         0.280
        8       0.014         0.016        -0.048         0.100         0.183
        9       0.006        -0.030         0.020         0.004        -0.118
       10       0.023        -0.002        -0.073         0.068         0.002
       11      -0.022        -0.022         0.094        -0.206         0.054
       12      -0.009        -0.026        -0.007        -0.030        -0.014
       13      -0.018         0.009         0.020        -0.041         0.020
       14       0.013        -0.007         0.037        -0.067        -0.011
       15       0.009         0.002        -0.002         0.003        -0.276
       16      -0.016         0.050        -0.012         0.011        -0.168
       17      -0.024         0.035         0.001         0.010        -0.078
       18      -0.004         0.031        -0.008         0.019        -0.017
       19       0.033        -0.028         0.011        -0.002         0.002
       20       0.070        -0.084         0.002        -0.005        -0.038
       21       0.000        -0.023        -0.006         0.007         0.033
       22      -0.014        -0.001        -0.040         0.034         0.023
       23      -0.036        -0.007         0.022        -0.041         0.016
       24      -0.046        -0.005        -0.046         0.032         0.004
       25      -0.022        -0.026        -0.019        -0.014        -0.004
       26      -0.028        -0.010        -0.035         0.050         0.006
       27      -0.013        -0.031        -0.031         0.053         0.008


           ESTIMATED CORRELATION MATRIX FOR PARAMETER ESTIMATES
                     6             7             8             9            10
              ________      ________      ________      ________      ________
        6       1.000
        7      -0.702         1.000
        8      -0.082        -0.013         1.000
        9       0.134         0.000        -0.444         1.000
       10      -0.007         0.003         0.155         0.027         1.000
       11       0.024        -0.005        -0.677         0.278        -0.122
       12       0.004         0.045         0.296        -0.693        -0.024
       13       0.001        -0.008        -0.038         0.006        -0.842
       14       0.003         0.014        -0.053        -0.022         0.554
       15       0.378        -0.324        -0.017         0.001        -0.005
       16       0.144        -0.102        -0.009         0.016        -0.011
       17       0.035        -0.010         0.007         0.000        -0.012
       18      -0.025        -0.029        -0.012         0.010         0.005
       19       0.005        -0.117         0.008        -0.021         0.002
       20       0.153        -0.354         0.013        -0.028         0.001
       21      -0.017         0.005        -0.088         0.156         0.114
       22      -0.010         0.006         0.050        -0.029        -0.463
       23       0.005        -0.009         0.036        -0.040        -0.639
       24       0.000        -0.004         0.007        -0.032        -0.336
       25       0.001         0.021         0.006        -0.005        -0.055
       26       0.002        -0.008         0.043        -0.011        -0.074
       27       0.001        -0.007         0.042         0.014        -0.220


           ESTIMATED CORRELATION MATRIX FOR PARAMETER ESTIMATES
                    11            12            13            14            15
              ________      ________      ________      ________      ________
       11       1.000
       12      -0.448         1.000
       13       0.079        -0.007         1.000
       14       0.054         0.039        -0.853         1.000
       15       0.016        -0.010        -0.011         0.017         1.000
       16      -0.009        -0.011         0.015        -0.015         0.097
       17      -0.022        -0.004         0.008        -0.006         0.049
       18       0.003        -0.015        -0.007         0.007         0.002
       19       0.000         0.000        -0.002         0.012         0.027
       20      -0.032         0.044        -0.002        -0.005         0.106
       21       0.098        -0.170        -0.112         0.085         0.045
       22      -0.033         0.022         0.532        -0.464         0.017
       23      -0.013         0.028         0.634        -0.483         0.013
       24       0.006         0.015         0.192        -0.064         0.016
       25      -0.038         0.029        -0.056         0.101         0.027
       26      -0.064         0.016         0.187        -0.423         0.007
       27      -0.047        -0.015         0.449        -0.701        -0.012


           ESTIMATED CORRELATION MATRIX FOR PARAMETER ESTIMATES
                    16            17            18            19            20
              ________      ________      ________      ________      ________
       16       1.000
       17       0.017         1.000
       18       0.056        -0.017         1.000
       19      -0.039         0.057        -0.015         1.000
       20       0.072         0.004         0.055         0.037         1.000
       21      -0.006        -0.005         0.009         0.028        -0.006
       22       0.005        -0.019        -0.007        -0.004        -0.015
       23       0.004         0.024        -0.003        -0.005         0.006
       24      -0.004         0.022         0.017         0.006        -0.007
       25       0.000         0.027        -0.009         0.017        -0.005
       26      -0.001        -0.013        -0.011        -0.027        -0.004
       27       0.015        -0.001        -0.006        -0.014         0.024


           ESTIMATED CORRELATION MATRIX FOR PARAMETER ESTIMATES
                    21            22            23            24            25
              ________      ________      ________      ________      ________
       21       1.000
       22      -0.056         1.000
       23      -0.092         0.370         1.000
       24      -0.032         0.107         0.186         1.000
       25       0.011        -0.046         0.045         0.050         1.000
       26      -0.022         0.119         0.087         0.005        -0.043
       27      -0.046         0.256         0.226        -0.016        -0.119


           ESTIMATED CORRELATION MATRIX FOR PARAMETER ESTIMATES
                    26            27
              ________      ________
       26       1.000
       27       0.409         1.000


     Beginning Time:  08:14:59
        Ending Time:  08:36:45
       Elapsed Time:  00:21:46



MUTHEN & MUTHEN
3463 Stoner Ave.
Los Angeles, CA  90066

Tel: (310) 391-9971
Fax: (310) 391-8971
Web: www.StatModel.com
Support: Support@StatModel.com

Copyright (c) 1998-2015 Muthen & Muthen
