Mplus VERSION 7.4 (Mac)
MUTHEN & MUTHEN
06/21/2017  12:42 PM

INPUT INSTRUCTIONS

  TITLE:
  Script produced from the prototype in ./sandbox/syntax-creator/
  DATA:
  File = wide-dataset.dat ;
  VARIABLE:
  NAMES are
   id hhid male birthyr_rand birthmo_rand race_rand hispanic_rand cohort
      raedyrs raedegrm memoryproblems_baseline memory_disease_ever age_baseline
      activity_mean_2004 activity_mean_2006 activity_mean_2008 activity_mean_2010
      activity_mean_2012 activity_mean_2014 activity_sum_2004 activity_sum_2006
      activity_sum_2008 activity_sum_2010 activity_sum_2012 activity_sum_2014
      close_social_network_2004 close_social_network_2006 close_social_network_2008
      close_social_network_2010 close_social_network_2012 close_social_network_2014
      countb20r_2004 countb20r_2006 countb20r_2008 countb20r_2010 countb20r_2012
      countb20r_2014 dep_total_2004 dep_total_2006 dep_total_2008 dep_total_2010
      dep_total_2012 dep_total_2014 exercise_2004 exercise_2006 exercise_2008
      exercise_2010 exercise_2012 exercise_2014 healthcond_2004 healthcond_2006
      healthcond_2008 healthcond_2010 healthcond_2012 healthcond_2014 hhres_2004
      hhres_2006 hhres_2008 hhres_2010 hhres_2012 hhres_2014 hrs_tscore_2004
      hrs_tscore_2006 hrs_tscore_2008 hrs_tscore_2010 hrs_tscore_2012 hrs_tscore_2014
      intage_r_2004 intage_r_2006 intage_r_2008 intage_r_2010 intage_r_2012
      intage_r_2014 interview_date_2004 interview_date_2006 interview_date_2008
      interview_date_2010 interview_date_2012 interview_date_2014 lb_65_wave_2004
      lb_65_wave_2006 lb_65_wave_2008 lb_65_wave_2010 lb_65_wave_2012 lb_65_wave_2014
      lb_wave_2004 lb_wave_2006 lb_wave_2008 lb_wave_2010 lb_wave_2012 lb_wave_2014
      listassi_2004 listassi_2006 listassi_2008 listassi_2010 listassi_2012
      listassi_2014 mentalstatus_tot_2004 mentalstatus_tot_2006 mentalstatus_tot_2008
      mentalstatus_tot_2010 mentalstatus_tot_2012 mentalstatus_tot_2014 proxy_2004
      proxy_2006 proxy_2008 proxy_2010 proxy_2012 proxy_2014 responded_2004
      responded_2006 responded_2008 responded_2010 responded_2012 responded_2014
      rmaritalst_2004 rmaritalst_2006 rmaritalst_2008 rmaritalst_2010 rmaritalst_2012
      rmaritalst_2014 rpartst_2004 rpartst_2006 rpartst_2008 rpartst_2010
      rpartst_2012 rpartst_2014 score_loneliness_11_2004 score_loneliness_11_2006
      score_loneliness_11_2008 score_loneliness_11_2010 score_loneliness_11_2012
      score_loneliness_11_2014 score_loneliness_3_2004 score_loneliness_3_2006
      score_loneliness_3_2008 score_loneliness_3_2010 score_loneliness_3_2012
      score_loneliness_3_2014 shhidpnr_2004 shhidpnr_2006 shhidpnr_2008 shhidpnr_2010
      shhidpnr_2012 shhidpnr_2014 snchild_2004 snchild_2006 snchild_2008 snchild_2010
      snchild_2012 snchild_2014 snfamily_2004 snfamily_2006 snfamily_2008
      snfamily_2010 snfamily_2012 snfamily_2014 snfriends_2004 snfriends_2006
      snfriends_2008 snfriends_2010 snfriends_2012 snfriends_2014 snspouse_2004
      snspouse_2006 snspouse_2008 snspouse_2010 snspouse_2012 snspouse_2014
      social_contact_total_2004 social_contact_total_2006 social_contact_total_2008
      social_contact_total_2010 social_contact_total_2012 social_contact_total_2014
      social_strain_mean_2004 social_strain_mean_2006 social_strain_mean_2008
      social_strain_mean_2010 social_strain_mean_2012 social_strain_mean_2014
      social_support_mean_2004 social_support_mean_2006 social_support_mean_2008
      social_support_mean_2010 social_support_mean_2012 social_support_mean_2014
      socialnetwork_total_2004 socialnetwork_total_2006 socialnetwork_total_2008
      socialnetwork_total_2010 socialnetwork_total_2012 socialnetwork_total_2014
      srmemory_2004 srmemory_2006 srmemory_2008 srmemory_2010 srmemory_2012
      srmemory_2014 srmemoryp_2004 srmemoryp_2006 srmemoryp_2008 srmemoryp_2010
      srmemoryp_2012 srmemoryp_2014 vocab_total_2004 vocab_total_2006 vocab_total_2008
      vocab_total_2010 vocab_total_2012 vocab_total_2014 wrectotd_2004 wrectotd_2006
      wrectotd_2008 wrectotd_2010 wrectotd_2012 wrectotd_2014 wrectoti_2004
      wrectoti_2006 wrectoti_2008 wrectoti_2010 wrectoti_2012 wrectoti_2014
  	;
  Missing are all(9999);
  USEVARIABLES are
  	!define the variables used in the analysis
  	!estimated time points
  a_01
  a_02
  a_03
  a_04
  a_05
  a_06
  	!modelled time points of process (B)
  b_01
  b_02
  b_03
  b_04
  b_05
  b_06
  	! covariates used in the model
  a	;
  SUBPOPULATION are
  	!select a subset of observations
  memoryproblems_baseline EQ 0
  ;
  CLUSTER = hhid;
  DEFINE:
    ! centre baseline age
  a = age_baseline - 69;
  	! assign variables to the process (A)
  a_01=wrectoti_2004;
  a_02=wrectoti_2006;
  a_03=wrectoti_2008;
  a_04=wrectoti_2010;
  a_05=wrectoti_2012;
  a_06=wrectoti_2014;
  	! assign variables to the process (B)
  b_01=social_contact_total_2004;
  b_02=social_contact_total_2006;
  b_03=social_contact_total_2008;
  b_04=social_contact_total_2010;
  b_05=social_contact_total_2012;
  b_06=social_contact_total_2014;
  ANALYSIS:
  TYPE = COMPLEX RANDOM;
  COVERAGE=.00;
  MODEL:
  	!LGM part
  	! assign process (A) to time points
  ia sa | a_01@0
  a_02@2
  a_03@4
  a_04@6
  a_05@8
  a_06@10 ;
  	! assign process (B) to time points
  ib sb | b_01@0
  b_02@2
  b_03@4
  b_04@6
  b_05@8
  b_06@10 ;
  	!correlations between the first measurement points
  a_01 WITH b_01;
  	!autoregressive part
  a_01;
  a_02 ON a_01@0;
  a_03 ON a_02@0;
  a_04 ON a_03@0;
  a_05 ON a_04@0;
  a_06 ON a_05@0;
  b_01;
  b_02 ON b_01@0;
  b_03 ON b_02@0;
  b_04 ON b_03@0;
  b_05 ON b_04@0;
  b_06 ON b_05@0;
  	!Cross lagged part
  a_02 ON b_01@0;
  a_03 ON b_02@0;
  a_04 ON b_03@0;
  a_05 ON b_04@0;
  a_06 ON b_05@0;
  b_02 ON a_01@0;
  b_03 ON a_02@0;
  b_04 ON a_03@0;
  b_05 ON a_04@0;
  b_06 ON a_05@0;
  ! Time specific correlations
  b_02 WITH a_02@0;
  b_03 WITH a_03@0;
  b_04 WITH a_04@0;
  b_05 WITH a_05@0;
  b_06 WITH a_06@0;
  !SAVEDATA:
  !FILE is   %saved_analysis%_fscores.dat;
  !SAVE = FSCORES;
  !RESULTS are   %saved_analysis%_results.dat;
  	
  OUTPUT: SAMPSTAT MODINDICES (3.0); TECH1 TECH2 TECH3;;



*** WARNING in MODEL command
  Variable is uncorrelated with all other variables:  A
*** WARNING in MODEL command
  At least one variable is uncorrelated with all other variables in the model.
  Check that this is what is intended.
   2 WARNING(S) FOUND IN THE INPUT INSTRUCTIONS




Script produced from the prototype in ./sandbox/syntax-creator/

SUMMARY OF ANALYSIS

Number of groups                                                 1
Number of observations                                       11556

Number of dependent variables                                   13
Number of independent variables                                  0
Number of continuous latent variables                            4

Observed dependent variables

  Continuous
   A_01        A_02        A_03        A_04        A_05        A_06
   B_01        B_02        B_03        B_04        B_05        B_06
   A

Continuous latent variables
   IA          SA          IB          SB

Variables with special functions

  Cluster variable      HHID

Estimator                                                      MLR
Information matrix                                        OBSERVED
Maximum number of iterations                                   100
Convergence criterion                                    0.100D-05
Maximum number of EM iterations                                500
Convergence criteria for the EM algorithm
  Loglikelihood change                                   0.100D-02
  Relative loglikelihood change                          0.100D-05
  Derivative                                             0.100D-03
Minimum variance                                         0.100D-03
Maximum number of steepest descent iterations                   20
Maximum number of iterations for H1                           2000
Convergence criterion for H1                             0.100D-03
Optimization algorithm                                         EMA

Input data file(s)
  wide-dataset.dat
Input data format  FREE


SUMMARY OF DATA

     Number of missing data patterns           328
     Number of clusters        8479



SAMPLE STATISTICS


UNIVARIATE SAMPLE STATISTICS


     UNIVARIATE HIGHER-ORDER MOMENT DESCRIPTIVE STATISTICS

         Variable/         Mean/     Skewness/   Minimum/ % with                Percentiles
        Sample Size      Variance    Kurtosis    Maximum  Min/Max      20%/60%    40%/80%    Median

     A_01                  5.264      -0.140       0.000    0.49%       4.000      5.000      5.000
            7215.000       2.416       0.318      10.000    0.30%       6.000      7.000
     A_02                  5.171      -0.064       0.000    0.43%       4.000      5.000      5.000
            8651.000       2.597       0.149      10.000    0.35%       6.000      6.000
     A_03                  5.125      -0.121       0.000    0.66%       4.000      5.000      5.000
            9254.000       2.712       0.186      10.000    0.29%       6.000      6.000
     A_04                  4.969      -0.196       0.000    1.25%       4.000      5.000      5.000
            8803.000       2.893       0.262      10.000    0.32%       5.000      6.000
     A_05                  4.922      -0.228       0.000    1.64%       4.000      5.000      5.000
            8604.000       2.970       0.322      10.000    0.30%       5.000      6.000
     A_06                  4.939      -0.129       0.000    1.20%       4.000      5.000      5.000
            7904.000       2.978       0.238      10.000    0.35%       5.000      6.000
     B_01                 30.206      -0.251       3.000    0.07%      23.000     29.000     31.000
            1345.000      71.228       0.020      53.000    0.07%      33.000     37.000
     B_02                 29.120      -0.291       3.000    0.07%      22.000     28.000     30.000
            4434.000      70.345       0.068      54.000    0.11%      32.000     36.000
     B_03                 29.447      -0.244       3.000    0.16%      22.000     28.000     30.000
            4439.000      76.347      -0.053      54.000    0.11%      32.000     37.000
     B_04                 29.775      -0.250       3.000    0.05%      23.000     28.000     30.000
            4160.000      75.053      -0.113      54.000    0.05%      32.000     37.000
     B_05                 29.495      -0.215       3.000    0.03%      22.000     28.000     30.000
            3767.000      79.069      -0.166      54.000    0.08%      32.000     37.000
     B_06                 29.391      -0.244       3.000    0.15%      22.000     28.000     30.000
            3962.000      79.035      -0.146      54.000    0.10%      32.000     37.000
     A                     1.756       1.196      -4.000   21.33%      -4.000     -2.000     -1.000
           11556.000      41.210       0.687      33.000    0.01%       1.000      7.000


THE MODEL ESTIMATION TERMINATED NORMALLY

     THE H1 MODEL ESTIMATION DID NOT CONVERGE.  CHI-SQUARE TEST AND SAMPLE STATISTICS COULD NOT
     BE COMPUTED.  INCREASE THE NUMBER OF H1ITERATIONS.




MODEL FIT INFORMATION

Number of Free Parameters                       29

Loglikelihood

          H0 Value                     -203976.642
          H0 Scaling Correction Factor      1.3105
            for MLR

Information Criteria

          Akaike (AIC)                  408011.284
          Bayesian (BIC)                408224.578
          Sample-Size Adjusted BIC      408132.419
            (n* = (n + 2) / 24)



MODEL RESULTS

                                                    Two-Tailed
                    Estimate       S.E.  Est./S.E.    P-Value

 IA       |
    A_01               1.000      0.000    999.000    999.000
    A_02               1.000      0.000    999.000    999.000
    A_03               1.000      0.000    999.000    999.000
    A_04               1.000      0.000    999.000    999.000
    A_05               1.000      0.000    999.000    999.000
    A_06               1.000      0.000    999.000    999.000

 SA       |
    A_01               0.000      0.000    999.000    999.000
    A_02               2.000      0.000    999.000    999.000
    A_03               4.000      0.000    999.000    999.000
    A_04               6.000      0.000    999.000    999.000
    A_05               8.000      0.000    999.000    999.000
    A_06              10.000      0.000    999.000    999.000

 IB       |
    B_01               1.000      0.000    999.000    999.000
    B_02               1.000      0.000    999.000    999.000
    B_03               1.000      0.000    999.000    999.000
    B_04               1.000      0.000    999.000    999.000
    B_05               1.000      0.000    999.000    999.000
    B_06               1.000      0.000    999.000    999.000

 SB       |
    B_01               0.000      0.000    999.000    999.000
    B_02               2.000      0.000    999.000    999.000
    B_03               4.000      0.000    999.000    999.000
    B_04               6.000      0.000    999.000    999.000
    B_05               8.000      0.000    999.000    999.000
    B_06              10.000      0.000    999.000    999.000

 A_02       ON
    A_01               0.000      0.000    999.000    999.000
    B_01               0.000      0.000    999.000    999.000

 A_03       ON
    A_02               0.000      0.000    999.000    999.000
    B_02               0.000      0.000    999.000    999.000

 A_04       ON
    A_03               0.000      0.000    999.000    999.000
    B_03               0.000      0.000    999.000    999.000

 A_05       ON
    A_04               0.000      0.000    999.000    999.000
    B_04               0.000      0.000    999.000    999.000

 A_06       ON
    A_05               0.000      0.000    999.000    999.000
    B_05               0.000      0.000    999.000    999.000

 B_02       ON
    B_01               0.000      0.000    999.000    999.000
    A_01               0.000      0.000    999.000    999.000

 B_03       ON
    B_02               0.000      0.000    999.000    999.000
    A_02               0.000      0.000    999.000    999.000

 B_04       ON
    B_03               0.000      0.000    999.000    999.000
    A_03               0.000      0.000    999.000    999.000

 B_05       ON
    B_04               0.000      0.000    999.000    999.000
    A_04               0.000      0.000    999.000    999.000

 B_06       ON
    B_05               0.000      0.000    999.000    999.000
    A_05               0.000      0.000    999.000    999.000

 SA       WITH
    IA                 0.005      0.004      1.314      0.189

 IB       WITH
    IA                 2.756      0.165     16.699      0.000
    SA                -0.014      0.021     -0.674      0.500

 SB       WITH
    IA                 0.026      0.024      1.067      0.286
    SA                 0.013      0.003      4.608      0.000
    IB                -0.164      0.275     -0.597      0.551

 A_01     WITH
    B_01              -0.126      0.295     -0.427      0.669

 B_02     WITH
    A_02               0.000      0.000    999.000    999.000

 B_03     WITH
    A_03               0.000      0.000    999.000    999.000

 B_04     WITH
    A_04               0.000      0.000    999.000    999.000

 B_05     WITH
    A_05               0.000      0.000    999.000    999.000

 B_06     WITH
    A_06               0.000      0.000    999.000    999.000

 Means
    A                  1.756      0.068     25.959      0.000
    IA                 5.471      0.015    360.498      0.000
    SA                -0.084      0.002    -44.636      0.000
    IB                30.205      0.112    269.981      0.000
    SB                -0.175      0.015    -11.419      0.000

 Intercepts
    A_01               0.000      0.000    999.000    999.000
    A_02               0.000      0.000    999.000    999.000
    A_03               0.000      0.000    999.000    999.000
    A_04               0.000      0.000    999.000    999.000
    A_05               0.000      0.000    999.000    999.000
    A_06               0.000      0.000    999.000    999.000
    B_01               0.000      0.000    999.000    999.000
    B_02               0.000      0.000    999.000    999.000
    B_03               0.000      0.000    999.000    999.000
    B_04               0.000      0.000    999.000    999.000
    B_05               0.000      0.000    999.000    999.000
    B_06               0.000      0.000    999.000    999.000

 Variances
    A                 41.210      0.668     61.678      0.000
    IA                 1.295      0.034     38.054      0.000
    SA                 0.005      0.001      7.329      0.000
    IB                43.132      2.205     19.557      0.000
    SB                 0.189      0.049      3.838      0.000

 Residual Variances
    A_01               1.206      0.036     33.810      0.000
    A_02               1.289      0.029     44.039      0.000
    A_03               1.351      0.027     49.331      0.000
    A_04               1.469      0.036     40.857      0.000
    A_05               1.508      0.042     35.570      0.000
    A_06               1.375      0.038     36.200      0.000
    B_01              34.454      2.789     12.353      0.000
    B_02              28.902      1.594     18.130      0.000
    B_03              31.107      1.355     22.961      0.000
    B_04              27.779      1.126     24.667      0.000
    B_05              27.364      1.652     16.560      0.000
    B_06              26.295      2.033     12.934      0.000


QUALITY OF NUMERICAL RESULTS

     Condition Number for the Information Matrix              0.288E-04
       (ratio of smallest to largest eigenvalue)


MODEL MODIFICATION INDICES

NOTE:  Modification indices for direct effects of observed dependent variables
regressed on covariates may not be included.  To include these, request
MODINDICES (ALL).

Minimum M.I. value for printing the modification index     3.000

                                   M.I.     E.P.C.


BY Statements

IA       BY A                   2034.272    -2.744
SA       BY A                   1462.528   -76.410
IB       BY A                    415.969    -0.230
SB       BY A                    658.068    -9.030

ON/BY Statements

A_03     ON IA       /
IA       BY A_03                  24.010     0.012
A_03     ON SA       /
SA       BY A_03                  22.765    -0.729
A_03     ON IB       /
IB       BY A_03                  24.439     0.002
A_03     ON SB       /
SB       BY A_03                   5.595    -0.132
A_04     ON IA       /
IA       BY A_04                  25.707    -0.013
A_04     ON SA       /
SA       BY A_04                  33.077     0.933
A_04     ON IB       /
IB       BY A_04                  27.345    -0.002
A_04     ON SB       /
SB       BY A_04                  10.716     0.189
A_05     ON IA       /
IA       BY A_05                  13.013    -0.010
A_05     ON SA       /
SA       BY A_05                   5.429     0.421
A_05     ON IB       /
IB       BY A_05                  11.388    -0.002
A_06     ON IA       /
IA       BY A_06                  20.527     0.016
A_06     ON SA       /
SA       BY A_06                  16.748    -0.914
A_06     ON IB       /
IB       BY A_06                  19.734     0.003
A_06     ON SB       /
SB       BY A_06                   5.452    -0.182
B_02     ON IA       /
IA       BY B_02                  21.775    -0.113
B_02     ON SA       /
SA       BY B_02                  15.269     5.866
B_02     ON IB       /
IB       BY B_02                  20.338    -0.020
B_02     ON SB       /
SB       BY B_02                   6.042     1.427
B_04     ON IA       /
IA       BY B_04                  22.017     0.087
B_04     ON SA       /
SA       BY B_04                  14.337    -4.333
B_04     ON IB       /
IB       BY B_04                  21.594     0.016
B_04     ON SB       /
SB       BY B_04                   9.497    -1.530
B_06     ON IA       /
IA       BY B_06                  13.415    -0.103
B_06     ON SA       /
SA       BY B_06                   5.698     4.143
B_06     ON IB       /
IB       BY B_06                  13.384    -0.019
SA       ON IA       /
IA       BY SA                   999.000     0.000
SA       ON IB       /
IB       BY SA                   999.000     0.000
SB       ON IA       /
IA       BY SB                   999.000     0.000
SB       ON IB       /
IB       BY SB                   999.000     0.000

ON Statements

IA       ON A_05                   3.308    -0.025
IA       ON B_04                   4.501     0.010
IA       ON B_06                   6.761    -0.020
SA       ON A_04                  12.615     0.006
SA       ON A_05                   9.220    -0.007
IB       ON B_01                   4.656    -0.108
IB       ON B_04                   3.363     0.066
IB       ON B_06                   8.017    -0.153
SB       ON A_03                   4.956     0.024
SB       ON A_04                   4.450    -0.021
SB       ON B_06                   8.002    -0.046
A_01     ON A_04                   6.049    -0.009
A_01     ON A_06                   4.481    -0.008
A_02     ON A_04                   3.092     0.005
A_02     ON A_06                   3.915     0.006
A_03     ON A_01                  25.231     0.012
A_03     ON A_02                  23.036     0.012
A_03     ON A_03                  23.721     0.013
A_03     ON A_04                  17.612     0.011
A_03     ON A_05                  30.518     0.015
A_03     ON A_06                  17.098     0.012
A_03     ON B_01                  24.372     0.002
A_03     ON B_02                  22.200     0.002
A_03     ON B_03                  22.586     0.002
A_03     ON B_04                  25.913     0.002
A_03     ON B_05                  26.001     0.002
A_03     ON B_06                  25.415     0.002
A_04     ON A_01                  29.568    -0.014
A_04     ON A_02                  19.815    -0.012
A_04     ON A_03                  28.658    -0.014
A_04     ON A_04                  24.376    -0.014
A_04     ON A_05                  22.741    -0.014
A_04     ON A_06                  15.793    -0.012
A_04     ON B_01                  26.886    -0.002
A_04     ON B_02                  27.625    -0.002
A_04     ON B_03                  24.270    -0.002
A_04     ON B_04                  25.521    -0.002
A_04     ON B_05                  28.686    -0.003
A_04     ON B_06                  28.675    -0.003
A_05     ON A_01                  10.176    -0.009
A_05     ON A_02                  21.139    -0.013
A_05     ON A_03                   7.632    -0.008
A_05     ON A_04                  13.153    -0.011
A_05     ON A_05                  13.994    -0.012
A_05     ON A_06                  17.727    -0.014
A_05     ON B_01                  11.266    -0.002
A_05     ON B_02                  10.080    -0.002
A_05     ON B_03                  12.465    -0.002
A_05     ON B_04                  12.307    -0.002
A_05     ON B_05                  10.913    -0.002
A_05     ON B_06                  11.621    -0.002
A_06     ON A_01                  17.400     0.014
A_06     ON A_02                  27.664     0.019
A_06     ON A_03                  13.681     0.013
A_06     ON A_04                  28.678     0.020
A_06     ON A_05                  14.237     0.015
A_06     ON A_06                  20.575     0.019
A_06     ON B_01                  19.049     0.003
A_06     ON B_02                  18.947     0.003
A_06     ON B_03                  20.577     0.003
A_06     ON B_04                  18.938     0.003
A_06     ON B_05                  19.538     0.003
A_06     ON B_06                  20.175     0.003
B_02     ON A_01                  20.878    -0.108
B_02     ON A_02                  19.627    -0.107
B_02     ON A_03                  25.203    -0.124
B_02     ON A_04                  22.076    -0.119
B_02     ON A_05                  16.198    -0.106
B_02     ON A_06                  21.849    -0.128
B_02     ON B_01                  21.010    -0.020
B_02     ON B_02                  20.421    -0.020
B_02     ON B_03                  20.486    -0.020
B_02     ON B_04                  16.726    -0.018
B_02     ON B_05                  20.620    -0.021
B_02     ON B_06                  22.954    -0.022
B_04     ON A_01                  20.763     0.083
B_04     ON A_02                  23.399     0.091
B_04     ON A_03                  24.095     0.094
B_04     ON A_04                  23.291     0.095
B_04     ON A_05                  18.642     0.087
B_04     ON A_06                  20.327     0.094
B_04     ON B_01                  20.324     0.015
B_04     ON B_02                  24.087     0.017
B_04     ON B_03                  21.680     0.016
B_04     ON B_04                  21.830     0.016
B_04     ON B_05                  21.878     0.017
B_04     ON B_06                  21.629     0.017
B_06     ON A_01                  12.788    -0.099
B_06     ON A_02                  15.575    -0.111
B_06     ON A_03                  11.159    -0.096
B_06     ON A_04                  17.603    -0.123
B_06     ON A_05                  12.938    -0.109
B_06     ON A_06                  11.889    -0.108
B_06     ON B_01                  12.418    -0.018
B_06     ON B_02                  15.891    -0.020
B_06     ON B_03                  13.622    -0.019
B_06     ON B_04                  14.002    -0.020
B_06     ON B_05                  14.034    -0.020
B_06     ON B_06                  14.206    -0.020

WITH Statements

A_03     WITH SB                   5.035     0.033
A_04     WITH SA                  12.639     0.009
A_04     WITH SB                   4.383    -0.030
A_04     WITH A_01                10.291    -0.071
A_04     WITH A_02                 8.269     0.059
A_04     WITH A_03                 7.236    -0.054
A_05     WITH IA                   3.313    -0.038
A_05     WITH SA                   9.192    -0.010
A_05     WITH A_01                 6.898     0.065
A_05     WITH A_02                38.840    -0.140
A_05     WITH A_03                18.840     0.093
A_06     WITH A_01                 3.944    -0.057
A_06     WITH A_02                20.313     0.110
A_06     WITH A_03                10.516    -0.074
A_06     WITH A_04                18.367     0.103
A_06     WITH A_05                11.460    -0.103
B_01     WITH IB                   4.692    -3.737
B_02     WITH A_03                 4.467    -0.291
B_02     WITH A_05                 4.315     0.345
B_03     WITH A_04                 6.505     0.392
B_04     WITH IA                   4.493     0.281
B_04     WITH IB                   3.323     1.832
B_04     WITH B_01                 3.986    -3.830
B_04     WITH B_02                12.469     3.905
B_05     WITH A_03                 3.609     0.306
B_05     WITH A_04                 5.111    -0.370
B_06     WITH IA                   6.777    -0.529
B_06     WITH IB                   8.105    -4.055
B_06     WITH SB                   7.129    -1.141
B_06     WITH A_04                 5.188    -0.363
B_06     WITH B_01                 3.089     4.426
B_06     WITH B_02                10.209    -4.058

Means/Intercepts/Thresholds

[ A_03     ]                      24.424     0.068
[ A_04     ]                      27.234    -0.076
[ A_05     ]                      11.073    -0.053
[ A_06     ]                      19.279     0.086
[ B_02     ]                      19.949    -0.601
[ B_04     ]                      18.327     0.442
[ B_06     ]                       9.481    -0.483


TECHNICAL 1 OUTPUT


     PARAMETER SPECIFICATION


           NU
              A_01          A_02          A_03          A_04          A_05
              ________      ________      ________      ________      ________
 1                  0             0             0             0             0


           NU
              A_06          B_01          B_02          B_03          B_04
              ________      ________      ________      ________      ________
 1                  0             0             0             0             0


           NU
              B_05          B_06          A
              ________      ________      ________
 1                  0             0             1


           LAMBDA
              IA            SA            IB            SB            A_01
              ________      ________      ________      ________      ________
 A_01               0             0             0             0             0
 A_02               0             0             0             0             0
 A_03               0             0             0             0             0
 A_04               0             0             0             0             0
 A_05               0             0             0             0             0
 A_06               0             0             0             0             0
 B_01               0             0             0             0             0
 B_02               0             0             0             0             0
 B_03               0             0             0             0             0
 B_04               0             0             0             0             0
 B_05               0             0             0             0             0
 B_06               0             0             0             0             0
 A                  0             0             0             0             0


           LAMBDA
              A_02          A_03          A_04          A_05          A_06
              ________      ________      ________      ________      ________
 A_01               0             0             0             0             0
 A_02               0             0             0             0             0
 A_03               0             0             0             0             0
 A_04               0             0             0             0             0
 A_05               0             0             0             0             0
 A_06               0             0             0             0             0
 B_01               0             0             0             0             0
 B_02               0             0             0             0             0
 B_03               0             0             0             0             0
 B_04               0             0             0             0             0
 B_05               0             0             0             0             0
 B_06               0             0             0             0             0
 A                  0             0             0             0             0


           LAMBDA
              B_01          B_02          B_03          B_04          B_05
              ________      ________      ________      ________      ________
 A_01               0             0             0             0             0
 A_02               0             0             0             0             0
 A_03               0             0             0             0             0
 A_04               0             0             0             0             0
 A_05               0             0             0             0             0
 A_06               0             0             0             0             0
 B_01               0             0             0             0             0
 B_02               0             0             0             0             0
 B_03               0             0             0             0             0
 B_04               0             0             0             0             0
 B_05               0             0             0             0             0
 B_06               0             0             0             0             0
 A                  0             0             0             0             0


           LAMBDA
              B_06
              ________
 A_01               0
 A_02               0
 A_03               0
 A_04               0
 A_05               0
 A_06               0
 B_01               0
 B_02               0
 B_03               0
 B_04               0
 B_05               0
 B_06               0
 A                  0


           THETA
              A_01          A_02          A_03          A_04          A_05
              ________      ________      ________      ________      ________
 A_01               0
 A_02               0             0
 A_03               0             0             0
 A_04               0             0             0             0
 A_05               0             0             0             0             0
 A_06               0             0             0             0             0
 B_01               0             0             0             0             0
 B_02               0             0             0             0             0
 B_03               0             0             0             0             0
 B_04               0             0             0             0             0
 B_05               0             0             0             0             0
 B_06               0             0             0             0             0
 A                  0             0             0             0             0


           THETA
              A_06          B_01          B_02          B_03          B_04
              ________      ________      ________      ________      ________
 A_06               0
 B_01               0             0
 B_02               0             0             0
 B_03               0             0             0             0
 B_04               0             0             0             0             0
 B_05               0             0             0             0             0
 B_06               0             0             0             0             0
 A                  0             0             0             0             0


           THETA
              B_05          B_06          A
              ________      ________      ________
 B_05               0
 B_06               0             0
 A                  0             0             2


           ALPHA
              IA            SA            IB            SB            A_01
              ________      ________      ________      ________      ________
 1                  3             4             5             6             0


           ALPHA
              A_02          A_03          A_04          A_05          A_06
              ________      ________      ________      ________      ________
 1                  0             0             0             0             0


           ALPHA
              B_01          B_02          B_03          B_04          B_05
              ________      ________      ________      ________      ________
 1                  0             0             0             0             0


           ALPHA
              B_06
              ________
 1                  0


           BETA
              IA            SA            IB            SB            A_01
              ________      ________      ________      ________      ________
 IA                 0             0             0             0             0
 SA                 0             0             0             0             0
 IB                 0             0             0             0             0
 SB                 0             0             0             0             0
 A_01               0             0             0             0             0
 A_02               0             0             0             0             0
 A_03               0             0             0             0             0
 A_04               0             0             0             0             0
 A_05               0             0             0             0             0
 A_06               0             0             0             0             0
 B_01               0             0             0             0             0
 B_02               0             0             0             0             0
 B_03               0             0             0             0             0
 B_04               0             0             0             0             0
 B_05               0             0             0             0             0
 B_06               0             0             0             0             0


           BETA
              A_02          A_03          A_04          A_05          A_06
              ________      ________      ________      ________      ________
 IA                 0             0             0             0             0
 SA                 0             0             0             0             0
 IB                 0             0             0             0             0
 SB                 0             0             0             0             0
 A_01               0             0             0             0             0
 A_02               0             0             0             0             0
 A_03               0             0             0             0             0
 A_04               0             0             0             0             0
 A_05               0             0             0             0             0
 A_06               0             0             0             0             0
 B_01               0             0             0             0             0
 B_02               0             0             0             0             0
 B_03               0             0             0             0             0
 B_04               0             0             0             0             0
 B_05               0             0             0             0             0
 B_06               0             0             0             0             0


           BETA
              B_01          B_02          B_03          B_04          B_05
              ________      ________      ________      ________      ________
 IA                 0             0             0             0             0
 SA                 0             0             0             0             0
 IB                 0             0             0             0             0
 SB                 0             0             0             0             0
 A_01               0             0             0             0             0
 A_02               0             0             0             0             0
 A_03               0             0             0             0             0
 A_04               0             0             0             0             0
 A_05               0             0             0             0             0
 A_06               0             0             0             0             0
 B_01               0             0             0             0             0
 B_02               0             0             0             0             0
 B_03               0             0             0             0             0
 B_04               0             0             0             0             0
 B_05               0             0             0             0             0
 B_06               0             0             0             0             0


           BETA
              B_06
              ________
 IA                 0
 SA                 0
 IB                 0
 SB                 0
 A_01               0
 A_02               0
 A_03               0
 A_04               0
 A_05               0
 A_06               0
 B_01               0
 B_02               0
 B_03               0
 B_04               0
 B_05               0
 B_06               0


           PSI
              IA            SA            IB            SB            A_01
              ________      ________      ________      ________      ________
 IA                 7
 SA                 8             9
 IB                10            11            12
 SB                13            14            15            16
 A_01               0             0             0             0            17
 A_02               0             0             0             0             0
 A_03               0             0             0             0             0
 A_04               0             0             0             0             0
 A_05               0             0             0             0             0
 A_06               0             0             0             0             0
 B_01               0             0             0             0            23
 B_02               0             0             0             0             0
 B_03               0             0             0             0             0
 B_04               0             0             0             0             0
 B_05               0             0             0             0             0
 B_06               0             0             0             0             0


           PSI
              A_02          A_03          A_04          A_05          A_06
              ________      ________      ________      ________      ________
 A_02              18
 A_03               0            19
 A_04               0             0            20
 A_05               0             0             0            21
 A_06               0             0             0             0            22
 B_01               0             0             0             0             0
 B_02               0             0             0             0             0
 B_03               0             0             0             0             0
 B_04               0             0             0             0             0
 B_05               0             0             0             0             0
 B_06               0             0             0             0             0


           PSI
              B_01          B_02          B_03          B_04          B_05
              ________      ________      ________      ________      ________
 B_01              24
 B_02               0            25
 B_03               0             0            26
 B_04               0             0             0            27
 B_05               0             0             0             0            28
 B_06               0             0             0             0             0


           PSI
              B_06
              ________
 B_06              29


     STARTING VALUES


           NU
              A_01          A_02          A_03          A_04          A_05
              ________      ________      ________      ________      ________
 1              0.000         0.000         0.000         0.000         0.000


           NU
              A_06          B_01          B_02          B_03          B_04
              ________      ________      ________      ________      ________
 1              0.000         0.000         0.000         0.000         0.000


           NU
              B_05          B_06          A
              ________      ________      ________
 1              0.000         0.000         0.000


           LAMBDA
              IA            SA            IB            SB            A_01
              ________      ________      ________      ________      ________
 A_01           0.000         0.000         0.000         0.000         1.000
 A_02           0.000         0.000         0.000         0.000         0.000
 A_03           0.000         0.000         0.000         0.000         0.000
 A_04           0.000         0.000         0.000         0.000         0.000
 A_05           0.000         0.000         0.000         0.000         0.000
 A_06           0.000         0.000         0.000         0.000         0.000
 B_01           0.000         0.000         0.000         0.000         0.000
 B_02           0.000         0.000         0.000         0.000         0.000
 B_03           0.000         0.000         0.000         0.000         0.000
 B_04           0.000         0.000         0.000         0.000         0.000
 B_05           0.000         0.000         0.000         0.000         0.000
 B_06           0.000         0.000         0.000         0.000         0.000
 A              0.000         0.000         0.000         0.000         0.000


           LAMBDA
              A_02          A_03          A_04          A_05          A_06
              ________      ________      ________      ________      ________
 A_01           0.000         0.000         0.000         0.000         0.000
 A_02           1.000         0.000         0.000         0.000         0.000
 A_03           0.000         1.000         0.000         0.000         0.000
 A_04           0.000         0.000         1.000         0.000         0.000
 A_05           0.000         0.000         0.000         1.000         0.000
 A_06           0.000         0.000         0.000         0.000         1.000
 B_01           0.000         0.000         0.000         0.000         0.000
 B_02           0.000         0.000         0.000         0.000         0.000
 B_03           0.000         0.000         0.000         0.000         0.000
 B_04           0.000         0.000         0.000         0.000         0.000
 B_05           0.000         0.000         0.000         0.000         0.000
 B_06           0.000         0.000         0.000         0.000         0.000
 A              0.000         0.000         0.000         0.000         0.000


           LAMBDA
              B_01          B_02          B_03          B_04          B_05
              ________      ________      ________      ________      ________
 A_01           0.000         0.000         0.000         0.000         0.000
 A_02           0.000         0.000         0.000         0.000         0.000
 A_03           0.000         0.000         0.000         0.000         0.000
 A_04           0.000         0.000         0.000         0.000         0.000
 A_05           0.000         0.000         0.000         0.000         0.000
 A_06           0.000         0.000         0.000         0.000         0.000
 B_01           1.000         0.000         0.000         0.000         0.000
 B_02           0.000         1.000         0.000         0.000         0.000
 B_03           0.000         0.000         1.000         0.000         0.000
 B_04           0.000         0.000         0.000         1.000         0.000
 B_05           0.000         0.000         0.000         0.000         1.000
 B_06           0.000         0.000         0.000         0.000         0.000
 A              0.000         0.000         0.000         0.000         0.000


           LAMBDA
              B_06
              ________
 A_01           0.000
 A_02           0.000
 A_03           0.000
 A_04           0.000
 A_05           0.000
 A_06           0.000
 B_01           0.000
 B_02           0.000
 B_03           0.000
 B_04           0.000
 B_05           0.000
 B_06           1.000
 A              0.000


           THETA
              A_01          A_02          A_03          A_04          A_05
              ________      ________      ________      ________      ________
 A_01           0.000
 A_02           0.000         0.000
 A_03           0.000         0.000         0.000
 A_04           0.000         0.000         0.000         0.000
 A_05           0.000         0.000         0.000         0.000         0.000
 A_06           0.000         0.000         0.000         0.000         0.000
 B_01           0.000         0.000         0.000         0.000         0.000
 B_02           0.000         0.000         0.000         0.000         0.000
 B_03           0.000         0.000         0.000         0.000         0.000
 B_04           0.000         0.000         0.000         0.000         0.000
 B_05           0.000         0.000         0.000         0.000         0.000
 B_06           0.000         0.000         0.000         0.000         0.000
 A              0.000         0.000         0.000         0.000         0.000


           THETA
              A_06          B_01          B_02          B_03          B_04
              ________      ________      ________      ________      ________
 A_06           0.000
 B_01           0.000         0.000
 B_02           0.000         0.000         0.000
 B_03           0.000         0.000         0.000         0.000
 B_04           0.000         0.000         0.000         0.000         0.000
 B_05           0.000         0.000         0.000         0.000         0.000
 B_06           0.000         0.000         0.000         0.000         0.000
 A              0.000         0.000         0.000         0.000         0.000


           THETA
              B_05          B_06          A
              ________      ________      ________
 B_05           0.000
 B_06           0.000         0.000
 A              0.000         0.000        20.605


           ALPHA
              IA            SA            IB            SB            A_01
              ________      ________      ________      ________      ________
 1              4.922        -0.140        29.457        -0.318         0.000


           ALPHA
              A_02          A_03          A_04          A_05          A_06
              ________      ________      ________      ________      ________
 1              0.000         0.000         0.000         0.000         0.000


           ALPHA
              B_01          B_02          B_03          B_04          B_05
              ________      ________      ________      ________      ________
 1              0.000         0.000         0.000         0.000         0.000


           ALPHA
              B_06
              ________
 1              0.000


           BETA
              IA            SA            IB            SB            A_01
              ________      ________      ________      ________      ________
 IA             0.000         0.000         0.000         0.000         0.000
 SA             0.000         0.000         0.000         0.000         0.000
 IB             0.000         0.000         0.000         0.000         0.000
 SB             0.000         0.000         0.000         0.000         0.000
 A_01           1.000         0.000         0.000         0.000         0.000
 A_02           1.000         2.000         0.000         0.000         0.000
 A_03           1.000         4.000         0.000         0.000         0.000
 A_04           1.000         6.000         0.000         0.000         0.000
 A_05           1.000         8.000         0.000         0.000         0.000
 A_06           1.000        10.000         0.000         0.000         0.000
 B_01           0.000         0.000         1.000         0.000         0.000
 B_02           0.000         0.000         1.000         2.000         0.000
 B_03           0.000         0.000         1.000         4.000         0.000
 B_04           0.000         0.000         1.000         6.000         0.000
 B_05           0.000         0.000         1.000         8.000         0.000
 B_06           0.000         0.000         1.000        10.000         0.000


           BETA
              A_02          A_03          A_04          A_05          A_06
              ________      ________      ________      ________      ________
 IA             0.000         0.000         0.000         0.000         0.000
 SA             0.000         0.000         0.000         0.000         0.000
 IB             0.000         0.000         0.000         0.000         0.000
 SB             0.000         0.000         0.000         0.000         0.000
 A_01           0.000         0.000         0.000         0.000         0.000
 A_02           0.000         0.000         0.000         0.000         0.000
 A_03           0.000         0.000         0.000         0.000         0.000
 A_04           0.000         0.000         0.000         0.000         0.000
 A_05           0.000         0.000         0.000         0.000         0.000
 A_06           0.000         0.000         0.000         0.000         0.000
 B_01           0.000         0.000         0.000         0.000         0.000
 B_02           0.000         0.000         0.000         0.000         0.000
 B_03           0.000         0.000         0.000         0.000         0.000
 B_04           0.000         0.000         0.000         0.000         0.000
 B_05           0.000         0.000         0.000         0.000         0.000
 B_06           0.000         0.000         0.000         0.000         0.000


           BETA
              B_01          B_02          B_03          B_04          B_05
              ________      ________      ________      ________      ________
 IA             0.000         0.000         0.000         0.000         0.000
 SA             0.000         0.000         0.000         0.000         0.000
 IB             0.000         0.000         0.000         0.000         0.000
 SB             0.000         0.000         0.000         0.000         0.000
 A_01           0.000         0.000         0.000         0.000         0.000
 A_02           0.000         0.000         0.000         0.000         0.000
 A_03           0.000         0.000         0.000         0.000         0.000
 A_04           0.000         0.000         0.000         0.000         0.000
 A_05           0.000         0.000         0.000         0.000         0.000
 A_06           0.000         0.000         0.000         0.000         0.000
 B_01           0.000         0.000         0.000         0.000         0.000
 B_02           0.000         0.000         0.000         0.000         0.000
 B_03           0.000         0.000         0.000         0.000         0.000
 B_04           0.000         0.000         0.000         0.000         0.000
 B_05           0.000         0.000         0.000         0.000         0.000
 B_06           0.000         0.000         0.000         0.000         0.000


           BETA
              B_06
              ________
 IA             0.000
 SA             0.000
 IB             0.000
 SB             0.000
 A_01           0.000
 A_02           0.000
 A_03           0.000
 A_04           0.000
 A_05           0.000
 A_06           0.000
 B_01           0.000
 B_02           0.000
 B_03           0.000
 B_04           0.000
 B_05           0.000
 B_06           0.000


           PSI
              IA            SA            IB            SB            A_01
              ________      ________      ________      ________      ________
 IA             2.567
 SA             0.000         0.260
 IB             0.000         0.000        92.585
 SB             0.000         0.000         0.000         8.702
 A_01           0.000         0.000         0.000         0.000         1.208
 A_02           0.000         0.000         0.000         0.000         0.000
 A_03           0.000         0.000         0.000         0.000         0.000
 A_04           0.000         0.000         0.000         0.000         0.000
 A_05           0.000         0.000         0.000         0.000         0.000
 A_06           0.000         0.000         0.000         0.000         0.000
 B_01           0.000         0.000         0.000         0.000         0.000
 B_02           0.000         0.000         0.000         0.000         0.000
 B_03           0.000         0.000         0.000         0.000         0.000
 B_04           0.000         0.000         0.000         0.000         0.000
 B_05           0.000         0.000         0.000         0.000         0.000
 B_06           0.000         0.000         0.000         0.000         0.000


           PSI
              A_02          A_03          A_04          A_05          A_06
              ________      ________      ________      ________      ________
 A_02           1.299
 A_03           0.000         1.356
 A_04           0.000         0.000         1.446
 A_05           0.000         0.000         0.000         1.485
 A_06           0.000         0.000         0.000         0.000         1.489
 B_01           0.000         0.000         0.000         0.000         0.000
 B_02           0.000         0.000         0.000         0.000         0.000
 B_03           0.000         0.000         0.000         0.000         0.000
 B_04           0.000         0.000         0.000         0.000         0.000
 B_05           0.000         0.000         0.000         0.000         0.000
 B_06           0.000         0.000         0.000         0.000         0.000


           PSI
              B_01          B_02          B_03          B_04          B_05
              ________      ________      ________      ________      ________
 B_01          35.614
 B_02           0.000        35.172
 B_03           0.000         0.000        38.174
 B_04           0.000         0.000         0.000        37.527
 B_05           0.000         0.000         0.000         0.000        39.535
 B_06           0.000         0.000         0.000         0.000         0.000


           PSI
              B_06
              ________
 B_06          39.518


TECHNICAL 2 OUTPUT


     DERIVATIVES


           Derivatives With Respect to NU
              A_01          A_02          A_03          A_04          A_05
              ________      ________      ________      ________      ________
 1          0.000E+00     0.000E+00     0.000E+00     0.000E+00     0.000E+00


           Derivatives With Respect to NU
              A_06          B_01          B_02          B_03          B_04
              ________      ________      ________      ________      ________
 1          0.000E+00     0.000E+00     0.000E+00     0.000E+00     0.000E+00


           Derivatives With Respect to NU
              B_05          B_06          A
              ________      ________      ________
 1          0.000E+00     0.000E+00    -0.120E-09


           Derivatives With Respect to LAMBDA
              IA            SA            IB            SB            A_01
              ________      ________      ________      ________      ________
 A_01       0.000E+00     0.000E+00     0.000E+00     0.000E+00     0.000E+00
 A_02       0.000E+00     0.000E+00     0.000E+00     0.000E+00     0.000E+00
 A_03       0.000E+00     0.000E+00     0.000E+00     0.000E+00     0.000E+00
 A_04       0.000E+00     0.000E+00     0.000E+00     0.000E+00     0.000E+00
 A_05       0.000E+00     0.000E+00     0.000E+00     0.000E+00     0.000E+00
 A_06       0.000E+00     0.000E+00     0.000E+00     0.000E+00     0.000E+00
 B_01       0.000E+00     0.000E+00     0.000E+00     0.000E+00     0.000E+00
 B_02       0.000E+00     0.000E+00     0.000E+00     0.000E+00     0.000E+00
 B_03       0.000E+00     0.000E+00     0.000E+00     0.000E+00     0.000E+00
 B_04       0.000E+00     0.000E+00     0.000E+00     0.000E+00     0.000E+00
 B_05       0.000E+00     0.000E+00     0.000E+00     0.000E+00     0.000E+00
 B_06       0.000E+00     0.000E+00     0.000E+00     0.000E+00     0.000E+00
 A          0.000E+00     0.000E+00     0.000E+00     0.000E+00     0.000E+00


           Derivatives With Respect to LAMBDA
              A_02          A_03          A_04          A_05          A_06
              ________      ________      ________      ________      ________
 A_01       0.000E+00     0.000E+00     0.000E+00     0.000E+00     0.000E+00
 A_02       0.000E+00     0.000E+00     0.000E+00     0.000E+00     0.000E+00
 A_03       0.000E+00     0.000E+00     0.000E+00     0.000E+00     0.000E+00
 A_04       0.000E+00     0.000E+00     0.000E+00     0.000E+00     0.000E+00
 A_05       0.000E+00     0.000E+00     0.000E+00     0.000E+00     0.000E+00
 A_06       0.000E+00     0.000E+00     0.000E+00     0.000E+00     0.000E+00
 B_01       0.000E+00     0.000E+00     0.000E+00     0.000E+00     0.000E+00
 B_02       0.000E+00     0.000E+00     0.000E+00     0.000E+00     0.000E+00
 B_03       0.000E+00     0.000E+00     0.000E+00     0.000E+00     0.000E+00
 B_04       0.000E+00     0.000E+00     0.000E+00     0.000E+00     0.000E+00
 B_05       0.000E+00     0.000E+00     0.000E+00     0.000E+00     0.000E+00
 B_06       0.000E+00     0.000E+00     0.000E+00     0.000E+00     0.000E+00
 A          0.000E+00     0.000E+00     0.000E+00     0.000E+00     0.000E+00


           Derivatives With Respect to LAMBDA
              B_01          B_02          B_03          B_04          B_05
              ________      ________      ________      ________      ________
 A_01       0.000E+00     0.000E+00     0.000E+00     0.000E+00     0.000E+00
 A_02       0.000E+00     0.000E+00     0.000E+00     0.000E+00     0.000E+00
 A_03       0.000E+00     0.000E+00     0.000E+00     0.000E+00     0.000E+00
 A_04       0.000E+00     0.000E+00     0.000E+00     0.000E+00     0.000E+00
 A_05       0.000E+00     0.000E+00     0.000E+00     0.000E+00     0.000E+00
 A_06       0.000E+00     0.000E+00     0.000E+00     0.000E+00     0.000E+00
 B_01       0.000E+00     0.000E+00     0.000E+00     0.000E+00     0.000E+00
 B_02       0.000E+00     0.000E+00     0.000E+00     0.000E+00     0.000E+00
 B_03       0.000E+00     0.000E+00     0.000E+00     0.000E+00     0.000E+00
 B_04       0.000E+00     0.000E+00     0.000E+00     0.000E+00     0.000E+00
 B_05       0.000E+00     0.000E+00     0.000E+00     0.000E+00     0.000E+00
 B_06       0.000E+00     0.000E+00     0.000E+00     0.000E+00     0.000E+00
 A          0.000E+00     0.000E+00     0.000E+00     0.000E+00     0.000E+00


           Derivatives With Respect to LAMBDA
              B_06
              ________
 A_01       0.000E+00
 A_02       0.000E+00
 A_03       0.000E+00
 A_04       0.000E+00
 A_05       0.000E+00
 A_06       0.000E+00
 B_01       0.000E+00
 B_02       0.000E+00
 B_03       0.000E+00
 B_04       0.000E+00
 B_05       0.000E+00
 B_06       0.000E+00
 A          0.000E+00


           Derivatives With Respect to THETA
              A_01          A_02          A_03          A_04          A_05
              ________      ________      ________      ________      ________
 A_01       0.000E+00
 A_02       0.000E+00     0.000E+00
 A_03       0.000E+00     0.000E+00     0.000E+00
 A_04       0.000E+00     0.000E+00     0.000E+00     0.000E+00
 A_05       0.000E+00     0.000E+00     0.000E+00     0.000E+00     0.000E+00
 A_06       0.000E+00     0.000E+00     0.000E+00     0.000E+00     0.000E+00
 B_01       0.000E+00     0.000E+00     0.000E+00     0.000E+00     0.000E+00
 B_02       0.000E+00     0.000E+00     0.000E+00     0.000E+00     0.000E+00
 B_03       0.000E+00     0.000E+00     0.000E+00     0.000E+00     0.000E+00
 B_04       0.000E+00     0.000E+00     0.000E+00     0.000E+00     0.000E+00
 B_05       0.000E+00     0.000E+00     0.000E+00     0.000E+00     0.000E+00
 B_06       0.000E+00     0.000E+00     0.000E+00     0.000E+00     0.000E+00
 A          0.000E+00     0.000E+00     0.000E+00     0.000E+00     0.000E+00


           Derivatives With Respect to THETA
              A_06          B_01          B_02          B_03          B_04
              ________      ________      ________      ________      ________
 A_06       0.000E+00
 B_01       0.000E+00     0.000E+00
 B_02       0.000E+00     0.000E+00     0.000E+00
 B_03       0.000E+00     0.000E+00     0.000E+00     0.000E+00
 B_04       0.000E+00     0.000E+00     0.000E+00     0.000E+00     0.000E+00
 B_05       0.000E+00     0.000E+00     0.000E+00     0.000E+00     0.000E+00
 B_06       0.000E+00     0.000E+00     0.000E+00     0.000E+00     0.000E+00
 A          0.000E+00     0.000E+00     0.000E+00     0.000E+00     0.000E+00


           Derivatives With Respect to THETA
              B_05          B_06          A
              ________      ________      ________
 B_05       0.000E+00
 B_06       0.000E+00     0.000E+00
 A          0.000E+00     0.000E+00     0.102E-10


           Derivatives With Respect to ALPHA
              IA            SA            IB            SB            A_01
              ________      ________      ________      ________      ________
 1          0.797E-06    -0.510E-04     0.783E-06    -0.263E-04     0.000E+00


           Derivatives With Respect to ALPHA
              A_02          A_03          A_04          A_05          A_06
              ________      ________      ________      ________      ________
 1          0.000E+00     0.000E+00     0.000E+00     0.000E+00     0.000E+00


           Derivatives With Respect to ALPHA
              B_01          B_02          B_03          B_04          B_05
              ________      ________      ________      ________      ________
 1          0.000E+00     0.000E+00     0.000E+00     0.000E+00     0.000E+00


           Derivatives With Respect to ALPHA
              B_06
              ________
 1          0.000E+00


           Derivatives With Respect to BETA
              IA            SA            IB            SB            A_01
              ________      ________      ________      ________      ________
 IA         0.000E+00     0.000E+00     0.000E+00     0.000E+00     0.000E+00
 SA         0.000E+00     0.000E+00     0.000E+00     0.000E+00     0.000E+00
 IB         0.000E+00     0.000E+00     0.000E+00     0.000E+00     0.000E+00
 SB         0.000E+00     0.000E+00     0.000E+00     0.000E+00     0.000E+00
 A_01       0.000E+00     0.000E+00     0.000E+00     0.000E+00     0.000E+00
 A_02       0.000E+00     0.000E+00     0.000E+00     0.000E+00     0.000E+00
 A_03       0.000E+00     0.000E+00     0.000E+00     0.000E+00     0.000E+00
 A_04       0.000E+00     0.000E+00     0.000E+00     0.000E+00     0.000E+00
 A_05       0.000E+00     0.000E+00     0.000E+00     0.000E+00     0.000E+00
 A_06       0.000E+00     0.000E+00     0.000E+00     0.000E+00     0.000E+00
 B_01       0.000E+00     0.000E+00     0.000E+00     0.000E+00     0.000E+00
 B_02       0.000E+00     0.000E+00     0.000E+00     0.000E+00     0.000E+00
 B_03       0.000E+00     0.000E+00     0.000E+00     0.000E+00     0.000E+00
 B_04       0.000E+00     0.000E+00     0.000E+00     0.000E+00     0.000E+00
 B_05       0.000E+00     0.000E+00     0.000E+00     0.000E+00     0.000E+00
 B_06       0.000E+00     0.000E+00     0.000E+00     0.000E+00     0.000E+00


           Derivatives With Respect to BETA
              A_02          A_03          A_04          A_05          A_06
              ________      ________      ________      ________      ________
 IA         0.000E+00     0.000E+00     0.000E+00     0.000E+00     0.000E+00
 SA         0.000E+00     0.000E+00     0.000E+00     0.000E+00     0.000E+00
 IB         0.000E+00     0.000E+00     0.000E+00     0.000E+00     0.000E+00
 SB         0.000E+00     0.000E+00     0.000E+00     0.000E+00     0.000E+00
 A_01       0.000E+00     0.000E+00     0.000E+00     0.000E+00     0.000E+00
 A_02       0.000E+00     0.000E+00     0.000E+00     0.000E+00     0.000E+00
 A_03       0.000E+00     0.000E+00     0.000E+00     0.000E+00     0.000E+00
 A_04       0.000E+00     0.000E+00     0.000E+00     0.000E+00     0.000E+00
 A_05       0.000E+00     0.000E+00     0.000E+00     0.000E+00     0.000E+00
 A_06       0.000E+00     0.000E+00     0.000E+00     0.000E+00     0.000E+00
 B_01       0.000E+00     0.000E+00     0.000E+00     0.000E+00     0.000E+00
 B_02       0.000E+00     0.000E+00     0.000E+00     0.000E+00     0.000E+00
 B_03       0.000E+00     0.000E+00     0.000E+00     0.000E+00     0.000E+00
 B_04       0.000E+00     0.000E+00     0.000E+00     0.000E+00     0.000E+00
 B_05       0.000E+00     0.000E+00     0.000E+00     0.000E+00     0.000E+00
 B_06       0.000E+00     0.000E+00     0.000E+00     0.000E+00     0.000E+00


           Derivatives With Respect to BETA
              B_01          B_02          B_03          B_04          B_05
              ________      ________      ________      ________      ________
 IA         0.000E+00     0.000E+00     0.000E+00     0.000E+00     0.000E+00
 SA         0.000E+00     0.000E+00     0.000E+00     0.000E+00     0.000E+00
 IB         0.000E+00     0.000E+00     0.000E+00     0.000E+00     0.000E+00
 SB         0.000E+00     0.000E+00     0.000E+00     0.000E+00     0.000E+00
 A_01       0.000E+00     0.000E+00     0.000E+00     0.000E+00     0.000E+00
 A_02       0.000E+00     0.000E+00     0.000E+00     0.000E+00     0.000E+00
 A_03       0.000E+00     0.000E+00     0.000E+00     0.000E+00     0.000E+00
 A_04       0.000E+00     0.000E+00     0.000E+00     0.000E+00     0.000E+00
 A_05       0.000E+00     0.000E+00     0.000E+00     0.000E+00     0.000E+00
 A_06       0.000E+00     0.000E+00     0.000E+00     0.000E+00     0.000E+00
 B_01       0.000E+00     0.000E+00     0.000E+00     0.000E+00     0.000E+00
 B_02       0.000E+00     0.000E+00     0.000E+00     0.000E+00     0.000E+00
 B_03       0.000E+00     0.000E+00     0.000E+00     0.000E+00     0.000E+00
 B_04       0.000E+00     0.000E+00     0.000E+00     0.000E+00     0.000E+00
 B_05       0.000E+00     0.000E+00     0.000E+00     0.000E+00     0.000E+00
 B_06       0.000E+00     0.000E+00     0.000E+00     0.000E+00     0.000E+00


           Derivatives With Respect to BETA
              B_06
              ________
 IA         0.000E+00
 SA         0.000E+00
 IB         0.000E+00
 SB         0.000E+00
 A_01       0.000E+00
 A_02       0.000E+00
 A_03       0.000E+00
 A_04       0.000E+00
 A_05       0.000E+00
 A_06       0.000E+00
 B_01       0.000E+00
 B_02       0.000E+00
 B_03       0.000E+00
 B_04       0.000E+00
 B_05       0.000E+00
 B_06       0.000E+00


           Derivatives With Respect to PSI
              IA            SA            IB            SB            A_01
              ________      ________      ________      ________      ________
 IA         0.119E-05
 SA         0.470E-04    -0.894E-04
 IB         0.872E-07     0.503E-05     0.375E-07
 SB        -0.232E-05     0.524E-05    -0.907E-06    -0.155E-04
 A_01       0.000E+00     0.000E+00     0.000E+00     0.000E+00    -0.417E-06
 A_02       0.000E+00     0.000E+00     0.000E+00     0.000E+00     0.000E+00
 A_03       0.000E+00     0.000E+00     0.000E+00     0.000E+00     0.000E+00
 A_04       0.000E+00     0.000E+00     0.000E+00     0.000E+00     0.000E+00
 A_05       0.000E+00     0.000E+00     0.000E+00     0.000E+00     0.000E+00
 A_06       0.000E+00     0.000E+00     0.000E+00     0.000E+00     0.000E+00
 B_01       0.000E+00     0.000E+00     0.000E+00     0.000E+00    -0.160E-05
 B_02       0.000E+00     0.000E+00     0.000E+00     0.000E+00     0.000E+00
 B_03       0.000E+00     0.000E+00     0.000E+00     0.000E+00     0.000E+00
 B_04       0.000E+00     0.000E+00     0.000E+00     0.000E+00     0.000E+00
 B_05       0.000E+00     0.000E+00     0.000E+00     0.000E+00     0.000E+00
 B_06       0.000E+00     0.000E+00     0.000E+00     0.000E+00     0.000E+00


           Derivatives With Respect to PSI
              A_02          A_03          A_04          A_05          A_06
              ________      ________      ________      ________      ________
 A_02      -0.696E-06
 A_03       0.000E+00    -0.574E-06
 A_04       0.000E+00     0.000E+00    -0.423E-06
 A_05       0.000E+00     0.000E+00     0.000E+00    -0.686E-06
 A_06       0.000E+00     0.000E+00     0.000E+00     0.000E+00    -0.122E-05
 B_01       0.000E+00     0.000E+00     0.000E+00     0.000E+00     0.000E+00
 B_02       0.000E+00     0.000E+00     0.000E+00     0.000E+00     0.000E+00
 B_03       0.000E+00     0.000E+00     0.000E+00     0.000E+00     0.000E+00
 B_04       0.000E+00     0.000E+00     0.000E+00     0.000E+00     0.000E+00
 B_05       0.000E+00     0.000E+00     0.000E+00     0.000E+00     0.000E+00
 B_06       0.000E+00     0.000E+00     0.000E+00     0.000E+00     0.000E+00


           Derivatives With Respect to PSI
              B_01          B_02          B_03          B_04          B_05
              ________      ________      ________      ________      ________
 B_01      -0.516E-08
 B_02       0.000E+00    -0.761E-07
 B_03       0.000E+00     0.000E+00     0.230E-06
 B_04       0.000E+00     0.000E+00     0.000E+00     0.632E-07
 B_05       0.000E+00     0.000E+00     0.000E+00     0.000E+00    -0.136E-06
 B_06       0.000E+00     0.000E+00     0.000E+00     0.000E+00     0.000E+00


           Derivatives With Respect to PSI
              B_06
              ________
 B_06      -0.293E-07


TECHNICAL 3 OUTPUT


           ESTIMATED COVARIANCE MATRIX FOR PARAMETER ESTIMATES
                     1             2             3             4             5
              ________      ________      ________      ________      ________
        1   0.457612D-02
        2   0.323295D-01  0.446416D+00
        3  -0.302691D-03 -0.238874D-02  0.230319D-03
        4  -0.225863D-04 -0.612544D-04 -0.140047D-04  0.358066D-05
        5  -0.585165D-03 -0.487989D-02  0.305517D-03 -0.505472D-05  0.125166D-01
        6  -0.738556D-04 -0.347633D-03 -0.934623D-08  0.226350D-05 -0.118757D-02
        7   0.127625D-03  0.221696D-02 -0.143817D-04 -0.133348D-05 -0.136216D-05
        8   0.434299D-05  0.357954D-05  0.397141D-05 -0.853266D-06  0.231950D-05
        9   0.247158D-05  0.188297D-04 -0.941742D-06  0.390932D-07 -0.212450D-06
       10  -0.111449D-04  0.198713D-02  0.344128D-04  0.489716D-05 -0.895129D-03
       11  -0.115731D-05  0.643252D-04  0.183379D-05 -0.117089D-05  0.463501D-04
       12   0.375874D-03  0.205916D-02  0.769998D-03 -0.643486D-05 -0.181023D-01
       13   0.354675D-04  0.375482D-03 -0.821114D-05 -0.101510D-05  0.254415D-03
       14   0.633118D-05  0.351934D-04 -0.405048D-06 -0.137021D-06 -0.214630D-05
       15   0.140042D-04  0.791864D-03 -0.733329D-04  0.442815D-05  0.601481D-03
       16  -0.898709D-05  0.116503D-04  0.955293D-05 -0.695576D-06  0.202062D-03
       17  -0.280353D-04 -0.369734D-03  0.472033D-05  0.149262D-06 -0.820385D-05
       18  -0.243650D-04 -0.169432D-03 -0.707378D-05  0.278669D-05 -0.408921D-04
       19  -0.480204D-04 -0.351510D-03 -0.988382D-05  0.183349D-05  0.323442D-05
       20  -0.187285D-04 -0.263921D-03 -0.215336D-05  0.210444D-05 -0.338267D-04
       21  -0.876016D-04  0.732423D-05  0.213271D-04 -0.222057D-05  0.523824D-04
       22  -0.655333D-04 -0.219302D-03  0.401609D-04 -0.601909D-05  0.101973D-04
       23   0.146417D-03  0.271580D-02  0.143729D-05 -0.127013D-04 -0.205845D-03
       24   0.222144D-02  0.424348D-01 -0.596272D-03 -0.681382D-05 -0.126231D-01
       25   0.189281D-02  0.224314D-01 -0.872646D-03 -0.218400D-04  0.391600D-02
       26   0.412305D-02  0.257743D-01 -0.955414D-03 -0.120146D-04 -0.697745D-02
       27   0.146290D-02  0.520658D-02 -0.370857D-03 -0.564131D-04 -0.242278D-02
       28   0.231582D-02  0.114685D-01 -0.707753D-03 -0.314123D-04 -0.649017D-02
       29   0.317888D-02  0.121158D-01 -0.412988D-03 -0.118620D-03 -0.715415D-02


           ESTIMATED COVARIANCE MATRIX FOR PARAMETER ESTIMATES
                     6             7             8             9            10
              ________      ________      ________      ________      ________
        6   0.234751D-03
        7  -0.119617D-04  0.115819D-02
        8  -0.655959D-06 -0.772650D-04  0.131617D-04
        9  -0.141988D-06  0.595904D-05 -0.159075D-05  0.390062D-06
       10   0.252103D-03  0.103018D-02 -0.491543D-04 -0.135228D-05  0.272415D-01
       11   0.140140D-05 -0.836274D-04  0.100842D-04  0.306510D-09 -0.152403D-02
       12   0.229419D-02  0.120971D-03 -0.524816D-04  0.457630D-05  0.563365D-01
       13  -0.766490D-04  0.446100D-04  0.211259D-05 -0.696260D-07 -0.271863D-02
       14  -0.130090D-05 -0.132041D-05  0.437418D-07  0.791852D-07  0.137324D-03
       15  -0.172665D-03  0.182866D-03  0.101046D-05 -0.129913D-05 -0.174292D-02
       16  -0.506483D-04 -0.188938D-04  0.524920D-06  0.415597D-06 -0.426426D-03
       17   0.174527D-05 -0.334807D-03  0.488776D-04 -0.721187D-05 -0.979949D-04
       18   0.488932D-05 -0.167192D-03  0.153004D-04 -0.185631D-05 -0.435381D-04
       19   0.406170D-05 -0.724138D-04  0.342953D-05 -0.167516D-06  0.308586D-04
       20   0.103616D-04 -0.211561D-04 -0.323894D-05 -0.649244D-06 -0.741460D-04
       21  -0.131996D-05  0.284009D-05  0.830928D-06 -0.309759D-05  0.552837D-04
       22  -0.289210D-05 -0.493192D-04  0.210385D-04 -0.840350D-05  0.803674D-04
       23   0.333319D-04  0.328224D-03 -0.184635D-04  0.920253D-06 -0.429632D-02
       24   0.143873D-02  0.216867D-02 -0.101000D-03  0.973146D-05  0.231121D-01
       25  -0.100249D-02  0.858253D-03  0.304442D-04 -0.909450D-05  0.956475D-02
       26   0.661319D-03  0.197509D-03 -0.822327D-06 -0.304992D-05  0.162376D-02
       27  -0.240430D-03 -0.160442D-03  0.245059D-05  0.150878D-04  0.118013D-02
       28   0.125651D-02  0.353871D-03  0.124450D-04 -0.830987D-05  0.117945D-01
       29   0.166509D-02  0.530190D-03  0.887580D-05 -0.893125D-05  0.141691D-01


           ESTIMATED COVARIANCE MATRIX FOR PARAMETER ESTIMATES
                    11            12            13            14            15
              ________      ________      ________      ________      ________
       11   0.433272D-03
       12   0.123107D-02  0.486393D+01
       13   0.140703D-03 -0.653995D-02  0.591088D-03
       14  -0.405199D-04 -0.147370D-03 -0.306333D-04  0.790067D-05
       15   0.338910D-04 -0.510178D+00  0.530147D-03 -0.545775D-05  0.754421D-01
       16  -0.227786D-04  0.601442D-01  0.642305D-04  0.537824D-05 -0.115296D-01
       17   0.719853D-06 -0.375974D-03  0.142478D-04 -0.102165D-05 -0.105441D-03
       18   0.951175D-05 -0.738577D-03 -0.643144D-05 -0.937648D-06  0.118348D-03
       19   0.927274D-07 -0.706034D-03 -0.149165D-04 -0.270603D-06  0.579191D-04
       20   0.731085D-05  0.374898D-03  0.291381D-05 -0.150800D-05 -0.657895D-04
       21  -0.182353D-04  0.200460D-03  0.253761D-06  0.437632D-07 -0.193602D-04
       22  -0.224471D-04  0.101951D-03 -0.296968D-04  0.466085D-05 -0.223659D-04
       23   0.960679D-03  0.740250D-01  0.704147D-03 -0.141099D-03 -0.908713D-02
       24  -0.165433D-02 -0.284851D+01 -0.223104D-02  0.170390D-03  0.407652D+00
       25  -0.132063D-02 -0.224658D+01 -0.522528D-03  0.125126D-03  0.277664D+00
       26  -0.914487D-03 -0.100539D+01  0.194571D-03  0.587042D-04  0.714704D-01
       27  -0.110581D-03 -0.137109D+00 -0.104655D-02  0.931842D-04 -0.173349D-01
       28  -0.377080D-03 -0.270289D+00 -0.257280D-02  0.732763D-04  0.846740D-01
       29   0.600894D-03 -0.987300D+00 -0.231649D-02 -0.873162D-04  0.250601D+00


           ESTIMATED COVARIANCE MATRIX FOR PARAMETER ESTIMATES
                    16            17            18            19            20
              ________      ________      ________      ________      ________
       16   0.242058D-02
       17   0.291622D-04  0.127165D-02
       18  -0.217728D-04  0.100767D-03  0.857104D-03
       19  -0.756905D-05  0.476994D-04  0.133947D-04  0.750100D-03
       20   0.115896D-04  0.285471D-05  0.584819D-04 -0.166746D-04  0.129305D-02
       21   0.255157D-04  0.413286D-04 -0.482425D-04  0.666950D-04 -0.235050D-04
       22  -0.882282D-05  0.143981D-03  0.795154D-04  0.465536D-05  0.753836D-04
       23   0.122805D-02  0.471428D-03 -0.548756D-04 -0.421155D-04  0.974508D-04
       24  -0.636748D-01  0.173204D-02  0.414619D-03 -0.145002D-02 -0.697542D-03
       25  -0.378953D-01  0.735973D-03  0.171693D-03  0.105239D-02 -0.159796D-03
       26  -0.429379D-02  0.782385D-03 -0.164698D-03  0.812291D-03  0.838529D-03
       27   0.558535D-02  0.107089D-02  0.100657D-04  0.843755D-03 -0.357717D-03
       28  -0.344163D-01  0.411513D-03 -0.661815D-04 -0.606329D-03 -0.626167D-03
       29  -0.701510D-01 -0.892563D-03  0.889120D-03 -0.743846D-04 -0.420145D-03


           ESTIMATED COVARIANCE MATRIX FOR PARAMETER ESTIMATES
                    21            22            23            24            25
              ________      ________      ________      ________      ________
       21   0.179631D-02
       22   0.597667D-04  0.144237D-02
       23   0.344757D-03 -0.694269D-04  0.872002D-01
       24  -0.466602D-03 -0.155926D-02 -0.462666D-01  0.777935D+01
       25  -0.340326D-03  0.355190D-03 -0.435166D-01  0.164510D+01  0.254128D+01
       26   0.352802D-03 -0.361029D-03 -0.127702D-01  0.404986D+00  0.401037D+00
       27   0.822862D-03 -0.215365D-03  0.349279D-02 -0.143889D+00  0.806142D-01
       28  -0.189859D-02 -0.274235D-03 -0.109610D-01  0.549354D+00  0.230142D+00
       29  -0.123110D-02  0.186817D-02 -0.275719D-01  0.145366D+01  0.732881D+00


           ESTIMATED COVARIANCE MATRIX FOR PARAMETER ESTIMATES
                    26            27            28            29
              ________      ________      ________      ________
       26   0.183539D+01
       27   0.756927D-01  0.126832D+01
       28   0.111960D-01 -0.792105D-01  0.273055D+01
       29  -0.440988D-01 -0.273524D+00  0.137525D+01  0.413329D+01


           ESTIMATED CORRELATION MATRIX FOR PARAMETER ESTIMATES
                     1             2             3             4             5
              ________      ________      ________      ________      ________
        1       1.000
        2       0.715         1.000
        3      -0.295        -0.236         1.000
        4      -0.176        -0.048        -0.488         1.000
        5      -0.077        -0.065         0.180        -0.024         1.000
        6      -0.071        -0.034         0.000         0.078        -0.693
        7       0.055         0.097        -0.028        -0.021         0.000
        8       0.018         0.001         0.072        -0.124         0.006
        9       0.059         0.045        -0.099         0.033        -0.003
       10      -0.001         0.018         0.014         0.016        -0.048
       11      -0.001         0.005         0.006        -0.030         0.020
       12       0.003         0.001         0.023        -0.002        -0.073
       13       0.022         0.023        -0.022        -0.022         0.094
       14       0.033         0.019        -0.009        -0.026        -0.007
       15       0.001         0.004        -0.018         0.009         0.020
       16      -0.003         0.000         0.013        -0.007         0.037
       17      -0.012        -0.016         0.009         0.002        -0.002
       18      -0.012        -0.009        -0.016         0.050        -0.012
       19      -0.026        -0.019        -0.024         0.035         0.001
       20      -0.008        -0.011        -0.004         0.031        -0.008
       21      -0.031         0.000         0.033        -0.028         0.011
       22      -0.026        -0.009         0.070        -0.084         0.002
       23       0.007         0.014         0.000        -0.023        -0.006
       24       0.012         0.023        -0.014        -0.001        -0.040
       25       0.018         0.021        -0.036        -0.007         0.022
       26       0.045         0.028        -0.046        -0.005        -0.046
       27       0.019         0.007        -0.022        -0.026        -0.019
       28       0.021         0.010        -0.028        -0.010        -0.035
       29       0.023         0.009        -0.013        -0.031        -0.031


           ESTIMATED CORRELATION MATRIX FOR PARAMETER ESTIMATES
                     6             7             8             9            10
              ________      ________      ________      ________      ________
        6       1.000
        7      -0.023         1.000
        8      -0.012        -0.626         1.000
        9      -0.015         0.280        -0.702         1.000
       10       0.100         0.183        -0.082        -0.013         1.000
       11       0.004        -0.118         0.134         0.000        -0.444
       12       0.068         0.002        -0.007         0.003         0.155
       13      -0.206         0.054         0.024        -0.005        -0.678
       14      -0.030        -0.014         0.004         0.045         0.296
       15      -0.041         0.020         0.001        -0.008        -0.038
       16      -0.067        -0.011         0.003         0.014        -0.053
       17       0.003        -0.276         0.378        -0.324        -0.017
       18       0.011        -0.168         0.144        -0.102        -0.009
       19       0.010        -0.078         0.035        -0.010         0.007
       20       0.019        -0.017        -0.025        -0.029        -0.012
       21      -0.002         0.002         0.005        -0.117         0.008
       22      -0.005        -0.038         0.153        -0.354         0.013
       23       0.007         0.033        -0.017         0.005        -0.088
       24       0.034         0.023        -0.010         0.006         0.050
       25      -0.041         0.016         0.005        -0.009         0.036
       26       0.032         0.004         0.000        -0.004         0.007
       27      -0.014        -0.004         0.001         0.021         0.006
       28       0.050         0.006         0.002        -0.008         0.043
       29       0.053         0.008         0.001        -0.007         0.042


           ESTIMATED CORRELATION MATRIX FOR PARAMETER ESTIMATES
                    11            12            13            14            15
              ________      ________      ________      ________      ________
       11       1.000
       12       0.027         1.000
       13       0.278        -0.122         1.000
       14      -0.693        -0.024        -0.448         1.000
       15       0.006        -0.842         0.079        -0.007         1.000
       16      -0.022         0.554         0.054         0.039        -0.853
       17       0.001        -0.005         0.016        -0.010        -0.011
       18       0.016        -0.011        -0.009        -0.011         0.015
       19       0.000        -0.012        -0.022        -0.004         0.008
       20       0.010         0.005         0.003        -0.015        -0.007
       21      -0.021         0.002         0.000         0.000        -0.002
       22      -0.028         0.001        -0.032         0.044        -0.002
       23       0.156         0.114         0.098        -0.170        -0.112
       24      -0.028        -0.463        -0.033         0.022         0.532
       25      -0.040        -0.639        -0.013         0.028         0.634
       26      -0.032        -0.336         0.006         0.015         0.192
       27      -0.005        -0.055        -0.038         0.029        -0.056
       28      -0.011        -0.074        -0.064         0.016         0.187
       29       0.014        -0.220        -0.047        -0.015         0.449


           ESTIMATED CORRELATION MATRIX FOR PARAMETER ESTIMATES
                    16            17            18            19            20
              ________      ________      ________      ________      ________
       16       1.000
       17       0.017         1.000
       18      -0.015         0.097         1.000
       19      -0.006         0.049         0.017         1.000
       20       0.007         0.002         0.056        -0.017         1.000
       21       0.012         0.027        -0.039         0.057        -0.015
       22      -0.005         0.106         0.072         0.004         0.055
       23       0.085         0.045        -0.006        -0.005         0.009
       24      -0.464         0.017         0.005        -0.019        -0.007
       25      -0.483         0.013         0.004         0.024        -0.003
       26      -0.064         0.016        -0.004         0.022         0.017
       27       0.101         0.027         0.000         0.027        -0.009
       28      -0.423         0.007        -0.001        -0.013        -0.011
       29      -0.701        -0.012         0.015        -0.001        -0.006


           ESTIMATED CORRELATION MATRIX FOR PARAMETER ESTIMATES
                    21            22            23            24            25
              ________      ________      ________      ________      ________
       21       1.000
       22       0.037         1.000
       23       0.028        -0.006         1.000
       24      -0.004        -0.015        -0.056         1.000
       25      -0.005         0.006        -0.092         0.370         1.000
       26       0.006        -0.007        -0.032         0.107         0.186
       27       0.017        -0.005         0.011        -0.046         0.045
       28      -0.027        -0.004        -0.022         0.119         0.087
       29      -0.014         0.024        -0.046         0.256         0.226


           ESTIMATED CORRELATION MATRIX FOR PARAMETER ESTIMATES
                    26            27            28            29
              ________      ________      ________      ________
       26       1.000
       27       0.050         1.000
       28       0.005        -0.043         1.000
       29      -0.016        -0.119         0.409         1.000


     Beginning Time:  12:42:06
        Ending Time:  12:53:03
       Elapsed Time:  00:10:57



MUTHEN & MUTHEN
3463 Stoner Ave.
Los Angeles, CA  90066

Tel: (310) 391-9971
Fax: (310) 391-8971
Web: www.StatModel.com
Support: Support@StatModel.com

Copyright (c) 1998-2015 Muthen & Muthen
