Mplus VERSION 7.4 (Mac)
MUTHEN & MUTHEN
07/19/2017   4:28 AM

INPUT INSTRUCTIONS

  TITLE:
  ALT, nested LGM
  DATA:
  File = wide-dataset-b.dat;
  VARIABLE:
  NAMES are
   id hhid male birthyr_rand birthmo_rand race_rand hispanic_rand cohort
      raedyrs raedegrm memoryproblems_baseline memory_disease_ever age_baseline
      age_baseline_65 health_conditions_baseline healthcond_mean activity_mean_2004
      activity_mean_2006 activity_mean_2008 activity_mean_2010 activity_mean_2012
      activity_mean_2014 activity_sum_2004 activity_sum_2006 activity_sum_2008
      activity_sum_2010 activity_sum_2012 activity_sum_2014 close_social_network_2004
      close_social_network_2006 close_social_network_2008 close_social_network_2010
      close_social_network_2012 close_social_network_2014 countb20r_2004
      countb20r_2006 countb20r_2008 countb20r_2010 countb20r_2012 countb20r_2014
      crp_adj_2004 crp_adj_2006 crp_adj_2008 crp_adj_2010 crp_adj_2012 crp_adj_2014
      dep_total_2004 dep_total_2006 dep_total_2008 dep_total_2010 dep_total_2012
      dep_total_2014 exercise_2004 exercise_2006 exercise_2008 exercise_2010
      exercise_2012 exercise_2014 healthcond_2004 healthcond_2006 healthcond_2008
      healthcond_2010 healthcond_2012 healthcond_2014 hhres_2004 hhres_2006
      hhres_2008 hhres_2010 hhres_2012 hhres_2014 hrs_tscore_2004 hrs_tscore_2006
      hrs_tscore_2008 hrs_tscore_2010 hrs_tscore_2012 hrs_tscore_2014 intage_r_2004
      intage_r_2006 intage_r_2008 intage_r_2010 intage_r_2012 intage_r_2014
      interview_date_2004 interview_date_2006 interview_date_2008 interview_date_2010
      interview_date_2012 interview_date_2014 lb_65_wave_2004 lb_65_wave_2006
      lb_65_wave_2008 lb_65_wave_2010 lb_65_wave_2012 lb_65_wave_2014 lb_wave_2004
      lb_wave_2006 lb_wave_2008 lb_wave_2010 lb_wave_2012 lb_wave_2014 listassi_2004
      listassi_2006 listassi_2008 listassi_2010 listassi_2012 listassi_2014
      mentalstatus_tot_2004 mentalstatus_tot_2006 mentalstatus_tot_2008
      mentalstatus_tot_2010 mentalstatus_tot_2012 mentalstatus_tot_2014 proxy_2004
      proxy_2006 proxy_2008 proxy_2010 proxy_2012 proxy_2014 responded_2004
      responded_2006 responded_2008 responded_2010 responded_2012 responded_2014
      rmaritalst_2004 rmaritalst_2006 rmaritalst_2008 rmaritalst_2010 rmaritalst_2012
      rmaritalst_2014 rpartst_2004 rpartst_2006 rpartst_2008 rpartst_2010
      rpartst_2012 rpartst_2014 score_loneliness_11_2004 score_loneliness_11_2006
      score_loneliness_11_2008 score_loneliness_11_2010 score_loneliness_11_2012
      score_loneliness_11_2014 score_loneliness_3_2004 score_loneliness_3_2006
      score_loneliness_3_2008 score_loneliness_3_2010 score_loneliness_3_2012
      score_loneliness_3_2014 shhidpnr_2004 shhidpnr_2006 shhidpnr_2008 shhidpnr_2010
      shhidpnr_2012 shhidpnr_2014 snchild_2004 snchild_2006 snchild_2008 snchild_2010
      snchild_2012 snchild_2014 snfamily_2004 snfamily_2006 snfamily_2008
      snfamily_2010 snfamily_2012 snfamily_2014 snfriends_2004 snfriends_2006
      snfriends_2008 snfriends_2010 snfriends_2012 snfriends_2014 snspouse_2004
      snspouse_2006 snspouse_2008 snspouse_2010 snspouse_2012 snspouse_2014
      social_contact_total_2004 social_contact_total_2006 social_contact_total_2008
      social_contact_total_2010 social_contact_total_2012 social_contact_total_2014
      social_strain_mean_2004 social_strain_mean_2006 social_strain_mean_2008
      social_strain_mean_2010 social_strain_mean_2012 social_strain_mean_2014
      social_support_mean_2004 social_support_mean_2006 social_support_mean_2008
      social_support_mean_2010 social_support_mean_2012 social_support_mean_2014
      socialnetwork_total_2004 socialnetwork_total_2006 socialnetwork_total_2008
      socialnetwork_total_2010 socialnetwork_total_2012 socialnetwork_total_2014
      srmemory_2004 srmemory_2006 srmemory_2008 srmemory_2010 srmemory_2012
      srmemory_2014 srmemoryp_2004 srmemoryp_2006 srmemoryp_2008 srmemoryp_2010
      srmemoryp_2012 srmemoryp_2014 vocab_total_2004 vocab_total_2006 vocab_total_2008
      vocab_total_2010 vocab_total_2012 vocab_total_2014 wrectotd_2004 wrectotd_2006
      wrectotd_2008 wrectotd_2010 wrectotd_2012 wrectotd_2014 wrectoti_2004
      wrectoti_2006 wrectoti_2008 wrectoti_2010 wrectoti_2012 wrectoti_2014
  	;
  Missing are all(9999);
  USEVARIABLES are
  	!define the variables used in the analysis
  	!estimated time points
  a_01
  a_02
  a_03
  a_04
  a_05
  a_06
  	!modelled time points of process (B)
  b_01
  b_02
  b_03
  b_04
  b_05
  b_06
  	! covariates used in the model
  	;
  SUBPOPULATION are
  	!select a subset of observations
  age_baseline > 64 AND
  memory_disease_ever EQ 0
  ;
  CLUSTER = hhid;
  DEFINE:
    ! centre baseline age
  a = age_baseline - 69;
  	! assign variables to the process (A)
  a_01=wrectotd_2004;
  a_02=wrectotd_2006;
  a_03=wrectotd_2008;
  a_04=wrectotd_2010;
  a_05=wrectotd_2012;
  a_06=wrectotd_2014;
  	! assign variables to the process (B)
  b_01=socialnetwork_total_2004;
  b_02=socialnetwork_total_2006;
  b_03=socialnetwork_total_2008;
  b_04=socialnetwork_total_2010;
  b_05=socialnetwork_total_2012;
  b_06=socialnetwork_total_2014;
  ANALYSIS:
  TYPE = COMPLEX RANDOM;
  COVERAGE=.00;
  H1ITERATIONS=10000;
  MODEL:
  	!LGM part
  	! assign process (A) to time points
  ia sa | a_01@0
  a_02@2
  a_03@4
  a_04@6
  a_05@8
  a_06@10 ;
  	! assign process (B) to time points
  ib sb | b_01@0
  b_02@2
  b_03@4
  b_04@6
  b_05@8
  b_06@10 ;
  	!correlations between the first measurement points
  a_01 WITH b_01;
  	!autoregressive part
  a_01;
  a_02 ON a_01@0;
  a_03 ON a_02@0;
  a_04 ON a_03@0;
  a_05 ON a_04@0;
  a_06 ON a_05@0;
  b_01;
  b_02 ON b_01@0;
  b_03 ON b_02@0;
  b_04 ON b_03@0;
  b_05 ON b_04@0;
  b_06 ON b_05@0;
  	!Cross lagged part
  a_02 ON b_01@0;
  a_03 ON b_02@0;
  a_04 ON b_03@0;
  a_05 ON b_04@0;
  a_06 ON b_05@0;
  b_02 ON a_01@0;
  b_03 ON a_02@0;
  b_04 ON a_03@0;
  b_05 ON a_04@0;
  b_06 ON a_05@0;
  ! Time specific correlations
  b_02 WITH a_02@0;
  b_03 WITH a_03@0;
  b_04 WITH a_04@0;
  b_05 WITH a_05@0;
  b_06 WITH a_06@0;
  	
  OUTPUT: SAMPSTAT MODINDICES (3.0); TECH1 TECH2 TECH3;;



INPUT READING TERMINATED NORMALLY




ALT, nested LGM

SUMMARY OF ANALYSIS

Number of groups                                                 1
Number of observations                                        5952

Number of dependent variables                                   12
Number of independent variables                                  0
Number of continuous latent variables                            4

Observed dependent variables

  Continuous
   A_01        A_02        A_03        A_04        A_05        A_06
   B_01        B_02        B_03        B_04        B_05        B_06

Continuous latent variables
   IA          SA          IB          SB

Variables with special functions

  Cluster variable      HHID

Estimator                                                      MLR
Information matrix                                        OBSERVED
Maximum number of iterations                                   100
Convergence criterion                                    0.100D-05
Maximum number of EM iterations                                500
Convergence criteria for the EM algorithm
  Loglikelihood change                                   0.100D-02
  Relative loglikelihood change                          0.100D-05
  Derivative                                             0.100D-03
Minimum variance                                         0.100D-03
Maximum number of steepest descent iterations                   20
Maximum number of iterations for H1                          10000
Convergence criterion for H1                             0.100D-03
Optimization algorithm                                         EMA

Input data file(s)
  wide-dataset-b.dat
Input data format  FREE


SUMMARY OF DATA

     Number of missing data patterns           273
     Number of clusters        4882



SAMPLE STATISTICS


     ESTIMATED SAMPLE STATISTICS


           Means
              A_01          A_02          A_03          A_04          A_05
              ________      ________      ________      ________      ________
 1              4.374         4.216         4.110         3.723         3.505


           Means
              A_06          B_01          B_02          B_03          B_04
              ________      ________      ________      ________      ________
 1              3.312         3.385         3.404         3.308         3.231


           Means
              B_05          B_06
              ________      ________
 1              3.089         2.979


           Covariances
              A_01          A_02          A_03          A_04          A_05
              ________      ________      ________      ________      ________
 A_01           3.403
 A_02           1.738         3.590
 A_03           1.664         1.659         3.524
 A_04           1.599         1.801         1.791         3.810
 A_05           1.711         1.723         1.937         1.996         3.971
 A_06           1.606         1.873         1.712         2.112         2.186
 B_01           0.185         0.144         0.131         0.203         0.223
 B_02           0.130         0.168         0.109         0.129         0.171
 B_03           0.134         0.134         0.118         0.167         0.216
 B_04           0.081         0.096         0.073         0.142         0.141
 B_05           0.147         0.200         0.198         0.216         0.273
 B_06           0.164         0.159         0.151         0.205         0.241


           Covariances
              A_06          B_01          B_02          B_03          B_04
              ________      ________      ________      ________      ________
 A_06           3.998
 B_01           0.243         0.590
 B_02           0.176         0.368         0.522
 B_03           0.197         0.337         0.254         0.589
 B_04           0.170         0.322         0.364         0.151         0.634
 B_05           0.267         0.324         0.294         0.367         0.338
 B_06           0.227         0.294         0.308         0.338         0.376


           Covariances
              B_05          B_06
              ________      ________
 B_05           0.708
 B_06           0.499         0.756


           Correlations
              A_01          A_02          A_03          A_04          A_05
              ________      ________      ________      ________      ________
 A_01           1.000
 A_02           0.497         1.000
 A_03           0.481         0.466         1.000
 A_04           0.444         0.487         0.489         1.000
 A_05           0.465         0.456         0.518         0.513         1.000
 A_06           0.435         0.494         0.456         0.541         0.549
 B_01           0.130         0.099         0.091         0.136         0.146
 B_02           0.097         0.122         0.080         0.091         0.119
 B_03           0.095         0.092         0.082         0.112         0.141
 B_04           0.055         0.064         0.049         0.091         0.089
 B_05           0.095         0.125         0.125         0.131         0.163
 B_06           0.102         0.096         0.093         0.121         0.139


           Correlations
              A_06          B_01          B_02          B_03          B_04
              ________      ________      ________      ________      ________
 A_06           1.000
 B_01           0.158         1.000
 B_02           0.122         0.662         1.000
 B_03           0.129         0.572         0.458         1.000
 B_04           0.107         0.527         0.632         0.248         1.000
 B_05           0.159         0.501         0.484         0.568         0.505
 B_06           0.131         0.440         0.489         0.506         0.543


           Correlations
              B_05          B_06
              ________      ________
 B_05           1.000
 B_06           0.681         1.000


     MAXIMUM LOG-LIKELIHOOD VALUE FOR THE UNRESTRICTED (H1) MODEL IS -75380.446


UNIVARIATE SAMPLE STATISTICS


     UNIVARIATE HIGHER-ORDER MOMENT DESCRIPTIVE STATISTICS

         Variable/         Mean/     Skewness/   Minimum/ % with                Percentiles
        Sample Size      Variance    Kurtosis    Maximum  Min/Max      20%/60%    40%/80%    Median

     A_01                  4.400      -0.160       0.000    3.69%       3.000      4.000      4.000
            5478.000       3.390       0.175      10.000    0.31%       5.000      6.000
     A_02                  4.227      -0.154       0.000    4.88%       3.000      4.000      4.000
            5671.000       3.575       0.108      10.000    0.37%       5.000      6.000
     A_03                  4.123      -0.205       0.000    5.40%       3.000      4.000      4.000
            5775.000       3.519      -0.027      10.000    0.14%       5.000      6.000
     A_04                  3.750      -0.101       0.000    8.11%       2.000      3.000      4.000
            5669.000       3.793      -0.258      10.000    0.11%       4.000      5.000
     A_05                  3.607      -0.083       0.000    9.78%       2.000      3.000      4.000
            5132.000       3.896      -0.361      10.000    0.12%       4.000      5.000
     A_06                  3.492      -0.040       0.000   10.50%       2.000      3.000      4.000
            4429.000       3.860      -0.393      10.000    0.07%       4.000      5.000
     B_01                  3.445      -1.333       0.000    0.10%       3.000      3.000      4.000
            1052.000       0.578       1.365       4.000   58.27%       4.000      4.000
     B_02                  3.405      -1.091       0.000    0.07%       3.000      3.000      4.000
            2799.000       0.521       0.900       4.000   52.66%       4.000      4.000
     B_03                  3.308      -0.980       0.000    0.26%       3.000      3.000      3.000
            2744.000       0.587       0.764       4.000   46.79%       4.000      4.000
     B_04                  3.253      -0.935       0.000    0.23%       3.000      3.000      3.000
            2655.000       0.624       0.629       4.000   43.58%       4.000      4.000
     B_05                  3.123      -0.839       0.000    0.40%       3.000      3.000      3.000
            2235.000       0.700       0.465       4.000   36.38%       3.000      4.000
     B_06                  3.038      -0.783       0.000    0.79%       2.000      3.000      3.000
            2036.000       0.732       0.509       4.000   31.93%       3.000      4.000


THE MODEL ESTIMATION TERMINATED NORMALLY



MODEL FIT INFORMATION

Number of Free Parameters                       27

Loglikelihood

          H0 Value                      -75509.847
          H0 Scaling Correction Factor      1.4401
            for MLR
          H1 Value                      -75380.446
          H1 Scaling Correction Factor      1.1736
            for MLR

Information Criteria

          Akaike (AIC)                  151073.694
          Bayesian (BIC)                151254.364
          Sample-Size Adjusted BIC      151168.566
            (n* = (n + 2) / 24)

Chi-Square Test of Model Fit

          Value                            244.291*
          Degrees of Freedom                    63
          P-Value                           0.0000
          Scaling Correction Factor         1.0594
            for MLR

*   The chi-square value for MLM, MLMV, MLR, ULSMV, WLSM and WLSMV cannot be used
    for chi-square difference testing in the regular way.  MLM, MLR and WLSM
    chi-square difference testing is described on the Mplus website.  MLMV, WLSMV,
    and ULSMV difference testing is done using the DIFFTEST option.

RMSEA (Root Mean Square Error Of Approximation)

          Estimate                           0.022

CFI/TLI

          CFI                                0.985
          TLI                                0.984

Chi-Square Test of Model Fit for the Baseline Model

          Value                          11813.090
          Degrees of Freedom                    66
          P-Value                           0.0000

SRMR (Standardized Root Mean Square Residual)

          Value                              0.051



MODEL RESULTS

                                                    Two-Tailed
                    Estimate       S.E.  Est./S.E.    P-Value

 IA       |
    A_01               1.000      0.000    999.000    999.000
    A_02               1.000      0.000    999.000    999.000
    A_03               1.000      0.000    999.000    999.000
    A_04               1.000      0.000    999.000    999.000
    A_05               1.000      0.000    999.000    999.000
    A_06               1.000      0.000    999.000    999.000

 SA       |
    A_01               0.000      0.000    999.000    999.000
    A_02               2.000      0.000    999.000    999.000
    A_03               4.000      0.000    999.000    999.000
    A_04               6.000      0.000    999.000    999.000
    A_05               8.000      0.000    999.000    999.000
    A_06              10.000      0.000    999.000    999.000

 IB       |
    B_01               1.000      0.000    999.000    999.000
    B_02               1.000      0.000    999.000    999.000
    B_03               1.000      0.000    999.000    999.000
    B_04               1.000      0.000    999.000    999.000
    B_05               1.000      0.000    999.000    999.000
    B_06               1.000      0.000    999.000    999.000

 SB       |
    B_01               0.000      0.000    999.000    999.000
    B_02               2.000      0.000    999.000    999.000
    B_03               4.000      0.000    999.000    999.000
    B_04               6.000      0.000    999.000    999.000
    B_05               8.000      0.000    999.000    999.000
    B_06              10.000      0.000    999.000    999.000

 A_02       ON
    A_01               0.000      0.000    999.000    999.000
    B_01               0.000      0.000    999.000    999.000

 A_03       ON
    A_02               0.000      0.000    999.000    999.000
    B_02               0.000      0.000    999.000    999.000

 A_04       ON
    A_03               0.000      0.000    999.000    999.000
    B_03               0.000      0.000    999.000    999.000

 A_05       ON
    A_04               0.000      0.000    999.000    999.000
    B_04               0.000      0.000    999.000    999.000

 A_06       ON
    A_05               0.000      0.000    999.000    999.000
    B_05               0.000      0.000    999.000    999.000

 B_02       ON
    B_01               0.000      0.000    999.000    999.000
    A_01               0.000      0.000    999.000    999.000

 B_03       ON
    B_02               0.000      0.000    999.000    999.000
    A_02               0.000      0.000    999.000    999.000

 B_04       ON
    B_03               0.000      0.000    999.000    999.000
    A_03               0.000      0.000    999.000    999.000

 B_05       ON
    B_04               0.000      0.000    999.000    999.000
    A_04               0.000      0.000    999.000    999.000

 B_06       ON
    B_05               0.000      0.000    999.000    999.000
    A_05               0.000      0.000    999.000    999.000

 SA       WITH
    IA                -0.009      0.006     -1.567      0.117

 IB       WITH
    IA                 0.117      0.021      5.606      0.000
    SA                 0.005      0.002      2.138      0.033

 SB       WITH
    IA                 0.001      0.003      0.224      0.823
    SA                 0.001      0.000      1.518      0.129
    IB                -0.010      0.003     -3.520      0.000

 A_01     WITH
    B_01               0.055      0.032      1.732      0.083

 B_02     WITH
    A_02               0.000      0.000    999.000    999.000

 B_03     WITH
    A_03               0.000      0.000    999.000    999.000

 B_04     WITH
    A_04               0.000      0.000    999.000    999.000

 B_05     WITH
    A_05               0.000      0.000    999.000    999.000

 B_06     WITH
    A_06               0.000      0.000    999.000    999.000

 Means
    IA                 4.433      0.022    201.189      0.000
    SA                -0.111      0.003    -42.277      0.000
    IB                 3.484      0.013    278.107      0.000
    SB                -0.047      0.002    -26.845      0.000

 Intercepts
    A_01               0.000      0.000    999.000    999.000
    A_02               0.000      0.000    999.000    999.000
    A_03               0.000      0.000    999.000    999.000
    A_04               0.000      0.000    999.000    999.000
    A_05               0.000      0.000    999.000    999.000
    A_06               0.000      0.000    999.000    999.000
    B_01               0.000      0.000    999.000    999.000
    B_02               0.000      0.000    999.000    999.000
    B_03               0.000      0.000    999.000    999.000
    B_04               0.000      0.000    999.000    999.000
    B_05               0.000      0.000    999.000    999.000
    B_06               0.000      0.000    999.000    999.000

 Variances
    IA                 1.712      0.056     30.776      0.000
    SA                 0.008      0.001      8.393      0.000
    IB                 0.397      0.022     17.947      0.000
    SB                 0.002      0.000      4.878      0.000

 Residual Variances
    A_01               1.686      0.053     31.888      0.000
    A_02               1.845      0.050     36.896      0.000
    A_03               1.858      0.048     39.025      0.000
    A_04               1.895      0.049     38.699      0.000
    A_05               1.838      0.051     36.132      0.000
    A_06               1.700      0.060     28.447      0.000
    B_01               0.225      0.032      7.123      0.000
    B_02               0.149      0.014     10.548      0.000
    B_03               0.235      0.017     13.762      0.000
    B_04               0.258      0.014     17.774      0.000
    B_05               0.297      0.023     12.953      0.000
    B_06               0.341      0.031     10.985      0.000


QUALITY OF NUMERICAL RESULTS

     Condition Number for the Information Matrix              0.116E-03
       (ratio of smallest to largest eigenvalue)


MODEL MODIFICATION INDICES

NOTE:  Modification indices for direct effects of observed dependent variables
regressed on covariates may not be included.  To include these, request
MODINDICES (ALL).

Minimum M.I. value for printing the modification index     3.000

                                   M.I.     E.P.C.


ON/BY Statements

A_01     ON IA       /
IA       BY A_01                  18.788    -0.026
A_01     ON SA       /
SA       BY A_01                  16.972     0.953
A_01     ON IB       /
IB       BY A_01                  18.471    -0.033
A_01     ON SB       /
SB       BY A_01                  17.073     2.217
A_03     ON IA       /
IA       BY A_03                  44.998     0.030
A_03     ON SA       /
SA       BY A_03                  59.921    -1.334
A_03     ON IB       /
IB       BY A_03                  47.445     0.040
A_03     ON SB       /
SB       BY A_03                  46.122    -2.762
A_04     ON IA       /
IA       BY A_04                   5.455    -0.011
A_04     ON SA       /
SA       BY A_04                   9.767     0.557
A_04     ON IB       /
IB       BY A_04                   6.084    -0.015
A_04     ON SB       /
SB       BY A_04                   6.400     1.056
A_05     ON SA       /
SA       BY A_05                   3.530     0.380
A_05     ON IB       /
IB       BY A_05                   3.111    -0.012
A_05     ON SB       /
SB       BY A_05                   4.029     0.928
B_01     ON IA       /
IA       BY B_01                  32.481    -0.026
B_01     ON SA       /
SA       BY B_01                  38.524     1.091
B_01     ON IB       /
IB       BY B_01                  39.114    -0.037
B_01     ON SB       /
SB       BY B_01                  36.670     2.583
B_02     ON IA       /
IA       BY B_02                   5.017     0.007
B_02     ON SA       /
SA       BY B_02                   5.394    -0.275
B_02     ON IB       /
IB       BY B_02                   4.519     0.009
B_02     ON SB       /
SB       BY B_02                   4.725    -0.628
B_03     ON IA       /
IA       BY B_03                   4.699     0.007
B_03     ON SA       /
SA       BY B_03                   5.848    -0.282
B_03     ON IB       /
IB       BY B_03                   5.287     0.009
B_03     ON SB       /
SB       BY B_03                   3.843    -0.561
B_04     ON IA       /
IA       BY B_04                   3.895     0.005
B_04     ON SA       /
SA       BY B_04                   6.123    -0.261
B_04     ON IB       /
IB       BY B_04                   8.810     0.011
B_04     ON SB       /
SB       BY B_04                   9.937    -0.829
B_06     ON IA       /
IA       BY B_06                  10.079    -0.015
B_06     ON SA       /
SA       BY B_06                   9.233     0.533
B_06     ON IB       /
IB       BY B_06                  15.446    -0.024
B_06     ON SB       /
SB       BY B_06                  14.126     1.655

ON Statements

IA       ON B_04                   8.543    -0.207
SA       ON A_03                   3.671    -0.004
SA       ON A_04                   6.104     0.005
SA       ON B_01                   4.387     0.035
IB       ON A_03                   5.558    -0.018
IB       ON B_01                   5.579    -0.164
IB       ON B_04                   5.733     0.093
IB       ON B_06                   9.982    -0.142
SB       ON B_06                   7.484    -0.037
A_01     ON A_01                  18.788    -0.026
A_01     ON A_02                  13.889    -0.022
A_01     ON A_03                  14.064    -0.023
A_01     ON A_04                  25.558    -0.032
A_01     ON A_05                  10.461    -0.021
A_01     ON A_06                  16.669    -0.029
A_01     ON B_01                  18.471    -0.033
A_01     ON B_02                  17.846    -0.033
A_01     ON B_03                  17.182    -0.033
A_01     ON B_04                  18.915    -0.036
A_01     ON B_05                  18.669    -0.037
A_01     ON B_06                  16.549    -0.035
A_02     ON A_06                   3.413     0.011
A_03     ON A_01                  43.565     0.029
A_03     ON A_02                  33.037     0.026
A_03     ON A_03                  42.047     0.032
A_03     ON A_04                  36.983     0.030
A_03     ON A_05                  49.944     0.036
A_03     ON A_06                  17.776     0.023
A_03     ON B_01                  46.518     0.040
A_03     ON B_02                  46.489     0.041
A_03     ON B_03                  45.073     0.041
A_03     ON B_04                  45.073     0.042
A_03     ON B_05                  46.784     0.044
A_03     ON B_06                  45.018     0.045
A_04     ON A_01                   8.686    -0.013
A_04     ON A_03                   3.882    -0.009
A_04     ON A_04                   4.575    -0.011
A_04     ON A_05                   4.884    -0.012
A_04     ON B_01                   5.833    -0.014
A_04     ON B_02                   6.588    -0.016
A_04     ON B_03                   5.978    -0.015
A_04     ON B_04                   5.426    -0.015
A_04     ON B_05                   6.002    -0.016
A_04     ON B_06                   5.624    -0.016
A_05     ON A_02                   6.431    -0.013
A_05     ON A_04                   3.083    -0.010
A_05     ON B_04                   3.303    -0.013
A_06     ON A_03                   5.236    -0.015
B_01     ON A_01                  32.481    -0.026
B_01     ON A_02                  31.442    -0.025
B_01     ON A_03                  31.247    -0.026
B_01     ON A_04                  20.645    -0.022
B_01     ON A_05                  23.805    -0.025
B_01     ON A_06                  20.364    -0.025
B_01     ON B_01                  39.116    -0.037
B_01     ON B_02                  39.434    -0.038
B_01     ON B_03                  40.040    -0.039
B_01     ON B_04                  39.642    -0.040
B_01     ON B_05                  37.889    -0.040
B_01     ON B_06                  37.098    -0.041
B_02     ON A_01                   5.362     0.007
B_02     ON A_02                   8.802     0.009
B_02     ON A_03                   3.438     0.006
B_02     ON A_05                   4.234     0.007
B_02     ON A_06                   3.535     0.007
B_02     ON B_01                   4.341     0.008
B_02     ON B_02                   4.498     0.009
B_02     ON B_03                   4.418     0.009
B_02     ON B_04                   6.195     0.011
B_02     ON B_05                   4.422     0.009
B_02     ON B_06                   3.052     0.008
B_03     ON A_01                   5.441     0.007
B_03     ON A_02                   3.363     0.006
B_03     ON A_04                   3.499     0.006
B_03     ON A_05                   4.582     0.007
B_03     ON B_01                   4.975     0.009
B_03     ON B_02                   5.281     0.009
B_03     ON B_03                   5.353     0.010
B_03     ON B_04                   5.345     0.010
B_03     ON B_05                   5.714     0.011
B_03     ON B_06                   5.468     0.011
B_04     ON A_04                   4.084     0.006
B_04     ON B_01                   8.351     0.010
B_04     ON B_02                   9.857     0.012
B_04     ON B_03                   8.681     0.011
B_04     ON B_04                   8.678     0.012
B_04     ON B_05                   8.615     0.012
B_04     ON B_06                   8.202     0.012
B_06     ON A_01                   6.899    -0.011
B_06     ON A_02                   9.394    -0.014
B_06     ON A_03                   9.143    -0.014
B_06     ON A_04                   7.505    -0.013
B_06     ON A_05                   5.896    -0.012
B_06     ON A_06                   8.980    -0.016
B_06     ON B_01                  14.952    -0.023
B_06     ON B_02                  16.644    -0.025
B_06     ON B_03                  15.486    -0.025
B_06     ON B_04                  15.854    -0.026
B_06     ON B_05                  15.516    -0.026
B_06     ON B_06                  15.580    -0.027

WITH Statements

A_03     WITH SA                   3.671    -0.007
A_03     WITH IB                   5.557    -0.033
A_03     WITH A_02                 4.385    -0.068
A_04     WITH SA                   6.104     0.010
A_04     WITH A_01                10.317    -0.106
A_05     WITH A_01                 3.570     0.067
A_05     WITH A_02                14.049    -0.130
A_05     WITH A_03                20.826     0.155
A_06     WITH A_02                17.346     0.157
A_06     WITH A_03                32.386    -0.209
A_06     WITH A_04                 7.421     0.107
B_01     WITH SA                   5.104     0.009
B_01     WITH IB                   6.902    -0.042
B_02     WITH A_02                 7.350     0.045
B_02     WITH A_04                 4.596    -0.035
B_04     WITH IA                   8.543    -0.053
B_04     WITH IB                   5.734     0.024
B_04     WITH B_02                14.359     0.040
B_06     WITH IB                   9.981    -0.049
B_06     WITH SB                   7.518    -0.013
B_06     WITH B_02                 6.283    -0.031

Means/Intercepts/Thresholds

[ A_01     ]                      20.236    -0.121
[ A_03     ]                      54.500     0.152
[ A_04     ]                       5.957    -0.052
[ A_05     ]                       3.963    -0.047
[ B_01     ]                      35.739    -0.124
[ B_02     ]                       3.902     0.028
[ B_03     ]                       5.782     0.033
[ B_04     ]                       7.470     0.035
[ B_06     ]                      12.587    -0.075


TECHNICAL 1 OUTPUT


     PARAMETER SPECIFICATION


           NU
              A_01          A_02          A_03          A_04          A_05
              ________      ________      ________      ________      ________
 1                  0             0             0             0             0


           NU
              A_06          B_01          B_02          B_03          B_04
              ________      ________      ________      ________      ________
 1                  0             0             0             0             0


           NU
              B_05          B_06
              ________      ________
 1                  0             0


           LAMBDA
              IA            SA            IB            SB            A_01
              ________      ________      ________      ________      ________
 A_01               0             0             0             0             0
 A_02               0             0             0             0             0
 A_03               0             0             0             0             0
 A_04               0             0             0             0             0
 A_05               0             0             0             0             0
 A_06               0             0             0             0             0
 B_01               0             0             0             0             0
 B_02               0             0             0             0             0
 B_03               0             0             0             0             0
 B_04               0             0             0             0             0
 B_05               0             0             0             0             0
 B_06               0             0             0             0             0


           LAMBDA
              A_02          A_03          A_04          A_05          A_06
              ________      ________      ________      ________      ________
 A_01               0             0             0             0             0
 A_02               0             0             0             0             0
 A_03               0             0             0             0             0
 A_04               0             0             0             0             0
 A_05               0             0             0             0             0
 A_06               0             0             0             0             0
 B_01               0             0             0             0             0
 B_02               0             0             0             0             0
 B_03               0             0             0             0             0
 B_04               0             0             0             0             0
 B_05               0             0             0             0             0
 B_06               0             0             0             0             0


           LAMBDA
              B_01          B_02          B_03          B_04          B_05
              ________      ________      ________      ________      ________
 A_01               0             0             0             0             0
 A_02               0             0             0             0             0
 A_03               0             0             0             0             0
 A_04               0             0             0             0             0
 A_05               0             0             0             0             0
 A_06               0             0             0             0             0
 B_01               0             0             0             0             0
 B_02               0             0             0             0             0
 B_03               0             0             0             0             0
 B_04               0             0             0             0             0
 B_05               0             0             0             0             0
 B_06               0             0             0             0             0


           LAMBDA
              B_06
              ________
 A_01               0
 A_02               0
 A_03               0
 A_04               0
 A_05               0
 A_06               0
 B_01               0
 B_02               0
 B_03               0
 B_04               0
 B_05               0
 B_06               0


           THETA
              A_01          A_02          A_03          A_04          A_05
              ________      ________      ________      ________      ________
 A_01               0
 A_02               0             0
 A_03               0             0             0
 A_04               0             0             0             0
 A_05               0             0             0             0             0
 A_06               0             0             0             0             0
 B_01               0             0             0             0             0
 B_02               0             0             0             0             0
 B_03               0             0             0             0             0
 B_04               0             0             0             0             0
 B_05               0             0             0             0             0
 B_06               0             0             0             0             0


           THETA
              A_06          B_01          B_02          B_03          B_04
              ________      ________      ________      ________      ________
 A_06               0
 B_01               0             0
 B_02               0             0             0
 B_03               0             0             0             0
 B_04               0             0             0             0             0
 B_05               0             0             0             0             0
 B_06               0             0             0             0             0


           THETA
              B_05          B_06
              ________      ________
 B_05               0
 B_06               0             0


           ALPHA
              IA            SA            IB            SB            A_01
              ________      ________      ________      ________      ________
 1                  1             2             3             4             0


           ALPHA
              A_02          A_03          A_04          A_05          A_06
              ________      ________      ________      ________      ________
 1                  0             0             0             0             0


           ALPHA
              B_01          B_02          B_03          B_04          B_05
              ________      ________      ________      ________      ________
 1                  0             0             0             0             0


           ALPHA
              B_06
              ________
 1                  0


           BETA
              IA            SA            IB            SB            A_01
              ________      ________      ________      ________      ________
 IA                 0             0             0             0             0
 SA                 0             0             0             0             0
 IB                 0             0             0             0             0
 SB                 0             0             0             0             0
 A_01               0             0             0             0             0
 A_02               0             0             0             0             0
 A_03               0             0             0             0             0
 A_04               0             0             0             0             0
 A_05               0             0             0             0             0
 A_06               0             0             0             0             0
 B_01               0             0             0             0             0
 B_02               0             0             0             0             0
 B_03               0             0             0             0             0
 B_04               0             0             0             0             0
 B_05               0             0             0             0             0
 B_06               0             0             0             0             0


           BETA
              A_02          A_03          A_04          A_05          A_06
              ________      ________      ________      ________      ________
 IA                 0             0             0             0             0
 SA                 0             0             0             0             0
 IB                 0             0             0             0             0
 SB                 0             0             0             0             0
 A_01               0             0             0             0             0
 A_02               0             0             0             0             0
 A_03               0             0             0             0             0
 A_04               0             0             0             0             0
 A_05               0             0             0             0             0
 A_06               0             0             0             0             0
 B_01               0             0             0             0             0
 B_02               0             0             0             0             0
 B_03               0             0             0             0             0
 B_04               0             0             0             0             0
 B_05               0             0             0             0             0
 B_06               0             0             0             0             0


           BETA
              B_01          B_02          B_03          B_04          B_05
              ________      ________      ________      ________      ________
 IA                 0             0             0             0             0
 SA                 0             0             0             0             0
 IB                 0             0             0             0             0
 SB                 0             0             0             0             0
 A_01               0             0             0             0             0
 A_02               0             0             0             0             0
 A_03               0             0             0             0             0
 A_04               0             0             0             0             0
 A_05               0             0             0             0             0
 A_06               0             0             0             0             0
 B_01               0             0             0             0             0
 B_02               0             0             0             0             0
 B_03               0             0             0             0             0
 B_04               0             0             0             0             0
 B_05               0             0             0             0             0
 B_06               0             0             0             0             0


           BETA
              B_06
              ________
 IA                 0
 SA                 0
 IB                 0
 SB                 0
 A_01               0
 A_02               0
 A_03               0
 A_04               0
 A_05               0
 A_06               0
 B_01               0
 B_02               0
 B_03               0
 B_04               0
 B_05               0
 B_06               0


           PSI
              IA            SA            IB            SB            A_01
              ________      ________      ________      ________      ________
 IA                 5
 SA                 6             7
 IB                 8             9            10
 SB                11            12            13            14
 A_01               0             0             0             0            15
 A_02               0             0             0             0             0
 A_03               0             0             0             0             0
 A_04               0             0             0             0             0
 A_05               0             0             0             0             0
 A_06               0             0             0             0             0
 B_01               0             0             0             0            21
 B_02               0             0             0             0             0
 B_03               0             0             0             0             0
 B_04               0             0             0             0             0
 B_05               0             0             0             0             0
 B_06               0             0             0             0             0


           PSI
              A_02          A_03          A_04          A_05          A_06
              ________      ________      ________      ________      ________
 A_02              16
 A_03               0            17
 A_04               0             0            18
 A_05               0             0             0            19
 A_06               0             0             0             0            20
 B_01               0             0             0             0             0
 B_02               0             0             0             0             0
 B_03               0             0             0             0             0
 B_04               0             0             0             0             0
 B_05               0             0             0             0             0
 B_06               0             0             0             0             0


           PSI
              B_01          B_02          B_03          B_04          B_05
              ________      ________      ________      ________      ________
 B_01              22
 B_02               0            23
 B_03               0             0            24
 B_04               0             0             0            25
 B_05               0             0             0             0            26
 B_06               0             0             0             0             0


           PSI
              B_06
              ________
 B_06              27


     STARTING VALUES


           NU
              A_01          A_02          A_03          A_04          A_05
              ________      ________      ________      ________      ________
 1              0.000         0.000         0.000         0.000         0.000


           NU
              A_06          B_01          B_02          B_03          B_04
              ________      ________      ________      ________      ________
 1              0.000         0.000         0.000         0.000         0.000


           NU
              B_05          B_06
              ________      ________
 1              0.000         0.000


           LAMBDA
              IA            SA            IB            SB            A_01
              ________      ________      ________      ________      ________
 A_01           0.000         0.000         0.000         0.000         1.000
 A_02           0.000         0.000         0.000         0.000         0.000
 A_03           0.000         0.000         0.000         0.000         0.000
 A_04           0.000         0.000         0.000         0.000         0.000
 A_05           0.000         0.000         0.000         0.000         0.000
 A_06           0.000         0.000         0.000         0.000         0.000
 B_01           0.000         0.000         0.000         0.000         0.000
 B_02           0.000         0.000         0.000         0.000         0.000
 B_03           0.000         0.000         0.000         0.000         0.000
 B_04           0.000         0.000         0.000         0.000         0.000
 B_05           0.000         0.000         0.000         0.000         0.000
 B_06           0.000         0.000         0.000         0.000         0.000


           LAMBDA
              A_02          A_03          A_04          A_05          A_06
              ________      ________      ________      ________      ________
 A_01           0.000         0.000         0.000         0.000         0.000
 A_02           1.000         0.000         0.000         0.000         0.000
 A_03           0.000         1.000         0.000         0.000         0.000
 A_04           0.000         0.000         1.000         0.000         0.000
 A_05           0.000         0.000         0.000         1.000         0.000
 A_06           0.000         0.000         0.000         0.000         1.000
 B_01           0.000         0.000         0.000         0.000         0.000
 B_02           0.000         0.000         0.000         0.000         0.000
 B_03           0.000         0.000         0.000         0.000         0.000
 B_04           0.000         0.000         0.000         0.000         0.000
 B_05           0.000         0.000         0.000         0.000         0.000
 B_06           0.000         0.000         0.000         0.000         0.000


           LAMBDA
              B_01          B_02          B_03          B_04          B_05
              ________      ________      ________      ________      ________
 A_01           0.000         0.000         0.000         0.000         0.000
 A_02           0.000         0.000         0.000         0.000         0.000
 A_03           0.000         0.000         0.000         0.000         0.000
 A_04           0.000         0.000         0.000         0.000         0.000
 A_05           0.000         0.000         0.000         0.000         0.000
 A_06           0.000         0.000         0.000         0.000         0.000
 B_01           1.000         0.000         0.000         0.000         0.000
 B_02           0.000         1.000         0.000         0.000         0.000
 B_03           0.000         0.000         1.000         0.000         0.000
 B_04           0.000         0.000         0.000         1.000         0.000
 B_05           0.000         0.000         0.000         0.000         1.000
 B_06           0.000         0.000         0.000         0.000         0.000


           LAMBDA
              B_06
              ________
 A_01           0.000
 A_02           0.000
 A_03           0.000
 A_04           0.000
 A_05           0.000
 A_06           0.000
 B_01           0.000
 B_02           0.000
 B_03           0.000
 B_04           0.000
 B_05           0.000
 B_06           1.000


           THETA
              A_01          A_02          A_03          A_04          A_05
              ________      ________      ________      ________      ________
 A_01           0.000
 A_02           0.000         0.000
 A_03           0.000         0.000         0.000
 A_04           0.000         0.000         0.000         0.000
 A_05           0.000         0.000         0.000         0.000         0.000
 A_06           0.000         0.000         0.000         0.000         0.000
 B_01           0.000         0.000         0.000         0.000         0.000
 B_02           0.000         0.000         0.000         0.000         0.000
 B_03           0.000         0.000         0.000         0.000         0.000
 B_04           0.000         0.000         0.000         0.000         0.000
 B_05           0.000         0.000         0.000         0.000         0.000
 B_06           0.000         0.000         0.000         0.000         0.000


           THETA
              A_06          B_01          B_02          B_03          B_04
              ________      ________      ________      ________      ________
 A_06           0.000
 B_01           0.000         0.000
 B_02           0.000         0.000         0.000
 B_03           0.000         0.000         0.000         0.000
 B_04           0.000         0.000         0.000         0.000         0.000
 B_05           0.000         0.000         0.000         0.000         0.000
 B_06           0.000         0.000         0.000         0.000         0.000


           THETA
              B_05          B_06
              ________      ________
 B_05           0.000
 B_06           0.000         0.000


           ALPHA
              IA            SA            IB            SB            A_01
              ________      ________      ________      ________      ________
 1              4.293        -0.126         3.423        -0.037         0.000


           ALPHA
              A_02          A_03          A_04          A_05          A_06
              ________      ________      ________      ________      ________
 1              0.000         0.000         0.000         0.000         0.000


           ALPHA
              B_01          B_02          B_03          B_04          B_05
              ________      ________      ________      ________      ________
 1              0.000         0.000         0.000         0.000         0.000


           ALPHA
              B_06
              ________
 1              0.000


           BETA
              IA            SA            IB            SB            A_01
              ________      ________      ________      ________      ________
 IA             0.000         0.000         0.000         0.000         0.000
 SA             0.000         0.000         0.000         0.000         0.000
 IB             0.000         0.000         0.000         0.000         0.000
 SB             0.000         0.000         0.000         0.000         0.000
 A_01           1.000         0.000         0.000         0.000         0.000
 A_02           1.000         2.000         0.000         0.000         0.000
 A_03           1.000         4.000         0.000         0.000         0.000
 A_04           1.000         6.000         0.000         0.000         0.000
 A_05           1.000         8.000         0.000         0.000         0.000
 A_06           1.000        10.000         0.000         0.000         0.000
 B_01           0.000         0.000         1.000         0.000         0.000
 B_02           0.000         0.000         1.000         2.000         0.000
 B_03           0.000         0.000         1.000         4.000         0.000
 B_04           0.000         0.000         1.000         6.000         0.000
 B_05           0.000         0.000         1.000         8.000         0.000
 B_06           0.000         0.000         1.000        10.000         0.000


           BETA
              A_02          A_03          A_04          A_05          A_06
              ________      ________      ________      ________      ________
 IA             0.000         0.000         0.000         0.000         0.000
 SA             0.000         0.000         0.000         0.000         0.000
 IB             0.000         0.000         0.000         0.000         0.000
 SB             0.000         0.000         0.000         0.000         0.000
 A_01           0.000         0.000         0.000         0.000         0.000
 A_02           0.000         0.000         0.000         0.000         0.000
 A_03           0.000         0.000         0.000         0.000         0.000
 A_04           0.000         0.000         0.000         0.000         0.000
 A_05           0.000         0.000         0.000         0.000         0.000
 A_06           0.000         0.000         0.000         0.000         0.000
 B_01           0.000         0.000         0.000         0.000         0.000
 B_02           0.000         0.000         0.000         0.000         0.000
 B_03           0.000         0.000         0.000         0.000         0.000
 B_04           0.000         0.000         0.000         0.000         0.000
 B_05           0.000         0.000         0.000         0.000         0.000
 B_06           0.000         0.000         0.000         0.000         0.000


           BETA
              B_01          B_02          B_03          B_04          B_05
              ________      ________      ________      ________      ________
 IA             0.000         0.000         0.000         0.000         0.000
 SA             0.000         0.000         0.000         0.000         0.000
 IB             0.000         0.000         0.000         0.000         0.000
 SB             0.000         0.000         0.000         0.000         0.000
 A_01           0.000         0.000         0.000         0.000         0.000
 A_02           0.000         0.000         0.000         0.000         0.000
 A_03           0.000         0.000         0.000         0.000         0.000
 A_04           0.000         0.000         0.000         0.000         0.000
 A_05           0.000         0.000         0.000         0.000         0.000
 A_06           0.000         0.000         0.000         0.000         0.000
 B_01           0.000         0.000         0.000         0.000         0.000
 B_02           0.000         0.000         0.000         0.000         0.000
 B_03           0.000         0.000         0.000         0.000         0.000
 B_04           0.000         0.000         0.000         0.000         0.000
 B_05           0.000         0.000         0.000         0.000         0.000
 B_06           0.000         0.000         0.000         0.000         0.000


           BETA
              B_06
              ________
 IA             0.000
 SA             0.000
 IB             0.000
 SB             0.000
 A_01           0.000
 A_02           0.000
 A_03           0.000
 A_04           0.000
 A_05           0.000
 A_06           0.000
 B_01           0.000
 B_02           0.000
 B_03           0.000
 B_04           0.000
 B_05           0.000
 B_06           0.000


           PSI
              IA            SA            IB            SB            A_01
              ________      ________      ________      ________      ________
 IA             2.937
 SA             0.000         0.085
 IB             0.000         0.000         0.796
 SB             0.000         0.000         0.000         0.040
 A_01           0.000         0.000         0.000         0.000         1.695
 A_02           0.000         0.000         0.000         0.000         0.000
 A_03           0.000         0.000         0.000         0.000         0.000
 A_04           0.000         0.000         0.000         0.000         0.000
 A_05           0.000         0.000         0.000         0.000         0.000
 A_06           0.000         0.000         0.000         0.000         0.000
 B_01           0.000         0.000         0.000         0.000         0.000
 B_02           0.000         0.000         0.000         0.000         0.000
 B_03           0.000         0.000         0.000         0.000         0.000
 B_04           0.000         0.000         0.000         0.000         0.000
 B_05           0.000         0.000         0.000         0.000         0.000
 B_06           0.000         0.000         0.000         0.000         0.000


           PSI
              A_02          A_03          A_04          A_05          A_06
              ________      ________      ________      ________      ________
 A_02           1.787
 A_03           0.000         1.760
 A_04           0.000         0.000         1.896
 A_05           0.000         0.000         0.000         1.948
 A_06           0.000         0.000         0.000         0.000         1.930
 B_01           0.000         0.000         0.000         0.000         0.000
 B_02           0.000         0.000         0.000         0.000         0.000
 B_03           0.000         0.000         0.000         0.000         0.000
 B_04           0.000         0.000         0.000         0.000         0.000
 B_05           0.000         0.000         0.000         0.000         0.000
 B_06           0.000         0.000         0.000         0.000         0.000


           PSI
              B_01          B_02          B_03          B_04          B_05
              ________      ________      ________      ________      ________
 B_01           0.289
 B_02           0.000         0.261
 B_03           0.000         0.000         0.294
 B_04           0.000         0.000         0.000         0.312
 B_05           0.000         0.000         0.000         0.000         0.350
 B_06           0.000         0.000         0.000         0.000         0.000


           PSI
              B_06
              ________
 B_06           0.366


TECHNICAL 2 OUTPUT


     DERIVATIVES


           Derivatives With Respect to NU
              A_01          A_02          A_03          A_04          A_05
              ________      ________      ________      ________      ________
 1          0.000E+00     0.000E+00     0.000E+00     0.000E+00     0.000E+00


           Derivatives With Respect to NU
              A_06          B_01          B_02          B_03          B_04
              ________      ________      ________      ________      ________
 1          0.000E+00     0.000E+00     0.000E+00     0.000E+00     0.000E+00


           Derivatives With Respect to NU
              B_05          B_06
              ________      ________
 1          0.000E+00     0.000E+00


           Derivatives With Respect to LAMBDA
              IA            SA            IB            SB            A_01
              ________      ________      ________      ________      ________
 A_01       0.000E+00     0.000E+00     0.000E+00     0.000E+00     0.000E+00
 A_02       0.000E+00     0.000E+00     0.000E+00     0.000E+00     0.000E+00
 A_03       0.000E+00     0.000E+00     0.000E+00     0.000E+00     0.000E+00
 A_04       0.000E+00     0.000E+00     0.000E+00     0.000E+00     0.000E+00
 A_05       0.000E+00     0.000E+00     0.000E+00     0.000E+00     0.000E+00
 A_06       0.000E+00     0.000E+00     0.000E+00     0.000E+00     0.000E+00
 B_01       0.000E+00     0.000E+00     0.000E+00     0.000E+00     0.000E+00
 B_02       0.000E+00     0.000E+00     0.000E+00     0.000E+00     0.000E+00
 B_03       0.000E+00     0.000E+00     0.000E+00     0.000E+00     0.000E+00
 B_04       0.000E+00     0.000E+00     0.000E+00     0.000E+00     0.000E+00
 B_05       0.000E+00     0.000E+00     0.000E+00     0.000E+00     0.000E+00
 B_06       0.000E+00     0.000E+00     0.000E+00     0.000E+00     0.000E+00


           Derivatives With Respect to LAMBDA
              A_02          A_03          A_04          A_05          A_06
              ________      ________      ________      ________      ________
 A_01       0.000E+00     0.000E+00     0.000E+00     0.000E+00     0.000E+00
 A_02       0.000E+00     0.000E+00     0.000E+00     0.000E+00     0.000E+00
 A_03       0.000E+00     0.000E+00     0.000E+00     0.000E+00     0.000E+00
 A_04       0.000E+00     0.000E+00     0.000E+00     0.000E+00     0.000E+00
 A_05       0.000E+00     0.000E+00     0.000E+00     0.000E+00     0.000E+00
 A_06       0.000E+00     0.000E+00     0.000E+00     0.000E+00     0.000E+00
 B_01       0.000E+00     0.000E+00     0.000E+00     0.000E+00     0.000E+00
 B_02       0.000E+00     0.000E+00     0.000E+00     0.000E+00     0.000E+00
 B_03       0.000E+00     0.000E+00     0.000E+00     0.000E+00     0.000E+00
 B_04       0.000E+00     0.000E+00     0.000E+00     0.000E+00     0.000E+00
 B_05       0.000E+00     0.000E+00     0.000E+00     0.000E+00     0.000E+00
 B_06       0.000E+00     0.000E+00     0.000E+00     0.000E+00     0.000E+00


           Derivatives With Respect to LAMBDA
              B_01          B_02          B_03          B_04          B_05
              ________      ________      ________      ________      ________
 A_01       0.000E+00     0.000E+00     0.000E+00     0.000E+00     0.000E+00
 A_02       0.000E+00     0.000E+00     0.000E+00     0.000E+00     0.000E+00
 A_03       0.000E+00     0.000E+00     0.000E+00     0.000E+00     0.000E+00
 A_04       0.000E+00     0.000E+00     0.000E+00     0.000E+00     0.000E+00
 A_05       0.000E+00     0.000E+00     0.000E+00     0.000E+00     0.000E+00
 A_06       0.000E+00     0.000E+00     0.000E+00     0.000E+00     0.000E+00
 B_01       0.000E+00     0.000E+00     0.000E+00     0.000E+00     0.000E+00
 B_02       0.000E+00     0.000E+00     0.000E+00     0.000E+00     0.000E+00
 B_03       0.000E+00     0.000E+00     0.000E+00     0.000E+00     0.000E+00
 B_04       0.000E+00     0.000E+00     0.000E+00     0.000E+00     0.000E+00
 B_05       0.000E+00     0.000E+00     0.000E+00     0.000E+00     0.000E+00
 B_06       0.000E+00     0.000E+00     0.000E+00     0.000E+00     0.000E+00


           Derivatives With Respect to LAMBDA
              B_06
              ________
 A_01       0.000E+00
 A_02       0.000E+00
 A_03       0.000E+00
 A_04       0.000E+00
 A_05       0.000E+00
 A_06       0.000E+00
 B_01       0.000E+00
 B_02       0.000E+00
 B_03       0.000E+00
 B_04       0.000E+00
 B_05       0.000E+00
 B_06       0.000E+00


           Derivatives With Respect to THETA
              A_01          A_02          A_03          A_04          A_05
              ________      ________      ________      ________      ________
 A_01       0.000E+00
 A_02       0.000E+00     0.000E+00
 A_03       0.000E+00     0.000E+00     0.000E+00
 A_04       0.000E+00     0.000E+00     0.000E+00     0.000E+00
 A_05       0.000E+00     0.000E+00     0.000E+00     0.000E+00     0.000E+00
 A_06       0.000E+00     0.000E+00     0.000E+00     0.000E+00     0.000E+00
 B_01       0.000E+00     0.000E+00     0.000E+00     0.000E+00     0.000E+00
 B_02       0.000E+00     0.000E+00     0.000E+00     0.000E+00     0.000E+00
 B_03       0.000E+00     0.000E+00     0.000E+00     0.000E+00     0.000E+00
 B_04       0.000E+00     0.000E+00     0.000E+00     0.000E+00     0.000E+00
 B_05       0.000E+00     0.000E+00     0.000E+00     0.000E+00     0.000E+00
 B_06       0.000E+00     0.000E+00     0.000E+00     0.000E+00     0.000E+00


           Derivatives With Respect to THETA
              A_06          B_01          B_02          B_03          B_04
              ________      ________      ________      ________      ________
 A_06       0.000E+00
 B_01       0.000E+00     0.000E+00
 B_02       0.000E+00     0.000E+00     0.000E+00
 B_03       0.000E+00     0.000E+00     0.000E+00     0.000E+00
 B_04       0.000E+00     0.000E+00     0.000E+00     0.000E+00     0.000E+00
 B_05       0.000E+00     0.000E+00     0.000E+00     0.000E+00     0.000E+00
 B_06       0.000E+00     0.000E+00     0.000E+00     0.000E+00     0.000E+00


           Derivatives With Respect to THETA
              B_05          B_06
              ________      ________
 B_05       0.000E+00
 B_06       0.000E+00     0.000E+00


           Derivatives With Respect to ALPHA
              IA            SA            IB            SB            A_01
              ________      ________      ________      ________      ________
 1         -0.116E-08    -0.626E-06    -0.253E-06     0.241E-04     0.000E+00


           Derivatives With Respect to ALPHA
              A_02          A_03          A_04          A_05          A_06
              ________      ________      ________      ________      ________
 1          0.000E+00     0.000E+00     0.000E+00     0.000E+00     0.000E+00


           Derivatives With Respect to ALPHA
              B_01          B_02          B_03          B_04          B_05
              ________      ________      ________      ________      ________
 1          0.000E+00     0.000E+00     0.000E+00     0.000E+00     0.000E+00


           Derivatives With Respect to ALPHA
              B_06
              ________
 1          0.000E+00


           Derivatives With Respect to BETA
              IA            SA            IB            SB            A_01
              ________      ________      ________      ________      ________
 IA         0.000E+00     0.000E+00     0.000E+00     0.000E+00     0.000E+00
 SA         0.000E+00     0.000E+00     0.000E+00     0.000E+00     0.000E+00
 IB         0.000E+00     0.000E+00     0.000E+00     0.000E+00     0.000E+00
 SB         0.000E+00     0.000E+00     0.000E+00     0.000E+00     0.000E+00
 A_01       0.000E+00     0.000E+00     0.000E+00     0.000E+00     0.000E+00
 A_02       0.000E+00     0.000E+00     0.000E+00     0.000E+00     0.000E+00
 A_03       0.000E+00     0.000E+00     0.000E+00     0.000E+00     0.000E+00
 A_04       0.000E+00     0.000E+00     0.000E+00     0.000E+00     0.000E+00
 A_05       0.000E+00     0.000E+00     0.000E+00     0.000E+00     0.000E+00
 A_06       0.000E+00     0.000E+00     0.000E+00     0.000E+00     0.000E+00
 B_01       0.000E+00     0.000E+00     0.000E+00     0.000E+00     0.000E+00
 B_02       0.000E+00     0.000E+00     0.000E+00     0.000E+00     0.000E+00
 B_03       0.000E+00     0.000E+00     0.000E+00     0.000E+00     0.000E+00
 B_04       0.000E+00     0.000E+00     0.000E+00     0.000E+00     0.000E+00
 B_05       0.000E+00     0.000E+00     0.000E+00     0.000E+00     0.000E+00
 B_06       0.000E+00     0.000E+00     0.000E+00     0.000E+00     0.000E+00


           Derivatives With Respect to BETA
              A_02          A_03          A_04          A_05          A_06
              ________      ________      ________      ________      ________
 IA         0.000E+00     0.000E+00     0.000E+00     0.000E+00     0.000E+00
 SA         0.000E+00     0.000E+00     0.000E+00     0.000E+00     0.000E+00
 IB         0.000E+00     0.000E+00     0.000E+00     0.000E+00     0.000E+00
 SB         0.000E+00     0.000E+00     0.000E+00     0.000E+00     0.000E+00
 A_01       0.000E+00     0.000E+00     0.000E+00     0.000E+00     0.000E+00
 A_02       0.000E+00     0.000E+00     0.000E+00     0.000E+00     0.000E+00
 A_03       0.000E+00     0.000E+00     0.000E+00     0.000E+00     0.000E+00
 A_04       0.000E+00     0.000E+00     0.000E+00     0.000E+00     0.000E+00
 A_05       0.000E+00     0.000E+00     0.000E+00     0.000E+00     0.000E+00
 A_06       0.000E+00     0.000E+00     0.000E+00     0.000E+00     0.000E+00
 B_01       0.000E+00     0.000E+00     0.000E+00     0.000E+00     0.000E+00
 B_02       0.000E+00     0.000E+00     0.000E+00     0.000E+00     0.000E+00
 B_03       0.000E+00     0.000E+00     0.000E+00     0.000E+00     0.000E+00
 B_04       0.000E+00     0.000E+00     0.000E+00     0.000E+00     0.000E+00
 B_05       0.000E+00     0.000E+00     0.000E+00     0.000E+00     0.000E+00
 B_06       0.000E+00     0.000E+00     0.000E+00     0.000E+00     0.000E+00


           Derivatives With Respect to BETA
              B_01          B_02          B_03          B_04          B_05
              ________      ________      ________      ________      ________
 IA         0.000E+00     0.000E+00     0.000E+00     0.000E+00     0.000E+00
 SA         0.000E+00     0.000E+00     0.000E+00     0.000E+00     0.000E+00
 IB         0.000E+00     0.000E+00     0.000E+00     0.000E+00     0.000E+00
 SB         0.000E+00     0.000E+00     0.000E+00     0.000E+00     0.000E+00
 A_01       0.000E+00     0.000E+00     0.000E+00     0.000E+00     0.000E+00
 A_02       0.000E+00     0.000E+00     0.000E+00     0.000E+00     0.000E+00
 A_03       0.000E+00     0.000E+00     0.000E+00     0.000E+00     0.000E+00
 A_04       0.000E+00     0.000E+00     0.000E+00     0.000E+00     0.000E+00
 A_05       0.000E+00     0.000E+00     0.000E+00     0.000E+00     0.000E+00
 A_06       0.000E+00     0.000E+00     0.000E+00     0.000E+00     0.000E+00
 B_01       0.000E+00     0.000E+00     0.000E+00     0.000E+00     0.000E+00
 B_02       0.000E+00     0.000E+00     0.000E+00     0.000E+00     0.000E+00
 B_03       0.000E+00     0.000E+00     0.000E+00     0.000E+00     0.000E+00
 B_04       0.000E+00     0.000E+00     0.000E+00     0.000E+00     0.000E+00
 B_05       0.000E+00     0.000E+00     0.000E+00     0.000E+00     0.000E+00
 B_06       0.000E+00     0.000E+00     0.000E+00     0.000E+00     0.000E+00


           Derivatives With Respect to BETA
              B_06
              ________
 IA         0.000E+00
 SA         0.000E+00
 IB         0.000E+00
 SB         0.000E+00
 A_01       0.000E+00
 A_02       0.000E+00
 A_03       0.000E+00
 A_04       0.000E+00
 A_05       0.000E+00
 A_06       0.000E+00
 B_01       0.000E+00
 B_02       0.000E+00
 B_03       0.000E+00
 B_04       0.000E+00
 B_05       0.000E+00
 B_06       0.000E+00


           Derivatives With Respect to PSI
              IA            SA            IB            SB            A_01
              ________      ________      ________      ________      ________
 IA         0.665E-08
 SA         0.185E-06     0.157E-05
 IB         0.235E-07     0.853E-07    -0.673E-06
 SB        -0.667E-05    -0.575E-04     0.217E-04     0.877E-04
 A_01       0.000E+00     0.000E+00     0.000E+00     0.000E+00     0.156E-07
 A_02       0.000E+00     0.000E+00     0.000E+00     0.000E+00     0.000E+00
 A_03       0.000E+00     0.000E+00     0.000E+00     0.000E+00     0.000E+00
 A_04       0.000E+00     0.000E+00     0.000E+00     0.000E+00     0.000E+00
 A_05       0.000E+00     0.000E+00     0.000E+00     0.000E+00     0.000E+00
 A_06       0.000E+00     0.000E+00     0.000E+00     0.000E+00     0.000E+00
 B_01       0.000E+00     0.000E+00     0.000E+00     0.000E+00    -0.248E-06
 B_02       0.000E+00     0.000E+00     0.000E+00     0.000E+00     0.000E+00
 B_03       0.000E+00     0.000E+00     0.000E+00     0.000E+00     0.000E+00
 B_04       0.000E+00     0.000E+00     0.000E+00     0.000E+00     0.000E+00
 B_05       0.000E+00     0.000E+00     0.000E+00     0.000E+00     0.000E+00
 B_06       0.000E+00     0.000E+00     0.000E+00     0.000E+00     0.000E+00


           Derivatives With Respect to PSI
              A_02          A_03          A_04          A_05          A_06
              ________      ________      ________      ________      ________
 A_02       0.960E-09
 A_03       0.000E+00     0.541E-09
 A_04       0.000E+00     0.000E+00     0.196E-08
 A_05       0.000E+00     0.000E+00     0.000E+00     0.226E-08
 A_06       0.000E+00     0.000E+00     0.000E+00     0.000E+00     0.225E-08
 B_01       0.000E+00     0.000E+00     0.000E+00     0.000E+00     0.000E+00
 B_02       0.000E+00     0.000E+00     0.000E+00     0.000E+00     0.000E+00
 B_03       0.000E+00     0.000E+00     0.000E+00     0.000E+00     0.000E+00
 B_04       0.000E+00     0.000E+00     0.000E+00     0.000E+00     0.000E+00
 B_05       0.000E+00     0.000E+00     0.000E+00     0.000E+00     0.000E+00
 B_06       0.000E+00     0.000E+00     0.000E+00     0.000E+00     0.000E+00


           Derivatives With Respect to PSI
              B_01          B_02          B_03          B_04          B_05
              ________      ________      ________      ________      ________
 B_01      -0.111E-04
 B_02       0.000E+00    -0.145E-05
 B_03       0.000E+00     0.000E+00     0.212E-05
 B_04       0.000E+00     0.000E+00     0.000E+00    -0.117E-06
 B_05       0.000E+00     0.000E+00     0.000E+00     0.000E+00     0.740E-06
 B_06       0.000E+00     0.000E+00     0.000E+00     0.000E+00     0.000E+00


           Derivatives With Respect to PSI
              B_06
              ________
 B_06       0.197E-05


TECHNICAL 3 OUTPUT


           ESTIMATED COVARIANCE MATRIX FOR PARAMETER ESTIMATES
                     1             2             3             4             5
              ________      ________      ________      ________      ________
        1   0.485507D-03
        2  -0.268227D-04  0.695083D-05
        3   0.242101D-04  0.701674D-06  0.156907D-03
        4   0.410923D-06  0.156798D-06 -0.136228D-04  0.305945D-05
        5  -0.182169D-03  0.119048D-04 -0.336658D-04  0.309926D-06  0.309359D-02
        6   0.108937D-04 -0.563063D-06  0.222439D-05 -0.302418D-07 -0.205551D-03
        7  -0.197637D-06 -0.256290D-06 -0.353063D-06  0.166106D-07  0.162263D-04
        8  -0.300124D-04  0.293962D-05 -0.443827D-04  0.643533D-05  0.941820D-04
        9   0.234143D-05 -0.412023D-06 -0.676769D-06  0.148688D-06 -0.646784D-05
       10  -0.111376D-04  0.307673D-06 -0.873148D-04  0.766635D-05  0.342426D-04
       11   0.225444D-05 -0.272751D-06  0.619287D-05 -0.134884D-05 -0.195648D-05
       12  -0.110130D-06  0.213342D-07  0.131759D-06 -0.406045D-07  0.168228D-06
       13   0.228104D-06 -0.497881D-08  0.337629D-05 -0.398020D-06 -0.266527D-05
       14   0.135902D-06 -0.690082D-08  0.191313D-06 -0.684549D-07  0.134347D-06
       15   0.275234D-04 -0.551455D-05  0.180701D-05 -0.105491D-05 -0.915177D-03
       16  -0.817517D-05 -0.335048D-05 -0.703457D-05 -0.396547D-06 -0.468001D-03
       17  -0.733979D-04  0.359524D-05  0.158100D-06  0.260535D-07 -0.119446D-03
       18   0.373255D-04 -0.589551D-06  0.554779D-05 -0.104890D-05 -0.317775D-04
       19   0.462540D-04 -0.345525D-05 -0.985165D-05 -0.241018D-05  0.342944D-04
       20   0.472519D-04  0.356801D-05  0.103543D-04 -0.251501D-05 -0.148505D-03
       21   0.334555D-04 -0.737447D-05  0.123153D-04 -0.136681D-05  0.126570D-04
       22  -0.452776D-05 -0.184662D-05  0.495703D-05 -0.234958D-05 -0.101972D-04
       23  -0.966500D-05 -0.621116D-06 -0.239052D-04  0.143947D-05  0.179145D-05
       24  -0.172196D-04  0.349582D-06 -0.214995D-04 -0.116706D-05  0.267874D-05
       25  -0.106499D-04 -0.588479D-06  0.400018D-05 -0.471268D-05  0.308489D-04
       26  -0.203303D-04 -0.106172D-05  0.114328D-04 -0.541580D-05  0.111592D-04
       27  -0.389347D-04  0.720399D-06  0.297582D-04 -0.668242D-05  0.358542D-05


           ESTIMATED COVARIANCE MATRIX FOR PARAMETER ESTIMATES
                     6             7             8             9            10
              ________      ________      ________      ________      ________
        6   0.318214D-04
        7  -0.382597D-05  0.881482D-06
        8   0.193975D-05 -0.624057D-06  0.437634D-03
        9   0.625615D-06  0.546869D-07 -0.245584D-04  0.606346D-05
       10  -0.185977D-05  0.873058D-07  0.598427D-04 -0.122762D-05  0.488672D-03
       11   0.178422D-06 -0.163817D-07 -0.427796D-04  0.230185D-05 -0.699414D-05
       12  -0.352817D-07  0.765296D-08  0.232866D-05 -0.568481D-06 -0.786485D-08
       13   0.161713D-06 -0.297865D-07 -0.313261D-05  0.341471D-06 -0.509916D-04
       14  -0.260238D-08  0.107784D-08 -0.174546D-06 -0.745595D-07  0.560037D-05
       15   0.128101D-03 -0.170619D-04 -0.789721D-05  0.223343D-05 -0.134947D-04
       16   0.431544D-04 -0.419468D-05  0.362579D-05  0.733735D-06 -0.127544D-04
       17   0.584586D-07  0.104151D-05 -0.311753D-05  0.877077D-06 -0.722865D-05
       18  -0.146909D-04 -0.513016D-06  0.448112D-05 -0.247472D-05 -0.537567D-05
       19  -0.910109D-05 -0.610100D-05 -0.334369D-04  0.237835D-05  0.208118D-04
       20   0.553966D-04 -0.234343D-04  0.227814D-04 -0.733878D-05 -0.143603D-05
       21  -0.406748D-05  0.106537D-05 -0.102092D-03  0.165337D-04  0.272789D-04
       22   0.220108D-05 -0.491534D-06 -0.178020D-04  0.101945D-05 -0.212669D-03
       23  -0.301999D-06  0.218279D-06 -0.740924D-06  0.484523D-06 -0.181889D-03
       24   0.344569D-06 -0.130911D-07  0.880173D-05 -0.777286D-06 -0.100198D-03
       25  -0.670845D-06  0.650011D-07 -0.110986D-05  0.278644D-06  0.144726D-04
       26   0.691623D-06 -0.637006D-07  0.432758D-05  0.101222D-05 -0.478248D-05
       27  -0.516172D-06 -0.328237D-07  0.769337D-05 -0.998890D-06 -0.941637D-04


           ESTIMATED COVARIANCE MATRIX FOR PARAMETER ESTIMATES
                    11            12            13            14            15
              ________      ________      ________      ________      ________
       11   0.936564D-05
       12  -0.483069D-06  0.115487D-06
       13   0.588252D-06 -0.243810D-07  0.754339D-05
       14   0.449851D-07  0.122226D-07 -0.109490D-05  0.237933D-06
       15   0.117013D-05 -0.387238D-06  0.193993D-05 -0.254197D-06  0.279552D-02
       16  -0.284736D-05  0.563308D-07  0.451540D-05 -0.844727D-06  0.295691D-03
       17   0.709985D-06  0.626070D-07  0.119206D-05 -0.222709D-06  0.199623D-04
       18  -0.135548D-05  0.454642D-06  0.167172D-05 -0.995027D-07 -0.400173D-05
       19   0.224788D-05 -0.300585D-06 -0.707766D-06  0.173580D-06  0.897056D-04
       20  -0.127096D-05  0.548998D-06  0.786258D-06  0.626785D-06  0.389900D-03
       21   0.155109D-04 -0.258054D-05 -0.511707D-05  0.769339D-06  0.677645D-04
       22   0.192709D-05 -0.606814D-07  0.322475D-04 -0.497450D-05  0.540705D-04
       23   0.528593D-06  0.578197D-07  0.220658D-04 -0.259231D-05 -0.293133D-05
       24  -0.195738D-06  0.126107D-06  0.736702D-05 -0.274092D-06  0.799120D-05
       25   0.215141D-05 -0.112912D-06 -0.307830D-05 -0.116474D-06  0.435421D-05
       26   0.232514D-06 -0.264837D-06  0.546918D-05 -0.365406D-05 -0.892795D-05
       27  -0.173461D-05  0.118649D-06  0.274066D-04 -0.869661D-05  0.255772D-04


           ESTIMATED COVARIANCE MATRIX FOR PARAMETER ESTIMATES
                    16            17            18            19            20
              ________      ________      ________      ________      ________
       16   0.249970D-02
       17   0.508746D-04  0.226761D-02
       18   0.293238D-03  0.793499D-04  0.239811D-02
       19   0.178490D-04  0.145064D-03  0.102247D-03  0.258831D-02
       20   0.212345D-03 -0.814226D-04  0.269195D-03  0.344497D-03  0.356998D-02
       21  -0.761030D-04 -0.148486D-04  0.233708D-04 -0.630486D-05 -0.226114D-04
       22   0.215100D-04 -0.251358D-04  0.157182D-04 -0.623322D-05  0.127383D-04
       23   0.191559D-04 -0.385575D-05  0.130175D-04 -0.702577D-05  0.601658D-05
       24  -0.107022D-04  0.500160D-06 -0.126889D-04 -0.725310D-05 -0.147983D-04
       25   0.367446D-05  0.372573D-05 -0.487651D-05 -0.331986D-05 -0.143338D-04
       26   0.528625D-05  0.925708D-05 -0.210928D-05 -0.161590D-05 -0.143868D-04
       27  -0.516183D-06  0.487954D-05 -0.191044D-04  0.133569D-05 -0.375826D-04


           ESTIMATED COVARIANCE MATRIX FOR PARAMETER ESTIMATES
                    21            22            23            24            25
              ________      ________      ________      ________      ________
       21   0.100135D-02
       22   0.303000D-03  0.994668D-03
       23  -0.181777D-04  0.913067D-04  0.200781D-03
       24  -0.316107D-04  0.127423D-04  0.297313D-04  0.291792D-03
       25   0.151018D-04 -0.203397D-04 -0.337593D-05 -0.265526D-05  0.209960D-03
       26   0.103593D-04  0.342297D-04  0.611343D-06 -0.118851D-04  0.231154D-04
       27  -0.203979D-04  0.161796D-03  0.375567D-04 -0.181297D-04  0.287412D-04


           ESTIMATED COVARIANCE MATRIX FOR PARAMETER ESTIMATES
                    26            27
              ________      ________
       26   0.527257D-03
       27   0.184550D-03  0.961454D-03


           ESTIMATED CORRELATION MATRIX FOR PARAMETER ESTIMATES
                     1             2             3             4             5
              ________      ________      ________      ________      ________
        1       1.000
        2      -0.462         1.000
        3       0.088         0.021         1.000
        4       0.011         0.034        -0.622         1.000
        5      -0.149         0.081        -0.048         0.003         1.000
        6       0.088        -0.038         0.031        -0.003        -0.655
        7      -0.010        -0.104        -0.030         0.010         0.311
        8      -0.065         0.053        -0.169         0.176         0.081
        9       0.043        -0.063        -0.022         0.035        -0.047
       10      -0.023         0.005        -0.315         0.198         0.028
       11       0.033        -0.034         0.162        -0.252        -0.011
       12      -0.015         0.024         0.031        -0.068         0.009
       13       0.004        -0.001         0.098        -0.083        -0.017
       14       0.013        -0.005         0.031        -0.080         0.005
       15       0.024        -0.040         0.003        -0.011        -0.311
       16      -0.007        -0.025        -0.011        -0.005        -0.168
       17      -0.070         0.029         0.000         0.000        -0.045
       18       0.035        -0.005         0.009        -0.012        -0.012
       19       0.041        -0.026        -0.015        -0.027         0.012
       20       0.036         0.023         0.014        -0.024        -0.045
       21       0.048        -0.088         0.031        -0.025         0.007
       22      -0.007        -0.022         0.013        -0.043        -0.006
       23      -0.031        -0.017        -0.135         0.058         0.002
       24      -0.046         0.008        -0.100        -0.039         0.003
       25      -0.033        -0.015         0.022        -0.186         0.038
       26      -0.040        -0.018         0.040        -0.135         0.009
       27      -0.057         0.009         0.077        -0.123         0.002


           ESTIMATED CORRELATION MATRIX FOR PARAMETER ESTIMATES
                     6             7             8             9            10
              ________      ________      ________      ________      ________
        6       1.000
        7      -0.722         1.000
        8       0.016        -0.032         1.000
        9       0.045         0.024        -0.477         1.000
       10      -0.015         0.004         0.129        -0.023         1.000
       11       0.010        -0.006        -0.668         0.305        -0.103
       12      -0.018         0.024         0.328        -0.679        -0.001
       13       0.010        -0.012        -0.055         0.050        -0.840
       14      -0.001         0.002        -0.017        -0.062         0.519
       15       0.430        -0.344        -0.007         0.017        -0.012
       16       0.153        -0.089         0.003         0.006        -0.012
       17       0.000         0.023        -0.003         0.007        -0.007
       18      -0.053        -0.011         0.004        -0.021        -0.005
       19      -0.032        -0.128        -0.031         0.019         0.019
       20       0.164        -0.418         0.018        -0.050        -0.001
       21      -0.023         0.036        -0.154         0.212         0.039
       22       0.012        -0.017        -0.027         0.013        -0.305
       23      -0.004         0.016        -0.002         0.014        -0.581
       24       0.004        -0.001         0.025        -0.018        -0.265
       25      -0.008         0.005        -0.004         0.008         0.045
       26       0.005        -0.003         0.009         0.018        -0.009
       27      -0.003        -0.001         0.012        -0.013        -0.137


           ESTIMATED CORRELATION MATRIX FOR PARAMETER ESTIMATES
                    11            12            13            14            15
              ________      ________      ________      ________      ________
       11       1.000
       12      -0.464         1.000
       13       0.070        -0.026         1.000
       14       0.030         0.074        -0.817         1.000
       15       0.007        -0.022         0.013        -0.010         1.000
       16      -0.019         0.003         0.033        -0.035         0.112
       17       0.005         0.004         0.009        -0.010         0.008
       18      -0.009         0.027         0.012        -0.004        -0.002
       19       0.014        -0.017        -0.005         0.007         0.033
       20      -0.007         0.027         0.005         0.022         0.123
       21       0.160        -0.240        -0.059         0.050         0.041
       22       0.020        -0.006         0.372        -0.323         0.032
       23       0.012         0.012         0.567        -0.375        -0.004
       24      -0.004         0.022         0.157        -0.033         0.009
       25       0.049        -0.023        -0.077        -0.016         0.006
       26       0.003        -0.034         0.087        -0.326        -0.007
       27      -0.018         0.011         0.322        -0.575         0.016


           ESTIMATED CORRELATION MATRIX FOR PARAMETER ESTIMATES
                    16            17            18            19            20
              ________      ________      ________      ________      ________
       16       1.000
       17       0.021         1.000
       18       0.120         0.034         1.000
       19       0.007         0.060         0.041         1.000
       20       0.071        -0.029         0.092         0.113         1.000
       21      -0.048        -0.010         0.015        -0.004        -0.012
       22       0.014        -0.017         0.010        -0.004         0.007
       23       0.027        -0.006         0.019        -0.010         0.007
       24      -0.013         0.001        -0.015        -0.008        -0.014
       25       0.005         0.005        -0.007        -0.005        -0.017
       26       0.005         0.008        -0.002        -0.001        -0.010
       27       0.000         0.003        -0.013         0.001        -0.020


           ESTIMATED CORRELATION MATRIX FOR PARAMETER ESTIMATES
                    21            22            23            24            25
              ________      ________      ________      ________      ________
       21       1.000
       22       0.304         1.000
       23      -0.041         0.204         1.000
       24      -0.058         0.024         0.123         1.000
       25       0.033        -0.045        -0.016        -0.011         1.000
       26       0.014         0.047         0.002        -0.030         0.069
       27      -0.021         0.165         0.085        -0.034         0.064


           ESTIMATED CORRELATION MATRIX FOR PARAMETER ESTIMATES
                    26            27
              ________      ________
       26       1.000
       27       0.259         1.000


     Beginning Time:  04:28:25
        Ending Time:  04:44:37
       Elapsed Time:  00:16:12



MUTHEN & MUTHEN
3463 Stoner Ave.
Los Angeles, CA  90066

Tel: (310) 391-9971
Fax: (310) 391-8971
Web: www.StatModel.com
Support: Support@StatModel.com

Copyright (c) 1998-2015 Muthen & Muthen
