Mplus VERSION 7.4 (Mac)
MUTHEN & MUTHEN
10/15/2017   4:35 AM

INPUT INSTRUCTIONS

  TITLE:
  5 - Predetermined ALT, fixed cognitive slope
  DATA:
  File = wide-dataset-b.dat;
  VARIABLE:
  NAMES are
   id hhid male birthyr_rand birthmo_rand race_rand hispanic_rand cohort
      raedyrs raedegrm memoryproblems_baseline memory_disease_ever age_baseline
      age_baseline_65 health_conditions_baseline healthcond_mean activity_mean_2004
      activity_mean_2006 activity_mean_2008 activity_mean_2010 activity_mean_2012
      activity_mean_2014 activity_sum_2004 activity_sum_2006 activity_sum_2008
      activity_sum_2010 activity_sum_2012 activity_sum_2014 close_social_network_2004
      close_social_network_2006 close_social_network_2008 close_social_network_2010
      close_social_network_2012 close_social_network_2014 countb20r_2004
      countb20r_2006 countb20r_2008 countb20r_2010 countb20r_2012 countb20r_2014
      crp_adj_2004 crp_adj_2006 crp_adj_2008 crp_adj_2010 crp_adj_2012 crp_adj_2014
      dep_total_2004 dep_total_2006 dep_total_2008 dep_total_2010 dep_total_2012
      dep_total_2014 exercise_2004 exercise_2006 exercise_2008 exercise_2010
      exercise_2012 exercise_2014 healthcond_2004 healthcond_2006 healthcond_2008
      healthcond_2010 healthcond_2012 healthcond_2014 hhres_2004 hhres_2006
      hhres_2008 hhres_2010 hhres_2012 hhres_2014 hrs_tscore_2004 hrs_tscore_2006
      hrs_tscore_2008 hrs_tscore_2010 hrs_tscore_2012 hrs_tscore_2014 intage_r_2004
      intage_r_2006 intage_r_2008 intage_r_2010 intage_r_2012 intage_r_2014
      interview_date_2004 interview_date_2006 interview_date_2008 interview_date_2010
      interview_date_2012 interview_date_2014 lb_65_wave_2004 lb_65_wave_2006
      lb_65_wave_2008 lb_65_wave_2010 lb_65_wave_2012 lb_65_wave_2014 lb_wave_2004
      lb_wave_2006 lb_wave_2008 lb_wave_2010 lb_wave_2012 lb_wave_2014 listassi_2004
      listassi_2006 listassi_2008 listassi_2010 listassi_2012 listassi_2014
      mentalstatus_tot_2004 mentalstatus_tot_2006 mentalstatus_tot_2008
      mentalstatus_tot_2010 mentalstatus_tot_2012 mentalstatus_tot_2014 proxy_2004
      proxy_2006 proxy_2008 proxy_2010 proxy_2012 proxy_2014 responded_2004
      responded_2006 responded_2008 responded_2010 responded_2012 responded_2014
      rmaritalst_2004 rmaritalst_2006 rmaritalst_2008 rmaritalst_2010 rmaritalst_2012
      rmaritalst_2014 rpartst_2004 rpartst_2006 rpartst_2008 rpartst_2010
      rpartst_2012 rpartst_2014 score_loneliness_11_2004 score_loneliness_11_2006
      score_loneliness_11_2008 score_loneliness_11_2010 score_loneliness_11_2012
      score_loneliness_11_2014 score_loneliness_3_2004 score_loneliness_3_2006
      score_loneliness_3_2008 score_loneliness_3_2010 score_loneliness_3_2012
      score_loneliness_3_2014 shhidpnr_2004 shhidpnr_2006 shhidpnr_2008 shhidpnr_2010
      shhidpnr_2012 shhidpnr_2014 snchild_2004 snchild_2006 snchild_2008 snchild_2010
      snchild_2012 snchild_2014 snfamily_2004 snfamily_2006 snfamily_2008
      snfamily_2010 snfamily_2012 snfamily_2014 snfriends_2004 snfriends_2006
      snfriends_2008 snfriends_2010 snfriends_2012 snfriends_2014 snspouse_2004
      snspouse_2006 snspouse_2008 snspouse_2010 snspouse_2012 snspouse_2014
      social_contact_total_2004 social_contact_total_2006 social_contact_total_2008
      social_contact_total_2010 social_contact_total_2012 social_contact_total_2014
      social_strain_mean_2004 social_strain_mean_2006 social_strain_mean_2008
      social_strain_mean_2010 social_strain_mean_2012 social_strain_mean_2014
      social_support_mean_2004 social_support_mean_2006 social_support_mean_2008
      social_support_mean_2010 social_support_mean_2012 social_support_mean_2014
      socialnetwork_total_2004 socialnetwork_total_2006 socialnetwork_total_2008
      socialnetwork_total_2010 socialnetwork_total_2012 socialnetwork_total_2014
      srmemory_2004 srmemory_2006 srmemory_2008 srmemory_2010 srmemory_2012
      srmemory_2014 srmemoryp_2004 srmemoryp_2006 srmemoryp_2008 srmemoryp_2010
      srmemoryp_2012 srmemoryp_2014 vocab_total_2004 vocab_total_2006 vocab_total_2008
      vocab_total_2010 vocab_total_2012 vocab_total_2014 wrectotd_2004 wrectotd_2006
      wrectotd_2008 wrectotd_2010 wrectotd_2012 wrectotd_2014 wrectoti_2004
      wrectoti_2006 wrectoti_2008 wrectoti_2010 wrectoti_2012 wrectoti_2014
  	;
  Missing are all(9999);
  USEVARIABLES are
  	!define the variables used in the analysis
  	!estimated time points
  a_01
  a_02
  a_03
  a_04
  a_05
  a_06
  	!modelled time points of process (B)
  b_01
  b_02
  b_03
  b_04
  b_05
  b_06
  	! covariates used in the model
  	;
  SUBPOPULATION are
  	!select a subset of observations
  age_baseline > 64 AND
  memory_disease_ever EQ 0
  ;
  CLUSTER = hhid;
  DEFINE:
    ! centre baseline age
  a = age_baseline - 69;
  	! assign variables to the process (A)
  a_01=wrectotd_2004;
  a_02=wrectotd_2006;
  a_03=wrectotd_2008;
  a_04=wrectotd_2010;
  a_05=wrectotd_2012;
  a_06=wrectotd_2014;
  	! assign variables to the process (B)
  b_01=social_contact_total_2004;
  b_02=social_contact_total_2006;
  b_03=social_contact_total_2008;
  b_04=social_contact_total_2010;
  b_05=social_contact_total_2012;
  b_06=social_contact_total_2014;
  ANALYSIS:
  TYPE = COMPLEX RANDOM;
  model=nocovariances;
  COVERAGE=.00;
  H1ITERATIONS = 10000;
  MODEL:
  	!LGM part
  	! assign process (A) to time points
  ia BY a_02@1 a_03@1 a_04@1 a_05@1 a_06@1;
  sa BY a_02@0 a_03@2 a_04@4 a_05@6 a_06@8;
  sa@0;
  	! assign process (B) to time points
  ib BY b_02@1 b_03@1 b_04@1 b_05@1 b_06@1;
  sb BY b_02@0 b_03@2 b_04@4 b_05@6 b_06@8;
  	!correlations between the first measurement points
  	!autoregressive part
  a_01 a_02 a_03 a_04 a_05 a_06;
  a_02 ON a_01;
  a_03 ON a_02;
  a_04 ON a_03;
  a_05 ON a_04;
  a_06 ON a_05;
  b_01 b_02 b_03 b_04 b_05 b_06;
  b_02 ON b_01;
  b_03 ON b_02;
  b_04 ON b_03;
  b_05 ON b_04;
  b_06 ON b_05;
  	!Cross lagged part
  a_02 ON b_01;
  a_03 ON b_02;
  a_04 ON b_03;
  a_05 ON b_04;
  a_06 ON b_05;
  b_02 ON a_01;
  b_03 ON a_02;
  b_04 ON a_03;
  b_05 ON a_04;
  b_06 ON a_05;
  ia;
  sa;
  ib;
  sb;
  ia with sa;
  ib with sb;
  ia with a_01;
  sa with a_01;
  ib with b_01;
  sb with b_01;
  ia with ib;
  sa with sb;
  ! Time specific correlations
  b_02 WITH a_02;
  b_03 WITH a_03;
  b_04 WITH a_04;
  b_05 WITH a_05;
  b_06 WITH a_06;
  [a_02@0 a_03@0 a_04@0 a_05@0 a_06@0];
  [b_02@0 b_03@0 b_04@0 b_05@0 b_06@0];
  [ia];
  [ib];
  [sa];
  [sb];
  [a_01];
  [b_01];
  	
  OUTPUT: SAMPSTAT MODINDICES (3.0); TECH1; TECH4;



*** WARNING in OUTPUT command
  TECH4 option for TYPE=RANDOM requires ALGORITHM=INTEGRATION.
  Request for TECH4 is ignored.
   1 WARNING(S) FOUND IN THE INPUT INSTRUCTIONS




5 - Predetermined ALT, fixed cognitive slope

SUMMARY OF ANALYSIS

Number of groups                                                 1
Number of observations                                        5952

Number of dependent variables                                   10
Number of independent variables                                  2
Number of continuous latent variables                            4

Observed dependent variables

  Continuous
   A_02        A_03        A_04        A_05        A_06        B_02
   B_03        B_04        B_05        B_06

Observed independent variables
   A_01        B_01

Continuous latent variables
   IA          SA          IB          SB

Variables with special functions

  Cluster variable      HHID

Estimator                                                      MLR
Information matrix                                        OBSERVED
Maximum number of iterations                                   100
Convergence criterion                                    0.100D-05
Maximum number of EM iterations                                500
Convergence criteria for the EM algorithm
  Loglikelihood change                                   0.100D-02
  Relative loglikelihood change                          0.100D-05
  Derivative                                             0.100D-03
Minimum variance                                         0.100D-03
Maximum number of steepest descent iterations                   20
Maximum number of iterations for H1                          10000
Convergence criterion for H1                             0.100D-03
Optimization algorithm                                         EMA

Input data file(s)
  wide-dataset-b.dat
Input data format  FREE


SUMMARY OF DATA

     Number of missing data patterns           273
     Number of clusters        4882



SAMPLE STATISTICS


     ESTIMATED SAMPLE STATISTICS


           Means
              A_02          A_03          A_04          A_05          A_06
              ________      ________      ________      ________      ________
 1              4.215         4.110         3.722         3.504         3.311


           Means
              B_02          B_03          B_04          B_05          B_06
              ________      ________      ________      ________      ________
 1             29.564        29.527        29.202        28.553        27.871


           Means
              A_01          B_01
              ________      ________
 1              4.374        30.283


           Covariances
              A_02          A_03          A_04          A_05          A_06
              ________      ________      ________      ________      ________
 A_02           3.590
 A_03           1.658         3.524
 A_04           1.802         1.793         3.812
 A_05           1.724         1.937         1.995         3.970
 A_06           1.874         1.712         2.109         2.185         3.997
 B_02           2.735         2.266         2.299         2.909         2.443
 B_03           2.832         2.283         2.818         2.953         3.028
 B_04           2.761         2.755         2.807         2.965         2.946
 B_05           3.488         2.907         3.308         3.518         3.920
 B_06           2.754         3.320         2.720         3.740         3.802
 A_01           1.739         1.664         1.601         1.712         1.607
 B_01           2.426         2.665         2.815         2.236         1.931


           Covariances
              B_02          B_03          B_04          B_05          B_06
              ________      ________      ________      ________      ________
 B_02          66.437
 B_03          36.878        74.243
 B_04          41.366        39.994        72.274
 B_05          30.070        45.770        36.190        78.877
 B_06          38.068        46.140        46.157        36.920        77.776
 A_01           2.406         2.871         2.546         2.676         2.716
 B_01          33.952        38.330        33.763        38.779        36.758


           Covariances
              A_01          B_01
              ________      ________
 A_01           3.403
 B_01           2.401        70.735


           Correlations
              A_02          A_03          A_04          A_05          A_06
              ________      ________      ________      ________      ________
 A_02           1.000
 A_03           0.466         1.000
 A_04           0.487         0.489         1.000
 A_05           0.457         0.518         0.513         1.000
 A_06           0.495         0.456         0.540         0.549         1.000
 B_02           0.177         0.148         0.144         0.179         0.150
 B_03           0.173         0.141         0.167         0.172         0.176
 B_04           0.171         0.173         0.169         0.175         0.173
 B_05           0.207         0.174         0.191         0.199         0.221
 B_06           0.165         0.201         0.158         0.213         0.216
 A_01           0.497         0.481         0.444         0.466         0.436
 B_01           0.152         0.169         0.171         0.133         0.115


           Correlations
              B_02          B_03          B_04          B_05          B_06
              ________      ________      ________      ________      ________
 B_02           1.000
 B_03           0.525         1.000
 B_04           0.597         0.546         1.000
 B_05           0.415         0.598         0.479         1.000
 B_06           0.530         0.607         0.616         0.471         1.000
 A_01           0.160         0.181         0.162         0.163         0.167
 B_01           0.495         0.529         0.472         0.519         0.496


           Correlations
              A_01          B_01
              ________      ________
 A_01           1.000
 B_01           0.155         1.000


     MAXIMUM LOG-LIKELIHOOD VALUE FOR THE UNRESTRICTED (H1) MODEL IS -107379.674


UNIVARIATE SAMPLE STATISTICS


     UNIVARIATE HIGHER-ORDER MOMENT DESCRIPTIVE STATISTICS

         Variable/         Mean/     Skewness/   Minimum/ % with                Percentiles
        Sample Size      Variance    Kurtosis    Maximum  Min/Max      20%/60%    40%/80%    Median

     A_02                  4.227      -0.154       0.000    4.88%       3.000      4.000      4.000
            5671.000       3.575       0.108      10.000    0.37%       5.000      6.000
     A_03                  4.123      -0.205       0.000    5.40%       3.000      4.000      4.000
            5775.000       3.519      -0.027      10.000    0.14%       5.000      6.000
     A_04                  3.750      -0.101       0.000    8.11%       2.000      3.000      4.000
            5669.000       3.793      -0.258      10.000    0.11%       4.000      5.000
     A_05                  3.607      -0.083       0.000    9.78%       2.000      3.000      4.000
            5132.000       3.896      -0.361      10.000    0.12%       4.000      5.000
     A_06                  3.492      -0.040       0.000   10.50%       2.000      3.000      4.000
            4429.000       3.860      -0.393      10.000    0.07%       4.000      5.000
     B_02                 29.599      -0.258       3.000    0.07%      23.000     28.000     30.000
            2788.000      66.183       0.159      54.000    0.18%      32.000     36.000
     B_03                 29.608      -0.254       2.000    0.04%      23.000     28.000     30.000
            2739.000      73.864       0.073      54.000    0.18%      32.000     37.000
     B_04                 29.406      -0.205       4.000    0.19%      22.000     28.000     30.000
            2647.000      71.988      -0.061      54.000    0.04%      32.000     36.000
     B_05                 28.986      -0.189       3.000    0.04%      22.000     27.000     29.000
            2240.000      77.040      -0.099      54.000    0.13%      32.000     36.000
     B_06                 28.653      -0.229       3.000    0.05%      22.000     27.000     29.000
            2036.000      76.540      -0.202      54.000    0.05%      31.000     36.000
     A_01                  4.400      -0.160       0.000    3.69%       3.000      4.000      4.000
            5478.000       3.390       0.175      10.000    0.31%       5.000      6.000
     B_01                 30.562      -0.258       3.000    0.09%      24.000     29.000     31.000
            1057.000      70.074       0.149      53.000    0.09%      33.000     37.000


THE MODEL ESTIMATION TERMINATED NORMALLY

     WARNING:  THE LATENT VARIABLE COVARIANCE MATRIX (PSI) IS NOT POSITIVE
     DEFINITE.  THIS COULD INDICATE A NEGATIVE VARIANCE/RESIDUAL VARIANCE FOR A
     LATENT VARIABLE, A CORRELATION GREATER OR EQUAL TO ONE BETWEEN TWO LATENT
     VARIABLES, OR A LINEAR DEPENDENCY AMONG MORE THAN TWO LATENT VARIABLES.
     CHECK THE TECH4 OUTPUT FOR MORE INFORMATION.



MODEL FIT INFORMATION

Number of Free Parameters                       55

Loglikelihood

          H0 Value                     -107476.557
          H0 Scaling Correction Factor      1.1948
            for MLR
          H1 Value                     -107379.674
          H1 Scaling Correction Factor      1.1005
            for MLR

Information Criteria

          Akaike (AIC)                  215063.115
          Bayesian (BIC)                215431.146
          Sample-Size Adjusted BIC      215256.372
            (n* = (n + 2) / 24)

Chi-Square Test of Model Fit

          Value                            203.489*
          Degrees of Freedom                    35
          P-Value                           0.0000
          Scaling Correction Factor         0.9522
            for MLR

*   The chi-square value for MLM, MLMV, MLR, ULSMV, WLSM and WLSMV cannot be used
    for chi-square difference testing in the regular way.  MLM, MLR and WLSM
    chi-square difference testing is described on the Mplus website.  MLMV, WLSMV,
    and ULSMV difference testing is done using the DIFFTEST option.

RMSEA (Root Mean Square Error Of Approximation)

          Estimate                           0.028

CFI/TLI

          CFI                                0.987
          TLI                                0.975

Chi-Square Test of Model Fit for the Baseline Model

          Value                          12782.831
          Degrees of Freedom                    66
          P-Value                           0.0000

SRMR (Standardized Root Mean Square Residual)

          Value                              0.069



MODEL RESULTS

                                                    Two-Tailed
                    Estimate       S.E.  Est./S.E.    P-Value

 IA       BY
    A_02               1.000      0.000    999.000    999.000
    A_03               1.000      0.000    999.000    999.000
    A_04               1.000      0.000    999.000    999.000
    A_05               1.000      0.000    999.000    999.000
    A_06               1.000      0.000    999.000    999.000

 SA       BY
    A_02               0.000      0.000    999.000    999.000
    A_03               2.000      0.000    999.000    999.000
    A_04               4.000      0.000    999.000    999.000
    A_05               6.000      0.000    999.000    999.000
    A_06               8.000      0.000    999.000    999.000

 IB       BY
    B_02               1.000      0.000    999.000    999.000
    B_03               1.000      0.000    999.000    999.000
    B_04               1.000      0.000    999.000    999.000
    B_05               1.000      0.000    999.000    999.000
    B_06               1.000      0.000    999.000    999.000

 SB       BY
    B_02               0.000      0.000    999.000    999.000
    B_03               2.000      0.000    999.000    999.000
    B_04               4.000      0.000    999.000    999.000
    B_05               6.000      0.000    999.000    999.000
    B_06               8.000      0.000    999.000    999.000

 A_02       ON
    A_01               0.018      0.023      0.781      0.435
    B_01               0.005      0.004      1.162      0.245

 A_03       ON
    A_02              -0.026      0.020     -1.296      0.195
    B_02               0.020      0.004      5.615      0.000

 A_04       ON
    A_03               0.001      0.016      0.040      0.968
    B_03               0.016      0.004      4.445      0.000

 A_05       ON
    A_04              -0.018      0.020     -0.888      0.374
    B_04               0.025      0.005      4.970      0.000

 A_06       ON
    A_05              -0.045      0.031     -1.447      0.148
    B_05               0.035      0.007      5.150      0.000

 B_02       ON
    B_01               0.413      0.188      2.200      0.028
    A_01               0.785      0.093      8.426      0.000

 B_03       ON
    B_02               0.648      0.175      3.693      0.000
    A_02               0.134      0.209      0.640      0.522

 B_04       ON
    B_03               0.717      0.111      6.445      0.000
    A_03               0.417      0.100      4.172      0.000

 B_05       ON
    B_04               0.857      0.121      7.057      0.000
    A_04               0.227      0.198      1.146      0.252

 B_06       ON
    B_05               0.969      0.155      6.241      0.000
    A_05               0.327      0.215      1.519      0.129

 IA       WITH
    SA                 0.006      0.014      0.446      0.656
    A_01               1.661      0.078     21.298      0.000
    IB                 0.052      0.116      0.449      0.653

 IB       WITH
    SB                -0.621      1.431     -0.434      0.664
    B_01               8.670     10.965      0.791      0.429

 SA       WITH
    A_01              -0.007      0.014     -0.494      0.621
    SB                -0.013      0.008     -1.731      0.083

 SB       WITH
    B_01              -0.386      1.812     -0.213      0.831

 B_02     WITH
    A_02               1.103      0.246      4.477      0.000

 B_03     WITH
    A_03              -0.221      0.246     -0.897      0.370

 B_04     WITH
    A_04               0.331      0.213      1.555      0.120

 B_05     WITH
    A_05               0.740      0.299      2.471      0.013

 B_06     WITH
    A_06               1.259      0.444      2.837      0.005

 Means
    A_01               4.374      0.025    175.148      0.000
    B_01              30.394      0.243    125.150      0.000
    IA                 4.005      0.150     26.692      0.000
    SA                -0.191      0.033     -5.771      0.000
    IB                13.519      5.993      2.256      0.024
    SB                -1.807      0.995     -1.816      0.069

 Intercepts
    A_02               0.000      0.000    999.000    999.000
    A_03               0.000      0.000    999.000    999.000
    A_04               0.000      0.000    999.000    999.000
    A_05               0.000      0.000    999.000    999.000
    A_06               0.000      0.000    999.000    999.000
    B_02               0.000      0.000    999.000    999.000
    B_03               0.000      0.000    999.000    999.000
    B_04               0.000      0.000    999.000    999.000
    B_05               0.000      0.000    999.000    999.000
    B_06               0.000      0.000    999.000    999.000

 Variances
    A_01               3.403      0.068     50.149      0.000
    B_01              69.821      3.239     21.555      0.000
    IA                 1.667      0.124     13.416      0.000
    SA                 0.010      0.003      3.929      0.000
    IB                 3.500     10.799      0.324      0.746
    SB                -0.100      0.174     -0.576      0.564

 Residual Variances
    A_02               1.836      0.073     25.087      0.000
    A_03               1.836      0.053     34.684      0.000
    A_04               1.878      0.052     36.417      0.000
    A_05               1.785      0.071     25.257      0.000
    A_06               1.662      0.074     22.363      0.000
    B_02              43.631      7.927      5.504      0.000
    B_03              35.238      2.989     11.789      0.000
    B_04              33.015      5.021      6.576      0.000
    B_05              44.088      4.084     10.795      0.000
    B_06              49.769     11.944      4.167      0.000


QUALITY OF NUMERICAL RESULTS

     Condition Number for the Information Matrix              0.197E-07
       (ratio of smallest to largest eigenvalue)


MODEL MODIFICATION INDICES

NOTE:  Modification indices for direct effects of observed dependent variables
regressed on covariates may not be included.  To include these, request
MODINDICES (ALL).

Minimum M.I. value for printing the modification index     3.000

                                   M.I.     E.P.C.


ON/BY Statements

A_02     ON SA       /
SA       BY A_02                  13.678     2.422
A_02     ON IB       /
IB       BY A_02                   4.162    -0.037
A_02     ON SB       /
SB       BY A_02                   3.698     0.177
A_03     ON IA       /
IA       BY A_03                   3.579     0.069
A_03     ON SA       /
SA       BY A_03                  18.511    -1.560
A_03     ON IB       /
IB       BY A_03                   8.458     0.033
A_03     ON SB       /
SB       BY A_03                   5.831    -0.148
A_04     ON IA       /
IA       BY A_04                   3.586    -0.058
A_04     ON SA       /
SA       BY A_04                   4.217     0.775
B_02     ON IA       /
IA       BY B_02                   8.004     0.834
B_02     ON IB       /
IB       BY B_02                  38.944     1.514
B_02     ON SB       /
SB       BY B_02                  39.089    -5.828
B_03     ON SA       /
SA       BY B_03                   4.728     6.267
B_03     ON IB       /
IB       BY B_03                  21.692    -0.559
B_03     ON SB       /
SB       BY B_03                  15.410     1.880
B_04     ON SA       /
SA       BY B_04                   6.229   -10.825
B_05     ON IB       /
IB       BY B_05                   7.402     0.462
B_05     ON SB       /
SB       BY B_05                   6.615    -3.163
B_06     ON IA       /
IA       BY B_06                   8.733    -1.193
A_01     ON IA       /
IA       BY A_01                   9.783    23.988
A_01     ON IB       /
IB       BY A_01                  11.834     0.134
A_01     ON SB       /
SB       BY A_01                   5.445    -0.602
B_01     ON IA       /
IA       BY B_01                  35.643     1.193
B_01     ON IB       /
IB       BY B_01                  10.345    20.159
IA       ON IB       /
IB       BY IA                    16.431     0.165
SA       ON SB       /
SB       BY SA                     4.661    -0.149
IB       ON IA       /
IA       BY IB                    12.692     0.840
IB       ON SB       /
SB       BY IB                     3.213    -4.908

ON Statements

IA       ON A_03                   4.033    -0.050
IA       ON A_04                  10.900     0.067
IA       ON B_02                  11.796     0.019
IA       ON B_03                   6.829     0.018
IA       ON B_05                  14.552     0.027
IA       ON B_06                  13.136     0.030
IA       ON B_01                  12.908     0.017
SA       ON A_02                  12.939     0.022
SA       ON A_03                   8.230    -0.008
SA       ON A_05                  10.851     0.025
SA       ON A_06                   4.407    -0.024
SA       ON B_02                  13.148     0.003
SA       ON B_03                   6.041     0.002
SA       ON B_06                   7.772     0.005
IB       ON A_06                   4.499     0.146
IB       ON B_02                   8.068     0.096
IB       ON B_05                   4.780    -0.086
IB       ON B_06                  12.536     0.487
IB       ON A_01                  12.711     0.423
SB       ON A_04                   3.117    -0.027
SB       ON B_02                   3.069     0.012
SB       ON B_03                   6.989    -0.033
SB       ON B_05                  14.592    -0.117
SB       ON B_01                 999.000     0.000
A_02     ON A_04                   9.948     0.110
A_02     ON A_05                  16.108    -0.067
A_02     ON A_06                  27.068     0.112
A_02     ON B_02                   4.193    -0.037
A_02     ON B_03                   3.743    -0.017
A_03     ON A_05                   9.686     0.047
A_03     ON A_06                  25.441    -0.077
A_03     ON B_03                   6.237     0.035
A_03     ON B_06                  10.075     0.018
A_03     ON A_01                   6.461     0.056
A_03     ON B_01                  12.032     0.019
A_04     ON A_01                  11.732    -0.047
A_05     ON A_02                   7.906    -0.039
A_05     ON A_03                  20.378     0.068
A_05     ON A_06                   3.671     0.043
A_05     ON B_02                  13.582     0.016
A_05     ON B_03                   6.742     0.019
A_05     ON B_06                   6.314     0.022
A_05     ON A_01                   4.212     0.028
A_06     ON A_02                  29.090     0.134
A_06     ON A_03                  44.019    -0.123
A_06     ON A_06                   3.133    -0.121
A_06     ON B_06                   3.874    -0.045
A_06     ON B_01                   5.658    -0.014
B_02     ON A_02                   7.993     0.834
B_02     ON A_03                   3.398    -0.232
B_02     ON A_04                   3.007     0.174
B_02     ON A_05                  15.728     0.377
B_02     ON B_02                  39.301     1.521
B_02     ON B_03                  21.394     0.363
B_02     ON B_04                  16.622     0.360
B_02     ON B_05                  13.062     0.554
B_02     ON B_06                  19.770     0.457
B_03     ON B_03                  25.184    -1.129
B_03     ON B_04                   8.388    -0.147
B_03     ON B_05                   7.332    -0.080
B_03     ON B_06                   5.675    -0.116
B_03     ON A_01                   9.491     0.349
B_03     ON B_01                   3.151    -0.109
B_04     ON A_02                   5.061     0.228
B_04     ON A_05                   4.076    -0.208
B_04     ON B_02                   6.766     0.127
B_04     ON B_06                   4.601     0.131
B_04     ON A_01                   5.967     0.285
B_05     ON A_02                   3.091     0.217
B_05     ON B_03                   3.638    -0.151
B_06     ON A_02                  16.521    -0.593
B_06     ON A_03                   3.102     0.217
B_06     ON A_04                   5.043    -0.298
B_06     ON A_06                   5.094    -0.868
B_06     ON B_04                   7.076     0.621
B_06     ON B_06                  13.781    -1.508
A_01     ON A_04                  10.227    -0.057
A_01     ON A_05                   6.531     0.050
A_01     ON B_03                  18.240     0.028
A_01     ON B_04                  17.918     0.023
A_01     ON B_05                   6.160     0.016
A_01     ON B_06                   8.583     0.024
A_01     ON B_01                   7.927     0.014
B_01     ON A_02                  31.804     0.804
B_01     ON A_03                  12.618     0.449
B_01     ON A_04                  26.214     0.596
B_01     ON A_05                  21.489     0.544
B_01     ON A_06                   6.418     0.331
B_01     ON B_03                  22.124     0.511
B_01     ON B_04                  59.477     0.862
B_01     ON B_05                  24.189     0.439
B_01     ON B_06                  22.941     0.595
B_01     ON A_01                  24.624     0.584

WITH Statements

IB       WITH SA                   3.046     0.064
A_02     WITH SA                   9.570     0.034
A_03     WITH IA                   5.787    -0.114
A_03     WITH SA                   9.649    -0.017
A_04     WITH IA                  10.200     0.121
A_04     WITH A_02                 5.365     0.115
A_05     WITH SA                  11.178     0.046
A_05     WITH A_02                24.744    -0.170
A_05     WITH A_03                22.434     0.178
A_06     WITH SA                   7.248    -0.055
A_06     WITH A_02                42.849     0.338
A_06     WITH A_03                46.305    -0.256
A_06     WITH A_04                 6.631     0.173
B_02     WITH SA                   9.990     0.142
B_02     WITH IB                   5.213     3.779
B_02     WITH SB                   5.185     0.830
B_02     WITH A_03                15.494    -1.152
B_02     WITH A_05                13.339     0.780
B_03     WITH IB                   5.095    -3.819
B_03     WITH SB                   5.382    -0.548
B_03     WITH B_02                 5.059     6.954
B_04     WITH SA                   7.673    -0.144
B_04     WITH SB                   5.217     1.762
B_04     WITH A_02                 4.380     0.522
B_04     WITH A_05                 8.246    -0.662
B_04     WITH B_02                 4.453    14.589
B_04     WITH B_03                 4.565    -4.142
B_05     WITH IA                   3.593     0.642
B_05     WITH IB                   6.837    -5.251
B_05     WITH SB                   4.292    -3.143
B_05     WITH B_02                 6.816   -16.624
B_05     WITH B_03                 5.221    -4.569
B_06     WITH SA                   4.439     0.231
B_06     WITH IB                   6.076     4.480
B_06     WITH SB                   4.956     2.473
B_06     WITH A_02                10.667    -0.928
B_06     WITH A_03                 8.212     0.733
B_06     WITH A_04                 3.013    -0.542
B_06     WITH A_05                 5.482     1.726
B_06     WITH B_02                 6.476     8.587
B_06     WITH B_04                 7.268    16.443
A_01     WITH IB                  12.709     1.424
A_01     WITH A_02                 3.095     0.199
A_01     WITH A_04                11.844    -0.115
A_01     WITH A_05                 5.008     0.078
A_01     WITH B_02                 8.751    -1.596
A_01     WITH B_03                16.909     1.142
A_01     WITH B_04                 4.441     0.536
A_01     WITH B_05                 5.380    -0.750
B_01     WITH IA                  12.417     1.150
B_01     WITH A_02                 6.143     1.090
B_01     WITH A_04                 4.656     0.679
B_01     WITH A_06                 6.413    -1.002
B_01     WITH B_02                39.449   -30.680
B_01     WITH B_03                22.102    16.183
B_01     WITH B_04                 5.586     7.791
B_01     WITH B_06                 4.241   -10.660
B_01     WITH A_01                 6.145     0.861

Means/Intercepts/Thresholds

[ A_02     ]                       6.094    -0.453
[ A_03     ]                       8.485     0.352
[ B_02     ]                      39.492    14.958
[ B_03     ]                      22.970    -5.989
[ B_05     ]                       7.412     4.367


TECHNICAL 1 OUTPUT


     PARAMETER SPECIFICATION


           NU
              A_02          A_03          A_04          A_05          A_06
              ________      ________      ________      ________      ________
 1                  0             0             0             0             0


           NU
              B_02          B_03          B_04          B_05          B_06
              ________      ________      ________      ________      ________
 1                  0             0             0             0             0


           NU
              A_01          B_01
              ________      ________
 1                  0             0


           LAMBDA
              IA            SA            IB            SB            A_02
              ________      ________      ________      ________      ________
 A_02               0             0             0             0             0
 A_03               0             0             0             0             0
 A_04               0             0             0             0             0
 A_05               0             0             0             0             0
 A_06               0             0             0             0             0
 B_02               0             0             0             0             0
 B_03               0             0             0             0             0
 B_04               0             0             0             0             0
 B_05               0             0             0             0             0
 B_06               0             0             0             0             0
 A_01               0             0             0             0             0
 B_01               0             0             0             0             0


           LAMBDA
              A_03          A_04          A_05          A_06          B_02
              ________      ________      ________      ________      ________
 A_02               0             0             0             0             0
 A_03               0             0             0             0             0
 A_04               0             0             0             0             0
 A_05               0             0             0             0             0
 A_06               0             0             0             0             0
 B_02               0             0             0             0             0
 B_03               0             0             0             0             0
 B_04               0             0             0             0             0
 B_05               0             0             0             0             0
 B_06               0             0             0             0             0
 A_01               0             0             0             0             0
 B_01               0             0             0             0             0


           LAMBDA
              B_03          B_04          B_05          B_06          A_01
              ________      ________      ________      ________      ________
 A_02               0             0             0             0             0
 A_03               0             0             0             0             0
 A_04               0             0             0             0             0
 A_05               0             0             0             0             0
 A_06               0             0             0             0             0
 B_02               0             0             0             0             0
 B_03               0             0             0             0             0
 B_04               0             0             0             0             0
 B_05               0             0             0             0             0
 B_06               0             0             0             0             0
 A_01               0             0             0             0             0
 B_01               0             0             0             0             0


           LAMBDA
              B_01
              ________
 A_02               0
 A_03               0
 A_04               0
 A_05               0
 A_06               0
 B_02               0
 B_03               0
 B_04               0
 B_05               0
 B_06               0
 A_01               0
 B_01               0


           THETA
              A_02          A_03          A_04          A_05          A_06
              ________      ________      ________      ________      ________
 A_02               0
 A_03               0             0
 A_04               0             0             0
 A_05               0             0             0             0
 A_06               0             0             0             0             0
 B_02               0             0             0             0             0
 B_03               0             0             0             0             0
 B_04               0             0             0             0             0
 B_05               0             0             0             0             0
 B_06               0             0             0             0             0
 A_01               0             0             0             0             0
 B_01               0             0             0             0             0


           THETA
              B_02          B_03          B_04          B_05          B_06
              ________      ________      ________      ________      ________
 B_02               0
 B_03               0             0
 B_04               0             0             0
 B_05               0             0             0             0
 B_06               0             0             0             0             0
 A_01               0             0             0             0             0
 B_01               0             0             0             0             0


           THETA
              A_01          B_01
              ________      ________
 A_01               0
 B_01               0             0


           ALPHA
              IA            SA            IB            SB            A_02
              ________      ________      ________      ________      ________
 1                  1             2             3             4             0


           ALPHA
              A_03          A_04          A_05          A_06          B_02
              ________      ________      ________      ________      ________
 1                  0             0             0             0             0


           ALPHA
              B_03          B_04          B_05          B_06          A_01
              ________      ________      ________      ________      ________
 1                  0             0             0             0             5


           ALPHA
              B_01
              ________
 1                  6


           BETA
              IA            SA            IB            SB            A_02
              ________      ________      ________      ________      ________
 IA                 0             0             0             0             0
 SA                 0             0             0             0             0
 IB                 0             0             0             0             0
 SB                 0             0             0             0             0
 A_02               0             0             0             0             0
 A_03               0             0             0             0             9
 A_04               0             0             0             0             0
 A_05               0             0             0             0             0
 A_06               0             0             0             0             0
 B_02               0             0             0             0             0
 B_03               0             0             0             0            19
 B_04               0             0             0             0             0
 B_05               0             0             0             0             0
 B_06               0             0             0             0             0
 A_01               0             0             0             0             0
 B_01               0             0             0             0             0


           BETA
              A_03          A_04          A_05          A_06          B_02
              ________      ________      ________      ________      ________
 IA                 0             0             0             0             0
 SA                 0             0             0             0             0
 IB                 0             0             0             0             0
 SB                 0             0             0             0             0
 A_02               0             0             0             0             0
 A_03               0             0             0             0            10
 A_04              11             0             0             0             0
 A_05               0            13             0             0             0
 A_06               0             0            15             0             0
 B_02               0             0             0             0             0
 B_03               0             0             0             0            20
 B_04              21             0             0             0             0
 B_05               0            23             0             0             0
 B_06               0             0            25             0             0
 A_01               0             0             0             0             0
 B_01               0             0             0             0             0


           BETA
              B_03          B_04          B_05          B_06          A_01
              ________      ________      ________      ________      ________
 IA                 0             0             0             0             0
 SA                 0             0             0             0             0
 IB                 0             0             0             0             0
 SB                 0             0             0             0             0
 A_02               0             0             0             0             7
 A_03               0             0             0             0             0
 A_04              12             0             0             0             0
 A_05               0            14             0             0             0
 A_06               0             0            16             0             0
 B_02               0             0             0             0            17
 B_03               0             0             0             0             0
 B_04              22             0             0             0             0
 B_05               0            24             0             0             0
 B_06               0             0            26             0             0
 A_01               0             0             0             0             0
 B_01               0             0             0             0             0


           BETA
              B_01
              ________
 IA                 0
 SA                 0
 IB                 0
 SB                 0
 A_02               8
 A_03               0
 A_04               0
 A_05               0
 A_06               0
 B_02              18
 B_03               0
 B_04               0
 B_05               0
 B_06               0
 A_01               0
 B_01               0


           PSI
              IA            SA            IB            SB            A_02
              ________      ________      ________      ________      ________
 IA                27
 SA                28            29
 IB                30             0            31
 SB                 0            32            33            34
 A_02               0             0             0             0            35
 A_03               0             0             0             0             0
 A_04               0             0             0             0             0
 A_05               0             0             0             0             0
 A_06               0             0             0             0             0
 B_02               0             0             0             0            40
 B_03               0             0             0             0             0
 B_04               0             0             0             0             0
 B_05               0             0             0             0             0
 B_06               0             0             0             0             0
 A_01              50            51             0             0             0
 B_01               0             0            53            54             0


           PSI
              A_03          A_04          A_05          A_06          B_02
              ________      ________      ________      ________      ________
 A_03              36
 A_04               0            37
 A_05               0             0            38
 A_06               0             0             0            39
 B_02               0             0             0             0            41
 B_03              42             0             0             0             0
 B_04               0            44             0             0             0
 B_05               0             0            46             0             0
 B_06               0             0             0            48             0
 A_01               0             0             0             0             0
 B_01               0             0             0             0             0


           PSI
              B_03          B_04          B_05          B_06          A_01
              ________      ________      ________      ________      ________
 B_03              43
 B_04               0            45
 B_05               0             0            47
 B_06               0             0             0            49
 A_01               0             0             0             0            52
 B_01               0             0             0             0             0


           PSI
              B_01
              ________
 B_01              55


     STARTING VALUES


           NU
              A_02          A_03          A_04          A_05          A_06
              ________      ________      ________      ________      ________
 1              0.000         0.000         0.000         0.000         0.000


           NU
              B_02          B_03          B_04          B_05          B_06
              ________      ________      ________      ________      ________
 1              0.000         0.000         0.000         0.000         0.000


           NU
              A_01          B_01
              ________      ________
 1              0.000         0.000


           LAMBDA
              IA            SA            IB            SB            A_02
              ________      ________      ________      ________      ________
 A_02           0.000         0.000         0.000         0.000         1.000
 A_03           0.000         0.000         0.000         0.000         0.000
 A_04           0.000         0.000         0.000         0.000         0.000
 A_05           0.000         0.000         0.000         0.000         0.000
 A_06           0.000         0.000         0.000         0.000         0.000
 B_02           0.000         0.000         0.000         0.000         0.000
 B_03           0.000         0.000         0.000         0.000         0.000
 B_04           0.000         0.000         0.000         0.000         0.000
 B_05           0.000         0.000         0.000         0.000         0.000
 B_06           0.000         0.000         0.000         0.000         0.000
 A_01           0.000         0.000         0.000         0.000         0.000
 B_01           0.000         0.000         0.000         0.000         0.000


           LAMBDA
              A_03          A_04          A_05          A_06          B_02
              ________      ________      ________      ________      ________
 A_02           0.000         0.000         0.000         0.000         0.000
 A_03           1.000         0.000         0.000         0.000         0.000
 A_04           0.000         1.000         0.000         0.000         0.000
 A_05           0.000         0.000         1.000         0.000         0.000
 A_06           0.000         0.000         0.000         1.000         0.000
 B_02           0.000         0.000         0.000         0.000         1.000
 B_03           0.000         0.000         0.000         0.000         0.000
 B_04           0.000         0.000         0.000         0.000         0.000
 B_05           0.000         0.000         0.000         0.000         0.000
 B_06           0.000         0.000         0.000         0.000         0.000
 A_01           0.000         0.000         0.000         0.000         0.000
 B_01           0.000         0.000         0.000         0.000         0.000


           LAMBDA
              B_03          B_04          B_05          B_06          A_01
              ________      ________      ________      ________      ________
 A_02           0.000         0.000         0.000         0.000         0.000
 A_03           0.000         0.000         0.000         0.000         0.000
 A_04           0.000         0.000         0.000         0.000         0.000
 A_05           0.000         0.000         0.000         0.000         0.000
 A_06           0.000         0.000         0.000         0.000         0.000
 B_02           0.000         0.000         0.000         0.000         0.000
 B_03           1.000         0.000         0.000         0.000         0.000
 B_04           0.000         1.000         0.000         0.000         0.000
 B_05           0.000         0.000         1.000         0.000         0.000
 B_06           0.000         0.000         0.000         1.000         0.000
 A_01           0.000         0.000         0.000         0.000         1.000
 B_01           0.000         0.000         0.000         0.000         0.000


           LAMBDA
              B_01
              ________
 A_02           0.000
 A_03           0.000
 A_04           0.000
 A_05           0.000
 A_06           0.000
 B_02           0.000
 B_03           0.000
 B_04           0.000
 B_05           0.000
 B_06           0.000
 A_01           0.000
 B_01           1.000


           THETA
              A_02          A_03          A_04          A_05          A_06
              ________      ________      ________      ________      ________
 A_02           0.000
 A_03           0.000         0.000
 A_04           0.000         0.000         0.000
 A_05           0.000         0.000         0.000         0.000
 A_06           0.000         0.000         0.000         0.000         0.000
 B_02           0.000         0.000         0.000         0.000         0.000
 B_03           0.000         0.000         0.000         0.000         0.000
 B_04           0.000         0.000         0.000         0.000         0.000
 B_05           0.000         0.000         0.000         0.000         0.000
 B_06           0.000         0.000         0.000         0.000         0.000
 A_01           0.000         0.000         0.000         0.000         0.000
 B_01           0.000         0.000         0.000         0.000         0.000


           THETA
              B_02          B_03          B_04          B_05          B_06
              ________      ________      ________      ________      ________
 B_02           0.000
 B_03           0.000         0.000
 B_04           0.000         0.000         0.000
 B_05           0.000         0.000         0.000         0.000
 B_06           0.000         0.000         0.000         0.000         0.000
 A_01           0.000         0.000         0.000         0.000         0.000
 B_01           0.000         0.000         0.000         0.000         0.000


           THETA
              A_01          B_01
              ________      ________
 A_01           0.000
 B_01           0.000         0.000


           ALPHA
              IA            SA            IB            SB            A_02
              ________      ________      ________      ________      ________
 1              0.000         0.000         0.000         0.000         0.000


           ALPHA
              A_03          A_04          A_05          A_06          B_02
              ________      ________      ________      ________      ________
 1              0.000         0.000         0.000         0.000         0.000


           ALPHA
              B_03          B_04          B_05          B_06          A_01
              ________      ________      ________      ________      ________
 1              0.000         0.000         0.000         0.000         0.000


           ALPHA
              B_01
              ________
 1              0.000


           BETA
              IA            SA            IB            SB            A_02
              ________      ________      ________      ________      ________
 IA             0.000         0.000         0.000         0.000         0.000
 SA             0.000         0.000         0.000         0.000         0.000
 IB             0.000         0.000         0.000         0.000         0.000
 SB             0.000         0.000         0.000         0.000         0.000
 A_02           1.000         0.000         0.000         0.000         0.000
 A_03           1.000         2.000         0.000         0.000         0.000
 A_04           1.000         4.000         0.000         0.000         0.000
 A_05           1.000         6.000         0.000         0.000         0.000
 A_06           1.000         8.000         0.000         0.000         0.000
 B_02           0.000         0.000         1.000         0.000         0.000
 B_03           0.000         0.000         1.000         2.000         0.000
 B_04           0.000         0.000         1.000         4.000         0.000
 B_05           0.000         0.000         1.000         6.000         0.000
 B_06           0.000         0.000         1.000         8.000         0.000
 A_01           0.000         0.000         0.000         0.000         0.000
 B_01           0.000         0.000         0.000         0.000         0.000


           BETA
              A_03          A_04          A_05          A_06          B_02
              ________      ________      ________      ________      ________
 IA             0.000         0.000         0.000         0.000         0.000
 SA             0.000         0.000         0.000         0.000         0.000
 IB             0.000         0.000         0.000         0.000         0.000
 SB             0.000         0.000         0.000         0.000         0.000
 A_02           0.000         0.000         0.000         0.000         0.000
 A_03           0.000         0.000         0.000         0.000         0.000
 A_04           0.000         0.000         0.000         0.000         0.000
 A_05           0.000         0.000         0.000         0.000         0.000
 A_06           0.000         0.000         0.000         0.000         0.000
 B_02           0.000         0.000         0.000         0.000         0.000
 B_03           0.000         0.000         0.000         0.000         0.000
 B_04           0.000         0.000         0.000         0.000         0.000
 B_05           0.000         0.000         0.000         0.000         0.000
 B_06           0.000         0.000         0.000         0.000         0.000
 A_01           0.000         0.000         0.000         0.000         0.000
 B_01           0.000         0.000         0.000         0.000         0.000


           BETA
              B_03          B_04          B_05          B_06          A_01
              ________      ________      ________      ________      ________
 IA             0.000         0.000         0.000         0.000         0.000
 SA             0.000         0.000         0.000         0.000         0.000
 IB             0.000         0.000         0.000         0.000         0.000
 SB             0.000         0.000         0.000         0.000         0.000
 A_02           0.000         0.000         0.000         0.000         0.000
 A_03           0.000         0.000         0.000         0.000         0.000
 A_04           0.000         0.000         0.000         0.000         0.000
 A_05           0.000         0.000         0.000         0.000         0.000
 A_06           0.000         0.000         0.000         0.000         0.000
 B_02           0.000         0.000         0.000         0.000         0.000
 B_03           0.000         0.000         0.000         0.000         0.000
 B_04           0.000         0.000         0.000         0.000         0.000
 B_05           0.000         0.000         0.000         0.000         0.000
 B_06           0.000         0.000         0.000         0.000         0.000
 A_01           0.000         0.000         0.000         0.000         0.000
 B_01           0.000         0.000         0.000         0.000         0.000


           BETA
              B_01
              ________
 IA             0.000
 SA             0.000
 IB             0.000
 SB             0.000
 A_02           0.000
 A_03           0.000
 A_04           0.000
 A_05           0.000
 A_06           0.000
 B_02           0.000
 B_03           0.000
 B_04           0.000
 B_05           0.000
 B_06           0.000
 A_01           0.000
 B_01           0.000


           PSI
              IA            SA            IB            SB            A_02
              ________      ________      ________      ________      ________
 IA             0.050
 SA             0.000         0.000
 IB             0.000         0.000         0.050
 SB             0.000         0.000         0.000         0.050
 A_02           0.000         0.000         0.000         0.000         1.787
 A_03           0.000         0.000         0.000         0.000         0.000
 A_04           0.000         0.000         0.000         0.000         0.000
 A_05           0.000         0.000         0.000         0.000         0.000
 A_06           0.000         0.000         0.000         0.000         0.000
 B_02           0.000         0.000         0.000         0.000         0.000
 B_03           0.000         0.000         0.000         0.000         0.000
 B_04           0.000         0.000         0.000         0.000         0.000
 B_05           0.000         0.000         0.000         0.000         0.000
 B_06           0.000         0.000         0.000         0.000         0.000
 A_01           0.000         0.000         0.000         0.000         0.000
 B_01           0.000         0.000         0.000         0.000         0.000


           PSI
              A_03          A_04          A_05          A_06          B_02
              ________      ________      ________      ________      ________
 A_03           1.760
 A_04           0.000         1.896
 A_05           0.000         0.000         1.948
 A_06           0.000         0.000         0.000         1.930
 B_02           0.000         0.000         0.000         0.000        33.092
 B_03           0.000         0.000         0.000         0.000         0.000
 B_04           0.000         0.000         0.000         0.000         0.000
 B_05           0.000         0.000         0.000         0.000         0.000
 B_06           0.000         0.000         0.000         0.000         0.000
 A_01           0.000         0.000         0.000         0.000         0.000
 B_01           0.000         0.000         0.000         0.000         0.000


           PSI
              B_03          B_04          B_05          B_06          A_01
              ________      ________      ________      ________      ________
 B_03          36.932
 B_04           0.000        35.994
 B_05           0.000         0.000        38.520
 B_06           0.000         0.000         0.000        38.270
 A_01           0.000         0.000         0.000         0.000         1.695
 B_01           0.000         0.000         0.000         0.000         0.000


           PSI
              B_01
              ________
 B_01          35.037


     Beginning Time:  04:35:27
        Ending Time:  04:42:12
       Elapsed Time:  00:06:45



MUTHEN & MUTHEN
3463 Stoner Ave.
Los Angeles, CA  90066

Tel: (310) 391-9971
Fax: (310) 391-8971
Web: www.StatModel.com
Support: Support@StatModel.com

Copyright (c) 1998-2015 Muthen & Muthen
