Mplus VERSION 7.4 (Mac)
MUTHEN & MUTHEN
10/15/2017   8:11 AM

INPUT INSTRUCTIONS

  TITLE:
  9 - Predetermined ALT, no-time-correlations
  DATA:
  File = wide-dataset-b.dat;
  VARIABLE:
  NAMES are
   id hhid male birthyr_rand birthmo_rand race_rand hispanic_rand cohort
      raedyrs raedegrm memoryproblems_baseline memory_disease_ever age_baseline
      age_baseline_65 health_conditions_baseline healthcond_mean activity_mean_2004
      activity_mean_2006 activity_mean_2008 activity_mean_2010 activity_mean_2012
      activity_mean_2014 activity_sum_2004 activity_sum_2006 activity_sum_2008
      activity_sum_2010 activity_sum_2012 activity_sum_2014 close_social_network_2004
      close_social_network_2006 close_social_network_2008 close_social_network_2010
      close_social_network_2012 close_social_network_2014 countb20r_2004
      countb20r_2006 countb20r_2008 countb20r_2010 countb20r_2012 countb20r_2014
      crp_adj_2004 crp_adj_2006 crp_adj_2008 crp_adj_2010 crp_adj_2012 crp_adj_2014
      dep_total_2004 dep_total_2006 dep_total_2008 dep_total_2010 dep_total_2012
      dep_total_2014 exercise_2004 exercise_2006 exercise_2008 exercise_2010
      exercise_2012 exercise_2014 healthcond_2004 healthcond_2006 healthcond_2008
      healthcond_2010 healthcond_2012 healthcond_2014 hhres_2004 hhres_2006
      hhres_2008 hhres_2010 hhres_2012 hhres_2014 hrs_tscore_2004 hrs_tscore_2006
      hrs_tscore_2008 hrs_tscore_2010 hrs_tscore_2012 hrs_tscore_2014 intage_r_2004
      intage_r_2006 intage_r_2008 intage_r_2010 intage_r_2012 intage_r_2014
      interview_date_2004 interview_date_2006 interview_date_2008 interview_date_2010
      interview_date_2012 interview_date_2014 lb_65_wave_2004 lb_65_wave_2006
      lb_65_wave_2008 lb_65_wave_2010 lb_65_wave_2012 lb_65_wave_2014 lb_wave_2004
      lb_wave_2006 lb_wave_2008 lb_wave_2010 lb_wave_2012 lb_wave_2014 listassi_2004
      listassi_2006 listassi_2008 listassi_2010 listassi_2012 listassi_2014
      mentalstatus_tot_2004 mentalstatus_tot_2006 mentalstatus_tot_2008
      mentalstatus_tot_2010 mentalstatus_tot_2012 mentalstatus_tot_2014 proxy_2004
      proxy_2006 proxy_2008 proxy_2010 proxy_2012 proxy_2014 responded_2004
      responded_2006 responded_2008 responded_2010 responded_2012 responded_2014
      rmaritalst_2004 rmaritalst_2006 rmaritalst_2008 rmaritalst_2010 rmaritalst_2012
      rmaritalst_2014 rpartst_2004 rpartst_2006 rpartst_2008 rpartst_2010
      rpartst_2012 rpartst_2014 score_loneliness_11_2004 score_loneliness_11_2006
      score_loneliness_11_2008 score_loneliness_11_2010 score_loneliness_11_2012
      score_loneliness_11_2014 score_loneliness_3_2004 score_loneliness_3_2006
      score_loneliness_3_2008 score_loneliness_3_2010 score_loneliness_3_2012
      score_loneliness_3_2014 shhidpnr_2004 shhidpnr_2006 shhidpnr_2008 shhidpnr_2010
      shhidpnr_2012 shhidpnr_2014 snchild_2004 snchild_2006 snchild_2008 snchild_2010
      snchild_2012 snchild_2014 snfamily_2004 snfamily_2006 snfamily_2008
      snfamily_2010 snfamily_2012 snfamily_2014 snfriends_2004 snfriends_2006
      snfriends_2008 snfriends_2010 snfriends_2012 snfriends_2014 snspouse_2004
      snspouse_2006 snspouse_2008 snspouse_2010 snspouse_2012 snspouse_2014
      social_contact_total_2004 social_contact_total_2006 social_contact_total_2008
      social_contact_total_2010 social_contact_total_2012 social_contact_total_2014
      social_strain_mean_2004 social_strain_mean_2006 social_strain_mean_2008
      social_strain_mean_2010 social_strain_mean_2012 social_strain_mean_2014
      social_support_mean_2004 social_support_mean_2006 social_support_mean_2008
      social_support_mean_2010 social_support_mean_2012 social_support_mean_2014
      socialnetwork_total_2004 socialnetwork_total_2006 socialnetwork_total_2008
      socialnetwork_total_2010 socialnetwork_total_2012 socialnetwork_total_2014
      srmemory_2004 srmemory_2006 srmemory_2008 srmemory_2010 srmemory_2012
      srmemory_2014 srmemoryp_2004 srmemoryp_2006 srmemoryp_2008 srmemoryp_2010
      srmemoryp_2012 srmemoryp_2014 vocab_total_2004 vocab_total_2006 vocab_total_2008
      vocab_total_2010 vocab_total_2012 vocab_total_2014 wrectotd_2004 wrectotd_2006
      wrectotd_2008 wrectotd_2010 wrectotd_2012 wrectotd_2014 wrectoti_2004
      wrectoti_2006 wrectoti_2008 wrectoti_2010 wrectoti_2012 wrectoti_2014
  	;
  Missing are all(9999);
  USEVARIABLES are
  	!define the variables used in the analysis
  	!estimated time points
  a_01
  a_02
  a_03
  a_04
  a_05
  a_06
  	!modelled time points of process (B)
  b_01
  b_02
  b_03
  b_04
  b_05
  b_06
  	! covariates used in the model
  	;
  SUBPOPULATION are
  	!select a subset of observations
  age_baseline > 64 AND
  memory_disease_ever EQ 0
  ;
  CLUSTER = hhid;
  DEFINE:
    ! centre baseline age
  a = age_baseline - 69;
  	! assign variables to the process (A)
  a_01=wrectotd_2004;
  a_02=wrectotd_2006;
  a_03=wrectotd_2008;
  a_04=wrectotd_2010;
  a_05=wrectotd_2012;
  a_06=wrectotd_2014;
  	! assign variables to the process (B)
  b_01=social_contact_total_2004;
  b_02=social_contact_total_2006;
  b_03=social_contact_total_2008;
  b_04=social_contact_total_2010;
  b_05=social_contact_total_2012;
  b_06=social_contact_total_2014;
  ANALYSIS:
  TYPE = COMPLEX RANDOM;
  model=nocovariances;
  COVERAGE=.00;
  H1ITERATIONS = 10000;
  MODEL:
  	!LGM part
  	! assign process (A) to time points
  ia BY a_02@1 a_03@1 a_04@1 a_05@1 a_06@1;
  sa BY a_02@0 a_03@2 a_04@4 a_05@6 a_06@8;
  	! assign process (B) to time points
  ib BY b_02@1 b_03@1 b_04@1 b_05@1 b_06@1;
  sb BY b_02@0 b_03@2 b_04@ b_05@6 b_06@8;
  	!correlations between the first measurement points
  	!autoregressive part
  a_01 a_02 a_03 a_04 a_05 a_06;
  a_02 ON a_01;
  a_03 ON a_02;
  a_04 ON a_03;
  a_05 ON a_04;
  a_06 ON a_05;
  b_01 b_02 b_03 b_04 b_05 b_06;
  b_02 ON b_01;
  b_03 ON b_02;
  b_04 ON b_03;
  b_05 ON b_04;
  b_06 ON b_05;
  	!Cross lagged part
  a_02 ON b_01;
  a_03 ON b_02;
  a_04 ON b_03;
  a_05 ON b_04;
  a_06 ON b_05;
  b_02 ON a_01;
  b_03 ON a_02;
  b_04 ON a_03;
  b_05 ON a_04;
  b_06 ON a_05;
  ia;
  sa;
  ib;
  sb;
  ia with sa;
  ib with sb;
  ia with a_01;
  sa with a_01;
  ib with b_01;
  sb with b_01;
  ia with ib;
  sa with sb;
  ! Time specific correlations
  [a_02@0 a_03@0 a_04@0 a_05@0 a_06@0];
  [b_02@0 b_03@0 b_04@0 b_05@0 b_06@0];
  [ia];
  [ib];
  [sa];
  [sb];
  [a_01];
  [b_01];
  	
  OUTPUT: SAMPSTAT MODINDICES (3.0); TECH1; TECH4;



*** WARNING in OUTPUT command
  TECH4 option for TYPE=RANDOM requires ALGORITHM=INTEGRATION.
  Request for TECH4 is ignored.
   1 WARNING(S) FOUND IN THE INPUT INSTRUCTIONS




9 - Predetermined ALT, no-time-correlations

SUMMARY OF ANALYSIS

Number of groups                                                 1
Number of observations                                        5952

Number of dependent variables                                   10
Number of independent variables                                  2
Number of continuous latent variables                            4

Observed dependent variables

  Continuous
   A_02        A_03        A_04        A_05        A_06        B_02
   B_03        B_04        B_05        B_06

Observed independent variables
   A_01        B_01

Continuous latent variables
   IA          SA          IB          SB

Variables with special functions

  Cluster variable      HHID

Estimator                                                      MLR
Information matrix                                        OBSERVED
Maximum number of iterations                                   100
Convergence criterion                                    0.100D-05
Maximum number of EM iterations                                500
Convergence criteria for the EM algorithm
  Loglikelihood change                                   0.100D-02
  Relative loglikelihood change                          0.100D-05
  Derivative                                             0.100D-03
Minimum variance                                         0.100D-03
Maximum number of steepest descent iterations                   20
Maximum number of iterations for H1                          10000
Convergence criterion for H1                             0.100D-03
Optimization algorithm                                         EMA

Input data file(s)
  wide-dataset-b.dat
Input data format  FREE


SUMMARY OF DATA

     Number of missing data patterns           273
     Number of clusters        4882



SAMPLE STATISTICS


     ESTIMATED SAMPLE STATISTICS


           Means
              A_02          A_03          A_04          A_05          A_06
              ________      ________      ________      ________      ________
 1              4.215         4.110         3.722         3.504         3.311


           Means
              B_02          B_03          B_04          B_05          B_06
              ________      ________      ________      ________      ________
 1             29.564        29.527        29.202        28.553        27.871


           Means
              A_01          B_01
              ________      ________
 1              4.374        30.283


           Covariances
              A_02          A_03          A_04          A_05          A_06
              ________      ________      ________      ________      ________
 A_02           3.590
 A_03           1.658         3.524
 A_04           1.802         1.793         3.812
 A_05           1.724         1.937         1.995         3.970
 A_06           1.874         1.712         2.109         2.185         3.997
 B_02           2.735         2.266         2.299         2.909         2.443
 B_03           2.832         2.283         2.818         2.953         3.028
 B_04           2.761         2.755         2.807         2.965         2.946
 B_05           3.488         2.907         3.308         3.518         3.920
 B_06           2.754         3.320         2.720         3.740         3.802
 A_01           1.739         1.664         1.601         1.712         1.607
 B_01           2.426         2.665         2.815         2.236         1.931


           Covariances
              B_02          B_03          B_04          B_05          B_06
              ________      ________      ________      ________      ________
 B_02          66.437
 B_03          36.878        74.243
 B_04          41.366        39.994        72.274
 B_05          30.070        45.770        36.190        78.877
 B_06          38.068        46.140        46.157        36.920        77.776
 A_01           2.406         2.871         2.546         2.676         2.716
 B_01          33.952        38.330        33.763        38.779        36.758


           Covariances
              A_01          B_01
              ________      ________
 A_01           3.403
 B_01           2.401        70.735


           Correlations
              A_02          A_03          A_04          A_05          A_06
              ________      ________      ________      ________      ________
 A_02           1.000
 A_03           0.466         1.000
 A_04           0.487         0.489         1.000
 A_05           0.457         0.518         0.513         1.000
 A_06           0.495         0.456         0.540         0.549         1.000
 B_02           0.177         0.148         0.144         0.179         0.150
 B_03           0.173         0.141         0.167         0.172         0.176
 B_04           0.171         0.173         0.169         0.175         0.173
 B_05           0.207         0.174         0.191         0.199         0.221
 B_06           0.165         0.201         0.158         0.213         0.216
 A_01           0.497         0.481         0.444         0.466         0.436
 B_01           0.152         0.169         0.171         0.133         0.115


           Correlations
              B_02          B_03          B_04          B_05          B_06
              ________      ________      ________      ________      ________
 B_02           1.000
 B_03           0.525         1.000
 B_04           0.597         0.546         1.000
 B_05           0.415         0.598         0.479         1.000
 B_06           0.530         0.607         0.616         0.471         1.000
 A_01           0.160         0.181         0.162         0.163         0.167
 B_01           0.495         0.529         0.472         0.519         0.496


           Correlations
              A_01          B_01
              ________      ________
 A_01           1.000
 B_01           0.155         1.000


     MAXIMUM LOG-LIKELIHOOD VALUE FOR THE UNRESTRICTED (H1) MODEL IS -107379.674


UNIVARIATE SAMPLE STATISTICS


     UNIVARIATE HIGHER-ORDER MOMENT DESCRIPTIVE STATISTICS

         Variable/         Mean/     Skewness/   Minimum/ % with                Percentiles
        Sample Size      Variance    Kurtosis    Maximum  Min/Max      20%/60%    40%/80%    Median

     A_02                  4.227      -0.154       0.000    4.88%       3.000      4.000      4.000
            5671.000       3.575       0.108      10.000    0.37%       5.000      6.000
     A_03                  4.123      -0.205       0.000    5.40%       3.000      4.000      4.000
            5775.000       3.519      -0.027      10.000    0.14%       5.000      6.000
     A_04                  3.750      -0.101       0.000    8.11%       2.000      3.000      4.000
            5669.000       3.793      -0.258      10.000    0.11%       4.000      5.000
     A_05                  3.607      -0.083       0.000    9.78%       2.000      3.000      4.000
            5132.000       3.896      -0.361      10.000    0.12%       4.000      5.000
     A_06                  3.492      -0.040       0.000   10.50%       2.000      3.000      4.000
            4429.000       3.860      -0.393      10.000    0.07%       4.000      5.000
     B_02                 29.599      -0.258       3.000    0.07%      23.000     28.000     30.000
            2788.000      66.183       0.159      54.000    0.18%      32.000     36.000
     B_03                 29.608      -0.254       2.000    0.04%      23.000     28.000     30.000
            2739.000      73.864       0.073      54.000    0.18%      32.000     37.000
     B_04                 29.406      -0.205       4.000    0.19%      22.000     28.000     30.000
            2647.000      71.988      -0.061      54.000    0.04%      32.000     36.000
     B_05                 28.986      -0.189       3.000    0.04%      22.000     27.000     29.000
            2240.000      77.040      -0.099      54.000    0.13%      32.000     36.000
     B_06                 28.653      -0.229       3.000    0.05%      22.000     27.000     29.000
            2036.000      76.540      -0.202      54.000    0.05%      31.000     36.000
     A_01                  4.400      -0.160       0.000    3.69%       3.000      4.000      4.000
            5478.000       3.390       0.175      10.000    0.31%       5.000      6.000
     B_01                 30.562      -0.258       3.000    0.09%      24.000     29.000     31.000
            1057.000      70.074       0.149      53.000    0.09%      33.000     37.000


THE MODEL ESTIMATION TERMINATED NORMALLY

     WARNING:  THE LATENT VARIABLE COVARIANCE MATRIX (PSI) IS NOT POSITIVE
     DEFINITE.  THIS COULD INDICATE A NEGATIVE VARIANCE/RESIDUAL VARIANCE FOR A
     LATENT VARIABLE, A CORRELATION GREATER OR EQUAL TO ONE BETWEEN TWO LATENT
     VARIABLES, OR A LINEAR DEPENDENCY AMONG MORE THAN TWO LATENT VARIABLES.
     CHECK THE TECH4 OUTPUT FOR MORE INFORMATION.



MODEL FIT INFORMATION

Number of Free Parameters                       50

Loglikelihood

          H0 Value                     -107502.893
          H0 Scaling Correction Factor      1.1803
            for MLR
          H1 Value                     -107379.674
          H1 Scaling Correction Factor      1.1005
            for MLR

Information Criteria

          Akaike (AIC)                  215105.785
          Bayesian (BIC)                215440.359
          Sample-Size Adjusted BIC      215281.474
            (n* = (n + 2) / 24)

Chi-Square Test of Model Fit

          Value                            246.268*
          Degrees of Freedom                    40
          P-Value                           0.0000
          Scaling Correction Factor         1.0007
            for MLR

*   The chi-square value for MLM, MLMV, MLR, ULSMV, WLSM and WLSMV cannot be used
    for chi-square difference testing in the regular way.  MLM, MLR and WLSM
    chi-square difference testing is described on the Mplus website.  MLMV, WLSMV,
    and ULSMV difference testing is done using the DIFFTEST option.

RMSEA (Root Mean Square Error Of Approximation)

          Estimate                           0.029

CFI/TLI

          CFI                                0.984
          TLI                                0.973

Chi-Square Test of Model Fit for the Baseline Model

          Value                          12782.831
          Degrees of Freedom                    66
          P-Value                           0.0000

SRMR (Standardized Root Mean Square Residual)

          Value                              0.072



MODEL RESULTS

                                                    Two-Tailed
                    Estimate       S.E.  Est./S.E.    P-Value

 IA       BY
    A_02               1.000      0.000    999.000    999.000
    A_03               1.000      0.000    999.000    999.000
    A_04               1.000      0.000    999.000    999.000
    A_05               1.000      0.000    999.000    999.000
    A_06               1.000      0.000    999.000    999.000

 SA       BY
    A_02               0.000      0.000    999.000    999.000
    A_03               2.000      0.000    999.000    999.000
    A_04               4.000      0.000    999.000    999.000
    A_05               6.000      0.000    999.000    999.000
    A_06               8.000      0.000    999.000    999.000

 IB       BY
    B_02               1.000      0.000    999.000    999.000
    B_03               1.000      0.000    999.000    999.000
    B_04               1.000      0.000    999.000    999.000
    B_05               1.000      0.000    999.000    999.000
    B_06               1.000      0.000    999.000    999.000

 SB       BY
    B_02               0.000      0.000    999.000    999.000
    B_03               2.000      0.000    999.000    999.000
    B_04               1.000      0.000    999.000    999.000
    B_05               6.000      0.000    999.000    999.000
    B_06               8.000      0.000    999.000    999.000

 A_02       ON
    A_01               0.014      0.023      0.621      0.535
    B_01               0.008      0.004      2.239      0.025

 A_03       ON
    A_02              -0.009      0.019     -0.465      0.642
    B_02               0.016      0.003      5.150      0.000

 A_04       ON
    A_03              -0.004      0.016     -0.240      0.811
    B_03               0.011      0.003      3.774      0.000

 A_05       ON
    A_04              -0.017      0.020     -0.878      0.380
    B_04               0.014      0.003      4.276      0.000

 A_06       ON
    A_05              -0.036      0.031     -1.144      0.253
    B_05               0.018      0.004      4.653      0.000

 B_02       ON
    B_01               0.459      0.059      7.754      0.000
    A_01               0.771      0.078      9.935      0.000

 B_03       ON
    B_02               0.684      0.061     11.279      0.000
    A_02               0.344      0.088      3.911      0.000

 B_04       ON
    B_03               0.618      0.065      9.487      0.000
    A_03               0.242      0.079      3.071      0.002

 B_05       ON
    B_04               0.996      0.090     11.069      0.000
    A_04               0.048      0.103      0.470      0.638

 B_06       ON
    B_05               1.140      0.119      9.568      0.000
    A_05               0.037      0.144      0.253      0.800

 IA       WITH
    SA                 0.015      0.013      1.145      0.252
    A_01               1.656      0.078     21.258      0.000
    IB                 0.059      0.082      0.724      0.469

 IB       WITH
    SB                -1.669      0.598     -2.789      0.005
    B_01               7.896      3.265      2.418      0.016

 SA       WITH
    A_01              -0.003      0.014     -0.243      0.808
    SB                 0.006      0.003      2.007      0.045

 SB       WITH
    B_01              -0.800      0.636     -1.258      0.208

 Means
    A_01               4.373      0.025    175.151      0.000
    B_01              30.429      0.239    127.050      0.000
    IA                 3.921      0.142     27.558      0.000
    SA                -0.125      0.025     -4.978      0.000
    IB                12.160      1.880      6.469      0.000
    SB                -2.138      0.437     -4.897      0.000

 Intercepts
    A_02               0.000      0.000    999.000    999.000
    A_03               0.000      0.000    999.000    999.000
    A_04               0.000      0.000    999.000    999.000
    A_05               0.000      0.000    999.000    999.000
    A_06               0.000      0.000    999.000    999.000
    B_02               0.000      0.000    999.000    999.000
    B_03               0.000      0.000    999.000    999.000
    B_04               0.000      0.000    999.000    999.000
    B_05               0.000      0.000    999.000    999.000
    B_06               0.000      0.000    999.000    999.000

 Variances
    A_01               3.404      0.068     50.149      0.000
    B_01              68.838      3.011     22.859      0.000
    IA                 1.628      0.124     13.180      0.000
    SA                 0.008      0.003      3.378      0.001
    IB                 6.568      3.583      1.833      0.067
    SB                -0.180      0.127     -1.417      0.156

 Residual Variances
    A_02               1.862      0.073     25.627      0.000
    A_03               1.842      0.053     34.659      0.000
    A_04               1.876      0.052     36.423      0.000
    A_05               1.790      0.070     25.444      0.000
    A_06               1.659      0.073     22.613      0.000
    B_02              39.052      2.741     14.249      0.000
    B_03              32.528      3.201     10.163      0.000
    B_04              30.520      2.352     12.974      0.000
    B_05              49.439      4.784     10.335      0.000
    B_06             116.817     24.236      4.820      0.000


QUALITY OF NUMERICAL RESULTS

     Condition Number for the Information Matrix              0.219E-06
       (ratio of smallest to largest eigenvalue)


MODEL MODIFICATION INDICES

NOTE:  Modification indices for direct effects of observed dependent variables
regressed on covariates may not be included.  To include these, request
MODINDICES (ALL).

Minimum M.I. value for printing the modification index     3.000

                                   M.I.     E.P.C.


ON/BY Statements

A_02     ON SA       /
SA       BY A_02                  11.925     2.414
A_03     ON IA       /
IA       BY A_03                   4.413     0.078
A_03     ON SA       /
SA       BY A_03                  23.193    -2.040
A_03     ON IB       /
IB       BY A_03                  13.551     0.048
A_04     ON SA       /
SA       BY A_04                   4.572     0.927
A_04     ON SB       /
SB       BY A_04                   5.941     0.113
A_06     ON SB       /
SB       BY A_06                   5.621    -0.139
B_02     ON IA       /
IA       BY B_02                  31.527     1.219
B_02     ON IB       /
IB       BY B_02                  52.632     1.361
B_02     ON SB       /
SB       BY B_02                  39.545    -4.597
B_03     ON IA       /
IA       BY B_03                   3.190     0.406
B_04     ON IB       /
IB       BY B_04                  37.654    -0.987
B_04     ON SB       /
SB       BY B_04                  23.524     2.342
B_05     ON IA       /
IA       BY B_05                   3.756     0.583
B_06     ON SA       /
SA       BY B_06                   3.471   -15.199
B_06     ON IB       /
IB       BY B_06                  11.704     1.555
B_06     ON SB       /
SB       BY B_06                  12.737   -10.054
A_01     ON IA       /
IA       BY A_01                  47.356    31.671
A_01     ON SA       /
SA       BY A_01                  10.936    16.582
A_01     ON SB       /
SB       BY A_01                  32.598    -0.512
B_01     ON IA       /
IA       BY B_01                  38.954     1.203
B_01     ON SA       /
SA       BY B_01                   9.468    13.511
B_01     ON IB       /
IB       BY B_01                  25.461    24.846
B_01     ON SB       /
SB       BY B_01                   6.341    19.139
IA       ON SA       /
SA       BY IA                     7.465   -15.679
IA       ON IB       /
IB       BY IA                    24.966     0.095
SA       ON IA       /
IA       BY SA                     3.035     0.988
SA       ON IB       /
IB       BY SA                    13.731     0.017
SA       ON SB       /
SB       BY SA                     8.964    -0.063
IB       ON IA       /
IA       BY IB                    47.251     1.102
IB       ON SA       /
SA       BY IB                     3.011     7.031
IB       ON SB       /
SB       BY IB                     3.364    10.012
SB       ON SA       /
SA       BY SB                     8.578    -5.554
SB       ON IB       /
IB       BY SB                    11.271    -2.001

ON Statements

IA       ON A_03                   7.149    -0.067
IA       ON A_04                  15.141     0.078
IA       ON B_02                  28.277     0.018
IA       ON B_03                  16.074     0.015
IA       ON B_04                  13.370     0.017
IA       ON B_05                  24.678     0.022
IA       ON B_06                  14.464     0.026
IA       ON B_01                  26.974     0.022
SA       ON A_02                  12.588     0.021
SA       ON A_03                   9.476    -0.009
SA       ON A_04                   3.237     0.006
SA       ON A_05                  10.768     0.025
SA       ON A_06                   5.059    -0.026
SA       ON B_02                  13.490     0.002
SA       ON B_03                  12.850     0.002
SA       ON B_04                   4.912     0.002
SA       ON B_05                   4.287     0.002
SA       ON B_06                   8.252     0.003
SA       ON A_01                 999.000     0.000
SA       ON B_01                   8.514     0.002
IB       ON A_02                  13.922     0.194
IB       ON A_05                   4.620     0.084
IB       ON A_06                  12.647     0.184
IB       ON B_02                  14.311     0.262
IB       ON B_03                  35.991     0.449
IB       ON B_04                  32.369     0.801
IB       ON B_05                  11.034     0.164
IB       ON A_01                  48.077     0.558
IB       ON B_01                 999.000     0.000
SB       ON B_02                   7.973     0.027
SB       ON B_03                   6.635     0.025
SB       ON A_01                   9.659     0.041
SB       ON B_01                 999.000     0.000
A_02     ON A_04                  12.547     0.120
A_02     ON A_05                  13.407    -0.063
A_02     ON A_06                  22.722     0.104
A_02     ON B_02                  10.511     0.017
A_02     ON B_05                   8.905     0.014
A_03     ON A_05                   9.461     0.047
A_03     ON A_06                  27.827    -0.082
A_03     ON B_06                   8.285     0.016
A_03     ON A_01                   6.742     0.058
A_03     ON B_01                  19.197     0.023
A_04     ON B_05                   3.148     0.009
A_04     ON A_01                  11.340    -0.048
A_05     ON A_02                   7.295    -0.038
A_05     ON A_03                  17.313     0.064
A_05     ON B_02                  11.566     0.014
A_05     ON B_03                   4.231     0.011
A_05     ON A_01                   3.297     0.026
A_06     ON A_02                  23.788     0.122
A_06     ON A_03                  42.813    -0.125
A_06     ON A_04                   3.292     0.050
A_06     ON B_03                   4.414     0.010
B_02     ON A_02                  26.407     0.458
B_02     ON A_04                   6.200     0.229
B_02     ON A_05                  24.405     0.415
B_02     ON A_06                  10.410     0.282
B_02     ON B_02                  52.681     1.362
B_02     ON B_03                   9.952     0.255
B_02     ON B_04                  10.940     0.240
B_02     ON B_05                  49.070     0.721
B_02     ON B_06                  32.606     0.521
B_03     ON A_06                   4.423     0.205
B_03     ON B_05                   3.923     0.077
B_03     ON A_01                  14.093     0.454
B_03     ON B_01                   4.190     0.122
B_04     ON B_02                   4.149    -0.121
B_04     ON B_04                  38.722    -1.377
B_04     ON B_05                  28.269    -0.587
B_04     ON B_06                   7.906    -0.151
B_04     ON A_01                  14.060     0.409
B_04     ON B_01                   5.882    -0.190
B_05     ON A_02                   4.289     0.223
B_05     ON B_02                   8.193     0.227
B_05     ON B_03                  12.002     0.255
B_06     ON A_02                   4.883    -0.303
B_06     ON A_04                   5.896    -0.317
B_06     ON B_02                   4.922     0.347
A_01     ON A_02                   7.395     0.162
A_01     ON A_04                  11.206    -0.061
A_01     ON A_05                   5.903     0.048
A_01     ON B_02                   7.131    -0.015
A_01     ON B_04                   6.061     0.011
A_01     ON B_06                  11.228     0.026
B_01     ON A_02                  38.818     0.846
B_01     ON A_03                  12.113     0.432
B_01     ON A_04                  28.559     0.600
B_01     ON A_05                  27.743     0.573
B_01     ON A_06                  16.665     0.461
B_01     ON B_02                  16.324    -0.291
B_01     ON B_04                  90.335     1.420
B_01     ON B_05                  40.306     0.501
B_01     ON B_06                   6.136     0.239
B_01     ON A_01                  18.382     0.507

WITH Statements

IB       WITH SA                   4.147     0.069
SB       WITH IA                   7.570    -0.097
A_02     WITH SA                  11.099     0.037
A_03     WITH IA                  10.774    -0.153
A_03     WITH SA                  11.558    -0.018
A_03     WITH IB                   4.666    -0.175
A_03     WITH A_02                 5.506    -0.158
A_04     WITH IA                  13.635     0.138
A_04     WITH SB                   5.575    -0.064
A_04     WITH A_02                 7.629     0.136
A_05     WITH SA                  10.046     0.045
A_05     WITH A_02                18.851    -0.153
A_05     WITH A_03                20.856     0.177
A_06     WITH SA                   6.949    -0.054
A_06     WITH A_02                34.260     0.311
A_06     WITH A_03                48.296    -0.269
A_06     WITH A_04                 7.911     0.192
B_02     WITH IA                  13.283     0.721
B_02     WITH SA                   9.408     0.098
B_02     WITH SB                   3.675     1.197
B_02     WITH A_02                13.115     0.767
B_02     WITH A_03                26.575    -1.384
B_02     WITH A_05                12.226     0.737
B_03     WITH IA                   4.202    -0.587
B_03     WITH A_02                 3.737    -0.811
B_03     WITH B_02                 9.799   -11.125
B_04     WITH SA                   4.083    -0.071
B_04     WITH SB                   6.360    -1.141
B_04     WITH B_03                 8.243     7.129
B_05     WITH SB                   4.337     4.614
B_05     WITH A_04                 3.524    -0.953
B_05     WITH B_02                 6.462     9.328
B_05     WITH B_03                 4.017     6.977
B_05     WITH B_04                11.064   -12.751
B_06     WITH IA                   8.646    -1.028
B_06     WITH A_02                 6.089    -0.742
B_06     WITH A_04                 7.894    -0.883
B_06     WITH A_06                 3.172     0.838
B_06     WITH B_03                 5.850   -19.040
B_06     WITH B_04                 3.209    -9.578
A_01     WITH IB                  48.125     1.896
A_01     WITH SB                  10.987     0.103
A_01     WITH A_02                 6.220     0.277
A_01     WITH A_04                11.817    -0.117
A_01     WITH A_05                 4.526     0.076
A_01     WITH B_02                36.249    -2.354
A_01     WITH B_03                15.826     1.137
A_01     WITH B_04                19.447     1.065
B_01     WITH IA                  24.171     1.438
B_01     WITH SA                   6.280     0.117
B_01     WITH A_02                 7.879     1.129
B_01     WITH A_04                 4.253     0.641
B_01     WITH A_05                 4.313     0.658
B_01     WITH B_02                56.338   -25.851
B_01     WITH B_03                 8.748     9.641
B_01     WITH B_04                26.204    15.960
B_01     WITH B_06                16.722   -27.319

Means/Intercepts/Thresholds

[ A_02     ]                      11.129    -0.545
[ A_03     ]                      19.169     0.488
[ B_02     ]                      56.042    11.023
[ B_04     ]                      34.361    -7.146
[ B_06     ]                      14.148    11.435


TECHNICAL 1 OUTPUT


     PARAMETER SPECIFICATION


           NU
              A_02          A_03          A_04          A_05          A_06
              ________      ________      ________      ________      ________
 1                  0             0             0             0             0


           NU
              B_02          B_03          B_04          B_05          B_06
              ________      ________      ________      ________      ________
 1                  0             0             0             0             0


           NU
              A_01          B_01
              ________      ________
 1                  0             0


           LAMBDA
              IA            SA            IB            SB            A_02
              ________      ________      ________      ________      ________
 A_02               0             0             0             0             0
 A_03               0             0             0             0             0
 A_04               0             0             0             0             0
 A_05               0             0             0             0             0
 A_06               0             0             0             0             0
 B_02               0             0             0             0             0
 B_03               0             0             0             0             0
 B_04               0             0             0             0             0
 B_05               0             0             0             0             0
 B_06               0             0             0             0             0
 A_01               0             0             0             0             0
 B_01               0             0             0             0             0


           LAMBDA
              A_03          A_04          A_05          A_06          B_02
              ________      ________      ________      ________      ________
 A_02               0             0             0             0             0
 A_03               0             0             0             0             0
 A_04               0             0             0             0             0
 A_05               0             0             0             0             0
 A_06               0             0             0             0             0
 B_02               0             0             0             0             0
 B_03               0             0             0             0             0
 B_04               0             0             0             0             0
 B_05               0             0             0             0             0
 B_06               0             0             0             0             0
 A_01               0             0             0             0             0
 B_01               0             0             0             0             0


           LAMBDA
              B_03          B_04          B_05          B_06          A_01
              ________      ________      ________      ________      ________
 A_02               0             0             0             0             0
 A_03               0             0             0             0             0
 A_04               0             0             0             0             0
 A_05               0             0             0             0             0
 A_06               0             0             0             0             0
 B_02               0             0             0             0             0
 B_03               0             0             0             0             0
 B_04               0             0             0             0             0
 B_05               0             0             0             0             0
 B_06               0             0             0             0             0
 A_01               0             0             0             0             0
 B_01               0             0             0             0             0


           LAMBDA
              B_01
              ________
 A_02               0
 A_03               0
 A_04               0
 A_05               0
 A_06               0
 B_02               0
 B_03               0
 B_04               0
 B_05               0
 B_06               0
 A_01               0
 B_01               0


           THETA
              A_02          A_03          A_04          A_05          A_06
              ________      ________      ________      ________      ________
 A_02               0
 A_03               0             0
 A_04               0             0             0
 A_05               0             0             0             0
 A_06               0             0             0             0             0
 B_02               0             0             0             0             0
 B_03               0             0             0             0             0
 B_04               0             0             0             0             0
 B_05               0             0             0             0             0
 B_06               0             0             0             0             0
 A_01               0             0             0             0             0
 B_01               0             0             0             0             0


           THETA
              B_02          B_03          B_04          B_05          B_06
              ________      ________      ________      ________      ________
 B_02               0
 B_03               0             0
 B_04               0             0             0
 B_05               0             0             0             0
 B_06               0             0             0             0             0
 A_01               0             0             0             0             0
 B_01               0             0             0             0             0


           THETA
              A_01          B_01
              ________      ________
 A_01               0
 B_01               0             0


           ALPHA
              IA            SA            IB            SB            A_02
              ________      ________      ________      ________      ________
 1                  1             2             3             4             0


           ALPHA
              A_03          A_04          A_05          A_06          B_02
              ________      ________      ________      ________      ________
 1                  0             0             0             0             0


           ALPHA
              B_03          B_04          B_05          B_06          A_01
              ________      ________      ________      ________      ________
 1                  0             0             0             0             5


           ALPHA
              B_01
              ________
 1                  6


           BETA
              IA            SA            IB            SB            A_02
              ________      ________      ________      ________      ________
 IA                 0             0             0             0             0
 SA                 0             0             0             0             0
 IB                 0             0             0             0             0
 SB                 0             0             0             0             0
 A_02               0             0             0             0             0
 A_03               0             0             0             0             9
 A_04               0             0             0             0             0
 A_05               0             0             0             0             0
 A_06               0             0             0             0             0
 B_02               0             0             0             0             0
 B_03               0             0             0             0            19
 B_04               0             0             0             0             0
 B_05               0             0             0             0             0
 B_06               0             0             0             0             0
 A_01               0             0             0             0             0
 B_01               0             0             0             0             0


           BETA
              A_03          A_04          A_05          A_06          B_02
              ________      ________      ________      ________      ________
 IA                 0             0             0             0             0
 SA                 0             0             0             0             0
 IB                 0             0             0             0             0
 SB                 0             0             0             0             0
 A_02               0             0             0             0             0
 A_03               0             0             0             0            10
 A_04              11             0             0             0             0
 A_05               0            13             0             0             0
 A_06               0             0            15             0             0
 B_02               0             0             0             0             0
 B_03               0             0             0             0            20
 B_04              21             0             0             0             0
 B_05               0            23             0             0             0
 B_06               0             0            25             0             0
 A_01               0             0             0             0             0
 B_01               0             0             0             0             0


           BETA
              B_03          B_04          B_05          B_06          A_01
              ________      ________      ________      ________      ________
 IA                 0             0             0             0             0
 SA                 0             0             0             0             0
 IB                 0             0             0             0             0
 SB                 0             0             0             0             0
 A_02               0             0             0             0             7
 A_03               0             0             0             0             0
 A_04              12             0             0             0             0
 A_05               0            14             0             0             0
 A_06               0             0            16             0             0
 B_02               0             0             0             0            17
 B_03               0             0             0             0             0
 B_04              22             0             0             0             0
 B_05               0            24             0             0             0
 B_06               0             0            26             0             0
 A_01               0             0             0             0             0
 B_01               0             0             0             0             0


           BETA
              B_01
              ________
 IA                 0
 SA                 0
 IB                 0
 SB                 0
 A_02               8
 A_03               0
 A_04               0
 A_05               0
 A_06               0
 B_02              18
 B_03               0
 B_04               0
 B_05               0
 B_06               0
 A_01               0
 B_01               0


           PSI
              IA            SA            IB            SB            A_02
              ________      ________      ________      ________      ________
 IA                27
 SA                28            29
 IB                30             0            31
 SB                 0            32            33            34
 A_02               0             0             0             0            35
 A_03               0             0             0             0             0
 A_04               0             0             0             0             0
 A_05               0             0             0             0             0
 A_06               0             0             0             0             0
 B_02               0             0             0             0             0
 B_03               0             0             0             0             0
 B_04               0             0             0             0             0
 B_05               0             0             0             0             0
 B_06               0             0             0             0             0
 A_01              45            46             0             0             0
 B_01               0             0            48            49             0


           PSI
              A_03          A_04          A_05          A_06          B_02
              ________      ________      ________      ________      ________
 A_03              36
 A_04               0            37
 A_05               0             0            38
 A_06               0             0             0            39
 B_02               0             0             0             0            40
 B_03               0             0             0             0             0
 B_04               0             0             0             0             0
 B_05               0             0             0             0             0
 B_06               0             0             0             0             0
 A_01               0             0             0             0             0
 B_01               0             0             0             0             0


           PSI
              B_03          B_04          B_05          B_06          A_01
              ________      ________      ________      ________      ________
 B_03              41
 B_04               0            42
 B_05               0             0            43
 B_06               0             0             0            44
 A_01               0             0             0             0            47
 B_01               0             0             0             0             0


           PSI
              B_01
              ________
 B_01              50


     STARTING VALUES


           NU
              A_02          A_03          A_04          A_05          A_06
              ________      ________      ________      ________      ________
 1              0.000         0.000         0.000         0.000         0.000


           NU
              B_02          B_03          B_04          B_05          B_06
              ________      ________      ________      ________      ________
 1              0.000         0.000         0.000         0.000         0.000


           NU
              A_01          B_01
              ________      ________
 1              0.000         0.000


           LAMBDA
              IA            SA            IB            SB            A_02
              ________      ________      ________      ________      ________
 A_02           0.000         0.000         0.000         0.000         1.000
 A_03           0.000         0.000         0.000         0.000         0.000
 A_04           0.000         0.000         0.000         0.000         0.000
 A_05           0.000         0.000         0.000         0.000         0.000
 A_06           0.000         0.000         0.000         0.000         0.000
 B_02           0.000         0.000         0.000         0.000         0.000
 B_03           0.000         0.000         0.000         0.000         0.000
 B_04           0.000         0.000         0.000         0.000         0.000
 B_05           0.000         0.000         0.000         0.000         0.000
 B_06           0.000         0.000         0.000         0.000         0.000
 A_01           0.000         0.000         0.000         0.000         0.000
 B_01           0.000         0.000         0.000         0.000         0.000


           LAMBDA
              A_03          A_04          A_05          A_06          B_02
              ________      ________      ________      ________      ________
 A_02           0.000         0.000         0.000         0.000         0.000
 A_03           1.000         0.000         0.000         0.000         0.000
 A_04           0.000         1.000         0.000         0.000         0.000
 A_05           0.000         0.000         1.000         0.000         0.000
 A_06           0.000         0.000         0.000         1.000         0.000
 B_02           0.000         0.000         0.000         0.000         1.000
 B_03           0.000         0.000         0.000         0.000         0.000
 B_04           0.000         0.000         0.000         0.000         0.000
 B_05           0.000         0.000         0.000         0.000         0.000
 B_06           0.000         0.000         0.000         0.000         0.000
 A_01           0.000         0.000         0.000         0.000         0.000
 B_01           0.000         0.000         0.000         0.000         0.000


           LAMBDA
              B_03          B_04          B_05          B_06          A_01
              ________      ________      ________      ________      ________
 A_02           0.000         0.000         0.000         0.000         0.000
 A_03           0.000         0.000         0.000         0.000         0.000
 A_04           0.000         0.000         0.000         0.000         0.000
 A_05           0.000         0.000         0.000         0.000         0.000
 A_06           0.000         0.000         0.000         0.000         0.000
 B_02           0.000         0.000         0.000         0.000         0.000
 B_03           1.000         0.000         0.000         0.000         0.000
 B_04           0.000         1.000         0.000         0.000         0.000
 B_05           0.000         0.000         1.000         0.000         0.000
 B_06           0.000         0.000         0.000         1.000         0.000
 A_01           0.000         0.000         0.000         0.000         1.000
 B_01           0.000         0.000         0.000         0.000         0.000


           LAMBDA
              B_01
              ________
 A_02           0.000
 A_03           0.000
 A_04           0.000
 A_05           0.000
 A_06           0.000
 B_02           0.000
 B_03           0.000
 B_04           0.000
 B_05           0.000
 B_06           0.000
 A_01           0.000
 B_01           1.000


           THETA
              A_02          A_03          A_04          A_05          A_06
              ________      ________      ________      ________      ________
 A_02           0.000
 A_03           0.000         0.000
 A_04           0.000         0.000         0.000
 A_05           0.000         0.000         0.000         0.000
 A_06           0.000         0.000         0.000         0.000         0.000
 B_02           0.000         0.000         0.000         0.000         0.000
 B_03           0.000         0.000         0.000         0.000         0.000
 B_04           0.000         0.000         0.000         0.000         0.000
 B_05           0.000         0.000         0.000         0.000         0.000
 B_06           0.000         0.000         0.000         0.000         0.000
 A_01           0.000         0.000         0.000         0.000         0.000
 B_01           0.000         0.000         0.000         0.000         0.000


           THETA
              B_02          B_03          B_04          B_05          B_06
              ________      ________      ________      ________      ________
 B_02           0.000
 B_03           0.000         0.000
 B_04           0.000         0.000         0.000
 B_05           0.000         0.000         0.000         0.000
 B_06           0.000         0.000         0.000         0.000         0.000
 A_01           0.000         0.000         0.000         0.000         0.000
 B_01           0.000         0.000         0.000         0.000         0.000


           THETA
              A_01          B_01
              ________      ________
 A_01           0.000
 B_01           0.000         0.000


           ALPHA
              IA            SA            IB            SB            A_02
              ________      ________      ________      ________      ________
 1              0.000         0.000         0.000         0.000         0.000


           ALPHA
              A_03          A_04          A_05          A_06          B_02
              ________      ________      ________      ________      ________
 1              0.000         0.000         0.000         0.000         0.000


           ALPHA
              B_03          B_04          B_05          B_06          A_01
              ________      ________      ________      ________      ________
 1              0.000         0.000         0.000         0.000         0.000


           ALPHA
              B_01
              ________
 1              0.000


           BETA
              IA            SA            IB            SB            A_02
              ________      ________      ________      ________      ________
 IA             0.000         0.000         0.000         0.000         0.000
 SA             0.000         0.000         0.000         0.000         0.000
 IB             0.000         0.000         0.000         0.000         0.000
 SB             0.000         0.000         0.000         0.000         0.000
 A_02           1.000         0.000         0.000         0.000         0.000
 A_03           1.000         2.000         0.000         0.000         0.000
 A_04           1.000         4.000         0.000         0.000         0.000
 A_05           1.000         6.000         0.000         0.000         0.000
 A_06           1.000         8.000         0.000         0.000         0.000
 B_02           0.000         0.000         1.000         0.000         0.000
 B_03           0.000         0.000         1.000         2.000         0.000
 B_04           0.000         0.000         1.000         1.000         0.000
 B_05           0.000         0.000         1.000         6.000         0.000
 B_06           0.000         0.000         1.000         8.000         0.000
 A_01           0.000         0.000         0.000         0.000         0.000
 B_01           0.000         0.000         0.000         0.000         0.000


           BETA
              A_03          A_04          A_05          A_06          B_02
              ________      ________      ________      ________      ________
 IA             0.000         0.000         0.000         0.000         0.000
 SA             0.000         0.000         0.000         0.000         0.000
 IB             0.000         0.000         0.000         0.000         0.000
 SB             0.000         0.000         0.000         0.000         0.000
 A_02           0.000         0.000         0.000         0.000         0.000
 A_03           0.000         0.000         0.000         0.000         0.000
 A_04           0.000         0.000         0.000         0.000         0.000
 A_05           0.000         0.000         0.000         0.000         0.000
 A_06           0.000         0.000         0.000         0.000         0.000
 B_02           0.000         0.000         0.000         0.000         0.000
 B_03           0.000         0.000         0.000         0.000         0.000
 B_04           0.000         0.000         0.000         0.000         0.000
 B_05           0.000         0.000         0.000         0.000         0.000
 B_06           0.000         0.000         0.000         0.000         0.000
 A_01           0.000         0.000         0.000         0.000         0.000
 B_01           0.000         0.000         0.000         0.000         0.000


           BETA
              B_03          B_04          B_05          B_06          A_01
              ________      ________      ________      ________      ________
 IA             0.000         0.000         0.000         0.000         0.000
 SA             0.000         0.000         0.000         0.000         0.000
 IB             0.000         0.000         0.000         0.000         0.000
 SB             0.000         0.000         0.000         0.000         0.000
 A_02           0.000         0.000         0.000         0.000         0.000
 A_03           0.000         0.000         0.000         0.000         0.000
 A_04           0.000         0.000         0.000         0.000         0.000
 A_05           0.000         0.000         0.000         0.000         0.000
 A_06           0.000         0.000         0.000         0.000         0.000
 B_02           0.000         0.000         0.000         0.000         0.000
 B_03           0.000         0.000         0.000         0.000         0.000
 B_04           0.000         0.000         0.000         0.000         0.000
 B_05           0.000         0.000         0.000         0.000         0.000
 B_06           0.000         0.000         0.000         0.000         0.000
 A_01           0.000         0.000         0.000         0.000         0.000
 B_01           0.000         0.000         0.000         0.000         0.000


           BETA
              B_01
              ________
 IA             0.000
 SA             0.000
 IB             0.000
 SB             0.000
 A_02           0.000
 A_03           0.000
 A_04           0.000
 A_05           0.000
 A_06           0.000
 B_02           0.000
 B_03           0.000
 B_04           0.000
 B_05           0.000
 B_06           0.000
 A_01           0.000
 B_01           0.000


           PSI
              IA            SA            IB            SB            A_02
              ________      ________      ________      ________      ________
 IA             0.050
 SA             0.000         0.050
 IB             0.000         0.000         0.050
 SB             0.000         0.000         0.000         0.050
 A_02           0.000         0.000         0.000         0.000         1.787
 A_03           0.000         0.000         0.000         0.000         0.000
 A_04           0.000         0.000         0.000         0.000         0.000
 A_05           0.000         0.000         0.000         0.000         0.000
 A_06           0.000         0.000         0.000         0.000         0.000
 B_02           0.000         0.000         0.000         0.000         0.000
 B_03           0.000         0.000         0.000         0.000         0.000
 B_04           0.000         0.000         0.000         0.000         0.000
 B_05           0.000         0.000         0.000         0.000         0.000
 B_06           0.000         0.000         0.000         0.000         0.000
 A_01           0.000         0.000         0.000         0.000         0.000
 B_01           0.000         0.000         0.000         0.000         0.000


           PSI
              A_03          A_04          A_05          A_06          B_02
              ________      ________      ________      ________      ________
 A_03           1.760
 A_04           0.000         1.896
 A_05           0.000         0.000         1.948
 A_06           0.000         0.000         0.000         1.930
 B_02           0.000         0.000         0.000         0.000        33.092
 B_03           0.000         0.000         0.000         0.000         0.000
 B_04           0.000         0.000         0.000         0.000         0.000
 B_05           0.000         0.000         0.000         0.000         0.000
 B_06           0.000         0.000         0.000         0.000         0.000
 A_01           0.000         0.000         0.000         0.000         0.000
 B_01           0.000         0.000         0.000         0.000         0.000


           PSI
              B_03          B_04          B_05          B_06          A_01
              ________      ________      ________      ________      ________
 B_03          36.932
 B_04           0.000        35.994
 B_05           0.000         0.000        38.520
 B_06           0.000         0.000         0.000        38.270
 A_01           0.000         0.000         0.000         0.000         1.695
 B_01           0.000         0.000         0.000         0.000         0.000


           PSI
              B_01
              ________
 B_01          35.037


     Beginning Time:  08:11:04
        Ending Time:  08:16:57
       Elapsed Time:  00:05:53



MUTHEN & MUTHEN
3463 Stoner Ave.
Los Angeles, CA  90066

Tel: (310) 391-9971
Fax: (310) 391-8971
Web: www.StatModel.com
Support: Support@StatModel.com

Copyright (c) 1998-2015 Muthen & Muthen
