Mplus VERSION 7.4 (Mac)
MUTHEN & MUTHEN
11/19/2017   8:29 PM

INPUT INSTRUCTIONS

  TITLE:
  9b - Predetermined ALT, fixed soc slope, no-time-correlations
  DATA:
  File = wide-dataset-b.dat;
  VARIABLE:
  NAMES are
   id hhid male birthyr_rand birthmo_rand race_rand hispanic_rand cohort
      raedyrs raedegrm memoryproblems_baseline memory_disease_ever age_baseline
      age_baseline_65 health_conditions_baseline healthcond_mean activity_mean_2004
      activity_mean_2006 activity_mean_2008 activity_mean_2010 activity_mean_2012
      activity_mean_2014 activity_sum_2004 activity_sum_2006 activity_sum_2008
      activity_sum_2010 activity_sum_2012 activity_sum_2014 close_social_network_2004
      close_social_network_2006 close_social_network_2008 close_social_network_2010
      close_social_network_2012 close_social_network_2014 countb20r_2004
      countb20r_2006 countb20r_2008 countb20r_2010 countb20r_2012 countb20r_2014
      crp_adj_2004 crp_adj_2006 crp_adj_2008 crp_adj_2010 crp_adj_2012 crp_adj_2014
      dep_total_2004 dep_total_2006 dep_total_2008 dep_total_2010 dep_total_2012
      dep_total_2014 exercise_2004 exercise_2006 exercise_2008 exercise_2010
      exercise_2012 exercise_2014 healthcond_2004 healthcond_2006 healthcond_2008
      healthcond_2010 healthcond_2012 healthcond_2014 hhres_2004 hhres_2006
      hhres_2008 hhres_2010 hhres_2012 hhres_2014 hrs_tscore_2004 hrs_tscore_2006
      hrs_tscore_2008 hrs_tscore_2010 hrs_tscore_2012 hrs_tscore_2014 intage_r_2004
      intage_r_2006 intage_r_2008 intage_r_2010 intage_r_2012 intage_r_2014
      interview_date_2004 interview_date_2006 interview_date_2008 interview_date_2010
      interview_date_2012 interview_date_2014 lb_65_wave_2004 lb_65_wave_2006
      lb_65_wave_2008 lb_65_wave_2010 lb_65_wave_2012 lb_65_wave_2014 lb_wave_2004
      lb_wave_2006 lb_wave_2008 lb_wave_2010 lb_wave_2012 lb_wave_2014 listassi_2004
      listassi_2006 listassi_2008 listassi_2010 listassi_2012 listassi_2014
      mentalstatus_tot_2004 mentalstatus_tot_2006 mentalstatus_tot_2008
      mentalstatus_tot_2010 mentalstatus_tot_2012 mentalstatus_tot_2014 proxy_2004
      proxy_2006 proxy_2008 proxy_2010 proxy_2012 proxy_2014 responded_2004
      responded_2006 responded_2008 responded_2010 responded_2012 responded_2014
      rmaritalst_2004 rmaritalst_2006 rmaritalst_2008 rmaritalst_2010 rmaritalst_2012
      rmaritalst_2014 rpartst_2004 rpartst_2006 rpartst_2008 rpartst_2010
      rpartst_2012 rpartst_2014 score_loneliness_11_2004 score_loneliness_11_2006
      score_loneliness_11_2008 score_loneliness_11_2010 score_loneliness_11_2012
      score_loneliness_11_2014 score_loneliness_3_2004 score_loneliness_3_2006
      score_loneliness_3_2008 score_loneliness_3_2010 score_loneliness_3_2012
      score_loneliness_3_2014 shhidpnr_2004 shhidpnr_2006 shhidpnr_2008 shhidpnr_2010
      shhidpnr_2012 shhidpnr_2014 snchild_2004 snchild_2006 snchild_2008 snchild_2010
      snchild_2012 snchild_2014 snfamily_2004 snfamily_2006 snfamily_2008
      snfamily_2010 snfamily_2012 snfamily_2014 snfriends_2004 snfriends_2006
      snfriends_2008 snfriends_2010 snfriends_2012 snfriends_2014 snspouse_2004
      snspouse_2006 snspouse_2008 snspouse_2010 snspouse_2012 snspouse_2014
      social_contact_total_2004 social_contact_total_2006 social_contact_total_2008
      social_contact_total_2010 social_contact_total_2012 social_contact_total_2014
      social_strain_mean_2004 social_strain_mean_2006 social_strain_mean_2008
      social_strain_mean_2010 social_strain_mean_2012 social_strain_mean_2014
      social_support_mean_2004 social_support_mean_2006 social_support_mean_2008
      social_support_mean_2010 social_support_mean_2012 social_support_mean_2014
      socialnetwork_total_2004 socialnetwork_total_2006 socialnetwork_total_2008
      socialnetwork_total_2010 socialnetwork_total_2012 socialnetwork_total_2014
      srmemory_2004 srmemory_2006 srmemory_2008 srmemory_2010 srmemory_2012
      srmemory_2014 srmemoryp_2004 srmemoryp_2006 srmemoryp_2008 srmemoryp_2010
      srmemoryp_2012 srmemoryp_2014 vocab_total_2004 vocab_total_2006 vocab_total_2008
      vocab_total_2010 vocab_total_2012 vocab_total_2014 wrectotd_2004 wrectotd_2006
      wrectotd_2008 wrectotd_2010 wrectotd_2012 wrectotd_2014 wrectoti_2004
      wrectoti_2006 wrectoti_2008 wrectoti_2010 wrectoti_2012 wrectoti_2014
  	;
  Missing are all(9999);
  USEVARIABLES are
  	!define the variables used in the analysis
  	!estimated time points
  a_01
  a_02
  a_03
  a_04
  a_05
  a_06
  	!modelled time points of process (B)
  b_01
  b_02
  b_03
  b_04
  b_05
  b_06
  	! covariates used in the model
  	;
  SUBPOPULATION are
  	!select a subset of observations
  age_baseline > 64 AND
  memory_disease_ever EQ 0
  ;
  CLUSTER = hhid;
  DEFINE:
    ! centre baseline age
  a = age_baseline - 69;
  	! assign variables to the process (A)
  a_01=wrectotd_2004;
  a_02=wrectotd_2006;
  a_03=wrectotd_2008;
  a_04=wrectotd_2010;
  a_05=wrectotd_2012;
  a_06=wrectotd_2014;
  	! assign variables to the process (B)
  b_01=social_contact_total_2004;
  b_02=social_contact_total_2006;
  b_03=social_contact_total_2008;
  b_04=social_contact_total_2010;
  b_05=social_contact_total_2012;
  b_06=social_contact_total_2014;
  ANALYSIS:
  TYPE = COMPLEX RANDOM;
  model=nocovariances;
  COVERAGE=.00;
  H1ITERATIONS = 10000;
  MODEL:
  	!LGM part
  	! assign process (A) to time points
  ia BY a_02@1 a_03@1 a_04@1 a_05@1 a_06@1;
  sa BY a_02@0 a_03@2 a_04@4 a_05@6 a_06@8;
  	! assign process (B) to time points
  ib BY b_02@1 b_03@1 b_04@1 b_05@1 b_06@1;
  sb BY b_02@0 b_03@2 b_04@4 b_05@6 b_06@8;
  	!correlations between the first measurement points
  	!autoregressive part
  a_01 a_02 a_03 a_04 a_05 a_06;
  a_02 ON a_01;
  a_03 ON a_02;
  a_04 ON a_03;
  a_05 ON a_04;
  a_06 ON a_05;
  b_01 b_02 b_03 b_04 b_05 b_06;
  b_02 ON b_01;
  b_03 ON b_02;
  b_04 ON b_03;
  b_05 ON b_04;
  b_06 ON b_05;
  	!Cross lagged part
  a_02 ON b_01;
  a_03 ON b_02;
  a_04 ON b_03;
  a_05 ON b_04;
  a_06 ON b_05;
  b_02 ON a_01;
  b_03 ON a_02;
  b_04 ON a_03;
  b_05 ON a_04;
  b_06 ON a_05;
  ia;
  sa;
  ib;
  sb@0;
  ia with sa;
  ib with sb;
  ia with a_01;
  sa with a_01;
  ib with b_01;
  sb with b_01;
  ia with ib;
  sa with sb;
  a_01 with a_02;
  ! Time specific correlations
  [a_02@0 a_03@0 a_04@0 a_05@0 a_06@0];
  [b_02@0 b_03@0 b_04@0 b_05@0 b_06@0];
  [ia];
  [ib];
  [sa];
  [sb];
  [a_01];
  [b_01];
  	
  OUTPUT: SAMPSTAT MODINDICES (3.0); TECH1; TECH4;



*** WARNING in OUTPUT command
  TECH4 option for TYPE=RANDOM requires ALGORITHM=INTEGRATION.
  Request for TECH4 is ignored.
   1 WARNING(S) FOUND IN THE INPUT INSTRUCTIONS




9b - Predetermined ALT, fixed soc slope, no-time-correlations

SUMMARY OF ANALYSIS

Number of groups                                                 1
Number of observations                                        5952

Number of dependent variables                                   10
Number of independent variables                                  2
Number of continuous latent variables                            4

Observed dependent variables

  Continuous
   A_02        A_03        A_04        A_05        A_06        B_02
   B_03        B_04        B_05        B_06

Observed independent variables
   A_01        B_01

Continuous latent variables
   IA          SA          IB          SB

Variables with special functions

  Cluster variable      HHID

Estimator                                                      MLR
Information matrix                                        OBSERVED
Maximum number of iterations                                   100
Convergence criterion                                    0.100D-05
Maximum number of EM iterations                                500
Convergence criteria for the EM algorithm
  Loglikelihood change                                   0.100D-02
  Relative loglikelihood change                          0.100D-05
  Derivative                                             0.100D-03
Minimum variance                                         0.100D-03
Maximum number of steepest descent iterations                   20
Maximum number of iterations for H1                          10000
Convergence criterion for H1                             0.100D-03
Optimization algorithm                                         EMA

Input data file(s)
  wide-dataset-b.dat
Input data format  FREE


SUMMARY OF DATA

     Number of missing data patterns           273
     Number of clusters        4882



SAMPLE STATISTICS


     ESTIMATED SAMPLE STATISTICS


           Means
              A_02          A_03          A_04          A_05          A_06
              ________      ________      ________      ________      ________
 1              4.215         4.110         3.722         3.504         3.311


           Means
              B_02          B_03          B_04          B_05          B_06
              ________      ________      ________      ________      ________
 1             29.564        29.527        29.202        28.553        27.871


           Means
              A_01          B_01
              ________      ________
 1              4.374        30.283


           Covariances
              A_02          A_03          A_04          A_05          A_06
              ________      ________      ________      ________      ________
 A_02           3.590
 A_03           1.658         3.524
 A_04           1.802         1.793         3.812
 A_05           1.724         1.937         1.995         3.970
 A_06           1.874         1.712         2.109         2.185         3.997
 B_02           2.735         2.266         2.299         2.909         2.443
 B_03           2.832         2.283         2.818         2.953         3.028
 B_04           2.761         2.755         2.807         2.965         2.946
 B_05           3.488         2.907         3.308         3.518         3.920
 B_06           2.754         3.320         2.720         3.740         3.802
 A_01           1.739         1.664         1.601         1.712         1.607
 B_01           2.426         2.665         2.815         2.236         1.931


           Covariances
              B_02          B_03          B_04          B_05          B_06
              ________      ________      ________      ________      ________
 B_02          66.437
 B_03          36.878        74.243
 B_04          41.366        39.994        72.274
 B_05          30.070        45.770        36.190        78.877
 B_06          38.068        46.140        46.157        36.920        77.776
 A_01           2.406         2.871         2.546         2.676         2.716
 B_01          33.952        38.330        33.763        38.779        36.758


           Covariances
              A_01          B_01
              ________      ________
 A_01           3.403
 B_01           2.401        70.735


           Correlations
              A_02          A_03          A_04          A_05          A_06
              ________      ________      ________      ________      ________
 A_02           1.000
 A_03           0.466         1.000
 A_04           0.487         0.489         1.000
 A_05           0.457         0.518         0.513         1.000
 A_06           0.495         0.456         0.540         0.549         1.000
 B_02           0.177         0.148         0.144         0.179         0.150
 B_03           0.173         0.141         0.167         0.172         0.176
 B_04           0.171         0.173         0.169         0.175         0.173
 B_05           0.207         0.174         0.191         0.199         0.221
 B_06           0.165         0.201         0.158         0.213         0.216
 A_01           0.497         0.481         0.444         0.466         0.436
 B_01           0.152         0.169         0.171         0.133         0.115


           Correlations
              B_02          B_03          B_04          B_05          B_06
              ________      ________      ________      ________      ________
 B_02           1.000
 B_03           0.525         1.000
 B_04           0.597         0.546         1.000
 B_05           0.415         0.598         0.479         1.000
 B_06           0.530         0.607         0.616         0.471         1.000
 A_01           0.160         0.181         0.162         0.163         0.167
 B_01           0.495         0.529         0.472         0.519         0.496


           Correlations
              A_01          B_01
              ________      ________
 A_01           1.000
 B_01           0.155         1.000


     MAXIMUM LOG-LIKELIHOOD VALUE FOR THE UNRESTRICTED (H1) MODEL IS -107379.674


UNIVARIATE SAMPLE STATISTICS


     UNIVARIATE HIGHER-ORDER MOMENT DESCRIPTIVE STATISTICS

         Variable/         Mean/     Skewness/   Minimum/ % with                Percentiles
        Sample Size      Variance    Kurtosis    Maximum  Min/Max      20%/60%    40%/80%    Median

     A_02                  4.227      -0.154       0.000    4.88%       3.000      4.000      4.000
            5671.000       3.575       0.108      10.000    0.37%       5.000      6.000
     A_03                  4.123      -0.205       0.000    5.40%       3.000      4.000      4.000
            5775.000       3.519      -0.027      10.000    0.14%       5.000      6.000
     A_04                  3.750      -0.101       0.000    8.11%       2.000      3.000      4.000
            5669.000       3.793      -0.258      10.000    0.11%       4.000      5.000
     A_05                  3.607      -0.083       0.000    9.78%       2.000      3.000      4.000
            5132.000       3.896      -0.361      10.000    0.12%       4.000      5.000
     A_06                  3.492      -0.040       0.000   10.50%       2.000      3.000      4.000
            4429.000       3.860      -0.393      10.000    0.07%       4.000      5.000
     B_02                 29.599      -0.258       3.000    0.07%      23.000     28.000     30.000
            2788.000      66.183       0.159      54.000    0.18%      32.000     36.000
     B_03                 29.608      -0.254       2.000    0.04%      23.000     28.000     30.000
            2739.000      73.864       0.073      54.000    0.18%      32.000     37.000
     B_04                 29.406      -0.205       4.000    0.19%      22.000     28.000     30.000
            2647.000      71.988      -0.061      54.000    0.04%      32.000     36.000
     B_05                 28.986      -0.189       3.000    0.04%      22.000     27.000     29.000
            2240.000      77.040      -0.099      54.000    0.13%      32.000     36.000
     B_06                 28.653      -0.229       3.000    0.05%      22.000     27.000     29.000
            2036.000      76.540      -0.202      54.000    0.05%      31.000     36.000
     A_01                  4.400      -0.160       0.000    3.69%       3.000      4.000      4.000
            5478.000       3.390       0.175      10.000    0.31%       5.000      6.000
     B_01                 30.562      -0.258       3.000    0.09%      24.000     29.000     31.000
            1057.000      70.074       0.149      53.000    0.09%      33.000     37.000


THE MODEL ESTIMATION TERMINATED NORMALLY

     WARNING:  THE LATENT VARIABLE COVARIANCE MATRIX (PSI) IS NOT POSITIVE
     DEFINITE.  THIS COULD INDICATE A NEGATIVE VARIANCE/RESIDUAL VARIANCE FOR A
     LATENT VARIABLE, A CORRELATION GREATER OR EQUAL TO ONE BETWEEN TWO LATENT
     VARIABLES, OR A LINEAR DEPENDENCY AMONG MORE THAN TWO LATENT VARIABLES.
     CHECK THE TECH4 OUTPUT FOR MORE INFORMATION.



MODEL FIT INFORMATION

Number of Free Parameters                       50

Loglikelihood

          H0 Value                     -107541.698
          H0 Scaling Correction Factor      1.2074
            for MLR
          H1 Value                     -107379.674
          H1 Scaling Correction Factor      1.1005
            for MLR

Information Criteria

          Akaike (AIC)                  215183.396
          Bayesian (BIC)                215517.971
          Sample-Size Adjusted BIC      215359.085
            (n* = (n + 2) / 24)

Chi-Square Test of Model Fit

          Value                            335.181*
          Degrees of Freedom                    40
          P-Value                           0.0000
          Scaling Correction Factor         0.9668
            for MLR

*   The chi-square value for MLM, MLMV, MLR, ULSMV, WLSM and WLSMV cannot be used
    for chi-square difference testing in the regular way.  MLM, MLR and WLSM
    chi-square difference testing is described on the Mplus website.  MLMV, WLSMV,
    and ULSMV difference testing is done using the DIFFTEST option.

RMSEA (Root Mean Square Error Of Approximation)

          Estimate                           0.035

CFI/TLI

          CFI                                0.977
          TLI                                0.962

Chi-Square Test of Model Fit for the Baseline Model

          Value                          12782.831
          Degrees of Freedom                    66
          P-Value                           0.0000

SRMR (Standardized Root Mean Square Residual)

          Value                              0.089



MODEL RESULTS

                                                    Two-Tailed
                    Estimate       S.E.  Est./S.E.    P-Value

 IA       BY
    A_02               1.000      0.000    999.000    999.000
    A_03               1.000      0.000    999.000    999.000
    A_04               1.000      0.000    999.000    999.000
    A_05               1.000      0.000    999.000    999.000
    A_06               1.000      0.000    999.000    999.000

 SA       BY
    A_02               0.000      0.000    999.000    999.000
    A_03               2.000      0.000    999.000    999.000
    A_04               4.000      0.000    999.000    999.000
    A_05               6.000      0.000    999.000    999.000
    A_06               8.000      0.000    999.000    999.000

 IB       BY
    B_02               1.000      0.000    999.000    999.000
    B_03               1.000      0.000    999.000    999.000
    B_04               1.000      0.000    999.000    999.000
    B_05               1.000      0.000    999.000    999.000
    B_06               1.000      0.000    999.000    999.000

 SB       BY
    B_02               0.000      0.000    999.000    999.000
    B_03               2.000      0.000    999.000    999.000
    B_04               4.000      0.000    999.000    999.000
    B_05               6.000      0.000    999.000    999.000
    B_06               8.000      0.000    999.000    999.000

 A_02       ON
    A_01              -0.106      0.048     -2.180      0.029
    B_01               0.007      0.004      1.839      0.066

 A_03       ON
    A_02              -0.055      0.025     -2.243      0.025
    B_02               0.008      0.004      1.973      0.048

 A_04       ON
    A_03              -0.031      0.018     -1.730      0.084
    B_03               0.003      0.003      0.834      0.404

 A_05       ON
    A_04              -0.013      0.020     -0.620      0.535
    B_04               0.004      0.004      1.112      0.266

 A_06       ON
    A_05              -0.004      0.034     -0.107      0.915
    B_05               0.008      0.005      1.723      0.085

 B_02       ON
    B_01              -0.063      0.124     -0.508      0.612
    A_01               0.280      0.093      3.017      0.003

 B_03       ON
    B_02              -0.173      0.093     -1.865      0.062
    A_02               0.178      0.092      1.933      0.053

 B_04       ON
    B_03              -0.324      0.066     -4.950      0.000
    A_03               0.273      0.074      3.669      0.000

 B_05       ON
    B_04              -0.468      0.082     -5.724      0.000
    A_04               0.260      0.084      3.082      0.002

 B_06       ON
    B_05              -0.649      0.134     -4.855      0.000
    A_05               0.415      0.102      4.085      0.000

 IA       WITH
    SA                -0.023      0.021     -1.062      0.288
    A_01               1.761      0.089     19.724      0.000
    IB                 1.018      0.230      4.431      0.000

 IB       WITH
    SB                 2.797      0.706      3.960      0.000
    B_01              37.279      7.922      4.706      0.000

 SA       WITH
    A_01              -0.025      0.016     -1.579      0.114
    SB                 0.022      0.008      2.583      0.010

 SB       WITH
    B_01               2.646      1.464      1.808      0.071

 A_01     WITH
    A_02               0.283      0.108      2.619      0.009

 Means
    A_01               4.375      0.025    175.112      0.000
    B_01              30.410      0.235    129.301      0.000
    IA                 4.454      0.210     21.221      0.000
    SA                -0.170      0.037     -4.634      0.000
    IB                30.233      4.013      7.534      0.000
    SB                 1.851      0.875      2.117      0.034

 Intercepts
    A_02               0.000      0.000    999.000    999.000
    A_03               0.000      0.000    999.000    999.000
    A_04               0.000      0.000    999.000    999.000
    A_05               0.000      0.000    999.000    999.000
    A_06               0.000      0.000    999.000    999.000
    B_02               0.000      0.000    999.000    999.000
    B_03               0.000      0.000    999.000    999.000
    B_04               0.000      0.000    999.000    999.000
    B_05               0.000      0.000    999.000    999.000
    B_06               0.000      0.000    999.000    999.000

 Variances
    A_01               3.398      0.068     50.200      0.000
    B_01              70.986      3.113     22.804      0.000
    IA                 2.036      0.205      9.931      0.000
    SA                 0.009      0.002      3.695      0.000
    IB                43.516      9.165      4.748      0.000
    SB                 0.000      0.000    999.000    999.000

 Residual Variances
    A_02               1.869      0.075     24.864      0.000
    A_03               1.746      0.063     27.752      0.000
    A_04               1.862      0.052     35.927      0.000
    A_05               1.838      0.071     25.890      0.000
    A_06               1.707      0.079     21.516      0.000
    B_02              26.697      5.107      5.227      0.000
    B_03              32.346      2.683     12.054      0.000
    B_04              31.085      3.131      9.927      0.000
    B_05              32.883      2.095     15.695      0.000
    B_06              28.140      3.885      7.244      0.000


QUALITY OF NUMERICAL RESULTS

     Condition Number for the Information Matrix              0.430E-05
       (ratio of smallest to largest eigenvalue)


MODEL MODIFICATION INDICES

NOTE:  Modification indices for direct effects of observed dependent variables
regressed on covariates may not be included.  To include these, request
MODINDICES (ALL).

Minimum M.I. value for printing the modification index     3.000

                                   M.I.     E.P.C.


ON/BY Statements

A_02     ON IA       /
IA       BY A_02                   5.979     0.380
A_02     ON SA       /
SA       BY A_02                  19.743     3.250
A_03     ON SA       /
SA       BY A_03                  22.702    -2.200
A_03     ON IB       /
IB       BY A_03                   8.101     0.024
A_04     ON SA       /
SA       BY A_04                   9.296     1.423
A_05     ON SB       /
SB       BY A_05                   6.991     0.255
B_02     ON IB       /
IB       BY B_02                   4.334    -0.286
B_03     ON IA       /
IA       BY B_03                  16.665     0.767
B_03     ON IB       /
IB       BY B_03                   8.338    -0.673
B_04     ON IA       /
IA       BY B_04                   8.609     0.479
B_05     ON IA       /
IA       BY B_05                   5.593     0.376
B_05     ON IB       /
IB       BY B_05                   9.373     0.576
B_06     ON IA       /
IA       BY B_06                  21.868     0.859
A_01     ON IA       /
IA       BY A_01                 133.250     2.907
A_01     ON SA       /
SA       BY A_01                  29.356     9.448
A_01     ON IB       /
IB       BY A_01                 111.426     0.047
A_01     ON SB       /
SB       BY A_01                 108.348     0.863
B_01     ON IA       /
IA       BY B_01                  20.647     0.787
B_01     ON IB       /
IB       BY B_01                  16.347     1.192
B_01     ON SB       /
SB       BY B_01                   3.361     3.867
IA       ON SA       /
SA       BY IA                     8.471     5.143
IA       ON IB       /
IB       BY IA                    27.453     0.039
IA       ON SB       /
SB       BY IA                    16.210     0.457
SA       ON IB       /
IB       BY SA                     7.517     0.003
SA       ON SB       /
SB       BY SA                     7.926     0.042
IB       ON IA       /
IA       BY IB                   134.138     1.708
IB       ON SA       /
SA       BY IB                    15.009   -17.378
SB       ON IA       /
IA       BY SB                    92.545     0.227
SB       ON SA       /
SA       BY SB                    86.827   -18.081
SB       ON IB       /
IB       BY SB                    13.276     0.093

ON Statements

IA       ON A_02                   7.758     0.119
IA       ON A_03                  16.433    -0.111
IA       ON A_04                  14.019     0.073
IA       ON A_05                   3.168    -0.036
IA       ON B_02                  19.313     0.031
IA       ON B_03                   3.154     0.009
IA       ON B_04                   3.647     0.009
IA       ON B_05                  25.589     0.022
IA       ON A_01                   5.915     0.687
IA       ON B_01                  23.531     0.020
SA       ON A_02                  31.870     0.038
SA       ON A_03                  34.301    -0.021
SA       ON A_04                  19.044     0.018
SA       ON A_05                   4.214     0.017
SA       ON B_02                   4.659     0.002
SA       ON B_03                   5.789     0.001
SA       ON B_05                   4.567     0.002
SA       ON A_01                  27.234     0.229
SA       ON B_01                   8.027     0.002
IB       ON A_02                  84.039     0.954
IB       ON A_03                  20.282     0.480
IB       ON A_04                  33.660     0.497
IB       ON A_05                  73.284     0.730
IB       ON A_06                  46.563     0.678
IB       ON B_02                  21.183     0.643
IB       ON A_01                 139.976     0.908
SB       ON A_02                  53.824     0.107
SB       ON A_03                  41.381     0.091
SB       ON A_04                  23.147     0.069
SB       ON A_05                  27.352     0.100
SB       ON A_06                  79.364     0.181
SB       ON B_02                  14.479     0.073
SB       ON B_03                   5.781     0.025
SB       ON B_04                   7.062     0.029
SB       ON B_06                   5.979     0.026
SB       ON A_01                  86.142     0.134
SB       ON B_01                   9.476     0.153
A_02     ON A_02                   6.025     0.381
A_02     ON A_04                   7.261     0.096
A_02     ON A_05                  10.219    -0.056
A_02     ON A_06                  57.713     0.188
A_02     ON B_03                   3.758    -0.014
A_02     ON B_05                   8.080     0.012
A_03     ON A_05                   3.078     0.033
A_03     ON A_06                  50.314    -0.121
A_03     ON B_06                   7.029     0.011
A_03     ON A_01                   3.985     0.044
A_03     ON B_01                  16.391     0.021
A_04     ON A_06                  12.272     0.101
A_04     ON B_02                   3.246    -0.009
A_04     ON B_05                   6.620    -0.015
A_04     ON A_01                   8.698    -0.040
A_05     ON A_02                   7.906    -0.040
A_05     ON A_03                  10.703     0.055
A_05     ON B_02                  11.047     0.015
A_05     ON B_05                   7.275     0.010
A_05     ON B_06                   7.446    -0.017
A_05     ON A_01                   3.548     0.026
A_06     ON A_02                  54.404     0.210
A_06     ON A_03                  42.473    -0.123
A_06     ON A_04                  23.710     0.165
A_06     ON B_06                   3.360     0.007
B_02     ON A_03                   5.213    -0.232
B_02     ON A_05                   9.962     0.290
B_02     ON B_02                   4.223    -0.282
B_02     ON B_03                   3.880    -0.231
B_02     ON B_06                   4.001    -0.099
B_03     ON A_04                   6.896     0.255
B_03     ON A_05                   7.458     0.241
B_03     ON A_06                   4.557     0.193
B_03     ON B_03                   4.641    -0.413
B_03     ON A_01                  30.542     0.487
B_04     ON A_04                   5.458     0.180
B_04     ON B_02                  12.244     0.461
B_04     ON A_01                  15.033     0.307
B_05     ON A_02                  13.536     0.297
B_05     ON A_05                  10.999     0.306
B_05     ON B_02                  13.445     0.342
B_05     ON B_03                   3.018     0.106
B_05     ON B_05                   6.242     0.398
B_05     ON B_06                  13.846     0.630
B_06     ON A_02                   3.814     0.183
B_06     ON A_03                  21.688     0.435
B_06     ON A_04                   4.896     0.242
B_06     ON A_06                  17.767     0.459
B_06     ON B_03                   5.630     0.541
B_06     ON B_04                   4.851     0.165
B_06     ON A_01                   9.352     0.286
A_01     ON A_02                 135.534     2.216
A_01     ON A_03                  12.923     0.105
A_01     ON A_04                   3.826    -0.034
A_01     ON A_05                  19.794     0.082
A_01     ON B_02                 118.168     0.053
A_01     ON B_03                 107.824     0.035
A_01     ON B_04                  70.939     0.029
A_01     ON B_05                  41.155     0.023
A_01     ON B_06                  64.499     0.026
A_01     ON B_01                  65.116     0.032
B_01     ON A_02                   8.157     0.398
B_01     ON A_03                  19.934     0.509
B_01     ON A_04                  23.201     0.545
B_01     ON A_05                   7.363     0.310
B_01     ON A_06                   8.947     0.349
B_01     ON B_02                  22.353     0.769
B_01     ON A_01                   6.288     0.289

WITH Statements

SB       WITH IA                   8.429     0.111
A_02     WITH IA                   6.029     0.196
A_02     WITH SA                  27.325     0.065
A_02     WITH SB                   6.674     0.103
A_03     WITH IA                  18.171    -0.208
A_03     WITH SA                  37.293    -0.039
A_03     WITH IB                  20.288    -1.182
A_04     WITH IA                  12.659     0.132
A_04     WITH SA                  17.409     0.034
A_05     WITH IA                   3.934    -0.074
A_05     WITH SA                   3.515     0.029
A_05     WITH IB                   9.150     0.604
A_05     WITH SB                   5.589    -0.101
A_05     WITH A_02                19.691    -0.154
A_05     WITH A_03                13.350     0.154
A_06     WITH SA                   5.829    -0.051
A_06     WITH SB                   4.783     0.120
A_06     WITH A_02                57.505     0.416
A_06     WITH A_03                54.773    -0.284
A_06     WITH A_04                32.050     0.465
B_02     WITH SB                   4.723    -1.041
B_02     WITH A_03                 8.253    -0.699
B_02     WITH A_05                16.517     0.858
B_02     WITH A_06                 3.292    -0.473
B_03     WITH IA                   5.780    -0.562
B_03     WITH A_02                18.995    -1.594
B_04     WITH A_03                 8.271    -0.886
B_04     WITH A_05                 3.788    -0.459
B_04     WITH B_02                 3.021    11.172
B_05     WITH IA                   5.758     0.477
B_05     WITH A_02                11.636     0.664
B_05     WITH A_04                 6.448    -0.854
B_05     WITH A_05                 7.356     0.613
B_05     WITH A_06                 3.057    -0.452
B_05     WITH B_02                10.032    13.440
B_06     WITH IA                   3.113     0.418
B_06     WITH IB                   3.836    -4.626
B_06     WITH SB                   3.317     1.776
B_06     WITH A_03                10.749     0.720
B_06     WITH A_05                25.794    -1.968
B_06     WITH A_06                 5.747     0.659
B_06     WITH B_02                 9.184    -7.548
A_01     WITH IB                 133.225     2.960
A_01     WITH SB                  29.342     0.204
A_01     WITH A_04                 9.767    -0.104
A_01     WITH A_05                 9.453     0.106
A_01     WITH B_03                27.790     1.093
A_01     WITH B_04                11.946     0.669
B_01     WITH IA                  16.255     1.211
B_01     WITH SA                   3.333     0.083
B_01     WITH A_03                 5.860     0.746
B_01     WITH A_04                 8.754     0.941
B_01     WITH B_02                 4.134    11.898

Variances/Residual Variances

SB                                 9.823     0.822

Means/Intercepts/Thresholds

[ A_02     ]                       4.599    -0.461
[ A_03     ]                      11.877     0.478


TECHNICAL 1 OUTPUT


     PARAMETER SPECIFICATION


           NU
              A_02          A_03          A_04          A_05          A_06
              ________      ________      ________      ________      ________
 1                  0             0             0             0             0


           NU
              B_02          B_03          B_04          B_05          B_06
              ________      ________      ________      ________      ________
 1                  0             0             0             0             0


           NU
              A_01          B_01
              ________      ________
 1                  0             0


           LAMBDA
              IA            SA            IB            SB            A_02
              ________      ________      ________      ________      ________
 A_02               0             0             0             0             0
 A_03               0             0             0             0             0
 A_04               0             0             0             0             0
 A_05               0             0             0             0             0
 A_06               0             0             0             0             0
 B_02               0             0             0             0             0
 B_03               0             0             0             0             0
 B_04               0             0             0             0             0
 B_05               0             0             0             0             0
 B_06               0             0             0             0             0
 A_01               0             0             0             0             0
 B_01               0             0             0             0             0


           LAMBDA
              A_03          A_04          A_05          A_06          B_02
              ________      ________      ________      ________      ________
 A_02               0             0             0             0             0
 A_03               0             0             0             0             0
 A_04               0             0             0             0             0
 A_05               0             0             0             0             0
 A_06               0             0             0             0             0
 B_02               0             0             0             0             0
 B_03               0             0             0             0             0
 B_04               0             0             0             0             0
 B_05               0             0             0             0             0
 B_06               0             0             0             0             0
 A_01               0             0             0             0             0
 B_01               0             0             0             0             0


           LAMBDA
              B_03          B_04          B_05          B_06          A_01
              ________      ________      ________      ________      ________
 A_02               0             0             0             0             0
 A_03               0             0             0             0             0
 A_04               0             0             0             0             0
 A_05               0             0             0             0             0
 A_06               0             0             0             0             0
 B_02               0             0             0             0             0
 B_03               0             0             0             0             0
 B_04               0             0             0             0             0
 B_05               0             0             0             0             0
 B_06               0             0             0             0             0
 A_01               0             0             0             0             0
 B_01               0             0             0             0             0


           LAMBDA
              B_01
              ________
 A_02               0
 A_03               0
 A_04               0
 A_05               0
 A_06               0
 B_02               0
 B_03               0
 B_04               0
 B_05               0
 B_06               0
 A_01               0
 B_01               0


           THETA
              A_02          A_03          A_04          A_05          A_06
              ________      ________      ________      ________      ________
 A_02               0
 A_03               0             0
 A_04               0             0             0
 A_05               0             0             0             0
 A_06               0             0             0             0             0
 B_02               0             0             0             0             0
 B_03               0             0             0             0             0
 B_04               0             0             0             0             0
 B_05               0             0             0             0             0
 B_06               0             0             0             0             0
 A_01               0             0             0             0             0
 B_01               0             0             0             0             0


           THETA
              B_02          B_03          B_04          B_05          B_06
              ________      ________      ________      ________      ________
 B_02               0
 B_03               0             0
 B_04               0             0             0
 B_05               0             0             0             0
 B_06               0             0             0             0             0
 A_01               0             0             0             0             0
 B_01               0             0             0             0             0


           THETA
              A_01          B_01
              ________      ________
 A_01               0
 B_01               0             0


           ALPHA
              IA            SA            IB            SB            A_02
              ________      ________      ________      ________      ________
 1                  1             2             3             4             0


           ALPHA
              A_03          A_04          A_05          A_06          B_02
              ________      ________      ________      ________      ________
 1                  0             0             0             0             0


           ALPHA
              B_03          B_04          B_05          B_06          A_01
              ________      ________      ________      ________      ________
 1                  0             0             0             0             5


           ALPHA
              B_01
              ________
 1                  6


           BETA
              IA            SA            IB            SB            A_02
              ________      ________      ________      ________      ________
 IA                 0             0             0             0             0
 SA                 0             0             0             0             0
 IB                 0             0             0             0             0
 SB                 0             0             0             0             0
 A_02               0             0             0             0             0
 A_03               0             0             0             0             9
 A_04               0             0             0             0             0
 A_05               0             0             0             0             0
 A_06               0             0             0             0             0
 B_02               0             0             0             0             0
 B_03               0             0             0             0            19
 B_04               0             0             0             0             0
 B_05               0             0             0             0             0
 B_06               0             0             0             0             0
 A_01               0             0             0             0             0
 B_01               0             0             0             0             0


           BETA
              A_03          A_04          A_05          A_06          B_02
              ________      ________      ________      ________      ________
 IA                 0             0             0             0             0
 SA                 0             0             0             0             0
 IB                 0             0             0             0             0
 SB                 0             0             0             0             0
 A_02               0             0             0             0             0
 A_03               0             0             0             0            10
 A_04              11             0             0             0             0
 A_05               0            13             0             0             0
 A_06               0             0            15             0             0
 B_02               0             0             0             0             0
 B_03               0             0             0             0            20
 B_04              21             0             0             0             0
 B_05               0            23             0             0             0
 B_06               0             0            25             0             0
 A_01               0             0             0             0             0
 B_01               0             0             0             0             0


           BETA
              B_03          B_04          B_05          B_06          A_01
              ________      ________      ________      ________      ________
 IA                 0             0             0             0             0
 SA                 0             0             0             0             0
 IB                 0             0             0             0             0
 SB                 0             0             0             0             0
 A_02               0             0             0             0             7
 A_03               0             0             0             0             0
 A_04              12             0             0             0             0
 A_05               0            14             0             0             0
 A_06               0             0            16             0             0
 B_02               0             0             0             0            17
 B_03               0             0             0             0             0
 B_04              22             0             0             0             0
 B_05               0            24             0             0             0
 B_06               0             0            26             0             0
 A_01               0             0             0             0             0
 B_01               0             0             0             0             0


           BETA
              B_01
              ________
 IA                 0
 SA                 0
 IB                 0
 SB                 0
 A_02               8
 A_03               0
 A_04               0
 A_05               0
 A_06               0
 B_02              18
 B_03               0
 B_04               0
 B_05               0
 B_06               0
 A_01               0
 B_01               0


           PSI
              IA            SA            IB            SB            A_02
              ________      ________      ________      ________      ________
 IA                27
 SA                28            29
 IB                30             0            31
 SB                 0            32            33             0
 A_02               0             0             0             0            34
 A_03               0             0             0             0             0
 A_04               0             0             0             0             0
 A_05               0             0             0             0             0
 A_06               0             0             0             0             0
 B_02               0             0             0             0             0
 B_03               0             0             0             0             0
 B_04               0             0             0             0             0
 B_05               0             0             0             0             0
 B_06               0             0             0             0             0
 A_01              44            45             0             0            46
 B_01               0             0            48            49             0


           PSI
              A_03          A_04          A_05          A_06          B_02
              ________      ________      ________      ________      ________
 A_03              35
 A_04               0            36
 A_05               0             0            37
 A_06               0             0             0            38
 B_02               0             0             0             0            39
 B_03               0             0             0             0             0
 B_04               0             0             0             0             0
 B_05               0             0             0             0             0
 B_06               0             0             0             0             0
 A_01               0             0             0             0             0
 B_01               0             0             0             0             0


           PSI
              B_03          B_04          B_05          B_06          A_01
              ________      ________      ________      ________      ________
 B_03              40
 B_04               0            41
 B_05               0             0            42
 B_06               0             0             0            43
 A_01               0             0             0             0            47
 B_01               0             0             0             0             0


           PSI
              B_01
              ________
 B_01              50


     STARTING VALUES


           NU
              A_02          A_03          A_04          A_05          A_06
              ________      ________      ________      ________      ________
 1              0.000         0.000         0.000         0.000         0.000


           NU
              B_02          B_03          B_04          B_05          B_06
              ________      ________      ________      ________      ________
 1              0.000         0.000         0.000         0.000         0.000


           NU
              A_01          B_01
              ________      ________
 1              0.000         0.000


           LAMBDA
              IA            SA            IB            SB            A_02
              ________      ________      ________      ________      ________
 A_02           0.000         0.000         0.000         0.000         1.000
 A_03           0.000         0.000         0.000         0.000         0.000
 A_04           0.000         0.000         0.000         0.000         0.000
 A_05           0.000         0.000         0.000         0.000         0.000
 A_06           0.000         0.000         0.000         0.000         0.000
 B_02           0.000         0.000         0.000         0.000         0.000
 B_03           0.000         0.000         0.000         0.000         0.000
 B_04           0.000         0.000         0.000         0.000         0.000
 B_05           0.000         0.000         0.000         0.000         0.000
 B_06           0.000         0.000         0.000         0.000         0.000
 A_01           0.000         0.000         0.000         0.000         0.000
 B_01           0.000         0.000         0.000         0.000         0.000


           LAMBDA
              A_03          A_04          A_05          A_06          B_02
              ________      ________      ________      ________      ________
 A_02           0.000         0.000         0.000         0.000         0.000
 A_03           1.000         0.000         0.000         0.000         0.000
 A_04           0.000         1.000         0.000         0.000         0.000
 A_05           0.000         0.000         1.000         0.000         0.000
 A_06           0.000         0.000         0.000         1.000         0.000
 B_02           0.000         0.000         0.000         0.000         1.000
 B_03           0.000         0.000         0.000         0.000         0.000
 B_04           0.000         0.000         0.000         0.000         0.000
 B_05           0.000         0.000         0.000         0.000         0.000
 B_06           0.000         0.000         0.000         0.000         0.000
 A_01           0.000         0.000         0.000         0.000         0.000
 B_01           0.000         0.000         0.000         0.000         0.000


           LAMBDA
              B_03          B_04          B_05          B_06          A_01
              ________      ________      ________      ________      ________
 A_02           0.000         0.000         0.000         0.000         0.000
 A_03           0.000         0.000         0.000         0.000         0.000
 A_04           0.000         0.000         0.000         0.000         0.000
 A_05           0.000         0.000         0.000         0.000         0.000
 A_06           0.000         0.000         0.000         0.000         0.000
 B_02           0.000         0.000         0.000         0.000         0.000
 B_03           1.000         0.000         0.000         0.000         0.000
 B_04           0.000         1.000         0.000         0.000         0.000
 B_05           0.000         0.000         1.000         0.000         0.000
 B_06           0.000         0.000         0.000         1.000         0.000
 A_01           0.000         0.000         0.000         0.000         1.000
 B_01           0.000         0.000         0.000         0.000         0.000


           LAMBDA
              B_01
              ________
 A_02           0.000
 A_03           0.000
 A_04           0.000
 A_05           0.000
 A_06           0.000
 B_02           0.000
 B_03           0.000
 B_04           0.000
 B_05           0.000
 B_06           0.000
 A_01           0.000
 B_01           1.000


           THETA
              A_02          A_03          A_04          A_05          A_06
              ________      ________      ________      ________      ________
 A_02           0.000
 A_03           0.000         0.000
 A_04           0.000         0.000         0.000
 A_05           0.000         0.000         0.000         0.000
 A_06           0.000         0.000         0.000         0.000         0.000
 B_02           0.000         0.000         0.000         0.000         0.000
 B_03           0.000         0.000         0.000         0.000         0.000
 B_04           0.000         0.000         0.000         0.000         0.000
 B_05           0.000         0.000         0.000         0.000         0.000
 B_06           0.000         0.000         0.000         0.000         0.000
 A_01           0.000         0.000         0.000         0.000         0.000
 B_01           0.000         0.000         0.000         0.000         0.000


           THETA
              B_02          B_03          B_04          B_05          B_06
              ________      ________      ________      ________      ________
 B_02           0.000
 B_03           0.000         0.000
 B_04           0.000         0.000         0.000
 B_05           0.000         0.000         0.000         0.000
 B_06           0.000         0.000         0.000         0.000         0.000
 A_01           0.000         0.000         0.000         0.000         0.000
 B_01           0.000         0.000         0.000         0.000         0.000


           THETA
              A_01          B_01
              ________      ________
 A_01           0.000
 B_01           0.000         0.000


           ALPHA
              IA            SA            IB            SB            A_02
              ________      ________      ________      ________      ________
 1              0.000         0.000         0.000         0.000         0.000


           ALPHA
              A_03          A_04          A_05          A_06          B_02
              ________      ________      ________      ________      ________
 1              0.000         0.000         0.000         0.000         0.000


           ALPHA
              B_03          B_04          B_05          B_06          A_01
              ________      ________      ________      ________      ________
 1              0.000         0.000         0.000         0.000         0.000


           ALPHA
              B_01
              ________
 1              0.000


           BETA
              IA            SA            IB            SB            A_02
              ________      ________      ________      ________      ________
 IA             0.000         0.000         0.000         0.000         0.000
 SA             0.000         0.000         0.000         0.000         0.000
 IB             0.000         0.000         0.000         0.000         0.000
 SB             0.000         0.000         0.000         0.000         0.000
 A_02           1.000         0.000         0.000         0.000         0.000
 A_03           1.000         2.000         0.000         0.000         0.000
 A_04           1.000         4.000         0.000         0.000         0.000
 A_05           1.000         6.000         0.000         0.000         0.000
 A_06           1.000         8.000         0.000         0.000         0.000
 B_02           0.000         0.000         1.000         0.000         0.000
 B_03           0.000         0.000         1.000         2.000         0.000
 B_04           0.000         0.000         1.000         4.000         0.000
 B_05           0.000         0.000         1.000         6.000         0.000
 B_06           0.000         0.000         1.000         8.000         0.000
 A_01           0.000         0.000         0.000         0.000         0.000
 B_01           0.000         0.000         0.000         0.000         0.000


           BETA
              A_03          A_04          A_05          A_06          B_02
              ________      ________      ________      ________      ________
 IA             0.000         0.000         0.000         0.000         0.000
 SA             0.000         0.000         0.000         0.000         0.000
 IB             0.000         0.000         0.000         0.000         0.000
 SB             0.000         0.000         0.000         0.000         0.000
 A_02           0.000         0.000         0.000         0.000         0.000
 A_03           0.000         0.000         0.000         0.000         0.000
 A_04           0.000         0.000         0.000         0.000         0.000
 A_05           0.000         0.000         0.000         0.000         0.000
 A_06           0.000         0.000         0.000         0.000         0.000
 B_02           0.000         0.000         0.000         0.000         0.000
 B_03           0.000         0.000         0.000         0.000         0.000
 B_04           0.000         0.000         0.000         0.000         0.000
 B_05           0.000         0.000         0.000         0.000         0.000
 B_06           0.000         0.000         0.000         0.000         0.000
 A_01           0.000         0.000         0.000         0.000         0.000
 B_01           0.000         0.000         0.000         0.000         0.000


           BETA
              B_03          B_04          B_05          B_06          A_01
              ________      ________      ________      ________      ________
 IA             0.000         0.000         0.000         0.000         0.000
 SA             0.000         0.000         0.000         0.000         0.000
 IB             0.000         0.000         0.000         0.000         0.000
 SB             0.000         0.000         0.000         0.000         0.000
 A_02           0.000         0.000         0.000         0.000         0.000
 A_03           0.000         0.000         0.000         0.000         0.000
 A_04           0.000         0.000         0.000         0.000         0.000
 A_05           0.000         0.000         0.000         0.000         0.000
 A_06           0.000         0.000         0.000         0.000         0.000
 B_02           0.000         0.000         0.000         0.000         0.000
 B_03           0.000         0.000         0.000         0.000         0.000
 B_04           0.000         0.000         0.000         0.000         0.000
 B_05           0.000         0.000         0.000         0.000         0.000
 B_06           0.000         0.000         0.000         0.000         0.000
 A_01           0.000         0.000         0.000         0.000         0.000
 B_01           0.000         0.000         0.000         0.000         0.000


           BETA
              B_01
              ________
 IA             0.000
 SA             0.000
 IB             0.000
 SB             0.000
 A_02           0.000
 A_03           0.000
 A_04           0.000
 A_05           0.000
 A_06           0.000
 B_02           0.000
 B_03           0.000
 B_04           0.000
 B_05           0.000
 B_06           0.000
 A_01           0.000
 B_01           0.000


           PSI
              IA            SA            IB            SB            A_02
              ________      ________      ________      ________      ________
 IA             0.050
 SA             0.000         0.050
 IB             0.000         0.000         0.050
 SB             0.000         0.000         0.000         0.000
 A_02           0.000         0.000         0.000         0.000         1.787
 A_03           0.000         0.000         0.000         0.000         0.000
 A_04           0.000         0.000         0.000         0.000         0.000
 A_05           0.000         0.000         0.000         0.000         0.000
 A_06           0.000         0.000         0.000         0.000         0.000
 B_02           0.000         0.000         0.000         0.000         0.000
 B_03           0.000         0.000         0.000         0.000         0.000
 B_04           0.000         0.000         0.000         0.000         0.000
 B_05           0.000         0.000         0.000         0.000         0.000
 B_06           0.000         0.000         0.000         0.000         0.000
 A_01           0.000         0.000         0.000         0.000         0.000
 B_01           0.000         0.000         0.000         0.000         0.000


           PSI
              A_03          A_04          A_05          A_06          B_02
              ________      ________      ________      ________      ________
 A_03           1.760
 A_04           0.000         1.896
 A_05           0.000         0.000         1.948
 A_06           0.000         0.000         0.000         1.930
 B_02           0.000         0.000         0.000         0.000        33.092
 B_03           0.000         0.000         0.000         0.000         0.000
 B_04           0.000         0.000         0.000         0.000         0.000
 B_05           0.000         0.000         0.000         0.000         0.000
 B_06           0.000         0.000         0.000         0.000         0.000
 A_01           0.000         0.000         0.000         0.000         0.000
 B_01           0.000         0.000         0.000         0.000         0.000


           PSI
              B_03          B_04          B_05          B_06          A_01
              ________      ________      ________      ________      ________
 B_03          36.932
 B_04           0.000        35.994
 B_05           0.000         0.000        38.520
 B_06           0.000         0.000         0.000        38.270
 A_01           0.000         0.000         0.000         0.000         1.695
 B_01           0.000         0.000         0.000         0.000         0.000


           PSI
              B_01
              ________
 B_01          35.037


     Beginning Time:  20:29:57
        Ending Time:  20:35:32
       Elapsed Time:  00:05:35



MUTHEN & MUTHEN
3463 Stoner Ave.
Los Angeles, CA  90066

Tel: (310) 391-9971
Fax: (310) 391-8971
Web: www.StatModel.com
Support: Support@StatModel.com

Copyright (c) 1998-2015 Muthen & Muthen
