Mplus VERSION 7.4 (Mac)
MUTHEN & MUTHEN
12/04/2017   4:43 PM

INPUT INSTRUCTIONS

  TITLE:
  11b - Predetermined ALT, no social slope, no time-correlations,
  stationary cognitive
  DATA:
  File = wide-dataset-b.dat;
  VARIABLE:
  NAMES are
   id hhid male birthyr_rand birthmo_rand race_rand hispanic_rand cohort
      raedyrs raedegrm memoryproblems_baseline memory_disease_ever age_baseline
      age_baseline_65 health_conditions_baseline healthcond_mean activity_mean_2004
      activity_mean_2006 activity_mean_2008 activity_mean_2010 activity_mean_2012
      activity_mean_2014 activity_sum_2004 activity_sum_2006 activity_sum_2008
      activity_sum_2010 activity_sum_2012 activity_sum_2014 close_social_network_2004
      close_social_network_2006 close_social_network_2008 close_social_network_2010
      close_social_network_2012 close_social_network_2014 countb20r_2004
      countb20r_2006 countb20r_2008 countb20r_2010 countb20r_2012 countb20r_2014
      crp_adj_2004 crp_adj_2006 crp_adj_2008 crp_adj_2010 crp_adj_2012 crp_adj_2014
      dep_total_2004 dep_total_2006 dep_total_2008 dep_total_2010 dep_total_2012
      dep_total_2014 exercise_2004 exercise_2006 exercise_2008 exercise_2010
      exercise_2012 exercise_2014 healthcond_2004 healthcond_2006 healthcond_2008
      healthcond_2010 healthcond_2012 healthcond_2014 hhres_2004 hhres_2006
      hhres_2008 hhres_2010 hhres_2012 hhres_2014 hrs_tscore_2004 hrs_tscore_2006
      hrs_tscore_2008 hrs_tscore_2010 hrs_tscore_2012 hrs_tscore_2014 intage_r_2004
      intage_r_2006 intage_r_2008 intage_r_2010 intage_r_2012 intage_r_2014
      interview_date_2004 interview_date_2006 interview_date_2008 interview_date_2010
      interview_date_2012 interview_date_2014 lb_65_wave_2004 lb_65_wave_2006
      lb_65_wave_2008 lb_65_wave_2010 lb_65_wave_2012 lb_65_wave_2014 lb_wave_2004
      lb_wave_2006 lb_wave_2008 lb_wave_2010 lb_wave_2012 lb_wave_2014 listassi_2004
      listassi_2006 listassi_2008 listassi_2010 listassi_2012 listassi_2014
      mentalstatus_tot_2004 mentalstatus_tot_2006 mentalstatus_tot_2008
      mentalstatus_tot_2010 mentalstatus_tot_2012 mentalstatus_tot_2014 proxy_2004
      proxy_2006 proxy_2008 proxy_2010 proxy_2012 proxy_2014 responded_2004
      responded_2006 responded_2008 responded_2010 responded_2012 responded_2014
      rmaritalst_2004 rmaritalst_2006 rmaritalst_2008 rmaritalst_2010 rmaritalst_2012
      rmaritalst_2014 rpartst_2004 rpartst_2006 rpartst_2008 rpartst_2010
      rpartst_2012 rpartst_2014 score_loneliness_11_2004 score_loneliness_11_2006
      score_loneliness_11_2008 score_loneliness_11_2010 score_loneliness_11_2012
      score_loneliness_11_2014 score_loneliness_3_2004 score_loneliness_3_2006
      score_loneliness_3_2008 score_loneliness_3_2010 score_loneliness_3_2012
      score_loneliness_3_2014 shhidpnr_2004 shhidpnr_2006 shhidpnr_2008 shhidpnr_2010
      shhidpnr_2012 shhidpnr_2014 snchild_2004 snchild_2006 snchild_2008 snchild_2010
      snchild_2012 snchild_2014 snfamily_2004 snfamily_2006 snfamily_2008
      snfamily_2010 snfamily_2012 snfamily_2014 snfriends_2004 snfriends_2006
      snfriends_2008 snfriends_2010 snfriends_2012 snfriends_2014 snspouse_2004
      snspouse_2006 snspouse_2008 snspouse_2010 snspouse_2012 snspouse_2014
      social_contact_total_2004 social_contact_total_2006 social_contact_total_2008
      social_contact_total_2010 social_contact_total_2012 social_contact_total_2014
      social_strain_mean_2004 social_strain_mean_2006 social_strain_mean_2008
      social_strain_mean_2010 social_strain_mean_2012 social_strain_mean_2014
      social_support_mean_2004 social_support_mean_2006 social_support_mean_2008
      social_support_mean_2010 social_support_mean_2012 social_support_mean_2014
      socialnetwork_total_2004 socialnetwork_total_2006 socialnetwork_total_2008
      socialnetwork_total_2010 socialnetwork_total_2012 socialnetwork_total_2014
      srmemory_2004 srmemory_2006 srmemory_2008 srmemory_2010 srmemory_2012
      srmemory_2014 srmemoryp_2004 srmemoryp_2006 srmemoryp_2008 srmemoryp_2010
      srmemoryp_2012 srmemoryp_2014 vocab_total_2004 vocab_total_2006 vocab_total_2008
      vocab_total_2010 vocab_total_2012 vocab_total_2014 wrectotd_2004 wrectotd_2006
      wrectotd_2008 wrectotd_2010 wrectotd_2012 wrectotd_2014 wrectoti_2004
      wrectoti_2006 wrectoti_2008 wrectoti_2010 wrectoti_2012 wrectoti_2014
  	;
  Missing are all(9999);
  USEVARIABLES are
  	!define the variables used in the analysis
  	!estimated time points
  a_01
  a_02
  a_03
  a_04
  a_05
  a_06
  	!modelled time points of process (B)
  b_01
  b_02
  b_03
  b_04
  b_05
  b_06
  	! covariates used in the model
  	;
  SUBPOPULATION are
  	!select a subset of observations
  age_baseline > 64 AND
  memory_disease_ever EQ 0
  ;
  CLUSTER = hhid;
  DEFINE:
    ! centre baseline age
  a = age_baseline - 69;
  	! assign variables to the process (A)
  a_01=wrectotd_2004;
  a_02=wrectotd_2006;
  a_03=wrectotd_2008;
  a_04=wrectotd_2010;
  a_05=wrectotd_2012;
  a_06=wrectotd_2014;
  	! assign variables to the process (B)
  b_01=social_contact_total_2004;
  b_02=social_contact_total_2006;
  b_03=social_contact_total_2008;
  b_04=social_contact_total_2010;
  b_05=social_contact_total_2012;
  b_06=social_contact_total_2014;
  ANALYSIS:
  TYPE = COMPLEX RANDOM;
  model=nocovariances;
  COVERAGE=.00;
  H1ITERATIONS = 10000;
  MODEL:
  	!LGM part
  	! assign process (A) to time points
  ia BY a_02@1 a_03@1 a_04@1 a_05@1 a_06@1;
  sa BY a_02@0 a_03@2 a_04@4 a_05@6 a_06@8;
  	! assign process (B) to time points
  ib BY b_02@1 b_03@1 b_04@1 b_05@1 b_06@1;
  !sb BY b_02@0 b_03@2 b_04@4 b_05@6 b_06@8;
  	!correlations between the first measurement points
  	!autoregressive part
  a_01 a_02 a_03 a_04 a_05 a_06;
  a_02 ON a_01(1);
  a_03 ON a_02(1);
  a_04 ON a_03(1);
  a_05 ON a_04(1);
  a_06 ON a_05(1);
  b_01 b_02 b_03 b_04 b_05 b_06;
  b_02 ON b_01;
  b_03 ON b_02;
  b_04 ON b_03;
  b_05 ON b_04;
  b_06 ON b_05;
  	!Cross lagged part
  a_02 ON b_01;
  a_03 ON b_02;
  a_04 ON b_03;
  a_05 ON b_04;
  a_06 ON b_05;
  b_02 ON a_01;
  b_03 ON a_02;
  b_04 ON a_03;
  b_05 ON a_04;
  b_06 ON a_05;
  ia;
  sa;
  ib;
  !sb;
  ia with sa;
  !ib with sb;
  ia with a_01;
  sa with a_01;
  ib with b_01;
  !sb with b_01;
  ia with ib;
  !sa with sb;
  ! Time specific correlations
  b_02 WITH a_02;
  b_03 WITH a_03;
  b_04 WITH a_04;
  b_05 WITH a_05;
  b_06 WITH a_06;
  [a_02@0 a_03@0 a_04@0 a_05@0 a_06@0];
  [b_02@0 b_03@0 b_04@0 b_05@0 b_06@0];
  [ia];
  [ib];
  [sa];
  ![sb];
  [a_01];
  [b_01];
  	
  OUTPUT: SAMPSTAT MODINDICES (3.0); TECH1; TECH4;



*** WARNING in OUTPUT command
  TECH4 option for TYPE=RANDOM requires ALGORITHM=INTEGRATION.
  Request for TECH4 is ignored.
   1 WARNING(S) FOUND IN THE INPUT INSTRUCTIONS




11b - Predetermined ALT, no social slope, no time-correlations,
stationary cognitive

SUMMARY OF ANALYSIS

Number of groups                                                 1
Number of observations                                        5952

Number of dependent variables                                   10
Number of independent variables                                  2
Number of continuous latent variables                            3

Observed dependent variables

  Continuous
   A_02        A_03        A_04        A_05        A_06        B_02
   B_03        B_04        B_05        B_06

Observed independent variables
   A_01        B_01

Continuous latent variables
   IA          SA          IB

Variables with special functions

  Cluster variable      HHID

Estimator                                                      MLR
Information matrix                                        OBSERVED
Maximum number of iterations                                   100
Convergence criterion                                    0.100D-05
Maximum number of EM iterations                                500
Convergence criteria for the EM algorithm
  Loglikelihood change                                   0.100D-02
  Relative loglikelihood change                          0.100D-05
  Derivative                                             0.100D-03
Minimum variance                                         0.100D-03
Maximum number of steepest descent iterations                   20
Maximum number of iterations for H1                          10000
Convergence criterion for H1                             0.100D-03
Optimization algorithm                                         EMA

Input data file(s)
  wide-dataset-b.dat
Input data format  FREE


SUMMARY OF DATA

     Number of missing data patterns           273
     Number of clusters        4882



SAMPLE STATISTICS


     ESTIMATED SAMPLE STATISTICS


           Means
              A_02          A_03          A_04          A_05          A_06
              ________      ________      ________      ________      ________
 1              4.215         4.110         3.722         3.504         3.311


           Means
              B_02          B_03          B_04          B_05          B_06
              ________      ________      ________      ________      ________
 1             29.564        29.527        29.202        28.553        27.871


           Means
              A_01          B_01
              ________      ________
 1              4.374        30.283


           Covariances
              A_02          A_03          A_04          A_05          A_06
              ________      ________      ________      ________      ________
 A_02           3.590
 A_03           1.658         3.524
 A_04           1.802         1.793         3.812
 A_05           1.724         1.937         1.995         3.970
 A_06           1.874         1.712         2.109         2.185         3.997
 B_02           2.735         2.266         2.299         2.909         2.443
 B_03           2.832         2.283         2.818         2.953         3.028
 B_04           2.761         2.755         2.807         2.965         2.946
 B_05           3.488         2.907         3.308         3.518         3.920
 B_06           2.754         3.320         2.720         3.740         3.802
 A_01           1.739         1.664         1.601         1.712         1.607
 B_01           2.426         2.665         2.815         2.236         1.931


           Covariances
              B_02          B_03          B_04          B_05          B_06
              ________      ________      ________      ________      ________
 B_02          66.437
 B_03          36.878        74.243
 B_04          41.366        39.994        72.274
 B_05          30.070        45.770        36.190        78.877
 B_06          38.068        46.140        46.157        36.920        77.776
 A_01           2.406         2.871         2.546         2.676         2.716
 B_01          33.952        38.330        33.763        38.779        36.758


           Covariances
              A_01          B_01
              ________      ________
 A_01           3.403
 B_01           2.401        70.735


           Correlations
              A_02          A_03          A_04          A_05          A_06
              ________      ________      ________      ________      ________
 A_02           1.000
 A_03           0.466         1.000
 A_04           0.487         0.489         1.000
 A_05           0.457         0.518         0.513         1.000
 A_06           0.495         0.456         0.540         0.549         1.000
 B_02           0.177         0.148         0.144         0.179         0.150
 B_03           0.173         0.141         0.167         0.172         0.176
 B_04           0.171         0.173         0.169         0.175         0.173
 B_05           0.207         0.174         0.191         0.199         0.221
 B_06           0.165         0.201         0.158         0.213         0.216
 A_01           0.497         0.481         0.444         0.466         0.436
 B_01           0.152         0.169         0.171         0.133         0.115


           Correlations
              B_02          B_03          B_04          B_05          B_06
              ________      ________      ________      ________      ________
 B_02           1.000
 B_03           0.525         1.000
 B_04           0.597         0.546         1.000
 B_05           0.415         0.598         0.479         1.000
 B_06           0.530         0.607         0.616         0.471         1.000
 A_01           0.160         0.181         0.162         0.163         0.167
 B_01           0.495         0.529         0.472         0.519         0.496


           Correlations
              A_01          B_01
              ________      ________
 A_01           1.000
 B_01           0.155         1.000


     MAXIMUM LOG-LIKELIHOOD VALUE FOR THE UNRESTRICTED (H1) MODEL IS -107379.674


UNIVARIATE SAMPLE STATISTICS


     UNIVARIATE HIGHER-ORDER MOMENT DESCRIPTIVE STATISTICS

         Variable/         Mean/     Skewness/   Minimum/ % with                Percentiles
        Sample Size      Variance    Kurtosis    Maximum  Min/Max      20%/60%    40%/80%    Median

     A_02                  4.227      -0.154       0.000    4.88%       3.000      4.000      4.000
            5671.000       3.575       0.108      10.000    0.37%       5.000      6.000
     A_03                  4.123      -0.205       0.000    5.40%       3.000      4.000      4.000
            5775.000       3.519      -0.027      10.000    0.14%       5.000      6.000
     A_04                  3.750      -0.101       0.000    8.11%       2.000      3.000      4.000
            5669.000       3.793      -0.258      10.000    0.11%       4.000      5.000
     A_05                  3.607      -0.083       0.000    9.78%       2.000      3.000      4.000
            5132.000       3.896      -0.361      10.000    0.12%       4.000      5.000
     A_06                  3.492      -0.040       0.000   10.50%       2.000      3.000      4.000
            4429.000       3.860      -0.393      10.000    0.07%       4.000      5.000
     B_02                 29.599      -0.258       3.000    0.07%      23.000     28.000     30.000
            2788.000      66.183       0.159      54.000    0.18%      32.000     36.000
     B_03                 29.608      -0.254       2.000    0.04%      23.000     28.000     30.000
            2739.000      73.864       0.073      54.000    0.18%      32.000     37.000
     B_04                 29.406      -0.205       4.000    0.19%      22.000     28.000     30.000
            2647.000      71.988      -0.061      54.000    0.04%      32.000     36.000
     B_05                 28.986      -0.189       3.000    0.04%      22.000     27.000     29.000
            2240.000      77.040      -0.099      54.000    0.13%      32.000     36.000
     B_06                 28.653      -0.229       3.000    0.05%      22.000     27.000     29.000
            2036.000      76.540      -0.202      54.000    0.05%      31.000     36.000
     A_01                  4.400      -0.160       0.000    3.69%       3.000      4.000      4.000
            5478.000       3.390       0.175      10.000    0.31%       5.000      6.000
     B_01                 30.562      -0.258       3.000    0.09%      24.000     29.000     31.000
            1057.000      70.074       0.149      53.000    0.09%      33.000     37.000


THE MODEL ESTIMATION TERMINATED NORMALLY



MODEL FIT INFORMATION

Number of Free Parameters                       46

Loglikelihood

          H0 Value                     -107550.405
          H0 Scaling Correction Factor      1.2094
            for MLR
          H1 Value                     -107379.674
          H1 Scaling Correction Factor      1.1005
            for MLR

Information Criteria

          Akaike (AIC)                  215192.810
          Bayesian (BIC)                215500.618
          Sample-Size Adjusted BIC      215354.443
            (n* = (n + 2) / 24)

Chi-Square Test of Model Fit

          Value                            346.126*
          Degrees of Freedom                    44
          P-Value                           0.0000
          Scaling Correction Factor         0.9865
            for MLR

*   The chi-square value for MLM, MLMV, MLR, ULSMV, WLSM and WLSMV cannot be used
    for chi-square difference testing in the regular way.  MLM, MLR and WLSM
    chi-square difference testing is described on the Mplus website.  MLMV, WLSMV,
    and ULSMV difference testing is done using the DIFFTEST option.

RMSEA (Root Mean Square Error Of Approximation)

          Estimate                           0.034

CFI/TLI

          CFI                                0.976
          TLI                                0.964

Chi-Square Test of Model Fit for the Baseline Model

          Value                          12782.831
          Degrees of Freedom                    66
          P-Value                           0.0000

SRMR (Standardized Root Mean Square Residual)

          Value                              0.083



MODEL RESULTS

                                                    Two-Tailed
                    Estimate       S.E.  Est./S.E.    P-Value

 IA       BY
    A_02               1.000      0.000    999.000    999.000
    A_03               1.000      0.000    999.000    999.000
    A_04               1.000      0.000    999.000    999.000
    A_05               1.000      0.000    999.000    999.000
    A_06               1.000      0.000    999.000    999.000

 SA       BY
    A_02               0.000      0.000    999.000    999.000
    A_03               2.000      0.000    999.000    999.000
    A_04               4.000      0.000    999.000    999.000
    A_05               6.000      0.000    999.000    999.000
    A_06               8.000      0.000    999.000    999.000

 IB       BY
    B_02               1.000      0.000    999.000    999.000
    B_03               1.000      0.000    999.000    999.000
    B_04               1.000      0.000    999.000    999.000
    B_05               1.000      0.000    999.000    999.000
    B_06               1.000      0.000    999.000    999.000

 A_02       ON
    A_01              -0.006      0.013     -0.456      0.649
    B_01               0.006      0.004      1.565      0.118

 A_03       ON
    A_02              -0.006      0.013     -0.456      0.649
    B_02               0.012      0.003      3.764      0.000

 A_04       ON
    A_03              -0.006      0.013     -0.456      0.649
    B_03               0.009      0.003      3.190      0.001

 A_05       ON
    A_04              -0.006      0.013     -0.456      0.649
    B_04               0.012      0.003      3.945      0.000

 A_06       ON
    A_05              -0.006      0.013     -0.456      0.649
    B_05               0.016      0.004      4.454      0.000

 B_02       ON
    B_01              -0.339      0.080     -4.239      0.000
    A_01               0.201      0.099      2.020      0.043

 B_03       ON
    B_02              -0.361      0.097     -3.722      0.000
    A_02               0.291      0.084      3.467      0.001

 B_04       ON
    B_03              -0.381      0.098     -3.877      0.000
    A_03               0.338      0.080      4.212      0.000

 B_05       ON
    B_04              -0.415      0.098     -4.231      0.000
    A_04               0.461      0.086      5.331      0.000

 B_06       ON
    B_05              -0.463      0.102     -4.522      0.000
    A_05               0.621      0.105      5.936      0.000

 IA       WITH
    SA                 0.010      0.009      1.081      0.280
    A_01               1.690      0.061     27.618      0.000
    IB                 0.852      0.230      3.706      0.000

 SA       WITH
    A_01              -0.015      0.007     -2.117      0.034

 IB       WITH
    B_01              53.535      4.292     12.472      0.000

 B_02     WITH
    A_02               0.443      0.197      2.242      0.025

 B_03     WITH
    A_03              -0.185      0.244     -0.760      0.447

 B_04     WITH
    A_04               0.430      0.206      2.092      0.036

 B_05     WITH
    A_05               0.635      0.247      2.577      0.010

 B_06     WITH
    A_06               0.792      0.243      3.264      0.001

 Means
    A_01               4.374      0.025    175.101      0.000
    B_01              30.400      0.238    127.883      0.000
    IA                 4.077      0.129     31.618      0.000
    SA                -0.149      0.016     -9.168      0.000
    IB                38.998      2.755     14.157      0.000

 Intercepts
    A_02               0.000      0.000    999.000    999.000
    A_03               0.000      0.000    999.000    999.000
    A_04               0.000      0.000    999.000    999.000
    A_05               0.000      0.000    999.000    999.000
    A_06               0.000      0.000    999.000    999.000
    B_02               0.000      0.000    999.000    999.000
    B_03               0.000      0.000    999.000    999.000
    B_04               0.000      0.000    999.000    999.000
    B_05               0.000      0.000    999.000    999.000
    B_06               0.000      0.000    999.000    999.000

 Variances
    A_01               3.403      0.068     50.154      0.000
    B_01              71.769      3.479     20.627      0.000
    IA                 1.664      0.098     17.005      0.000
    SA                 0.007      0.002      3.136      0.002
    IB                70.679      6.202     11.396      0.000

 Residual Variances
    A_02               1.874      0.066     28.340      0.000
    A_03               1.835      0.053     34.801      0.000
    A_04               1.889      0.050     37.677      0.000
    A_05               1.834      0.055     33.189      0.000
    A_06               1.712      0.070     24.617      0.000
    B_02              24.033      1.754     13.699      0.000
    B_03              32.341      2.445     13.226      0.000
    B_04              30.291      1.624     18.656      0.000
    B_05              33.470      1.900     17.611      0.000
    B_06              31.685      2.829     11.199      0.000


QUALITY OF NUMERICAL RESULTS

     Condition Number for the Information Matrix              0.457E-05
       (ratio of smallest to largest eigenvalue)


MODEL MODIFICATION INDICES

NOTE:  Modification indices for direct effects of observed dependent variables
regressed on covariates may not be included.  To include these, request
MODINDICES (ALL).

Minimum M.I. value for printing the modification index     3.000

                                   M.I.     E.P.C.


ON/BY Statements

A_02     ON SA       /
SA       BY A_02                   4.324     1.265
A_03     ON SA       /
SA       BY A_03                  14.500    -1.643
A_03     ON IB       /
IB       BY A_03                  11.965     0.021
A_04     ON SA       /
SA       BY A_04                   6.454     1.050
B_02     ON IA       /
IA       BY B_02                   4.623    -0.497
B_02     ON IB       /
IB       BY B_02                  27.591    -0.304
B_03     ON IA       /
IA       BY B_03                  21.087     0.843
B_03     ON IB       /
IB       BY B_03                  10.362    -0.237
B_04     ON IA       /
IA       BY B_04                  20.495     0.803
B_05     ON IA       /
IA       BY B_05                   8.945     0.546
B_05     ON IB       /
IB       BY B_05                  25.293     0.310
B_06     ON IA       /
IA       BY B_06                   8.937     0.596
B_06     ON IB       /
IB       BY B_06                  17.648     0.310
A_01     ON IA       /
IA       BY A_01                 128.231     3.515
A_01     ON IB       /
IB       BY A_01                 107.777     0.037
B_01     ON IA       /
IA       BY B_01                  14.095     0.682
B_01     ON IB       /
IB       BY B_01                  16.530     1.374
IA       ON IB       /
IB       BY IA                    16.630     0.022
SA       ON IB       /
IB       BY SA                     3.869     0.002
IB       ON IA       /
IA       BY IB                   128.435     1.769
IB       ON SA       /
SA       BY IB                    10.849   -22.076

ON Statements

IA       ON A_03                   4.535    -0.037
IA       ON A_04                  14.649     0.056
IA       ON B_02                   4.499     0.016
IA       ON B_03                   4.596     0.009
IA       ON B_04                   5.871     0.011
IA       ON B_05                  16.536     0.019
IA       ON B_06                   4.121     0.009
IA       ON B_01                  16.636     0.016
SA       ON A_03                   7.693    -0.007
SA       ON A_04                   4.428     0.005
SA       ON A_06                   4.168    -0.016
SA       ON B_03                   4.232     0.001
IB       ON A_02                  83.409     0.954
IB       ON A_03                  17.994     0.402
IB       ON A_04                  23.324     0.418
IB       ON A_05                  70.680     0.776
IB       ON A_06                  53.793     0.746
IB       ON B_03                  10.085     0.167
IB       ON B_05                   5.578     0.096
IB       ON B_06                   3.649     0.064
IB       ON A_01                 127.831     0.879
A_02     ON A_05                   7.987    -0.038
A_02     ON A_06                   8.300     0.043
A_02     ON B_03                  12.317    -0.028
A_02     ON B_04                   3.104     0.010
A_02     ON B_05                   4.585     0.011
A_02     ON B_06                   3.426    -0.009
A_03     ON A_06                  18.755    -0.049
A_03     ON B_03                  10.246     0.019
A_03     ON B_05                   6.910     0.013
A_03     ON B_06                  10.400     0.014
A_03     ON B_01                  14.425     0.017
A_04     ON A_06                   3.506     0.022
A_04     ON B_05                   3.987    -0.013
A_04     ON A_01                   3.545    -0.019
A_05     ON A_02                   4.131    -0.023
A_05     ON A_03                  11.649     0.041
A_05     ON B_02                   7.807     0.014
A_05     ON A_01                   3.364     0.021
A_06     ON A_02                   5.028     0.035
A_06     ON A_03                  30.625    -0.079
B_02     ON A_02                   4.628    -0.497
B_02     ON A_03                   9.001    -0.289
B_02     ON A_06                   4.874    -0.193
B_02     ON B_02                  27.541    -0.304
B_02     ON B_03                   9.025    -0.219
B_02     ON B_04                  21.078    -0.164
B_02     ON B_05                   7.816    -0.205
B_02     ON B_06                  10.860    -0.114
B_03     ON A_03                  20.149     0.803
B_03     ON A_04                   4.385     0.200
B_03     ON A_05                  18.575     0.390
B_03     ON A_06                   3.147     0.154
B_03     ON B_03                  10.350    -0.236
B_03     ON B_04                   5.183    -0.157
B_03     ON B_05                   5.824     0.131
B_03     ON B_06                   9.479    -0.143
B_03     ON A_01                  25.002     0.427
B_03     ON B_01                   8.058    -0.110
B_04     ON A_02                  10.384     0.288
B_04     ON A_04                  17.940     0.738
B_04     ON A_06                  13.701     0.310
B_04     ON B_05                   3.692    -0.123
B_04     ON B_06                  24.092     0.224
B_04     ON A_01                  14.291     0.302
B_05     ON A_02                  20.383     0.396
B_05     ON A_05                   8.754     0.592
B_05     ON A_06                   4.266     0.232
B_05     ON B_02                  26.692     0.393
B_05     ON B_03                  18.749     0.146
B_05     ON B_05                  25.287     0.310
B_05     ON B_06                  29.485     0.542
B_05     ON B_01                   8.655     0.139
B_06     ON A_03                  16.840     0.387
B_06     ON A_04                   3.815     0.206
B_06     ON A_06                  11.136     0.777
B_06     ON B_03                   7.474     0.435
B_06     ON B_04                  20.562     0.143
B_06     ON B_06                  17.613     0.310
B_06     ON A_01                   4.022     0.187
B_06     ON B_01                   7.290     0.179
A_01     ON A_02                  12.206     0.100
A_01     ON A_04                   7.114    -0.046
A_01     ON A_05                  13.455     0.070
A_01     ON A_06                   4.907     0.062
A_01     ON B_02                 140.511     0.060
A_01     ON B_03                  88.423     0.032
A_01     ON B_04                  60.967     0.027
A_01     ON B_05                  53.211     0.027
A_01     ON B_06                  64.447     0.029
A_01     ON B_01                  66.788     0.031
B_01     ON A_02                   9.877     0.421
B_01     ON A_03                  19.040     0.457
B_01     ON A_04                  17.040     0.446
B_01     ON A_06                   5.912     0.260
B_01     ON B_02                  39.030     0.579
B_01     ON B_03                   6.954    -0.134
B_01     ON A_01                   3.873     0.222

WITH Statements

A_02     WITH IB                   4.778     0.540
A_03     WITH IA                   4.882    -0.070
A_03     WITH SA                   8.292    -0.014
A_03     WITH IB                   9.548    -0.673
A_03     WITH A_02                 4.780    -0.107
A_04     WITH IA                  14.206     0.104
A_04     WITH SA                   3.756     0.009
A_04     WITH A_02                 5.589     0.092
A_05     WITH IB                   6.249     0.527
A_05     WITH A_02                19.711    -0.155
A_05     WITH A_03                18.327     0.152
A_06     WITH SA                   5.254    -0.032
A_06     WITH A_02                23.343     0.229
A_06     WITH A_03                47.127    -0.255
A_06     WITH A_04                 5.988     0.106
B_02     WITH IB                  23.460   -12.593
B_02     WITH A_03                 6.983    -0.610
B_02     WITH A_05                10.105     0.673
B_02     WITH A_06                 4.358    -0.480
B_03     WITH IB                   3.016     3.478
B_03     WITH A_02                20.794    -1.593
B_03     WITH A_05                 8.935     0.753
B_03     WITH B_02                 4.121     7.621
B_04     WITH A_03                19.165    -1.431
B_04     WITH A_06                 7.361     0.645
B_04     WITH B_02                 4.760    -3.378
B_04     WITH B_03                 3.056    -6.757
B_05     WITH A_02                16.705     0.897
B_05     WITH A_04                10.165    -1.202
B_05     WITH B_03                 8.540     5.011
B_05     WITH B_04                12.421   -11.919
B_06     WITH A_03                12.176     0.791
B_06     WITH A_05                13.686    -1.558
B_06     WITH B_03                14.797   -15.960
B_06     WITH B_04                16.863     6.541
A_01     WITH IB                 128.198     2.994
A_01     WITH A_02                 4.220     0.111
A_01     WITH A_04                14.781    -0.126
A_01     WITH A_05                 6.002     0.086
A_01     WITH B_02                 4.318     0.895
A_01     WITH B_03                19.450     0.933
A_01     WITH B_04                 6.332     0.500
B_01     WITH IA                  16.645     1.174
B_01     WITH A_03                 8.894     0.837
B_01     WITH A_04                 7.163     0.771
B_01     WITH A_05                 3.701    -0.566
B_01     WITH B_02                24.010    11.222
B_01     WITH B_03                 6.454    -4.690

Means/Intercepts/Thresholds

[ A_02     ]                       7.071    -0.392
[ A_03     ]                       9.062     0.331
[ B_02     ]                       4.372    -2.460


TECHNICAL 1 OUTPUT


     PARAMETER SPECIFICATION


           NU
              A_02          A_03          A_04          A_05          A_06
              ________      ________      ________      ________      ________
 1                  0             0             0             0             0


           NU
              B_02          B_03          B_04          B_05          B_06
              ________      ________      ________      ________      ________
 1                  0             0             0             0             0


           NU
              A_01          B_01
              ________      ________
 1                  0             0


           LAMBDA
              IA            SA            IB            A_02          A_03
              ________      ________      ________      ________      ________
 A_02               0             0             0             0             0
 A_03               0             0             0             0             0
 A_04               0             0             0             0             0
 A_05               0             0             0             0             0
 A_06               0             0             0             0             0
 B_02               0             0             0             0             0
 B_03               0             0             0             0             0
 B_04               0             0             0             0             0
 B_05               0             0             0             0             0
 B_06               0             0             0             0             0
 A_01               0             0             0             0             0
 B_01               0             0             0             0             0


           LAMBDA
              A_04          A_05          A_06          B_02          B_03
              ________      ________      ________      ________      ________
 A_02               0             0             0             0             0
 A_03               0             0             0             0             0
 A_04               0             0             0             0             0
 A_05               0             0             0             0             0
 A_06               0             0             0             0             0
 B_02               0             0             0             0             0
 B_03               0             0             0             0             0
 B_04               0             0             0             0             0
 B_05               0             0             0             0             0
 B_06               0             0             0             0             0
 A_01               0             0             0             0             0
 B_01               0             0             0             0             0


           LAMBDA
              B_04          B_05          B_06          A_01          B_01
              ________      ________      ________      ________      ________
 A_02               0             0             0             0             0
 A_03               0             0             0             0             0
 A_04               0             0             0             0             0
 A_05               0             0             0             0             0
 A_06               0             0             0             0             0
 B_02               0             0             0             0             0
 B_03               0             0             0             0             0
 B_04               0             0             0             0             0
 B_05               0             0             0             0             0
 B_06               0             0             0             0             0
 A_01               0             0             0             0             0
 B_01               0             0             0             0             0


           THETA
              A_02          A_03          A_04          A_05          A_06
              ________      ________      ________      ________      ________
 A_02               0
 A_03               0             0
 A_04               0             0             0
 A_05               0             0             0             0
 A_06               0             0             0             0             0
 B_02               0             0             0             0             0
 B_03               0             0             0             0             0
 B_04               0             0             0             0             0
 B_05               0             0             0             0             0
 B_06               0             0             0             0             0
 A_01               0             0             0             0             0
 B_01               0             0             0             0             0


           THETA
              B_02          B_03          B_04          B_05          B_06
              ________      ________      ________      ________      ________
 B_02               0
 B_03               0             0
 B_04               0             0             0
 B_05               0             0             0             0
 B_06               0             0             0             0             0
 A_01               0             0             0             0             0
 B_01               0             0             0             0             0


           THETA
              A_01          B_01
              ________      ________
 A_01               0
 B_01               0             0


           ALPHA
              IA            SA            IB            A_02          A_03
              ________      ________      ________      ________      ________
 1                  1             2             3             0             0


           ALPHA
              A_04          A_05          A_06          B_02          B_03
              ________      ________      ________      ________      ________
 1                  0             0             0             0             0


           ALPHA
              B_04          B_05          B_06          A_01          B_01
              ________      ________      ________      ________      ________
 1                  0             0             0             4             5


           BETA
              IA            SA            IB            A_02          A_03
              ________      ________      ________      ________      ________
 IA                 0             0             0             0             0
 SA                 0             0             0             0             0
 IB                 0             0             0             0             0
 A_02               0             0             0             0             0
 A_03               0             0             0             6             0
 A_04               0             0             0             0             6
 A_05               0             0             0             0             0
 A_06               0             0             0             0             0
 B_02               0             0             0             0             0
 B_03               0             0             0            14             0
 B_04               0             0             0             0            16
 B_05               0             0             0             0             0
 B_06               0             0             0             0             0
 A_01               0             0             0             0             0
 B_01               0             0             0             0             0


           BETA
              A_04          A_05          A_06          B_02          B_03
              ________      ________      ________      ________      ________
 IA                 0             0             0             0             0
 SA                 0             0             0             0             0
 IB                 0             0             0             0             0
 A_02               0             0             0             0             0
 A_03               0             0             0             8             0
 A_04               0             0             0             0             9
 A_05               6             0             0             0             0
 A_06               0             6             0             0             0
 B_02               0             0             0             0             0
 B_03               0             0             0            15             0
 B_04               0             0             0             0            17
 B_05              18             0             0             0             0
 B_06               0            20             0             0             0
 A_01               0             0             0             0             0
 B_01               0             0             0             0             0


           BETA
              B_04          B_05          B_06          A_01          B_01
              ________      ________      ________      ________      ________
 IA                 0             0             0             0             0
 SA                 0             0             0             0             0
 IB                 0             0             0             0             0
 A_02               0             0             0             6             7
 A_03               0             0             0             0             0
 A_04               0             0             0             0             0
 A_05              10             0             0             0             0
 A_06               0            11             0             0             0
 B_02               0             0             0            12            13
 B_03               0             0             0             0             0
 B_04               0             0             0             0             0
 B_05              19             0             0             0             0
 B_06               0            21             0             0             0
 A_01               0             0             0             0             0
 B_01               0             0             0             0             0


           PSI
              IA            SA            IB            A_02          A_03
              ________      ________      ________      ________      ________
 IA                22
 SA                23            24
 IB                25             0            26
 A_02               0             0             0            27
 A_03               0             0             0             0            28
 A_04               0             0             0             0             0
 A_05               0             0             0             0             0
 A_06               0             0             0             0             0
 B_02               0             0             0            32             0
 B_03               0             0             0             0            34
 B_04               0             0             0             0             0
 B_05               0             0             0             0             0
 B_06               0             0             0             0             0
 A_01              42            43             0             0             0
 B_01               0             0            45             0             0


           PSI
              A_04          A_05          A_06          B_02          B_03
              ________      ________      ________      ________      ________
 A_04              29
 A_05               0            30
 A_06               0             0            31
 B_02               0             0             0            33
 B_03               0             0             0             0            35
 B_04              36             0             0             0             0
 B_05               0            38             0             0             0
 B_06               0             0            40             0             0
 A_01               0             0             0             0             0
 B_01               0             0             0             0             0


           PSI
              B_04          B_05          B_06          A_01          B_01
              ________      ________      ________      ________      ________
 B_04              37
 B_05               0            39
 B_06               0             0            41
 A_01               0             0             0            44
 B_01               0             0             0             0            46


     STARTING VALUES


           NU
              A_02          A_03          A_04          A_05          A_06
              ________      ________      ________      ________      ________
 1              0.000         0.000         0.000         0.000         0.000


           NU
              B_02          B_03          B_04          B_05          B_06
              ________      ________      ________      ________      ________
 1              0.000         0.000         0.000         0.000         0.000


           NU
              A_01          B_01
              ________      ________
 1              0.000         0.000


           LAMBDA
              IA            SA            IB            A_02          A_03
              ________      ________      ________      ________      ________
 A_02           0.000         0.000         0.000         1.000         0.000
 A_03           0.000         0.000         0.000         0.000         1.000
 A_04           0.000         0.000         0.000         0.000         0.000
 A_05           0.000         0.000         0.000         0.000         0.000
 A_06           0.000         0.000         0.000         0.000         0.000
 B_02           0.000         0.000         0.000         0.000         0.000
 B_03           0.000         0.000         0.000         0.000         0.000
 B_04           0.000         0.000         0.000         0.000         0.000
 B_05           0.000         0.000         0.000         0.000         0.000
 B_06           0.000         0.000         0.000         0.000         0.000
 A_01           0.000         0.000         0.000         0.000         0.000
 B_01           0.000         0.000         0.000         0.000         0.000


           LAMBDA
              A_04          A_05          A_06          B_02          B_03
              ________      ________      ________      ________      ________
 A_02           0.000         0.000         0.000         0.000         0.000
 A_03           0.000         0.000         0.000         0.000         0.000
 A_04           1.000         0.000         0.000         0.000         0.000
 A_05           0.000         1.000         0.000         0.000         0.000
 A_06           0.000         0.000         1.000         0.000         0.000
 B_02           0.000         0.000         0.000         1.000         0.000
 B_03           0.000         0.000         0.000         0.000         1.000
 B_04           0.000         0.000         0.000         0.000         0.000
 B_05           0.000         0.000         0.000         0.000         0.000
 B_06           0.000         0.000         0.000         0.000         0.000
 A_01           0.000         0.000         0.000         0.000         0.000
 B_01           0.000         0.000         0.000         0.000         0.000


           LAMBDA
              B_04          B_05          B_06          A_01          B_01
              ________      ________      ________      ________      ________
 A_02           0.000         0.000         0.000         0.000         0.000
 A_03           0.000         0.000         0.000         0.000         0.000
 A_04           0.000         0.000         0.000         0.000         0.000
 A_05           0.000         0.000         0.000         0.000         0.000
 A_06           0.000         0.000         0.000         0.000         0.000
 B_02           0.000         0.000         0.000         0.000         0.000
 B_03           0.000         0.000         0.000         0.000         0.000
 B_04           1.000         0.000         0.000         0.000         0.000
 B_05           0.000         1.000         0.000         0.000         0.000
 B_06           0.000         0.000         1.000         0.000         0.000
 A_01           0.000         0.000         0.000         1.000         0.000
 B_01           0.000         0.000         0.000         0.000         1.000


           THETA
              A_02          A_03          A_04          A_05          A_06
              ________      ________      ________      ________      ________
 A_02           0.000
 A_03           0.000         0.000
 A_04           0.000         0.000         0.000
 A_05           0.000         0.000         0.000         0.000
 A_06           0.000         0.000         0.000         0.000         0.000
 B_02           0.000         0.000         0.000         0.000         0.000
 B_03           0.000         0.000         0.000         0.000         0.000
 B_04           0.000         0.000         0.000         0.000         0.000
 B_05           0.000         0.000         0.000         0.000         0.000
 B_06           0.000         0.000         0.000         0.000         0.000
 A_01           0.000         0.000         0.000         0.000         0.000
 B_01           0.000         0.000         0.000         0.000         0.000


           THETA
              B_02          B_03          B_04          B_05          B_06
              ________      ________      ________      ________      ________
 B_02           0.000
 B_03           0.000         0.000
 B_04           0.000         0.000         0.000
 B_05           0.000         0.000         0.000         0.000
 B_06           0.000         0.000         0.000         0.000         0.000
 A_01           0.000         0.000         0.000         0.000         0.000
 B_01           0.000         0.000         0.000         0.000         0.000


           THETA
              A_01          B_01
              ________      ________
 A_01           0.000
 B_01           0.000         0.000


           ALPHA
              IA            SA            IB            A_02          A_03
              ________      ________      ________      ________      ________
 1              0.000         0.000         0.000         0.000         0.000


           ALPHA
              A_04          A_05          A_06          B_02          B_03
              ________      ________      ________      ________      ________
 1              0.000         0.000         0.000         0.000         0.000


           ALPHA
              B_04          B_05          B_06          A_01          B_01
              ________      ________      ________      ________      ________
 1              0.000         0.000         0.000         0.000         0.000


           BETA
              IA            SA            IB            A_02          A_03
              ________      ________      ________      ________      ________
 IA             0.000         0.000         0.000         0.000         0.000
 SA             0.000         0.000         0.000         0.000         0.000
 IB             0.000         0.000         0.000         0.000         0.000
 A_02           1.000         0.000         0.000         0.000         0.000
 A_03           1.000         2.000         0.000         0.000         0.000
 A_04           1.000         4.000         0.000         0.000         0.000
 A_05           1.000         6.000         0.000         0.000         0.000
 A_06           1.000         8.000         0.000         0.000         0.000
 B_02           0.000         0.000         1.000         0.000         0.000
 B_03           0.000         0.000         1.000         0.000         0.000
 B_04           0.000         0.000         1.000         0.000         0.000
 B_05           0.000         0.000         1.000         0.000         0.000
 B_06           0.000         0.000         1.000         0.000         0.000
 A_01           0.000         0.000         0.000         0.000         0.000
 B_01           0.000         0.000         0.000         0.000         0.000


           BETA
              A_04          A_05          A_06          B_02          B_03
              ________      ________      ________      ________      ________
 IA             0.000         0.000         0.000         0.000         0.000
 SA             0.000         0.000         0.000         0.000         0.000
 IB             0.000         0.000         0.000         0.000         0.000
 A_02           0.000         0.000         0.000         0.000         0.000
 A_03           0.000         0.000         0.000         0.000         0.000
 A_04           0.000         0.000         0.000         0.000         0.000
 A_05           0.000         0.000         0.000         0.000         0.000
 A_06           0.000         0.000         0.000         0.000         0.000
 B_02           0.000         0.000         0.000         0.000         0.000
 B_03           0.000         0.000         0.000         0.000         0.000
 B_04           0.000         0.000         0.000         0.000         0.000
 B_05           0.000         0.000         0.000         0.000         0.000
 B_06           0.000         0.000         0.000         0.000         0.000
 A_01           0.000         0.000         0.000         0.000         0.000
 B_01           0.000         0.000         0.000         0.000         0.000


           BETA
              B_04          B_05          B_06          A_01          B_01
              ________      ________      ________      ________      ________
 IA             0.000         0.000         0.000         0.000         0.000
 SA             0.000         0.000         0.000         0.000         0.000
 IB             0.000         0.000         0.000         0.000         0.000
 A_02           0.000         0.000         0.000         0.000         0.000
 A_03           0.000         0.000         0.000         0.000         0.000
 A_04           0.000         0.000         0.000         0.000         0.000
 A_05           0.000         0.000         0.000         0.000         0.000
 A_06           0.000         0.000         0.000         0.000         0.000
 B_02           0.000         0.000         0.000         0.000         0.000
 B_03           0.000         0.000         0.000         0.000         0.000
 B_04           0.000         0.000         0.000         0.000         0.000
 B_05           0.000         0.000         0.000         0.000         0.000
 B_06           0.000         0.000         0.000         0.000         0.000
 A_01           0.000         0.000         0.000         0.000         0.000
 B_01           0.000         0.000         0.000         0.000         0.000


           PSI
              IA            SA            IB            A_02          A_03
              ________      ________      ________      ________      ________
 IA             0.050
 SA             0.000         0.050
 IB             0.000         0.000         0.050
 A_02           0.000         0.000         0.000         1.787
 A_03           0.000         0.000         0.000         0.000         1.760
 A_04           0.000         0.000         0.000         0.000         0.000
 A_05           0.000         0.000         0.000         0.000         0.000
 A_06           0.000         0.000         0.000         0.000         0.000
 B_02           0.000         0.000         0.000         0.000         0.000
 B_03           0.000         0.000         0.000         0.000         0.000
 B_04           0.000         0.000         0.000         0.000         0.000
 B_05           0.000         0.000         0.000         0.000         0.000
 B_06           0.000         0.000         0.000         0.000         0.000
 A_01           0.000         0.000         0.000         0.000         0.000
 B_01           0.000         0.000         0.000         0.000         0.000


           PSI
              A_04          A_05          A_06          B_02          B_03
              ________      ________      ________      ________      ________
 A_04           1.896
 A_05           0.000         1.948
 A_06           0.000         0.000         1.930
 B_02           0.000         0.000         0.000        33.092
 B_03           0.000         0.000         0.000         0.000        36.932
 B_04           0.000         0.000         0.000         0.000         0.000
 B_05           0.000         0.000         0.000         0.000         0.000
 B_06           0.000         0.000         0.000         0.000         0.000
 A_01           0.000         0.000         0.000         0.000         0.000
 B_01           0.000         0.000         0.000         0.000         0.000


           PSI
              B_04          B_05          B_06          A_01          B_01
              ________      ________      ________      ________      ________
 B_04          35.994
 B_05           0.000        38.520
 B_06           0.000         0.000        38.270
 A_01           0.000         0.000         0.000         1.695
 B_01           0.000         0.000         0.000         0.000        35.037


     Beginning Time:  16:43:24
        Ending Time:  17:39:15
       Elapsed Time:  00:55:51



MUTHEN & MUTHEN
3463 Stoner Ave.
Los Angeles, CA  90066

Tel: (310) 391-9971
Fax: (310) 391-8971
Web: www.StatModel.com
Support: Support@StatModel.com

Copyright (c) 1998-2015 Muthen & Muthen
