Mplus VERSION 7.4 (Mac)
MUTHEN & MUTHEN
10/15/2017   8:28 AM

INPUT INSTRUCTIONS

  TITLE:
  12 - Predetermined ALT-9 plus constrained social
  DATA:
  File = wide-dataset-b.dat;
  VARIABLE:
  NAMES are
   id hhid male birthyr_rand birthmo_rand race_rand hispanic_rand cohort
      raedyrs raedegrm memoryproblems_baseline memory_disease_ever age_baseline
      age_baseline_65 health_conditions_baseline healthcond_mean activity_mean_2004
      activity_mean_2006 activity_mean_2008 activity_mean_2010 activity_mean_2012
      activity_mean_2014 activity_sum_2004 activity_sum_2006 activity_sum_2008
      activity_sum_2010 activity_sum_2012 activity_sum_2014 close_social_network_2004
      close_social_network_2006 close_social_network_2008 close_social_network_2010
      close_social_network_2012 close_social_network_2014 countb20r_2004
      countb20r_2006 countb20r_2008 countb20r_2010 countb20r_2012 countb20r_2014
      crp_adj_2004 crp_adj_2006 crp_adj_2008 crp_adj_2010 crp_adj_2012 crp_adj_2014
      dep_total_2004 dep_total_2006 dep_total_2008 dep_total_2010 dep_total_2012
      dep_total_2014 exercise_2004 exercise_2006 exercise_2008 exercise_2010
      exercise_2012 exercise_2014 healthcond_2004 healthcond_2006 healthcond_2008
      healthcond_2010 healthcond_2012 healthcond_2014 hhres_2004 hhres_2006
      hhres_2008 hhres_2010 hhres_2012 hhres_2014 hrs_tscore_2004 hrs_tscore_2006
      hrs_tscore_2008 hrs_tscore_2010 hrs_tscore_2012 hrs_tscore_2014 intage_r_2004
      intage_r_2006 intage_r_2008 intage_r_2010 intage_r_2012 intage_r_2014
      interview_date_2004 interview_date_2006 interview_date_2008 interview_date_2010
      interview_date_2012 interview_date_2014 lb_65_wave_2004 lb_65_wave_2006
      lb_65_wave_2008 lb_65_wave_2010 lb_65_wave_2012 lb_65_wave_2014 lb_wave_2004
      lb_wave_2006 lb_wave_2008 lb_wave_2010 lb_wave_2012 lb_wave_2014 listassi_2004
      listassi_2006 listassi_2008 listassi_2010 listassi_2012 listassi_2014
      mentalstatus_tot_2004 mentalstatus_tot_2006 mentalstatus_tot_2008
      mentalstatus_tot_2010 mentalstatus_tot_2012 mentalstatus_tot_2014 proxy_2004
      proxy_2006 proxy_2008 proxy_2010 proxy_2012 proxy_2014 responded_2004
      responded_2006 responded_2008 responded_2010 responded_2012 responded_2014
      rmaritalst_2004 rmaritalst_2006 rmaritalst_2008 rmaritalst_2010 rmaritalst_2012
      rmaritalst_2014 rpartst_2004 rpartst_2006 rpartst_2008 rpartst_2010
      rpartst_2012 rpartst_2014 score_loneliness_11_2004 score_loneliness_11_2006
      score_loneliness_11_2008 score_loneliness_11_2010 score_loneliness_11_2012
      score_loneliness_11_2014 score_loneliness_3_2004 score_loneliness_3_2006
      score_loneliness_3_2008 score_loneliness_3_2010 score_loneliness_3_2012
      score_loneliness_3_2014 shhidpnr_2004 shhidpnr_2006 shhidpnr_2008 shhidpnr_2010
      shhidpnr_2012 shhidpnr_2014 snchild_2004 snchild_2006 snchild_2008 snchild_2010
      snchild_2012 snchild_2014 snfamily_2004 snfamily_2006 snfamily_2008
      snfamily_2010 snfamily_2012 snfamily_2014 snfriends_2004 snfriends_2006
      snfriends_2008 snfriends_2010 snfriends_2012 snfriends_2014 snspouse_2004
      snspouse_2006 snspouse_2008 snspouse_2010 snspouse_2012 snspouse_2014
      social_contact_total_2004 social_contact_total_2006 social_contact_total_2008
      social_contact_total_2010 social_contact_total_2012 social_contact_total_2014
      social_strain_mean_2004 social_strain_mean_2006 social_strain_mean_2008
      social_strain_mean_2010 social_strain_mean_2012 social_strain_mean_2014
      social_support_mean_2004 social_support_mean_2006 social_support_mean_2008
      social_support_mean_2010 social_support_mean_2012 social_support_mean_2014
      socialnetwork_total_2004 socialnetwork_total_2006 socialnetwork_total_2008
      socialnetwork_total_2010 socialnetwork_total_2012 socialnetwork_total_2014
      srmemory_2004 srmemory_2006 srmemory_2008 srmemory_2010 srmemory_2012
      srmemory_2014 srmemoryp_2004 srmemoryp_2006 srmemoryp_2008 srmemoryp_2010
      srmemoryp_2012 srmemoryp_2014 vocab_total_2004 vocab_total_2006 vocab_total_2008
      vocab_total_2010 vocab_total_2012 vocab_total_2014 wrectotd_2004 wrectotd_2006
      wrectotd_2008 wrectotd_2010 wrectotd_2012 wrectotd_2014 wrectoti_2004
      wrectoti_2006 wrectoti_2008 wrectoti_2010 wrectoti_2012 wrectoti_2014
  	;
  Missing are all(9999);
  USEVARIABLES are
  	!define the variables used in the analysis
  	!estimated time points
  a_01
  a_02
  a_03
  a_04
  a_05
  a_06
  	!modelled time points of process (B)
  b_01
  b_02
  b_03
  b_04
  b_05
  b_06
  	! covariates used in the model
  	;
  SUBPOPULATION are
  	!select a subset of observations
  age_baseline > 64 AND
  memory_disease_ever EQ 0
  ;
  CLUSTER = hhid;
  DEFINE:
    ! centre baseline age
  a = age_baseline - 69;
  	! assign variables to the process (A)
  a_01=wrectotd_2004;
  a_02=wrectotd_2006;
  a_03=wrectotd_2008;
  a_04=wrectotd_2010;
  a_05=wrectotd_2012;
  a_06=wrectotd_2014;
  	! assign variables to the process (B)
  b_01=social_contact_total_2004;
  b_02=social_contact_total_2006;
  b_03=social_contact_total_2008;
  b_04=social_contact_total_2010;
  b_05=social_contact_total_2012;
  b_06=social_contact_total_2014;
  ANALYSIS:
  TYPE = COMPLEX RANDOM;
  model=nocovariances;
  COVERAGE=.00;
  H1ITERATIONS = 10000;
  MODEL:
  	!LGM part
  	! assign process (A) to time points
  ia BY a_02@1 a_03@1 a_04@1 a_05@1 a_06@1;
  sa BY a_02@0 a_03@2 a_04@4 a_05@6 a_06@8;
  	! assign process (B) to time points
  ib BY b_02@1 b_03@1 b_04@1 b_05@1 b_06@1;
  sb BY b_02@0 b_03@2 b_04@4 b_05@6 b_06@8;
  	!correlations between the first measurement points
  	!autoregressive part
  a_01 a_02 a_03 a_04 a_05 a_06;
  a_02 ON a_01;
  a_03 ON a_02;
  a_04 ON a_03;
  a_05 ON a_04;
  a_06 ON a_05;
  b_01 b_02 b_03 b_04 b_05 b_06;
  b_02 ON b_01(1);
  b_03 ON b_02(1);
  b_04 ON b_03(1);
  b_05 ON b_04(1);
  b_06 ON b_05(1);
  	!Cross lagged part
  a_02 ON b_01;
  a_03 ON b_02;
  a_04 ON b_03;
  a_05 ON b_04;
  a_06 ON b_05;
  b_02 ON a_01;
  b_03 ON a_02;
  b_04 ON a_03;
  b_05 ON a_04;
  b_06 ON a_05;
  ia;
  sa;
  ib;
  !sb;
  ia with sa;
  !ib with sb;
  ia with a_01;
  sa with a_01;
  ib with b_01;
  sb with b_01;
  ia with ib;
  sa with sb;
  ! Time specific correlations
  !b_02 WITH a_02(1);
  !b_04 WITH a_04(1);
  !b_05 WITH a_05(1);
  !b_06 WITH a_06(1);
  [a_02@0 a_03@0 a_04@0 a_05@0 a_06@0];
  [b_02@0 b_03@0 b_04@0 b_05@0 b_06@0];
  [ia];
  [ib];
  [sa];
  [sb];
  [a_01];
  [b_01];
  	
  OUTPUT: SAMPSTAT MODINDICES (3.0); TECH1; TECH4;



*** WARNING in OUTPUT command
  TECH4 option for TYPE=RANDOM requires ALGORITHM=INTEGRATION.
  Request for TECH4 is ignored.
   1 WARNING(S) FOUND IN THE INPUT INSTRUCTIONS




12 - Predetermined ALT-9 plus constrained social

SUMMARY OF ANALYSIS

Number of groups                                                 1
Number of observations                                        5952

Number of dependent variables                                   10
Number of independent variables                                  2
Number of continuous latent variables                            4

Observed dependent variables

  Continuous
   A_02        A_03        A_04        A_05        A_06        B_02
   B_03        B_04        B_05        B_06

Observed independent variables
   A_01        B_01

Continuous latent variables
   IA          SA          IB          SB

Variables with special functions

  Cluster variable      HHID

Estimator                                                      MLR
Information matrix                                        OBSERVED
Maximum number of iterations                                   100
Convergence criterion                                    0.100D-05
Maximum number of EM iterations                                500
Convergence criteria for the EM algorithm
  Loglikelihood change                                   0.100D-02
  Relative loglikelihood change                          0.100D-05
  Derivative                                             0.100D-03
Minimum variance                                         0.100D-03
Maximum number of steepest descent iterations                   20
Maximum number of iterations for H1                          10000
Convergence criterion for H1                             0.100D-03
Optimization algorithm                                         EMA

Input data file(s)
  wide-dataset-b.dat
Input data format  FREE


SUMMARY OF DATA

     Number of missing data patterns           273
     Number of clusters        4882



SAMPLE STATISTICS


     ESTIMATED SAMPLE STATISTICS


           Means
              A_02          A_03          A_04          A_05          A_06
              ________      ________      ________      ________      ________
 1              4.215         4.110         3.722         3.504         3.311


           Means
              B_02          B_03          B_04          B_05          B_06
              ________      ________      ________      ________      ________
 1             29.564        29.527        29.202        28.553        27.871


           Means
              A_01          B_01
              ________      ________
 1              4.374        30.283


           Covariances
              A_02          A_03          A_04          A_05          A_06
              ________      ________      ________      ________      ________
 A_02           3.590
 A_03           1.658         3.524
 A_04           1.802         1.793         3.812
 A_05           1.724         1.937         1.995         3.970
 A_06           1.874         1.712         2.109         2.185         3.997
 B_02           2.735         2.266         2.299         2.909         2.443
 B_03           2.832         2.283         2.818         2.953         3.028
 B_04           2.761         2.755         2.807         2.965         2.946
 B_05           3.488         2.907         3.308         3.518         3.920
 B_06           2.754         3.320         2.720         3.740         3.802
 A_01           1.739         1.664         1.601         1.712         1.607
 B_01           2.426         2.665         2.815         2.236         1.931


           Covariances
              B_02          B_03          B_04          B_05          B_06
              ________      ________      ________      ________      ________
 B_02          66.437
 B_03          36.878        74.243
 B_04          41.366        39.994        72.274
 B_05          30.070        45.770        36.190        78.877
 B_06          38.068        46.140        46.157        36.920        77.776
 A_01           2.406         2.871         2.546         2.676         2.716
 B_01          33.952        38.330        33.763        38.779        36.758


           Covariances
              A_01          B_01
              ________      ________
 A_01           3.403
 B_01           2.401        70.735


           Correlations
              A_02          A_03          A_04          A_05          A_06
              ________      ________      ________      ________      ________
 A_02           1.000
 A_03           0.466         1.000
 A_04           0.487         0.489         1.000
 A_05           0.457         0.518         0.513         1.000
 A_06           0.495         0.456         0.540         0.549         1.000
 B_02           0.177         0.148         0.144         0.179         0.150
 B_03           0.173         0.141         0.167         0.172         0.176
 B_04           0.171         0.173         0.169         0.175         0.173
 B_05           0.207         0.174         0.191         0.199         0.221
 B_06           0.165         0.201         0.158         0.213         0.216
 A_01           0.497         0.481         0.444         0.466         0.436
 B_01           0.152         0.169         0.171         0.133         0.115


           Correlations
              B_02          B_03          B_04          B_05          B_06
              ________      ________      ________      ________      ________
 B_02           1.000
 B_03           0.525         1.000
 B_04           0.597         0.546         1.000
 B_05           0.415         0.598         0.479         1.000
 B_06           0.530         0.607         0.616         0.471         1.000
 A_01           0.160         0.181         0.162         0.163         0.167
 B_01           0.495         0.529         0.472         0.519         0.496


           Correlations
              A_01          B_01
              ________      ________
 A_01           1.000
 B_01           0.155         1.000


     MAXIMUM LOG-LIKELIHOOD VALUE FOR THE UNRESTRICTED (H1) MODEL IS -107379.674


UNIVARIATE SAMPLE STATISTICS


     UNIVARIATE HIGHER-ORDER MOMENT DESCRIPTIVE STATISTICS

         Variable/         Mean/     Skewness/   Minimum/ % with                Percentiles
        Sample Size      Variance    Kurtosis    Maximum  Min/Max      20%/60%    40%/80%    Median

     A_02                  4.227      -0.154       0.000    4.88%       3.000      4.000      4.000
            5671.000       3.575       0.108      10.000    0.37%       5.000      6.000
     A_03                  4.123      -0.205       0.000    5.40%       3.000      4.000      4.000
            5775.000       3.519      -0.027      10.000    0.14%       5.000      6.000
     A_04                  3.750      -0.101       0.000    8.11%       2.000      3.000      4.000
            5669.000       3.793      -0.258      10.000    0.11%       4.000      5.000
     A_05                  3.607      -0.083       0.000    9.78%       2.000      3.000      4.000
            5132.000       3.896      -0.361      10.000    0.12%       4.000      5.000
     A_06                  3.492      -0.040       0.000   10.50%       2.000      3.000      4.000
            4429.000       3.860      -0.393      10.000    0.07%       4.000      5.000
     B_02                 29.599      -0.258       3.000    0.07%      23.000     28.000     30.000
            2788.000      66.183       0.159      54.000    0.18%      32.000     36.000
     B_03                 29.608      -0.254       2.000    0.04%      23.000     28.000     30.000
            2739.000      73.864       0.073      54.000    0.18%      32.000     37.000
     B_04                 29.406      -0.205       4.000    0.19%      22.000     28.000     30.000
            2647.000      71.988      -0.061      54.000    0.04%      32.000     36.000
     B_05                 28.986      -0.189       3.000    0.04%      22.000     27.000     29.000
            2240.000      77.040      -0.099      54.000    0.13%      32.000     36.000
     B_06                 28.653      -0.229       3.000    0.05%      22.000     27.000     29.000
            2036.000      76.540      -0.202      54.000    0.05%      31.000     36.000
     A_01                  4.400      -0.160       0.000    3.69%       3.000      4.000      4.000
            5478.000       3.390       0.175      10.000    0.31%       5.000      6.000
     B_01                 30.562      -0.258       3.000    0.09%      24.000     29.000     31.000
            1057.000      70.074       0.149      53.000    0.09%      33.000     37.000


THE MODEL ESTIMATION TERMINATED NORMALLY

     WARNING:  THE LATENT VARIABLE COVARIANCE MATRIX (PSI) IS NOT POSITIVE
     DEFINITE.  THIS COULD INDICATE A NEGATIVE VARIANCE/RESIDUAL VARIANCE FOR A
     LATENT VARIABLE, A CORRELATION GREATER OR EQUAL TO ONE BETWEEN TWO LATENT
     VARIABLES, OR A LINEAR DEPENDENCY AMONG MORE THAN TWO LATENT VARIABLES.
     CHECK THE TECH4 OUTPUT FOR MORE INFORMATION.



MODEL FIT INFORMATION

Number of Free Parameters                       45

Loglikelihood

          H0 Value                     -107520.155
          H0 Scaling Correction Factor      1.2185
            for MLR
          H1 Value                     -107379.674
          H1 Scaling Correction Factor      1.1005
            for MLR

Information Criteria

          Akaike (AIC)                  215130.309
          Bayesian (BIC)                215431.426
          Sample-Size Adjusted BIC      215288.429
            (n* = (n + 2) / 24)

Chi-Square Test of Model Fit

          Value                            285.976*
          Degrees of Freedom                    45
          P-Value                           0.0000
          Scaling Correction Factor         0.9825
            for MLR

*   The chi-square value for MLM, MLMV, MLR, ULSMV, WLSM and WLSMV cannot be used
    for chi-square difference testing in the regular way.  MLM, MLR and WLSM
    chi-square difference testing is described on the Mplus website.  MLMV, WLSMV,
    and ULSMV difference testing is done using the DIFFTEST option.

RMSEA (Root Mean Square Error Of Approximation)

          Estimate                           0.030

CFI/TLI

          CFI                                0.981
          TLI                                0.972

Chi-Square Test of Model Fit for the Baseline Model

          Value                          12782.831
          Degrees of Freedom                    66
          P-Value                           0.0000

SRMR (Standardized Root Mean Square Residual)

          Value                              0.071



MODEL RESULTS

                                                    Two-Tailed
                    Estimate       S.E.  Est./S.E.    P-Value

 IA       BY
    A_02               1.000      0.000    999.000    999.000
    A_03               1.000      0.000    999.000    999.000
    A_04               1.000      0.000    999.000    999.000
    A_05               1.000      0.000    999.000    999.000
    A_06               1.000      0.000    999.000    999.000

 SA       BY
    A_02               0.000      0.000    999.000    999.000
    A_03               2.000      0.000    999.000    999.000
    A_04               4.000      0.000    999.000    999.000
    A_05               6.000      0.000    999.000    999.000
    A_06               8.000      0.000    999.000    999.000

 IB       BY
    B_02               1.000      0.000    999.000    999.000
    B_03               1.000      0.000    999.000    999.000
    B_04               1.000      0.000    999.000    999.000
    B_05               1.000      0.000    999.000    999.000
    B_06               1.000      0.000    999.000    999.000

 SB       BY
    B_02               0.000      0.000    999.000    999.000
    B_03               2.000      0.000    999.000    999.000
    B_04               4.000      0.000    999.000    999.000
    B_05               6.000      0.000    999.000    999.000
    B_06               8.000      0.000    999.000    999.000

 A_02       ON
    A_01               0.011      0.023      0.495      0.620
    B_01               0.011      0.004      2.777      0.005

 A_03       ON
    A_02              -0.007      0.019     -0.384      0.701
    B_02               0.020      0.003      5.852      0.000

 A_04       ON
    A_03               0.003      0.016      0.223      0.823
    B_03               0.016      0.003      4.952      0.000

 A_05       ON
    A_04              -0.014      0.020     -0.695      0.487
    B_04               0.022      0.004      5.696      0.000

 A_06       ON
    A_05              -0.034      0.031     -1.092      0.275
    B_05               0.028      0.005      6.211      0.000

 B_02       ON
    B_01               0.561      0.120      4.670      0.000
    A_01               0.484      0.071      6.809      0.000

 B_03       ON
    B_02               0.561      0.120      4.670      0.000
    A_02               0.519      0.056      9.224      0.000

 B_04       ON
    B_03               0.561      0.120      4.670      0.000
    A_03               0.484      0.057      8.529      0.000

 B_05       ON
    B_04               0.561      0.120      4.670      0.000
    A_04               0.398      0.095      4.172      0.000

 B_06       ON
    B_05               0.561      0.120      4.670      0.000
    A_05               0.389      0.107      3.637      0.000

 IA       WITH
    SA                 0.012      0.014      0.846      0.397
    A_01               1.661      0.078     21.159      0.000
    IB                -0.060      0.125     -0.482      0.630

 SA       WITH
    A_01              -0.007      0.014     -0.541      0.589
    SB                -0.005      0.004     -1.159      0.247

 IB       WITH
    B_01               2.260      6.639      0.340      0.734

 SB       WITH
    B_01               2.314      0.483      4.793      0.000

 Means
    A_01               4.374      0.025    175.144      0.000
    B_01              30.208      0.237    127.420      0.000
    IA                 3.854      0.151     25.493      0.000
    SA                -0.155      0.027     -5.808      0.000
    IB                10.617      3.763      2.821      0.005
    SB                 0.007      0.092      0.080      0.936

 Intercepts
    A_02               0.000      0.000    999.000    999.000
    A_03               0.000      0.000    999.000    999.000
    A_04               0.000      0.000    999.000    999.000
    A_05               0.000      0.000    999.000    999.000
    A_06               0.000      0.000    999.000    999.000
    B_02               0.000      0.000    999.000    999.000
    B_03               0.000      0.000    999.000    999.000
    B_04               0.000      0.000    999.000    999.000
    B_05               0.000      0.000    999.000    999.000
    B_06               0.000      0.000    999.000    999.000

 Variances
    A_01               3.404      0.068     50.149      0.000
    B_01              68.827      3.118     22.073      0.000
    IA                 1.626      0.125     12.972      0.000
    SA                 0.009      0.002      3.427      0.001
    IB                 5.406      5.009      1.079      0.280
    SB                -0.008      0.039     -0.210      0.833

 Residual Variances
    A_02               1.863      0.073     25.452      0.000
    A_03               1.847      0.053     34.607      0.000
    A_04               1.881      0.052     36.460      0.000
    A_05               1.789      0.070     25.487      0.000
    A_06               1.659      0.073     22.610      0.000
    B_02              37.784      4.076      9.270      0.000
    B_03              34.038      2.643     12.877      0.000
    B_04              26.710      2.010     13.285      0.000
    B_05              34.839      3.246     10.732      0.000
    B_06              32.291      3.713      8.697      0.000


QUALITY OF NUMERICAL RESULTS

     Condition Number for the Information Matrix              0.226E-07
       (ratio of smallest to largest eigenvalue)


MODEL MODIFICATION INDICES

NOTE:  Modification indices for direct effects of observed dependent variables
regressed on covariates may not be included.  To include these, request
MODINDICES (ALL).

Minimum M.I. value for printing the modification index     3.000

                                   M.I.     E.P.C.


ON/BY Statements

A_02     ON SA       /
SA       BY A_02                  15.690     2.661
A_02     ON IB       /
IB       BY A_02                   3.810    -0.036
A_02     ON SB       /
SB       BY A_02                   4.683     0.324
A_03     ON IA       /
IA       BY A_03                   3.714     0.071
A_03     ON SA       /
SA       BY A_03                  25.166    -2.050
A_03     ON IB       /
IB       BY A_03                  10.730     0.045
A_04     ON SA       /
SA       BY A_04                   4.085     0.831
A_04     ON SB       /
SB       BY A_04                   5.335     0.268
A_05     ON SB       /
SB       BY A_05                   3.815     0.237
B_02     ON SA       /
SA       BY B_02                  14.225     9.298
B_02     ON IB       /
IB       BY B_02                  10.583    -0.167
B_02     ON SB       /
SB       BY B_02                  61.861   -10.950
B_03     ON IA       /
IA       BY B_03                   7.032     0.377
B_03     ON SA       /
SA       BY B_03                   3.349    -3.964
B_03     ON IB       /
IB       BY B_03                   3.453     0.078
B_03     ON SB       /
SB       BY B_03                  31.909     6.986
B_04     ON IA       /
IA       BY B_04                   6.856     0.334
B_04     ON SA       /
SA       BY B_04                   8.790    -4.893
B_04     ON IB       /
IB       BY B_04                   5.502     0.078
B_04     ON SB       /
SB       BY B_04                  20.013     4.197
B_05     ON IA       /
IA       BY B_05                   7.233     0.354
B_06     ON SA       /
SA       BY B_06                   5.291     5.599
B_06     ON IB       /
IB       BY B_06                   4.084    -0.099
B_06     ON SB       /
SB       BY B_06                  17.666    -6.422
A_01     ON IA       /
IA       BY A_01                  59.934   -27.556
A_01     ON SA       /
SA       BY A_01                   7.241   -13.736
A_01     ON IB       /
IB       BY A_01                  69.292     0.322
A_01     ON SB       /
SB       BY A_01                   7.375     0.358
B_01     ON IA       /
IA       BY B_01                  48.386     1.270
B_01     ON SA       /
SA       BY B_01                   3.068     8.322
B_01     ON IB       /
IB       BY B_01                  14.113   -17.298
IA       ON IB       /
IB       BY IA                    14.662     0.472
IA       ON SB       /
SB       BY IA                    14.027     0.445
IB       ON IA       /
IA       BY IB                    59.219     0.987
SB       ON IA       /
IA       BY SB                    29.744     0.128

ON Statements

IA       ON A_03                   7.313    -0.066
IA       ON A_04                  11.203     0.065
IA       ON B_02                  17.441     0.016
IA       ON B_05                  17.595     0.027
IA       ON B_06                  21.147     0.027
IA       ON B_01                  18.618     0.018
SA       ON A_02                  13.086     0.021
SA       ON A_03                   9.689    -0.009
SA       ON A_05                  10.520     0.024
SA       ON A_06                   4.880    -0.025
SA       ON B_02                   6.163     0.002
SA       ON B_03                   4.563     0.001
SA       ON B_06                   6.959     0.003
SA       ON B_01                   3.043     0.001
IB       ON A_02                  32.116     0.316
IB       ON A_04                   3.123     0.084
IB       ON A_05                  12.459     0.173
IB       ON A_06                  23.821     0.307
IB       ON B_02                  14.147     0.167
IB       ON B_03                  23.705     0.303
IB       ON B_04                   8.501     0.127
IB       ON B_06                   3.775     0.090
IB       ON A_01                  59.904     0.491
SB       ON A_02                  10.041     0.029
SB       ON A_03                   8.082     0.024
SB       ON A_05                   4.339     0.022
SB       ON A_06                  15.912     0.047
SB       ON B_04                   3.143     0.016
SB       ON B_06                   4.124     0.027
SB       ON A_01                  18.541     0.044
A_02     ON A_04                  12.555     0.118
A_02     ON A_05                  13.340    -0.062
A_02     ON A_06                  25.266     0.108
A_02     ON B_02                   8.454     0.016
A_02     ON B_05                   9.558     0.016
A_03     ON A_05                   7.623     0.042
A_03     ON A_06                  27.576    -0.081
A_03     ON B_06                  11.781     0.014
A_03     ON A_01                   6.190     0.055
A_03     ON B_01                  22.686     0.027
A_04     ON B_06                   6.747    -0.012
A_04     ON A_01                  10.692    -0.045
A_05     ON A_02                   7.039    -0.037
A_05     ON A_03                  17.796     0.065
A_05     ON A_06                   4.239     0.047
A_05     ON B_02                   9.556     0.013
A_05     ON A_01                   3.407     0.026
A_06     ON A_02                  22.367     0.118
A_06     ON A_03                  43.430    -0.125
A_06     ON A_06                   4.067    -0.140
A_06     ON B_06                   3.521     0.015
B_02     ON A_02                   5.266     0.179
B_02     ON A_03                  15.177    -0.398
B_02     ON A_05                   9.310     0.263
B_02     ON B_02                  23.379    -0.094
B_02     ON B_03                  12.456    -0.067
B_02     ON B_04                  11.425    -0.062
B_02     ON B_05                  19.352    -0.090
B_02     ON B_06                  15.457    -0.072
B_02     ON B_01                  31.366    -0.007
B_03     ON A_04                   5.075     0.196
B_03     ON A_06                   5.120     0.190
B_03     ON B_02                  10.710     0.066
B_03     ON B_03                   8.398     0.048
B_03     ON B_04                   6.247     0.040
B_03     ON B_05                   5.140     0.035
B_03     ON B_06                   6.874     0.043
B_03     ON A_01                  20.067     0.376
B_03     ON B_01                  12.098     0.050
B_04     ON A_02                   4.461     0.145
B_04     ON A_04                   3.470     0.130
B_04     ON B_02                  11.646     0.039
B_04     ON B_03                   9.257     0.047
B_04     ON B_04                   9.048     0.039
B_04     ON B_05                   9.553     0.040
B_04     ON B_06                  10.374     0.042
B_04     ON A_01                  14.731     0.305
B_04     ON B_01                  12.178     0.040
B_05     ON A_02                  21.589     0.395
B_05     ON A_05                   6.040     0.194
B_05     ON A_06                   4.155     0.210
B_06     ON A_03                   6.312     0.239
B_06     ON A_04                   3.655    -0.165
B_06     ON B_02                   4.969    -0.035
B_06     ON B_03                   5.564    -0.040
B_06     ON B_04                   4.063    -0.036
B_06     ON B_05                   4.955    -0.024
B_06     ON B_06                   6.354    -0.048
B_06     ON B_01                   9.670    -0.053
A_01     ON A_02                   9.218     0.179
A_01     ON A_04                  10.393    -0.058
A_01     ON A_05                   7.114     0.052
A_01     ON B_02                  15.979     0.020
A_01     ON B_03                  51.207     0.037
A_01     ON B_04                  59.469     0.041
A_01     ON B_05                  29.744     0.028
A_01     ON B_06                  29.240     0.026
A_01     ON B_01                  19.227     0.020
B_01     ON A_02                  41.742     0.801
B_01     ON A_03                  10.585     0.377
B_01     ON A_04                  34.311     0.606
B_01     ON A_05                  32.109     0.585
B_01     ON A_06                  13.493     0.404
B_01     ON B_02                  22.098    -0.360
B_01     ON B_03                  33.494     0.575
B_01     ON B_04                  72.838     0.765
B_01     ON B_05                  27.270     0.469
B_01     ON B_06                   4.985     0.297
B_01     ON A_01                  34.384     0.635

WITH Statements

A_02     WITH SA                  12.140     0.038
A_02     WITH IB                   5.848     0.270
A_03     WITH IA                  10.707    -0.150
A_03     WITH SA                  11.190    -0.018
A_03     WITH IB                   6.835    -0.254
A_03     WITH A_02                 5.068    -0.150
A_04     WITH IA                  11.076     0.122
A_04     WITH SB                   5.904    -0.044
A_04     WITH A_02                 8.315     0.141
A_05     WITH SA                  11.762     0.048
A_05     WITH A_02                18.846    -0.152
A_05     WITH A_03                19.831     0.171
A_06     WITH SA                   5.403    -0.047
A_06     WITH SB                   3.390     0.050
A_06     WITH A_02                34.595     0.309
A_06     WITH A_03                45.853    -0.260
A_06     WITH A_04                 6.076     0.167
A_06     WITH A_05                 3.399     0.221
B_02     WITH IA                   6.423     0.484
B_02     WITH SA                   4.660     0.080
B_02     WITH A_02                11.869     0.707
B_02     WITH A_03                25.784    -1.260
B_02     WITH A_05                11.296     0.705
B_03     WITH IA                  15.684    -0.885
B_03     WITH A_02                 8.218    -0.698
B_03     WITH A_03                 4.611    -0.448
B_04     WITH IA                   8.038    -0.555
B_04     WITH SA                   5.567    -0.075
B_04     WITH A_03                 7.270    -0.598
B_05     WITH IA                   9.887     0.711
B_05     WITH A_02                19.485     1.055
B_05     WITH A_04                 8.003    -0.728
B_06     WITH SA                   4.560     0.113
B_06     WITH A_03                13.123     0.850
B_06     WITH A_04                 7.797    -0.651
B_06     WITH A_06                 5.539     0.687
B_06     WITH B_05                 3.306    15.799
A_01     WITH IB                  59.732     1.663
A_01     WITH SB                   7.245     0.066
A_01     WITH A_02                 6.581     0.283
A_01     WITH A_04                12.657    -0.120
A_01     WITH A_05                 4.486     0.075
A_01     WITH B_03                22.852     1.188
A_01     WITH B_04                 9.349     0.685
B_01     WITH IA                  14.584     1.063
B_01     WITH A_02                 6.382     0.887
B_01     WITH A_04                 5.389     0.633
B_01     WITH A_05                 4.472     0.602
B_01     WITH B_02                53.130   -23.124
B_01     WITH B_03                33.862    17.265
B_01     WITH B_04                17.489     9.265
B_01     WITH B_06                15.449   -14.199
B_01     WITH A_01                 8.221     0.886

Means/Intercepts/Thresholds

[ A_02     ]                      12.913    -0.573
[ A_03     ]                      17.192     0.465
[ B_02     ]                      10.286    -1.769
[ B_03     ]                       3.255     0.817
[ B_04     ]                       4.257     0.736
[ B_06     ]                       3.899    -1.058


TECHNICAL 1 OUTPUT


     PARAMETER SPECIFICATION


           NU
              A_02          A_03          A_04          A_05          A_06
              ________      ________      ________      ________      ________
 1                  0             0             0             0             0


           NU
              B_02          B_03          B_04          B_05          B_06
              ________      ________      ________      ________      ________
 1                  0             0             0             0             0


           NU
              A_01          B_01
              ________      ________
 1                  0             0


           LAMBDA
              IA            SA            IB            SB            A_02
              ________      ________      ________      ________      ________
 A_02               0             0             0             0             0
 A_03               0             0             0             0             0
 A_04               0             0             0             0             0
 A_05               0             0             0             0             0
 A_06               0             0             0             0             0
 B_02               0             0             0             0             0
 B_03               0             0             0             0             0
 B_04               0             0             0             0             0
 B_05               0             0             0             0             0
 B_06               0             0             0             0             0
 A_01               0             0             0             0             0
 B_01               0             0             0             0             0


           LAMBDA
              A_03          A_04          A_05          A_06          B_02
              ________      ________      ________      ________      ________
 A_02               0             0             0             0             0
 A_03               0             0             0             0             0
 A_04               0             0             0             0             0
 A_05               0             0             0             0             0
 A_06               0             0             0             0             0
 B_02               0             0             0             0             0
 B_03               0             0             0             0             0
 B_04               0             0             0             0             0
 B_05               0             0             0             0             0
 B_06               0             0             0             0             0
 A_01               0             0             0             0             0
 B_01               0             0             0             0             0


           LAMBDA
              B_03          B_04          B_05          B_06          A_01
              ________      ________      ________      ________      ________
 A_02               0             0             0             0             0
 A_03               0             0             0             0             0
 A_04               0             0             0             0             0
 A_05               0             0             0             0             0
 A_06               0             0             0             0             0
 B_02               0             0             0             0             0
 B_03               0             0             0             0             0
 B_04               0             0             0             0             0
 B_05               0             0             0             0             0
 B_06               0             0             0             0             0
 A_01               0             0             0             0             0
 B_01               0             0             0             0             0


           LAMBDA
              B_01
              ________
 A_02               0
 A_03               0
 A_04               0
 A_05               0
 A_06               0
 B_02               0
 B_03               0
 B_04               0
 B_05               0
 B_06               0
 A_01               0
 B_01               0


           THETA
              A_02          A_03          A_04          A_05          A_06
              ________      ________      ________      ________      ________
 A_02               0
 A_03               0             0
 A_04               0             0             0
 A_05               0             0             0             0
 A_06               0             0             0             0             0
 B_02               0             0             0             0             0
 B_03               0             0             0             0             0
 B_04               0             0             0             0             0
 B_05               0             0             0             0             0
 B_06               0             0             0             0             0
 A_01               0             0             0             0             0
 B_01               0             0             0             0             0


           THETA
              B_02          B_03          B_04          B_05          B_06
              ________      ________      ________      ________      ________
 B_02               0
 B_03               0             0
 B_04               0             0             0
 B_05               0             0             0             0
 B_06               0             0             0             0             0
 A_01               0             0             0             0             0
 B_01               0             0             0             0             0


           THETA
              A_01          B_01
              ________      ________
 A_01               0
 B_01               0             0


           ALPHA
              IA            SA            IB            SB            A_02
              ________      ________      ________      ________      ________
 1                  1             2             3             4             0


           ALPHA
              A_03          A_04          A_05          A_06          B_02
              ________      ________      ________      ________      ________
 1                  0             0             0             0             0


           ALPHA
              B_03          B_04          B_05          B_06          A_01
              ________      ________      ________      ________      ________
 1                  0             0             0             0             5


           ALPHA
              B_01
              ________
 1                  6


           BETA
              IA            SA            IB            SB            A_02
              ________      ________      ________      ________      ________
 IA                 0             0             0             0             0
 SA                 0             0             0             0             0
 IB                 0             0             0             0             0
 SB                 0             0             0             0             0
 A_02               0             0             0             0             0
 A_03               0             0             0             0             9
 A_04               0             0             0             0             0
 A_05               0             0             0             0             0
 A_06               0             0             0             0             0
 B_02               0             0             0             0             0
 B_03               0             0             0             0            19
 B_04               0             0             0             0             0
 B_05               0             0             0             0             0
 B_06               0             0             0             0             0
 A_01               0             0             0             0             0
 B_01               0             0             0             0             0


           BETA
              A_03          A_04          A_05          A_06          B_02
              ________      ________      ________      ________      ________
 IA                 0             0             0             0             0
 SA                 0             0             0             0             0
 IB                 0             0             0             0             0
 SB                 0             0             0             0             0
 A_02               0             0             0             0             0
 A_03               0             0             0             0            10
 A_04              11             0             0             0             0
 A_05               0            13             0             0             0
 A_06               0             0            15             0             0
 B_02               0             0             0             0             0
 B_03               0             0             0             0            18
 B_04              20             0             0             0             0
 B_05               0            21             0             0             0
 B_06               0             0            22             0             0
 A_01               0             0             0             0             0
 B_01               0             0             0             0             0


           BETA
              B_03          B_04          B_05          B_06          A_01
              ________      ________      ________      ________      ________
 IA                 0             0             0             0             0
 SA                 0             0             0             0             0
 IB                 0             0             0             0             0
 SB                 0             0             0             0             0
 A_02               0             0             0             0             7
 A_03               0             0             0             0             0
 A_04              12             0             0             0             0
 A_05               0            14             0             0             0
 A_06               0             0            16             0             0
 B_02               0             0             0             0            17
 B_03               0             0             0             0             0
 B_04              18             0             0             0             0
 B_05               0            18             0             0             0
 B_06               0             0            18             0             0
 A_01               0             0             0             0             0
 B_01               0             0             0             0             0


           BETA
              B_01
              ________
 IA                 0
 SA                 0
 IB                 0
 SB                 0
 A_02               8
 A_03               0
 A_04               0
 A_05               0
 A_06               0
 B_02              18
 B_03               0
 B_04               0
 B_05               0
 B_06               0
 A_01               0
 B_01               0


           PSI
              IA            SA            IB            SB            A_02
              ________      ________      ________      ________      ________
 IA                23
 SA                24            25
 IB                26             0            27
 SB                 0            28             0            29
 A_02               0             0             0             0            30
 A_03               0             0             0             0             0
 A_04               0             0             0             0             0
 A_05               0             0             0             0             0
 A_06               0             0             0             0             0
 B_02               0             0             0             0             0
 B_03               0             0             0             0             0
 B_04               0             0             0             0             0
 B_05               0             0             0             0             0
 B_06               0             0             0             0             0
 A_01              40            41             0             0             0
 B_01               0             0            43            44             0


           PSI
              A_03          A_04          A_05          A_06          B_02
              ________      ________      ________      ________      ________
 A_03              31
 A_04               0            32
 A_05               0             0            33
 A_06               0             0             0            34
 B_02               0             0             0             0            35
 B_03               0             0             0             0             0
 B_04               0             0             0             0             0
 B_05               0             0             0             0             0
 B_06               0             0             0             0             0
 A_01               0             0             0             0             0
 B_01               0             0             0             0             0


           PSI
              B_03          B_04          B_05          B_06          A_01
              ________      ________      ________      ________      ________
 B_03              36
 B_04               0            37
 B_05               0             0            38
 B_06               0             0             0            39
 A_01               0             0             0             0            42
 B_01               0             0             0             0             0


           PSI
              B_01
              ________
 B_01              45


     STARTING VALUES


           NU
              A_02          A_03          A_04          A_05          A_06
              ________      ________      ________      ________      ________
 1              0.000         0.000         0.000         0.000         0.000


           NU
              B_02          B_03          B_04          B_05          B_06
              ________      ________      ________      ________      ________
 1              0.000         0.000         0.000         0.000         0.000


           NU
              A_01          B_01
              ________      ________
 1              0.000         0.000


           LAMBDA
              IA            SA            IB            SB            A_02
              ________      ________      ________      ________      ________
 A_02           0.000         0.000         0.000         0.000         1.000
 A_03           0.000         0.000         0.000         0.000         0.000
 A_04           0.000         0.000         0.000         0.000         0.000
 A_05           0.000         0.000         0.000         0.000         0.000
 A_06           0.000         0.000         0.000         0.000         0.000
 B_02           0.000         0.000         0.000         0.000         0.000
 B_03           0.000         0.000         0.000         0.000         0.000
 B_04           0.000         0.000         0.000         0.000         0.000
 B_05           0.000         0.000         0.000         0.000         0.000
 B_06           0.000         0.000         0.000         0.000         0.000
 A_01           0.000         0.000         0.000         0.000         0.000
 B_01           0.000         0.000         0.000         0.000         0.000


           LAMBDA
              A_03          A_04          A_05          A_06          B_02
              ________      ________      ________      ________      ________
 A_02           0.000         0.000         0.000         0.000         0.000
 A_03           1.000         0.000         0.000         0.000         0.000
 A_04           0.000         1.000         0.000         0.000         0.000
 A_05           0.000         0.000         1.000         0.000         0.000
 A_06           0.000         0.000         0.000         1.000         0.000
 B_02           0.000         0.000         0.000         0.000         1.000
 B_03           0.000         0.000         0.000         0.000         0.000
 B_04           0.000         0.000         0.000         0.000         0.000
 B_05           0.000         0.000         0.000         0.000         0.000
 B_06           0.000         0.000         0.000         0.000         0.000
 A_01           0.000         0.000         0.000         0.000         0.000
 B_01           0.000         0.000         0.000         0.000         0.000


           LAMBDA
              B_03          B_04          B_05          B_06          A_01
              ________      ________      ________      ________      ________
 A_02           0.000         0.000         0.000         0.000         0.000
 A_03           0.000         0.000         0.000         0.000         0.000
 A_04           0.000         0.000         0.000         0.000         0.000
 A_05           0.000         0.000         0.000         0.000         0.000
 A_06           0.000         0.000         0.000         0.000         0.000
 B_02           0.000         0.000         0.000         0.000         0.000
 B_03           1.000         0.000         0.000         0.000         0.000
 B_04           0.000         1.000         0.000         0.000         0.000
 B_05           0.000         0.000         1.000         0.000         0.000
 B_06           0.000         0.000         0.000         1.000         0.000
 A_01           0.000         0.000         0.000         0.000         1.000
 B_01           0.000         0.000         0.000         0.000         0.000


           LAMBDA
              B_01
              ________
 A_02           0.000
 A_03           0.000
 A_04           0.000
 A_05           0.000
 A_06           0.000
 B_02           0.000
 B_03           0.000
 B_04           0.000
 B_05           0.000
 B_06           0.000
 A_01           0.000
 B_01           1.000


           THETA
              A_02          A_03          A_04          A_05          A_06
              ________      ________      ________      ________      ________
 A_02           0.000
 A_03           0.000         0.000
 A_04           0.000         0.000         0.000
 A_05           0.000         0.000         0.000         0.000
 A_06           0.000         0.000         0.000         0.000         0.000
 B_02           0.000         0.000         0.000         0.000         0.000
 B_03           0.000         0.000         0.000         0.000         0.000
 B_04           0.000         0.000         0.000         0.000         0.000
 B_05           0.000         0.000         0.000         0.000         0.000
 B_06           0.000         0.000         0.000         0.000         0.000
 A_01           0.000         0.000         0.000         0.000         0.000
 B_01           0.000         0.000         0.000         0.000         0.000


           THETA
              B_02          B_03          B_04          B_05          B_06
              ________      ________      ________      ________      ________
 B_02           0.000
 B_03           0.000         0.000
 B_04           0.000         0.000         0.000
 B_05           0.000         0.000         0.000         0.000
 B_06           0.000         0.000         0.000         0.000         0.000
 A_01           0.000         0.000         0.000         0.000         0.000
 B_01           0.000         0.000         0.000         0.000         0.000


           THETA
              A_01          B_01
              ________      ________
 A_01           0.000
 B_01           0.000         0.000


           ALPHA
              IA            SA            IB            SB            A_02
              ________      ________      ________      ________      ________
 1              0.000         0.000         0.000         0.000         0.000


           ALPHA
              A_03          A_04          A_05          A_06          B_02
              ________      ________      ________      ________      ________
 1              0.000         0.000         0.000         0.000         0.000


           ALPHA
              B_03          B_04          B_05          B_06          A_01
              ________      ________      ________      ________      ________
 1              0.000         0.000         0.000         0.000         0.000


           ALPHA
              B_01
              ________
 1              0.000


           BETA
              IA            SA            IB            SB            A_02
              ________      ________      ________      ________      ________
 IA             0.000         0.000         0.000         0.000         0.000
 SA             0.000         0.000         0.000         0.000         0.000
 IB             0.000         0.000         0.000         0.000         0.000
 SB             0.000         0.000         0.000         0.000         0.000
 A_02           1.000         0.000         0.000         0.000         0.000
 A_03           1.000         2.000         0.000         0.000         0.000
 A_04           1.000         4.000         0.000         0.000         0.000
 A_05           1.000         6.000         0.000         0.000         0.000
 A_06           1.000         8.000         0.000         0.000         0.000
 B_02           0.000         0.000         1.000         0.000         0.000
 B_03           0.000         0.000         1.000         2.000         0.000
 B_04           0.000         0.000         1.000         4.000         0.000
 B_05           0.000         0.000         1.000         6.000         0.000
 B_06           0.000         0.000         1.000         8.000         0.000
 A_01           0.000         0.000         0.000         0.000         0.000
 B_01           0.000         0.000         0.000         0.000         0.000


           BETA
              A_03          A_04          A_05          A_06          B_02
              ________      ________      ________      ________      ________
 IA             0.000         0.000         0.000         0.000         0.000
 SA             0.000         0.000         0.000         0.000         0.000
 IB             0.000         0.000         0.000         0.000         0.000
 SB             0.000         0.000         0.000         0.000         0.000
 A_02           0.000         0.000         0.000         0.000         0.000
 A_03           0.000         0.000         0.000         0.000         0.000
 A_04           0.000         0.000         0.000         0.000         0.000
 A_05           0.000         0.000         0.000         0.000         0.000
 A_06           0.000         0.000         0.000         0.000         0.000
 B_02           0.000         0.000         0.000         0.000         0.000
 B_03           0.000         0.000         0.000         0.000         0.000
 B_04           0.000         0.000         0.000         0.000         0.000
 B_05           0.000         0.000         0.000         0.000         0.000
 B_06           0.000         0.000         0.000         0.000         0.000
 A_01           0.000         0.000         0.000         0.000         0.000
 B_01           0.000         0.000         0.000         0.000         0.000


           BETA
              B_03          B_04          B_05          B_06          A_01
              ________      ________      ________      ________      ________
 IA             0.000         0.000         0.000         0.000         0.000
 SA             0.000         0.000         0.000         0.000         0.000
 IB             0.000         0.000         0.000         0.000         0.000
 SB             0.000         0.000         0.000         0.000         0.000
 A_02           0.000         0.000         0.000         0.000         0.000
 A_03           0.000         0.000         0.000         0.000         0.000
 A_04           0.000         0.000         0.000         0.000         0.000
 A_05           0.000         0.000         0.000         0.000         0.000
 A_06           0.000         0.000         0.000         0.000         0.000
 B_02           0.000         0.000         0.000         0.000         0.000
 B_03           0.000         0.000         0.000         0.000         0.000
 B_04           0.000         0.000         0.000         0.000         0.000
 B_05           0.000         0.000         0.000         0.000         0.000
 B_06           0.000         0.000         0.000         0.000         0.000
 A_01           0.000         0.000         0.000         0.000         0.000
 B_01           0.000         0.000         0.000         0.000         0.000


           BETA
              B_01
              ________
 IA             0.000
 SA             0.000
 IB             0.000
 SB             0.000
 A_02           0.000
 A_03           0.000
 A_04           0.000
 A_05           0.000
 A_06           0.000
 B_02           0.000
 B_03           0.000
 B_04           0.000
 B_05           0.000
 B_06           0.000
 A_01           0.000
 B_01           0.000


           PSI
              IA            SA            IB            SB            A_02
              ________      ________      ________      ________      ________
 IA             0.050
 SA             0.000         0.050
 IB             0.000         0.000         0.050
 SB             0.000         0.000         0.000         0.050
 A_02           0.000         0.000         0.000         0.000         1.787
 A_03           0.000         0.000         0.000         0.000         0.000
 A_04           0.000         0.000         0.000         0.000         0.000
 A_05           0.000         0.000         0.000         0.000         0.000
 A_06           0.000         0.000         0.000         0.000         0.000
 B_02           0.000         0.000         0.000         0.000         0.000
 B_03           0.000         0.000         0.000         0.000         0.000
 B_04           0.000         0.000         0.000         0.000         0.000
 B_05           0.000         0.000         0.000         0.000         0.000
 B_06           0.000         0.000         0.000         0.000         0.000
 A_01           0.000         0.000         0.000         0.000         0.000
 B_01           0.000         0.000         0.000         0.000         0.000


           PSI
              A_03          A_04          A_05          A_06          B_02
              ________      ________      ________      ________      ________
 A_03           1.760
 A_04           0.000         1.896
 A_05           0.000         0.000         1.948
 A_06           0.000         0.000         0.000         1.930
 B_02           0.000         0.000         0.000         0.000        33.092
 B_03           0.000         0.000         0.000         0.000         0.000
 B_04           0.000         0.000         0.000         0.000         0.000
 B_05           0.000         0.000         0.000         0.000         0.000
 B_06           0.000         0.000         0.000         0.000         0.000
 A_01           0.000         0.000         0.000         0.000         0.000
 B_01           0.000         0.000         0.000         0.000         0.000


           PSI
              B_03          B_04          B_05          B_06          A_01
              ________      ________      ________      ________      ________
 B_03          36.932
 B_04           0.000        35.994
 B_05           0.000         0.000        38.520
 B_06           0.000         0.000         0.000        38.270
 A_01           0.000         0.000         0.000         0.000         1.695
 B_01           0.000         0.000         0.000         0.000         0.000


           PSI
              B_01
              ________
 B_01          35.037


     Beginning Time:  08:28:34
        Ending Time:  08:34:10
       Elapsed Time:  00:05:36



MUTHEN & MUTHEN
3463 Stoner Ave.
Los Angeles, CA  90066

Tel: (310) 391-9971
Fax: (310) 391-8971
Web: www.StatModel.com
Support: Support@StatModel.com

Copyright (c) 1998-2015 Muthen & Muthen
