Mplus VERSION 7.4 (Mac)
MUTHEN & MUTHEN
04/15/2018   7:00 PM

INPUT INSTRUCTIONS

  TITLE:
  ALT-no social slope, stationary social autoregressive, covariates
  DATA:
  File = wide-dataset-b.dat;
  VARIABLE:
  NAMES are
   id hhid male birthyr_rand birthmo_rand race_rand hispanic_rand cohort
      raedyrs raedegrm memoryproblems_baseline memory_disease_ever age_baseline
      age_baseline_65 health_conditions_baseline healthcond_mean activity_mean_2004
      activity_mean_2006 activity_mean_2008 activity_mean_2010 activity_mean_2012
      activity_mean_2014 activity_sum_2004 activity_sum_2006 activity_sum_2008
      activity_sum_2010 activity_sum_2012 activity_sum_2014 close_social_network_2004
      close_social_network_2006 close_social_network_2008 close_social_network_2010
      close_social_network_2012 close_social_network_2014 countb20r_2004
      countb20r_2006 countb20r_2008 countb20r_2010 countb20r_2012 countb20r_2014
      crp_adj_2004 crp_adj_2006 crp_adj_2008 crp_adj_2010 crp_adj_2012 crp_adj_2014
      dep_total_2004 dep_total_2006 dep_total_2008 dep_total_2010 dep_total_2012
      dep_total_2014 exercise_2004 exercise_2006 exercise_2008 exercise_2010
      exercise_2012 exercise_2014 healthcond_2004 healthcond_2006 healthcond_2008
      healthcond_2010 healthcond_2012 healthcond_2014 hhres_2004 hhres_2006
      hhres_2008 hhres_2010 hhres_2012 hhres_2014 hrs_tscore_2004 hrs_tscore_2006
      hrs_tscore_2008 hrs_tscore_2010 hrs_tscore_2012 hrs_tscore_2014 intage_r_2004
      intage_r_2006 intage_r_2008 intage_r_2010 intage_r_2012 intage_r_2014
      interview_date_2004 interview_date_2006 interview_date_2008 interview_date_2010
      interview_date_2012 interview_date_2014 lb_65_wave_2004 lb_65_wave_2006
      lb_65_wave_2008 lb_65_wave_2010 lb_65_wave_2012 lb_65_wave_2014 lb_wave_2004
      lb_wave_2006 lb_wave_2008 lb_wave_2010 lb_wave_2012 lb_wave_2014 listassi_2004
      listassi_2006 listassi_2008 listassi_2010 listassi_2012 listassi_2014
      mentalstatus_tot_2004 mentalstatus_tot_2006 mentalstatus_tot_2008
      mentalstatus_tot_2010 mentalstatus_tot_2012 mentalstatus_tot_2014 proxy_2004
      proxy_2006 proxy_2008 proxy_2010 proxy_2012 proxy_2014 responded_2004
      responded_2006 responded_2008 responded_2010 responded_2012 responded_2014
      rmaritalst_2004 rmaritalst_2006 rmaritalst_2008 rmaritalst_2010 rmaritalst_2012
      rmaritalst_2014 rpartst_2004 rpartst_2006 rpartst_2008 rpartst_2010
      rpartst_2012 rpartst_2014 score_loneliness_11_2004 score_loneliness_11_2006
      score_loneliness_11_2008 score_loneliness_11_2010 score_loneliness_11_2012
      score_loneliness_11_2014 score_loneliness_3_2004 score_loneliness_3_2006
      score_loneliness_3_2008 score_loneliness_3_2010 score_loneliness_3_2012
      score_loneliness_3_2014 shhidpnr_2004 shhidpnr_2006 shhidpnr_2008 shhidpnr_2010
      shhidpnr_2012 shhidpnr_2014 snchild_2004 snchild_2006 snchild_2008 snchild_2010
      snchild_2012 snchild_2014 snfamily_2004 snfamily_2006 snfamily_2008
      snfamily_2010 snfamily_2012 snfamily_2014 snfriends_2004 snfriends_2006
      snfriends_2008 snfriends_2010 snfriends_2012 snfriends_2014 snspouse_2004
      snspouse_2006 snspouse_2008 snspouse_2010 snspouse_2012 snspouse_2014
      social_contact_total_2004 social_contact_total_2006 social_contact_total_2008
      social_contact_total_2010 social_contact_total_2012 social_contact_total_2014
      social_strain_mean_2004 social_strain_mean_2006 social_strain_mean_2008
      social_strain_mean_2010 social_strain_mean_2012 social_strain_mean_2014
      social_support_mean_2004 social_support_mean_2006 social_support_mean_2008
      social_support_mean_2010 social_support_mean_2012 social_support_mean_2014
      socialnetwork_total_2004 socialnetwork_total_2006 socialnetwork_total_2008
      socialnetwork_total_2010 socialnetwork_total_2012 socialnetwork_total_2014
      srmemory_2004 srmemory_2006 srmemory_2008 srmemory_2010 srmemory_2012
      srmemory_2014 srmemoryp_2004 srmemoryp_2006 srmemoryp_2008 srmemoryp_2010
      srmemoryp_2012 srmemoryp_2014 vocab_total_2004 vocab_total_2006 vocab_total_2008
      vocab_total_2010 vocab_total_2012 vocab_total_2014 wrectotd_2004 wrectotd_2006
      wrectotd_2008 wrectotd_2010 wrectotd_2012 wrectotd_2014 wrectoti_2004
      wrectoti_2006 wrectoti_2008 wrectoti_2010 wrectoti_2012 wrectoti_2014
  	;
  Missing are all(9999);
  USEVARIABLES are
  	!define the variables used in the analysis
  	!estimated time points
  a_01
  a_02
  a_03
  a_04
  a_05
  a_06
  	!modelled time points of process (B)
  b_01
  b_02
  b_03
  b_04
  b_05
  b_06
  	! covariates used in the model
  age
  educ
  health
  sex
  coh	;
  SUBPOPULATION are
  	!select a subset of observations
  age_baseline > 64 AND
  memory_disease_ever EQ 0
  ;
  CLUSTER = hhid;
  DEFINE:
    ! centre baseline age
  age = age_baseline - 69;
  educ = raedyrs - 12;
  health = healthcond_mean - 2;
  sex = male-1;
  coh = cohort;	
  ! assign variables to the process (A)
  a_01=wrectotd_2004;
  a_02=wrectotd_2006;
  a_03=wrectotd_2008;
  a_04=wrectotd_2010;
  a_05=wrectotd_2012;
  a_06=wrectotd_2014;
  	! assign variables to the process (B)
  b_01=social_contact_total_2004;
  b_02=social_contact_total_2006;
  b_03=social_contact_total_2008;
  b_04=social_contact_total_2010;
  b_05=social_contact_total_2012;
  b_06=social_contact_total_2014;
  ANALYSIS:
  TYPE = COMPLEX RANDOM;
  COVERAGE=.00;
  H1ITERATIONS = 15000;
  MODEL:
  	!LGM part
  	! assign process (A) to time points
  ia BY a_02@1 a_03@1 a_04@1 a_05@1 a_06@1;
  sa BY a_02@0 a_03@2 a_04@4 a_05@6 a_06@8;
  	! assign process (B) to time points
  ib BY b_02@1 b_03@1 b_04@1 b_05@1 b_06@1;
  !sb BY b_02@0 b_03@2 b_04@4 b_05@6 b_06@8;
  	!correlations between the first measurement points
  	!autoregressive part
  a_01 a_02 a_03 a_04 a_05 a_06;
  a_02 ON a_01;
  a_03 ON a_02;
  a_04 ON a_03;
  a_05 ON a_04;
  a_06 ON a_05;
  b_01 b_02 b_03 b_04 b_05 b_06;
  b_02 ON b_01(1);
  b_03 ON b_02(1);
  b_04 ON b_03(1);
  b_05 ON b_04(1);
  b_06 ON b_05(1);
  	!Cross lagged part
  a_02 ON b_01;
  a_03 ON b_02;
  a_04 ON b_03;
  a_05 ON b_04;
  a_06 ON b_05;
  b_02 ON a_01;
  b_03 ON a_02;
  b_04 ON a_03;
  b_05 ON a_04;
  b_06 ON a_05;
  ia;
  sa;
  ib;
  !sb;
  ia with sa;
  !ib with sb;
  ia with a_01;
  sa with a_01;
  ib with b_01;
  !sb with b_01;
  ia with ib;
  !sa with sb;
  ! Time specific correlations
  a_01 WITH b_01;
  !b_02 WITH a_02;
  !b_03 WITH a_03;
  !b_04 WITH a_04;
  !b_05 WITH a_05;
  !b_06 WITH a_06;
  [a_02@0 a_03@0 a_04@0 a_05@0 a_06@0];
  [b_02@0 b_03@0 b_04@0 b_05@0 b_06@0];
  [ia];
  [ib];
  [sa];
  ![sb];
  [a_01];
  [b_01];
  ! Predictive part of the model
  ia sa ib a_01 b_01 ON age
  educ
  health
  sex
  coh;	
  OUTPUT: SAMPSTAT MODINDICES (3.0); TECH1; TECH4;



*** WARNING in OUTPUT command
  TECH4 option for TYPE=RANDOM requires ALGORITHM=INTEGRATION.
  Request for TECH4 is ignored.
*** WARNING
  Data set contains cases with missing on x-variables.
  These cases were not included in the analysis.
  Number of cases with missing on x-variables:  8
   2 WARNING(S) FOUND IN THE INPUT INSTRUCTIONS




ALT-no social slope, stationary social autoregressive, covariates

SUMMARY OF ANALYSIS

Number of groups                                                 1
Number of observations                                        5952

Number of dependent variables                                   12
Number of independent variables                                  5
Number of continuous latent variables                            3

Observed dependent variables

  Continuous
   A_01        A_02        A_03        A_04        A_05        A_06
   B_01        B_02        B_03        B_04        B_05        B_06

Observed independent variables
   AGE         EDUC        HEALTH      SEX         COH

Continuous latent variables
   IA          SA          IB

Variables with special functions

  Cluster variable      HHID

Estimator                                                      MLR
Information matrix                                        OBSERVED
Maximum number of iterations                                   100
Convergence criterion                                    0.100D-05
Maximum number of EM iterations                                500
Convergence criteria for the EM algorithm
  Loglikelihood change                                   0.100D-02
  Relative loglikelihood change                          0.100D-05
  Derivative                                             0.100D-03
Minimum variance                                         0.100D-03
Maximum number of steepest descent iterations                   20
Maximum number of iterations for H1                          15000
Convergence criterion for H1                             0.100D-03
Optimization algorithm                                         EMA

Input data file(s)
  wide-dataset-b.dat
Input data format  FREE


SUMMARY OF DATA

     Number of missing data patterns           273
     Number of clusters        4882



SAMPLE STATISTICS


     ESTIMATED SAMPLE STATISTICS


           Means
              A_01          A_02          A_03          A_04          A_05
              ________      ________      ________      ________      ________
 1              4.370         4.214         4.109         3.719         3.485


           Means
              A_06          B_01          B_02          B_03          B_04
              ________      ________      ________      ________      ________
 1              3.278        30.290        29.528        29.536        29.188


           Means
              B_05          B_06          AGE           EDUC          HEALTH
              ________      ________      ________      ________      ________
 1             28.492        27.779         3.147         0.375         0.323


           Means
              SEX           COH
              ________      ________
 1              0.585         2.524


           Covariances
              A_01          A_02          A_03          A_04          A_05
              ________      ________      ________      ________      ________
 A_01           3.413
 A_02           1.746         3.593
 A_03           1.667         1.660         3.526
 A_04           1.611         1.808         1.799         3.820
 A_05           1.738         1.743         1.960         2.029         4.015
 A_06           1.638         1.902         1.735         2.151         2.246
 B_01           2.408         2.349         2.647         2.742         2.295
 B_02           2.408         2.811         2.302         2.327         2.945
 B_03           2.936         2.797         2.250         2.824         2.999
 B_04           2.545         2.824         2.776         2.831         3.019
 B_05           2.767         3.484         2.937         3.379         3.646
 B_06           2.785         2.891         3.407         2.838         3.897
 AGE           -2.003        -2.505        -2.611        -3.395        -3.793
 EDUC           1.694         1.625         1.572         1.562         1.616
 HEALTH        -0.172        -0.206        -0.205        -0.158        -0.151
 SEX            0.117         0.112         0.133         0.112         0.124
 COH            0.213         0.261         0.272         0.361         0.398


           Covariances
              A_06          B_01          B_02          B_03          B_04
              ________      ________      ________      ________      ________
 A_06           4.062
 B_01           1.964        70.665
 B_02           2.543        34.044        66.471
 B_03           3.099        38.444        43.190        74.367
 B_04           3.057        33.356        41.313        43.003        72.237
 B_05           4.080        39.076        29.520        45.878        27.763
 B_06           3.966        35.899        38.265        56.163        46.413
 AGE           -4.004        -1.616        -2.459        -3.758        -5.619
 EDUC           1.655         3.158         3.888         4.747         3.931
 HEALTH        -0.234        -0.059        -0.450        -0.175        -0.533
 SEX            0.083         0.732         0.571         0.522         0.471
 COH            0.420         0.199         0.172         0.391         0.583


           Covariances
              B_05          B_06          AGE           EDUC          HEALTH
              ________      ________      ________      ________      ________
 B_05          79.085
 B_06           6.628        78.276
 AGE           -7.941        -7.191        33.899
 EDUC           4.592         4.302        -0.215         9.598
 HEALTH        -0.405        -0.559         0.487        -0.187         1.298
 SEX            0.522         0.418         0.119        -0.084        -0.016
 COH            0.832         0.797        -3.639         0.001        -0.051


           Covariances
              SEX           COH
              ________      ________
 SEX            0.243
 COH           -0.014         0.477


           Correlations
              A_01          A_02          A_03          A_04          A_05
              ________      ________      ________      ________      ________
 A_01           1.000
 A_02           0.499         1.000
 A_03           0.480         0.466         1.000
 A_04           0.446         0.488         0.490         1.000
 A_05           0.469         0.459         0.521         0.518         1.000
 A_06           0.440         0.498         0.458         0.546         0.556
 B_01           0.155         0.147         0.168         0.167         0.136
 B_02           0.160         0.182         0.150         0.146         0.180
 B_03           0.184         0.171         0.139         0.168         0.174
 B_04           0.162         0.175         0.174         0.170         0.177
 B_05           0.168         0.207         0.176         0.194         0.205
 B_06           0.170         0.172         0.205         0.164         0.220
 AGE           -0.186        -0.227        -0.239        -0.298        -0.325
 EDUC           0.296         0.277         0.270         0.258         0.260
 HEALTH        -0.082        -0.096        -0.096        -0.071        -0.066
 SEX            0.128         0.119         0.144         0.116         0.126
 COH            0.167         0.199         0.210         0.268         0.288


           Correlations
              A_06          B_01          B_02          B_03          B_04
              ________      ________      ________      ________      ________
 A_06           1.000
 B_01           0.116         1.000
 B_02           0.155         0.497         1.000
 B_03           0.178         0.530         0.614         1.000
 B_04           0.178         0.467         0.596         0.587         1.000
 B_05           0.228         0.523         0.407         0.598         0.367
 B_06           0.222         0.483         0.530         0.736         0.617
 AGE           -0.341        -0.033        -0.052        -0.075        -0.114
 EDUC           0.265         0.121         0.154         0.178         0.149
 HEALTH        -0.102        -0.006        -0.048        -0.018        -0.055
 SEX            0.084         0.177         0.142         0.123         0.113
 COH            0.302         0.034         0.031         0.066         0.099


           Correlations
              B_05          B_06          AGE           EDUC          HEALTH
              ________      ________      ________      ________      ________
 B_05           1.000
 B_06           0.084         1.000
 AGE           -0.153        -0.140         1.000
 EDUC           0.167         0.157        -0.012         1.000
 HEALTH        -0.040        -0.055         0.073        -0.053         1.000
 SEX            0.119         0.096         0.042        -0.055        -0.029
 COH            0.136         0.130        -0.905         0.001        -0.065


           Correlations
              SEX           COH
              ________      ________
 SEX            1.000
 COH           -0.042         1.000


     MAXIMUM LOG-LIKELIHOOD VALUE FOR THE UNRESTRICTED (H1) MODEL IS -106207.401


UNIVARIATE SAMPLE STATISTICS


     UNIVARIATE HIGHER-ORDER MOMENT DESCRIPTIVE STATISTICS

         Variable/         Mean/     Skewness/   Minimum/ % with                Percentiles
        Sample Size      Variance    Kurtosis    Maximum  Min/Max      20%/60%    40%/80%    Median

     A_01                  4.400      -0.160       0.000    3.69%       3.000      4.000      4.000
            5478.000       3.390       0.175      10.000    0.31%       5.000      6.000
     A_02                  4.227      -0.154       0.000    4.88%       3.000      4.000      4.000
            5671.000       3.575       0.108      10.000    0.37%       5.000      6.000
     A_03                  4.123      -0.205       0.000    5.40%       3.000      4.000      4.000
            5775.000       3.519      -0.027      10.000    0.14%       5.000      6.000
     A_04                  3.750      -0.101       0.000    8.11%       2.000      3.000      4.000
            5669.000       3.793      -0.258      10.000    0.11%       4.000      5.000
     A_05                  3.607      -0.083       0.000    9.78%       2.000      3.000      4.000
            5132.000       3.896      -0.361      10.000    0.12%       4.000      5.000
     A_06                  3.492      -0.040       0.000   10.50%       2.000      3.000      4.000
            4429.000       3.860      -0.393      10.000    0.07%       4.000      5.000
     B_01                 30.562      -0.258       3.000    0.09%      24.000     29.000     31.000
            1057.000      70.074       0.149      53.000    0.09%      33.000     37.000
     B_02                 29.599      -0.258       3.000    0.07%      23.000     28.000     30.000
            2788.000      66.183       0.159      54.000    0.18%      32.000     36.000
     B_03                 29.608      -0.254       2.000    0.04%      23.000     28.000     30.000
            2739.000      73.864       0.073      54.000    0.18%      32.000     37.000
     B_04                 29.406      -0.205       4.000    0.19%      22.000     28.000     30.000
            2647.000      71.988      -0.061      54.000    0.04%      32.000     36.000
     B_05                 28.986      -0.189       3.000    0.04%      22.000     27.000     29.000
            2240.000      77.040      -0.099      54.000    0.13%      32.000     36.000
     B_06                 28.653      -0.229       3.000    0.05%      22.000     27.000     29.000
            2036.000      76.540      -0.202      54.000    0.05%      31.000     36.000
     AGE                   3.147       0.872      -4.000    8.92%      -2.000      0.000      2.000
            5952.000      33.899       0.185      25.000    0.02%       4.000      8.000
     EDUC                  0.375      -0.907     -12.000    0.59%      -1.000      0.000      0.000
            5952.000       9.598       1.828       5.000    9.90%       0.000      3.000
     HEALTH                0.323       0.289      -2.000    2.34%      -0.667      0.000      0.167
            5952.000       1.298      -0.079       5.000    0.02%       0.600      1.200
     SEX                   0.585      -0.344       0.000   41.53%       0.000      0.000      1.000
            5952.000       0.243      -1.882       1.000   58.47%       1.000      1.000
     COH                   2.524      -1.089       1.000   11.19%       2.000      3.000      3.000
            5952.000       0.477      -0.083       4.000    0.17%       3.000      3.000


THE MODEL ESTIMATION TERMINATED NORMALLY



MODEL FIT INFORMATION

Number of Free Parameters                       68

Loglikelihood

          H0 Value                     -106359.324
          H0 Scaling Correction Factor      1.1376
            for MLR
          H1 Value                     -106207.401
          H1 Scaling Correction Factor      1.0660
            for MLR

Information Criteria

          Akaike (AIC)                  212854.649
          Bayesian (BIC)                213309.670
          Sample-Size Adjusted BIC      213093.585
            (n* = (n + 2) / 24)

Chi-Square Test of Model Fit

          Value                            301.819*
          Degrees of Freedom                    82
          P-Value                           0.0000
          Scaling Correction Factor         1.0067
            for MLR

*   The chi-square value for MLM, MLMV, MLR, ULSMV, WLSM and WLSMV cannot be used
    for chi-square difference testing in the regular way.  MLM, MLR and WLSM
    chi-square difference testing is described on the Mplus website.  MLMV, WLSMV,
    and ULSMV difference testing is done using the DIFFTEST option.

RMSEA (Root Mean Square Error Of Approximation)

          Estimate                           0.021

CFI/TLI

          CFI                                0.986
          TLI                                0.978

Chi-Square Test of Model Fit for the Baseline Model

          Value                          15592.063
          Degrees of Freedom                   126
          P-Value                           0.0000

SRMR (Standardized Root Mean Square Residual)

          Value                              0.065



MODEL RESULTS

                                                    Two-Tailed
                    Estimate       S.E.  Est./S.E.    P-Value

 IA       BY
    A_02               1.000      0.000    999.000    999.000
    A_03               1.000      0.000    999.000    999.000
    A_04               1.000      0.000    999.000    999.000
    A_05               1.000      0.000    999.000    999.000
    A_06               1.000      0.000    999.000    999.000

 SA       BY
    A_02               0.000      0.000    999.000    999.000
    A_03               2.000      0.000    999.000    999.000
    A_04               4.000      0.000    999.000    999.000
    A_05               6.000      0.000    999.000    999.000
    A_06               8.000      0.000    999.000    999.000

 IB       BY
    B_02               1.000      0.000    999.000    999.000
    B_03               1.000      0.000    999.000    999.000
    B_04               1.000      0.000    999.000    999.000
    B_05               1.000      0.000    999.000    999.000
    B_06               1.000      0.000    999.000    999.000

 IA         ON
    AGE               -0.073      0.008     -8.672      0.000
    EDUC               0.165      0.008     21.693      0.000
    HEALTH            -0.091      0.018     -5.001      0.000
    SEX                0.592      0.043     13.733      0.000
    COH               -0.024      0.069     -0.343      0.732

 SA         ON
    AGE               -0.007      0.001     -4.819      0.000
    EDUC               0.001      0.001      0.684      0.494
    HEALTH             0.003      0.003      1.085      0.278
    SEX               -0.007      0.007     -1.002      0.316
    COH               -0.002      0.012     -0.217      0.828

 IB         ON
    AGE               -0.108      0.032     -3.349      0.001
    EDUC               0.308      0.037      8.369      0.000
    HEALTH            -0.111      0.067     -1.661      0.097
    SEX                1.517      0.206      7.363      0.000
    COH               -0.070      0.261     -0.268      0.789

 A_02       ON
    A_01               0.012      0.023      0.550      0.582
    B_01               0.000      0.005     -0.051      0.960

 A_03       ON
    A_02              -0.015      0.019     -0.781      0.435
    B_02               0.008      0.004      2.224      0.026

 A_04       ON
    A_03              -0.006      0.015     -0.392      0.695
    B_03               0.003      0.004      0.866      0.386

 A_05       ON
    A_04              -0.023      0.019     -1.187      0.235
    B_04               0.006      0.004      1.424      0.154

 A_06       ON
    A_05              -0.048      0.030     -1.630      0.103
    B_05               0.011      0.006      1.980      0.048

 B_02       ON
    B_01               0.251      0.055      4.568      0.000
    A_01               0.274      0.051      5.346      0.000

 B_03       ON
    B_02               0.251      0.055      4.568      0.000
    A_02               0.313      0.056      5.592      0.000

 B_04       ON
    B_03               0.251      0.055      4.568      0.000
    A_03               0.255      0.056      4.520      0.000

 B_05       ON
    B_04               0.251      0.055      4.568      0.000
    A_04               0.166      0.063      2.617      0.009

 B_06       ON
    B_05               0.251      0.055      4.568      0.000
    A_05               0.084      0.065      1.289      0.197

 A_01       ON
    AGE               -0.056      0.009     -5.876      0.000
    EDUC               0.178      0.007     24.151      0.000
    HEALTH            -0.078      0.021     -3.804      0.000
    SEX                0.567      0.046     12.403      0.000
    COH                0.029      0.079      0.365      0.715

 B_01       ON
    AGE               -0.031      0.090     -0.345      0.730
    EDUC               0.350      0.076      4.608      0.000
    HEALTH             0.121      0.186      0.652      0.514
    SEX                3.367      0.406      8.299      0.000
    COH               -0.248      0.778     -0.318      0.751

 IA       WITH
    SA                 0.004      0.011      0.352      0.725
    A_01               1.166      0.065     18.052      0.000
    IB                 0.218      0.173      1.259      0.208

 SA       WITH
    A_01              -0.010      0.011     -0.939      0.348

 IB       WITH
    B_01              21.114      2.427      8.701      0.000
    SA                 0.020      0.032      0.615      0.538

 A_01     WITH
    B_01               0.170      0.359      0.473      0.636

 Intercepts
    A_01               4.098      0.229     17.891      0.000
    A_02               0.000      0.000    999.000    999.000
    A_03               0.000      0.000    999.000    999.000
    A_04               0.000      0.000    999.000    999.000
    A_05               0.000      0.000    999.000    999.000
    A_06               0.000      0.000    999.000    999.000
    B_01              29.013      2.269     12.785      0.000
    B_02               0.000      0.000    999.000    999.000
    B_03               0.000      0.000    999.000    999.000
    B_04               0.000      0.000    999.000    999.000
    B_05               0.000      0.000    999.000    999.000
    B_06               0.000      0.000    999.000    999.000
    IA                 4.083      0.257     15.916      0.000
    SA                -0.099      0.045     -2.202      0.028
    IB                20.234      1.836     11.019      0.000

 Residual Variances
    A_01               2.912      0.061     47.379      0.000
    A_02               1.855      0.072     25.822      0.000
    A_03               1.836      0.053     34.949      0.000
    A_04               1.862      0.050     36.902      0.000
    A_05               1.757      0.066     26.633      0.000
    A_06               1.648      0.071     23.130      0.000
    B_01              65.573      2.879     22.778      0.000
    B_02              29.305      1.443     20.303      0.000
    B_03              30.087      1.726     17.435      0.000
    B_04              26.695      1.505     17.733      0.000
    B_05              32.077      1.770     18.123      0.000
    B_06              32.051      1.888     16.976      0.000
    IA                 1.137      0.100     11.324      0.000
    SA                 0.008      0.002      3.458      0.001
    IB                21.555      3.492      6.172      0.000


QUALITY OF NUMERICAL RESULTS

     Condition Number for the Information Matrix              0.963E-06
       (ratio of smallest to largest eigenvalue)


MODEL MODIFICATION INDICES

NOTE:  Modification indices for direct effects of observed dependent variables
regressed on covariates may not be included.  To include these, request
MODINDICES (ALL).

Minimum M.I. value for printing the modification index     3.000

                                   M.I.     E.P.C.


ON/BY Statements

A_01     ON IA       /
IA       BY A_01                  24.292     3.405
A_01     ON SA       /
SA       BY A_01                  24.303    37.302
A_01     ON IB       /
IB       BY A_01                  24.288     0.034
A_02     ON SA       /
SA       BY A_02                  17.028     2.222
A_02     ON IB       /
IB       BY A_02                   3.348     0.032
A_03     ON IA       /
IA       BY A_03                   4.202     0.074
A_03     ON SA       /
SA       BY A_03                  26.240    -1.735
A_03     ON IB       /
IB       BY A_03                   4.178     0.022
A_04     ON SA       /
SA       BY A_04                   3.400     0.620
B_01     ON IA       /
IA       BY B_01                  17.544     1.111
B_01     ON IB       /
IB       BY B_01                  11.285     3.199
B_02     ON SA       /
SA       BY B_02                   4.624    -3.696
B_03     ON IA       /
IA       BY B_03                  10.693     0.450
B_03     ON SA       /
SA       BY B_03                  11.826    -6.078
B_03     ON IB       /
IB       BY B_03                   8.989     0.057
B_04     ON IA       /
IA       BY B_04                   6.146     0.289
B_04     ON IB       /
IB       BY B_04                   6.201     0.040
B_05     ON SA       /
SA       BY B_05                   7.889     4.707
B_06     ON IA       /
IA       BY B_06                   5.065    -0.263
B_06     ON SA       /
SA       BY B_06                  12.616     5.548
B_06     ON IB       /
IB       BY B_06                  11.188    -0.056
IA       ON IB       /
IB       BY IA                    17.932     0.062
IB       ON IA       /
IA       BY IB                    24.316     0.638
IB       ON SA       /
SA       BY IB                    24.325   -70.947

ON Statements

IA       ON A_01                  18.450     7.770
IA       ON A_03                   5.204    -0.049
IA       ON A_04                   8.370     0.052
IA       ON B_01                  17.916     0.020
IA       ON B_02                  10.647     0.014
IA       ON B_05                  16.722     0.022
IA       ON B_06                  16.955     0.021
SA       ON A_02                   7.967     0.014
SA       ON A_03                   8.243    -0.008
SA       ON A_05                   9.301     0.022
SA       ON A_06                   4.794    -0.023
SA       ON B_06                   4.886     0.002
IB       ON A_01                  24.297     0.255
IB       ON A_02                  35.388     0.471
IB       ON A_05                  11.174     0.237
IB       ON A_06                  12.304     0.308
IB       ON B_01                  26.988     4.622
IB       ON B_04                   5.864     0.112
A_01     ON A_02                   7.203     0.154
A_01     ON A_04                   9.471    -0.055
A_01     ON A_05                   6.008     0.048
A_01     ON B_01                  24.298     0.035
A_01     ON B_02                  11.509     0.016
A_01     ON B_03                  28.515     0.019
A_01     ON B_04                  24.754     0.017
A_01     ON B_05                  13.036     0.013
A_01     ON B_06                  16.728     0.015
A_02     ON A_04                  13.402     0.120
A_02     ON A_05                  13.264    -0.063
A_02     ON A_06                  27.419     0.111
A_02     ON B_02                   9.502     0.019
A_02     ON B_05                  20.061     0.027
A_02     ON AGE                    3.262    -0.009
A_02     ON SEX                    9.804    -0.191
A_03     ON A_01                   6.265     0.055
A_03     ON A_05                   6.456     0.038
A_03     ON A_06                  29.855    -0.084
A_03     ON B_01                  20.480     0.026
A_03     ON B_06                   8.352     0.012
A_03     ON AGE                    8.292     0.011
A_03     ON SEX                    6.919     0.119
A_04     ON A_01                  10.449    -0.045
A_04     ON B_06                   6.164    -0.012
A_05     ON A_01                   3.363     0.026
A_05     ON A_02                   7.843    -0.039
A_05     ON A_03                  17.191     0.063
A_05     ON A_05                   3.323     0.052
A_05     ON A_06                   3.987     0.041
A_05     ON B_02                   6.836     0.011
A_05     ON HEALTH                 3.390     0.036
A_05     ON SEX                    4.183     0.094
A_06     ON A_02                  23.803     0.120
A_06     ON A_03                  40.794    -0.119
A_06     ON HEALTH                 7.966    -0.074
A_06     ON SEX                    7.568    -0.171
B_01     ON A_01                  18.888     1.194
B_01     ON A_02                  20.105     0.803
B_01     ON A_03                   6.539     0.341
B_01     ON A_04                  13.131     0.444
B_01     ON A_05                   7.638     0.345
B_01     ON B_02                  40.303    -0.576
B_01     ON B_04                   5.231     0.184
B_01     ON B_05                  13.233     0.301
B_01     ON B_06                   9.632     0.249
B_02     ON A_02                   5.654     0.182
B_02     ON A_03                   4.407    -0.192
B_02     ON AGE                   14.845     0.087
B_03     ON A_01                  22.644     0.383
B_03     ON A_04                   5.542     0.223
B_03     ON B_01                  10.635     0.040
B_03     ON B_02                  10.576     0.028
B_03     ON B_03                   9.422     0.043
B_03     ON B_04                   8.551     0.040
B_03     ON B_05                   7.866     0.037
B_03     ON B_06                   9.328     0.043
B_03     ON AGE                   10.129     0.079
B_03     ON HEALTH                 3.717     0.254
B_04     ON A_01                  10.849     0.240
B_04     ON A_02                   3.844     0.136
B_04     ON A_04                   3.793     0.140
B_04     ON B_01                   5.978     0.026
B_04     ON B_02                   6.757     0.027
B_04     ON B_03                   6.670     0.026
B_04     ON B_04                   6.331     0.030
B_04     ON B_05                   6.457     0.030
B_04     ON B_06                   7.018     0.029
B_04     ON COH                    6.547     0.315
B_05     ON A_02                  12.806     0.321
B_05     ON A_06                   5.805     0.290
B_05     ON AGE                   15.437    -0.100
B_06     ON A_02                   3.891    -0.161
B_06     ON A_04                   6.093    -0.204
B_06     ON B_01                  10.010    -0.035
B_06     ON B_02                  13.210    -0.041
B_06     ON B_03                  11.039    -0.039
B_06     ON B_04                   7.413    -0.030
B_06     ON B_05                  10.155    -0.053
B_06     ON B_06                  10.924    -0.041
B_06     ON AGE                    6.220    -0.062
B_06     ON SEX                    4.942    -0.655
B_06     ON COH                    5.285    -0.305

WITH Statements

A_01     WITH IB                  24.283     0.743
A_02     WITH SA                   7.967     0.026
A_02     WITH IB                  14.413     0.746
A_02     WITH A_01                 5.234     0.244
A_03     WITH IA                   5.954    -0.097
A_03     WITH SA                   8.490    -0.015
A_03     WITH IB                  11.542    -0.483
A_03     WITH A_02                 4.287    -0.137
A_04     WITH IA                   8.379     0.097
A_04     WITH A_01                11.194    -0.112
A_04     WITH A_02                 7.362     0.130
A_05     WITH SA                  10.651     0.042
A_05     WITH A_01                 3.982     0.070
A_05     WITH A_02                20.647    -0.157
A_05     WITH A_03                18.757     0.160
A_06     WITH SA                   4.351    -0.038
A_06     WITH A_02                35.673     0.308
A_06     WITH A_03                42.746    -0.247
A_06     WITH A_04                 4.615     0.139
B_01     WITH IA                  17.902     1.298
B_01     WITH A_02                 5.824     1.194
B_01     WITH A_04                 4.768     0.693
B_02     WITH A_02                 6.245     0.475
B_02     WITH A_03                11.653    -0.813
B_02     WITH A_05                 6.023     0.500
B_02     WITH B_01                52.937   -19.940
B_03     WITH IA                  12.534    -0.629
B_03     WITH A_01                16.441     0.872
B_03     WITH A_02                10.980    -0.834
B_03     WITH A_03                 5.415    -0.481
B_04     WITH IA                   5.554    -0.377
B_04     WITH SA                   5.037    -0.063
B_04     WITH IB                   4.626     2.602
B_04     WITH A_01                 6.872     0.514
B_04     WITH A_03                 6.167    -0.546
B_04     WITH A_05                 4.361    -0.476
B_05     WITH IA                   7.688     0.513
B_05     WITH A_02                20.980     1.136
B_05     WITH B_01                 5.190     5.873
B_05     WITH B_02                 4.653    -9.882
B_06     WITH IA                   3.779     0.356
B_06     WITH SA                   3.358     0.059
B_06     WITH A_03                 9.902     0.724
B_06     WITH A_04                 5.163    -0.513
B_06     WITH B_01                 3.212     4.626
B_06     WITH B_02                 4.683    -3.074
HEALTH   WITH A_05                 4.157     0.052
HEALTH   WITH A_06                 8.672    -0.101
SEX      WITH A_02                 4.907    -0.032
SEX      WITH A_05                 5.435     0.026
SEX      WITH A_06                 7.880    -0.042
COH      WITH B_02                 4.478    -0.083

Means/Intercepts/Thresholds

[ A_02     ]                      10.710    -0.507
[ A_03     ]                      14.227     0.412
[ B_03     ]                       8.901     1.140
[ B_05     ]                       4.430    -0.768
[ B_06     ]                      13.453    -1.270


TECHNICAL 1 OUTPUT


     PARAMETER SPECIFICATION


           NU
              A_01          A_02          A_03          A_04          A_05
              ________      ________      ________      ________      ________
 1                  0             0             0             0             0


           NU
              A_06          B_01          B_02          B_03          B_04
              ________      ________      ________      ________      ________
 1                  0             0             0             0             0


           NU
              B_05          B_06          AGE           EDUC          HEALTH
              ________      ________      ________      ________      ________
 1                  0             0             0             0             0


           NU
              SEX           COH
              ________      ________
 1                  0             0


           LAMBDA
              IA            SA            IB            A_01          A_02
              ________      ________      ________      ________      ________
 A_01               0             0             0             0             0
 A_02               0             0             0             0             0
 A_03               0             0             0             0             0
 A_04               0             0             0             0             0
 A_05               0             0             0             0             0
 A_06               0             0             0             0             0
 B_01               0             0             0             0             0
 B_02               0             0             0             0             0
 B_03               0             0             0             0             0
 B_04               0             0             0             0             0
 B_05               0             0             0             0             0
 B_06               0             0             0             0             0
 AGE                0             0             0             0             0
 EDUC               0             0             0             0             0
 HEALTH             0             0             0             0             0
 SEX                0             0             0             0             0
 COH                0             0             0             0             0


           LAMBDA
              A_03          A_04          A_05          A_06          B_01
              ________      ________      ________      ________      ________
 A_01               0             0             0             0             0
 A_02               0             0             0             0             0
 A_03               0             0             0             0             0
 A_04               0             0             0             0             0
 A_05               0             0             0             0             0
 A_06               0             0             0             0             0
 B_01               0             0             0             0             0
 B_02               0             0             0             0             0
 B_03               0             0             0             0             0
 B_04               0             0             0             0             0
 B_05               0             0             0             0             0
 B_06               0             0             0             0             0
 AGE                0             0             0             0             0
 EDUC               0             0             0             0             0
 HEALTH             0             0             0             0             0
 SEX                0             0             0             0             0
 COH                0             0             0             0             0


           LAMBDA
              B_02          B_03          B_04          B_05          B_06
              ________      ________      ________      ________      ________
 A_01               0             0             0             0             0
 A_02               0             0             0             0             0
 A_03               0             0             0             0             0
 A_04               0             0             0             0             0
 A_05               0             0             0             0             0
 A_06               0             0             0             0             0
 B_01               0             0             0             0             0
 B_02               0             0             0             0             0
 B_03               0             0             0             0             0
 B_04               0             0             0             0             0
 B_05               0             0             0             0             0
 B_06               0             0             0             0             0
 AGE                0             0             0             0             0
 EDUC               0             0             0             0             0
 HEALTH             0             0             0             0             0
 SEX                0             0             0             0             0
 COH                0             0             0             0             0


           LAMBDA
              AGE           EDUC          HEALTH        SEX           COH
              ________      ________      ________      ________      ________
 A_01               0             0             0             0             0
 A_02               0             0             0             0             0
 A_03               0             0             0             0             0
 A_04               0             0             0             0             0
 A_05               0             0             0             0             0
 A_06               0             0             0             0             0
 B_01               0             0             0             0             0
 B_02               0             0             0             0             0
 B_03               0             0             0             0             0
 B_04               0             0             0             0             0
 B_05               0             0             0             0             0
 B_06               0             0             0             0             0
 AGE                0             0             0             0             0
 EDUC               0             0             0             0             0
 HEALTH             0             0             0             0             0
 SEX                0             0             0             0             0
 COH                0             0             0             0             0


           THETA
              A_01          A_02          A_03          A_04          A_05
              ________      ________      ________      ________      ________
 A_01               0
 A_02               0             0
 A_03               0             0             0
 A_04               0             0             0             0
 A_05               0             0             0             0             0
 A_06               0             0             0             0             0
 B_01               0             0             0             0             0
 B_02               0             0             0             0             0
 B_03               0             0             0             0             0
 B_04               0             0             0             0             0
 B_05               0             0             0             0             0
 B_06               0             0             0             0             0
 AGE                0             0             0             0             0
 EDUC               0             0             0             0             0
 HEALTH             0             0             0             0             0
 SEX                0             0             0             0             0
 COH                0             0             0             0             0


           THETA
              A_06          B_01          B_02          B_03          B_04
              ________      ________      ________      ________      ________
 A_06               0
 B_01               0             0
 B_02               0             0             0
 B_03               0             0             0             0
 B_04               0             0             0             0             0
 B_05               0             0             0             0             0
 B_06               0             0             0             0             0
 AGE                0             0             0             0             0
 EDUC               0             0             0             0             0
 HEALTH             0             0             0             0             0
 SEX                0             0             0             0             0
 COH                0             0             0             0             0


           THETA
              B_05          B_06          AGE           EDUC          HEALTH
              ________      ________      ________      ________      ________
 B_05               0
 B_06               0             0
 AGE                0             0             0
 EDUC               0             0             0             0
 HEALTH             0             0             0             0             0
 SEX                0             0             0             0             0
 COH                0             0             0             0             0


           THETA
              SEX           COH
              ________      ________
 SEX                0
 COH                0             0


           ALPHA
              IA            SA            IB            A_01          A_02
              ________      ________      ________      ________      ________
 1                  1             2             3             4             0


           ALPHA
              A_03          A_04          A_05          A_06          B_01
              ________      ________      ________      ________      ________
 1                  0             0             0             0             5


           ALPHA
              B_02          B_03          B_04          B_05          B_06
              ________      ________      ________      ________      ________
 1                  0             0             0             0             0


           ALPHA
              AGE           EDUC          HEALTH        SEX           COH
              ________      ________      ________      ________      ________
 1                  0             0             0             0             0


           BETA
              IA            SA            IB            A_01          A_02
              ________      ________      ________      ________      ________
 IA                 0             0             0             0             0
 SA                 0             0             0             0             0
 IB                 0             0             0             0             0
 A_01               0             0             0             0             0
 A_02               0             0             0            26             0
 A_03               0             0             0             0            28
 A_04               0             0             0             0             0
 A_05               0             0             0             0             0
 A_06               0             0             0             0             0
 B_01               0             0             0             0             0
 B_02               0             0             0            41             0
 B_03               0             0             0             0            43
 B_04               0             0             0             0             0
 B_05               0             0             0             0             0
 B_06               0             0             0             0             0
 AGE                0             0             0             0             0
 EDUC               0             0             0             0             0
 HEALTH             0             0             0             0             0
 SEX                0             0             0             0             0
 COH                0             0             0             0             0


           BETA
              A_03          A_04          A_05          A_06          B_01
              ________      ________      ________      ________      ________
 IA                 0             0             0             0             0
 SA                 0             0             0             0             0
 IB                 0             0             0             0             0
 A_01               0             0             0             0             0
 A_02               0             0             0             0            27
 A_03               0             0             0             0             0
 A_04              30             0             0             0             0
 A_05               0            32             0             0             0
 A_06               0             0            34             0             0
 B_01               0             0             0             0             0
 B_02               0             0             0             0            42
 B_03               0             0             0             0             0
 B_04              44             0             0             0             0
 B_05               0            45             0             0             0
 B_06               0             0            46             0             0
 AGE                0             0             0             0             0
 EDUC               0             0             0             0             0
 HEALTH             0             0             0             0             0
 SEX                0             0             0             0             0
 COH                0             0             0             0             0


           BETA
              B_02          B_03          B_04          B_05          B_06
              ________      ________      ________      ________      ________
 IA                 0             0             0             0             0
 SA                 0             0             0             0             0
 IB                 0             0             0             0             0
 A_01               0             0             0             0             0
 A_02               0             0             0             0             0
 A_03              29             0             0             0             0
 A_04               0            31             0             0             0
 A_05               0             0            33             0             0
 A_06               0             0             0            35             0
 B_01               0             0             0             0             0
 B_02               0             0             0             0             0
 B_03              42             0             0             0             0
 B_04               0            42             0             0             0
 B_05               0             0            42             0             0
 B_06               0             0             0            42             0
 AGE                0             0             0             0             0
 EDUC               0             0             0             0             0
 HEALTH             0             0             0             0             0
 SEX                0             0             0             0             0
 COH                0             0             0             0             0


           BETA
              AGE           EDUC          HEALTH        SEX           COH
              ________      ________      ________      ________      ________
 IA                 6             7             8             9            10
 SA                11            12            13            14            15
 IB                16            17            18            19            20
 A_01              21            22            23            24            25
 A_02               0             0             0             0             0
 A_03               0             0             0             0             0
 A_04               0             0             0             0             0
 A_05               0             0             0             0             0
 A_06               0             0             0             0             0
 B_01              36            37            38            39            40
 B_02               0             0             0             0             0
 B_03               0             0             0             0             0
 B_04               0             0             0             0             0
 B_05               0             0             0             0             0
 B_06               0             0             0             0             0
 AGE                0             0             0             0             0
 EDUC               0             0             0             0             0
 HEALTH             0             0             0             0             0
 SEX                0             0             0             0             0
 COH                0             0             0             0             0


           PSI
              IA            SA            IB            A_01          A_02
              ________      ________      ________      ________      ________
 IA                47
 SA                48            49
 IB                50            51            52
 A_01              53            54             0            55
 A_02               0             0             0             0            56
 A_03               0             0             0             0             0
 A_04               0             0             0             0             0
 A_05               0             0             0             0             0
 A_06               0             0             0             0             0
 B_01               0             0            61            62             0
 B_02               0             0             0             0             0
 B_03               0             0             0             0             0
 B_04               0             0             0             0             0
 B_05               0             0             0             0             0
 B_06               0             0             0             0             0
 AGE                0             0             0             0             0
 EDUC               0             0             0             0             0
 HEALTH             0             0             0             0             0
 SEX                0             0             0             0             0
 COH                0             0             0             0             0


           PSI
              A_03          A_04          A_05          A_06          B_01
              ________      ________      ________      ________      ________
 A_03              57
 A_04               0            58
 A_05               0             0            59
 A_06               0             0             0            60
 B_01               0             0             0             0            63
 B_02               0             0             0             0             0
 B_03               0             0             0             0             0
 B_04               0             0             0             0             0
 B_05               0             0             0             0             0
 B_06               0             0             0             0             0
 AGE                0             0             0             0             0
 EDUC               0             0             0             0             0
 HEALTH             0             0             0             0             0
 SEX                0             0             0             0             0
 COH                0             0             0             0             0


           PSI
              B_02          B_03          B_04          B_05          B_06
              ________      ________      ________      ________      ________
 B_02              64
 B_03               0            65
 B_04               0             0            66
 B_05               0             0             0            67
 B_06               0             0             0             0            68
 AGE                0             0             0             0             0
 EDUC               0             0             0             0             0
 HEALTH             0             0             0             0             0
 SEX                0             0             0             0             0
 COH                0             0             0             0             0


           PSI
              AGE           EDUC          HEALTH        SEX           COH
              ________      ________      ________      ________      ________
 AGE                0
 EDUC               0             0
 HEALTH             0             0             0
 SEX                0             0             0             0
 COH                0             0             0             0             0


     STARTING VALUES


           NU
              A_01          A_02          A_03          A_04          A_05
              ________      ________      ________      ________      ________
 1              0.000         0.000         0.000         0.000         0.000


           NU
              A_06          B_01          B_02          B_03          B_04
              ________      ________      ________      ________      ________
 1              0.000         0.000         0.000         0.000         0.000


           NU
              B_05          B_06          AGE           EDUC          HEALTH
              ________      ________      ________      ________      ________
 1              0.000         0.000         0.000         0.000         0.000


           NU
              SEX           COH
              ________      ________
 1              0.000         0.000


           LAMBDA
              IA            SA            IB            A_01          A_02
              ________      ________      ________      ________      ________
 A_01           0.000         0.000         0.000         1.000         0.000
 A_02           0.000         0.000         0.000         0.000         1.000
 A_03           0.000         0.000         0.000         0.000         0.000
 A_04           0.000         0.000         0.000         0.000         0.000
 A_05           0.000         0.000         0.000         0.000         0.000
 A_06           0.000         0.000         0.000         0.000         0.000
 B_01           0.000         0.000         0.000         0.000         0.000
 B_02           0.000         0.000         0.000         0.000         0.000
 B_03           0.000         0.000         0.000         0.000         0.000
 B_04           0.000         0.000         0.000         0.000         0.000
 B_05           0.000         0.000         0.000         0.000         0.000
 B_06           0.000         0.000         0.000         0.000         0.000
 AGE            0.000         0.000         0.000         0.000         0.000
 EDUC           0.000         0.000         0.000         0.000         0.000
 HEALTH         0.000         0.000         0.000         0.000         0.000
 SEX            0.000         0.000         0.000         0.000         0.000
 COH            0.000         0.000         0.000         0.000         0.000


           LAMBDA
              A_03          A_04          A_05          A_06          B_01
              ________      ________      ________      ________      ________
 A_01           0.000         0.000         0.000         0.000         0.000
 A_02           0.000         0.000         0.000         0.000         0.000
 A_03           1.000         0.000         0.000         0.000         0.000
 A_04           0.000         1.000         0.000         0.000         0.000
 A_05           0.000         0.000         1.000         0.000         0.000
 A_06           0.000         0.000         0.000         1.000         0.000
 B_01           0.000         0.000         0.000         0.000         1.000
 B_02           0.000         0.000         0.000         0.000         0.000
 B_03           0.000         0.000         0.000         0.000         0.000
 B_04           0.000         0.000         0.000         0.000         0.000
 B_05           0.000         0.000         0.000         0.000         0.000
 B_06           0.000         0.000         0.000         0.000         0.000
 AGE            0.000         0.000         0.000         0.000         0.000
 EDUC           0.000         0.000         0.000         0.000         0.000
 HEALTH         0.000         0.000         0.000         0.000         0.000
 SEX            0.000         0.000         0.000         0.000         0.000
 COH            0.000         0.000         0.000         0.000         0.000


           LAMBDA
              B_02          B_03          B_04          B_05          B_06
              ________      ________      ________      ________      ________
 A_01           0.000         0.000         0.000         0.000         0.000
 A_02           0.000         0.000         0.000         0.000         0.000
 A_03           0.000         0.000         0.000         0.000         0.000
 A_04           0.000         0.000         0.000         0.000         0.000
 A_05           0.000         0.000         0.000         0.000         0.000
 A_06           0.000         0.000         0.000         0.000         0.000
 B_01           0.000         0.000         0.000         0.000         0.000
 B_02           1.000         0.000         0.000         0.000         0.000
 B_03           0.000         1.000         0.000         0.000         0.000
 B_04           0.000         0.000         1.000         0.000         0.000
 B_05           0.000         0.000         0.000         1.000         0.000
 B_06           0.000         0.000         0.000         0.000         1.000
 AGE            0.000         0.000         0.000         0.000         0.000
 EDUC           0.000         0.000         0.000         0.000         0.000
 HEALTH         0.000         0.000         0.000         0.000         0.000
 SEX            0.000         0.000         0.000         0.000         0.000
 COH            0.000         0.000         0.000         0.000         0.000


           LAMBDA
              AGE           EDUC          HEALTH        SEX           COH
              ________      ________      ________      ________      ________
 A_01           0.000         0.000         0.000         0.000         0.000
 A_02           0.000         0.000         0.000         0.000         0.000
 A_03           0.000         0.000         0.000         0.000         0.000
 A_04           0.000         0.000         0.000         0.000         0.000
 A_05           0.000         0.000         0.000         0.000         0.000
 A_06           0.000         0.000         0.000         0.000         0.000
 B_01           0.000         0.000         0.000         0.000         0.000
 B_02           0.000         0.000         0.000         0.000         0.000
 B_03           0.000         0.000         0.000         0.000         0.000
 B_04           0.000         0.000         0.000         0.000         0.000
 B_05           0.000         0.000         0.000         0.000         0.000
 B_06           0.000         0.000         0.000         0.000         0.000
 AGE            1.000         0.000         0.000         0.000         0.000
 EDUC           0.000         1.000         0.000         0.000         0.000
 HEALTH         0.000         0.000         1.000         0.000         0.000
 SEX            0.000         0.000         0.000         1.000         0.000
 COH            0.000         0.000         0.000         0.000         1.000


           THETA
              A_01          A_02          A_03          A_04          A_05
              ________      ________      ________      ________      ________
 A_01           0.000
 A_02           0.000         0.000
 A_03           0.000         0.000         0.000
 A_04           0.000         0.000         0.000         0.000
 A_05           0.000         0.000         0.000         0.000         0.000
 A_06           0.000         0.000         0.000         0.000         0.000
 B_01           0.000         0.000         0.000         0.000         0.000
 B_02           0.000         0.000         0.000         0.000         0.000
 B_03           0.000         0.000         0.000         0.000         0.000
 B_04           0.000         0.000         0.000         0.000         0.000
 B_05           0.000         0.000         0.000         0.000         0.000
 B_06           0.000         0.000         0.000         0.000         0.000
 AGE            0.000         0.000         0.000         0.000         0.000
 EDUC           0.000         0.000         0.000         0.000         0.000
 HEALTH         0.000         0.000         0.000         0.000         0.000
 SEX            0.000         0.000         0.000         0.000         0.000
 COH            0.000         0.000         0.000         0.000         0.000


           THETA
              A_06          B_01          B_02          B_03          B_04
              ________      ________      ________      ________      ________
 A_06           0.000
 B_01           0.000         0.000
 B_02           0.000         0.000         0.000
 B_03           0.000         0.000         0.000         0.000
 B_04           0.000         0.000         0.000         0.000         0.000
 B_05           0.000         0.000         0.000         0.000         0.000
 B_06           0.000         0.000         0.000         0.000         0.000
 AGE            0.000         0.000         0.000         0.000         0.000
 EDUC           0.000         0.000         0.000         0.000         0.000
 HEALTH         0.000         0.000         0.000         0.000         0.000
 SEX            0.000         0.000         0.000         0.000         0.000
 COH            0.000         0.000         0.000         0.000         0.000


           THETA
              B_05          B_06          AGE           EDUC          HEALTH
              ________      ________      ________      ________      ________
 B_05           0.000
 B_06           0.000         0.000
 AGE            0.000         0.000         0.000
 EDUC           0.000         0.000         0.000         0.000
 HEALTH         0.000         0.000         0.000         0.000         0.000
 SEX            0.000         0.000         0.000         0.000         0.000
 COH            0.000         0.000         0.000         0.000         0.000


           THETA
              SEX           COH
              ________      ________
 SEX            0.000
 COH            0.000         0.000


           ALPHA
              IA            SA            IB            A_01          A_02
              ________      ________      ________      ________      ________
 1              0.000         0.000         0.000         0.000         0.000


           ALPHA
              A_03          A_04          A_05          A_06          B_01
              ________      ________      ________      ________      ________
 1              0.000         0.000         0.000         0.000         0.000


           ALPHA
              B_02          B_03          B_04          B_05          B_06
              ________      ________      ________      ________      ________
 1              0.000         0.000         0.000         0.000         0.000


           ALPHA
              AGE           EDUC          HEALTH        SEX           COH
              ________      ________      ________      ________      ________
 1              0.000         0.000         0.000         0.000         0.000


           BETA
              IA            SA            IB            A_01          A_02
              ________      ________      ________      ________      ________
 IA             0.000         0.000         0.000         0.000         0.000
 SA             0.000         0.000         0.000         0.000         0.000
 IB             0.000         0.000         0.000         0.000         0.000
 A_01           0.000         0.000         0.000         0.000         0.000
 A_02           1.000         0.000         0.000         0.000         0.000
 A_03           1.000         2.000         0.000         0.000         0.000
 A_04           1.000         4.000         0.000         0.000         0.000
 A_05           1.000         6.000         0.000         0.000         0.000
 A_06           1.000         8.000         0.000         0.000         0.000
 B_01           0.000         0.000         0.000         0.000         0.000
 B_02           0.000         0.000         1.000         0.000         0.000
 B_03           0.000         0.000         1.000         0.000         0.000
 B_04           0.000         0.000         1.000         0.000         0.000
 B_05           0.000         0.000         1.000         0.000         0.000
 B_06           0.000         0.000         1.000         0.000         0.000
 AGE            0.000         0.000         0.000         0.000         0.000
 EDUC           0.000         0.000         0.000         0.000         0.000
 HEALTH         0.000         0.000         0.000         0.000         0.000
 SEX            0.000         0.000         0.000         0.000         0.000
 COH            0.000         0.000         0.000         0.000         0.000


           BETA
              A_03          A_04          A_05          A_06          B_01
              ________      ________      ________      ________      ________
 IA             0.000         0.000         0.000         0.000         0.000
 SA             0.000         0.000         0.000         0.000         0.000
 IB             0.000         0.000         0.000         0.000         0.000
 A_01           0.000         0.000         0.000         0.000         0.000
 A_02           0.000         0.000         0.000         0.000         0.000
 A_03           0.000         0.000         0.000         0.000         0.000
 A_04           0.000         0.000         0.000         0.000         0.000
 A_05           0.000         0.000         0.000         0.000         0.000
 A_06           0.000         0.000         0.000         0.000         0.000
 B_01           0.000         0.000         0.000         0.000         0.000
 B_02           0.000         0.000         0.000         0.000         0.000
 B_03           0.000         0.000         0.000         0.000         0.000
 B_04           0.000         0.000         0.000         0.000         0.000
 B_05           0.000         0.000         0.000         0.000         0.000
 B_06           0.000         0.000         0.000         0.000         0.000
 AGE            0.000         0.000         0.000         0.000         0.000
 EDUC           0.000         0.000         0.000         0.000         0.000
 HEALTH         0.000         0.000         0.000         0.000         0.000
 SEX            0.000         0.000         0.000         0.000         0.000
 COH            0.000         0.000         0.000         0.000         0.000


           BETA
              B_02          B_03          B_04          B_05          B_06
              ________      ________      ________      ________      ________
 IA             0.000         0.000         0.000         0.000         0.000
 SA             0.000         0.000         0.000         0.000         0.000
 IB             0.000         0.000         0.000         0.000         0.000
 A_01           0.000         0.000         0.000         0.000         0.000
 A_02           0.000         0.000         0.000         0.000         0.000
 A_03           0.000         0.000         0.000         0.000         0.000
 A_04           0.000         0.000         0.000         0.000         0.000
 A_05           0.000         0.000         0.000         0.000         0.000
 A_06           0.000         0.000         0.000         0.000         0.000
 B_01           0.000         0.000         0.000         0.000         0.000
 B_02           0.000         0.000         0.000         0.000         0.000
 B_03           0.000         0.000         0.000         0.000         0.000
 B_04           0.000         0.000         0.000         0.000         0.000
 B_05           0.000         0.000         0.000         0.000         0.000
 B_06           0.000         0.000         0.000         0.000         0.000
 AGE            0.000         0.000         0.000         0.000         0.000
 EDUC           0.000         0.000         0.000         0.000         0.000
 HEALTH         0.000         0.000         0.000         0.000         0.000
 SEX            0.000         0.000         0.000         0.000         0.000
 COH            0.000         0.000         0.000         0.000         0.000


           BETA
              AGE           EDUC          HEALTH        SEX           COH
              ________      ________      ________      ________      ________
 IA             0.000         0.000         0.000         0.000         0.000
 SA             0.000         0.000         0.000         0.000         0.000
 IB             0.000         0.000         0.000         0.000         0.000
 A_01           0.000         0.000         0.000         0.000         0.000
 A_02           0.000         0.000         0.000         0.000         0.000
 A_03           0.000         0.000         0.000         0.000         0.000
 A_04           0.000         0.000         0.000         0.000         0.000
 A_05           0.000         0.000         0.000         0.000         0.000
 A_06           0.000         0.000         0.000         0.000         0.000
 B_01           0.000         0.000         0.000         0.000         0.000
 B_02           0.000         0.000         0.000         0.000         0.000
 B_03           0.000         0.000         0.000         0.000         0.000
 B_04           0.000         0.000         0.000         0.000         0.000
 B_05           0.000         0.000         0.000         0.000         0.000
 B_06           0.000         0.000         0.000         0.000         0.000
 AGE            0.000         0.000         0.000         0.000         0.000
 EDUC           0.000         0.000         0.000         0.000         0.000
 HEALTH         0.000         0.000         0.000         0.000         0.000
 SEX            0.000         0.000         0.000         0.000         0.000
 COH            0.000         0.000         0.000         0.000         0.000


           PSI
              IA            SA            IB            A_01          A_02
              ________      ________      ________      ________      ________
 IA             0.050
 SA             0.000         0.050
 IB             0.000         0.000         0.050
 A_01           0.000         0.000         0.000         1.695
 A_02           0.000         0.000         0.000         0.000         1.787
 A_03           0.000         0.000         0.000         0.000         0.000
 A_04           0.000         0.000         0.000         0.000         0.000
 A_05           0.000         0.000         0.000         0.000         0.000
 A_06           0.000         0.000         0.000         0.000         0.000
 B_01           0.000         0.000         0.000         0.000         0.000
 B_02           0.000         0.000         0.000         0.000         0.000
 B_03           0.000         0.000         0.000         0.000         0.000
 B_04           0.000         0.000         0.000         0.000         0.000
 B_05           0.000         0.000         0.000         0.000         0.000
 B_06           0.000         0.000         0.000         0.000         0.000
 AGE            0.000         0.000         0.000         0.000         0.000
 EDUC           0.000         0.000         0.000         0.000         0.000
 HEALTH         0.000         0.000         0.000         0.000         0.000
 SEX            0.000         0.000         0.000         0.000         0.000
 COH            0.000         0.000         0.000         0.000         0.000


           PSI
              A_03          A_04          A_05          A_06          B_01
              ________      ________      ________      ________      ________
 A_03           1.760
 A_04           0.000         1.896
 A_05           0.000         0.000         1.948
 A_06           0.000         0.000         0.000         1.930
 B_01           0.000         0.000         0.000         0.000        35.037
 B_02           0.000         0.000         0.000         0.000         0.000
 B_03           0.000         0.000         0.000         0.000         0.000
 B_04           0.000         0.000         0.000         0.000         0.000
 B_05           0.000         0.000         0.000         0.000         0.000
 B_06           0.000         0.000         0.000         0.000         0.000
 AGE            0.000         0.000         0.000         0.000         0.000
 EDUC           0.000         0.000         0.000         0.000         0.000
 HEALTH         0.000         0.000         0.000         0.000         0.000
 SEX            0.000         0.000         0.000         0.000         0.000
 COH            0.000         0.000         0.000         0.000         0.000


           PSI
              B_02          B_03          B_04          B_05          B_06
              ________      ________      ________      ________      ________
 B_02          33.092
 B_03           0.000        36.932
 B_04           0.000         0.000        35.994
 B_05           0.000         0.000         0.000        38.520
 B_06           0.000         0.000         0.000         0.000        38.270
 AGE            0.000         0.000         0.000         0.000         0.000
 EDUC           0.000         0.000         0.000         0.000         0.000
 HEALTH         0.000         0.000         0.000         0.000         0.000
 SEX            0.000         0.000         0.000         0.000         0.000
 COH            0.000         0.000         0.000         0.000         0.000


           PSI
              AGE           EDUC          HEALTH        SEX           COH
              ________      ________      ________      ________      ________
 AGE           16.950
 EDUC           0.000         4.799
 HEALTH         0.000         0.000         0.649
 SEX            0.000         0.000         0.000         0.121
 COH            0.000         0.000         0.000         0.000         0.238


     Beginning Time:  19:00:14
        Ending Time:  19:25:29
       Elapsed Time:  00:25:15



MUTHEN & MUTHEN
3463 Stoner Ave.
Los Angeles, CA  90066

Tel: (310) 391-9971
Fax: (310) 391-8971
Web: www.StatModel.com
Support: Support@StatModel.com

Copyright (c) 1998-2015 Muthen & Muthen
