Mplus VERSION 7.4 (Mac)
MUTHEN & MUTHEN
07/18/2017  12:48 PM

INPUT INSTRUCTIONS

  TITLE:
  ALT, no slope
  DATA:
  File = wide-dataset-b.dat ;
  VARIABLE:
  NAMES are
   id hhid male birthyr_rand birthmo_rand race_rand hispanic_rand cohort
      raedyrs raedegrm memoryproblems_baseline memory_disease_ever age_baseline
      age_baseline_65 health_conditions_baseline healthcond_mean activity_mean_2004
      activity_mean_2006 activity_mean_2008 activity_mean_2010 activity_mean_2012
      activity_mean_2014 activity_sum_2004 activity_sum_2006 activity_sum_2008
      activity_sum_2010 activity_sum_2012 activity_sum_2014 close_social_network_2004
      close_social_network_2006 close_social_network_2008 close_social_network_2010
      close_social_network_2012 close_social_network_2014 countb20r_2004
      countb20r_2006 countb20r_2008 countb20r_2010 countb20r_2012 countb20r_2014
      crp_adj_2004 crp_adj_2006 crp_adj_2008 crp_adj_2010 crp_adj_2012 crp_adj_2014
      dep_total_2004 dep_total_2006 dep_total_2008 dep_total_2010 dep_total_2012
      dep_total_2014 exercise_2004 exercise_2006 exercise_2008 exercise_2010
      exercise_2012 exercise_2014 healthcond_2004 healthcond_2006 healthcond_2008
      healthcond_2010 healthcond_2012 healthcond_2014 hhres_2004 hhres_2006
      hhres_2008 hhres_2010 hhres_2012 hhres_2014 hrs_tscore_2004 hrs_tscore_2006
      hrs_tscore_2008 hrs_tscore_2010 hrs_tscore_2012 hrs_tscore_2014 intage_r_2004
      intage_r_2006 intage_r_2008 intage_r_2010 intage_r_2012 intage_r_2014
      interview_date_2004 interview_date_2006 interview_date_2008 interview_date_2010
      interview_date_2012 interview_date_2014 lb_65_wave_2004 lb_65_wave_2006
      lb_65_wave_2008 lb_65_wave_2010 lb_65_wave_2012 lb_65_wave_2014 lb_wave_2004
      lb_wave_2006 lb_wave_2008 lb_wave_2010 lb_wave_2012 lb_wave_2014 listassi_2004
      listassi_2006 listassi_2008 listassi_2010 listassi_2012 listassi_2014
      mentalstatus_tot_2004 mentalstatus_tot_2006 mentalstatus_tot_2008
      mentalstatus_tot_2010 mentalstatus_tot_2012 mentalstatus_tot_2014 proxy_2004
      proxy_2006 proxy_2008 proxy_2010 proxy_2012 proxy_2014 responded_2004
      responded_2006 responded_2008 responded_2010 responded_2012 responded_2014
      rmaritalst_2004 rmaritalst_2006 rmaritalst_2008 rmaritalst_2010 rmaritalst_2012
      rmaritalst_2014 rpartst_2004 rpartst_2006 rpartst_2008 rpartst_2010
      rpartst_2012 rpartst_2014 score_loneliness_11_2004 score_loneliness_11_2006
      score_loneliness_11_2008 score_loneliness_11_2010 score_loneliness_11_2012
      score_loneliness_11_2014 score_loneliness_3_2004 score_loneliness_3_2006
      score_loneliness_3_2008 score_loneliness_3_2010 score_loneliness_3_2012
      score_loneliness_3_2014 shhidpnr_2004 shhidpnr_2006 shhidpnr_2008 shhidpnr_2010
      shhidpnr_2012 shhidpnr_2014 snchild_2004 snchild_2006 snchild_2008 snchild_2010
      snchild_2012 snchild_2014 snfamily_2004 snfamily_2006 snfamily_2008
      snfamily_2010 snfamily_2012 snfamily_2014 snfriends_2004 snfriends_2006
      snfriends_2008 snfriends_2010 snfriends_2012 snfriends_2014 snspouse_2004
      snspouse_2006 snspouse_2008 snspouse_2010 snspouse_2012 snspouse_2014
      social_contact_total_2004 social_contact_total_2006 social_contact_total_2008
      social_contact_total_2010 social_contact_total_2012 social_contact_total_2014
      social_strain_mean_2004 social_strain_mean_2006 social_strain_mean_2008
      social_strain_mean_2010 social_strain_mean_2012 social_strain_mean_2014
      social_support_mean_2004 social_support_mean_2006 social_support_mean_2008
      social_support_mean_2010 social_support_mean_2012 social_support_mean_2014
      socialnetwork_total_2004 socialnetwork_total_2006 socialnetwork_total_2008
      socialnetwork_total_2010 socialnetwork_total_2012 socialnetwork_total_2014
      srmemory_2004 srmemory_2006 srmemory_2008 srmemory_2010 srmemory_2012
      srmemory_2014 srmemoryp_2004 srmemoryp_2006 srmemoryp_2008 srmemoryp_2010
      srmemoryp_2012 srmemoryp_2014 vocab_total_2004 vocab_total_2006 vocab_total_2008
      vocab_total_2010 vocab_total_2012 vocab_total_2014 wrectotd_2004 wrectotd_2006
      wrectotd_2008 wrectotd_2010 wrectotd_2012 wrectotd_2014 wrectoti_2004
      wrectoti_2006 wrectoti_2008 wrectoti_2010 wrectoti_2012 wrectoti_2014
  	;
  Missing are all(9999);
  USEVARIABLES are
  	!define the variables used in the analysis
  	!estimated time points
  a_01
  a_02
  a_03
  a_04
  a_05
  a_06
  	! covariates used in the model
   	;
  SUBPOPULATION are
  	!select a subset of observations
  age_baseline > 64 AND
  memory_disease_ever EQ 0
  ;
  CLUSTER = hhid;
  DEFINE:
    ! centre baseline age
  a = age_baseline - 69;
  	! assign variables to the process (A)
  a_01=social_support_mean_2004;
  a_02=social_support_mean_2006;
  a_03=social_support_mean_2008;
  a_04=social_support_mean_2010;
  a_05=social_support_mean_2012;
  a_06=social_support_mean_2014;
  ANALYSIS:
  TYPE = COMPLEX RANDOM;
  COVERAGE=.00;
  H1ITERATIONS = 10000;
  MODEL:
  	!LGM part
  	! assign process (A) to time points
  ia | a_01@0
  a_02@2
  a_03@4
  a_04@6
  a_05@8
  a_06@10 ;
  	! assign process (B) to time points
  	!autoregressive part
  a_01;
  a_02 ON a_01;
  a_03 ON a_02;
  a_04 ON a_03;
  a_05 ON a_04;
  a_06 ON a_05;
  	
  OUTPUT: SAMPSTAT MODINDICES (3.0); TECH1 TECH2 TECH3;;



INPUT READING TERMINATED NORMALLY




ALT, no slope

SUMMARY OF ANALYSIS

Number of groups                                                 1
Number of observations                                        5952

Number of dependent variables                                    6
Number of independent variables                                  0
Number of continuous latent variables                            1

Observed dependent variables

  Continuous
   A_01        A_02        A_03        A_04        A_05        A_06

Continuous latent variables
   IA

Variables with special functions

  Cluster variable      HHID

Estimator                                                      MLR
Information matrix                                        OBSERVED
Maximum number of iterations                                   100
Convergence criterion                                    0.100D-05
Maximum number of EM iterations                                500
Convergence criteria for the EM algorithm
  Loglikelihood change                                   0.100D-02
  Relative loglikelihood change                          0.100D-05
  Derivative                                             0.100D-03
Minimum variance                                         0.100D-03
Maximum number of steepest descent iterations                   20
Maximum number of iterations for H1                          10000
Convergence criterion for H1                             0.100D-03
Optimization algorithm                                         EMA

Input data file(s)
  wide-dataset-b.dat
Input data format  FREE


SUMMARY OF DATA

     Number of missing data patterns            28
     Number of clusters        4882



SAMPLE STATISTICS


     ESTIMATED SAMPLE STATISTICS


           Means
              A_01          A_02          A_03          A_04          A_05
              ________      ________      ________      ________      ________
 1              9.781         9.575         9.557         9.581         9.608


           Means
              A_06
              ________
 1              9.567


           Covariances
              A_01          A_02          A_03          A_04          A_05
              ________      ________      ________      ________      ________
 A_01           2.357
 A_02           1.577         2.326
 A_03           1.443         0.545         2.546
 A_04           1.429         1.398         0.702         2.457
 A_05           1.065         0.523         1.550         0.756         2.558
 A_06           1.395         1.371         0.290         1.485         0.330


           Covariances
              A_06
              ________
 A_06           2.638


           Correlations
              A_01          A_02          A_03          A_04          A_05
              ________      ________      ________      ________      ________
 A_01           1.000
 A_02           0.673         1.000
 A_03           0.589         0.224         1.000
 A_04           0.594         0.585         0.281         1.000
 A_05           0.434         0.215         0.607         0.301         1.000
 A_06           0.559         0.554         0.112         0.583         0.127


           Correlations
              A_06
              ________
 A_06           1.000


     MAXIMUM LOG-LIKELIHOOD VALUE FOR THE UNRESTRICTED (H1) MODEL IS -23493.295


UNIVARIATE SAMPLE STATISTICS


     UNIVARIATE HIGHER-ORDER MOMENT DESCRIPTIVE STATISTICS

         Variable/         Mean/     Skewness/   Minimum/ % with                Percentiles
        Sample Size      Variance    Kurtosis    Maximum  Min/Max      20%/60%    40%/80%    Median

     A_01                  9.811      -0.654       4.333    0.09%       8.500      9.667     10.000
            1061.000       2.338       0.097      12.000    8.48%      10.333     11.250
     A_02                  9.578      -0.541       3.000    0.11%       8.333      9.250      9.667
            2787.000       2.311       0.122      12.000    5.63%      10.000     11.000
     A_03                  9.558      -0.590       3.000    0.07%       8.250      9.250      9.667
            2737.000       2.553       0.220      12.000    6.94%      10.000     11.000
     A_04                  9.580      -0.584       3.000    0.04%       8.250      9.333      9.750
            2646.000       2.432       0.067      12.000    6.20%      10.250     11.000
     A_05                  9.610      -0.664       3.000    0.04%       8.333      9.333      9.750
            2235.000       2.541       0.256      12.000    6.67%      10.250     11.000
     A_06                  9.579      -0.596       3.000    0.15%       8.250      9.333      9.667
            2031.000       2.584       0.117      12.000    7.04%      10.250     11.000


THE MODEL ESTIMATION TERMINATED NORMALLY



MODEL FIT INFORMATION

Number of Free Parameters                       13

Loglikelihood

          H0 Value                      -23527.664
          H0 Scaling Correction Factor      1.3003
            for MLR
          H1 Value                      -23493.295
          H1 Scaling Correction Factor      1.1165
            for MLR

Information Criteria

          Akaike (AIC)                   47081.328
          Bayesian (BIC)                 47168.317
          Sample-Size Adjusted BIC       47127.007
            (n* = (n + 2) / 24)

Chi-Square Test of Model Fit

          Value                             72.677*
          Degrees of Freedom                    14
          P-Value                           0.0000
          Scaling Correction Factor         0.9458
            for MLR

*   The chi-square value for MLM, MLMV, MLR, ULSMV, WLSM and WLSMV cannot be used
    for chi-square difference testing in the regular way.  MLM, MLR and WLSM
    chi-square difference testing is described on the Mplus website.  MLMV, WLSMV,
    and ULSMV difference testing is done using the DIFFTEST option.

RMSEA (Root Mean Square Error Of Approximation)

          Estimate                           0.027

CFI/TLI

          CFI                                0.981
          TLI                                0.979

Chi-Square Test of Model Fit for the Baseline Model

          Value                           3079.436
          Degrees of Freedom                    15
          P-Value                           0.0000

SRMR (Standardized Root Mean Square Residual)

          Value                              0.201



MODEL RESULTS

                                                    Two-Tailed
                    Estimate       S.E.  Est./S.E.    P-Value

 IA       |
    A_01               1.000      0.000    999.000    999.000
    A_02               1.000      0.000    999.000    999.000
    A_03               1.000      0.000    999.000    999.000
    A_04               1.000      0.000    999.000    999.000
    A_05               1.000      0.000    999.000    999.000
    A_06               1.000      0.000    999.000    999.000

 A_02       ON
    A_01              -0.019      0.004     -4.726      0.000

 A_03       ON
    A_02              -0.021      0.005     -4.635      0.000

 A_04       ON
    A_03              -0.019      0.004     -4.361      0.000

 A_05       ON
    A_04              -0.017      0.005     -3.455      0.001

 A_06       ON
    A_05              -0.021      0.005     -4.397      0.000

 Means
    IA                 9.765      0.039    249.571      0.000

 Intercepts
    A_01               0.000      0.000    999.000    999.000
    A_02               0.000      0.000    999.000    999.000
    A_03               0.000      0.000    999.000    999.000
    A_04               0.000      0.000    999.000    999.000
    A_05               0.000      0.000    999.000    999.000
    A_06               0.000      0.000    999.000    999.000

 Variances
    IA                 1.505      0.043     35.007      0.000

 Residual Variances
    A_01               0.984      0.077     12.803      0.000
    A_02               0.934      0.046     20.228      0.000
    A_03               0.997      0.057     17.606      0.000
    A_04               1.014      0.057     17.672      0.000
    A_05               1.104      0.065     17.056      0.000
    A_06               1.213      0.063     19.342      0.000


QUALITY OF NUMERICAL RESULTS

     Condition Number for the Information Matrix              0.105E-02
       (ratio of smallest to largest eigenvalue)


MODEL MODIFICATION INDICES

NOTE:  Modification indices for direct effects of observed dependent variables
regressed on covariates may not be included.  To include these, request
MODINDICES (ALL).

Minimum M.I. value for printing the modification index     3.000

                                   M.I.     E.P.C.


ON/BY Statements

A_01     ON IA       /
IA       BY A_01                   9.414     0.180
A_02     ON IA       /
IA       BY A_02                  13.800    -0.223
A_05     ON IA       /
IA       BY A_05                   5.566     1.387

ON Statements

IA       ON A_01                   3.663    -0.100
IA       ON A_03                  18.288     0.223
A_01     ON A_01                   9.323     0.179
A_01     ON A_02                  11.577     0.105
A_01     ON A_03                   8.283     0.138
A_01     ON A_04                   5.572     0.114
A_01     ON A_05                   6.879    -0.118
A_01     ON A_06                   4.015     0.094
A_02     ON A_02                  13.815    -0.223
A_02     ON A_03                  15.145    -0.239
A_02     ON A_04                   9.625    -0.090
A_02     ON A_05                  14.112    -0.232
A_02     ON A_06                  10.954    -0.089
A_03     ON A_05                  23.233     0.245
A_03     ON A_06                   4.736    -0.745
A_04     ON A_06                   7.606     0.091
A_05     ON A_01                  42.310    -0.451
A_05     ON A_02                   8.466     1.629
A_05     ON A_03                  22.878     0.262
A_05     ON A_05                   5.373     1.362
A_05     ON A_06                   4.188     1.004
A_06     ON A_02                   4.106    -0.087
A_06     ON A_03                   3.332    -0.849
A_06     ON A_04                   6.973     0.103

WITH Statements

A_01     WITH IA                   3.733    -0.099
A_02     WITH A_01                13.856     0.220
A_03     WITH IA                  18.087     0.223
A_04     WITH A_03                 3.899    -0.992
A_05     WITH A_01                46.021    -0.462
A_05     WITH A_03                21.915     0.262
A_06     WITH A_02                 4.226    -0.082
A_06     WITH A_03                10.819    -1.913
A_06     WITH A_04                 7.062     0.107

Means/Intercepts/Thresholds

[ A_01     ]                      13.735     1.230
[ A_03     ]                      17.314    -1.414


TECHNICAL 1 OUTPUT


     PARAMETER SPECIFICATION


           NU
              A_01          A_02          A_03          A_04          A_05
              ________      ________      ________      ________      ________
 1                  0             0             0             0             0


           NU
              A_06
              ________
 1                  0


           LAMBDA
              IA            A_01          A_02          A_03          A_04
              ________      ________      ________      ________      ________
 A_01               0             0             0             0             0
 A_02               0             0             0             0             0
 A_03               0             0             0             0             0
 A_04               0             0             0             0             0
 A_05               0             0             0             0             0
 A_06               0             0             0             0             0


           LAMBDA
              A_05          A_06
              ________      ________
 A_01               0             0
 A_02               0             0
 A_03               0             0
 A_04               0             0
 A_05               0             0
 A_06               0             0


           THETA
              A_01          A_02          A_03          A_04          A_05
              ________      ________      ________      ________      ________
 A_01               0
 A_02               0             0
 A_03               0             0             0
 A_04               0             0             0             0
 A_05               0             0             0             0             0
 A_06               0             0             0             0             0


           THETA
              A_06
              ________
 A_06               0


           ALPHA
              IA            A_01          A_02          A_03          A_04
              ________      ________      ________      ________      ________
 1                  1             0             0             0             0


           ALPHA
              A_05          A_06
              ________      ________
 1                  0             0


           BETA
              IA            A_01          A_02          A_03          A_04
              ________      ________      ________      ________      ________
 IA                 0             0             0             0             0
 A_01               0             0             0             0             0
 A_02               0             2             0             0             0
 A_03               0             0             3             0             0
 A_04               0             0             0             4             0
 A_05               0             0             0             0             5
 A_06               0             0             0             0             0


           BETA
              A_05          A_06
              ________      ________
 IA                 0             0
 A_01               0             0
 A_02               0             0
 A_03               0             0
 A_04               0             0
 A_05               0             0
 A_06               6             0


           PSI
              IA            A_01          A_02          A_03          A_04
              ________      ________      ________      ________      ________
 IA                 7
 A_01               0             8
 A_02               0             0             9
 A_03               0             0             0            10
 A_04               0             0             0             0            11
 A_05               0             0             0             0             0
 A_06               0             0             0             0             0


           PSI
              A_05          A_06
              ________      ________
 A_05              12
 A_06               0            13


     STARTING VALUES


           NU
              A_01          A_02          A_03          A_04          A_05
              ________      ________      ________      ________      ________
 1              0.000         0.000         0.000         0.000         0.000


           NU
              A_06
              ________
 1              0.000


           LAMBDA
              IA            A_01          A_02          A_03          A_04
              ________      ________      ________      ________      ________
 A_01           0.000         1.000         0.000         0.000         0.000
 A_02           0.000         0.000         1.000         0.000         0.000
 A_03           0.000         0.000         0.000         1.000         0.000
 A_04           0.000         0.000         0.000         0.000         1.000
 A_05           0.000         0.000         0.000         0.000         0.000
 A_06           0.000         0.000         0.000         0.000         0.000


           LAMBDA
              A_05          A_06
              ________      ________
 A_01           0.000         0.000
 A_02           0.000         0.000
 A_03           0.000         0.000
 A_04           0.000         0.000
 A_05           1.000         0.000
 A_06           0.000         1.000


           THETA
              A_01          A_02          A_03          A_04          A_05
              ________      ________      ________      ________      ________
 A_01           0.000
 A_02           0.000         0.000
 A_03           0.000         0.000         0.000
 A_04           0.000         0.000         0.000         0.000
 A_05           0.000         0.000         0.000         0.000         0.000
 A_06           0.000         0.000         0.000         0.000         0.000


           THETA
              A_06
              ________
 A_06           0.000


           ALPHA
              IA            A_01          A_02          A_03          A_04
              ________      ________      ________      ________      ________
 1              9.586         0.000         0.000         0.000         0.000


           ALPHA
              A_05          A_06
              ________      ________
 1              0.000         0.000


           BETA
              IA            A_01          A_02          A_03          A_04
              ________      ________      ________      ________      ________
 IA             0.000         0.000         0.000         0.000         0.000
 A_01           1.000         0.000         0.000         0.000         0.000
 A_02           1.000         0.000         0.000         0.000         0.000
 A_03           1.000         0.000         0.000         0.000         0.000
 A_04           1.000         0.000         0.000         0.000         0.000
 A_05           1.000         0.000         0.000         0.000         0.000
 A_06           1.000         0.000         0.000         0.000         0.000


           BETA
              A_05          A_06
              ________      ________
 IA             0.000         0.000
 A_01           0.000         0.000
 A_02           0.000         0.000
 A_03           0.000         0.000
 A_04           0.000         0.000
 A_05           0.000         0.000
 A_06           0.000         0.000


           PSI
              IA            A_01          A_02          A_03          A_04
              ________      ________      ________      ________      ________
 IA             2.014
 A_01           0.000         1.169
 A_02           0.000         0.000         1.155
 A_03           0.000         0.000         0.000         1.277
 A_04           0.000         0.000         0.000         0.000         1.216
 A_05           0.000         0.000         0.000         0.000         0.000
 A_06           0.000         0.000         0.000         0.000         0.000


           PSI
              A_05          A_06
              ________      ________
 A_05           1.271
 A_06           0.000         1.292


TECHNICAL 2 OUTPUT


     DERIVATIVES


           Derivatives With Respect to NU
              A_01          A_02          A_03          A_04          A_05
              ________      ________      ________      ________      ________
 1          0.000E+00     0.000E+00     0.000E+00     0.000E+00     0.000E+00


           Derivatives With Respect to NU
              A_06
              ________
 1          0.000E+00


           Derivatives With Respect to LAMBDA
              IA            A_01          A_02          A_03          A_04
              ________      ________      ________      ________      ________
 A_01       0.000E+00     0.000E+00     0.000E+00     0.000E+00     0.000E+00
 A_02       0.000E+00     0.000E+00     0.000E+00     0.000E+00     0.000E+00
 A_03       0.000E+00     0.000E+00     0.000E+00     0.000E+00     0.000E+00
 A_04       0.000E+00     0.000E+00     0.000E+00     0.000E+00     0.000E+00
 A_05       0.000E+00     0.000E+00     0.000E+00     0.000E+00     0.000E+00
 A_06       0.000E+00     0.000E+00     0.000E+00     0.000E+00     0.000E+00


           Derivatives With Respect to LAMBDA
              A_05          A_06
              ________      ________
 A_01       0.000E+00     0.000E+00
 A_02       0.000E+00     0.000E+00
 A_03       0.000E+00     0.000E+00
 A_04       0.000E+00     0.000E+00
 A_05       0.000E+00     0.000E+00
 A_06       0.000E+00     0.000E+00


           Derivatives With Respect to THETA
              A_01          A_02          A_03          A_04          A_05
              ________      ________      ________      ________      ________
 A_01       0.000E+00
 A_02       0.000E+00     0.000E+00
 A_03       0.000E+00     0.000E+00     0.000E+00
 A_04       0.000E+00     0.000E+00     0.000E+00     0.000E+00
 A_05       0.000E+00     0.000E+00     0.000E+00     0.000E+00     0.000E+00
 A_06       0.000E+00     0.000E+00     0.000E+00     0.000E+00     0.000E+00


           Derivatives With Respect to THETA
              A_06
              ________
 A_06       0.000E+00


           Derivatives With Respect to ALPHA
              IA            A_01          A_02          A_03          A_04
              ________      ________      ________      ________      ________
 1          0.608E-05     0.000E+00     0.000E+00     0.000E+00     0.000E+00


           Derivatives With Respect to ALPHA
              A_05          A_06
              ________      ________
 1          0.000E+00     0.000E+00


           Derivatives With Respect to BETA
              IA            A_01          A_02          A_03          A_04
              ________      ________      ________      ________      ________
 IA         0.000E+00     0.000E+00     0.000E+00     0.000E+00     0.000E+00
 A_01       0.000E+00     0.000E+00     0.000E+00     0.000E+00     0.000E+00
 A_02       0.000E+00     0.199E-04     0.000E+00     0.000E+00     0.000E+00
 A_03       0.000E+00     0.000E+00    -0.743E-04     0.000E+00     0.000E+00
 A_04       0.000E+00     0.000E+00     0.000E+00    -0.508E-04     0.000E+00
 A_05       0.000E+00     0.000E+00     0.000E+00     0.000E+00     0.412E-04
 A_06       0.000E+00     0.000E+00     0.000E+00     0.000E+00     0.000E+00


           Derivatives With Respect to BETA
              A_05          A_06
              ________      ________
 IA         0.000E+00     0.000E+00
 A_01       0.000E+00     0.000E+00
 A_02       0.000E+00     0.000E+00
 A_03       0.000E+00     0.000E+00
 A_04       0.000E+00     0.000E+00
 A_05       0.000E+00     0.000E+00
 A_06      -0.328E-04     0.000E+00


           Derivatives With Respect to PSI
              IA            A_01          A_02          A_03          A_04
              ________      ________      ________      ________      ________
 IA        -0.129E-05
 A_01       0.000E+00    -0.205E-04
 A_02       0.000E+00     0.000E+00    -0.264E-05
 A_03       0.000E+00     0.000E+00     0.000E+00    -0.293E-05
 A_04       0.000E+00     0.000E+00     0.000E+00     0.000E+00     0.188E-05
 A_05       0.000E+00     0.000E+00     0.000E+00     0.000E+00     0.000E+00
 A_06       0.000E+00     0.000E+00     0.000E+00     0.000E+00     0.000E+00


           Derivatives With Respect to PSI
              A_05          A_06
              ________      ________
 A_05      -0.476E-05
 A_06       0.000E+00     0.200E-05


TECHNICAL 3 OUTPUT


           ESTIMATED COVARIANCE MATRIX FOR PARAMETER ESTIMATES
                     1             2             3             4             5
              ________      ________      ________      ________      ________
        1   0.153098D-02
        2  -0.120130D-03  0.170196D-04
        3  -0.131348D-03  0.107209D-04  0.207806D-04
        4  -0.126231D-03  0.140061D-04  0.113530D-04  0.193642D-04
        5  -0.137425D-03  0.111859D-04  0.171417D-04  0.119412D-04  0.233880D-04
        6  -0.128726D-03  0.140827D-04  0.115226D-04  0.152008D-04  0.122267D-04
        7   0.695545D-04 -0.341972D-04 -0.308671D-04 -0.344372D-04 -0.379521D-04
        8  -0.922638D-03  0.841776D-04  0.952546D-04  0.916632D-04  0.882863D-04
        9  -0.451722D-04 -0.233703D-04  0.585076D-05  0.299485D-05  0.696465D-05
       10  -0.232959D-04  0.998167D-05 -0.486385D-04  0.909829D-05  0.759676D-05
       11  -0.834810D-05 -0.236011D-05  0.296078D-05 -0.548249D-04  0.278823D-05
       12   0.151445D-03 -0.894590D-05 -0.345831D-04 -0.109010D-04 -0.903819D-04
       13  -0.112204D-04 -0.520589D-05  0.221544D-05 -0.125715D-04  0.233809D-05


           ESTIMATED COVARIANCE MATRIX FOR PARAMETER ESTIMATES
                     6             7             8             9            10
              ________      ________      ________      ________      ________
        6   0.221253D-04
        7  -0.396919D-04  0.184943D-02
        8   0.910481D-04 -0.343598D-03  0.590294D-02
        9   0.311415D-05 -0.244401D-03  0.196923D-03  0.213303D-02
       10   0.110591D-04 -0.583704D-03 -0.206349D-03  0.481375D-04  0.320938D-02
       11  -0.969432D-05 -0.268333D-03 -0.607857D-04 -0.191474D-03  0.635207D-04
       12  -0.114165D-04 -0.284112D-03  0.231522D-03  0.214529D-04  0.156240D-03
       13  -0.512479D-04 -0.198072D-03 -0.123114D-03  0.113966D-03  0.517597D-04


           ESTIMATED COVARIANCE MATRIX FOR PARAMETER ESTIMATES
                    11            12            13
              ________      ________      ________
       11   0.329190D-02
       12   0.229167D-04  0.419336D-02
       13   0.436082D-03  0.200360D-04  0.393567D-02


           ESTIMATED CORRELATION MATRIX FOR PARAMETER ESTIMATES
                     1             2             3             4             5
              ________      ________      ________      ________      ________
        1       1.000
        2      -0.744         1.000
        3      -0.736         0.570         1.000
        4      -0.733         0.772         0.566         1.000
        5      -0.726         0.561         0.778         0.561         1.000
        6      -0.699         0.726         0.537         0.734         0.537
        7       0.041        -0.193        -0.157        -0.182        -0.182
        8      -0.307         0.266         0.272         0.271         0.238
        9      -0.025        -0.123         0.028         0.015         0.031
       10      -0.011         0.043        -0.188         0.036         0.028
       11      -0.004        -0.010         0.011        -0.217         0.010
       12       0.060        -0.033        -0.117        -0.038        -0.289
       13      -0.005        -0.020         0.008        -0.046         0.008


           ESTIMATED CORRELATION MATRIX FOR PARAMETER ESTIMATES
                     6             7             8             9            10
              ________      ________      ________      ________      ________
        6       1.000
        7      -0.196         1.000
        8       0.252        -0.104         1.000
        9       0.014        -0.123         0.055         1.000
       10       0.042        -0.240        -0.047         0.018         1.000
       11      -0.036        -0.109        -0.014        -0.072         0.020
       12      -0.037        -0.102         0.047         0.007         0.043
       13      -0.174        -0.073        -0.026         0.039         0.015


           ESTIMATED CORRELATION MATRIX FOR PARAMETER ESTIMATES
                    11            12            13
              ________      ________      ________
       11       1.000
       12       0.006         1.000
       13       0.121         0.005         1.000


     Beginning Time:  12:48:11
        Ending Time:  12:49:02
       Elapsed Time:  00:00:51



MUTHEN & MUTHEN
3463 Stoner Ave.
Los Angeles, CA  90066

Tel: (310) 391-9971
Fax: (310) 391-8971
Web: www.StatModel.com
Support: Support@StatModel.com

Copyright (c) 1998-2015 Muthen & Muthen
