Mplus VERSION 7.4 (Mac)
MUTHEN & MUTHEN
10/14/2017   5:35 PM

INPUT INSTRUCTIONS

  TITLE:
  6 - Predetermined ALT, no cognitive slope
  DATA:
  File = wide-dataset-b.dat;
  VARIABLE:
  NAMES are
   id hhid male birthyr_rand birthmo_rand race_rand hispanic_rand cohort
      raedyrs raedegrm memoryproblems_baseline memory_disease_ever age_baseline
      age_baseline_65 health_conditions_baseline healthcond_mean activity_mean_2004
      activity_mean_2006 activity_mean_2008 activity_mean_2010 activity_mean_2012
      activity_mean_2014 activity_sum_2004 activity_sum_2006 activity_sum_2008
      activity_sum_2010 activity_sum_2012 activity_sum_2014 close_social_network_2004
      close_social_network_2006 close_social_network_2008 close_social_network_2010
      close_social_network_2012 close_social_network_2014 countb20r_2004
      countb20r_2006 countb20r_2008 countb20r_2010 countb20r_2012 countb20r_2014
      crp_adj_2004 crp_adj_2006 crp_adj_2008 crp_adj_2010 crp_adj_2012 crp_adj_2014
      dep_total_2004 dep_total_2006 dep_total_2008 dep_total_2010 dep_total_2012
      dep_total_2014 exercise_2004 exercise_2006 exercise_2008 exercise_2010
      exercise_2012 exercise_2014 healthcond_2004 healthcond_2006 healthcond_2008
      healthcond_2010 healthcond_2012 healthcond_2014 hhres_2004 hhres_2006
      hhres_2008 hhres_2010 hhres_2012 hhres_2014 hrs_tscore_2004 hrs_tscore_2006
      hrs_tscore_2008 hrs_tscore_2010 hrs_tscore_2012 hrs_tscore_2014 intage_r_2004
      intage_r_2006 intage_r_2008 intage_r_2010 intage_r_2012 intage_r_2014
      interview_date_2004 interview_date_2006 interview_date_2008 interview_date_2010
      interview_date_2012 interview_date_2014 lb_65_wave_2004 lb_65_wave_2006
      lb_65_wave_2008 lb_65_wave_2010 lb_65_wave_2012 lb_65_wave_2014 lb_wave_2004
      lb_wave_2006 lb_wave_2008 lb_wave_2010 lb_wave_2012 lb_wave_2014 listassi_2004
      listassi_2006 listassi_2008 listassi_2010 listassi_2012 listassi_2014
      mentalstatus_tot_2004 mentalstatus_tot_2006 mentalstatus_tot_2008
      mentalstatus_tot_2010 mentalstatus_tot_2012 mentalstatus_tot_2014 proxy_2004
      proxy_2006 proxy_2008 proxy_2010 proxy_2012 proxy_2014 responded_2004
      responded_2006 responded_2008 responded_2010 responded_2012 responded_2014
      rmaritalst_2004 rmaritalst_2006 rmaritalst_2008 rmaritalst_2010 rmaritalst_2012
      rmaritalst_2014 rpartst_2004 rpartst_2006 rpartst_2008 rpartst_2010
      rpartst_2012 rpartst_2014 score_loneliness_11_2004 score_loneliness_11_2006
      score_loneliness_11_2008 score_loneliness_11_2010 score_loneliness_11_2012
      score_loneliness_11_2014 score_loneliness_3_2004 score_loneliness_3_2006
      score_loneliness_3_2008 score_loneliness_3_2010 score_loneliness_3_2012
      score_loneliness_3_2014 shhidpnr_2004 shhidpnr_2006 shhidpnr_2008 shhidpnr_2010
      shhidpnr_2012 shhidpnr_2014 snchild_2004 snchild_2006 snchild_2008 snchild_2010
      snchild_2012 snchild_2014 snfamily_2004 snfamily_2006 snfamily_2008
      snfamily_2010 snfamily_2012 snfamily_2014 snfriends_2004 snfriends_2006
      snfriends_2008 snfriends_2010 snfriends_2012 snfriends_2014 snspouse_2004
      snspouse_2006 snspouse_2008 snspouse_2010 snspouse_2012 snspouse_2014
      social_contact_total_2004 social_contact_total_2006 social_contact_total_2008
      social_contact_total_2010 social_contact_total_2012 social_contact_total_2014
      social_strain_mean_2004 social_strain_mean_2006 social_strain_mean_2008
      social_strain_mean_2010 social_strain_mean_2012 social_strain_mean_2014
      social_support_mean_2004 social_support_mean_2006 social_support_mean_2008
      social_support_mean_2010 social_support_mean_2012 social_support_mean_2014
      socialnetwork_total_2004 socialnetwork_total_2006 socialnetwork_total_2008
      socialnetwork_total_2010 socialnetwork_total_2012 socialnetwork_total_2014
      srmemory_2004 srmemory_2006 srmemory_2008 srmemory_2010 srmemory_2012
      srmemory_2014 srmemoryp_2004 srmemoryp_2006 srmemoryp_2008 srmemoryp_2010
      srmemoryp_2012 srmemoryp_2014 vocab_total_2004 vocab_total_2006 vocab_total_2008
      vocab_total_2010 vocab_total_2012 vocab_total_2014 wrectotd_2004 wrectotd_2006
      wrectotd_2008 wrectotd_2010 wrectotd_2012 wrectotd_2014 wrectoti_2004
      wrectoti_2006 wrectoti_2008 wrectoti_2010 wrectoti_2012 wrectoti_2014
  	;
  Missing are all(9999);
  USEVARIABLES are
  	!define the variables used in the analysis
  	!estimated time points
  a_01
  a_02
  a_03
  a_04
  a_05
  a_06
  	!modelled time points of process (B)
  b_01
  b_02
  b_03
  b_04
  b_05
  b_06
  	! covariates used in the model
  	;
  SUBPOPULATION are
  	!select a subset of observations
  age_baseline > 64 AND
  memory_disease_ever EQ 0
  ;
  CLUSTER = hhid;
  DEFINE:
    ! centre baseline age
  a = age_baseline - 69;
  	! assign variables to the process (A)
  a_01=wrectoti_2004;
  a_02=wrectoti_2006;
  a_03=wrectoti_2008;
  a_04=wrectoti_2010;
  a_05=wrectoti_2012;
  a_06=wrectoti_2014;
  	! assign variables to the process (B)
  b_01=social_support_mean_2004;
  b_02=social_support_mean_2006;
  b_03=social_support_mean_2008;
  b_04=social_support_mean_2010;
  b_05=social_support_mean_2012;
  b_06=social_support_mean_2014;
  ANALYSIS:
  TYPE = COMPLEX RANDOM;
  model=nocovariances;
  COVERAGE=.00;
  H1ITERATIONS = 10000;
  MODEL:
  	!LGM part
  	! assign process (A) to time points
  ia BY a_02@1 a_03@1 a_04@1 a_05@1 a_06@1;
  	! assign process (B) to time points
  ib BY b_02@1 b_03@1 b_04@1 b_05@1 b_06@1;
  sb BY b_02@0 b_03@2 b_04@4 b_05@6 b_06@8;
  	!correlations between the first measurement points
  	!autoregressive part
  a_01 a_02 a_03 a_04 a_05 a_06;
  a_02 ON a_01;
  a_03 ON a_02;
  a_04 ON a_03;
  a_05 ON a_04;
  a_06 ON a_05;
  b_01 b_02 b_03 b_04 b_05 b_06;
  b_02 ON b_01;
  b_03 ON b_02;
  b_04 ON b_03;
  b_05 ON b_04;
  b_06 ON b_05;
  	!Cross lagged part
  a_02 ON b_01;
  a_03 ON b_02;
  a_04 ON b_03;
  a_05 ON b_04;
  a_06 ON b_05;
  b_02 ON a_01;
  b_03 ON a_02;
  b_04 ON a_03;
  b_05 ON a_04;
  b_06 ON a_05;
  ia;
  !sa;
  ib;
  sb;
  !ia with sa;
  ib with sb;
  ia with a_01;
  !sa with a_01;
  ib with b_01;
  sb with b_01;
  ia with ib;
  !sa with sb;
  ! Time specific correlations
  b_02 WITH a_02;
  b_03 WITH a_03;
  b_04 WITH a_04;
  b_05 WITH a_05;
  b_06 WITH a_06;
  [a_02@0 a_03@0 a_04@0 a_05@0 a_06@0];
  [b_02@0 b_03@0 b_04@0 b_05@0 b_06@0];
  [ia];
  [ib];
  ![sa];
  [sb];
  [a_01];
  [b_01];
  	
  OUTPUT: SAMPSTAT MODINDICES (3.0); TECH1; TECH4;



*** WARNING in OUTPUT command
  TECH4 option for TYPE=RANDOM requires ALGORITHM=INTEGRATION.
  Request for TECH4 is ignored.
   1 WARNING(S) FOUND IN THE INPUT INSTRUCTIONS




6 - Predetermined ALT, no cognitive slope

SUMMARY OF ANALYSIS

Number of groups                                                 1
Number of observations                                        5952

Number of dependent variables                                   10
Number of independent variables                                  2
Number of continuous latent variables                            3

Observed dependent variables

  Continuous
   A_02        A_03        A_04        A_05        A_06        B_02
   B_03        B_04        B_05        B_06

Observed independent variables
   A_01        B_01

Continuous latent variables
   IA          IB          SB

Variables with special functions

  Cluster variable      HHID

Estimator                                                      MLR
Information matrix                                        OBSERVED
Maximum number of iterations                                   100
Convergence criterion                                    0.100D-05
Maximum number of EM iterations                                500
Convergence criteria for the EM algorithm
  Loglikelihood change                                   0.100D-02
  Relative loglikelihood change                          0.100D-05
  Derivative                                             0.100D-03
Minimum variance                                         0.100D-03
Maximum number of steepest descent iterations                   20
Maximum number of iterations for H1                          10000
Convergence criterion for H1                             0.100D-03
Optimization algorithm                                         EMA

Input data file(s)
  wide-dataset-b.dat
Input data format  FREE


SUMMARY OF DATA

     Number of missing data patterns           274
     Number of clusters        4882



SAMPLE STATISTICS


     ESTIMATED SAMPLE STATISTICS


           Means
              A_02          A_03          A_04          A_05          A_06
              ________      ________      ________      ________      ________
 1              5.305         5.168         4.832         4.665         4.483


           Means
              B_02          B_03          B_04          B_05          B_06
              ________      ________      ________      ________      ________
 1              9.575         9.561         9.580         9.606         9.574


           Means
              A_01          B_01
              ________      ________
 1              5.434         9.779


           Covariances
              A_02          A_03          A_04          A_05          A_06
              ________      ________      ________      ________      ________
 A_02           2.360
 A_03           1.087         2.390
 A_04           1.198         1.153         2.707
 A_05           1.090         1.240         1.318         2.688
 A_06           1.242         1.177         1.369         1.385         2.808
 B_02           0.030         0.053         0.020         0.072        -0.031
 B_03           0.110        -0.028         0.161        -0.006         0.045
 B_04           0.062         0.027         0.041         0.039         0.022
 B_05           0.150         0.059         0.153         0.039         0.091
 B_06           0.024         0.007        -0.054         0.045        -0.057
 A_01           1.074         1.089         1.053         1.133         1.054
 B_01           0.080         0.019         0.127         0.062         0.018


           Covariances
              B_02          B_03          B_04          B_05          B_06
              ________      ________      ________      ________      ________
 B_02           2.324
 B_03           0.537         2.542
 B_04           1.397         0.698         2.457
 B_05           0.529         1.546         0.798         2.555
 B_06           1.368         0.292         1.482         0.358         2.634
 A_01           0.023         0.034         0.000         0.000        -0.008
 B_01           1.578         1.441         1.430         1.059         1.394


           Covariances
              A_01          B_01
              ________      ________
 A_01           2.264
 B_01           0.049         2.365


           Correlations
              A_02          A_03          A_04          A_05          A_06
              ________      ________      ________      ________      ________
 A_02           1.000
 A_03           0.458         1.000
 A_04           0.474         0.453         1.000
 A_05           0.433         0.489         0.489         1.000
 A_06           0.483         0.454         0.496         0.504         1.000
 B_02           0.013         0.023         0.008         0.029        -0.012
 B_03           0.045        -0.011         0.061        -0.002         0.017
 B_04           0.026         0.011         0.016         0.015         0.008
 B_05           0.061         0.024         0.058         0.015         0.034
 B_06           0.010         0.003        -0.020         0.017        -0.021
 A_01           0.465         0.468         0.425         0.459         0.418
 B_01           0.034         0.008         0.050         0.025         0.007


           Correlations
              B_02          B_03          B_04          B_05          B_06
              ________      ________      ________      ________      ________
 B_02           1.000
 B_03           0.221         1.000
 B_04           0.585         0.279         1.000
 B_05           0.217         0.607         0.319         1.000
 B_06           0.553         0.113         0.583         0.138         1.000
 A_01           0.010         0.014         0.000         0.000        -0.003
 B_01           0.673         0.588         0.593         0.431         0.558


           Correlations
              A_01          B_01
              ________      ________
 A_01           1.000
 B_01           0.021         1.000


     MAXIMUM LOG-LIKELIHOOD VALUE FOR THE UNRESTRICTED (H1) MODEL IS -79013.555


UNIVARIATE SAMPLE STATISTICS


     UNIVARIATE HIGHER-ORDER MOMENT DESCRIPTIVE STATISTICS

         Variable/         Mean/     Skewness/   Minimum/ % with                Percentiles
        Sample Size      Variance    Kurtosis    Maximum  Min/Max      20%/60%    40%/80%    Median

     A_02                  5.312      -0.013       0.000    0.25%       4.000      5.000      5.000
            5681.000       2.347       0.206      10.000    0.42%       6.000      7.000
     A_03                  5.177      -0.071       0.000    0.36%       4.000      5.000      5.000
            5775.000       2.383       0.197      10.000    0.23%       6.000      6.000
     A_04                  4.856      -0.123       0.000    1.04%       4.000      5.000      5.000
            5669.000       2.683       0.277      10.000    0.19%       5.000      6.000
     A_05                  4.743      -0.175       0.000    1.46%       3.000      4.000      5.000
            5132.000       2.642       0.389      10.000    0.19%       5.000      6.000
     A_06                  4.626      -0.096       0.000    1.38%       3.000      4.000      5.000
            4429.000       2.729       0.239      10.000    0.09%       5.000      6.000
     B_02                  9.578      -0.541       3.000    0.11%       8.333      9.250      9.667
            2787.000       2.311       0.122      12.000    5.63%      10.000     11.000
     B_03                  9.558      -0.590       3.000    0.07%       8.250      9.250      9.667
            2737.000       2.553       0.220      12.000    6.94%      10.000     11.000
     B_04                  9.580      -0.584       3.000    0.04%       8.250      9.333      9.750
            2646.000       2.432       0.067      12.000    6.20%      10.250     11.000
     B_05                  9.610      -0.664       3.000    0.04%       8.333      9.333      9.750
            2235.000       2.541       0.256      12.000    6.67%      10.250     11.000
     B_06                  9.579      -0.596       3.000    0.15%       8.250      9.333      9.667
            2031.000       2.584       0.117      12.000    7.04%      10.250     11.000
     A_01                  5.450      -0.108       0.000    0.36%       4.000      5.000      5.000
            5496.000       2.255       0.367      10.000    0.38%       6.000      7.000
     B_01                  9.811      -0.654       4.333    0.09%       8.500      9.667     10.000
            1061.000       2.338       0.097      12.000    8.48%      10.333     11.250


THE MODEL ESTIMATION TERMINATED NORMALLY

     WARNING:  THE LATENT VARIABLE COVARIANCE MATRIX (PSI) IS NOT POSITIVE
     DEFINITE.  THIS COULD INDICATE A NEGATIVE VARIANCE/RESIDUAL VARIANCE FOR A
     LATENT VARIABLE, A CORRELATION GREATER OR EQUAL TO ONE BETWEEN TWO LATENT
     VARIABLES, OR A LINEAR DEPENDENCY AMONG MORE THAN TWO LATENT VARIABLES.
     CHECK THE TECH4 OUTPUT FOR MORE INFORMATION.



MODEL FIT INFORMATION

Number of Free Parameters                       50

Loglikelihood

          H0 Value                      -79099.627
          H0 Scaling Correction Factor      1.2304
            for MLR
          H1 Value                      -79013.555
          H1 Scaling Correction Factor      1.1180
            for MLR

Information Criteria

          Akaike (AIC)                  158299.254
          Bayesian (BIC)                158633.828
          Sample-Size Adjusted BIC      158474.942
            (n* = (n + 2) / 24)

Chi-Square Test of Model Fit

          Value                            176.111*
          Degrees of Freedom                    40
          P-Value                           0.0000
          Scaling Correction Factor         0.9775
            for MLR

*   The chi-square value for MLM, MLMV, MLR, ULSMV, WLSM and WLSMV cannot be used
    for chi-square difference testing in the regular way.  MLM, MLR and WLSM
    chi-square difference testing is described on the Mplus website.  MLMV, WLSMV,
    and ULSMV difference testing is done using the DIFFTEST option.

RMSEA (Root Mean Square Error Of Approximation)

          Estimate                           0.024

CFI/TLI

          CFI                                0.988
          TLI                                0.981

Chi-Square Test of Model Fit for the Baseline Model

          Value                          11669.708
          Degrees of Freedom                    66
          P-Value                           0.0000

SRMR (Standardized Root Mean Square Residual)

          Value                              0.063



MODEL RESULTS

                                                    Two-Tailed
                    Estimate       S.E.  Est./S.E.    P-Value

 IA       BY
    A_02               1.000      0.000    999.000    999.000
    A_03               1.000      0.000    999.000    999.000
    A_04               1.000      0.000    999.000    999.000
    A_05               1.000      0.000    999.000    999.000
    A_06               1.000      0.000    999.000    999.000

 IB       BY
    B_02               1.000      0.000    999.000    999.000
    B_03               1.000      0.000    999.000    999.000
    B_04               1.000      0.000    999.000    999.000
    B_05               1.000      0.000    999.000    999.000
    B_06               1.000      0.000    999.000    999.000

 SB       BY
    B_02               0.000      0.000    999.000    999.000
    B_03               2.000      0.000    999.000    999.000
    B_04               4.000      0.000    999.000    999.000
    B_05               6.000      0.000    999.000    999.000
    B_06               8.000      0.000    999.000    999.000

 A_02       ON
    A_01               0.013      0.013      1.041      0.298
    B_01               0.071      0.013      5.267      0.000

 A_03       ON
    A_02              -0.004      0.013     -0.279      0.780
    B_02               0.067      0.014      4.779      0.000

 A_04       ON
    A_03              -0.002      0.013     -0.158      0.875
    B_03               0.033      0.014      2.338      0.019

 A_05       ON
    A_04               0.040      0.013      2.957      0.003
    B_04              -0.006      0.014     -0.407      0.684

 A_06       ON
    A_05               0.054      0.014      3.730      0.000
    B_05              -0.030      0.014     -2.175      0.030

 B_02       ON
    B_01              -0.114      0.194     -0.584      0.559
    A_01               0.006      0.019      0.313      0.754

 B_03       ON
    B_02              -0.232      0.172     -1.344      0.179
    A_02              -0.004      0.018     -0.234      0.815

 B_04       ON
    B_03              -0.353      0.140     -2.528      0.011
    A_03              -0.001      0.016     -0.039      0.969

 B_05       ON
    B_04              -0.487      0.114     -4.278      0.000
    A_04               0.033      0.019      1.800      0.072

 B_06       ON
    B_05              -0.599      0.092     -6.511      0.000
    A_05               0.011      0.022      0.526      0.599

 IB       WITH
    SB                 0.100      0.033      3.062      0.002
    B_01               1.803      0.430      4.196      0.000

 IA       WITH
    A_01               1.059      0.032     32.897      0.000
    IB                -0.003      0.031     -0.091      0.927

 SB       WITH
    B_01               0.020      0.048      0.415      0.678

 B_02     WITH
    A_02              -0.044      0.031     -1.430      0.153

 B_03     WITH
    A_03              -0.077      0.044     -1.746      0.081

 B_04     WITH
    A_04               0.032      0.033      0.962      0.336

 B_05     WITH
    A_05              -0.014      0.039     -0.366      0.714

 B_06     WITH
    A_06              -0.042      0.045     -0.948      0.343

 Means
    A_01               5.434      0.020    265.795      0.000
    B_01               9.785      0.040    245.651      0.000
    IA                 4.535      0.136     33.374      0.000
    IB                10.652      1.953      5.454      0.000
    SB                 0.577      0.189      3.051      0.002

 Intercepts
    A_02               0.000      0.000    999.000    999.000
    A_03               0.000      0.000    999.000    999.000
    A_04               0.000      0.000    999.000    999.000
    A_05               0.000      0.000    999.000    999.000
    A_06               0.000      0.000    999.000    999.000
    B_02               0.000      0.000    999.000    999.000
    B_03               0.000      0.000    999.000    999.000
    B_04               0.000      0.000    999.000    999.000
    B_05               0.000      0.000    999.000    999.000
    B_06               0.000      0.000    999.000    999.000

 Variances
    A_01               2.265      0.047     48.430      0.000
    B_01               2.375      0.096     24.675      0.000
    IA                 1.152      0.039     29.890      0.000
    IB                 1.609      0.458      3.517      0.000
    SB                -0.006      0.010     -0.598      0.550

 Residual Variances
    A_02               1.242      0.035     35.113      0.000
    A_03               1.259      0.033     37.654      0.000
    A_04               1.477      0.044     33.498      0.000
    A_05               1.428      0.046     31.266      0.000
    A_06               1.486      0.044     33.603      0.000
    B_02               1.112      0.295      3.771      0.000
    B_03               1.132      0.108     10.489      0.000
    B_04               1.088      0.064     17.075      0.000
    B_05               1.073      0.075     14.294      0.000
    B_06               1.127      0.096     11.755      0.000


QUALITY OF NUMERICAL RESULTS

     Condition Number for the Information Matrix              0.453E-05
       (ratio of smallest to largest eigenvalue)


MODEL MODIFICATION INDICES

NOTE:  Modification indices for direct effects of observed dependent variables
regressed on covariates may not be included.  To include these, request
MODINDICES (ALL).

Minimum M.I. value for printing the modification index     3.000

                                   M.I.     E.P.C.


ON/BY Statements

A_02     ON IA       /
IA       BY A_02                  10.345    -0.104
A_02     ON IB       /
IB       BY A_02                   7.499     0.150
A_02     ON SB       /
SB       BY A_02                   6.493     1.043
A_03     ON IA       /
IA       BY A_03                  10.645     0.093
A_03     ON IB       /
IB       BY A_03                   5.648     0.067
A_03     ON SB       /
SB       BY A_03                  12.752     1.804
A_04     ON IA       /
IA       BY A_04                   6.891     0.078
A_04     ON IB       /
IB       BY A_04                   3.780    -0.061
A_04     ON SB       /
SB       BY A_04                   4.343    -0.807
A_06     ON IB       /
IB       BY A_06                   3.216    -0.051
A_06     ON SB       /
SB       BY A_06                  10.241    -1.258
B_02     ON IB       /
IB       BY B_02                  12.375    -0.840
B_04     ON IB       /
IB       BY B_04                  20.655     0.500
B_05     ON IB       /
IB       BY B_05                   4.323    -0.411
B_05     ON SB       /
SB       BY B_05                  10.722     3.397
B_06     ON IB       /
IB       BY B_06                   4.399    -0.375
B_06     ON SB       /
SB       BY B_06                  14.139    -5.868
B_01     ON IB       /
IB       BY B_01                   9.023    44.942

ON Statements

IA       ON A_02                  18.628    -0.077
IA       ON A_03                  14.147    -0.073
IA       ON A_04                  33.354     0.099
IA       ON A_06                  23.610     0.091
IA       ON B_06                   4.170    -0.037
IB       ON A_03                  10.840    -0.070
IB       ON A_05                   3.474     0.035
IB       ON B_02                  14.381    -0.602
IB       ON B_03                  16.925     0.314
IB       ON B_04                  13.598    -0.204
IB       ON B_05                  16.644     0.155
IB       ON B_06                  18.013    -0.164
SB       ON A_06                   3.779     0.007
SB       ON B_02                  15.915    -0.087
SB       ON B_03                  16.013     0.042
SB       ON B_04                  17.172    -0.047
SB       ON B_05                  18.636     0.049
SB       ON B_06                  20.172    -0.054
A_02     ON A_02                  10.344    -0.104
A_02     ON A_03                  13.088    -0.059
A_02     ON A_05                  46.451    -0.099
A_02     ON B_02                   7.503     0.150
A_02     ON B_05                   4.878     0.047
A_03     ON A_03                  10.645     0.093
A_03     ON A_05                  15.167     0.051
A_03     ON B_03                   7.558     0.077
A_03     ON B_06                   4.882     0.041
A_03     ON A_01                  18.426     0.058
A_04     ON A_02                   7.464     0.041
A_04     ON A_04                   6.891     0.078
A_04     ON A_05                   6.201     0.043
A_04     ON A_06                  23.698     0.066
A_04     ON B_04                   5.009    -0.060
A_04     ON B_06                   6.354    -0.059
A_05     ON A_02                  31.815    -0.084
A_05     ON B_03                   3.938    -0.038
A_06     ON A_03                  10.070    -0.050
A_06     ON A_04                   9.502     0.046
A_06     ON B_02                   5.513    -0.066
A_06     ON B_06                   6.440    -0.050
A_06     ON A_01                  18.023    -0.065
B_02     ON A_03                   6.052    -0.051
B_02     ON B_02                  12.387    -0.840
B_02     ON B_04                   7.162    -0.548
B_02     ON B_05                   7.346    -0.371
B_02     ON B_06                   6.129    -0.318
B_03     ON A_04                   3.292     0.038
B_03     ON B_04                  12.628    -0.312
B_03     ON B_05                  20.024     0.276
B_03     ON B_06                  14.088    -0.282
B_03     ON B_01                   8.077    -0.268
B_04     ON B_02                  17.059     0.486
B_04     ON B_04                  15.077     0.340
B_04     ON B_05                  13.845     0.302
B_04     ON B_06                  11.463    -0.699
B_04     ON B_01                  17.439     0.252
B_05     ON A_06                   3.410     0.039
B_05     ON B_02                  12.536    -0.812
B_05     ON B_03                  14.547     0.216
B_05     ON B_05                   6.102     0.724
B_05     ON B_06                   5.195     0.735
B_05     ON B_01                   9.699    -0.204
B_06     ON B_02                  10.338    -0.357
B_06     ON B_04                  17.261    -0.300
B_06     ON B_06                  17.842    -0.575
A_01     ON A_02                   6.104     0.081
A_01     ON A_03                   9.875     0.058
A_01     ON A_04                   6.625    -0.042
A_01     ON A_05                   3.078     0.031
A_01     ON A_06                  16.854    -0.073
B_01     ON A_02                   3.955    -0.053
B_01     ON B_02                  11.915     0.717
B_01     ON B_03                   4.245    -0.151
B_01     ON B_04                   7.807     0.134
B_01     ON B_05                  17.737    -0.185
B_01     ON B_06                  18.159     0.192

WITH Statements

A_02     WITH IA                  18.464    -0.096
A_03     WITH IA                  13.691    -0.091
A_03     WITH IB                  16.122    -0.131
A_03     WITH A_02                11.828    -0.118
A_04     WITH IA                  33.670     0.148
A_04     WITH A_02                 4.105     0.052
A_04     WITH A_03                 5.269    -0.084
A_05     WITH IB                   4.489     0.067
A_05     WITH A_02                43.817    -0.170
A_05     WITH A_03                10.400     0.082
A_06     WITH IA                  23.526     0.132
A_06     WITH SB                   8.508     0.024
A_06     WITH A_02                 5.219     0.060
A_06     WITH A_03                 8.814    -0.077
A_06     WITH A_04                22.873     0.131
B_02     WITH IB                  15.402    -0.717
B_02     WITH SB                  15.413    -0.096
B_02     WITH A_03                 6.884    -0.089
B_02     WITH A_05                 6.314     0.086
B_03     WITH IB                  11.828     0.342
B_03     WITH SB                  15.484     0.054
B_03     WITH A_04                 3.491     0.078
B_04     WITH IB                  12.230    -0.278
B_04     WITH SB                  17.158    -0.083
B_04     WITH B_03                17.254    -0.542
B_05     WITH IA                   3.889     0.066
B_05     WITH IB                  17.615     0.251
B_05     WITH SB                  19.777     0.102
B_05     WITH A_06                 6.752     0.113
B_05     WITH B_02                 5.843    -0.779
B_05     WITH B_03                17.361     0.300
B_05     WITH B_04                20.011     1.007
B_06     WITH IB                  18.466    -0.471
B_06     WITH SB                  19.398    -0.170
B_06     WITH B_02                10.874    -0.732
B_06     WITH B_03                 8.744     1.037
B_06     WITH B_04                19.125    -0.584
A_01     WITH A_02                 5.513     0.096
A_01     WITH A_03                 9.827     0.073
A_01     WITH A_04                 6.814    -0.063
A_01     WITH A_05                 3.357     0.045
A_01     WITH A_06                17.375    -0.109
B_01     WITH A_02                 7.311    -0.131
B_01     WITH A_04                 4.102     0.093
B_01     WITH B_02                 8.779     0.709
B_01     WITH B_03                 4.137    -0.178
B_01     WITH B_04                 7.452     0.174
B_01     WITH B_05                16.394    -0.251
B_01     WITH B_06                11.549     0.346

Means/Intercepts/Thresholds

[ A_02     ]                       5.180     0.381
[ A_03     ]                      22.745     0.717
[ A_04     ]                       4.537    -0.341
[ A_05     ]                       4.498    -0.354
[ A_06     ]                      11.296    -0.586


TECHNICAL 1 OUTPUT


     PARAMETER SPECIFICATION


           NU
              A_02          A_03          A_04          A_05          A_06
              ________      ________      ________      ________      ________
 1                  0             0             0             0             0


           NU
              B_02          B_03          B_04          B_05          B_06
              ________      ________      ________      ________      ________
 1                  0             0             0             0             0


           NU
              A_01          B_01
              ________      ________
 1                  0             0


           LAMBDA
              IA            IB            SB            A_02          A_03
              ________      ________      ________      ________      ________
 A_02               0             0             0             0             0
 A_03               0             0             0             0             0
 A_04               0             0             0             0             0
 A_05               0             0             0             0             0
 A_06               0             0             0             0             0
 B_02               0             0             0             0             0
 B_03               0             0             0             0             0
 B_04               0             0             0             0             0
 B_05               0             0             0             0             0
 B_06               0             0             0             0             0
 A_01               0             0             0             0             0
 B_01               0             0             0             0             0


           LAMBDA
              A_04          A_05          A_06          B_02          B_03
              ________      ________      ________      ________      ________
 A_02               0             0             0             0             0
 A_03               0             0             0             0             0
 A_04               0             0             0             0             0
 A_05               0             0             0             0             0
 A_06               0             0             0             0             0
 B_02               0             0             0             0             0
 B_03               0             0             0             0             0
 B_04               0             0             0             0             0
 B_05               0             0             0             0             0
 B_06               0             0             0             0             0
 A_01               0             0             0             0             0
 B_01               0             0             0             0             0


           LAMBDA
              B_04          B_05          B_06          A_01          B_01
              ________      ________      ________      ________      ________
 A_02               0             0             0             0             0
 A_03               0             0             0             0             0
 A_04               0             0             0             0             0
 A_05               0             0             0             0             0
 A_06               0             0             0             0             0
 B_02               0             0             0             0             0
 B_03               0             0             0             0             0
 B_04               0             0             0             0             0
 B_05               0             0             0             0             0
 B_06               0             0             0             0             0
 A_01               0             0             0             0             0
 B_01               0             0             0             0             0


           THETA
              A_02          A_03          A_04          A_05          A_06
              ________      ________      ________      ________      ________
 A_02               0
 A_03               0             0
 A_04               0             0             0
 A_05               0             0             0             0
 A_06               0             0             0             0             0
 B_02               0             0             0             0             0
 B_03               0             0             0             0             0
 B_04               0             0             0             0             0
 B_05               0             0             0             0             0
 B_06               0             0             0             0             0
 A_01               0             0             0             0             0
 B_01               0             0             0             0             0


           THETA
              B_02          B_03          B_04          B_05          B_06
              ________      ________      ________      ________      ________
 B_02               0
 B_03               0             0
 B_04               0             0             0
 B_05               0             0             0             0
 B_06               0             0             0             0             0
 A_01               0             0             0             0             0
 B_01               0             0             0             0             0


           THETA
              A_01          B_01
              ________      ________
 A_01               0
 B_01               0             0


           ALPHA
              IA            IB            SB            A_02          A_03
              ________      ________      ________      ________      ________
 1                  1             2             3             0             0


           ALPHA
              A_04          A_05          A_06          B_02          B_03
              ________      ________      ________      ________      ________
 1                  0             0             0             0             0


           ALPHA
              B_04          B_05          B_06          A_01          B_01
              ________      ________      ________      ________      ________
 1                  0             0             0             4             5


           BETA
              IA            IB            SB            A_02          A_03
              ________      ________      ________      ________      ________
 IA                 0             0             0             0             0
 IB                 0             0             0             0             0
 SB                 0             0             0             0             0
 A_02               0             0             0             0             0
 A_03               0             0             0             8             0
 A_04               0             0             0             0            10
 A_05               0             0             0             0             0
 A_06               0             0             0             0             0
 B_02               0             0             0             0             0
 B_03               0             0             0            18             0
 B_04               0             0             0             0            20
 B_05               0             0             0             0             0
 B_06               0             0             0             0             0
 A_01               0             0             0             0             0
 B_01               0             0             0             0             0


           BETA
              A_04          A_05          A_06          B_02          B_03
              ________      ________      ________      ________      ________
 IA                 0             0             0             0             0
 IB                 0             0             0             0             0
 SB                 0             0             0             0             0
 A_02               0             0             0             0             0
 A_03               0             0             0             9             0
 A_04               0             0             0             0            11
 A_05              12             0             0             0             0
 A_06               0            14             0             0             0
 B_02               0             0             0             0             0
 B_03               0             0             0            19             0
 B_04               0             0             0             0            21
 B_05              22             0             0             0             0
 B_06               0            24             0             0             0
 A_01               0             0             0             0             0
 B_01               0             0             0             0             0


           BETA
              B_04          B_05          B_06          A_01          B_01
              ________      ________      ________      ________      ________
 IA                 0             0             0             0             0
 IB                 0             0             0             0             0
 SB                 0             0             0             0             0
 A_02               0             0             0             6             7
 A_03               0             0             0             0             0
 A_04               0             0             0             0             0
 A_05              13             0             0             0             0
 A_06               0            15             0             0             0
 B_02               0             0             0            16            17
 B_03               0             0             0             0             0
 B_04               0             0             0             0             0
 B_05              23             0             0             0             0
 B_06               0            25             0             0             0
 A_01               0             0             0             0             0
 B_01               0             0             0             0             0


           PSI
              IA            IB            SB            A_02          A_03
              ________      ________      ________      ________      ________
 IA                26
 IB                27            28
 SB                 0            29            30
 A_02               0             0             0            31
 A_03               0             0             0             0            32
 A_04               0             0             0             0             0
 A_05               0             0             0             0             0
 A_06               0             0             0             0             0
 B_02               0             0             0            36             0
 B_03               0             0             0             0            38
 B_04               0             0             0             0             0
 B_05               0             0             0             0             0
 B_06               0             0             0             0             0
 A_01              46             0             0             0             0
 B_01               0            48            49             0             0


           PSI
              A_04          A_05          A_06          B_02          B_03
              ________      ________      ________      ________      ________
 A_04              33
 A_05               0            34
 A_06               0             0            35
 B_02               0             0             0            37
 B_03               0             0             0             0            39
 B_04              40             0             0             0             0
 B_05               0            42             0             0             0
 B_06               0             0            44             0             0
 A_01               0             0             0             0             0
 B_01               0             0             0             0             0


           PSI
              B_04          B_05          B_06          A_01          B_01
              ________      ________      ________      ________      ________
 B_04              41
 B_05               0            43
 B_06               0             0            45
 A_01               0             0             0            47
 B_01               0             0             0             0            50


     STARTING VALUES


           NU
              A_02          A_03          A_04          A_05          A_06
              ________      ________      ________      ________      ________
 1              0.000         0.000         0.000         0.000         0.000


           NU
              B_02          B_03          B_04          B_05          B_06
              ________      ________      ________      ________      ________
 1              0.000         0.000         0.000         0.000         0.000


           NU
              A_01          B_01
              ________      ________
 1              0.000         0.000


           LAMBDA
              IA            IB            SB            A_02          A_03
              ________      ________      ________      ________      ________
 A_02           0.000         0.000         0.000         1.000         0.000
 A_03           0.000         0.000         0.000         0.000         1.000
 A_04           0.000         0.000         0.000         0.000         0.000
 A_05           0.000         0.000         0.000         0.000         0.000
 A_06           0.000         0.000         0.000         0.000         0.000
 B_02           0.000         0.000         0.000         0.000         0.000
 B_03           0.000         0.000         0.000         0.000         0.000
 B_04           0.000         0.000         0.000         0.000         0.000
 B_05           0.000         0.000         0.000         0.000         0.000
 B_06           0.000         0.000         0.000         0.000         0.000
 A_01           0.000         0.000         0.000         0.000         0.000
 B_01           0.000         0.000         0.000         0.000         0.000


           LAMBDA
              A_04          A_05          A_06          B_02          B_03
              ________      ________      ________      ________      ________
 A_02           0.000         0.000         0.000         0.000         0.000
 A_03           0.000         0.000         0.000         0.000         0.000
 A_04           1.000         0.000         0.000         0.000         0.000
 A_05           0.000         1.000         0.000         0.000         0.000
 A_06           0.000         0.000         1.000         0.000         0.000
 B_02           0.000         0.000         0.000         1.000         0.000
 B_03           0.000         0.000         0.000         0.000         1.000
 B_04           0.000         0.000         0.000         0.000         0.000
 B_05           0.000         0.000         0.000         0.000         0.000
 B_06           0.000         0.000         0.000         0.000         0.000
 A_01           0.000         0.000         0.000         0.000         0.000
 B_01           0.000         0.000         0.000         0.000         0.000


           LAMBDA
              B_04          B_05          B_06          A_01          B_01
              ________      ________      ________      ________      ________
 A_02           0.000         0.000         0.000         0.000         0.000
 A_03           0.000         0.000         0.000         0.000         0.000
 A_04           0.000         0.000         0.000         0.000         0.000
 A_05           0.000         0.000         0.000         0.000         0.000
 A_06           0.000         0.000         0.000         0.000         0.000
 B_02           0.000         0.000         0.000         0.000         0.000
 B_03           0.000         0.000         0.000         0.000         0.000
 B_04           1.000         0.000         0.000         0.000         0.000
 B_05           0.000         1.000         0.000         0.000         0.000
 B_06           0.000         0.000         1.000         0.000         0.000
 A_01           0.000         0.000         0.000         1.000         0.000
 B_01           0.000         0.000         0.000         0.000         1.000


           THETA
              A_02          A_03          A_04          A_05          A_06
              ________      ________      ________      ________      ________
 A_02           0.000
 A_03           0.000         0.000
 A_04           0.000         0.000         0.000
 A_05           0.000         0.000         0.000         0.000
 A_06           0.000         0.000         0.000         0.000         0.000
 B_02           0.000         0.000         0.000         0.000         0.000
 B_03           0.000         0.000         0.000         0.000         0.000
 B_04           0.000         0.000         0.000         0.000         0.000
 B_05           0.000         0.000         0.000         0.000         0.000
 B_06           0.000         0.000         0.000         0.000         0.000
 A_01           0.000         0.000         0.000         0.000         0.000
 B_01           0.000         0.000         0.000         0.000         0.000


           THETA
              B_02          B_03          B_04          B_05          B_06
              ________      ________      ________      ________      ________
 B_02           0.000
 B_03           0.000         0.000
 B_04           0.000         0.000         0.000
 B_05           0.000         0.000         0.000         0.000
 B_06           0.000         0.000         0.000         0.000         0.000
 A_01           0.000         0.000         0.000         0.000         0.000
 B_01           0.000         0.000         0.000         0.000         0.000


           THETA
              A_01          B_01
              ________      ________
 A_01           0.000
 B_01           0.000         0.000


           ALPHA
              IA            IB            SB            A_02          A_03
              ________      ________      ________      ________      ________
 1              0.000         0.000         0.000         0.000         0.000


           ALPHA
              A_04          A_05          A_06          B_02          B_03
              ________      ________      ________      ________      ________
 1              0.000         0.000         0.000         0.000         0.000


           ALPHA
              B_04          B_05          B_06          A_01          B_01
              ________      ________      ________      ________      ________
 1              0.000         0.000         0.000         0.000         0.000


           BETA
              IA            IB            SB            A_02          A_03
              ________      ________      ________      ________      ________
 IA             0.000         0.000         0.000         0.000         0.000
 IB             0.000         0.000         0.000         0.000         0.000
 SB             0.000         0.000         0.000         0.000         0.000
 A_02           1.000         0.000         0.000         0.000         0.000
 A_03           1.000         0.000         0.000         0.000         0.000
 A_04           1.000         0.000         0.000         0.000         0.000
 A_05           1.000         0.000         0.000         0.000         0.000
 A_06           1.000         0.000         0.000         0.000         0.000
 B_02           0.000         1.000         0.000         0.000         0.000
 B_03           0.000         1.000         2.000         0.000         0.000
 B_04           0.000         1.000         4.000         0.000         0.000
 B_05           0.000         1.000         6.000         0.000         0.000
 B_06           0.000         1.000         8.000         0.000         0.000
 A_01           0.000         0.000         0.000         0.000         0.000
 B_01           0.000         0.000         0.000         0.000         0.000


           BETA
              A_04          A_05          A_06          B_02          B_03
              ________      ________      ________      ________      ________
 IA             0.000         0.000         0.000         0.000         0.000
 IB             0.000         0.000         0.000         0.000         0.000
 SB             0.000         0.000         0.000         0.000         0.000
 A_02           0.000         0.000         0.000         0.000         0.000
 A_03           0.000         0.000         0.000         0.000         0.000
 A_04           0.000         0.000         0.000         0.000         0.000
 A_05           0.000         0.000         0.000         0.000         0.000
 A_06           0.000         0.000         0.000         0.000         0.000
 B_02           0.000         0.000         0.000         0.000         0.000
 B_03           0.000         0.000         0.000         0.000         0.000
 B_04           0.000         0.000         0.000         0.000         0.000
 B_05           0.000         0.000         0.000         0.000         0.000
 B_06           0.000         0.000         0.000         0.000         0.000
 A_01           0.000         0.000         0.000         0.000         0.000
 B_01           0.000         0.000         0.000         0.000         0.000


           BETA
              B_04          B_05          B_06          A_01          B_01
              ________      ________      ________      ________      ________
 IA             0.000         0.000         0.000         0.000         0.000
 IB             0.000         0.000         0.000         0.000         0.000
 SB             0.000         0.000         0.000         0.000         0.000
 A_02           0.000         0.000         0.000         0.000         0.000
 A_03           0.000         0.000         0.000         0.000         0.000
 A_04           0.000         0.000         0.000         0.000         0.000
 A_05           0.000         0.000         0.000         0.000         0.000
 A_06           0.000         0.000         0.000         0.000         0.000
 B_02           0.000         0.000         0.000         0.000         0.000
 B_03           0.000         0.000         0.000         0.000         0.000
 B_04           0.000         0.000         0.000         0.000         0.000
 B_05           0.000         0.000         0.000         0.000         0.000
 B_06           0.000         0.000         0.000         0.000         0.000
 A_01           0.000         0.000         0.000         0.000         0.000
 B_01           0.000         0.000         0.000         0.000         0.000


           PSI
              IA            IB            SB            A_02          A_03
              ________      ________      ________      ________      ________
 IA             0.050
 IB             0.000         0.050
 SB             0.000         0.000         0.050
 A_02           0.000         0.000         0.000         1.173
 A_03           0.000         0.000         0.000         0.000         1.191
 A_04           0.000         0.000         0.000         0.000         0.000
 A_05           0.000         0.000         0.000         0.000         0.000
 A_06           0.000         0.000         0.000         0.000         0.000
 B_02           0.000         0.000         0.000         0.000         0.000
 B_03           0.000         0.000         0.000         0.000         0.000
 B_04           0.000         0.000         0.000         0.000         0.000
 B_05           0.000         0.000         0.000         0.000         0.000
 B_06           0.000         0.000         0.000         0.000         0.000
 A_01           0.000         0.000         0.000         0.000         0.000
 B_01           0.000         0.000         0.000         0.000         0.000


           PSI
              A_04          A_05          A_06          B_02          B_03
              ________      ________      ________      ________      ________
 A_04           1.342
 A_05           0.000         1.321
 A_06           0.000         0.000         1.364
 B_02           0.000         0.000         0.000         1.155
 B_03           0.000         0.000         0.000         0.000         1.277
 B_04           0.000         0.000         0.000         0.000         0.000
 B_05           0.000         0.000         0.000         0.000         0.000
 B_06           0.000         0.000         0.000         0.000         0.000
 A_01           0.000         0.000         0.000         0.000         0.000
 B_01           0.000         0.000         0.000         0.000         0.000


           PSI
              B_04          B_05          B_06          A_01          B_01
              ________      ________      ________      ________      ________
 B_04           1.216
 B_05           0.000         1.271
 B_06           0.000         0.000         1.292
 A_01           0.000         0.000         0.000         1.127
 B_01           0.000         0.000         0.000         0.000         1.169


     Beginning Time:  17:35:21
        Ending Time:  17:39:35
       Elapsed Time:  00:04:14



MUTHEN & MUTHEN
3463 Stoner Ave.
Los Angeles, CA  90066

Tel: (310) 391-9971
Fax: (310) 391-8971
Web: www.StatModel.com
Support: Support@StatModel.com

Copyright (c) 1998-2015 Muthen & Muthen
