Mplus VERSION 7.4 (Mac)
MUTHEN & MUTHEN
12/03/2017  11:30 PM

INPUT INSTRUCTIONS

  TITLE:
  3 - Predetermined ALT, full model
  DATA:
  File = wide-dataset-b.dat;
  VARIABLE:
  NAMES are
   id hhid male birthyr_rand birthmo_rand race_rand hispanic_rand cohort
      raedyrs raedegrm memoryproblems_baseline memory_disease_ever age_baseline
      age_baseline_65 health_conditions_baseline healthcond_mean activity_mean_2004
      activity_mean_2006 activity_mean_2008 activity_mean_2010 activity_mean_2012
      activity_mean_2014 activity_sum_2004 activity_sum_2006 activity_sum_2008
      activity_sum_2010 activity_sum_2012 activity_sum_2014 close_social_network_2004
      close_social_network_2006 close_social_network_2008 close_social_network_2010
      close_social_network_2012 close_social_network_2014 countb20r_2004
      countb20r_2006 countb20r_2008 countb20r_2010 countb20r_2012 countb20r_2014
      crp_adj_2004 crp_adj_2006 crp_adj_2008 crp_adj_2010 crp_adj_2012 crp_adj_2014
      dep_total_2004 dep_total_2006 dep_total_2008 dep_total_2010 dep_total_2012
      dep_total_2014 exercise_2004 exercise_2006 exercise_2008 exercise_2010
      exercise_2012 exercise_2014 healthcond_2004 healthcond_2006 healthcond_2008
      healthcond_2010 healthcond_2012 healthcond_2014 hhres_2004 hhres_2006
      hhres_2008 hhres_2010 hhres_2012 hhres_2014 hrs_tscore_2004 hrs_tscore_2006
      hrs_tscore_2008 hrs_tscore_2010 hrs_tscore_2012 hrs_tscore_2014 intage_r_2004
      intage_r_2006 intage_r_2008 intage_r_2010 intage_r_2012 intage_r_2014
      interview_date_2004 interview_date_2006 interview_date_2008 interview_date_2010
      interview_date_2012 interview_date_2014 lb_65_wave_2004 lb_65_wave_2006
      lb_65_wave_2008 lb_65_wave_2010 lb_65_wave_2012 lb_65_wave_2014 lb_wave_2004
      lb_wave_2006 lb_wave_2008 lb_wave_2010 lb_wave_2012 lb_wave_2014 listassi_2004
      listassi_2006 listassi_2008 listassi_2010 listassi_2012 listassi_2014
      mentalstatus_tot_2004 mentalstatus_tot_2006 mentalstatus_tot_2008
      mentalstatus_tot_2010 mentalstatus_tot_2012 mentalstatus_tot_2014 proxy_2004
      proxy_2006 proxy_2008 proxy_2010 proxy_2012 proxy_2014 responded_2004
      responded_2006 responded_2008 responded_2010 responded_2012 responded_2014
      rmaritalst_2004 rmaritalst_2006 rmaritalst_2008 rmaritalst_2010 rmaritalst_2012
      rmaritalst_2014 rpartst_2004 rpartst_2006 rpartst_2008 rpartst_2010
      rpartst_2012 rpartst_2014 score_loneliness_11_2004 score_loneliness_11_2006
      score_loneliness_11_2008 score_loneliness_11_2010 score_loneliness_11_2012
      score_loneliness_11_2014 score_loneliness_3_2004 score_loneliness_3_2006
      score_loneliness_3_2008 score_loneliness_3_2010 score_loneliness_3_2012
      score_loneliness_3_2014 shhidpnr_2004 shhidpnr_2006 shhidpnr_2008 shhidpnr_2010
      shhidpnr_2012 shhidpnr_2014 snchild_2004 snchild_2006 snchild_2008 snchild_2010
      snchild_2012 snchild_2014 snfamily_2004 snfamily_2006 snfamily_2008
      snfamily_2010 snfamily_2012 snfamily_2014 snfriends_2004 snfriends_2006
      snfriends_2008 snfriends_2010 snfriends_2012 snfriends_2014 snspouse_2004
      snspouse_2006 snspouse_2008 snspouse_2010 snspouse_2012 snspouse_2014
      social_contact_total_2004 social_contact_total_2006 social_contact_total_2008
      social_contact_total_2010 social_contact_total_2012 social_contact_total_2014
      social_strain_mean_2004 social_strain_mean_2006 social_strain_mean_2008
      social_strain_mean_2010 social_strain_mean_2012 social_strain_mean_2014
      social_support_mean_2004 social_support_mean_2006 social_support_mean_2008
      social_support_mean_2010 social_support_mean_2012 social_support_mean_2014
      socialnetwork_total_2004 socialnetwork_total_2006 socialnetwork_total_2008
      socialnetwork_total_2010 socialnetwork_total_2012 socialnetwork_total_2014
      srmemory_2004 srmemory_2006 srmemory_2008 srmemory_2010 srmemory_2012
      srmemory_2014 srmemoryp_2004 srmemoryp_2006 srmemoryp_2008 srmemoryp_2010
      srmemoryp_2012 srmemoryp_2014 vocab_total_2004 vocab_total_2006 vocab_total_2008
      vocab_total_2010 vocab_total_2012 vocab_total_2014 wrectotd_2004 wrectotd_2006
      wrectotd_2008 wrectotd_2010 wrectotd_2012 wrectotd_2014 wrectoti_2004
      wrectoti_2006 wrectoti_2008 wrectoti_2010 wrectoti_2012 wrectoti_2014
  	;
  Missing are all(9999);
  USEVARIABLES are
  	!define the variables used in the analysis
  	!estimated time points
  a_01
  a_02
  a_03
  a_04
  a_05
  a_06
  	!modelled time points of process (B)
  b_01
  b_02
  b_03
  b_04
  b_05
  b_06
  	! covariates used in the model
  	;
  SUBPOPULATION are
  	!select a subset of observations
  age_baseline > 64 AND
  memory_disease_ever EQ 0
  ;
  CLUSTER = hhid;
  DEFINE:
    ! centre baseline age
  a = age_baseline - 69;
  	! assign variables to the process (A)
  a_01=mentalstatus_tot_2004;
  a_02=mentalstatus_tot_2006;
  a_03=mentalstatus_tot_2008;
  a_04=mentalstatus_tot_2010;
  a_05=mentalstatus_tot_2012;
  a_06=mentalstatus_tot_2014;
  	! assign variables to the process (B)
  b_01=social_contact_total_2004;
  b_02=social_contact_total_2006;
  b_03=social_contact_total_2008;
  b_04=social_contact_total_2010;
  b_05=social_contact_total_2012;
  b_06=social_contact_total_2014;
  ANALYSIS:
  TYPE = COMPLEX RANDOM;
  model=nocovariances;
  COVERAGE=.00;
  H1ITERATIONS = 10000;
  MODEL:
  	!LGM part
  	! assign process (A) to time points
  ia BY a_02@1 a_03@1 a_04@1 a_05@1 a_06@1;
  sa BY a_02@0 a_03@2 a_04@4 a_05@6 a_06@8;
  	! assign process (B) to time points
  ib BY b_02@1 b_03@1 b_04@1 b_05@1 b_06@1;
  sb BY b_02@0 b_03@2 b_04@4 b_05@6 b_06@8;
  !autoregressive part
  a_01 a_02 a_03 a_04 a_05 a_06;
  a_02 ON a_01;
  a_03 ON a_02;
  a_04 ON a_03;
  a_05 ON a_04;
  a_06 ON a_05;
  b_01 b_02 b_03 b_04 b_05 b_06;
  b_02 ON b_01;
  b_03 ON b_02;
  b_04 ON b_03;
  b_05 ON b_04;
  b_06 ON b_05;
  !Cross lagged part
  a_02 ON b_01;
  a_03 ON b_02;
  a_04 ON b_03;
  a_05 ON b_04;
  a_06 ON b_05;
  b_02 ON a_01;
  b_03 ON a_02;
  b_04 ON a_03;
  b_05 ON a_04;
  b_06 ON a_05;
  ia;
  sa;
  ib;
  sb;
  !correlations between the first measurement points
  ia with sa;
  ib with sb;
  ia with a_01;
  sa with a_01;
  ib with b_01;
  sb with b_01;
  ia with ib;
  sa with sb;
  a_01 with b_01;
  ! Time specific correlations
  b_02 WITH a_02;
  b_03 WITH a_03;
  b_04 WITH a_04;
  b_05 WITH a_05;
  b_06 WITH a_06;
  [a_02@0 a_03@0 a_04@0 a_05@0 a_06@0];
  [b_02@0 b_03@0 b_04@0 b_05@0 b_06@0];
  [ia];
  [ib];
  [sa];
  [sb];
  [a_01];
  [b_01];
  	
  OUTPUT: SAMPSTAT MODINDICES (3.0); TECH1;



INPUT READING TERMINATED NORMALLY




3 - Predetermined ALT, full model

SUMMARY OF ANALYSIS

Number of groups                                                 1
Number of observations                                        5952

Number of dependent variables                                   10
Number of independent variables                                  2
Number of continuous latent variables                            4

Observed dependent variables

  Continuous
   A_02        A_03        A_04        A_05        A_06        B_02
   B_03        B_04        B_05        B_06

Observed independent variables
   A_01        B_01

Continuous latent variables
   IA          SA          IB          SB

Variables with special functions

  Cluster variable      HHID

Estimator                                                      MLR
Information matrix                                        OBSERVED
Maximum number of iterations                                   100
Convergence criterion                                    0.100D-05
Maximum number of EM iterations                                500
Convergence criteria for the EM algorithm
  Loglikelihood change                                   0.100D-02
  Relative loglikelihood change                          0.100D-05
  Derivative                                             0.100D-03
Minimum variance                                         0.100D-03
Maximum number of steepest descent iterations                   20
Maximum number of iterations for H1                          10000
Convergence criterion for H1                             0.100D-03
Optimization algorithm                                         EMA

Input data file(s)
  wide-dataset-b.dat
Input data format  FREE


SUMMARY OF DATA

     Number of missing data patterns           262
     Number of clusters        4882



SAMPLE STATISTICS


     ESTIMATED SAMPLE STATISTICS


           Means
              A_02          A_03          A_04          A_05          A_06
              ________      ________      ________      ________      ________
 1              8.506         8.438         8.051         8.027         7.859


           Means
              B_02          B_03          B_04          B_05          B_06
              ________      ________      ________      ________      ________
 1             29.536        29.576        29.183        28.610        27.858


           Means
              A_01          B_01
              ________      ________
 1              8.517        30.317


           Covariances
              A_02          A_03          A_04          A_05          A_06
              ________      ________      ________      ________      ________
 A_02           0.660
 A_03           0.351         0.789
 A_04           0.385         0.457         1.240
 A_05           0.400         0.495         0.785         1.444
 A_06           0.427         0.521         0.846         1.066         1.945
 B_02           0.530         0.906         1.020         1.251         1.060
 B_03           0.673         0.937         1.440         1.569         1.582
 B_04           0.741         1.024         1.260         1.441         1.387
 B_05           0.816         0.983         1.819         2.028         2.270
 B_06           1.064         1.256         1.454         2.055         2.522
 A_01           0.329         0.343         0.366         0.393         0.400
 B_01           0.364         0.892         1.089         0.793         0.918


           Covariances
              B_02          B_03          B_04          B_05          B_06
              ________      ________      ________      ________      ________
 B_02          66.378
 B_03          37.475        74.359
 B_04          41.274        41.168        72.255
 B_05          29.047        45.940        33.571        79.238
 B_06          38.241        43.948        46.429        34.372        78.524
 A_01           0.601         0.754         0.769         0.756         0.701
 B_01          34.123        38.622        33.365        39.299        36.515


           Covariances
              A_01          B_01
              ________      ________
 A_01           0.632
 B_01           0.400        70.852


           Correlations
              A_02          A_03          A_04          A_05          A_06
              ________      ________      ________      ________      ________
 A_02           1.000
 A_03           0.487         1.000
 A_04           0.426         0.462         1.000
 A_05           0.410         0.464         0.587         1.000
 A_06           0.377         0.421         0.545         0.636         1.000
 B_02           0.080         0.125         0.112         0.128         0.093
 B_03           0.096         0.122         0.150         0.151         0.132
 B_04           0.107         0.136         0.133         0.141         0.117
 B_05           0.113         0.124         0.184         0.190         0.183
 B_06           0.148         0.160         0.147         0.193         0.204
 A_01           0.510         0.486         0.414         0.411         0.361
 B_01           0.053         0.119         0.116         0.078         0.078


           Correlations
              B_02          B_03          B_04          B_05          B_06
              ________      ________      ________      ________      ________
 B_02           1.000
 B_03           0.533         1.000
 B_04           0.596         0.562         1.000
 B_05           0.401         0.598         0.444         1.000
 B_06           0.530         0.575         0.616         0.436         1.000
 A_01           0.093         0.110         0.114         0.107         0.100
 B_01           0.498         0.532         0.466         0.524         0.490


           Correlations
              A_01          B_01
              ________      ________
 A_01           1.000
 B_01           0.060         1.000


     MAXIMUM LOG-LIKELIHOOD VALUE FOR THE UNRESTRICTED (H1) MODEL IS -86386.483


UNIVARIATE SAMPLE STATISTICS


     UNIVARIATE HIGHER-ORDER MOMENT DESCRIPTIVE STATISTICS

         Variable/         Mean/     Skewness/   Minimum/ % with                Percentiles
        Sample Size      Variance    Kurtosis    Maximum  Min/Max      20%/60%    40%/80%    Median

     A_02                  8.511      -2.361       1.000    0.02%       8.000      9.000      9.000
            5688.000       0.654       8.721       9.000   64.64%       9.000      9.000
     A_03                  8.443      -2.238       1.000    0.02%       8.000      9.000      9.000
            5784.000       0.783       7.416       9.000   61.91%       9.000      9.000
     A_04                  8.065      -1.739       0.000    0.02%       7.000      8.000      8.000
            5680.000       1.209       4.575       9.000   41.95%       9.000      9.000
     A_05                  8.085      -1.899       0.000    0.04%       7.000      8.000      8.000
            5132.000       1.350       5.356       9.000   45.93%       9.000      9.000
     A_06                  7.967      -2.016       0.000    0.07%       7.000      8.000      8.000
            4423.000       1.750       5.505       9.000   43.55%       9.000      9.000
     B_02                 29.599      -0.258       3.000    0.07%      23.000     28.000     30.000
            2788.000      66.183       0.159      54.000    0.18%      32.000     36.000
     B_03                 29.608      -0.254       2.000    0.04%      23.000     28.000     30.000
            2739.000      73.864       0.073      54.000    0.18%      32.000     37.000
     B_04                 29.406      -0.205       4.000    0.19%      22.000     28.000     30.000
            2647.000      71.988      -0.061      54.000    0.04%      32.000     36.000
     B_05                 28.986      -0.189       3.000    0.04%      22.000     27.000     29.000
            2240.000      77.040      -0.099      54.000    0.13%      32.000     36.000
     B_06                 28.653      -0.229       3.000    0.05%      22.000     27.000     29.000
            2036.000      76.540      -0.202      54.000    0.05%      31.000     36.000
     A_01                  8.527      -2.114       2.000    0.02%       8.000      9.000      9.000
            5486.000       0.624       5.952       9.000   66.11%       9.000      9.000
     B_01                 30.562      -0.258       3.000    0.09%      24.000     29.000     31.000
            1057.000      70.074       0.149      53.000    0.09%      33.000     37.000


THE MODEL ESTIMATION TERMINATED NORMALLY

     WARNING:  THE LATENT VARIABLE COVARIANCE MATRIX (PSI) IS NOT POSITIVE
     DEFINITE.  THIS COULD INDICATE A NEGATIVE VARIANCE/RESIDUAL VARIANCE FOR A
     LATENT VARIABLE, A CORRELATION GREATER OR EQUAL TO ONE BETWEEN TWO LATENT
     VARIABLES, OR A LINEAR DEPENDENCY AMONG MORE THAN TWO LATENT VARIABLES.
     CHECK THE TECH4 OUTPUT FOR MORE INFORMATION.



MODEL FIT INFORMATION

Number of Free Parameters                       56

Loglikelihood

          H0 Value                      -86431.663
          H0 Scaling Correction Factor      1.5416
            for MLR
          H1 Value                      -86386.483
          H1 Scaling Correction Factor      1.4040
            for MLR

Information Criteria

          Akaike (AIC)                  172975.325
          Bayesian (BIC)                173350.048
          Sample-Size Adjusted BIC      173172.096
            (n* = (n + 2) / 24)

Chi-Square Test of Model Fit

          Value                             76.756*
          Degrees of Freedom                    34
          P-Value                           0.0000
          Scaling Correction Factor         1.1772
            for MLR

*   The chi-square value for MLM, MLMV, MLR, ULSMV, WLSM and WLSMV cannot be used
    for chi-square difference testing in the regular way.  MLM, MLR and WLSM
    chi-square difference testing is described on the Mplus website.  MLMV, WLSMV,
    and ULSMV difference testing is done using the DIFFTEST option.

RMSEA (Root Mean Square Error Of Approximation)

          Estimate                           0.015

CFI/TLI

          CFI                                0.996
          TLI                                0.992

Chi-Square Test of Model Fit for the Baseline Model

          Value                          10831.624
          Degrees of Freedom                    66
          P-Value                           0.0000

SRMR (Standardized Root Mean Square Residual)

          Value                              0.057



MODEL RESULTS

                                                    Two-Tailed
                    Estimate       S.E.  Est./S.E.    P-Value

 IA       BY
    A_02               1.000      0.000    999.000    999.000
    A_03               1.000      0.000    999.000    999.000
    A_04               1.000      0.000    999.000    999.000
    A_05               1.000      0.000    999.000    999.000
    A_06               1.000      0.000    999.000    999.000

 SA       BY
    A_02               0.000      0.000    999.000    999.000
    A_03               2.000      0.000    999.000    999.000
    A_04               4.000      0.000    999.000    999.000
    A_05               6.000      0.000    999.000    999.000
    A_06               8.000      0.000    999.000    999.000

 IB       BY
    B_02               1.000      0.000    999.000    999.000
    B_03               1.000      0.000    999.000    999.000
    B_04               1.000      0.000    999.000    999.000
    B_05               1.000      0.000    999.000    999.000
    B_06               1.000      0.000    999.000    999.000

 SB       BY
    B_02               0.000      0.000    999.000    999.000
    B_03               2.000      0.000    999.000    999.000
    B_04               4.000      0.000    999.000    999.000
    B_05               6.000      0.000    999.000    999.000
    B_06               8.000      0.000    999.000    999.000

 A_02       ON
    A_01              -0.022      0.033     -0.650      0.516
    B_01               0.001      0.003      0.402      0.688

 A_03       ON
    A_02               0.025      0.023      1.086      0.277
    B_02               0.009      0.003      3.573      0.000

 A_04       ON
    A_03               0.054      0.021      2.596      0.009
    B_03               0.012      0.003      4.351      0.000

 A_05       ON
    A_04               0.130      0.031      4.254      0.000
    B_04               0.015      0.004      3.815      0.000

 A_06       ON
    A_05               0.167      0.046      3.651      0.000
    B_05               0.023      0.006      3.891      0.000

 B_02       ON
    B_01               0.574      0.126      4.568      0.000
    A_01               1.148      0.175      6.554      0.000

 B_03       ON
    B_02               0.920      0.106      8.657      0.000
    A_02              -0.025      0.196     -0.128      0.898

 B_04       ON
    B_03               0.792      0.145      5.476      0.000
    A_03               0.332      0.298      1.114      0.265

 B_05       ON
    B_04               0.651      0.196      3.314      0.001
    A_04               0.790      0.376      2.100      0.036

 B_06       ON
    B_05               0.566      0.263      2.149      0.032
    A_05               1.000      0.428      2.338      0.019

 IA       WITH
    SA                -0.001      0.005     -0.239      0.811
    A_01               0.340      0.027     12.410      0.000
    IB                 0.083      0.054      1.551      0.121

 IB       WITH
    SB                 2.826      0.811      3.482      0.000
    B_01              -3.912      7.481     -0.523      0.601

 SA       WITH
    A_01              -0.002      0.005     -0.432      0.666
    SB                -0.013      0.007     -1.916      0.055

 SB       WITH
    B_01               2.725      1.868      1.459      0.145

 A_01     WITH
    B_01               0.077      0.181      0.427      0.670

 B_02     WITH
    A_02               0.097      0.118      0.821      0.412

 B_03     WITH
    A_03              -0.047      0.142     -0.331      0.741

 B_04     WITH
    A_04               0.252      0.170      1.476      0.140

 B_05     WITH
    A_05               0.578      0.205      2.826      0.005

 B_06     WITH
    A_06               1.114      0.267      4.173      0.000

 Means
    A_01               8.517      0.011    762.815      0.000
    B_01              30.386      0.238    127.563      0.000
    IA                 8.656      0.299     28.921      0.000
    SA                -0.350      0.070     -5.004      0.000
    IB                 2.312      3.773      0.613      0.540
    SB                 0.160      0.930      0.172      0.863

 Intercepts
    A_02               0.000      0.000    999.000    999.000
    A_03               0.000      0.000    999.000    999.000
    A_04               0.000      0.000    999.000    999.000
    A_05               0.000      0.000    999.000    999.000
    A_06               0.000      0.000    999.000    999.000
    B_02               0.000      0.000    999.000    999.000
    B_03               0.000      0.000    999.000    999.000
    B_04               0.000      0.000    999.000    999.000
    B_05               0.000      0.000    999.000    999.000
    B_06               0.000      0.000    999.000    999.000

 Variances
    A_01               0.632      0.024     25.866      0.000
    B_01              70.581      3.045     23.183      0.000
    IA                 0.346      0.041      8.407      0.000
    SA                 0.008      0.001      6.653      0.000
    IB               -15.641      6.193     -2.526      0.012
    SB                -0.571      0.167     -3.421      0.001

 Residual Variances
    A_02               0.322      0.021     14.980      0.000
    A_03               0.416      0.017     25.058      0.000
    A_04               0.664      0.029     23.051      0.000
    A_05               0.612      0.037     16.667      0.000
    A_06               0.765      0.045     16.898      0.000
    B_02              63.566      7.189      8.842      0.000
    B_03              39.669      9.413      4.214      0.000
    B_04              33.888      6.670      5.080      0.000
    B_05              40.905      4.756      8.601      0.000
    B_06              51.225      7.844      6.530      0.000


QUALITY OF NUMERICAL RESULTS

     Condition Number for the Information Matrix              0.616E-08
       (ratio of smallest to largest eigenvalue)


MODEL MODIFICATION INDICES

NOTE:  Modification indices for direct effects of observed dependent variables
regressed on covariates may not be included.  To include these, request
MODINDICES (ALL).

Minimum M.I. value for printing the modification index     3.000

                                   M.I.     E.P.C.


ON/BY Statements

A_02     ON SA       /
SA       BY A_02                   7.484     0.820
A_03     ON SA       /
SA       BY A_03                  31.354    -1.121
A_03     ON IB       /
IB       BY A_03                   5.561     0.021
A_04     ON SA       /
SA       BY A_04                  18.913     0.936
A_05     ON IA       /
IA       BY A_05                   5.270    -0.047
A_05     ON IB       /
IB       BY A_05                   8.353    -0.026
A_05     ON SB       /
SB       BY A_05                   9.336     0.152
A_06     ON IA       /
IA       BY A_06                   5.755     0.081
A_06     ON SA       /
SA       BY A_06                   3.844    -0.655
A_06     ON IB       /
IB       BY A_06                   3.045     0.015
A_06     ON SB       /
SB       BY A_06                   4.271    -0.087
B_02     ON IB       /
IB       BY B_02                   3.467     1.525

ON Statements

IA       ON A_02                   9.777     0.173
IA       ON A_03                  27.203    -0.145
IA       ON A_04                   7.384     0.034
IA       ON B_06                   3.387     0.006
SA       ON A_02                  12.491     0.038
SA       ON A_03                  28.399    -0.025
SA       ON A_04                  23.960     0.017
A_02     ON A_04                   7.807     0.053
A_02     ON A_06                   8.052     0.048
A_03     ON A_03                   3.868    -0.080
A_03     ON A_04                   7.044    -0.034
A_03     ON A_05                   8.384    -0.040
A_03     ON A_06                  21.844    -0.053
A_03     ON B_03                  12.597     0.054
A_03     ON B_04                   3.977     0.011
A_03     ON B_01                   6.990     0.008
A_04     ON A_04                  10.090     0.097
A_04     ON A_05                  12.506     0.050
A_04     ON A_06                  29.790     0.080
A_05     ON A_02                   3.920    -0.032
A_05     ON A_03                   5.369    -0.044
A_05     ON A_05                   6.882    -0.076
A_05     ON A_06                   8.447    -0.049
A_06     ON A_02                   8.917     0.091
A_06     ON A_04                  24.995     0.144
A_06     ON A_06                   4.357     0.181
A_06     ON B_02                   4.392    -0.008
A_06     ON B_06                   4.232    -0.023
B_02     ON A_03                   3.146    -0.699
B_02     ON A_05                   3.409     0.365
B_04     ON B_04                   3.212    -1.212
A_01     ON B_02                   3.395    -0.007
A_01     ON B_04                   3.918     0.010
B_01     ON A_04                   3.315     0.495
B_01     ON B_05                   3.448     0.234

WITH Statements

A_02     WITH IA                   9.720     0.055
A_02     WITH SA                  12.475     0.012
A_03     WITH IA                  27.710    -0.061
A_03     WITH SA                  28.808    -0.011
A_04     WITH IA                   8.072     0.024
A_04     WITH SA                  24.927     0.011
A_04     WITH A_03                 3.500    -0.022
A_05     WITH A_04                 6.262     0.041
A_06     WITH A_03                 9.046    -0.039
A_06     WITH A_04                20.395     0.103
A_06     WITH A_05                10.678    -0.113
B_02     WITH A_03                 9.095    -0.745
B_02     WITH A_05                 7.988     0.490
B_02     WITH A_06                 4.558    -0.419
A_01     WITH B_04                 3.977     0.246
B_01     WITH A_04                 3.902     0.481
B_01     WITH A_06                 7.435    -0.800
B_01     WITH B_02                 3.123   -14.289
B_01     WITH B_03                 3.167    10.530

Means/Intercepts/Thresholds

[ A_03     ]                       6.748     0.447
[ A_05     ]                       3.902    -0.261
[ A_06     ]                       3.980     0.372
[ B_02     ]                       3.800     7.104


TECHNICAL 1 OUTPUT


     PARAMETER SPECIFICATION


           NU
              A_02          A_03          A_04          A_05          A_06
              ________      ________      ________      ________      ________
 1                  0             0             0             0             0


           NU
              B_02          B_03          B_04          B_05          B_06
              ________      ________      ________      ________      ________
 1                  0             0             0             0             0


           NU
              A_01          B_01
              ________      ________
 1                  0             0


           LAMBDA
              IA            SA            IB            SB            A_02
              ________      ________      ________      ________      ________
 A_02               0             0             0             0             0
 A_03               0             0             0             0             0
 A_04               0             0             0             0             0
 A_05               0             0             0             0             0
 A_06               0             0             0             0             0
 B_02               0             0             0             0             0
 B_03               0             0             0             0             0
 B_04               0             0             0             0             0
 B_05               0             0             0             0             0
 B_06               0             0             0             0             0
 A_01               0             0             0             0             0
 B_01               0             0             0             0             0


           LAMBDA
              A_03          A_04          A_05          A_06          B_02
              ________      ________      ________      ________      ________
 A_02               0             0             0             0             0
 A_03               0             0             0             0             0
 A_04               0             0             0             0             0
 A_05               0             0             0             0             0
 A_06               0             0             0             0             0
 B_02               0             0             0             0             0
 B_03               0             0             0             0             0
 B_04               0             0             0             0             0
 B_05               0             0             0             0             0
 B_06               0             0             0             0             0
 A_01               0             0             0             0             0
 B_01               0             0             0             0             0


           LAMBDA
              B_03          B_04          B_05          B_06          A_01
              ________      ________      ________      ________      ________
 A_02               0             0             0             0             0
 A_03               0             0             0             0             0
 A_04               0             0             0             0             0
 A_05               0             0             0             0             0
 A_06               0             0             0             0             0
 B_02               0             0             0             0             0
 B_03               0             0             0             0             0
 B_04               0             0             0             0             0
 B_05               0             0             0             0             0
 B_06               0             0             0             0             0
 A_01               0             0             0             0             0
 B_01               0             0             0             0             0


           LAMBDA
              B_01
              ________
 A_02               0
 A_03               0
 A_04               0
 A_05               0
 A_06               0
 B_02               0
 B_03               0
 B_04               0
 B_05               0
 B_06               0
 A_01               0
 B_01               0


           THETA
              A_02          A_03          A_04          A_05          A_06
              ________      ________      ________      ________      ________
 A_02               0
 A_03               0             0
 A_04               0             0             0
 A_05               0             0             0             0
 A_06               0             0             0             0             0
 B_02               0             0             0             0             0
 B_03               0             0             0             0             0
 B_04               0             0             0             0             0
 B_05               0             0             0             0             0
 B_06               0             0             0             0             0
 A_01               0             0             0             0             0
 B_01               0             0             0             0             0


           THETA
              B_02          B_03          B_04          B_05          B_06
              ________      ________      ________      ________      ________
 B_02               0
 B_03               0             0
 B_04               0             0             0
 B_05               0             0             0             0
 B_06               0             0             0             0             0
 A_01               0             0             0             0             0
 B_01               0             0             0             0             0


           THETA
              A_01          B_01
              ________      ________
 A_01               0
 B_01               0             0


           ALPHA
              IA            SA            IB            SB            A_02
              ________      ________      ________      ________      ________
 1                  1             2             3             4             0


           ALPHA
              A_03          A_04          A_05          A_06          B_02
              ________      ________      ________      ________      ________
 1                  0             0             0             0             0


           ALPHA
              B_03          B_04          B_05          B_06          A_01
              ________      ________      ________      ________      ________
 1                  0             0             0             0             5


           ALPHA
              B_01
              ________
 1                  6


           BETA
              IA            SA            IB            SB            A_02
              ________      ________      ________      ________      ________
 IA                 0             0             0             0             0
 SA                 0             0             0             0             0
 IB                 0             0             0             0             0
 SB                 0             0             0             0             0
 A_02               0             0             0             0             0
 A_03               0             0             0             0             9
 A_04               0             0             0             0             0
 A_05               0             0             0             0             0
 A_06               0             0             0             0             0
 B_02               0             0             0             0             0
 B_03               0             0             0             0            19
 B_04               0             0             0             0             0
 B_05               0             0             0             0             0
 B_06               0             0             0             0             0
 A_01               0             0             0             0             0
 B_01               0             0             0             0             0


           BETA
              A_03          A_04          A_05          A_06          B_02
              ________      ________      ________      ________      ________
 IA                 0             0             0             0             0
 SA                 0             0             0             0             0
 IB                 0             0             0             0             0
 SB                 0             0             0             0             0
 A_02               0             0             0             0             0
 A_03               0             0             0             0            10
 A_04              11             0             0             0             0
 A_05               0            13             0             0             0
 A_06               0             0            15             0             0
 B_02               0             0             0             0             0
 B_03               0             0             0             0            20
 B_04              21             0             0             0             0
 B_05               0            23             0             0             0
 B_06               0             0            25             0             0
 A_01               0             0             0             0             0
 B_01               0             0             0             0             0


           BETA
              B_03          B_04          B_05          B_06          A_01
              ________      ________      ________      ________      ________
 IA                 0             0             0             0             0
 SA                 0             0             0             0             0
 IB                 0             0             0             0             0
 SB                 0             0             0             0             0
 A_02               0             0             0             0             7
 A_03               0             0             0             0             0
 A_04              12             0             0             0             0
 A_05               0            14             0             0             0
 A_06               0             0            16             0             0
 B_02               0             0             0             0            17
 B_03               0             0             0             0             0
 B_04              22             0             0             0             0
 B_05               0            24             0             0             0
 B_06               0             0            26             0             0
 A_01               0             0             0             0             0
 B_01               0             0             0             0             0


           BETA
              B_01
              ________
 IA                 0
 SA                 0
 IB                 0
 SB                 0
 A_02               8
 A_03               0
 A_04               0
 A_05               0
 A_06               0
 B_02              18
 B_03               0
 B_04               0
 B_05               0
 B_06               0
 A_01               0
 B_01               0


           PSI
              IA            SA            IB            SB            A_02
              ________      ________      ________      ________      ________
 IA                27
 SA                28            29
 IB                30             0            31
 SB                 0            32            33            34
 A_02               0             0             0             0            35
 A_03               0             0             0             0             0
 A_04               0             0             0             0             0
 A_05               0             0             0             0             0
 A_06               0             0             0             0             0
 B_02               0             0             0             0            40
 B_03               0             0             0             0             0
 B_04               0             0             0             0             0
 B_05               0             0             0             0             0
 B_06               0             0             0             0             0
 A_01              50            51             0             0             0
 B_01               0             0            53            54             0


           PSI
              A_03          A_04          A_05          A_06          B_02
              ________      ________      ________      ________      ________
 A_03              36
 A_04               0            37
 A_05               0             0            38
 A_06               0             0             0            39
 B_02               0             0             0             0            41
 B_03              42             0             0             0             0
 B_04               0            44             0             0             0
 B_05               0             0            46             0             0
 B_06               0             0             0            48             0
 A_01               0             0             0             0             0
 B_01               0             0             0             0             0


           PSI
              B_03          B_04          B_05          B_06          A_01
              ________      ________      ________      ________      ________
 B_03              43
 B_04               0            45
 B_05               0             0            47
 B_06               0             0             0            49
 A_01               0             0             0             0            52
 B_01               0             0             0             0            55


           PSI
              B_01
              ________
 B_01              56


     STARTING VALUES


           NU
              A_02          A_03          A_04          A_05          A_06
              ________      ________      ________      ________      ________
 1              0.000         0.000         0.000         0.000         0.000


           NU
              B_02          B_03          B_04          B_05          B_06
              ________      ________      ________      ________      ________
 1              0.000         0.000         0.000         0.000         0.000


           NU
              A_01          B_01
              ________      ________
 1              0.000         0.000


           LAMBDA
              IA            SA            IB            SB            A_02
              ________      ________      ________      ________      ________
 A_02           0.000         0.000         0.000         0.000         1.000
 A_03           0.000         0.000         0.000         0.000         0.000
 A_04           0.000         0.000         0.000         0.000         0.000
 A_05           0.000         0.000         0.000         0.000         0.000
 A_06           0.000         0.000         0.000         0.000         0.000
 B_02           0.000         0.000         0.000         0.000         0.000
 B_03           0.000         0.000         0.000         0.000         0.000
 B_04           0.000         0.000         0.000         0.000         0.000
 B_05           0.000         0.000         0.000         0.000         0.000
 B_06           0.000         0.000         0.000         0.000         0.000
 A_01           0.000         0.000         0.000         0.000         0.000
 B_01           0.000         0.000         0.000         0.000         0.000


           LAMBDA
              A_03          A_04          A_05          A_06          B_02
              ________      ________      ________      ________      ________
 A_02           0.000         0.000         0.000         0.000         0.000
 A_03           1.000         0.000         0.000         0.000         0.000
 A_04           0.000         1.000         0.000         0.000         0.000
 A_05           0.000         0.000         1.000         0.000         0.000
 A_06           0.000         0.000         0.000         1.000         0.000
 B_02           0.000         0.000         0.000         0.000         1.000
 B_03           0.000         0.000         0.000         0.000         0.000
 B_04           0.000         0.000         0.000         0.000         0.000
 B_05           0.000         0.000         0.000         0.000         0.000
 B_06           0.000         0.000         0.000         0.000         0.000
 A_01           0.000         0.000         0.000         0.000         0.000
 B_01           0.000         0.000         0.000         0.000         0.000


           LAMBDA
              B_03          B_04          B_05          B_06          A_01
              ________      ________      ________      ________      ________
 A_02           0.000         0.000         0.000         0.000         0.000
 A_03           0.000         0.000         0.000         0.000         0.000
 A_04           0.000         0.000         0.000         0.000         0.000
 A_05           0.000         0.000         0.000         0.000         0.000
 A_06           0.000         0.000         0.000         0.000         0.000
 B_02           0.000         0.000         0.000         0.000         0.000
 B_03           1.000         0.000         0.000         0.000         0.000
 B_04           0.000         1.000         0.000         0.000         0.000
 B_05           0.000         0.000         1.000         0.000         0.000
 B_06           0.000         0.000         0.000         1.000         0.000
 A_01           0.000         0.000         0.000         0.000         1.000
 B_01           0.000         0.000         0.000         0.000         0.000


           LAMBDA
              B_01
              ________
 A_02           0.000
 A_03           0.000
 A_04           0.000
 A_05           0.000
 A_06           0.000
 B_02           0.000
 B_03           0.000
 B_04           0.000
 B_05           0.000
 B_06           0.000
 A_01           0.000
 B_01           1.000


           THETA
              A_02          A_03          A_04          A_05          A_06
              ________      ________      ________      ________      ________
 A_02           0.000
 A_03           0.000         0.000
 A_04           0.000         0.000         0.000
 A_05           0.000         0.000         0.000         0.000
 A_06           0.000         0.000         0.000         0.000         0.000
 B_02           0.000         0.000         0.000         0.000         0.000
 B_03           0.000         0.000         0.000         0.000         0.000
 B_04           0.000         0.000         0.000         0.000         0.000
 B_05           0.000         0.000         0.000         0.000         0.000
 B_06           0.000         0.000         0.000         0.000         0.000
 A_01           0.000         0.000         0.000         0.000         0.000
 B_01           0.000         0.000         0.000         0.000         0.000


           THETA
              B_02          B_03          B_04          B_05          B_06
              ________      ________      ________      ________      ________
 B_02           0.000
 B_03           0.000         0.000
 B_04           0.000         0.000         0.000
 B_05           0.000         0.000         0.000         0.000
 B_06           0.000         0.000         0.000         0.000         0.000
 A_01           0.000         0.000         0.000         0.000         0.000
 B_01           0.000         0.000         0.000         0.000         0.000


           THETA
              A_01          B_01
              ________      ________
 A_01           0.000
 B_01           0.000         0.000


           ALPHA
              IA            SA            IB            SB            A_02
              ________      ________      ________      ________      ________
 1              0.000         0.000         0.000         0.000         0.000


           ALPHA
              A_03          A_04          A_05          A_06          B_02
              ________      ________      ________      ________      ________
 1              0.000         0.000         0.000         0.000         0.000


           ALPHA
              B_03          B_04          B_05          B_06          A_01
              ________      ________      ________      ________      ________
 1              0.000         0.000         0.000         0.000         0.000


           ALPHA
              B_01
              ________
 1              0.000


           BETA
              IA            SA            IB            SB            A_02
              ________      ________      ________      ________      ________
 IA             0.000         0.000         0.000         0.000         0.000
 SA             0.000         0.000         0.000         0.000         0.000
 IB             0.000         0.000         0.000         0.000         0.000
 SB             0.000         0.000         0.000         0.000         0.000
 A_02           1.000         0.000         0.000         0.000         0.000
 A_03           1.000         2.000         0.000         0.000         0.000
 A_04           1.000         4.000         0.000         0.000         0.000
 A_05           1.000         6.000         0.000         0.000         0.000
 A_06           1.000         8.000         0.000         0.000         0.000
 B_02           0.000         0.000         1.000         0.000         0.000
 B_03           0.000         0.000         1.000         2.000         0.000
 B_04           0.000         0.000         1.000         4.000         0.000
 B_05           0.000         0.000         1.000         6.000         0.000
 B_06           0.000         0.000         1.000         8.000         0.000
 A_01           0.000         0.000         0.000         0.000         0.000
 B_01           0.000         0.000         0.000         0.000         0.000


           BETA
              A_03          A_04          A_05          A_06          B_02
              ________      ________      ________      ________      ________
 IA             0.000         0.000         0.000         0.000         0.000
 SA             0.000         0.000         0.000         0.000         0.000
 IB             0.000         0.000         0.000         0.000         0.000
 SB             0.000         0.000         0.000         0.000         0.000
 A_02           0.000         0.000         0.000         0.000         0.000
 A_03           0.000         0.000         0.000         0.000         0.000
 A_04           0.000         0.000         0.000         0.000         0.000
 A_05           0.000         0.000         0.000         0.000         0.000
 A_06           0.000         0.000         0.000         0.000         0.000
 B_02           0.000         0.000         0.000         0.000         0.000
 B_03           0.000         0.000         0.000         0.000         0.000
 B_04           0.000         0.000         0.000         0.000         0.000
 B_05           0.000         0.000         0.000         0.000         0.000
 B_06           0.000         0.000         0.000         0.000         0.000
 A_01           0.000         0.000         0.000         0.000         0.000
 B_01           0.000         0.000         0.000         0.000         0.000


           BETA
              B_03          B_04          B_05          B_06          A_01
              ________      ________      ________      ________      ________
 IA             0.000         0.000         0.000         0.000         0.000
 SA             0.000         0.000         0.000         0.000         0.000
 IB             0.000         0.000         0.000         0.000         0.000
 SB             0.000         0.000         0.000         0.000         0.000
 A_02           0.000         0.000         0.000         0.000         0.000
 A_03           0.000         0.000         0.000         0.000         0.000
 A_04           0.000         0.000         0.000         0.000         0.000
 A_05           0.000         0.000         0.000         0.000         0.000
 A_06           0.000         0.000         0.000         0.000         0.000
 B_02           0.000         0.000         0.000         0.000         0.000
 B_03           0.000         0.000         0.000         0.000         0.000
 B_04           0.000         0.000         0.000         0.000         0.000
 B_05           0.000         0.000         0.000         0.000         0.000
 B_06           0.000         0.000         0.000         0.000         0.000
 A_01           0.000         0.000         0.000         0.000         0.000
 B_01           0.000         0.000         0.000         0.000         0.000


           BETA
              B_01
              ________
 IA             0.000
 SA             0.000
 IB             0.000
 SB             0.000
 A_02           0.000
 A_03           0.000
 A_04           0.000
 A_05           0.000
 A_06           0.000
 B_02           0.000
 B_03           0.000
 B_04           0.000
 B_05           0.000
 B_06           0.000
 A_01           0.000
 B_01           0.000


           PSI
              IA            SA            IB            SB            A_02
              ________      ________      ________      ________      ________
 IA             0.050
 SA             0.000         0.050
 IB             0.000         0.000         0.050
 SB             0.000         0.000         0.000         0.050
 A_02           0.000         0.000         0.000         0.000         0.327
 A_03           0.000         0.000         0.000         0.000         0.000
 A_04           0.000         0.000         0.000         0.000         0.000
 A_05           0.000         0.000         0.000         0.000         0.000
 A_06           0.000         0.000         0.000         0.000         0.000
 B_02           0.000         0.000         0.000         0.000         0.000
 B_03           0.000         0.000         0.000         0.000         0.000
 B_04           0.000         0.000         0.000         0.000         0.000
 B_05           0.000         0.000         0.000         0.000         0.000
 B_06           0.000         0.000         0.000         0.000         0.000
 A_01           0.000         0.000         0.000         0.000         0.000
 B_01           0.000         0.000         0.000         0.000         0.000


           PSI
              A_03          A_04          A_05          A_06          B_02
              ________      ________      ________      ________      ________
 A_03           0.391
 A_04           0.000         0.605
 A_05           0.000         0.000         0.675
 A_06           0.000         0.000         0.000         0.875
 B_02           0.000         0.000         0.000         0.000        33.092
 B_03           0.000         0.000         0.000         0.000         0.000
 B_04           0.000         0.000         0.000         0.000         0.000
 B_05           0.000         0.000         0.000         0.000         0.000
 B_06           0.000         0.000         0.000         0.000         0.000
 A_01           0.000         0.000         0.000         0.000         0.000
 B_01           0.000         0.000         0.000         0.000         0.000


           PSI
              B_03          B_04          B_05          B_06          A_01
              ________      ________      ________      ________      ________
 B_03          36.932
 B_04           0.000        35.994
 B_05           0.000         0.000        38.520
 B_06           0.000         0.000         0.000        38.270
 A_01           0.000         0.000         0.000         0.000         0.312
 B_01           0.000         0.000         0.000         0.000         0.000


           PSI
              B_01
              ________
 B_01          35.037


     Beginning Time:  23:30:19
        Ending Time:  06:07:22
       Elapsed Time:  06:37:03



MUTHEN & MUTHEN
3463 Stoner Ave.
Los Angeles, CA  90066

Tel: (310) 391-9971
Fax: (310) 391-8971
Web: www.StatModel.com
Support: Support@StatModel.com

Copyright (c) 1998-2015 Muthen & Muthen
