Mplus VERSION 7.4 (Mac)
MUTHEN & MUTHEN
12/04/2017   7:42 PM

INPUT INSTRUCTIONS

  TITLE:
  9b - Predetermined ALT, fixed soc slope, no-time-correlations
  DATA:
  File = wide-dataset-b.dat;
  VARIABLE:
  NAMES are
   id hhid male birthyr_rand birthmo_rand race_rand hispanic_rand cohort
      raedyrs raedegrm memoryproblems_baseline memory_disease_ever age_baseline
      age_baseline_65 health_conditions_baseline healthcond_mean activity_mean_2004
      activity_mean_2006 activity_mean_2008 activity_mean_2010 activity_mean_2012
      activity_mean_2014 activity_sum_2004 activity_sum_2006 activity_sum_2008
      activity_sum_2010 activity_sum_2012 activity_sum_2014 close_social_network_2004
      close_social_network_2006 close_social_network_2008 close_social_network_2010
      close_social_network_2012 close_social_network_2014 countb20r_2004
      countb20r_2006 countb20r_2008 countb20r_2010 countb20r_2012 countb20r_2014
      crp_adj_2004 crp_adj_2006 crp_adj_2008 crp_adj_2010 crp_adj_2012 crp_adj_2014
      dep_total_2004 dep_total_2006 dep_total_2008 dep_total_2010 dep_total_2012
      dep_total_2014 exercise_2004 exercise_2006 exercise_2008 exercise_2010
      exercise_2012 exercise_2014 healthcond_2004 healthcond_2006 healthcond_2008
      healthcond_2010 healthcond_2012 healthcond_2014 hhres_2004 hhres_2006
      hhres_2008 hhres_2010 hhres_2012 hhres_2014 hrs_tscore_2004 hrs_tscore_2006
      hrs_tscore_2008 hrs_tscore_2010 hrs_tscore_2012 hrs_tscore_2014 intage_r_2004
      intage_r_2006 intage_r_2008 intage_r_2010 intage_r_2012 intage_r_2014
      interview_date_2004 interview_date_2006 interview_date_2008 interview_date_2010
      interview_date_2012 interview_date_2014 lb_65_wave_2004 lb_65_wave_2006
      lb_65_wave_2008 lb_65_wave_2010 lb_65_wave_2012 lb_65_wave_2014 lb_wave_2004
      lb_wave_2006 lb_wave_2008 lb_wave_2010 lb_wave_2012 lb_wave_2014 listassi_2004
      listassi_2006 listassi_2008 listassi_2010 listassi_2012 listassi_2014
      mentalstatus_tot_2004 mentalstatus_tot_2006 mentalstatus_tot_2008
      mentalstatus_tot_2010 mentalstatus_tot_2012 mentalstatus_tot_2014 proxy_2004
      proxy_2006 proxy_2008 proxy_2010 proxy_2012 proxy_2014 responded_2004
      responded_2006 responded_2008 responded_2010 responded_2012 responded_2014
      rmaritalst_2004 rmaritalst_2006 rmaritalst_2008 rmaritalst_2010 rmaritalst_2012
      rmaritalst_2014 rpartst_2004 rpartst_2006 rpartst_2008 rpartst_2010
      rpartst_2012 rpartst_2014 score_loneliness_11_2004 score_loneliness_11_2006
      score_loneliness_11_2008 score_loneliness_11_2010 score_loneliness_11_2012
      score_loneliness_11_2014 score_loneliness_3_2004 score_loneliness_3_2006
      score_loneliness_3_2008 score_loneliness_3_2010 score_loneliness_3_2012
      score_loneliness_3_2014 shhidpnr_2004 shhidpnr_2006 shhidpnr_2008 shhidpnr_2010
      shhidpnr_2012 shhidpnr_2014 snchild_2004 snchild_2006 snchild_2008 snchild_2010
      snchild_2012 snchild_2014 snfamily_2004 snfamily_2006 snfamily_2008
      snfamily_2010 snfamily_2012 snfamily_2014 snfriends_2004 snfriends_2006
      snfriends_2008 snfriends_2010 snfriends_2012 snfriends_2014 snspouse_2004
      snspouse_2006 snspouse_2008 snspouse_2010 snspouse_2012 snspouse_2014
      social_contact_total_2004 social_contact_total_2006 social_contact_total_2008
      social_contact_total_2010 social_contact_total_2012 social_contact_total_2014
      social_strain_mean_2004 social_strain_mean_2006 social_strain_mean_2008
      social_strain_mean_2010 social_strain_mean_2012 social_strain_mean_2014
      social_support_mean_2004 social_support_mean_2006 social_support_mean_2008
      social_support_mean_2010 social_support_mean_2012 social_support_mean_2014
      socialnetwork_total_2004 socialnetwork_total_2006 socialnetwork_total_2008
      socialnetwork_total_2010 socialnetwork_total_2012 socialnetwork_total_2014
      srmemory_2004 srmemory_2006 srmemory_2008 srmemory_2010 srmemory_2012
      srmemory_2014 srmemoryp_2004 srmemoryp_2006 srmemoryp_2008 srmemoryp_2010
      srmemoryp_2012 srmemoryp_2014 vocab_total_2004 vocab_total_2006 vocab_total_2008
      vocab_total_2010 vocab_total_2012 vocab_total_2014 wrectotd_2004 wrectotd_2006
      wrectotd_2008 wrectotd_2010 wrectotd_2012 wrectotd_2014 wrectoti_2004
      wrectoti_2006 wrectoti_2008 wrectoti_2010 wrectoti_2012 wrectoti_2014
  	;
  Missing are all(9999);
  USEVARIABLES are
  	!define the variables used in the analysis
  	!estimated time points
  a_01
  a_02
  a_03
  a_04
  a_05
  a_06
  	!modelled time points of process (B)
  b_01
  b_02
  b_03
  b_04
  b_05
  b_06
  	! covariates used in the model
  	;
  SUBPOPULATION are
  	!select a subset of observations
  age_baseline > 64 AND
  memory_disease_ever EQ 0
  ;
  CLUSTER = hhid;
  DEFINE:
    ! centre baseline age
  a = age_baseline - 69;
  	! assign variables to the process (A)
  a_01=mentalstatus_tot_2004;
  a_02=mentalstatus_tot_2006;
  a_03=mentalstatus_tot_2008;
  a_04=mentalstatus_tot_2010;
  a_05=mentalstatus_tot_2012;
  a_06=mentalstatus_tot_2014;
  	! assign variables to the process (B)
  b_01=social_contact_total_2004;
  b_02=social_contact_total_2006;
  b_03=social_contact_total_2008;
  b_04=social_contact_total_2010;
  b_05=social_contact_total_2012;
  b_06=social_contact_total_2014;
  ANALYSIS:
  TYPE = COMPLEX RANDOM;
  model=nocovariances;
  COVERAGE=.00;
  H1ITERATIONS = 10000;
  MODEL:
  	!LGM part
  	! assign process (A) to time points
  ia BY a_02@1 a_03@1 a_04@1 a_05@1 a_06@1;
  sa BY a_02@0 a_03@2 a_04@4 a_05@6 a_06@8;
  	! assign process (B) to time points
  ib BY b_02@1 b_03@1 b_04@1 b_05@1 b_06@1;
  sb BY b_02@0 b_03@2 b_04@4 b_05@6 b_06@8;
  	!correlations between the first measurement points
  	!autoregressive part
  a_01 a_02 a_03 a_04 a_05 a_06;
  a_02 ON a_01;
  a_03 ON a_02;
  a_04 ON a_03;
  a_05 ON a_04;
  a_06 ON a_05;
  b_01 b_02 b_03 b_04 b_05 b_06;
  b_02 ON b_01;
  b_03 ON b_02;
  b_04 ON b_03;
  b_05 ON b_04;
  b_06 ON b_05;
  	!Cross lagged part
  a_02 ON b_01;
  a_03 ON b_02;
  a_04 ON b_03;
  a_05 ON b_04;
  a_06 ON b_05;
  b_02 ON a_01;
  b_03 ON a_02;
  b_04 ON a_03;
  b_05 ON a_04;
  b_06 ON a_05;
  ia;
  sa;
  ib;
  sb@0;
  ia with sa;
  ib with sb;
  ia with a_01;
  sa with a_01;
  ib with b_01;
  sb with b_01;
  ia with ib;
  sa with sb;
  a_01 with a_02;
  ! Time specific correlations
  [a_02@0 a_03@0 a_04@0 a_05@0 a_06@0];
  [b_02@0 b_03@0 b_04@0 b_05@0 b_06@0];
  [ia];
  [ib];
  [sa];
  [sb];
  [a_01];
  [b_01];
  	
  OUTPUT: SAMPSTAT MODINDICES (3.0); TECH1; TECH4;



*** WARNING in OUTPUT command
  TECH4 option for TYPE=RANDOM requires ALGORITHM=INTEGRATION.
  Request for TECH4 is ignored.
   1 WARNING(S) FOUND IN THE INPUT INSTRUCTIONS




9b - Predetermined ALT, fixed soc slope, no-time-correlations

SUMMARY OF ANALYSIS

Number of groups                                                 1
Number of observations                                        5952

Number of dependent variables                                   10
Number of independent variables                                  2
Number of continuous latent variables                            4

Observed dependent variables

  Continuous
   A_02        A_03        A_04        A_05        A_06        B_02
   B_03        B_04        B_05        B_06

Observed independent variables
   A_01        B_01

Continuous latent variables
   IA          SA          IB          SB

Variables with special functions

  Cluster variable      HHID

Estimator                                                      MLR
Information matrix                                        OBSERVED
Maximum number of iterations                                   100
Convergence criterion                                    0.100D-05
Maximum number of EM iterations                                500
Convergence criteria for the EM algorithm
  Loglikelihood change                                   0.100D-02
  Relative loglikelihood change                          0.100D-05
  Derivative                                             0.100D-03
Minimum variance                                         0.100D-03
Maximum number of steepest descent iterations                   20
Maximum number of iterations for H1                          10000
Convergence criterion for H1                             0.100D-03
Optimization algorithm                                         EMA

Input data file(s)
  wide-dataset-b.dat
Input data format  FREE


SUMMARY OF DATA

     Number of missing data patterns           262
     Number of clusters        4882



SAMPLE STATISTICS


     ESTIMATED SAMPLE STATISTICS


           Means
              A_02          A_03          A_04          A_05          A_06
              ________      ________      ________      ________      ________
 1              8.506         8.438         8.051         8.027         7.859


           Means
              B_02          B_03          B_04          B_05          B_06
              ________      ________      ________      ________      ________
 1             29.536        29.576        29.183        28.610        27.858


           Means
              A_01          B_01
              ________      ________
 1              8.517        30.317


           Covariances
              A_02          A_03          A_04          A_05          A_06
              ________      ________      ________      ________      ________
 A_02           0.660
 A_03           0.351         0.789
 A_04           0.385         0.457         1.240
 A_05           0.400         0.495         0.785         1.444
 A_06           0.427         0.521         0.846         1.066         1.945
 B_02           0.530         0.906         1.020         1.251         1.060
 B_03           0.673         0.937         1.440         1.569         1.582
 B_04           0.741         1.024         1.260         1.441         1.387
 B_05           0.816         0.983         1.819         2.028         2.270
 B_06           1.064         1.256         1.454         2.055         2.522
 A_01           0.329         0.343         0.366         0.393         0.400
 B_01           0.364         0.892         1.089         0.793         0.918


           Covariances
              B_02          B_03          B_04          B_05          B_06
              ________      ________      ________      ________      ________
 B_02          66.378
 B_03          37.475        74.359
 B_04          41.274        41.168        72.255
 B_05          29.047        45.940        33.571        79.238
 B_06          38.241        43.948        46.429        34.372        78.524
 A_01           0.601         0.754         0.769         0.756         0.701
 B_01          34.123        38.622        33.365        39.299        36.515


           Covariances
              A_01          B_01
              ________      ________
 A_01           0.632
 B_01           0.400        70.852


           Correlations
              A_02          A_03          A_04          A_05          A_06
              ________      ________      ________      ________      ________
 A_02           1.000
 A_03           0.487         1.000
 A_04           0.426         0.462         1.000
 A_05           0.410         0.464         0.587         1.000
 A_06           0.377         0.421         0.545         0.636         1.000
 B_02           0.080         0.125         0.112         0.128         0.093
 B_03           0.096         0.122         0.150         0.151         0.132
 B_04           0.107         0.136         0.133         0.141         0.117
 B_05           0.113         0.124         0.184         0.190         0.183
 B_06           0.148         0.160         0.147         0.193         0.204
 A_01           0.510         0.486         0.414         0.411         0.361
 B_01           0.053         0.119         0.116         0.078         0.078


           Correlations
              B_02          B_03          B_04          B_05          B_06
              ________      ________      ________      ________      ________
 B_02           1.000
 B_03           0.533         1.000
 B_04           0.596         0.562         1.000
 B_05           0.401         0.598         0.444         1.000
 B_06           0.530         0.575         0.616         0.436         1.000
 A_01           0.093         0.110         0.114         0.107         0.100
 B_01           0.498         0.532         0.466         0.524         0.490


           Correlations
              A_01          B_01
              ________      ________
 A_01           1.000
 B_01           0.060         1.000


     MAXIMUM LOG-LIKELIHOOD VALUE FOR THE UNRESTRICTED (H1) MODEL IS -86386.483


UNIVARIATE SAMPLE STATISTICS


     UNIVARIATE HIGHER-ORDER MOMENT DESCRIPTIVE STATISTICS

         Variable/         Mean/     Skewness/   Minimum/ % with                Percentiles
        Sample Size      Variance    Kurtosis    Maximum  Min/Max      20%/60%    40%/80%    Median

     A_02                  8.511      -2.361       1.000    0.02%       8.000      9.000      9.000
            5688.000       0.654       8.721       9.000   64.64%       9.000      9.000
     A_03                  8.443      -2.238       1.000    0.02%       8.000      9.000      9.000
            5784.000       0.783       7.416       9.000   61.91%       9.000      9.000
     A_04                  8.065      -1.739       0.000    0.02%       7.000      8.000      8.000
            5680.000       1.209       4.575       9.000   41.95%       9.000      9.000
     A_05                  8.085      -1.899       0.000    0.04%       7.000      8.000      8.000
            5132.000       1.350       5.356       9.000   45.93%       9.000      9.000
     A_06                  7.967      -2.016       0.000    0.07%       7.000      8.000      8.000
            4423.000       1.750       5.505       9.000   43.55%       9.000      9.000
     B_02                 29.599      -0.258       3.000    0.07%      23.000     28.000     30.000
            2788.000      66.183       0.159      54.000    0.18%      32.000     36.000
     B_03                 29.608      -0.254       2.000    0.04%      23.000     28.000     30.000
            2739.000      73.864       0.073      54.000    0.18%      32.000     37.000
     B_04                 29.406      -0.205       4.000    0.19%      22.000     28.000     30.000
            2647.000      71.988      -0.061      54.000    0.04%      32.000     36.000
     B_05                 28.986      -0.189       3.000    0.04%      22.000     27.000     29.000
            2240.000      77.040      -0.099      54.000    0.13%      32.000     36.000
     B_06                 28.653      -0.229       3.000    0.05%      22.000     27.000     29.000
            2036.000      76.540      -0.202      54.000    0.05%      31.000     36.000
     A_01                  8.527      -2.114       2.000    0.02%       8.000      9.000      9.000
            5486.000       0.624       5.952       9.000   66.11%       9.000      9.000
     B_01                 30.562      -0.258       3.000    0.09%      24.000     29.000     31.000
            1057.000      70.074       0.149      53.000    0.09%      33.000     37.000


THE MODEL ESTIMATION TERMINATED NORMALLY

     WARNING:  THE LATENT VARIABLE COVARIANCE MATRIX (PSI) IS NOT POSITIVE
     DEFINITE.  THIS COULD INDICATE A NEGATIVE VARIANCE/RESIDUAL VARIANCE FOR A
     LATENT VARIABLE, A CORRELATION GREATER OR EQUAL TO ONE BETWEEN TWO LATENT
     VARIABLES, OR A LINEAR DEPENDENCY AMONG MORE THAN TWO LATENT VARIABLES.
     CHECK THE TECH4 OUTPUT FOR MORE INFORMATION.



MODEL FIT INFORMATION

Number of Free Parameters                       50

Loglikelihood

          H0 Value                      -86474.792
          H0 Scaling Correction Factor      1.6220
            for MLR
          H1 Value                      -86386.483
          H1 Scaling Correction Factor      1.4040
            for MLR

Information Criteria

          Akaike (AIC)                  173049.584
          Bayesian (BIC)                173384.158
          Sample-Size Adjusted BIC      173225.272
            (n* = (n + 2) / 24)

Chi-Square Test of Model Fit

          Value                            156.105*
          Degrees of Freedom                    40
          P-Value                           0.0000
          Scaling Correction Factor         1.1314
            for MLR

*   The chi-square value for MLM, MLMV, MLR, ULSMV, WLSM and WLSMV cannot be used
    for chi-square difference testing in the regular way.  MLM, MLR and WLSM
    chi-square difference testing is described on the Mplus website.  MLMV, WLSMV,
    and ULSMV difference testing is done using the DIFFTEST option.

RMSEA (Root Mean Square Error Of Approximation)

          Estimate                           0.022

CFI/TLI

          CFI                                0.989
          TLI                                0.982

Chi-Square Test of Model Fit for the Baseline Model

          Value                          10831.624
          Degrees of Freedom                    66
          P-Value                           0.0000

SRMR (Standardized Root Mean Square Residual)

          Value                              0.080



MODEL RESULTS

                                                    Two-Tailed
                    Estimate       S.E.  Est./S.E.    P-Value

 IA       BY
    A_02               1.000      0.000    999.000    999.000
    A_03               1.000      0.000    999.000    999.000
    A_04               1.000      0.000    999.000    999.000
    A_05               1.000      0.000    999.000    999.000
    A_06               1.000      0.000    999.000    999.000

 SA       BY
    A_02               0.000      0.000    999.000    999.000
    A_03               2.000      0.000    999.000    999.000
    A_04               4.000      0.000    999.000    999.000
    A_05               6.000      0.000    999.000    999.000
    A_06               8.000      0.000    999.000    999.000

 IB       BY
    B_02               1.000      0.000    999.000    999.000
    B_03               1.000      0.000    999.000    999.000
    B_04               1.000      0.000    999.000    999.000
    B_05               1.000      0.000    999.000    999.000
    B_06               1.000      0.000    999.000    999.000

 SB       BY
    B_02               0.000      0.000    999.000    999.000
    B_03               2.000      0.000    999.000    999.000
    B_04               4.000      0.000    999.000    999.000
    B_05               6.000      0.000    999.000    999.000
    B_06               8.000      0.000    999.000    999.000

 A_02       ON
    A_01               0.019      0.069      0.268      0.788
    B_01               0.000      0.002     -0.030      0.976

 A_03       ON
    A_02               0.051      0.043      1.190      0.234
    B_02               0.005      0.002      2.339      0.019

 A_04       ON
    A_03               0.059      0.025      2.373      0.018
    B_03               0.006      0.002      2.773      0.006

 A_05       ON
    A_04               0.134      0.033      4.028      0.000
    B_04               0.002      0.003      0.807      0.420

 A_06       ON
    A_05               0.170      0.058      2.906      0.004
    B_05               0.003      0.003      1.210      0.226

 B_02       ON
    B_01              -0.094      0.164     -0.576      0.565
    A_01               0.299      0.229      1.308      0.191

 B_03       ON
    B_02              -0.208      0.179     -1.159      0.247
    A_02               0.284      0.182      1.560      0.119

 B_04       ON
    B_03              -0.403      0.115     -3.500      0.000
    A_03               0.516      0.133      3.877      0.000

 B_05       ON
    B_04              -0.530      0.066     -8.064      0.000
    A_04               0.489      0.143      3.416      0.001

 B_06       ON
    B_05              -0.687      0.099     -6.971      0.000
    A_05               0.496      0.222      2.231      0.026

 IA       WITH
    SA                 0.003      0.007      0.462      0.644
    A_01               0.331      0.029     11.279      0.000
    IB                 0.277      0.118      2.355      0.019

 IB       WITH
    SB                 2.252      1.215      1.853      0.064
    B_01              40.026     11.018      3.633      0.000

 SA       WITH
    A_01               0.000      0.006     -0.009      0.993
    SB                 0.021      0.006      3.825      0.000

 SB       WITH
    B_01               2.638      1.749      1.508      0.132

 A_01     WITH
    A_02              -0.019      0.029     -0.647      0.518

 Means
    A_01               8.517      0.011    762.422      0.000
    B_01              30.367      0.235    129.463      0.000
    IA                 8.351      0.591     14.132      0.000
    SA                -0.244      0.122     -2.004      0.045
    IB                29.861      6.395      4.670      0.000
    SB                 1.721      1.041      1.653      0.098

 Intercepts
    A_02               0.000      0.000    999.000    999.000
    A_03               0.000      0.000    999.000    999.000
    A_04               0.000      0.000    999.000    999.000
    A_05               0.000      0.000    999.000    999.000
    A_06               0.000      0.000    999.000    999.000
    B_02               0.000      0.000    999.000    999.000
    B_03               0.000      0.000    999.000    999.000
    B_04               0.000      0.000    999.000    999.000
    B_05               0.000      0.000    999.000    999.000
    B_06               0.000      0.000    999.000    999.000

 Variances
    A_01               0.632      0.024     25.830      0.000
    B_01              70.784      3.078     22.998      0.000
    IA                 0.308      0.064      4.809      0.000
    SA                 0.008      0.001      5.798      0.000
    IB                51.694     14.491      3.567      0.000
    SB                 0.000      0.000    999.000    999.000

 Residual Variances
    A_02               0.331      0.023     14.440      0.000
    A_03               0.424      0.023     18.753      0.000
    A_04               0.664      0.029     23.090      0.000
    A_05               0.611      0.041     14.872      0.000
    A_06               0.754      0.047     15.946      0.000
    B_02              21.389      7.873      2.717      0.007
    B_03              31.817      6.966      4.567      0.000
    B_04              33.264      4.134      8.046      0.000
    B_05              32.410      2.406     13.472      0.000
    B_06              27.256      3.117      8.745      0.000


QUALITY OF NUMERICAL RESULTS

     Condition Number for the Information Matrix              0.358E-06
       (ratio of smallest to largest eigenvalue)


MODEL MODIFICATION INDICES

NOTE:  Modification indices for direct effects of observed dependent variables
regressed on covariates may not be included.  To include these, request
MODINDICES (ALL).

Minimum M.I. value for printing the modification index     3.000

                                   M.I.     E.P.C.


ON/BY Statements

A_02     ON SA       /
SA       BY A_02                  18.017     1.373
A_03     ON SA       /
SA       BY A_03                  32.912    -1.180
A_03     ON SB       /
SB       BY A_03                   3.758    -0.140
A_04     ON SA       /
SA       BY A_04                  25.726     1.233
A_04     ON SB       /
SB       BY A_04                  14.697     0.306
A_05     ON IA       /
IA       BY A_05                   4.231    -0.045
A_05     ON IB       /
IB       BY A_05                   8.930     0.012
A_06     ON IA       /
IA       BY A_06                   5.933     0.097
B_02     ON SA       /
SA       BY B_02                   3.066     4.890
B_02     ON IB       /
IB       BY B_02                   3.099    -0.344
B_02     ON SB       /
SB       BY B_02                   4.059     2.259
B_03     ON IA       /
IA       BY B_03                   6.055     0.996
B_03     ON SA       /
SA       BY B_03                   3.689     4.671
B_03     ON SB       /
SB       BY B_03                   3.735     1.763
B_04     ON IA       /
IA       BY B_04                   3.783     0.550
B_04     ON SA       /
SA       BY B_04                   3.040    -3.447
B_04     ON SB       /
SB       BY B_04                   4.845    -2.020
A_01     ON IA       /
IA       BY A_01                  48.385     3.153
A_01     ON SA       /
SA       BY A_01                   9.269     2.689
A_01     ON IB       /
IB       BY A_01                  34.591     0.012
A_01     ON SB       /
SB       BY A_01                  23.064     0.222
B_01     ON IB       /
IB       BY B_01                   6.563     1.536
IA       ON SA       /
SA       BY IA                     4.878     1.833
IA       ON IB       /
IB       BY IA                    12.785     0.014
IA       ON SB       /
SB       BY IA                     6.536     0.161
SA       ON IA       /
IA       BY SA                     7.100     0.239
SA       ON IB       /
IB       BY SA                    13.308     0.002
SA       ON SB       /
SB       BY SA                    12.946     0.039
IB       ON IA       /
IA       BY IB                    49.897     2.676
IB       ON SA       /
SA       BY IB                     7.051     8.480
IB       ON SB       /
SB       BY IB                     7.095     3.131
SB       ON IA       /
IA       BY SB                    34.351     0.371
SB       ON SA       /
SA       BY SB                     7.649    11.876
SB       ON IB       /
IB       BY SB                     8.108     0.132

ON Statements

IA       ON A_02                   7.503     0.145
IA       ON A_03                  30.011    -0.162
IA       ON A_04                  11.509     0.042
IA       ON B_02                   6.040     0.010
IA       ON B_03                   3.523     0.004
IA       ON B_06                   5.354     0.004
IA       ON A_01                   7.562    -2.585
IA       ON B_01                  11.170     0.008
SA       ON A_02                  12.204     0.037
SA       ON A_03                  22.645    -0.022
SA       ON A_04                  39.646     0.025
SA       ON B_02                  11.901     0.001
SA       ON B_03                  12.494     0.001
SA       ON B_05                  12.423     0.001
SA       ON A_01                  10.003    -0.588
SA       ON B_01                  10.150     0.002
IB       ON A_02                  21.126     1.384
IB       ON A_03                  22.210     1.440
IB       ON A_04                  20.517     0.958
IB       ON A_05                  49.414     1.138
IB       ON A_06                  20.547     0.671
IB       ON B_02                   4.517     0.630
IB       ON B_04                   3.937     0.170
IB       ON A_01                  48.754     1.388
SB       ON A_02                  33.076     0.214
SB       ON A_03                   6.207     0.081
SB       ON A_04                   5.904     0.073
SB       ON A_05                  15.318     0.162
SB       ON A_06                  31.893     0.216
SB       ON B_02                   5.109     0.084
SB       ON B_06                   3.419     0.030
SB       ON A_01                  26.916     0.191
SB       ON B_01                   4.949     0.160
A_02     ON A_04                  14.916     0.086
A_02     ON A_06                   7.972     0.047
A_02     ON B_02                   3.735    -0.006
A_02     ON B_03                   3.892    -0.006
A_02     ON B_06                   3.378     0.004
A_03     ON A_04                   5.980    -0.030
A_03     ON A_05                   6.747    -0.036
A_03     ON A_06                  22.347    -0.053
A_03     ON B_01                   3.031     0.005
A_04     ON A_02                   4.091     0.049
A_04     ON A_04                   9.433     0.093
A_04     ON A_05                  12.458     0.051
A_04     ON A_06                  36.083     0.092
A_05     ON A_02                   3.614    -0.031
A_05     ON A_03                   4.285    -0.042
A_05     ON A_05                   8.507    -0.091
A_05     ON A_06                  12.349    -0.067
A_05     ON B_02                  11.882     0.010
A_05     ON B_03                   6.239     0.006
A_05     ON B_05                  12.082     0.008
A_05     ON B_06                   4.878    -0.009
A_06     ON A_02                  10.843     0.124
A_06     ON A_04                  41.327     0.214
A_06     ON A_06                   9.819     0.303
A_06     ON B_06                   5.359     0.007
B_02     ON A_02                   4.730    -0.516
B_02     ON A_05                   6.358     0.407
B_02     ON B_02                   3.098    -0.344
B_03     ON A_03                   3.311     0.410
B_03     ON A_05                   8.799     0.431
B_03     ON A_06                   5.417     0.297
B_03     ON A_01                   7.138     0.560
B_04     ON A_02                   3.710     0.354
B_04     ON A_01                   5.569     0.407
B_05     ON A_05                   4.588     0.375
B_05     ON B_02                   3.147     0.190
B_05     ON B_05                   4.537     0.407
B_05     ON B_06                   6.112     0.525
B_06     ON A_02                   8.041     0.550
B_06     ON A_06                  14.531     0.690
A_01     ON A_02                  48.375     3.184
A_01     ON A_03                   3.647     0.064
A_01     ON B_02                  38.879     0.014
A_01     ON B_03                  27.923     0.009
A_01     ON B_04                  21.140     0.008
A_01     ON B_05                  15.321     0.006
A_01     ON B_06                  10.162     0.005
A_01     ON B_01                  15.400     0.007
B_01     ON A_03                   3.729     0.498
B_01     ON A_04                   3.704     0.414
B_01     ON B_02                   5.843     0.677

WITH Statements

IB       WITH SA                   7.096     0.066
SB       WITH IA                   4.878     0.039
A_02     WITH IA                   7.533     0.048
A_02     WITH SA                  10.013     0.011
A_02     WITH SB                  13.810     0.073
A_03     WITH IA                  32.703    -0.071
A_03     WITH SA                  26.195    -0.010
A_03     WITH IB                  10.712    -0.797
A_04     WITH IA                  10.937     0.027
A_04     WITH SA                  36.374     0.016
A_04     WITH A_02                 6.856     0.036
A_04     WITH A_03                 3.101    -0.021
A_05     WITH IB                  18.172     0.659
A_05     WITH A_04                 5.946     0.042
A_06     WITH A_03                 9.560    -0.040
A_06     WITH A_04                25.938     0.117
A_06     WITH A_05                19.738    -0.184
B_02     WITH SA                   4.046     0.048
B_02     WITH A_02                 5.551    -0.235
B_02     WITH A_05                 8.291     0.393
B_03     WITH SA                   4.448     0.045
B_03     WITH A_02                 5.773    -0.324
B_03     WITH A_05                 3.996     0.286
B_04     WITH SA                   3.904    -0.039
B_04     WITH A_05                 4.557    -0.375
B_05     WITH A_05                 7.718     0.408
B_05     WITH A_06                 6.675    -0.506
B_06     WITH IA                   7.636     0.277
B_06     WITH SB                   3.076     2.619
B_06     WITH A_02                 8.485     0.317
B_06     WITH A_05                11.019    -0.775
B_06     WITH A_06                 9.911     0.612
A_01     WITH IB                  48.341     0.874
A_01     WITH SB                   9.270     0.057
A_01     WITH B_03                 4.887     0.219
A_01     WITH B_04                 4.613     0.199
B_01     WITH IA                   6.536     0.425

Variances/Residual Variances

SB                                 4.960     0.845

Means/Intercepts/Thresholds

[ A_02     ]                       7.531    -1.238
[ A_03     ]                      23.325     1.255
[ A_05     ]                       3.493    -0.257
[ A_06     ]                       4.508     0.450


TECHNICAL 1 OUTPUT


     PARAMETER SPECIFICATION


           NU
              A_02          A_03          A_04          A_05          A_06
              ________      ________      ________      ________      ________
 1                  0             0             0             0             0


           NU
              B_02          B_03          B_04          B_05          B_06
              ________      ________      ________      ________      ________
 1                  0             0             0             0             0


           NU
              A_01          B_01
              ________      ________
 1                  0             0


           LAMBDA
              IA            SA            IB            SB            A_02
              ________      ________      ________      ________      ________
 A_02               0             0             0             0             0
 A_03               0             0             0             0             0
 A_04               0             0             0             0             0
 A_05               0             0             0             0             0
 A_06               0             0             0             0             0
 B_02               0             0             0             0             0
 B_03               0             0             0             0             0
 B_04               0             0             0             0             0
 B_05               0             0             0             0             0
 B_06               0             0             0             0             0
 A_01               0             0             0             0             0
 B_01               0             0             0             0             0


           LAMBDA
              A_03          A_04          A_05          A_06          B_02
              ________      ________      ________      ________      ________
 A_02               0             0             0             0             0
 A_03               0             0             0             0             0
 A_04               0             0             0             0             0
 A_05               0             0             0             0             0
 A_06               0             0             0             0             0
 B_02               0             0             0             0             0
 B_03               0             0             0             0             0
 B_04               0             0             0             0             0
 B_05               0             0             0             0             0
 B_06               0             0             0             0             0
 A_01               0             0             0             0             0
 B_01               0             0             0             0             0


           LAMBDA
              B_03          B_04          B_05          B_06          A_01
              ________      ________      ________      ________      ________
 A_02               0             0             0             0             0
 A_03               0             0             0             0             0
 A_04               0             0             0             0             0
 A_05               0             0             0             0             0
 A_06               0             0             0             0             0
 B_02               0             0             0             0             0
 B_03               0             0             0             0             0
 B_04               0             0             0             0             0
 B_05               0             0             0             0             0
 B_06               0             0             0             0             0
 A_01               0             0             0             0             0
 B_01               0             0             0             0             0


           LAMBDA
              B_01
              ________
 A_02               0
 A_03               0
 A_04               0
 A_05               0
 A_06               0
 B_02               0
 B_03               0
 B_04               0
 B_05               0
 B_06               0
 A_01               0
 B_01               0


           THETA
              A_02          A_03          A_04          A_05          A_06
              ________      ________      ________      ________      ________
 A_02               0
 A_03               0             0
 A_04               0             0             0
 A_05               0             0             0             0
 A_06               0             0             0             0             0
 B_02               0             0             0             0             0
 B_03               0             0             0             0             0
 B_04               0             0             0             0             0
 B_05               0             0             0             0             0
 B_06               0             0             0             0             0
 A_01               0             0             0             0             0
 B_01               0             0             0             0             0


           THETA
              B_02          B_03          B_04          B_05          B_06
              ________      ________      ________      ________      ________
 B_02               0
 B_03               0             0
 B_04               0             0             0
 B_05               0             0             0             0
 B_06               0             0             0             0             0
 A_01               0             0             0             0             0
 B_01               0             0             0             0             0


           THETA
              A_01          B_01
              ________      ________
 A_01               0
 B_01               0             0


           ALPHA
              IA            SA            IB            SB            A_02
              ________      ________      ________      ________      ________
 1                  1             2             3             4             0


           ALPHA
              A_03          A_04          A_05          A_06          B_02
              ________      ________      ________      ________      ________
 1                  0             0             0             0             0


           ALPHA
              B_03          B_04          B_05          B_06          A_01
              ________      ________      ________      ________      ________
 1                  0             0             0             0             5


           ALPHA
              B_01
              ________
 1                  6


           BETA
              IA            SA            IB            SB            A_02
              ________      ________      ________      ________      ________
 IA                 0             0             0             0             0
 SA                 0             0             0             0             0
 IB                 0             0             0             0             0
 SB                 0             0             0             0             0
 A_02               0             0             0             0             0
 A_03               0             0             0             0             9
 A_04               0             0             0             0             0
 A_05               0             0             0             0             0
 A_06               0             0             0             0             0
 B_02               0             0             0             0             0
 B_03               0             0             0             0            19
 B_04               0             0             0             0             0
 B_05               0             0             0             0             0
 B_06               0             0             0             0             0
 A_01               0             0             0             0             0
 B_01               0             0             0             0             0


           BETA
              A_03          A_04          A_05          A_06          B_02
              ________      ________      ________      ________      ________
 IA                 0             0             0             0             0
 SA                 0             0             0             0             0
 IB                 0             0             0             0             0
 SB                 0             0             0             0             0
 A_02               0             0             0             0             0
 A_03               0             0             0             0            10
 A_04              11             0             0             0             0
 A_05               0            13             0             0             0
 A_06               0             0            15             0             0
 B_02               0             0             0             0             0
 B_03               0             0             0             0            20
 B_04              21             0             0             0             0
 B_05               0            23             0             0             0
 B_06               0             0            25             0             0
 A_01               0             0             0             0             0
 B_01               0             0             0             0             0


           BETA
              B_03          B_04          B_05          B_06          A_01
              ________      ________      ________      ________      ________
 IA                 0             0             0             0             0
 SA                 0             0             0             0             0
 IB                 0             0             0             0             0
 SB                 0             0             0             0             0
 A_02               0             0             0             0             7
 A_03               0             0             0             0             0
 A_04              12             0             0             0             0
 A_05               0            14             0             0             0
 A_06               0             0            16             0             0
 B_02               0             0             0             0            17
 B_03               0             0             0             0             0
 B_04              22             0             0             0             0
 B_05               0            24             0             0             0
 B_06               0             0            26             0             0
 A_01               0             0             0             0             0
 B_01               0             0             0             0             0


           BETA
              B_01
              ________
 IA                 0
 SA                 0
 IB                 0
 SB                 0
 A_02               8
 A_03               0
 A_04               0
 A_05               0
 A_06               0
 B_02              18
 B_03               0
 B_04               0
 B_05               0
 B_06               0
 A_01               0
 B_01               0


           PSI
              IA            SA            IB            SB            A_02
              ________      ________      ________      ________      ________
 IA                27
 SA                28            29
 IB                30             0            31
 SB                 0            32            33             0
 A_02               0             0             0             0            34
 A_03               0             0             0             0             0
 A_04               0             0             0             0             0
 A_05               0             0             0             0             0
 A_06               0             0             0             0             0
 B_02               0             0             0             0             0
 B_03               0             0             0             0             0
 B_04               0             0             0             0             0
 B_05               0             0             0             0             0
 B_06               0             0             0             0             0
 A_01              44            45             0             0            46
 B_01               0             0            48            49             0


           PSI
              A_03          A_04          A_05          A_06          B_02
              ________      ________      ________      ________      ________
 A_03              35
 A_04               0            36
 A_05               0             0            37
 A_06               0             0             0            38
 B_02               0             0             0             0            39
 B_03               0             0             0             0             0
 B_04               0             0             0             0             0
 B_05               0             0             0             0             0
 B_06               0             0             0             0             0
 A_01               0             0             0             0             0
 B_01               0             0             0             0             0


           PSI
              B_03          B_04          B_05          B_06          A_01
              ________      ________      ________      ________      ________
 B_03              40
 B_04               0            41
 B_05               0             0            42
 B_06               0             0             0            43
 A_01               0             0             0             0            47
 B_01               0             0             0             0             0


           PSI
              B_01
              ________
 B_01              50


     STARTING VALUES


           NU
              A_02          A_03          A_04          A_05          A_06
              ________      ________      ________      ________      ________
 1              0.000         0.000         0.000         0.000         0.000


           NU
              B_02          B_03          B_04          B_05          B_06
              ________      ________      ________      ________      ________
 1              0.000         0.000         0.000         0.000         0.000


           NU
              A_01          B_01
              ________      ________
 1              0.000         0.000


           LAMBDA
              IA            SA            IB            SB            A_02
              ________      ________      ________      ________      ________
 A_02           0.000         0.000         0.000         0.000         1.000
 A_03           0.000         0.000         0.000         0.000         0.000
 A_04           0.000         0.000         0.000         0.000         0.000
 A_05           0.000         0.000         0.000         0.000         0.000
 A_06           0.000         0.000         0.000         0.000         0.000
 B_02           0.000         0.000         0.000         0.000         0.000
 B_03           0.000         0.000         0.000         0.000         0.000
 B_04           0.000         0.000         0.000         0.000         0.000
 B_05           0.000         0.000         0.000         0.000         0.000
 B_06           0.000         0.000         0.000         0.000         0.000
 A_01           0.000         0.000         0.000         0.000         0.000
 B_01           0.000         0.000         0.000         0.000         0.000


           LAMBDA
              A_03          A_04          A_05          A_06          B_02
              ________      ________      ________      ________      ________
 A_02           0.000         0.000         0.000         0.000         0.000
 A_03           1.000         0.000         0.000         0.000         0.000
 A_04           0.000         1.000         0.000         0.000         0.000
 A_05           0.000         0.000         1.000         0.000         0.000
 A_06           0.000         0.000         0.000         1.000         0.000
 B_02           0.000         0.000         0.000         0.000         1.000
 B_03           0.000         0.000         0.000         0.000         0.000
 B_04           0.000         0.000         0.000         0.000         0.000
 B_05           0.000         0.000         0.000         0.000         0.000
 B_06           0.000         0.000         0.000         0.000         0.000
 A_01           0.000         0.000         0.000         0.000         0.000
 B_01           0.000         0.000         0.000         0.000         0.000


           LAMBDA
              B_03          B_04          B_05          B_06          A_01
              ________      ________      ________      ________      ________
 A_02           0.000         0.000         0.000         0.000         0.000
 A_03           0.000         0.000         0.000         0.000         0.000
 A_04           0.000         0.000         0.000         0.000         0.000
 A_05           0.000         0.000         0.000         0.000         0.000
 A_06           0.000         0.000         0.000         0.000         0.000
 B_02           0.000         0.000         0.000         0.000         0.000
 B_03           1.000         0.000         0.000         0.000         0.000
 B_04           0.000         1.000         0.000         0.000         0.000
 B_05           0.000         0.000         1.000         0.000         0.000
 B_06           0.000         0.000         0.000         1.000         0.000
 A_01           0.000         0.000         0.000         0.000         1.000
 B_01           0.000         0.000         0.000         0.000         0.000


           LAMBDA
              B_01
              ________
 A_02           0.000
 A_03           0.000
 A_04           0.000
 A_05           0.000
 A_06           0.000
 B_02           0.000
 B_03           0.000
 B_04           0.000
 B_05           0.000
 B_06           0.000
 A_01           0.000
 B_01           1.000


           THETA
              A_02          A_03          A_04          A_05          A_06
              ________      ________      ________      ________      ________
 A_02           0.000
 A_03           0.000         0.000
 A_04           0.000         0.000         0.000
 A_05           0.000         0.000         0.000         0.000
 A_06           0.000         0.000         0.000         0.000         0.000
 B_02           0.000         0.000         0.000         0.000         0.000
 B_03           0.000         0.000         0.000         0.000         0.000
 B_04           0.000         0.000         0.000         0.000         0.000
 B_05           0.000         0.000         0.000         0.000         0.000
 B_06           0.000         0.000         0.000         0.000         0.000
 A_01           0.000         0.000         0.000         0.000         0.000
 B_01           0.000         0.000         0.000         0.000         0.000


           THETA
              B_02          B_03          B_04          B_05          B_06
              ________      ________      ________      ________      ________
 B_02           0.000
 B_03           0.000         0.000
 B_04           0.000         0.000         0.000
 B_05           0.000         0.000         0.000         0.000
 B_06           0.000         0.000         0.000         0.000         0.000
 A_01           0.000         0.000         0.000         0.000         0.000
 B_01           0.000         0.000         0.000         0.000         0.000


           THETA
              A_01          B_01
              ________      ________
 A_01           0.000
 B_01           0.000         0.000


           ALPHA
              IA            SA            IB            SB            A_02
              ________      ________      ________      ________      ________
 1              0.000         0.000         0.000         0.000         0.000


           ALPHA
              A_03          A_04          A_05          A_06          B_02
              ________      ________      ________      ________      ________
 1              0.000         0.000         0.000         0.000         0.000


           ALPHA
              B_03          B_04          B_05          B_06          A_01
              ________      ________      ________      ________      ________
 1              0.000         0.000         0.000         0.000         0.000


           ALPHA
              B_01
              ________
 1              0.000


           BETA
              IA            SA            IB            SB            A_02
              ________      ________      ________      ________      ________
 IA             0.000         0.000         0.000         0.000         0.000
 SA             0.000         0.000         0.000         0.000         0.000
 IB             0.000         0.000         0.000         0.000         0.000
 SB             0.000         0.000         0.000         0.000         0.000
 A_02           1.000         0.000         0.000         0.000         0.000
 A_03           1.000         2.000         0.000         0.000         0.000
 A_04           1.000         4.000         0.000         0.000         0.000
 A_05           1.000         6.000         0.000         0.000         0.000
 A_06           1.000         8.000         0.000         0.000         0.000
 B_02           0.000         0.000         1.000         0.000         0.000
 B_03           0.000         0.000         1.000         2.000         0.000
 B_04           0.000         0.000         1.000         4.000         0.000
 B_05           0.000         0.000         1.000         6.000         0.000
 B_06           0.000         0.000         1.000         8.000         0.000
 A_01           0.000         0.000         0.000         0.000         0.000
 B_01           0.000         0.000         0.000         0.000         0.000


           BETA
              A_03          A_04          A_05          A_06          B_02
              ________      ________      ________      ________      ________
 IA             0.000         0.000         0.000         0.000         0.000
 SA             0.000         0.000         0.000         0.000         0.000
 IB             0.000         0.000         0.000         0.000         0.000
 SB             0.000         0.000         0.000         0.000         0.000
 A_02           0.000         0.000         0.000         0.000         0.000
 A_03           0.000         0.000         0.000         0.000         0.000
 A_04           0.000         0.000         0.000         0.000         0.000
 A_05           0.000         0.000         0.000         0.000         0.000
 A_06           0.000         0.000         0.000         0.000         0.000
 B_02           0.000         0.000         0.000         0.000         0.000
 B_03           0.000         0.000         0.000         0.000         0.000
 B_04           0.000         0.000         0.000         0.000         0.000
 B_05           0.000         0.000         0.000         0.000         0.000
 B_06           0.000         0.000         0.000         0.000         0.000
 A_01           0.000         0.000         0.000         0.000         0.000
 B_01           0.000         0.000         0.000         0.000         0.000


           BETA
              B_03          B_04          B_05          B_06          A_01
              ________      ________      ________      ________      ________
 IA             0.000         0.000         0.000         0.000         0.000
 SA             0.000         0.000         0.000         0.000         0.000
 IB             0.000         0.000         0.000         0.000         0.000
 SB             0.000         0.000         0.000         0.000         0.000
 A_02           0.000         0.000         0.000         0.000         0.000
 A_03           0.000         0.000         0.000         0.000         0.000
 A_04           0.000         0.000         0.000         0.000         0.000
 A_05           0.000         0.000         0.000         0.000         0.000
 A_06           0.000         0.000         0.000         0.000         0.000
 B_02           0.000         0.000         0.000         0.000         0.000
 B_03           0.000         0.000         0.000         0.000         0.000
 B_04           0.000         0.000         0.000         0.000         0.000
 B_05           0.000         0.000         0.000         0.000         0.000
 B_06           0.000         0.000         0.000         0.000         0.000
 A_01           0.000         0.000         0.000         0.000         0.000
 B_01           0.000         0.000         0.000         0.000         0.000


           BETA
              B_01
              ________
 IA             0.000
 SA             0.000
 IB             0.000
 SB             0.000
 A_02           0.000
 A_03           0.000
 A_04           0.000
 A_05           0.000
 A_06           0.000
 B_02           0.000
 B_03           0.000
 B_04           0.000
 B_05           0.000
 B_06           0.000
 A_01           0.000
 B_01           0.000


           PSI
              IA            SA            IB            SB            A_02
              ________      ________      ________      ________      ________
 IA             0.050
 SA             0.000         0.050
 IB             0.000         0.000         0.050
 SB             0.000         0.000         0.000         0.000
 A_02           0.000         0.000         0.000         0.000         0.327
 A_03           0.000         0.000         0.000         0.000         0.000
 A_04           0.000         0.000         0.000         0.000         0.000
 A_05           0.000         0.000         0.000         0.000         0.000
 A_06           0.000         0.000         0.000         0.000         0.000
 B_02           0.000         0.000         0.000         0.000         0.000
 B_03           0.000         0.000         0.000         0.000         0.000
 B_04           0.000         0.000         0.000         0.000         0.000
 B_05           0.000         0.000         0.000         0.000         0.000
 B_06           0.000         0.000         0.000         0.000         0.000
 A_01           0.000         0.000         0.000         0.000         0.000
 B_01           0.000         0.000         0.000         0.000         0.000


           PSI
              A_03          A_04          A_05          A_06          B_02
              ________      ________      ________      ________      ________
 A_03           0.391
 A_04           0.000         0.605
 A_05           0.000         0.000         0.675
 A_06           0.000         0.000         0.000         0.875
 B_02           0.000         0.000         0.000         0.000        33.092
 B_03           0.000         0.000         0.000         0.000         0.000
 B_04           0.000         0.000         0.000         0.000         0.000
 B_05           0.000         0.000         0.000         0.000         0.000
 B_06           0.000         0.000         0.000         0.000         0.000
 A_01           0.000         0.000         0.000         0.000         0.000
 B_01           0.000         0.000         0.000         0.000         0.000


           PSI
              B_03          B_04          B_05          B_06          A_01
              ________      ________      ________      ________      ________
 B_03          36.932
 B_04           0.000        35.994
 B_05           0.000         0.000        38.520
 B_06           0.000         0.000         0.000        38.270
 A_01           0.000         0.000         0.000         0.000         0.312
 B_01           0.000         0.000         0.000         0.000         0.000


           PSI
              B_01
              ________
 B_01          35.037


     Beginning Time:  19:42:30
        Ending Time:  19:47:56
       Elapsed Time:  00:05:26



MUTHEN & MUTHEN
3463 Stoner Ave.
Los Angeles, CA  90066

Tel: (310) 391-9971
Fax: (310) 391-8971
Web: www.StatModel.com
Support: Support@StatModel.com

Copyright (c) 1998-2015 Muthen & Muthen
