Mplus VERSION 7.4 (Mac)
MUTHEN & MUTHEN
06/21/2017   5:17 PM

INPUT INSTRUCTIONS

  TITLE:
  Script produced from the prototype in ./sandbox/syntax-creator/
  DATA:
  File = wide-dataset.dat ;
  VARIABLE:
  NAMES are
   id hhid male birthyr_rand birthmo_rand race_rand hispanic_rand cohort
      raedyrs raedegrm memoryproblems_baseline memory_disease_ever age_baseline
      activity_mean_2004 activity_mean_2006 activity_mean_2008 activity_mean_2010
      activity_mean_2012 activity_mean_2014 activity_sum_2004 activity_sum_2006
      activity_sum_2008 activity_sum_2010 activity_sum_2012 activity_sum_2014
      close_social_network_2004 close_social_network_2006 close_social_network_2008
      close_social_network_2010 close_social_network_2012 close_social_network_2014
      countb20r_2004 countb20r_2006 countb20r_2008 countb20r_2010 countb20r_2012
      countb20r_2014 dep_total_2004 dep_total_2006 dep_total_2008 dep_total_2010
      dep_total_2012 dep_total_2014 exercise_2004 exercise_2006 exercise_2008
      exercise_2010 exercise_2012 exercise_2014 healthcond_2004 healthcond_2006
      healthcond_2008 healthcond_2010 healthcond_2012 healthcond_2014 hhres_2004
      hhres_2006 hhres_2008 hhres_2010 hhres_2012 hhres_2014 hrs_tscore_2004
      hrs_tscore_2006 hrs_tscore_2008 hrs_tscore_2010 hrs_tscore_2012 hrs_tscore_2014
      intage_r_2004 intage_r_2006 intage_r_2008 intage_r_2010 intage_r_2012
      intage_r_2014 interview_date_2004 interview_date_2006 interview_date_2008
      interview_date_2010 interview_date_2012 interview_date_2014 lb_65_wave_2004
      lb_65_wave_2006 lb_65_wave_2008 lb_65_wave_2010 lb_65_wave_2012 lb_65_wave_2014
      lb_wave_2004 lb_wave_2006 lb_wave_2008 lb_wave_2010 lb_wave_2012 lb_wave_2014
      listassi_2004 listassi_2006 listassi_2008 listassi_2010 listassi_2012
      listassi_2014 mentalstatus_tot_2004 mentalstatus_tot_2006 mentalstatus_tot_2008
      mentalstatus_tot_2010 mentalstatus_tot_2012 mentalstatus_tot_2014 proxy_2004
      proxy_2006 proxy_2008 proxy_2010 proxy_2012 proxy_2014 responded_2004
      responded_2006 responded_2008 responded_2010 responded_2012 responded_2014
      rmaritalst_2004 rmaritalst_2006 rmaritalst_2008 rmaritalst_2010 rmaritalst_2012
      rmaritalst_2014 rpartst_2004 rpartst_2006 rpartst_2008 rpartst_2010
      rpartst_2012 rpartst_2014 score_loneliness_11_2004 score_loneliness_11_2006
      score_loneliness_11_2008 score_loneliness_11_2010 score_loneliness_11_2012
      score_loneliness_11_2014 score_loneliness_3_2004 score_loneliness_3_2006
      score_loneliness_3_2008 score_loneliness_3_2010 score_loneliness_3_2012
      score_loneliness_3_2014 shhidpnr_2004 shhidpnr_2006 shhidpnr_2008 shhidpnr_2010
      shhidpnr_2012 shhidpnr_2014 snchild_2004 snchild_2006 snchild_2008 snchild_2010
      snchild_2012 snchild_2014 snfamily_2004 snfamily_2006 snfamily_2008
      snfamily_2010 snfamily_2012 snfamily_2014 snfriends_2004 snfriends_2006
      snfriends_2008 snfriends_2010 snfriends_2012 snfriends_2014 snspouse_2004
      snspouse_2006 snspouse_2008 snspouse_2010 snspouse_2012 snspouse_2014
      social_contact_total_2004 social_contact_total_2006 social_contact_total_2008
      social_contact_total_2010 social_contact_total_2012 social_contact_total_2014
      social_strain_mean_2004 social_strain_mean_2006 social_strain_mean_2008
      social_strain_mean_2010 social_strain_mean_2012 social_strain_mean_2014
      social_support_mean_2004 social_support_mean_2006 social_support_mean_2008
      social_support_mean_2010 social_support_mean_2012 social_support_mean_2014
      socialnetwork_total_2004 socialnetwork_total_2006 socialnetwork_total_2008
      socialnetwork_total_2010 socialnetwork_total_2012 socialnetwork_total_2014
      srmemory_2004 srmemory_2006 srmemory_2008 srmemory_2010 srmemory_2012
      srmemory_2014 srmemoryp_2004 srmemoryp_2006 srmemoryp_2008 srmemoryp_2010
      srmemoryp_2012 srmemoryp_2014 vocab_total_2004 vocab_total_2006 vocab_total_2008
      vocab_total_2010 vocab_total_2012 vocab_total_2014 wrectotd_2004 wrectotd_2006
      wrectotd_2008 wrectotd_2010 wrectotd_2012 wrectotd_2014 wrectoti_2004
      wrectoti_2006 wrectoti_2008 wrectoti_2010 wrectoti_2012 wrectoti_2014
  	;
  Missing are all(9999);
  USEVARIABLES are
  	!define the variables used in the analysis
  	!estimated time points
  a_01
  a_02
  a_03
  a_04
  a_05
  a_06
  	!modelled time points of process (B)
  b_01
  b_02
  b_03
  b_04
  b_05
  b_06
  	! covariates used in the model
  a	;
  SUBPOPULATION are
  	!select a subset of observations
  memoryproblems_baseline EQ 0
  ;
  CLUSTER = hhid;
  DEFINE:
    ! centre baseline age
  a = age_baseline - 69;
  	! assign variables to the process (A)
  a_01=mentalstatus_tot_2004;
  a_02=mentalstatus_tot_2006;
  a_03=mentalstatus_tot_2008;
  a_04=mentalstatus_tot_2010;
  a_05=mentalstatus_tot_2012;
  a_06=mentalstatus_tot_2014;
  	! assign variables to the process (B)
  b_01=social_support_mean_2004;
  b_02=social_support_mean_2006;
  b_03=social_support_mean_2008;
  b_04=social_support_mean_2010;
  b_05=social_support_mean_2012;
  b_06=social_support_mean_2014;
  ANALYSIS:
  TYPE = COMPLEX RANDOM;
  COVERAGE=.00;
  MODEL:
  	!LGM part
  	! assign process (A) to time points
  ia sa | a_01@0
  a_02@2
  a_03@4
  a_04@6
  a_05@8
  a_06@10 ;
  	! assign process (B) to time points
  ib sb | b_01@0
  b_02@2
  b_03@4
  b_04@6
  b_05@8
  b_06@10 ;
  	!correlations between the first measurement points
  a_01 WITH b_01;
  	!autoregressive part
  a_01;
  a_02 ON a_01@0;
  a_03 ON a_02@0;
  a_04 ON a_03@0;
  a_05 ON a_04@0;
  a_06 ON a_05@0;
  b_01;
  b_02 ON b_01@0;
  b_03 ON b_02@0;
  b_04 ON b_03@0;
  b_05 ON b_04@0;
  b_06 ON b_05@0;
  	!Cross lagged part
  a_02 ON b_01@0;
  a_03 ON b_02@0;
  a_04 ON b_03@0;
  a_05 ON b_04@0;
  a_06 ON b_05@0;
  b_02 ON a_01@0;
  b_03 ON a_02@0;
  b_04 ON a_03@0;
  b_05 ON a_04@0;
  b_06 ON a_05@0;
  ! Time specific correlations
  b_02 WITH a_02@0;
  b_03 WITH a_03@0;
  b_04 WITH a_04@0;
  b_05 WITH a_05@0;
  b_06 WITH a_06@0;
  !SAVEDATA:
  !FILE is   %saved_analysis%_fscores.dat;
  !SAVE = FSCORES;
  !RESULTS are   %saved_analysis%_results.dat;
  	
  OUTPUT: SAMPSTAT MODINDICES (3.0); TECH1 TECH2 TECH3;;



*** WARNING in MODEL command
  Variable is uncorrelated with all other variables:  A
*** WARNING in MODEL command
  At least one variable is uncorrelated with all other variables in the model.
  Check that this is what is intended.
   2 WARNING(S) FOUND IN THE INPUT INSTRUCTIONS




Script produced from the prototype in ./sandbox/syntax-creator/

SUMMARY OF ANALYSIS

Number of groups                                                 1
Number of observations                                       11556

Number of dependent variables                                   13
Number of independent variables                                  0
Number of continuous latent variables                            4

Observed dependent variables

  Continuous
   A_01        A_02        A_03        A_04        A_05        A_06
   B_01        B_02        B_03        B_04        B_05        B_06
   A

Continuous latent variables
   IA          SA          IB          SB

Variables with special functions

  Cluster variable      HHID

Estimator                                                      MLR
Information matrix                                        OBSERVED
Maximum number of iterations                                   100
Convergence criterion                                    0.100D-05
Maximum number of EM iterations                                500
Convergence criteria for the EM algorithm
  Loglikelihood change                                   0.100D-02
  Relative loglikelihood change                          0.100D-05
  Derivative                                             0.100D-03
Minimum variance                                         0.100D-03
Maximum number of steepest descent iterations                   20
Maximum number of iterations for H1                           2000
Convergence criterion for H1                             0.100D-03
Optimization algorithm                                         EMA

Input data file(s)
  wide-dataset.dat
Input data format  FREE


SUMMARY OF DATA

     Number of missing data patterns           321
     Number of clusters        8479



SAMPLE STATISTICS


UNIVARIATE SAMPLE STATISTICS


     UNIVARIATE HIGHER-ORDER MOMENT DESCRIPTIVE STATISTICS

         Variable/         Mean/     Skewness/   Minimum/ % with                Percentiles
        Sample Size      Variance    Kurtosis    Maximum  Min/Max      20%/60%    40%/80%    Median

     A_01                  8.467      -2.131       2.000    0.03%       8.000      9.000      9.000
            7207.000       0.745       6.024       9.000   63.52%       9.000      9.000
     A_02                  8.397      -2.555       0.000    0.02%       8.000      9.000      9.000
            8629.000       0.953       9.930       9.000   60.64%       9.000      9.000
     A_03                  8.328      -2.556       0.000    0.02%       8.000      8.000      9.000
            9259.000       1.178       9.014       9.000   58.80%       9.000      9.000
     A_04                  8.045      -2.036       0.000    0.03%       7.000      8.000      8.000
            8802.000       1.405       6.117       9.000   42.60%       9.000      9.000
     A_05                  8.082      -2.164       0.000    0.05%       7.000      8.000      8.000
            8597.000       1.540       6.528       9.000   47.30%       9.000      9.000
     A_06                  8.059      -2.241       0.000    0.06%       7.000      8.000      8.000
            7893.000       1.681       6.717       9.000   47.31%       9.000      9.000
     B_01                  9.771      -0.694       3.333    0.07%       8.500      9.667     10.000
            1347.000       2.438       0.186      12.000    8.17%      10.333     11.250
     B_02                  9.538      -0.592       3.000    0.11%       8.250      9.250      9.667
            4434.000       2.464       0.245      12.000    5.82%      10.000     11.000
     B_03                  9.512      -0.621       3.000    0.14%       8.250      9.250      9.667
            4435.000       2.635       0.384      12.000    6.88%      10.000     11.000
     B_04                  9.504      -0.552       3.000    0.02%       8.250      9.250      9.667
            4159.000       2.475       0.040      12.000    5.65%      10.000     11.000
     B_05                  9.538      -0.622       3.000    0.05%       8.250      9.333      9.667
            3763.000       2.536       0.231      12.000    6.25%      10.000     11.000
     B_06                  9.474      -0.554       3.000    0.13%       8.000      9.250      9.667
            3963.000       2.574       0.092      12.000    5.85%      10.000     11.000
     A                     1.756       1.196      -4.000   21.33%      -4.000     -2.000     -1.000
           11556.000      41.210       0.687      33.000    0.01%       1.000      7.000


THE MODEL ESTIMATION TERMINATED NORMALLY

     THE H1 MODEL ESTIMATION DID NOT CONVERGE.  CHI-SQUARE TEST AND SAMPLE STATISTICS COULD NOT
     BE COMPUTED.  INCREASE THE NUMBER OF H1ITERATIONS.




MODEL FIT INFORMATION

Number of Free Parameters                       29

Loglikelihood

          H0 Value                     -145842.234
          H0 Scaling Correction Factor      2.0205
            for MLR

Information Criteria

          Akaike (AIC)                  291742.467
          Bayesian (BIC)                291955.761
          Sample-Size Adjusted BIC      291863.603
            (n* = (n + 2) / 24)



MODEL RESULTS

                                                    Two-Tailed
                    Estimate       S.E.  Est./S.E.    P-Value

 IA       |
    A_01               1.000      0.000    999.000    999.000
    A_02               1.000      0.000    999.000    999.000
    A_03               1.000      0.000    999.000    999.000
    A_04               1.000      0.000    999.000    999.000
    A_05               1.000      0.000    999.000    999.000
    A_06               1.000      0.000    999.000    999.000

 SA       |
    A_01               0.000      0.000    999.000    999.000
    A_02               2.000      0.000    999.000    999.000
    A_03               4.000      0.000    999.000    999.000
    A_04               6.000      0.000    999.000    999.000
    A_05               8.000      0.000    999.000    999.000
    A_06              10.000      0.000    999.000    999.000

 IB       |
    B_01               1.000      0.000    999.000    999.000
    B_02               1.000      0.000    999.000    999.000
    B_03               1.000      0.000    999.000    999.000
    B_04               1.000      0.000    999.000    999.000
    B_05               1.000      0.000    999.000    999.000
    B_06               1.000      0.000    999.000    999.000

 SB       |
    B_01               0.000      0.000    999.000    999.000
    B_02               2.000      0.000    999.000    999.000
    B_03               4.000      0.000    999.000    999.000
    B_04               6.000      0.000    999.000    999.000
    B_05               8.000      0.000    999.000    999.000
    B_06              10.000      0.000    999.000    999.000

 A_02       ON
    A_01               0.000      0.000    999.000    999.000
    B_01               0.000      0.000    999.000    999.000

 A_03       ON
    A_02               0.000      0.000    999.000    999.000
    B_02               0.000      0.000    999.000    999.000

 A_04       ON
    A_03               0.000      0.000    999.000    999.000
    B_03               0.000      0.000    999.000    999.000

 A_05       ON
    A_04               0.000      0.000    999.000    999.000
    B_04               0.000      0.000    999.000    999.000

 A_06       ON
    A_05               0.000      0.000    999.000    999.000
    B_05               0.000      0.000    999.000    999.000

 B_02       ON
    B_01               0.000      0.000    999.000    999.000
    A_01               0.000      0.000    999.000    999.000

 B_03       ON
    B_02               0.000      0.000    999.000    999.000
    A_02               0.000      0.000    999.000    999.000

 B_04       ON
    B_03               0.000      0.000    999.000    999.000
    A_03               0.000      0.000    999.000    999.000

 B_05       ON
    B_04               0.000      0.000    999.000    999.000
    A_04               0.000      0.000    999.000    999.000

 B_06       ON
    B_05               0.000      0.000    999.000    999.000
    A_05               0.000      0.000    999.000    999.000

 SA       WITH
    IA                 0.000      0.002     -0.195      0.845

 IB       WITH
    IA                 0.013      0.020      0.624      0.532
    SA                -0.008      0.003     -2.467      0.014

 SB       WITH
    IA                 0.000      0.003      0.034      0.973
    SA                 0.001      0.000      2.296      0.022
    IB                -0.035      0.010     -3.372      0.001

 A_01     WITH
    B_01              -0.036      0.032     -1.128      0.259

 B_02     WITH
    A_02               0.000      0.000    999.000    999.000

 B_03     WITH
    A_03               0.000      0.000    999.000    999.000

 B_04     WITH
    A_04               0.000      0.000    999.000    999.000

 B_05     WITH
    A_05               0.000      0.000    999.000    999.000

 B_06     WITH
    A_06               0.000      0.000    999.000    999.000

 Means
    A                  1.756      0.068     25.959      0.000
    IA                 8.540      0.009    998.843      0.000
    SA                -0.072      0.002    -42.670      0.000
    IB                 9.551      0.021    446.534      0.000
    SB                -0.008      0.003     -2.764      0.006

 Intercepts
    A_01               0.000      0.000    999.000    999.000
    A_02               0.000      0.000    999.000    999.000
    A_03               0.000      0.000    999.000    999.000
    A_04               0.000      0.000    999.000    999.000
    A_05               0.000      0.000    999.000    999.000
    A_06               0.000      0.000    999.000    999.000
    B_01               0.000      0.000    999.000    999.000
    B_02               0.000      0.000    999.000    999.000
    B_03               0.000      0.000    999.000    999.000
    B_04               0.000      0.000    999.000    999.000
    B_05               0.000      0.000    999.000    999.000
    B_06               0.000      0.000    999.000    999.000

 Variances
    A                 41.210      0.668     61.678      0.000
    IA                 0.434      0.023     19.097      0.000
    SA                 0.012      0.001     19.437      0.000
    IB                 1.703      0.079     21.605      0.000
    SB                 0.008      0.002      4.143      0.000

 Residual Variances
    A_01               0.302      0.014     21.941      0.000
    A_02               0.445      0.017     26.010      0.000
    A_03               0.600      0.021     28.905      0.000
    A_04               0.631      0.020     30.996      0.000
    A_05               0.564      0.022     25.237      0.000
    A_06               0.650      0.033     19.946      0.000
    B_01               0.900      0.096      9.405      0.000
    B_02               0.884      0.052     17.044      0.000
    B_03               1.035      0.048     21.390      0.000
    B_04               0.994      0.043     22.926      0.000
    B_05               0.899      0.061     14.796      0.000
    B_06               0.867      0.076     11.442      0.000


QUALITY OF NUMERICAL RESULTS

     Condition Number for the Information Matrix              0.117E-04
       (ratio of smallest to largest eigenvalue)


MODEL MODIFICATION INDICES

NOTE:  Modification indices for direct effects of observed dependent variables
regressed on covariates may not be included.  To include these, request
MODINDICES (ALL).

Minimum M.I. value for printing the modification index     3.000

                                   M.I.     E.P.C.


BY Statements

IA       BY A                    481.123    -2.546
SA       BY A                   1257.132   -25.796
IB       BY A                     62.732     0.455
SB       BY A                     68.068   -16.937

ON/BY Statements

A_01     ON IA       /
IA       BY A_01                  97.978    -0.012
A_01     ON SA       /
SA       BY A_01                 147.118     1.251
A_01     ON IB       /
IB       BY A_01                 100.869    -0.011
A_01     ON SB       /
SB       BY A_01                  29.529     1.931
A_02     ON IA       /
IA       BY A_02                  52.385     0.007
A_02     ON SA       /
SA       BY A_02                  69.140    -0.675
A_02     ON IB       /
IB       BY A_02                  52.257     0.006
A_02     ON SB       /
SB       BY A_02                  14.830    -1.081
A_03     ON IA       /
IA       BY A_03                 160.805     0.013
A_03     ON SA       /
SA       BY A_03                 185.413    -1.112
A_03     ON IB       /
IB       BY A_03                 169.326     0.012
A_03     ON SB       /
SB       BY A_03                  30.194    -1.560
A_04     ON IA       /
IA       BY A_04                 202.197    -0.016
A_04     ON SA       /
SA       BY A_04                 144.503     1.046
A_04     ON IB       /
IB       BY A_04                 207.038    -0.014
A_04     ON SB       /
SB       BY A_04                  16.843     1.194
A_05     ON SA       /
SA       BY A_05                  21.218     0.465
A_05     ON SB       /
SB       BY A_05                   6.334     0.770
A_06     ON IA       /
IA       BY A_06                   5.545     0.004
A_06     ON SA       /
SA       BY A_06                  17.975    -0.558
A_06     ON IB       /
IB       BY A_06                   5.468     0.003
A_06     ON SB       /
SB       BY A_06                   3.118    -0.683
B_01     ON IA       /
IA       BY B_01                  26.488     0.022
B_01     ON SA       /
SA       BY B_01                   8.416    -0.980
B_01     ON IB       /
IB       BY B_01                  23.437     0.018
B_01     ON SB       /
SB       BY B_01                   9.607    -4.820
B_02     ON IA       /
IA       BY B_02                   5.724    -0.007
B_02     ON IB       /
IB       BY B_02                   4.798    -0.006
B_03     ON IA       /
IA       BY B_03                   8.393    -0.008
B_03     ON SA       /
SA       BY B_03                   3.577     0.382
B_03     ON IB       /
IB       BY B_03                   7.400    -0.006
B_03     ON SB       /
SB       BY B_03                   7.217     2.684
B_05     ON IA       /
IA       BY B_05                   5.935     0.007
B_05     ON IB       /
IB       BY B_05                   5.578     0.006
B_05     ON SB       /
SB       BY B_05                   7.209     4.153
B_06     ON SB       /
SB       BY B_06                   9.225    -5.291

ON Statements

IA       ON A_06                   5.310    -0.039
IA       ON B_01                   6.306     0.087
IA       ON B_02                   6.778    -0.059
SA       ON A_01                  52.131     0.041
SA       ON A_02                  20.994    -0.014
SA       ON A_03                  48.254    -0.015
SA       ON A_04                  12.393     0.008
SA       ON A_05                  38.098     0.019
SA       ON A_06                  12.686    -0.013
SA       ON B_06                   3.762    -0.009
IB       ON A_01                   3.401    -0.096
IB       ON A_03                  10.727     0.071
IB       ON B_03                   5.399     0.105
SB       ON B_01                   3.655    -0.016
SB       ON B_03                   7.544     0.017
SB       ON B_04                   8.563    -0.024
SB       ON B_05                  10.658     0.046
SB       ON B_06                   7.263    -0.045
A_01     ON A_01                  97.978    -0.012
A_01     ON A_02                  98.556    -0.013
A_01     ON A_03                  99.616    -0.013
A_01     ON A_04                  88.115    -0.012
A_01     ON A_05                  81.187    -0.012
A_01     ON A_06                  74.456    -0.012
A_01     ON B_01                 100.870    -0.011
A_01     ON B_02                 101.575    -0.011
A_01     ON B_03                  98.911    -0.011
A_01     ON B_04                 100.834    -0.011
A_01     ON B_05                  99.846    -0.011
A_01     ON B_06                  96.885    -0.011
A_02     ON A_01                  50.796     0.007
A_02     ON A_02                  51.057     0.007
A_02     ON A_03                  63.336     0.008
A_02     ON A_04                  45.336     0.007
A_02     ON A_05                  41.199     0.007
A_02     ON A_06                  42.060     0.007
A_02     ON B_01                  52.733     0.007
A_02     ON B_02                  52.120     0.006
A_02     ON B_03                  50.177     0.006
A_02     ON B_04                  52.154     0.006
A_02     ON B_05                  51.733     0.006
A_02     ON B_06                  50.282     0.006
A_03     ON A_01                 155.655     0.013
A_03     ON A_02                 174.610     0.014
A_03     ON A_03                 153.074     0.013
A_03     ON A_04                 148.323     0.013
A_03     ON A_05                 135.779     0.013
A_03     ON A_06                 130.490     0.013
A_03     ON B_01                 171.022     0.012
A_03     ON B_02                 168.424     0.012
A_03     ON B_03                 169.645     0.012
A_03     ON B_04                 168.532     0.012
A_03     ON B_05                 166.751     0.012
A_03     ON B_06                 166.849     0.012
A_04     ON A_01                 201.461    -0.016
A_04     ON A_02                 202.464    -0.016
A_04     ON A_03                 194.578    -0.016
A_04     ON A_04                 194.597    -0.016
A_04     ON A_05                 178.072    -0.016
A_04     ON A_06                 191.346    -0.017
A_04     ON B_01                 206.588    -0.014
A_04     ON B_02                 208.525    -0.014
A_04     ON B_03                 204.460    -0.014
A_04     ON B_04                 202.215    -0.014
A_04     ON B_05                 206.426    -0.014
A_04     ON B_06                 206.607    -0.014
A_06     ON A_01                   6.602     0.004
A_06     ON A_02                   4.395     0.003
A_06     ON A_03                   3.195     0.003
A_06     ON A_04                   3.700     0.003
A_06     ON A_05                   5.539     0.004
A_06     ON A_06                   4.109     0.003
A_06     ON B_01                   5.366     0.003
A_06     ON B_02                   5.158     0.003
A_06     ON B_03                   5.536     0.003
A_06     ON B_04                   5.261     0.003
A_06     ON B_05                   5.013     0.003
A_06     ON B_06                   5.172     0.003
B_01     ON A_01                  26.487     0.022
B_01     ON A_02                  27.051     0.022
B_01     ON A_03                  28.247     0.023
B_01     ON A_04                  26.552     0.023
B_01     ON A_05                  25.642     0.023
B_01     ON A_06                  26.628     0.023
B_01     ON B_01                  23.438     0.018
B_01     ON B_02                  23.351     0.018
B_01     ON B_03                  23.054     0.018
B_01     ON B_04                  23.890     0.018
B_01     ON B_05                  20.918     0.017
B_01     ON B_06                  23.366     0.018
B_02     ON A_01                   6.091    -0.007
B_02     ON A_02                   5.607    -0.007
B_02     ON A_03                   5.784    -0.007
B_02     ON A_04                   7.180    -0.008
B_02     ON A_05                   5.851    -0.007
B_02     ON A_06                   6.957    -0.008
B_02     ON B_01                   4.721    -0.006
B_02     ON B_02                   4.796    -0.006
B_02     ON B_03                   4.825    -0.006
B_02     ON B_04                   4.833    -0.006
B_02     ON B_05                   4.785    -0.006
B_02     ON B_06                   4.580    -0.005
B_03     ON A_01                   8.287    -0.007
B_03     ON A_02                   9.013    -0.008
B_03     ON A_03                   7.410    -0.007
B_03     ON A_04                   7.942    -0.008
B_03     ON A_05                   8.936    -0.008
B_03     ON A_06                   7.857    -0.008
B_03     ON B_01                   7.409    -0.006
B_03     ON B_02                   7.387    -0.006
B_03     ON B_03                   7.313    -0.006
B_03     ON B_04                   7.286    -0.006
B_03     ON B_05                   6.493    -0.006
B_03     ON B_06                   7.243    -0.006
B_05     ON A_01                   5.735     0.007
B_05     ON A_02                   6.290     0.007
B_05     ON A_03                   6.082     0.007
B_05     ON A_04                   5.801     0.007
B_05     ON A_05                   7.637     0.009
B_05     ON A_06                   6.028     0.008
B_05     ON B_01                   4.875     0.006
B_05     ON B_02                   5.643     0.006
B_05     ON B_03                   6.489     0.007
B_05     ON B_04                   5.765     0.006
B_05     ON B_05                   5.835     0.006
B_05     ON B_06                   5.910     0.006

WITH Statements

A_01     WITH SA                  52.503     0.013
A_01     WITH IB                   3.610    -0.030
A_02     WITH SA                  20.994    -0.006
A_02     WITH A_01                11.983    -0.036
A_03     WITH SA                  48.254    -0.009
A_03     WITH IB                  10.727     0.043
A_03     WITH A_01                19.397    -0.035
A_03     WITH A_02               129.888     0.085
A_04     WITH SA                  12.393     0.005
A_04     WITH A_02                 4.562    -0.017
A_05     WITH SA                  38.098     0.011
A_05     WITH A_01                 6.644     0.023
A_05     WITH A_02                30.088    -0.047
A_05     WITH A_03                21.372    -0.043
A_05     WITH A_04                42.520     0.066
A_06     WITH IA                   5.311    -0.025
A_06     WITH SA                  12.686    -0.008
A_06     WITH A_01                31.485     0.065
A_06     WITH A_02                 8.786    -0.031
A_06     WITH A_03                27.394    -0.059
A_06     WITH A_04                 8.263    -0.035
A_06     WITH A_05                22.034     0.076
B_01     WITH IA                   5.579     0.074
B_01     WITH SB                   3.880    -0.015
B_01     WITH A_03                 4.038     0.059
B_02     WITH IA                   6.777    -0.052
B_02     WITH A_04                 3.868    -0.036
B_03     WITH IB                   5.398     0.109
B_03     WITH SB                   7.549     0.018
B_04     WITH SB                   8.555    -0.024
B_05     WITH SB                  10.677     0.042
B_05     WITH A_05                 6.865     0.051
B_05     WITH B_01                23.065    -0.353
B_05     WITH B_03                10.385     0.167
B_06     WITH SA                   3.762    -0.008
B_06     WITH SB                   7.242    -0.039
B_06     WITH A_01                 3.355     0.039
B_06     WITH B_03                 7.787    -1.341
B_06     WITH B_04                 9.209    -0.274

Means/Intercepts/Thresholds

[ A_01     ]                      96.737    -0.106
[ A_02     ]                      52.483     0.062
[ A_03     ]                     160.650     0.114
[ A_04     ]                     205.607    -0.137
[ A_06     ]                       6.232     0.032
[ B_01     ]                      25.190     0.181
[ B_02     ]                       5.001    -0.055
[ B_03     ]                       8.357    -0.065
[ B_05     ]                       5.814     0.061


TECHNICAL 1 OUTPUT


     PARAMETER SPECIFICATION


           NU
              A_01          A_02          A_03          A_04          A_05
              ________      ________      ________      ________      ________
 1                  0             0             0             0             0


           NU
              A_06          B_01          B_02          B_03          B_04
              ________      ________      ________      ________      ________
 1                  0             0             0             0             0


           NU
              B_05          B_06          A
              ________      ________      ________
 1                  0             0             1


           LAMBDA
              IA            SA            IB            SB            A_01
              ________      ________      ________      ________      ________
 A_01               0             0             0             0             0
 A_02               0             0             0             0             0
 A_03               0             0             0             0             0
 A_04               0             0             0             0             0
 A_05               0             0             0             0             0
 A_06               0             0             0             0             0
 B_01               0             0             0             0             0
 B_02               0             0             0             0             0
 B_03               0             0             0             0             0
 B_04               0             0             0             0             0
 B_05               0             0             0             0             0
 B_06               0             0             0             0             0
 A                  0             0             0             0             0


           LAMBDA
              A_02          A_03          A_04          A_05          A_06
              ________      ________      ________      ________      ________
 A_01               0             0             0             0             0
 A_02               0             0             0             0             0
 A_03               0             0             0             0             0
 A_04               0             0             0             0             0
 A_05               0             0             0             0             0
 A_06               0             0             0             0             0
 B_01               0             0             0             0             0
 B_02               0             0             0             0             0
 B_03               0             0             0             0             0
 B_04               0             0             0             0             0
 B_05               0             0             0             0             0
 B_06               0             0             0             0             0
 A                  0             0             0             0             0


           LAMBDA
              B_01          B_02          B_03          B_04          B_05
              ________      ________      ________      ________      ________
 A_01               0             0             0             0             0
 A_02               0             0             0             0             0
 A_03               0             0             0             0             0
 A_04               0             0             0             0             0
 A_05               0             0             0             0             0
 A_06               0             0             0             0             0
 B_01               0             0             0             0             0
 B_02               0             0             0             0             0
 B_03               0             0             0             0             0
 B_04               0             0             0             0             0
 B_05               0             0             0             0             0
 B_06               0             0             0             0             0
 A                  0             0             0             0             0


           LAMBDA
              B_06
              ________
 A_01               0
 A_02               0
 A_03               0
 A_04               0
 A_05               0
 A_06               0
 B_01               0
 B_02               0
 B_03               0
 B_04               0
 B_05               0
 B_06               0
 A                  0


           THETA
              A_01          A_02          A_03          A_04          A_05
              ________      ________      ________      ________      ________
 A_01               0
 A_02               0             0
 A_03               0             0             0
 A_04               0             0             0             0
 A_05               0             0             0             0             0
 A_06               0             0             0             0             0
 B_01               0             0             0             0             0
 B_02               0             0             0             0             0
 B_03               0             0             0             0             0
 B_04               0             0             0             0             0
 B_05               0             0             0             0             0
 B_06               0             0             0             0             0
 A                  0             0             0             0             0


           THETA
              A_06          B_01          B_02          B_03          B_04
              ________      ________      ________      ________      ________
 A_06               0
 B_01               0             0
 B_02               0             0             0
 B_03               0             0             0             0
 B_04               0             0             0             0             0
 B_05               0             0             0             0             0
 B_06               0             0             0             0             0
 A                  0             0             0             0             0


           THETA
              B_05          B_06          A
              ________      ________      ________
 B_05               0
 B_06               0             0
 A                  0             0             2


           ALPHA
              IA            SA            IB            SB            A_01
              ________      ________      ________      ________      ________
 1                  3             4             5             6             0


           ALPHA
              A_02          A_03          A_04          A_05          A_06
              ________      ________      ________      ________      ________
 1                  0             0             0             0             0


           ALPHA
              B_01          B_02          B_03          B_04          B_05
              ________      ________      ________      ________      ________
 1                  0             0             0             0             0


           ALPHA
              B_06
              ________
 1                  0


           BETA
              IA            SA            IB            SB            A_01
              ________      ________      ________      ________      ________
 IA                 0             0             0             0             0
 SA                 0             0             0             0             0
 IB                 0             0             0             0             0
 SB                 0             0             0             0             0
 A_01               0             0             0             0             0
 A_02               0             0             0             0             0
 A_03               0             0             0             0             0
 A_04               0             0             0             0             0
 A_05               0             0             0             0             0
 A_06               0             0             0             0             0
 B_01               0             0             0             0             0
 B_02               0             0             0             0             0
 B_03               0             0             0             0             0
 B_04               0             0             0             0             0
 B_05               0             0             0             0             0
 B_06               0             0             0             0             0


           BETA
              A_02          A_03          A_04          A_05          A_06
              ________      ________      ________      ________      ________
 IA                 0             0             0             0             0
 SA                 0             0             0             0             0
 IB                 0             0             0             0             0
 SB                 0             0             0             0             0
 A_01               0             0             0             0             0
 A_02               0             0             0             0             0
 A_03               0             0             0             0             0
 A_04               0             0             0             0             0
 A_05               0             0             0             0             0
 A_06               0             0             0             0             0
 B_01               0             0             0             0             0
 B_02               0             0             0             0             0
 B_03               0             0             0             0             0
 B_04               0             0             0             0             0
 B_05               0             0             0             0             0
 B_06               0             0             0             0             0


           BETA
              B_01          B_02          B_03          B_04          B_05
              ________      ________      ________      ________      ________
 IA                 0             0             0             0             0
 SA                 0             0             0             0             0
 IB                 0             0             0             0             0
 SB                 0             0             0             0             0
 A_01               0             0             0             0             0
 A_02               0             0             0             0             0
 A_03               0             0             0             0             0
 A_04               0             0             0             0             0
 A_05               0             0             0             0             0
 A_06               0             0             0             0             0
 B_01               0             0             0             0             0
 B_02               0             0             0             0             0
 B_03               0             0             0             0             0
 B_04               0             0             0             0             0
 B_05               0             0             0             0             0
 B_06               0             0             0             0             0


           BETA
              B_06
              ________
 IA                 0
 SA                 0
 IB                 0
 SB                 0
 A_01               0
 A_02               0
 A_03               0
 A_04               0
 A_05               0
 A_06               0
 B_01               0
 B_02               0
 B_03               0
 B_04               0
 B_05               0
 B_06               0


           PSI
              IA            SA            IB            SB            A_01
              ________      ________      ________      ________      ________
 IA                 7
 SA                 8             9
 IB                10            11            12
 SB                13            14            15            16
 A_01               0             0             0             0            17
 A_02               0             0             0             0             0
 A_03               0             0             0             0             0
 A_04               0             0             0             0             0
 A_05               0             0             0             0             0
 A_06               0             0             0             0             0
 B_01               0             0             0             0            23
 B_02               0             0             0             0             0
 B_03               0             0             0             0             0
 B_04               0             0             0             0             0
 B_05               0             0             0             0             0
 B_06               0             0             0             0             0


           PSI
              A_02          A_03          A_04          A_05          A_06
              ________      ________      ________      ________      ________
 A_02              18
 A_03               0            19
 A_04               0             0            20
 A_05               0             0             0            21
 A_06               0             0             0             0            22
 B_01               0             0             0             0             0
 B_02               0             0             0             0             0
 B_03               0             0             0             0             0
 B_04               0             0             0             0             0
 B_05               0             0             0             0             0
 B_06               0             0             0             0             0


           PSI
              B_01          B_02          B_03          B_04          B_05
              ________      ________      ________      ________      ________
 B_01              24
 B_02               0            25
 B_03               0             0            26
 B_04               0             0             0            27
 B_05               0             0             0             0            28
 B_06               0             0             0             0             0


           PSI
              B_06
              ________
 B_06              29


     STARTING VALUES


           NU
              A_01          A_02          A_03          A_04          A_05
              ________      ________      ________      ________      ________
 1              0.000         0.000         0.000         0.000         0.000


           NU
              A_06          B_01          B_02          B_03          B_04
              ________      ________      ________      ________      ________
 1              0.000         0.000         0.000         0.000         0.000


           NU
              B_05          B_06          A
              ________      ________      ________
 1              0.000         0.000         0.000


           LAMBDA
              IA            SA            IB            SB            A_01
              ________      ________      ________      ________      ________
 A_01           0.000         0.000         0.000         0.000         1.000
 A_02           0.000         0.000         0.000         0.000         0.000
 A_03           0.000         0.000         0.000         0.000         0.000
 A_04           0.000         0.000         0.000         0.000         0.000
 A_05           0.000         0.000         0.000         0.000         0.000
 A_06           0.000         0.000         0.000         0.000         0.000
 B_01           0.000         0.000         0.000         0.000         0.000
 B_02           0.000         0.000         0.000         0.000         0.000
 B_03           0.000         0.000         0.000         0.000         0.000
 B_04           0.000         0.000         0.000         0.000         0.000
 B_05           0.000         0.000         0.000         0.000         0.000
 B_06           0.000         0.000         0.000         0.000         0.000
 A              0.000         0.000         0.000         0.000         0.000


           LAMBDA
              A_02          A_03          A_04          A_05          A_06
              ________      ________      ________      ________      ________
 A_01           0.000         0.000         0.000         0.000         0.000
 A_02           1.000         0.000         0.000         0.000         0.000
 A_03           0.000         1.000         0.000         0.000         0.000
 A_04           0.000         0.000         1.000         0.000         0.000
 A_05           0.000         0.000         0.000         1.000         0.000
 A_06           0.000         0.000         0.000         0.000         1.000
 B_01           0.000         0.000         0.000         0.000         0.000
 B_02           0.000         0.000         0.000         0.000         0.000
 B_03           0.000         0.000         0.000         0.000         0.000
 B_04           0.000         0.000         0.000         0.000         0.000
 B_05           0.000         0.000         0.000         0.000         0.000
 B_06           0.000         0.000         0.000         0.000         0.000
 A              0.000         0.000         0.000         0.000         0.000


           LAMBDA
              B_01          B_02          B_03          B_04          B_05
              ________      ________      ________      ________      ________
 A_01           0.000         0.000         0.000         0.000         0.000
 A_02           0.000         0.000         0.000         0.000         0.000
 A_03           0.000         0.000         0.000         0.000         0.000
 A_04           0.000         0.000         0.000         0.000         0.000
 A_05           0.000         0.000         0.000         0.000         0.000
 A_06           0.000         0.000         0.000         0.000         0.000
 B_01           1.000         0.000         0.000         0.000         0.000
 B_02           0.000         1.000         0.000         0.000         0.000
 B_03           0.000         0.000         1.000         0.000         0.000
 B_04           0.000         0.000         0.000         1.000         0.000
 B_05           0.000         0.000         0.000         0.000         1.000
 B_06           0.000         0.000         0.000         0.000         0.000
 A              0.000         0.000         0.000         0.000         0.000


           LAMBDA
              B_06
              ________
 A_01           0.000
 A_02           0.000
 A_03           0.000
 A_04           0.000
 A_05           0.000
 A_06           0.000
 B_01           0.000
 B_02           0.000
 B_03           0.000
 B_04           0.000
 B_05           0.000
 B_06           1.000
 A              0.000


           THETA
              A_01          A_02          A_03          A_04          A_05
              ________      ________      ________      ________      ________
 A_01           0.000
 A_02           0.000         0.000
 A_03           0.000         0.000         0.000
 A_04           0.000         0.000         0.000         0.000
 A_05           0.000         0.000         0.000         0.000         0.000
 A_06           0.000         0.000         0.000         0.000         0.000
 B_01           0.000         0.000         0.000         0.000         0.000
 B_02           0.000         0.000         0.000         0.000         0.000
 B_03           0.000         0.000         0.000         0.000         0.000
 B_04           0.000         0.000         0.000         0.000         0.000
 B_05           0.000         0.000         0.000         0.000         0.000
 B_06           0.000         0.000         0.000         0.000         0.000
 A              0.000         0.000         0.000         0.000         0.000


           THETA
              A_06          B_01          B_02          B_03          B_04
              ________      ________      ________      ________      ________
 A_06           0.000
 B_01           0.000         0.000
 B_02           0.000         0.000         0.000
 B_03           0.000         0.000         0.000         0.000
 B_04           0.000         0.000         0.000         0.000         0.000
 B_05           0.000         0.000         0.000         0.000         0.000
 B_06           0.000         0.000         0.000         0.000         0.000
 A              0.000         0.000         0.000         0.000         0.000


           THETA
              B_05          B_06          A
              ________      ________      ________
 B_05           0.000
 B_06           0.000         0.000
 A              0.000         0.000        20.605


           ALPHA
              IA            SA            IB            SB            A_01
              ________      ________      ________      ________      ________
 1              8.394        -0.153         9.669        -0.030         0.000


           ALPHA
              A_02          A_03          A_04          A_05          A_06
              ________      ________      ________      ________      ________
 1              0.000         0.000         0.000         0.000         0.000


           ALPHA
              B_01          B_02          B_03          B_04          B_05
              ________      ________      ________      ________      ________
 1              0.000         0.000         0.000         0.000         0.000


           ALPHA
              B_06
              ________
 1              0.000


           BETA
              IA            SA            IB            SB            A_01
              ________      ________      ________      ________      ________
 IA             0.000         0.000         0.000         0.000         0.000
 SA             0.000         0.000         0.000         0.000         0.000
 IB             0.000         0.000         0.000         0.000         0.000
 SB             0.000         0.000         0.000         0.000         0.000
 A_01           1.000         0.000         0.000         0.000         0.000
 A_02           1.000         2.000         0.000         0.000         0.000
 A_03           1.000         4.000         0.000         0.000         0.000
 A_04           1.000         6.000         0.000         0.000         0.000
 A_05           1.000         8.000         0.000         0.000         0.000
 A_06           1.000        10.000         0.000         0.000         0.000
 B_01           0.000         0.000         1.000         0.000         0.000
 B_02           0.000         0.000         1.000         2.000         0.000
 B_03           0.000         0.000         1.000         4.000         0.000
 B_04           0.000         0.000         1.000         6.000         0.000
 B_05           0.000         0.000         1.000         8.000         0.000
 B_06           0.000         0.000         1.000        10.000         0.000


           BETA
              A_02          A_03          A_04          A_05          A_06
              ________      ________      ________      ________      ________
 IA             0.000         0.000         0.000         0.000         0.000
 SA             0.000         0.000         0.000         0.000         0.000
 IB             0.000         0.000         0.000         0.000         0.000
 SB             0.000         0.000         0.000         0.000         0.000
 A_01           0.000         0.000         0.000         0.000         0.000
 A_02           0.000         0.000         0.000         0.000         0.000
 A_03           0.000         0.000         0.000         0.000         0.000
 A_04           0.000         0.000         0.000         0.000         0.000
 A_05           0.000         0.000         0.000         0.000         0.000
 A_06           0.000         0.000         0.000         0.000         0.000
 B_01           0.000         0.000         0.000         0.000         0.000
 B_02           0.000         0.000         0.000         0.000         0.000
 B_03           0.000         0.000         0.000         0.000         0.000
 B_04           0.000         0.000         0.000         0.000         0.000
 B_05           0.000         0.000         0.000         0.000         0.000
 B_06           0.000         0.000         0.000         0.000         0.000


           BETA
              B_01          B_02          B_03          B_04          B_05
              ________      ________      ________      ________      ________
 IA             0.000         0.000         0.000         0.000         0.000
 SA             0.000         0.000         0.000         0.000         0.000
 IB             0.000         0.000         0.000         0.000         0.000
 SB             0.000         0.000         0.000         0.000         0.000
 A_01           0.000         0.000         0.000         0.000         0.000
 A_02           0.000         0.000         0.000         0.000         0.000
 A_03           0.000         0.000         0.000         0.000         0.000
 A_04           0.000         0.000         0.000         0.000         0.000
 A_05           0.000         0.000         0.000         0.000         0.000
 A_06           0.000         0.000         0.000         0.000         0.000
 B_01           0.000         0.000         0.000         0.000         0.000
 B_02           0.000         0.000         0.000         0.000         0.000
 B_03           0.000         0.000         0.000         0.000         0.000
 B_04           0.000         0.000         0.000         0.000         0.000
 B_05           0.000         0.000         0.000         0.000         0.000
 B_06           0.000         0.000         0.000         0.000         0.000


           BETA
              B_06
              ________
 IA             0.000
 SA             0.000
 IB             0.000
 SB             0.000
 A_01           0.000
 A_02           0.000
 A_03           0.000
 A_04           0.000
 A_05           0.000
 A_06           0.000
 B_01           0.000
 B_02           0.000
 B_03           0.000
 B_04           0.000
 B_05           0.000
 B_06           0.000


           PSI
              IA            SA            IB            SB            A_01
              ________      ________      ________      ________      ________
 IA             1.113
 SA             0.000         0.186
 IB             0.000         0.000         3.195
 SB             0.000         0.000         0.000         0.219
 A_01           0.000         0.000         0.000         0.000         0.372
 A_02           0.000         0.000         0.000         0.000         0.000
 A_03           0.000         0.000         0.000         0.000         0.000
 A_04           0.000         0.000         0.000         0.000         0.000
 A_05           0.000         0.000         0.000         0.000         0.000
 A_06           0.000         0.000         0.000         0.000         0.000
 B_01           0.000         0.000         0.000         0.000         0.000
 B_02           0.000         0.000         0.000         0.000         0.000
 B_03           0.000         0.000         0.000         0.000         0.000
 B_04           0.000         0.000         0.000         0.000         0.000
 B_05           0.000         0.000         0.000         0.000         0.000
 B_06           0.000         0.000         0.000         0.000         0.000


           PSI
              A_02          A_03          A_04          A_05          A_06
              ________      ________      ________      ________      ________
 A_02           0.477
 A_03           0.000         0.589
 A_04           0.000         0.000         0.703
 A_05           0.000         0.000         0.000         0.770
 A_06           0.000         0.000         0.000         0.000         0.841
 B_01           0.000         0.000         0.000         0.000         0.000
 B_02           0.000         0.000         0.000         0.000         0.000
 B_03           0.000         0.000         0.000         0.000         0.000
 B_04           0.000         0.000         0.000         0.000         0.000
 B_05           0.000         0.000         0.000         0.000         0.000
 B_06           0.000         0.000         0.000         0.000         0.000


           PSI
              B_01          B_02          B_03          B_04          B_05
              ________      ________      ________      ________      ________
 B_01           1.219
 B_02           0.000         1.232
 B_03           0.000         0.000         1.318
 B_04           0.000         0.000         0.000         1.237
 B_05           0.000         0.000         0.000         0.000         1.268
 B_06           0.000         0.000         0.000         0.000         0.000


           PSI
              B_06
              ________
 B_06           1.287


TECHNICAL 2 OUTPUT


     DERIVATIVES


           Derivatives With Respect to NU
              A_01          A_02          A_03          A_04          A_05
              ________      ________      ________      ________      ________
 1          0.000E+00     0.000E+00     0.000E+00     0.000E+00     0.000E+00


           Derivatives With Respect to NU
              A_06          B_01          B_02          B_03          B_04
              ________      ________      ________      ________      ________
 1          0.000E+00     0.000E+00     0.000E+00     0.000E+00     0.000E+00


           Derivatives With Respect to NU
              B_05          B_06          A
              ________      ________      ________
 1          0.000E+00     0.000E+00     0.119E-10


           Derivatives With Respect to LAMBDA
              IA            SA            IB            SB            A_01
              ________      ________      ________      ________      ________
 A_01       0.000E+00     0.000E+00     0.000E+00     0.000E+00     0.000E+00
 A_02       0.000E+00     0.000E+00     0.000E+00     0.000E+00     0.000E+00
 A_03       0.000E+00     0.000E+00     0.000E+00     0.000E+00     0.000E+00
 A_04       0.000E+00     0.000E+00     0.000E+00     0.000E+00     0.000E+00
 A_05       0.000E+00     0.000E+00     0.000E+00     0.000E+00     0.000E+00
 A_06       0.000E+00     0.000E+00     0.000E+00     0.000E+00     0.000E+00
 B_01       0.000E+00     0.000E+00     0.000E+00     0.000E+00     0.000E+00
 B_02       0.000E+00     0.000E+00     0.000E+00     0.000E+00     0.000E+00
 B_03       0.000E+00     0.000E+00     0.000E+00     0.000E+00     0.000E+00
 B_04       0.000E+00     0.000E+00     0.000E+00     0.000E+00     0.000E+00
 B_05       0.000E+00     0.000E+00     0.000E+00     0.000E+00     0.000E+00
 B_06       0.000E+00     0.000E+00     0.000E+00     0.000E+00     0.000E+00
 A          0.000E+00     0.000E+00     0.000E+00     0.000E+00     0.000E+00


           Derivatives With Respect to LAMBDA
              A_02          A_03          A_04          A_05          A_06
              ________      ________      ________      ________      ________
 A_01       0.000E+00     0.000E+00     0.000E+00     0.000E+00     0.000E+00
 A_02       0.000E+00     0.000E+00     0.000E+00     0.000E+00     0.000E+00
 A_03       0.000E+00     0.000E+00     0.000E+00     0.000E+00     0.000E+00
 A_04       0.000E+00     0.000E+00     0.000E+00     0.000E+00     0.000E+00
 A_05       0.000E+00     0.000E+00     0.000E+00     0.000E+00     0.000E+00
 A_06       0.000E+00     0.000E+00     0.000E+00     0.000E+00     0.000E+00
 B_01       0.000E+00     0.000E+00     0.000E+00     0.000E+00     0.000E+00
 B_02       0.000E+00     0.000E+00     0.000E+00     0.000E+00     0.000E+00
 B_03       0.000E+00     0.000E+00     0.000E+00     0.000E+00     0.000E+00
 B_04       0.000E+00     0.000E+00     0.000E+00     0.000E+00     0.000E+00
 B_05       0.000E+00     0.000E+00     0.000E+00     0.000E+00     0.000E+00
 B_06       0.000E+00     0.000E+00     0.000E+00     0.000E+00     0.000E+00
 A          0.000E+00     0.000E+00     0.000E+00     0.000E+00     0.000E+00


           Derivatives With Respect to LAMBDA
              B_01          B_02          B_03          B_04          B_05
              ________      ________      ________      ________      ________
 A_01       0.000E+00     0.000E+00     0.000E+00     0.000E+00     0.000E+00
 A_02       0.000E+00     0.000E+00     0.000E+00     0.000E+00     0.000E+00
 A_03       0.000E+00     0.000E+00     0.000E+00     0.000E+00     0.000E+00
 A_04       0.000E+00     0.000E+00     0.000E+00     0.000E+00     0.000E+00
 A_05       0.000E+00     0.000E+00     0.000E+00     0.000E+00     0.000E+00
 A_06       0.000E+00     0.000E+00     0.000E+00     0.000E+00     0.000E+00
 B_01       0.000E+00     0.000E+00     0.000E+00     0.000E+00     0.000E+00
 B_02       0.000E+00     0.000E+00     0.000E+00     0.000E+00     0.000E+00
 B_03       0.000E+00     0.000E+00     0.000E+00     0.000E+00     0.000E+00
 B_04       0.000E+00     0.000E+00     0.000E+00     0.000E+00     0.000E+00
 B_05       0.000E+00     0.000E+00     0.000E+00     0.000E+00     0.000E+00
 B_06       0.000E+00     0.000E+00     0.000E+00     0.000E+00     0.000E+00
 A          0.000E+00     0.000E+00     0.000E+00     0.000E+00     0.000E+00


           Derivatives With Respect to LAMBDA
              B_06
              ________
 A_01       0.000E+00
 A_02       0.000E+00
 A_03       0.000E+00
 A_04       0.000E+00
 A_05       0.000E+00
 A_06       0.000E+00
 B_01       0.000E+00
 B_02       0.000E+00
 B_03       0.000E+00
 B_04       0.000E+00
 B_05       0.000E+00
 B_06       0.000E+00
 A          0.000E+00


           Derivatives With Respect to THETA
              A_01          A_02          A_03          A_04          A_05
              ________      ________      ________      ________      ________
 A_01       0.000E+00
 A_02       0.000E+00     0.000E+00
 A_03       0.000E+00     0.000E+00     0.000E+00
 A_04       0.000E+00     0.000E+00     0.000E+00     0.000E+00
 A_05       0.000E+00     0.000E+00     0.000E+00     0.000E+00     0.000E+00
 A_06       0.000E+00     0.000E+00     0.000E+00     0.000E+00     0.000E+00
 B_01       0.000E+00     0.000E+00     0.000E+00     0.000E+00     0.000E+00
 B_02       0.000E+00     0.000E+00     0.000E+00     0.000E+00     0.000E+00
 B_03       0.000E+00     0.000E+00     0.000E+00     0.000E+00     0.000E+00
 B_04       0.000E+00     0.000E+00     0.000E+00     0.000E+00     0.000E+00
 B_05       0.000E+00     0.000E+00     0.000E+00     0.000E+00     0.000E+00
 B_06       0.000E+00     0.000E+00     0.000E+00     0.000E+00     0.000E+00
 A          0.000E+00     0.000E+00     0.000E+00     0.000E+00     0.000E+00


           Derivatives With Respect to THETA
              A_06          B_01          B_02          B_03          B_04
              ________      ________      ________      ________      ________
 A_06       0.000E+00
 B_01       0.000E+00     0.000E+00
 B_02       0.000E+00     0.000E+00     0.000E+00
 B_03       0.000E+00     0.000E+00     0.000E+00     0.000E+00
 B_04       0.000E+00     0.000E+00     0.000E+00     0.000E+00     0.000E+00
 B_05       0.000E+00     0.000E+00     0.000E+00     0.000E+00     0.000E+00
 B_06       0.000E+00     0.000E+00     0.000E+00     0.000E+00     0.000E+00
 A          0.000E+00     0.000E+00     0.000E+00     0.000E+00     0.000E+00


           Derivatives With Respect to THETA
              B_05          B_06          A
              ________      ________      ________
 B_05       0.000E+00
 B_06       0.000E+00     0.000E+00
 A          0.000E+00     0.000E+00     0.224E-11


           Derivatives With Respect to ALPHA
              IA            SA            IB            SB            A_01
              ________      ________      ________      ________      ________
 1          0.138E-07    -0.383E-07     0.791E-08    -0.410E-06     0.000E+00


           Derivatives With Respect to ALPHA
              A_02          A_03          A_04          A_05          A_06
              ________      ________      ________      ________      ________
 1          0.000E+00     0.000E+00     0.000E+00     0.000E+00     0.000E+00


           Derivatives With Respect to ALPHA
              B_01          B_02          B_03          B_04          B_05
              ________      ________      ________      ________      ________
 1          0.000E+00     0.000E+00     0.000E+00     0.000E+00     0.000E+00


           Derivatives With Respect to ALPHA
              B_06
              ________
 1          0.000E+00


           Derivatives With Respect to BETA
              IA            SA            IB            SB            A_01
              ________      ________      ________      ________      ________
 IA         0.000E+00     0.000E+00     0.000E+00     0.000E+00     0.000E+00
 SA         0.000E+00     0.000E+00     0.000E+00     0.000E+00     0.000E+00
 IB         0.000E+00     0.000E+00     0.000E+00     0.000E+00     0.000E+00
 SB         0.000E+00     0.000E+00     0.000E+00     0.000E+00     0.000E+00
 A_01       0.000E+00     0.000E+00     0.000E+00     0.000E+00     0.000E+00
 A_02       0.000E+00     0.000E+00     0.000E+00     0.000E+00     0.000E+00
 A_03       0.000E+00     0.000E+00     0.000E+00     0.000E+00     0.000E+00
 A_04       0.000E+00     0.000E+00     0.000E+00     0.000E+00     0.000E+00
 A_05       0.000E+00     0.000E+00     0.000E+00     0.000E+00     0.000E+00
 A_06       0.000E+00     0.000E+00     0.000E+00     0.000E+00     0.000E+00
 B_01       0.000E+00     0.000E+00     0.000E+00     0.000E+00     0.000E+00
 B_02       0.000E+00     0.000E+00     0.000E+00     0.000E+00     0.000E+00
 B_03       0.000E+00     0.000E+00     0.000E+00     0.000E+00     0.000E+00
 B_04       0.000E+00     0.000E+00     0.000E+00     0.000E+00     0.000E+00
 B_05       0.000E+00     0.000E+00     0.000E+00     0.000E+00     0.000E+00
 B_06       0.000E+00     0.000E+00     0.000E+00     0.000E+00     0.000E+00


           Derivatives With Respect to BETA
              A_02          A_03          A_04          A_05          A_06
              ________      ________      ________      ________      ________
 IA         0.000E+00     0.000E+00     0.000E+00     0.000E+00     0.000E+00
 SA         0.000E+00     0.000E+00     0.000E+00     0.000E+00     0.000E+00
 IB         0.000E+00     0.000E+00     0.000E+00     0.000E+00     0.000E+00
 SB         0.000E+00     0.000E+00     0.000E+00     0.000E+00     0.000E+00
 A_01       0.000E+00     0.000E+00     0.000E+00     0.000E+00     0.000E+00
 A_02       0.000E+00     0.000E+00     0.000E+00     0.000E+00     0.000E+00
 A_03       0.000E+00     0.000E+00     0.000E+00     0.000E+00     0.000E+00
 A_04       0.000E+00     0.000E+00     0.000E+00     0.000E+00     0.000E+00
 A_05       0.000E+00     0.000E+00     0.000E+00     0.000E+00     0.000E+00
 A_06       0.000E+00     0.000E+00     0.000E+00     0.000E+00     0.000E+00
 B_01       0.000E+00     0.000E+00     0.000E+00     0.000E+00     0.000E+00
 B_02       0.000E+00     0.000E+00     0.000E+00     0.000E+00     0.000E+00
 B_03       0.000E+00     0.000E+00     0.000E+00     0.000E+00     0.000E+00
 B_04       0.000E+00     0.000E+00     0.000E+00     0.000E+00     0.000E+00
 B_05       0.000E+00     0.000E+00     0.000E+00     0.000E+00     0.000E+00
 B_06       0.000E+00     0.000E+00     0.000E+00     0.000E+00     0.000E+00


           Derivatives With Respect to BETA
              B_01          B_02          B_03          B_04          B_05
              ________      ________      ________      ________      ________
 IA         0.000E+00     0.000E+00     0.000E+00     0.000E+00     0.000E+00
 SA         0.000E+00     0.000E+00     0.000E+00     0.000E+00     0.000E+00
 IB         0.000E+00     0.000E+00     0.000E+00     0.000E+00     0.000E+00
 SB         0.000E+00     0.000E+00     0.000E+00     0.000E+00     0.000E+00
 A_01       0.000E+00     0.000E+00     0.000E+00     0.000E+00     0.000E+00
 A_02       0.000E+00     0.000E+00     0.000E+00     0.000E+00     0.000E+00
 A_03       0.000E+00     0.000E+00     0.000E+00     0.000E+00     0.000E+00
 A_04       0.000E+00     0.000E+00     0.000E+00     0.000E+00     0.000E+00
 A_05       0.000E+00     0.000E+00     0.000E+00     0.000E+00     0.000E+00
 A_06       0.000E+00     0.000E+00     0.000E+00     0.000E+00     0.000E+00
 B_01       0.000E+00     0.000E+00     0.000E+00     0.000E+00     0.000E+00
 B_02       0.000E+00     0.000E+00     0.000E+00     0.000E+00     0.000E+00
 B_03       0.000E+00     0.000E+00     0.000E+00     0.000E+00     0.000E+00
 B_04       0.000E+00     0.000E+00     0.000E+00     0.000E+00     0.000E+00
 B_05       0.000E+00     0.000E+00     0.000E+00     0.000E+00     0.000E+00
 B_06       0.000E+00     0.000E+00     0.000E+00     0.000E+00     0.000E+00


           Derivatives With Respect to BETA
              B_06
              ________
 IA         0.000E+00
 SA         0.000E+00
 IB         0.000E+00
 SB         0.000E+00
 A_01       0.000E+00
 A_02       0.000E+00
 A_03       0.000E+00
 A_04       0.000E+00
 A_05       0.000E+00
 A_06       0.000E+00
 B_01       0.000E+00
 B_02       0.000E+00
 B_03       0.000E+00
 B_04       0.000E+00
 B_05       0.000E+00
 B_06       0.000E+00


           Derivatives With Respect to PSI
              IA            SA            IB            SB            A_01
              ________      ________      ________      ________      ________
 IA        -0.103E-06
 SA        -0.310E-06     0.236E-05
 IB        -0.192E-06     0.109E-05     0.734E-07
 SB         0.130E-04    -0.418E-04    -0.581E-05    -0.971E-04
 A_01       0.000E+00     0.000E+00     0.000E+00     0.000E+00    -0.264E-06
 A_02       0.000E+00     0.000E+00     0.000E+00     0.000E+00     0.000E+00
 A_03       0.000E+00     0.000E+00     0.000E+00     0.000E+00     0.000E+00
 A_04       0.000E+00     0.000E+00     0.000E+00     0.000E+00     0.000E+00
 A_05       0.000E+00     0.000E+00     0.000E+00     0.000E+00     0.000E+00
 A_06       0.000E+00     0.000E+00     0.000E+00     0.000E+00     0.000E+00
 B_01       0.000E+00     0.000E+00     0.000E+00     0.000E+00    -0.496E-05
 B_02       0.000E+00     0.000E+00     0.000E+00     0.000E+00     0.000E+00
 B_03       0.000E+00     0.000E+00     0.000E+00     0.000E+00     0.000E+00
 B_04       0.000E+00     0.000E+00     0.000E+00     0.000E+00     0.000E+00
 B_05       0.000E+00     0.000E+00     0.000E+00     0.000E+00     0.000E+00
 B_06       0.000E+00     0.000E+00     0.000E+00     0.000E+00     0.000E+00


           Derivatives With Respect to PSI
              A_02          A_03          A_04          A_05          A_06
              ________      ________      ________      ________      ________
 A_02      -0.401E-07
 A_03       0.000E+00    -0.163E-07
 A_04       0.000E+00     0.000E+00    -0.225E-09
 A_05       0.000E+00     0.000E+00     0.000E+00     0.491E-08
 A_06       0.000E+00     0.000E+00     0.000E+00     0.000E+00     0.238E-09
 B_01       0.000E+00     0.000E+00     0.000E+00     0.000E+00     0.000E+00
 B_02       0.000E+00     0.000E+00     0.000E+00     0.000E+00     0.000E+00
 B_03       0.000E+00     0.000E+00     0.000E+00     0.000E+00     0.000E+00
 B_04       0.000E+00     0.000E+00     0.000E+00     0.000E+00     0.000E+00
 B_05       0.000E+00     0.000E+00     0.000E+00     0.000E+00     0.000E+00
 B_06       0.000E+00     0.000E+00     0.000E+00     0.000E+00     0.000E+00


           Derivatives With Respect to PSI
              B_01          B_02          B_03          B_04          B_05
              ________      ________      ________      ________      ________
 B_01       0.563E-06
 B_02       0.000E+00    -0.117E-06
 B_03       0.000E+00     0.000E+00    -0.355E-06
 B_04       0.000E+00     0.000E+00     0.000E+00     0.151E-06
 B_05       0.000E+00     0.000E+00     0.000E+00     0.000E+00     0.158E-05
 B_06       0.000E+00     0.000E+00     0.000E+00     0.000E+00     0.000E+00


           Derivatives With Respect to PSI
              B_06
              ________
 B_06       0.905E-06


TECHNICAL 3 OUTPUT


           ESTIMATED COVARIANCE MATRIX FOR PARAMETER ESTIMATES
                     1             2             3             4             5
              ________      ________      ________      ________      ________
        1   0.457612D-02
        2   0.323295D-01  0.446416D+00
        3  -0.407761D-04 -0.681600D-03  0.731057D-04
        4  -0.355570D-04 -0.227180D-03 -0.475524D-05  0.281253D-05
        5   0.942922D-04  0.401948D-03  0.203183D-05 -0.171642D-05  0.457465D-03
        6  -0.391396D-05 -0.327432D-04  0.983668D-07  0.223697D-06 -0.455059D-04
        7   0.936674D-04  0.117192D-02 -0.120889D-03  0.469994D-05 -0.239925D-05
        8   0.106221D-04  0.735305D-04  0.348387D-05 -0.113539D-05  0.113411D-05
        9   0.853599D-05  0.756762D-04 -0.104223D-06 -0.603252D-06  0.493013D-06
       10  -0.106981D-05 -0.202604D-03 -0.409530D-05  0.313200D-06 -0.578559D-04
       11  -0.783572D-05 -0.539972D-04  0.916922D-06  0.429173D-06 -0.168819D-05
       12  -0.805702D-04 -0.333984D-03 -0.141814D-05 -0.442818D-06 -0.280776D-03
       13  -0.888812D-06  0.119175D-04 -0.784238D-06  0.584818D-07  0.119015D-04
       14   0.142738D-05  0.947014D-05 -0.115026D-07 -0.935193D-07  0.743088D-06
       15   0.139270D-05  0.825892D-05 -0.794727D-06  0.265421D-06  0.389640D-05
       16   0.552084D-07  0.248659D-05  0.590993D-07 -0.469730D-07  0.273809D-05
       17   0.157920D-04  0.303997D-03 -0.113604D-04 -0.809928D-06  0.127511D-04
       18   0.757700D-04  0.734411D-03 -0.534183D-04  0.886108D-06 -0.890067D-05
       19   0.171106D-03  0.189018D-02 -0.477214D-04 -0.516678D-05 -0.431924D-05
       20   0.979797D-04  0.837832D-03 -0.136223D-04 -0.197094D-05 -0.495500D-06
       21   0.862510D-04  0.340397D-03 -0.196425D-05 -0.548718D-05 -0.743867D-06
       22   0.172803D-03  0.643279D-03  0.211176D-04 -0.142586D-04  0.589075D-05
       23  -0.467930D-04 -0.494788D-03 -0.468910D-05  0.362229D-05  0.530586D-04
       24   0.965774D-04  0.147197D-02 -0.178135D-04 -0.534381D-06 -0.341390D-03
       25   0.154810D-04  0.613153D-03 -0.267128D-04  0.466883D-07 -0.624659D-04
       26   0.602787D-04  0.554293D-03 -0.113228D-04 -0.886065D-06 -0.242557D-04
       27   0.930771D-04  0.739870D-03 -0.703126D-05 -0.262967D-05 -0.344224D-04
       28   0.106210D-03  0.452149D-03 -0.966004D-05 -0.182216D-05 -0.361055D-04
       29   0.955252D-04  0.525881D-03 -0.147835D-04 -0.105498D-05 -0.847770D-04


           ESTIMATED COVARIANCE MATRIX FOR PARAMETER ESTIMATES
                     6             7             8             9            10
              ________      ________      ________      ________      ________
        6   0.866103D-05
        7  -0.163627D-06  0.515634D-03
        8  -0.165600D-06 -0.204821D-04  0.464677D-05
        9  -0.869957D-07  0.128752D-05 -0.288673D-06  0.397292D-06
       10   0.109535D-04  0.100107D-04 -0.428603D-06  0.290581D-06  0.411447D-03
       11   0.736807D-06 -0.137924D-05  0.109153D-07 -0.339109D-06 -0.250253D-04
       12   0.224272D-04 -0.292357D-04 -0.229977D-05  0.551608D-06 -0.100413D-03
       13  -0.298847D-05  0.162891D-05  0.410507D-07 -0.224808D-07 -0.509497D-04
       14  -0.237286D-06  0.384079D-07  0.428948D-07  0.482412D-07  0.237275D-05
       15  -0.430670D-06  0.471870D-05 -0.352528D-07 -0.461544D-07  0.215605D-04
       16  -0.553762D-06 -0.721713D-06  0.427279D-07  0.255681D-08 -0.435346D-05
       17  -0.156605D-05 -0.603722D-04  0.105466D-04 -0.832445D-06 -0.112923D-04
       18   0.754757D-06  0.713054D-04 -0.368252D-06  0.787604D-06  0.124019D-04
       19   0.353206D-06  0.389386D-04  0.107815D-05  0.220636D-05  0.641308D-05
       20   0.573482D-06  0.927996D-05  0.113560D-05  0.280802D-06  0.134201D-05
       21  -0.576118D-06  0.466951D-05 -0.158033D-05  0.136564D-06 -0.302638D-06
       22   0.103037D-06  0.466434D-05  0.121317D-05 -0.232754D-06 -0.224731D-04
       23  -0.883361D-05 -0.436769D-04 -0.734346D-06 -0.680086D-06 -0.149835D-03
       24   0.464418D-04  0.556105D-04  0.144818D-05 -0.817741D-06  0.116802D-03
       25   0.571535D-05  0.649043D-04 -0.984652D-06  0.167789D-06  0.736175D-04
       26  -0.250861D-05  0.172053D-04 -0.104482D-05  0.415262D-06  0.237381D-04
       27  -0.328895D-05  0.649297D-05 -0.458207D-06  0.507228D-06 -0.354535D-06
       28  -0.441349D-05  0.120581D-04 -0.350418D-06  0.437569D-06  0.468108D-04
       29   0.789295D-05  0.384823D-04 -0.209330D-05  0.143455D-06  0.307173D-04


           ESTIMATED COVARIANCE MATRIX FOR PARAMETER ESTIMATES
                    11            12            13            14            15
              ________      ________      ________      ________      ________
       11   0.114119D-04
       12   0.139566D-04  0.621637D-02
       13   0.238405D-05  0.177454D-04  0.117448D-04
       14  -0.120639D-05 -0.185954D-05 -0.456062D-06  0.244082D-06
       15  -0.116953D-05 -0.686362D-03 -0.361706D-05  0.735272D-07  0.105070D-03
       16   0.664212D-07  0.873177D-04  0.816269D-06  0.159149D-07 -0.168996D-04
       17  -0.331879D-06 -0.633838D-05  0.200573D-05  0.154791D-06 -0.116884D-05
       18  -0.110110D-05 -0.175471D-04 -0.397021D-06  0.127337D-06  0.403520D-05
       19  -0.993656D-06  0.297997D-04 -0.216533D-05  0.212553D-06 -0.315765D-05
       20  -0.792821D-06  0.311335D-04 -0.343251D-06  0.124950D-06 -0.613374D-05
       21   0.190753D-05  0.161474D-04 -0.965769D-06 -0.975257D-07 -0.137265D-05
       22   0.330439D-05  0.409430D-04  0.239974D-05 -0.384951D-06 -0.697127D-05
       23   0.208248D-04  0.441034D-03  0.268711D-04 -0.322211D-05 -0.634516D-04
       24  -0.255644D-05 -0.381828D-02 -0.226749D-04 -0.281591D-07  0.572257D-03
       25  -0.622824D-05 -0.247651D-02 -0.858124D-05  0.711156D-06  0.314112D-03
       26  -0.387312D-05 -0.105128D-02 -0.131858D-05  0.912007D-06  0.762209D-04
       27  -0.286997D-05  0.881917D-04 -0.109418D-05  0.645108D-06 -0.326808D-04
       28  -0.280980D-05 -0.537398D-03 -0.955784D-05  0.381003D-06  0.142987D-03
       29   0.246387D-06 -0.132104D-02 -0.154458D-05 -0.743179D-06  0.349925D-03


           ESTIMATED COVARIANCE MATRIX FOR PARAMETER ESTIMATES
                    16            17            18            19            20
              ________      ________      ________      ________      ________
       16   0.359001D-05
       17   0.342757D-06  0.188836D-03
       18  -0.684332D-06 -0.362351D-04  0.292499D-03
       19   0.439256D-06 -0.665158D-05  0.341289D-04  0.430812D-03
       20   0.151997D-05  0.666554D-05  0.838049D-05 -0.959463D-05  0.414486D-03
       21   0.313741D-06  0.106350D-04 -0.727334D-05  0.214531D-05 -0.913216D-05
       22   0.937127D-06  0.191433D-04 -0.462064D-05 -0.925725D-05 -0.410450D-04
       23   0.105585D-04 -0.199167D-04 -0.958802D-05 -0.165471D-05  0.270334D-05
       24  -0.947256D-04  0.631025D-05  0.832185D-04  0.329268D-04 -0.981695D-05
       25  -0.462049D-04  0.883350D-05  0.285576D-04 -0.368749D-05  0.535337D-05
       26  -0.357851D-05  0.727298D-05  0.844103D-05  0.107623D-05  0.110825D-04
       27   0.404983D-05 -0.203600D-05  0.509786D-05  0.141334D-04  0.786628D-05
       28  -0.519295D-04  0.137549D-04  0.134664D-04 -0.939236D-06 -0.167181D-04
       29  -0.102557D-03  0.199516D-04  0.100027D-04 -0.699075D-05 -0.198703D-04


           ESTIMATED COVARIANCE MATRIX FOR PARAMETER ESTIMATES
                    21            22            23            24            25
              ________      ________      ________      ________      ________
       21   0.498695D-03
       22  -0.893709D-04  0.106117D-02
       23   0.628694D-05 -0.156952D-06  0.104426D-02
       24  -0.332622D-04  0.129198D-04 -0.759269D-03  0.916014D-02
       25   0.103607D-04 -0.379076D-04 -0.349405D-03  0.196347D-02  0.268776D-02
       26   0.201739D-04 -0.178187D-04 -0.589353D-04  0.133448D-03  0.340858D-03
       27  -0.222741D-05 -0.305164D-05  0.281733D-04 -0.152277D-03 -0.126627D-03
       28   0.101851D-05 -0.131133D-05 -0.503254D-04  0.110693D-02  0.349693D-03
       29   0.655910D-05  0.584495D-04 -0.239723D-03  0.227097D-02  0.110383D-02


           ESTIMATED COVARIANCE MATRIX FOR PARAMETER ESTIMATES
                    26            27            28            29
              ________      ________      ________      ________
       26   0.234049D-02
       27  -0.165558D-04  0.187806D-02
       28  -0.644502D-04  0.512996D-04  0.368943D-02
       29  -0.154525D-03  0.209908D-04  0.208671D-02  0.574367D-02


           ESTIMATED CORRELATION MATRIX FOR PARAMETER ESTIMATES
                     1             2             3             4             5
              ________      ________      ________      ________      ________
        1       1.000
        2       0.715         1.000
        3      -0.070        -0.119         1.000
        4      -0.313        -0.203        -0.332         1.000
        5       0.065         0.028         0.011        -0.048         1.000
        6      -0.020        -0.017         0.004         0.045        -0.723
        7       0.061         0.077        -0.623         0.123        -0.005
        8       0.073         0.051         0.189        -0.314         0.025
        9       0.200         0.180        -0.019        -0.571         0.037
       10      -0.001        -0.015        -0.024         0.009        -0.133
       11      -0.034        -0.024         0.032         0.076        -0.023
       12      -0.015        -0.006        -0.002        -0.003        -0.166
       13      -0.004         0.005        -0.027         0.010         0.162
       14       0.043         0.029        -0.003        -0.113         0.070
       15       0.002         0.001        -0.009         0.015         0.018
       16       0.000         0.002         0.004        -0.015         0.068
       17       0.017         0.033        -0.097        -0.035         0.043
       18       0.065         0.064        -0.365         0.031        -0.024
       19       0.122         0.136        -0.269        -0.148        -0.010
       20       0.071         0.062        -0.078        -0.058        -0.001
       21       0.057         0.023        -0.010        -0.147        -0.002
       22       0.078         0.030         0.076        -0.261         0.008
       23      -0.021        -0.023        -0.017         0.067         0.077
       24       0.015         0.023        -0.022        -0.003        -0.167
       25       0.004         0.018        -0.060         0.001        -0.056
       26       0.018         0.017        -0.027        -0.011        -0.023
       27       0.032         0.026        -0.019        -0.036        -0.037
       28       0.026         0.011        -0.019        -0.018        -0.028
       29       0.019         0.010        -0.023        -0.008        -0.052


           ESTIMATED CORRELATION MATRIX FOR PARAMETER ESTIMATES
                     6             7             8             9            10
              ________      ________      ________      ________      ________
        6       1.000
        7      -0.002         1.000
        8      -0.026        -0.418         1.000
        9      -0.047         0.090        -0.212         1.000
       10       0.183         0.022        -0.010         0.023         1.000
       11       0.074        -0.018         0.001        -0.159        -0.365
       12       0.097        -0.016        -0.014         0.011        -0.063
       13      -0.296         0.021         0.006        -0.010        -0.733
       14      -0.163         0.003         0.040         0.155         0.237
       15      -0.014         0.020        -0.002        -0.007         0.104
       16      -0.099        -0.017         0.010         0.002        -0.113
       17      -0.039        -0.193         0.356        -0.096        -0.041
       18       0.015         0.184        -0.010         0.073         0.036
       19       0.006         0.083         0.024         0.169         0.015
       20       0.010         0.020         0.026         0.022         0.003
       21      -0.009         0.009        -0.033         0.010        -0.001
       22       0.001         0.006         0.017        -0.011        -0.034
       23      -0.093        -0.060        -0.011        -0.033        -0.229
       24       0.165         0.026         0.007        -0.014         0.060
       25       0.037         0.055        -0.009         0.005         0.070
       26      -0.018         0.016        -0.010         0.014         0.024
       27      -0.026         0.007        -0.005         0.019         0.000
       28      -0.025         0.009        -0.003         0.011         0.038
       29       0.035         0.022        -0.013         0.003         0.020


           ESTIMATED CORRELATION MATRIX FOR PARAMETER ESTIMATES
                    11            12            13            14            15
              ________      ________      ________      ________      ________
       11       1.000
       12       0.052         1.000
       13       0.206         0.066         1.000
       14      -0.723        -0.048        -0.269         1.000
       15      -0.034        -0.849        -0.103         0.015         1.000
       16       0.010         0.585         0.126         0.017        -0.870
       17      -0.007        -0.006         0.043         0.023        -0.008
       18      -0.019        -0.013        -0.007         0.015         0.023
       19      -0.014         0.018        -0.030         0.021        -0.015
       20      -0.012         0.019        -0.005         0.012        -0.029
       21       0.025         0.009        -0.013        -0.009        -0.006
       22       0.030         0.016         0.021        -0.024        -0.021
       23       0.191         0.173         0.243        -0.202        -0.192
       24      -0.008        -0.506        -0.069        -0.001         0.583
       25      -0.036        -0.606        -0.048         0.028         0.591
       26      -0.024        -0.276        -0.008         0.038         0.154
       27      -0.020         0.026        -0.007         0.030        -0.074
       28      -0.014        -0.112        -0.046         0.013         0.230
       29       0.001        -0.221        -0.006        -0.020         0.450


           ESTIMATED CORRELATION MATRIX FOR PARAMETER ESTIMATES
                    16            17            18            19            20
              ________      ________      ________      ________      ________
       16       1.000
       17       0.013         1.000
       18      -0.021        -0.154         1.000
       19       0.011        -0.023         0.096         1.000
       20       0.039         0.024         0.024        -0.023         1.000
       21       0.007         0.035        -0.019         0.005        -0.020
       22       0.015         0.043        -0.008        -0.014        -0.062
       23       0.172        -0.045        -0.017        -0.002         0.004
       24      -0.522         0.005         0.051         0.017        -0.005
       25      -0.470         0.012         0.032        -0.003         0.005
       26      -0.039         0.011         0.010         0.001         0.011
       27       0.049        -0.003         0.007         0.016         0.009
       28      -0.451         0.016         0.013        -0.001        -0.014
       29      -0.714         0.019         0.008        -0.004        -0.013


           ESTIMATED CORRELATION MATRIX FOR PARAMETER ESTIMATES
                    21            22            23            24            25
              ________      ________      ________      ________      ________
       21       1.000
       22      -0.123         1.000
       23       0.009         0.000         1.000
       24      -0.016         0.004        -0.245         1.000
       25       0.009        -0.022        -0.209         0.396         1.000
       26       0.019        -0.011        -0.038         0.029         0.136
       27      -0.002        -0.002         0.020        -0.037        -0.056
       28       0.001        -0.001        -0.026         0.190         0.111
       29       0.004         0.024        -0.098         0.313         0.281


           ESTIMATED CORRELATION MATRIX FOR PARAMETER ESTIMATES
                    26            27            28            29
              ________      ________      ________      ________
       26       1.000
       27      -0.008         1.000
       28      -0.022         0.019         1.000
       29      -0.042         0.006         0.453         1.000


     Beginning Time:  17:17:44
        Ending Time:  17:30:27
       Elapsed Time:  00:12:43



MUTHEN & MUTHEN
3463 Stoner Ave.
Los Angeles, CA  90066

Tel: (310) 391-9971
Fax: (310) 391-8971
Web: www.StatModel.com
Support: Support@StatModel.com

Copyright (c) 1998-2015 Muthen & Muthen
