Mplus VERSION 7.4 (Mac)
MUTHEN & MUTHEN
01/07/2018   5:21 PM

INPUT INSTRUCTIONS

  TITLE:
  LGM, nested in ALT
  DATA:
  File = wide-dataset-b.dat ;
  VARIABLE:
  NAMES are
   id hhid male birthyr_rand birthmo_rand race_rand hispanic_rand cohort
      raedyrs raedegrm memoryproblems_baseline memory_disease_ever age_baseline
      age_baseline_65 health_conditions_baseline healthcond_mean activity_mean_2004
      activity_mean_2006 activity_mean_2008 activity_mean_2010 activity_mean_2012
      activity_mean_2014 activity_sum_2004 activity_sum_2006 activity_sum_2008
      activity_sum_2010 activity_sum_2012 activity_sum_2014 close_social_network_2004
      close_social_network_2006 close_social_network_2008 close_social_network_2010
      close_social_network_2012 close_social_network_2014 countb20r_2004
      countb20r_2006 countb20r_2008 countb20r_2010 countb20r_2012 countb20r_2014
      crp_adj_2004 crp_adj_2006 crp_adj_2008 crp_adj_2010 crp_adj_2012 crp_adj_2014
      dep_total_2004 dep_total_2006 dep_total_2008 dep_total_2010 dep_total_2012
      dep_total_2014 exercise_2004 exercise_2006 exercise_2008 exercise_2010
      exercise_2012 exercise_2014 healthcond_2004 healthcond_2006 healthcond_2008
      healthcond_2010 healthcond_2012 healthcond_2014 hhres_2004 hhres_2006
      hhres_2008 hhres_2010 hhres_2012 hhres_2014 hrs_tscore_2004 hrs_tscore_2006
      hrs_tscore_2008 hrs_tscore_2010 hrs_tscore_2012 hrs_tscore_2014 intage_r_2004
      intage_r_2006 intage_r_2008 intage_r_2010 intage_r_2012 intage_r_2014
      interview_date_2004 interview_date_2006 interview_date_2008 interview_date_2010
      interview_date_2012 interview_date_2014 lb_65_wave_2004 lb_65_wave_2006
      lb_65_wave_2008 lb_65_wave_2010 lb_65_wave_2012 lb_65_wave_2014 lb_wave_2004
      lb_wave_2006 lb_wave_2008 lb_wave_2010 lb_wave_2012 lb_wave_2014 listassi_2004
      listassi_2006 listassi_2008 listassi_2010 listassi_2012 listassi_2014
      mentalstatus_tot_2004 mentalstatus_tot_2006 mentalstatus_tot_2008
      mentalstatus_tot_2010 mentalstatus_tot_2012 mentalstatus_tot_2014 proxy_2004
      proxy_2006 proxy_2008 proxy_2010 proxy_2012 proxy_2014 responded_2004
      responded_2006 responded_2008 responded_2010 responded_2012 responded_2014
      rmaritalst_2004 rmaritalst_2006 rmaritalst_2008 rmaritalst_2010 rmaritalst_2012
      rmaritalst_2014 rpartst_2004 rpartst_2006 rpartst_2008 rpartst_2010
      rpartst_2012 rpartst_2014 score_loneliness_11_2004 score_loneliness_11_2006
      score_loneliness_11_2008 score_loneliness_11_2010 score_loneliness_11_2012
      score_loneliness_11_2014 score_loneliness_3_2004 score_loneliness_3_2006
      score_loneliness_3_2008 score_loneliness_3_2010 score_loneliness_3_2012
      score_loneliness_3_2014 shhidpnr_2004 shhidpnr_2006 shhidpnr_2008 shhidpnr_2010
      shhidpnr_2012 shhidpnr_2014 snchild_2004 snchild_2006 snchild_2008 snchild_2010
      snchild_2012 snchild_2014 snfamily_2004 snfamily_2006 snfamily_2008
      snfamily_2010 snfamily_2012 snfamily_2014 snfriends_2004 snfriends_2006
      snfriends_2008 snfriends_2010 snfriends_2012 snfriends_2014 snspouse_2004
      snspouse_2006 snspouse_2008 snspouse_2010 snspouse_2012 snspouse_2014
      social_contact_total_2004 social_contact_total_2006 social_contact_total_2008
      social_contact_total_2010 social_contact_total_2012 social_contact_total_2014
      social_strain_mean_2004 social_strain_mean_2006 social_strain_mean_2008
      social_strain_mean_2010 social_strain_mean_2012 social_strain_mean_2014
      social_support_mean_2004 social_support_mean_2006 social_support_mean_2008
      social_support_mean_2010 social_support_mean_2012 social_support_mean_2014
      socialnetwork_total_2004 socialnetwork_total_2006 socialnetwork_total_2008
      socialnetwork_total_2010 socialnetwork_total_2012 socialnetwork_total_2014
      srmemory_2004 srmemory_2006 srmemory_2008 srmemory_2010 srmemory_2012
      srmemory_2014 srmemoryp_2004 srmemoryp_2006 srmemoryp_2008 srmemoryp_2010
      srmemoryp_2012 srmemoryp_2014 vocab_total_2004 vocab_total_2006 vocab_total_2008
      vocab_total_2010 vocab_total_2012 vocab_total_2014 wrectotd_2004 wrectotd_2006
      wrectotd_2008 wrectotd_2010 wrectotd_2012 wrectotd_2014 wrectoti_2004
      wrectoti_2006 wrectoti_2008 wrectoti_2010 wrectoti_2012 wrectoti_2014
  	;
  Missing are all(9999);
  USEVARIABLES are
  	!define the variables used in the analysis
  	!estimated time points
  a_01
  a_02
  a_03
  a_04
  a_05
  a_06
  	! covariates used in the model
   	;
  SUBPOPULATION are
  	!select a subset of observations
  age_baseline > 64 AND
  memory_disease_ever EQ 0
  ;
  CLUSTER = hhid;
  DEFINE:
    ! centre baseline age
  a = age_baseline - 69;
  	! assign variables to the process (A)
  a_01=wrectotd_2004;
  a_02=wrectotd_2006;
  a_03=wrectotd_2008;
  a_04=wrectotd_2010;
  a_05=wrectotd_2012;
  a_06=wrectotd_2014;
  ANALYSIS:
  TYPE = COMPLEX RANDOM;
  COVERAGE=.00;
  H1ITERATIONS = 10000;
  MODEL:
  	!LGM part
  	! assign process (A) to time points
  ia sa | a_02@0 a_03@2 a_04@4 a_05@6 a_06@8;
  	! assign process (B) to time points
  	!autoregressive part
  a_01;
  a_02 ON a_01@0;
  a_03 ON a_02@0;
  a_04 ON a_03@0;
  a_05 ON a_04@0;
  a_06 ON a_05@0;
  	
  OUTPUT: SAMPSTAT MODINDICES (3.0); TECH1 TECH2 TECH3;;



INPUT READING TERMINATED NORMALLY




LGM, nested in ALT

SUMMARY OF ANALYSIS

Number of groups                                                 1
Number of observations                                        5952

Number of dependent variables                                    5
Number of independent variables                                  1
Number of continuous latent variables                            2

Observed dependent variables

  Continuous
   A_02        A_03        A_04        A_05        A_06

Observed independent variables
   A_01

Continuous latent variables
   IA          SA

Variables with special functions

  Cluster variable      HHID

Estimator                                                      MLR
Information matrix                                        OBSERVED
Maximum number of iterations                                   100
Convergence criterion                                    0.100D-05
Maximum number of EM iterations                                500
Convergence criteria for the EM algorithm
  Loglikelihood change                                   0.100D-02
  Relative loglikelihood change                          0.100D-05
  Derivative                                             0.100D-03
Minimum variance                                         0.100D-03
Maximum number of steepest descent iterations                   20
Maximum number of iterations for H1                          10000
Convergence criterion for H1                             0.100D-03
Optimization algorithm                                         EMA

Input data file(s)
  wide-dataset-b.dat
Input data format  FREE


SUMMARY OF DATA

     Number of missing data patterns            62
     Number of clusters        4882



SAMPLE STATISTICS


     ESTIMATED SAMPLE STATISTICS


           Means
              A_02          A_03          A_04          A_05          A_06
              ________      ________      ________      ________      ________
 1              4.216         4.110         3.722         3.507         3.316


           Means
              A_01
              ________
 1              4.374


           Covariances
              A_02          A_03          A_04          A_05          A_06
              ________      ________      ________      ________      ________
 A_02           3.590
 A_03           1.659         3.524
 A_04           1.801         1.791         3.810
 A_05           1.721         1.935         1.992         3.966
 A_06           1.871         1.709         2.106         2.181         3.992
 A_01           1.739         1.665         1.599         1.710         1.604


           Covariances
              A_01
              ________
 A_01           3.403


           Correlations
              A_02          A_03          A_04          A_05          A_06
              ________      ________      ________      ________      ________
 A_02           1.000
 A_03           0.466         1.000
 A_04           0.487         0.489         1.000
 A_05           0.456         0.518         0.512         1.000
 A_06           0.494         0.456         0.540         0.548         1.000
 A_01           0.497         0.481         0.444         0.466         0.435


           Correlations
              A_01
              ________
 A_01           1.000


     MAXIMUM LOG-LIKELIHOOD VALUE FOR THE UNRESTRICTED (H1) MODEL IS -61181.437


UNIVARIATE SAMPLE STATISTICS


     UNIVARIATE HIGHER-ORDER MOMENT DESCRIPTIVE STATISTICS

         Variable/         Mean/     Skewness/   Minimum/ % with                Percentiles
        Sample Size      Variance    Kurtosis    Maximum  Min/Max      20%/60%    40%/80%    Median

     A_02                  4.227      -0.154       0.000    4.88%       3.000      4.000      4.000
            5671.000       3.575       0.108      10.000    0.37%       5.000      6.000
     A_03                  4.123      -0.205       0.000    5.40%       3.000      4.000      4.000
            5775.000       3.519      -0.027      10.000    0.14%       5.000      6.000
     A_04                  3.750      -0.101       0.000    8.11%       2.000      3.000      4.000
            5669.000       3.793      -0.258      10.000    0.11%       4.000      5.000
     A_05                  3.607      -0.083       0.000    9.78%       2.000      3.000      4.000
            5132.000       3.896      -0.361      10.000    0.12%       4.000      5.000
     A_06                  3.492      -0.040       0.000   10.50%       2.000      3.000      4.000
            4429.000       3.860      -0.393      10.000    0.07%       4.000      5.000
     A_01                  4.400      -0.160       0.000    3.69%       3.000      4.000      4.000
            5478.000       3.390       0.175      10.000    0.31%       5.000      6.000


THE MODEL ESTIMATION TERMINATED NORMALLY



MODEL FIT INFORMATION

Number of Free Parameters                       14

Loglikelihood

          H0 Value                      -61243.872
          H0 Scaling Correction Factor      1.1820
            for MLR
          H1 Value                      -61181.437
          H1 Scaling Correction Factor      1.1511
            for MLR

Information Criteria

          Akaike (AIC)                  122515.744
          Bayesian (BIC)                122609.425
          Sample-Size Adjusted BIC      122564.936
            (n* = (n + 2) / 24)

Chi-Square Test of Model Fit

          Value                            111.704*
          Degrees of Freedom                    13
          P-Value                           0.0000
          Scaling Correction Factor         1.1179
            for MLR

*   The chi-square value for MLM, MLMV, MLR, ULSMV, WLSM and WLSMV cannot be used
    for chi-square difference testing in the regular way.  MLM, MLR and WLSM
    chi-square difference testing is described on the Mplus website.  MLMV, WLSMV,
    and ULSMV difference testing is done using the DIFFTEST option.

RMSEA (Root Mean Square Error Of Approximation)

          Estimate                           0.036

CFI/TLI

          CFI                                0.988
          TLI                                0.986

Chi-Square Test of Model Fit for the Baseline Model

          Value                           8323.962
          Degrees of Freedom                    15
          P-Value                           0.0000

SRMR (Standardized Root Mean Square Residual)

          Value                              0.015



MODEL RESULTS

                                                    Two-Tailed
                    Estimate       S.E.  Est./S.E.    P-Value

 IA       |
    A_02               1.000      0.000    999.000    999.000
    A_03               1.000      0.000    999.000    999.000
    A_04               1.000      0.000    999.000    999.000
    A_05               1.000      0.000    999.000    999.000
    A_06               1.000      0.000    999.000    999.000

 SA       |
    A_02               0.000      0.000    999.000    999.000
    A_03               2.000      0.000    999.000    999.000
    A_04               4.000      0.000    999.000    999.000
    A_05               6.000      0.000    999.000    999.000
    A_06               8.000      0.000    999.000    999.000

 A_02       ON
    A_01               0.000      0.000    999.000    999.000

 A_03       ON
    A_02               0.000      0.000    999.000    999.000

 A_04       ON
    A_03               0.000      0.000    999.000    999.000

 A_05       ON
    A_04               0.000      0.000    999.000    999.000

 A_06       ON
    A_05               0.000      0.000    999.000    999.000

 SA       WITH
    IA                 0.016      0.007      2.126      0.034

 A_01     WITH
    IA                 1.707      0.050     34.371      0.000
    SA                -0.011      0.006     -1.691      0.091

 Means
    A_01               4.374      0.025    175.139      0.000
    IA                 4.258      0.023    188.447      0.000
    SA                -0.121      0.003    -36.365      0.000

 Intercepts
    A_02               0.000      0.000    999.000    999.000
    A_03               0.000      0.000    999.000    999.000
    A_04               0.000      0.000    999.000    999.000
    A_05               0.000      0.000    999.000    999.000
    A_06               0.000      0.000    999.000    999.000

 Variances
    A_01               3.403      0.068     50.147      0.000
    IA                 1.664      0.059     28.411      0.000
    SA                 0.006      0.002      3.941      0.000

 Residual Variances
    A_02               1.890      0.058     32.470      0.000
    A_03               1.857      0.049     38.031      0.000
    A_04               1.894      0.049     38.456      0.000
    A_05               1.842      0.051     35.815      0.000
    A_06               1.728      0.064     26.933      0.000


QUALITY OF NUMERICAL RESULTS

     Condition Number for the Information Matrix              0.122E-02
       (ratio of smallest to largest eigenvalue)


MODEL MODIFICATION INDICES

NOTE:  Modification indices for direct effects of observed dependent variables
regressed on covariates may not be included.  To include these, request
MODINDICES (ALL).

Minimum M.I. value for printing the modification index     3.000

                                   M.I.     E.P.C.


ON/BY Statements

A_02     ON IA       /
IA       BY A_02                   8.802    -0.021
A_02     ON SA       /
SA       BY A_02                  12.329     0.852
A_03     ON IA       /
IA       BY A_03                  27.777     0.027
A_03     ON SA       /
SA       BY A_03                  41.552    -1.158
A_04     ON IA       /
IA       BY A_04                   8.130    -0.014
A_04     ON SA       /
SA       BY A_04                  13.893     0.645
A_06     ON SA       /
SA       BY A_06                   3.147    -0.463

ON Statements

IA       ON A_03                   4.785    -0.038
IA       ON A_04                   9.708     0.048
SA       ON A_03                   7.300    -0.007
A_02     ON A_02                   8.802    -0.021
A_02     ON A_03                  10.668    -0.023
A_02     ON A_04                   3.024    -0.012
A_02     ON A_05                  15.777    -0.030
A_02     ON A_01                   6.905    -0.017
A_03     ON A_02                  23.057     0.024
A_03     ON A_03                  26.608     0.028
A_03     ON A_04                  23.154     0.026
A_03     ON A_05                  33.249     0.033
A_03     ON A_06                   7.532     0.017
A_03     ON A_01                  27.433     0.025
A_04     ON A_02                   4.626    -0.010
A_04     ON A_03                   6.423    -0.013
A_04     ON A_04                   7.264    -0.015
A_04     ON A_05                   7.559    -0.015
A_04     ON A_01                  12.369    -0.016
A_05     ON A_02                   4.366    -0.011
A_06     ON A_02                   5.543     0.016
A_06     ON A_04                   4.295     0.016
A_01     ON A_04                  11.269    -0.061
A_01     ON A_05                   4.414     0.043

WITH Statements

A_03     WITH IA                   4.785    -0.071
A_03     WITH SA                   7.301    -0.014
A_03     WITH A_02                 3.495    -0.096
A_04     WITH IA                   9.708     0.091
A_04     WITH A_02                 4.971     0.078
A_05     WITH A_02                15.301    -0.145
A_05     WITH A_03                17.246     0.148
A_06     WITH A_02                15.298     0.186
A_06     WITH A_03                39.388    -0.249
A_06     WITH A_04                 6.488     0.103
A_01     WITH A_04                11.269    -0.115
A_01     WITH A_05                 4.414     0.079

Means/Intercepts/Thresholds

[ A_02     ]                      11.686    -0.105
[ A_03     ]                      35.448     0.136
[ A_04     ]                       9.189    -0.066


TECHNICAL 1 OUTPUT


     PARAMETER SPECIFICATION


           NU
              A_02          A_03          A_04          A_05          A_06
              ________      ________      ________      ________      ________
 1                  0             0             0             0             0


           NU
              A_01
              ________
 1                  0


           LAMBDA
              IA            SA            A_02          A_03          A_04
              ________      ________      ________      ________      ________
 A_02               0             0             0             0             0
 A_03               0             0             0             0             0
 A_04               0             0             0             0             0
 A_05               0             0             0             0             0
 A_06               0             0             0             0             0
 A_01               0             0             0             0             0


           LAMBDA
              A_05          A_06          A_01
              ________      ________      ________
 A_02               0             0             0
 A_03               0             0             0
 A_04               0             0             0
 A_05               0             0             0
 A_06               0             0             0
 A_01               0             0             0


           THETA
              A_02          A_03          A_04          A_05          A_06
              ________      ________      ________      ________      ________
 A_02               0
 A_03               0             0
 A_04               0             0             0
 A_05               0             0             0             0
 A_06               0             0             0             0             0
 A_01               0             0             0             0             0


           THETA
              A_01
              ________
 A_01               0


           ALPHA
              IA            SA            A_02          A_03          A_04
              ________      ________      ________      ________      ________
 1                  1             2             0             0             0


           ALPHA
              A_05          A_06          A_01
              ________      ________      ________
 1                  0             0             3


           BETA
              IA            SA            A_02          A_03          A_04
              ________      ________      ________      ________      ________
 IA                 0             0             0             0             0
 SA                 0             0             0             0             0
 A_02               0             0             0             0             0
 A_03               0             0             0             0             0
 A_04               0             0             0             0             0
 A_05               0             0             0             0             0
 A_06               0             0             0             0             0
 A_01               0             0             0             0             0


           BETA
              A_05          A_06          A_01
              ________      ________      ________
 IA                 0             0             0
 SA                 0             0             0
 A_02               0             0             0
 A_03               0             0             0
 A_04               0             0             0
 A_05               0             0             0
 A_06               0             0             0
 A_01               0             0             0


           PSI
              IA            SA            A_02          A_03          A_04
              ________      ________      ________      ________      ________
 IA                 4
 SA                 5             6
 A_02               0             0             7
 A_03               0             0             0             8
 A_04               0             0             0             0             9
 A_05               0             0             0             0             0
 A_06               0             0             0             0             0
 A_01              12            13             0             0             0


           PSI
              A_05          A_06          A_01
              ________      ________      ________
 A_05              10
 A_06               0            11
 A_01               0             0            14


     STARTING VALUES


           NU
              A_02          A_03          A_04          A_05          A_06
              ________      ________      ________      ________      ________
 1              0.000         0.000         0.000         0.000         0.000


           NU
              A_01
              ________
 1              0.000


           LAMBDA
              IA            SA            A_02          A_03          A_04
              ________      ________      ________      ________      ________
 A_02           0.000         0.000         1.000         0.000         0.000
 A_03           0.000         0.000         0.000         1.000         0.000
 A_04           0.000         0.000         0.000         0.000         1.000
 A_05           0.000         0.000         0.000         0.000         0.000
 A_06           0.000         0.000         0.000         0.000         0.000
 A_01           0.000         0.000         0.000         0.000         0.000


           LAMBDA
              A_05          A_06          A_01
              ________      ________      ________
 A_02           0.000         0.000         0.000
 A_03           0.000         0.000         0.000
 A_04           0.000         0.000         0.000
 A_05           1.000         0.000         0.000
 A_06           0.000         1.000         0.000
 A_01           0.000         0.000         1.000


           THETA
              A_02          A_03          A_04          A_05          A_06
              ________      ________      ________      ________      ________
 A_02           0.000
 A_03           0.000         0.000
 A_04           0.000         0.000         0.000
 A_05           0.000         0.000         0.000         0.000
 A_06           0.000         0.000         0.000         0.000         0.000
 A_01           0.000         0.000         0.000         0.000         0.000


           THETA
              A_01
              ________
 A_01           0.000


           ALPHA
              IA            SA            A_02          A_03          A_04
              ________      ________      ________      ________      ________
 1              4.064        -0.159         0.000         0.000         0.000


           ALPHA
              A_05          A_06          A_01
              ________      ________      ________
 1              0.000         0.000         4.400


           BETA
              IA            SA            A_02          A_03          A_04
              ________      ________      ________      ________      ________
 IA             0.000         0.000         0.000         0.000         0.000
 SA             0.000         0.000         0.000         0.000         0.000
 A_02           1.000         0.000         0.000         0.000         0.000
 A_03           1.000         2.000         0.000         0.000         0.000
 A_04           1.000         4.000         0.000         0.000         0.000
 A_05           1.000         6.000         0.000         0.000         0.000
 A_06           1.000         8.000         0.000         0.000         0.000
 A_01           0.000         0.000         0.000         0.000         0.000


           BETA
              A_05          A_06          A_01
              ________      ________      ________
 IA             0.000         0.000         0.000
 SA             0.000         0.000         0.000
 A_02           0.000         0.000         0.000
 A_03           0.000         0.000         0.000
 A_04           0.000         0.000         0.000
 A_05           0.000         0.000         0.000
 A_06           0.000         0.000         0.000
 A_01           0.000         0.000         0.000


           PSI
              IA            SA            A_02          A_03          A_04
              ________      ________      ________      ________      ________
 IA             3.183
 SA             0.000         0.198
 A_02           0.000         0.000         1.787
 A_03           0.000         0.000         0.000         1.760
 A_04           0.000         0.000         0.000         0.000         1.896
 A_05           0.000         0.000         0.000         0.000         0.000
 A_06           0.000         0.000         0.000         0.000         0.000
 A_01           0.000         0.000         0.000         0.000         0.000


           PSI
              A_05          A_06          A_01
              ________      ________      ________
 A_05           1.948
 A_06           0.000         1.930
 A_01           0.000         0.000         1.695


TECHNICAL 2 OUTPUT


     DERIVATIVES


           Derivatives With Respect to NU
              A_02          A_03          A_04          A_05          A_06
              ________      ________      ________      ________      ________
 1          0.000E+00     0.000E+00     0.000E+00     0.000E+00     0.000E+00


           Derivatives With Respect to NU
              A_01
              ________
 1          0.000E+00


           Derivatives With Respect to LAMBDA
              IA            SA            A_02          A_03          A_04
              ________      ________      ________      ________      ________
 A_02       0.000E+00     0.000E+00     0.000E+00     0.000E+00     0.000E+00
 A_03       0.000E+00     0.000E+00     0.000E+00     0.000E+00     0.000E+00
 A_04       0.000E+00     0.000E+00     0.000E+00     0.000E+00     0.000E+00
 A_05       0.000E+00     0.000E+00     0.000E+00     0.000E+00     0.000E+00
 A_06       0.000E+00     0.000E+00     0.000E+00     0.000E+00     0.000E+00
 A_01       0.000E+00     0.000E+00     0.000E+00     0.000E+00     0.000E+00


           Derivatives With Respect to LAMBDA
              A_05          A_06          A_01
              ________      ________      ________
 A_02       0.000E+00     0.000E+00     0.000E+00
 A_03       0.000E+00     0.000E+00     0.000E+00
 A_04       0.000E+00     0.000E+00     0.000E+00
 A_05       0.000E+00     0.000E+00     0.000E+00
 A_06       0.000E+00     0.000E+00     0.000E+00
 A_01       0.000E+00     0.000E+00     0.000E+00


           Derivatives With Respect to THETA
              A_02          A_03          A_04          A_05          A_06
              ________      ________      ________      ________      ________
 A_02       0.000E+00
 A_03       0.000E+00     0.000E+00
 A_04       0.000E+00     0.000E+00     0.000E+00
 A_05       0.000E+00     0.000E+00     0.000E+00     0.000E+00
 A_06       0.000E+00     0.000E+00     0.000E+00     0.000E+00     0.000E+00
 A_01       0.000E+00     0.000E+00     0.000E+00     0.000E+00     0.000E+00


           Derivatives With Respect to THETA
              A_01
              ________
 A_01       0.000E+00


           Derivatives With Respect to ALPHA
              IA            SA            A_02          A_03          A_04
              ________      ________      ________      ________      ________
 1          0.309E-06     0.690E-05     0.000E+00     0.000E+00     0.000E+00


           Derivatives With Respect to ALPHA
              A_05          A_06          A_01
              ________      ________      ________
 1          0.000E+00     0.000E+00    -0.165E-06


           Derivatives With Respect to BETA
              IA            SA            A_02          A_03          A_04
              ________      ________      ________      ________      ________
 IA         0.000E+00     0.000E+00     0.000E+00     0.000E+00     0.000E+00
 SA         0.000E+00     0.000E+00     0.000E+00     0.000E+00     0.000E+00
 A_02       0.000E+00     0.000E+00     0.000E+00     0.000E+00     0.000E+00
 A_03       0.000E+00     0.000E+00     0.000E+00     0.000E+00     0.000E+00
 A_04       0.000E+00     0.000E+00     0.000E+00     0.000E+00     0.000E+00
 A_05       0.000E+00     0.000E+00     0.000E+00     0.000E+00     0.000E+00
 A_06       0.000E+00     0.000E+00     0.000E+00     0.000E+00     0.000E+00
 A_01       0.000E+00     0.000E+00     0.000E+00     0.000E+00     0.000E+00


           Derivatives With Respect to BETA
              A_05          A_06          A_01
              ________      ________      ________
 IA         0.000E+00     0.000E+00     0.000E+00
 SA         0.000E+00     0.000E+00     0.000E+00
 A_02       0.000E+00     0.000E+00     0.000E+00
 A_03       0.000E+00     0.000E+00     0.000E+00
 A_04       0.000E+00     0.000E+00     0.000E+00
 A_05       0.000E+00     0.000E+00     0.000E+00
 A_06       0.000E+00     0.000E+00     0.000E+00
 A_01       0.000E+00     0.000E+00     0.000E+00


           Derivatives With Respect to PSI
              IA            SA            A_02          A_03          A_04
              ________      ________      ________      ________      ________
 IA        -0.294E-06
 SA        -0.898E-05    -0.520E-04
 A_02       0.000E+00     0.000E+00    -0.633E-07
 A_03       0.000E+00     0.000E+00     0.000E+00     0.826E-08
 A_04       0.000E+00     0.000E+00     0.000E+00     0.000E+00     0.155E-06
 A_05       0.000E+00     0.000E+00     0.000E+00     0.000E+00     0.000E+00
 A_06       0.000E+00     0.000E+00     0.000E+00     0.000E+00     0.000E+00
 A_01       0.229E-06     0.302E-05     0.000E+00     0.000E+00     0.000E+00


           Derivatives With Respect to PSI
              A_05          A_06          A_01
              ________      ________      ________
 A_05       0.188E-06
 A_06       0.000E+00    -0.400E-06
 A_01       0.000E+00     0.000E+00    -0.333E-07


TECHNICAL 3 OUTPUT


           ESTIMATED COVARIANCE MATRIX FOR PARAMETER ESTIMATES
                     1             2             3             4             5
              ________      ________      ________      ________      ________
        1   0.510460D-03
        2  -0.335347D-04  0.110170D-04
        3   0.309711D-03 -0.258794D-05  0.623813D-03
        4  -0.165765D-03  0.133035D-04 -0.130829D-03  0.343177D-02
        5   0.932785D-05 -0.600875D-06  0.125875D-04 -0.291082D-03  0.555229D-04
        6   0.305162D-06 -0.577847D-06 -0.132476D-05  0.298666D-04 -0.824535D-05
        7   0.224115D-05 -0.295404D-05  0.329255D-04 -0.130332D-02  0.211846D-03
        8  -0.878360D-04  0.988012D-05 -0.205847D-04 -0.541005D-03  0.680435D-04
        9   0.362421D-04 -0.255791D-06  0.461296D-04 -0.180615D-03 -0.101776D-04
       10   0.356683D-04 -0.290137D-05  0.535918D-04 -0.360873D-04 -0.383299D-05
       11   0.606511D-04  0.212787D-05  0.434936D-04 -0.170374D-03  0.900721D-04
       12  -0.136251D-03  0.108901D-04 -0.139532D-03  0.176567D-02 -0.677698D-04
       13   0.121674D-04 -0.123001D-05  0.753206D-05 -0.111477D-03  0.187367D-04
       14  -0.123613D-03  0.338570D-05 -0.209541D-03  0.116680D-02 -0.136919D-04


           ESTIMATED COVARIANCE MATRIX FOR PARAMETER ESTIMATES
                     6             7             8             9            10
              ________      ________      ________      ________      ________
        6   0.241409D-05
        7  -0.368593D-04  0.338896D-02
        8  -0.864596D-05  0.362989D-03  0.238384D-02
        9   0.701930D-06  0.311360D-03  0.898790D-04  0.242644D-02
       10  -0.133423D-04  0.119679D-03  0.151643D-03  0.808733D-04  0.264396D-02
       11  -0.510541D-04  0.671836D-03  0.132688D-04  0.219397D-03  0.516986D-03
       12   0.871740D-06 -0.133055D-03 -0.323859D-04 -0.480127D-04  0.274011D-04
       13  -0.782791D-06  0.119549D-04  0.167996D-05 -0.455851D-05 -0.282652D-04
       14   0.136629D-05  0.101087D-03  0.651142D-04  0.432439D-04  0.452136D-04


           ESTIMATED COVARIANCE MATRIX FOR PARAMETER ESTIMATES
                    11            12            13            14
              ________      ________      ________      ________
       11   0.411523D-02
       12   0.407797D-04  0.246534D-02
       13  -0.181084D-04 -0.134420D-03  0.416495D-04
       14  -0.206323D-04  0.222028D-02 -0.276301D-04  0.460627D-02


           ESTIMATED CORRELATION MATRIX FOR PARAMETER ESTIMATES
                     1             2             3             4             5
              ________      ________      ________      ________      ________
        1       1.000
        2      -0.447         1.000
        3       0.549        -0.031         1.000
        4      -0.125         0.068        -0.089         1.000
        5       0.055        -0.024         0.068        -0.667         1.000
        6       0.009        -0.112        -0.034         0.328        -0.712
        7       0.002        -0.015         0.023        -0.382         0.488
        8      -0.080         0.061        -0.017        -0.189         0.187
        9       0.033        -0.002         0.037        -0.063        -0.028
       10       0.031        -0.017         0.042        -0.012        -0.010
       11       0.042         0.010         0.027        -0.045         0.188
       12      -0.121         0.066        -0.113         0.607        -0.183
       13       0.083        -0.057         0.047        -0.295         0.390
       14      -0.081         0.015        -0.124         0.293        -0.027


           ESTIMATED CORRELATION MATRIX FOR PARAMETER ESTIMATES
                     6             7             8             9            10
              ________      ________      ________      ________      ________
        6       1.000
        7      -0.408         1.000
        8      -0.114         0.128         1.000
        9       0.009         0.109         0.037         1.000
       10      -0.167         0.040         0.060         0.032         1.000
       11      -0.512         0.180         0.004         0.069         0.157
       12       0.011        -0.046        -0.013        -0.020         0.011
       13      -0.078         0.032         0.005        -0.014        -0.085
       14       0.013         0.026         0.020         0.013         0.013


           ESTIMATED CORRELATION MATRIX FOR PARAMETER ESTIMATES
                    11            12            13            14
              ________      ________      ________      ________
       11       1.000
       12       0.013         1.000
       13      -0.044        -0.419         1.000
       14      -0.005         0.659        -0.063         1.000


     Beginning Time:  17:21:18
        Ending Time:  17:21:30
       Elapsed Time:  00:00:12



MUTHEN & MUTHEN
3463 Stoner Ave.
Los Angeles, CA  90066

Tel: (310) 391-9971
Fax: (310) 391-8971
Web: www.StatModel.com
Support: Support@StatModel.com

Copyright (c) 1998-2015 Muthen & Muthen
