Mplus VERSION 7.4 (Mac)
MUTHEN & MUTHEN
10/08/2017  10:49 AM

INPUT INSTRUCTIONS

  TITLE:
  9 - ALT, no time specific correlations
  DATA:
  File = wide-dataset-b.dat;
  VARIABLE:
  NAMES are
   id hhid male birthyr_rand birthmo_rand race_rand hispanic_rand cohort
      raedyrs raedegrm memoryproblems_baseline memory_disease_ever age_baseline
      age_baseline_65 health_conditions_baseline healthcond_mean activity_mean_2004
      activity_mean_2006 activity_mean_2008 activity_mean_2010 activity_mean_2012
      activity_mean_2014 activity_sum_2004 activity_sum_2006 activity_sum_2008
      activity_sum_2010 activity_sum_2012 activity_sum_2014 close_social_network_2004
      close_social_network_2006 close_social_network_2008 close_social_network_2010
      close_social_network_2012 close_social_network_2014 countb20r_2004
      countb20r_2006 countb20r_2008 countb20r_2010 countb20r_2012 countb20r_2014
      crp_adj_2004 crp_adj_2006 crp_adj_2008 crp_adj_2010 crp_adj_2012 crp_adj_2014
      dep_total_2004 dep_total_2006 dep_total_2008 dep_total_2010 dep_total_2012
      dep_total_2014 exercise_2004 exercise_2006 exercise_2008 exercise_2010
      exercise_2012 exercise_2014 healthcond_2004 healthcond_2006 healthcond_2008
      healthcond_2010 healthcond_2012 healthcond_2014 hhres_2004 hhres_2006
      hhres_2008 hhres_2010 hhres_2012 hhres_2014 hrs_tscore_2004 hrs_tscore_2006
      hrs_tscore_2008 hrs_tscore_2010 hrs_tscore_2012 hrs_tscore_2014 intage_r_2004
      intage_r_2006 intage_r_2008 intage_r_2010 intage_r_2012 intage_r_2014
      interview_date_2004 interview_date_2006 interview_date_2008 interview_date_2010
      interview_date_2012 interview_date_2014 lb_65_wave_2004 lb_65_wave_2006
      lb_65_wave_2008 lb_65_wave_2010 lb_65_wave_2012 lb_65_wave_2014 lb_wave_2004
      lb_wave_2006 lb_wave_2008 lb_wave_2010 lb_wave_2012 lb_wave_2014 listassi_2004
      listassi_2006 listassi_2008 listassi_2010 listassi_2012 listassi_2014
      mentalstatus_tot_2004 mentalstatus_tot_2006 mentalstatus_tot_2008
      mentalstatus_tot_2010 mentalstatus_tot_2012 mentalstatus_tot_2014 proxy_2004
      proxy_2006 proxy_2008 proxy_2010 proxy_2012 proxy_2014 responded_2004
      responded_2006 responded_2008 responded_2010 responded_2012 responded_2014
      rmaritalst_2004 rmaritalst_2006 rmaritalst_2008 rmaritalst_2010 rmaritalst_2012
      rmaritalst_2014 rpartst_2004 rpartst_2006 rpartst_2008 rpartst_2010
      rpartst_2012 rpartst_2014 score_loneliness_11_2004 score_loneliness_11_2006
      score_loneliness_11_2008 score_loneliness_11_2010 score_loneliness_11_2012
      score_loneliness_11_2014 score_loneliness_3_2004 score_loneliness_3_2006
      score_loneliness_3_2008 score_loneliness_3_2010 score_loneliness_3_2012
      score_loneliness_3_2014 shhidpnr_2004 shhidpnr_2006 shhidpnr_2008 shhidpnr_2010
      shhidpnr_2012 shhidpnr_2014 snchild_2004 snchild_2006 snchild_2008 snchild_2010
      snchild_2012 snchild_2014 snfamily_2004 snfamily_2006 snfamily_2008
      snfamily_2010 snfamily_2012 snfamily_2014 snfriends_2004 snfriends_2006
      snfriends_2008 snfriends_2010 snfriends_2012 snfriends_2014 snspouse_2004
      snspouse_2006 snspouse_2008 snspouse_2010 snspouse_2012 snspouse_2014
      social_contact_total_2004 social_contact_total_2006 social_contact_total_2008
      social_contact_total_2010 social_contact_total_2012 social_contact_total_2014
      social_strain_mean_2004 social_strain_mean_2006 social_strain_mean_2008
      social_strain_mean_2010 social_strain_mean_2012 social_strain_mean_2014
      social_support_mean_2004 social_support_mean_2006 social_support_mean_2008
      social_support_mean_2010 social_support_mean_2012 social_support_mean_2014
      socialnetwork_total_2004 socialnetwork_total_2006 socialnetwork_total_2008
      socialnetwork_total_2010 socialnetwork_total_2012 socialnetwork_total_2014
      srmemory_2004 srmemory_2006 srmemory_2008 srmemory_2010 srmemory_2012
      srmemory_2014 srmemoryp_2004 srmemoryp_2006 srmemoryp_2008 srmemoryp_2010
      srmemoryp_2012 srmemoryp_2014 vocab_total_2004 vocab_total_2006 vocab_total_2008
      vocab_total_2010 vocab_total_2012 vocab_total_2014 wrectotd_2004 wrectotd_2006
      wrectotd_2008 wrectotd_2010 wrectotd_2012 wrectotd_2014 wrectoti_2004
      wrectoti_2006 wrectoti_2008 wrectoti_2010 wrectoti_2012 wrectoti_2014
  	;
  Missing are all(9999);
  USEVARIABLES are
  	!define the variables used in the analysis
  	!estimated time points
  a_01
  a_02
  a_03
  a_04
  a_05
  a_06
  	!modelled time points of process (B)
  b_01
  b_02
  b_03
  b_04
  b_05
  b_06
  	! covariates used in the model
  	;
  SUBPOPULATION are
  	!select a subset of observations
  age_baseline > 64 AND
  memory_disease_ever EQ 0
  ;
  CLUSTER = hhid;
  DEFINE:
    ! centre baseline age
  a = age_baseline - 69;
  	! assign variables to the process (A)
  a_01=mentalstatus_tot_2004;
  a_02=mentalstatus_tot_2006;
  a_03=mentalstatus_tot_2008;
  a_04=mentalstatus_tot_2010;
  a_05=mentalstatus_tot_2012;
  a_06=mentalstatus_tot_2014;
  	! assign variables to the process (B)
  b_01=score_loneliness_3_2004;
  b_02=score_loneliness_3_2006;
  b_03=score_loneliness_3_2008;
  b_04=score_loneliness_3_2010;
  b_05=score_loneliness_3_2012;
  b_06=score_loneliness_3_2014;
  ANALYSIS:
  TYPE = COMPLEX RANDOM;
  COVERAGE=.00;
  H1ITERATIONS = 10000;
  MODEL:
  	!LGM part
  	! assign process (A) to time points
  ia sa | a_1@-0.4
  a_2@0
  a_3@2
  a_4@4
  a_5@6
  a_6@8 ;
  	! assign process (B) to time points
  ib sb | b_1@-0.4
  b_2@0
  b_3@2
  b_4@4
  b_5@6
  b_6@8 ;
  	!correlations between the first measurement points
  a_01 WITH b_01;
  a_01 WITH ia;
  b_01 WITH ib;
  	!autoregressive part
  a_01;
  a_02 ON a_01;
  a_03 ON a_02;
  a_04 ON a_03;
  a_05 ON a_04;
  a_06 ON a_05;
  b_01;
  b_02 ON b_01(1);
  b_03 ON b_02(1);
  b_04 ON b_03(1);
  b_05 ON b_04(1);
  b_06 ON b_05(1);
  	!Cross lagged part
  a_02 ON b_01;
  a_03 ON b_02;
  a_04 ON b_03;
  a_05 ON b_04;
  a_06 ON b_05;
  b_02 ON a_01;
  b_03 ON a_02;
  b_04 ON a_03;
  b_05 ON a_04;
  b_06 ON a_05;
  ! No time specific correlations
  !SAVEDATA:
  !FILE is   %saved_analysis%_fscores.dat;
  !SAVE = FSCORES;
  !RESULTS are   %saved_analysis%_results.dat;
  	
  OUTPUT: SAMPSTAT MODINDICES (3.0); TECH1 TECH2 TECH3;;



INPUT READING TERMINATED NORMALLY




9 - ALT, no time specific correlations

SUMMARY OF ANALYSIS

Number of groups                                                 1
Number of observations                                        5952

Number of dependent variables                                   10
Number of independent variables                                  2
Number of continuous latent variables                            4

Observed dependent variables

  Continuous
   A_02        A_03        A_04        A_05        A_06        B_02
   B_03        B_04        B_05        B_06

Observed independent variables
   A_01        B_01

Continuous latent variables
   IA          SA          IB          SB

Variables with special functions

  Cluster variable      HHID

Estimator                                                      MLR
Information matrix                                        OBSERVED
Maximum number of iterations                                   100
Convergence criterion                                    0.100D-05
Maximum number of EM iterations                                500
Convergence criteria for the EM algorithm
  Loglikelihood change                                   0.100D-02
  Relative loglikelihood change                          0.100D-05
  Derivative                                             0.100D-03
Minimum variance                                         0.100D-03
Maximum number of steepest descent iterations                   20
Maximum number of iterations for H1                          10000
Convergence criterion for H1                             0.100D-03
Optimization algorithm                                         EMA

Input data file(s)
  wide-dataset-b.dat
Input data format  FREE


SUMMARY OF DATA

     Number of missing data patterns           264
     Number of clusters        4882



SAMPLE STATISTICS


     ESTIMATED SAMPLE STATISTICS


           Means
              A_02          A_03          A_04          A_05          A_06
              ________      ________      ________      ________      ________
 1              8.507         8.438         8.051         8.028         7.860


           Means
              B_02          B_03          B_04          B_05          B_06
              ________      ________      ________      ________      ________
 1              1.436         1.439         1.441         1.471         1.457


           Means
              A_01          B_01
              ________      ________
 1              8.517         1.383


           Covariances
              A_02          A_03          A_04          A_05          A_06
              ________      ________      ________      ________      ________
 A_02           0.660
 A_03           0.351         0.789
 A_04           0.385         0.457         1.239
 A_05           0.399         0.495         0.784         1.442
 A_06           0.427         0.521         0.844         1.063         1.941
 B_02          -0.021        -0.042        -0.053        -0.059        -0.052
 B_03          -0.048        -0.050        -0.063        -0.070        -0.073
 B_04          -0.025        -0.040        -0.057        -0.058        -0.076
 B_05          -0.033        -0.036        -0.073        -0.071        -0.080
 B_06          -0.004        -0.023        -0.041        -0.053        -0.079
 A_01           0.329         0.343         0.366         0.392         0.398
 B_01          -0.028        -0.050        -0.076        -0.061        -0.082


           Covariances
              B_02          B_03          B_04          B_05          B_06
              ________      ________      ________      ________      ________
 B_02           0.258
 B_03           0.094         0.266
 B_04           0.143         0.075         0.262
 B_05           0.069         0.148         0.018         0.257
 B_06           0.133         0.143         0.149         0.101         0.265
 A_01          -0.032        -0.039        -0.019        -0.020        -0.013
 B_01           0.141         0.122         0.113         0.120         0.113


           Covariances
              A_01          B_01
              ________      ________
 A_01           0.632
 B_01          -0.038         0.230


           Correlations
              A_02          A_03          A_04          A_05          A_06
              ________      ________      ________      ________      ________
 A_02           1.000
 A_03           0.487         1.000
 A_04           0.425         0.462         1.000
 A_05           0.409         0.464         0.586         1.000
 A_06           0.377         0.421         0.544         0.635         1.000
 B_02          -0.050        -0.092        -0.094        -0.096        -0.074
 B_03          -0.114        -0.109        -0.109        -0.114        -0.102
 B_04          -0.059        -0.087        -0.100        -0.094        -0.107
 B_05          -0.081        -0.080        -0.129        -0.117        -0.114
 B_06          -0.010        -0.050        -0.072        -0.086        -0.110
 A_01           0.510         0.486         0.414         0.411         0.360
 B_01          -0.071        -0.118        -0.142        -0.105        -0.123


           Correlations
              B_02          B_03          B_04          B_05          B_06
              ________      ________      ________      ________      ________
 B_02           1.000
 B_03           0.359         1.000
 B_04           0.548         0.285         1.000
 B_05           0.268         0.568         0.070         1.000
 B_06           0.510         0.538         0.564         0.386         1.000
 A_01          -0.079        -0.095        -0.047        -0.050        -0.031
 B_01           0.580         0.495         0.461         0.495         0.459


           Correlations
              A_01          B_01
              ________      ________
 A_01           1.000
 B_01          -0.101         1.000


     MAXIMUM LOG-LIKELIHOOD VALUE FOR THE UNRESTRICTED (H1) MODEL IS -48484.261


UNIVARIATE SAMPLE STATISTICS


     UNIVARIATE HIGHER-ORDER MOMENT DESCRIPTIVE STATISTICS

         Variable/         Mean/     Skewness/   Minimum/ % with                Percentiles
        Sample Size      Variance    Kurtosis    Maximum  Min/Max      20%/60%    40%/80%    Median

     A_02                  8.511      -2.361       1.000    0.02%       8.000      9.000      9.000
            5688.000       0.654       8.721       9.000   64.64%       9.000      9.000
     A_03                  8.443      -2.238       1.000    0.02%       8.000      9.000      9.000
            5784.000       0.783       7.416       9.000   61.91%       9.000      9.000
     A_04                  8.065      -1.739       0.000    0.02%       7.000      8.000      8.000
            5680.000       1.209       4.575       9.000   41.95%       9.000      9.000
     A_05                  8.085      -1.899       0.000    0.04%       7.000      8.000      8.000
            5132.000       1.350       5.356       9.000   45.93%       9.000      9.000
     A_06                  7.967      -2.016       0.000    0.07%       7.000      8.000      8.000
            4423.000       1.750       5.505       9.000   43.55%       9.000      9.000
     B_02                  1.432       1.083       1.000   45.40%       1.000      1.000      1.333
            2771.000       0.259       0.516       3.000    2.24%       1.333      2.000
     B_03                  1.437       1.063       1.000   45.38%       1.000      1.000      1.333
            2719.000       0.265       0.388       3.000    2.02%       1.333      2.000
     B_04                  1.428       1.148       1.000   45.05%       1.000      1.000      1.333
            2617.000       0.260       0.655       3.000    2.25%       1.333      2.000
     B_05                  1.455       0.975       1.000   41.23%       1.000      1.000      1.333
            2219.000       0.251       0.285       3.000    1.89%       1.333      2.000
     B_06                  1.429       1.081       1.000   44.93%       1.000      1.000      1.333
            2010.000       0.256       0.406       3.000    1.74%       1.333      2.000
     A_01                  8.527      -2.114       2.000    0.02%       8.000      9.000      9.000
            5486.000       0.624       5.952       9.000   66.11%       9.000      9.000
     B_01                  1.353       1.282       1.000   53.05%       1.000      1.000      1.000
            1050.000       0.223       0.886       3.000    1.05%       1.333      1.667

     THE MODEL ESTIMATION DID NOT TERMINATE NORMALLY DUE TO AN ILL-CONDITIONED
     FISHER INFORMATION MATRIX.  CHANGE YOUR MODEL AND/OR STARTING VALUES.

     THE MODEL ESTIMATION DID NOT TERMINATE NORMALLY DUE TO A NON-POSITIVE
     DEFINITE FISHER INFORMATION MATRIX.  THIS MAY BE DUE TO THE STARTING VALUES
     BUT MAY ALSO BE AN INDICATION OF MODEL NONIDENTIFICATION.  THE CONDITION
     NUMBER IS      -0.180D-18.

     THE STANDARD ERRORS OF THE MODEL PARAMETER ESTIMATES COULD NOT BE
     COMPUTED.  THIS IS OFTEN DUE TO THE STARTING VALUES BUT MAY ALSO BE
     AN INDICATION OF MODEL NONIDENTIFICATION.  CHANGE YOUR MODEL AND/OR
     STARTING VALUES.  PROBLEM INVOLVING THE FOLLOWING PARAMETER:
     Parameter 1, [ SA ]






MODEL RESULTS

                    Estimate

 A_02       ON
    A_01               0.521
    B_01              -0.031

 A_03       ON
    A_02               0.530
    B_02              -0.131

 A_04       ON
    A_03               0.569
    B_03              -0.164

 A_05       ON
    A_04               0.633
    B_04              -0.114

 A_06       ON
    A_05               0.717
    B_05              -0.146

 B_02       ON
    B_01               0.735
    A_01              -0.009

 B_03       ON
    B_02               0.735
    A_02              -0.043

 B_04       ON
    B_03               0.735
    A_03              -0.007

 B_05       ON
    B_04               0.735
    A_04              -0.024

 B_06       ON
    B_05               0.735
    A_05              -0.009

 A_01     WITH
    IA                 0.000
    SA                 0.000
    IB                 0.000
    SB                 0.000

 B_01     WITH
    IB                 0.000
    IA                 0.000
    SA                 0.000
    SB                 0.000

 SA       WITH
    IA                 0.000

 IB       WITH
    IA                 0.000
    SA                 0.000

 SB       WITH
    IA                 0.000
    SA                 0.000
    IB                 0.000

 A_01     WITH
    B_01              -0.041

 B_06     WITH
    A_06              -0.004

 Means
    A_01               8.519
    B_01               1.375
    IA                 0.000
    SA                 0.000
    IB                 0.000
    SB                 0.000

 Intercepts
    A_02               4.106
    A_03               4.120
    A_04               3.487
    A_05               3.097
    A_06               2.333
    B_02               0.505
    B_03               0.751
    B_04               0.448
    B_05               0.600
    B_06               0.450

 Variances
    A_01               0.629
    B_01               0.219
    IA                 0.050
    SA                 0.050
    IB                 0.050
    SB                 0.050

 Residual Variances
    A_02               0.490
    A_03               0.594
    A_04               0.962
    A_05               0.934
    A_06               1.135
    B_02               0.152
    B_03               0.118
    B_04               0.119
    B_05               0.110
    B_06               0.120


MODEL COMMAND WITH FINAL ESTIMATES USED AS STARTING VALUES

     ia sa | a_1@-0.4
     a_2@0
     a_3@2
     a_4@4
     a_5@6
     a_6@8;
     ib sb | b_1@-0.4
     b_2@0
     b_3@2
     b_4@4
     b_5@6
     b_6@8;

     a_02 ON a_01*0.52150;
     a_02 ON b_01*-0.03112;
     a_03 ON a_02*0.52987;
     a_03 ON b_02*-0.13134;
     a_04 ON a_03*0.56915;
     a_04 ON b_03*-0.16351;
     a_05 ON a_04*0.63304;
     a_05 ON b_04*-0.11370;
     a_06 ON a_05*0.71737;
     a_06 ON b_05*-0.14628;
     b_02 ON b_01*0.73537 (26);
     b_02 ON a_01*-0.00943;
     b_03 ON b_02*0.73537 (26);
     b_03 ON a_02*-0.04338;
     b_04 ON b_03*0.73537 (26);
     b_04 ON a_03*-0.00729;
     b_05 ON b_04*0.73537 (26);
     b_05 ON a_04*-0.02385;
     b_06 ON b_05*0.73537 (26);
     b_06 ON a_05*-0.00916;

     a_01 WITH b_01*-0.04071;
     b_06 WITH a_06*-0.00449;
     a_01 WITH ia*0;
     a_01 WITH sa*0;
     a_01 WITH ib*0;
     a_01 WITH sb*0;
     b_01 WITH ib*0;
     b_01 WITH ia*0;
     b_01 WITH sa*0;
     b_01 WITH sb*0;
     sa WITH ia*0;
     ib WITH ia*0;
     ib WITH sa*0;
     sb WITH ia*0;
     sb WITH sa*0;
     sb WITH ib*0;

     [ a_02*4.10627 ];
     [ a_03*4.11958 ];
     [ a_04*3.48686 ];
     [ a_05*3.09742 ];
     [ a_06*2.33302 ];
     [ b_02*0.50527 ];
     [ b_03*0.75055 ];
     [ b_04*0.44795 ];
     [ b_05*0.59966 ];
     [ b_06*0.45023 ];
     [ a_01*8.51907 ];
     [ b_01*1.37489 ];
     [ ia@0 ];
     [ sa*0 ];
     [ ib@0 ];
     [ sb*0 ];

     a_02*0.49011;
     a_03*0.59416;
     a_04*0.96245;
     a_05*0.93374;
     a_06*1.13489;
     b_02*0.15172;
     b_03*0.11806;
     b_04*0.11947;
     b_05*0.10968;
     b_06*0.11978;
     a_01*0.62855;
     b_01*0.21883;
     ia*0.05000;
     sa*0.05000;
     ib*0.05000;
     sb*0.05000;



TECHNICAL 1 OUTPUT


     PARAMETER SPECIFICATION


           NU
              A_02          A_03          A_04          A_05          A_06
              ________      ________      ________      ________      ________
 1                  0             0             0             0             0


           NU
              B_02          B_03          B_04          B_05          B_06
              ________      ________      ________      ________      ________
 1                  0             0             0             0             0


           NU
              A_01          B_01
              ________      ________
 1                  0             0


           LAMBDA
              IA            SA            IB            SB            A_02
              ________      ________      ________      ________      ________
 A_02               0             0             0             0             0
 A_03               0             0             0             0             0
 A_04               0             0             0             0             0
 A_05               0             0             0             0             0
 A_06               0             0             0             0             0
 B_02               0             0             0             0             0
 B_03               0             0             0             0             0
 B_04               0             0             0             0             0
 B_05               0             0             0             0             0
 B_06               0             0             0             0             0
 A_01               0             0             0             0             0
 B_01               0             0             0             0             0


           LAMBDA
              A_03          A_04          A_05          A_06          B_02
              ________      ________      ________      ________      ________
 A_02               0             0             0             0             0
 A_03               0             0             0             0             0
 A_04               0             0             0             0             0
 A_05               0             0             0             0             0
 A_06               0             0             0             0             0
 B_02               0             0             0             0             0
 B_03               0             0             0             0             0
 B_04               0             0             0             0             0
 B_05               0             0             0             0             0
 B_06               0             0             0             0             0
 A_01               0             0             0             0             0
 B_01               0             0             0             0             0


           LAMBDA
              B_03          B_04          B_05          B_06          A_01
              ________      ________      ________      ________      ________
 A_02               0             0             0             0             0
 A_03               0             0             0             0             0
 A_04               0             0             0             0             0
 A_05               0             0             0             0             0
 A_06               0             0             0             0             0
 B_02               0             0             0             0             0
 B_03               0             0             0             0             0
 B_04               0             0             0             0             0
 B_05               0             0             0             0             0
 B_06               0             0             0             0             0
 A_01               0             0             0             0             0
 B_01               0             0             0             0             0


           LAMBDA
              B_01
              ________
 A_02               0
 A_03               0
 A_04               0
 A_05               0
 A_06               0
 B_02               0
 B_03               0
 B_04               0
 B_05               0
 B_06               0
 A_01               0
 B_01               0


           THETA
              A_02          A_03          A_04          A_05          A_06
              ________      ________      ________      ________      ________
 A_02               0
 A_03               0             0
 A_04               0             0             0
 A_05               0             0             0             0
 A_06               0             0             0             0             0
 B_02               0             0             0             0             0
 B_03               0             0             0             0             0
 B_04               0             0             0             0             0
 B_05               0             0             0             0             0
 B_06               0             0             0             0             0
 A_01               0             0             0             0             0
 B_01               0             0             0             0             0


           THETA
              B_02          B_03          B_04          B_05          B_06
              ________      ________      ________      ________      ________
 B_02               0
 B_03               0             0
 B_04               0             0             0
 B_05               0             0             0             0
 B_06               0             0             0             0             0
 A_01               0             0             0             0             0
 B_01               0             0             0             0             0


           THETA
              A_01          B_01
              ________      ________
 A_01               0
 B_01               0             0


           ALPHA
              IA            SA            IB            SB            A_02
              ________      ________      ________      ________      ________
 1                  0             1             0             2             3


           ALPHA
              A_03          A_04          A_05          A_06          B_02
              ________      ________      ________      ________      ________
 1                  4             5             6             7             8


           ALPHA
              B_03          B_04          B_05          B_06          A_01
              ________      ________      ________      ________      ________
 1                  9            10            11            12            13


           ALPHA
              B_01
              ________
 1                 14


           BETA
              IA            SA            IB            SB            A_02
              ________      ________      ________      ________      ________
 IA                 0             0             0             0             0
 SA                 0             0             0             0             0
 IB                 0             0             0             0             0
 SB                 0             0             0             0             0
 A_02               0             0             0             0             0
 A_03               0             0             0             0            17
 A_04               0             0             0             0             0
 A_05               0             0             0             0             0
 A_06               0             0             0             0             0
 B_02               0             0             0             0             0
 B_03               0             0             0             0            27
 B_04               0             0             0             0             0
 B_05               0             0             0             0             0
 B_06               0             0             0             0             0
 A_01               0             0             0             0             0
 B_01               0             0             0             0             0


           BETA
              A_03          A_04          A_05          A_06          B_02
              ________      ________      ________      ________      ________
 IA                 0             0             0             0             0
 SA                 0             0             0             0             0
 IB                 0             0             0             0             0
 SB                 0             0             0             0             0
 A_02               0             0             0             0             0
 A_03               0             0             0             0            18
 A_04              19             0             0             0             0
 A_05               0            21             0             0             0
 A_06               0             0            23             0             0
 B_02               0             0             0             0             0
 B_03               0             0             0             0            26
 B_04              28             0             0             0             0
 B_05               0            29             0             0             0
 B_06               0             0            30             0             0
 A_01               0             0             0             0             0
 B_01               0             0             0             0             0


           BETA
              B_03          B_04          B_05          B_06          A_01
              ________      ________      ________      ________      ________
 IA                 0             0             0             0             0
 SA                 0             0             0             0             0
 IB                 0             0             0             0             0
 SB                 0             0             0             0             0
 A_02               0             0             0             0            15
 A_03               0             0             0             0             0
 A_04              20             0             0             0             0
 A_05               0            22             0             0             0
 A_06               0             0            24             0             0
 B_02               0             0             0             0            25
 B_03               0             0             0             0             0
 B_04              26             0             0             0             0
 B_05               0            26             0             0             0
 B_06               0             0            26             0             0
 A_01               0             0             0             0             0
 B_01               0             0             0             0             0


           BETA
              B_01
              ________
 IA                 0
 SA                 0
 IB                 0
 SB                 0
 A_02              16
 A_03               0
 A_04               0
 A_05               0
 A_06               0
 B_02              26
 B_03               0
 B_04               0
 B_05               0
 B_06               0
 A_01               0
 B_01               0


           PSI
              IA            SA            IB            SB            A_02
              ________      ________      ________      ________      ________
 IA                31
 SA                32            33
 IB                34            35            36
 SB                37            38            39            40
 A_02               0             0             0             0            41
 A_03               0             0             0             0             0
 A_04               0             0             0             0             0
 A_05               0             0             0             0             0
 A_06               0             0             0             0             0
 B_02               0             0             0             0             0
 B_03               0             0             0             0             0
 B_04               0             0             0             0             0
 B_05               0             0             0             0             0
 B_06               0             0             0             0             0
 A_01              52            53            54            55             0
 B_01              57            58            59            60             0


           PSI
              A_03          A_04          A_05          A_06          B_02
              ________      ________      ________      ________      ________
 A_03              42
 A_04               0            43
 A_05               0             0            44
 A_06               0             0             0            45
 B_02               0             0             0             0            46
 B_03               0             0             0             0             0
 B_04               0             0             0             0             0
 B_05               0             0             0             0             0
 B_06               0             0             0            50             0
 A_01               0             0             0             0             0
 B_01               0             0             0             0             0


           PSI
              B_03          B_04          B_05          B_06          A_01
              ________      ________      ________      ________      ________
 B_03              47
 B_04               0            48
 B_05               0             0            49
 B_06               0             0             0            51
 A_01               0             0             0             0            56
 B_01               0             0             0             0            61


           PSI
              B_01
              ________
 B_01              62


     STARTING VALUES


           NU
              A_02          A_03          A_04          A_05          A_06
              ________      ________      ________      ________      ________
 1              0.000         0.000         0.000         0.000         0.000


           NU
              B_02          B_03          B_04          B_05          B_06
              ________      ________      ________      ________      ________
 1              0.000         0.000         0.000         0.000         0.000


           NU
              A_01          B_01
              ________      ________
 1              0.000         0.000


           LAMBDA
              IA            SA            IB            SB            A_02
              ________      ________      ________      ________      ________
 A_02           0.000         0.000         0.000         0.000         1.000
 A_03           0.000         0.000         0.000         0.000         0.000
 A_04           0.000         0.000         0.000         0.000         0.000
 A_05           0.000         0.000         0.000         0.000         0.000
 A_06           0.000         0.000         0.000         0.000         0.000
 B_02           0.000         0.000         0.000         0.000         0.000
 B_03           0.000         0.000         0.000         0.000         0.000
 B_04           0.000         0.000         0.000         0.000         0.000
 B_05           0.000         0.000         0.000         0.000         0.000
 B_06           0.000         0.000         0.000         0.000         0.000
 A_01           0.000         0.000         0.000         0.000         0.000
 B_01           0.000         0.000         0.000         0.000         0.000


           LAMBDA
              A_03          A_04          A_05          A_06          B_02
              ________      ________      ________      ________      ________
 A_02           0.000         0.000         0.000         0.000         0.000
 A_03           1.000         0.000         0.000         0.000         0.000
 A_04           0.000         1.000         0.000         0.000         0.000
 A_05           0.000         0.000         1.000         0.000         0.000
 A_06           0.000         0.000         0.000         1.000         0.000
 B_02           0.000         0.000         0.000         0.000         1.000
 B_03           0.000         0.000         0.000         0.000         0.000
 B_04           0.000         0.000         0.000         0.000         0.000
 B_05           0.000         0.000         0.000         0.000         0.000
 B_06           0.000         0.000         0.000         0.000         0.000
 A_01           0.000         0.000         0.000         0.000         0.000
 B_01           0.000         0.000         0.000         0.000         0.000


           LAMBDA
              B_03          B_04          B_05          B_06          A_01
              ________      ________      ________      ________      ________
 A_02           0.000         0.000         0.000         0.000         0.000
 A_03           0.000         0.000         0.000         0.000         0.000
 A_04           0.000         0.000         0.000         0.000         0.000
 A_05           0.000         0.000         0.000         0.000         0.000
 A_06           0.000         0.000         0.000         0.000         0.000
 B_02           0.000         0.000         0.000         0.000         0.000
 B_03           1.000         0.000         0.000         0.000         0.000
 B_04           0.000         1.000         0.000         0.000         0.000
 B_05           0.000         0.000         1.000         0.000         0.000
 B_06           0.000         0.000         0.000         1.000         0.000
 A_01           0.000         0.000         0.000         0.000         1.000
 B_01           0.000         0.000         0.000         0.000         0.000


           LAMBDA
              B_01
              ________
 A_02           0.000
 A_03           0.000
 A_04           0.000
 A_05           0.000
 A_06           0.000
 B_02           0.000
 B_03           0.000
 B_04           0.000
 B_05           0.000
 B_06           0.000
 A_01           0.000
 B_01           1.000


           THETA
              A_02          A_03          A_04          A_05          A_06
              ________      ________      ________      ________      ________
 A_02           0.000
 A_03           0.000         0.000
 A_04           0.000         0.000         0.000
 A_05           0.000         0.000         0.000         0.000
 A_06           0.000         0.000         0.000         0.000         0.000
 B_02           0.000         0.000         0.000         0.000         0.000
 B_03           0.000         0.000         0.000         0.000         0.000
 B_04           0.000         0.000         0.000         0.000         0.000
 B_05           0.000         0.000         0.000         0.000         0.000
 B_06           0.000         0.000         0.000         0.000         0.000
 A_01           0.000         0.000         0.000         0.000         0.000
 B_01           0.000         0.000         0.000         0.000         0.000


           THETA
              B_02          B_03          B_04          B_05          B_06
              ________      ________      ________      ________      ________
 B_02           0.000
 B_03           0.000         0.000
 B_04           0.000         0.000         0.000
 B_05           0.000         0.000         0.000         0.000
 B_06           0.000         0.000         0.000         0.000         0.000
 A_01           0.000         0.000         0.000         0.000         0.000
 B_01           0.000         0.000         0.000         0.000         0.000


           THETA
              A_01          B_01
              ________      ________
 A_01           0.000
 B_01           0.000         0.000


           ALPHA
              IA            SA            IB            SB            A_02
              ________      ________      ________      ________      ________
 1              0.000         0.000         0.000         0.000         8.511


           ALPHA
              A_03          A_04          A_05          A_06          B_02
              ________      ________      ________      ________      ________
 1              8.443         8.065         8.085         7.967         1.432


           ALPHA
              B_03          B_04          B_05          B_06          A_01
              ________      ________      ________      ________      ________
 1              1.437         1.428         1.455         1.429         8.527


           ALPHA
              B_01
              ________
 1              1.353


           BETA
              IA            SA            IB            SB            A_02
              ________      ________      ________      ________      ________
 IA             0.000         0.000         0.000         0.000         0.000
 SA             0.000         0.000         0.000         0.000         0.000
 IB             0.000         0.000         0.000         0.000         0.000
 SB             0.000         0.000         0.000         0.000         0.000
 A_02           0.000         0.000         0.000         0.000         0.000
 A_03           0.000         0.000         0.000         0.000         0.000
 A_04           0.000         0.000         0.000         0.000         0.000
 A_05           0.000         0.000         0.000         0.000         0.000
 A_06           0.000         0.000         0.000         0.000         0.000
 B_02           0.000         0.000         0.000         0.000         0.000
 B_03           0.000         0.000         0.000         0.000         0.000
 B_04           0.000         0.000         0.000         0.000         0.000
 B_05           0.000         0.000         0.000         0.000         0.000
 B_06           0.000         0.000         0.000         0.000         0.000
 A_01           0.000         0.000         0.000         0.000         0.000
 B_01           0.000         0.000         0.000         0.000         0.000


           BETA
              A_03          A_04          A_05          A_06          B_02
              ________      ________      ________      ________      ________
 IA             0.000         0.000         0.000         0.000         0.000
 SA             0.000         0.000         0.000         0.000         0.000
 IB             0.000         0.000         0.000         0.000         0.000
 SB             0.000         0.000         0.000         0.000         0.000
 A_02           0.000         0.000         0.000         0.000         0.000
 A_03           0.000         0.000         0.000         0.000         0.000
 A_04           0.000         0.000         0.000         0.000         0.000
 A_05           0.000         0.000         0.000         0.000         0.000
 A_06           0.000         0.000         0.000         0.000         0.000
 B_02           0.000         0.000         0.000         0.000         0.000
 B_03           0.000         0.000         0.000         0.000         0.000
 B_04           0.000         0.000         0.000         0.000         0.000
 B_05           0.000         0.000         0.000         0.000         0.000
 B_06           0.000         0.000         0.000         0.000         0.000
 A_01           0.000         0.000         0.000         0.000         0.000
 B_01           0.000         0.000         0.000         0.000         0.000


           BETA
              B_03          B_04          B_05          B_06          A_01
              ________      ________      ________      ________      ________
 IA             0.000         0.000         0.000         0.000         0.000
 SA             0.000         0.000         0.000         0.000         0.000
 IB             0.000         0.000         0.000         0.000         0.000
 SB             0.000         0.000         0.000         0.000         0.000
 A_02           0.000         0.000         0.000         0.000         0.000
 A_03           0.000         0.000         0.000         0.000         0.000
 A_04           0.000         0.000         0.000         0.000         0.000
 A_05           0.000         0.000         0.000         0.000         0.000
 A_06           0.000         0.000         0.000         0.000         0.000
 B_02           0.000         0.000         0.000         0.000         0.000
 B_03           0.000         0.000         0.000         0.000         0.000
 B_04           0.000         0.000         0.000         0.000         0.000
 B_05           0.000         0.000         0.000         0.000         0.000
 B_06           0.000         0.000         0.000         0.000         0.000
 A_01           0.000         0.000         0.000         0.000         0.000
 B_01           0.000         0.000         0.000         0.000         0.000


           BETA
              B_01
              ________
 IA             0.000
 SA             0.000
 IB             0.000
 SB             0.000
 A_02           0.000
 A_03           0.000
 A_04           0.000
 A_05           0.000
 A_06           0.000
 B_02           0.000
 B_03           0.000
 B_04           0.000
 B_05           0.000
 B_06           0.000
 A_01           0.000
 B_01           0.000


           PSI
              IA            SA            IB            SB            A_02
              ________      ________      ________      ________      ________
 IA             0.050
 SA             0.000         0.050
 IB             0.000         0.000         0.050
 SB             0.000         0.000         0.000         0.050
 A_02           0.000         0.000         0.000         0.000         0.327
 A_03           0.000         0.000         0.000         0.000         0.000
 A_04           0.000         0.000         0.000         0.000         0.000
 A_05           0.000         0.000         0.000         0.000         0.000
 A_06           0.000         0.000         0.000         0.000         0.000
 B_02           0.000         0.000         0.000         0.000         0.000
 B_03           0.000         0.000         0.000         0.000         0.000
 B_04           0.000         0.000         0.000         0.000         0.000
 B_05           0.000         0.000         0.000         0.000         0.000
 B_06           0.000         0.000         0.000         0.000         0.000
 A_01           0.000         0.000         0.000         0.000         0.000
 B_01           0.000         0.000         0.000         0.000         0.000


           PSI
              A_03          A_04          A_05          A_06          B_02
              ________      ________      ________      ________      ________
 A_03           0.391
 A_04           0.000         0.605
 A_05           0.000         0.000         0.675
 A_06           0.000         0.000         0.000         0.875
 B_02           0.000         0.000         0.000         0.000         0.129
 B_03           0.000         0.000         0.000         0.000         0.000
 B_04           0.000         0.000         0.000         0.000         0.000
 B_05           0.000         0.000         0.000         0.000         0.000
 B_06           0.000         0.000         0.000         0.000         0.000
 A_01           0.000         0.000         0.000         0.000         0.000
 B_01           0.000         0.000         0.000         0.000         0.000


           PSI
              B_03          B_04          B_05          B_06          A_01
              ________      ________      ________      ________      ________
 B_03           0.132
 B_04           0.000         0.130
 B_05           0.000         0.000         0.126
 B_06           0.000         0.000         0.000         0.128
 A_01           0.000         0.000         0.000         0.000         0.312
 B_01           0.000         0.000         0.000         0.000         0.000


           PSI
              B_01
              ________
 B_01           0.111


TECHNICAL 2 OUTPUT


     DERIVATIVES


           Derivatives With Respect to NU
              A_02          A_03          A_04          A_05          A_06
              ________      ________      ________      ________      ________
 1          0.000E+00     0.000E+00     0.000E+00     0.000E+00     0.000E+00


           Derivatives With Respect to NU
              B_02          B_03          B_04          B_05          B_06
              ________      ________      ________      ________      ________
 1          0.000E+00     0.000E+00     0.000E+00     0.000E+00     0.000E+00


           Derivatives With Respect to NU
              A_01          B_01
              ________      ________
 1          0.000E+00     0.000E+00


           Derivatives With Respect to LAMBDA
              IA            SA            IB            SB            A_02
              ________      ________      ________      ________      ________
 A_02       0.000E+00     0.000E+00     0.000E+00     0.000E+00     0.000E+00
 A_03       0.000E+00     0.000E+00     0.000E+00     0.000E+00     0.000E+00
 A_04       0.000E+00     0.000E+00     0.000E+00     0.000E+00     0.000E+00
 A_05       0.000E+00     0.000E+00     0.000E+00     0.000E+00     0.000E+00
 A_06       0.000E+00     0.000E+00     0.000E+00     0.000E+00     0.000E+00
 B_02       0.000E+00     0.000E+00     0.000E+00     0.000E+00     0.000E+00
 B_03       0.000E+00     0.000E+00     0.000E+00     0.000E+00     0.000E+00
 B_04       0.000E+00     0.000E+00     0.000E+00     0.000E+00     0.000E+00
 B_05       0.000E+00     0.000E+00     0.000E+00     0.000E+00     0.000E+00
 B_06       0.000E+00     0.000E+00     0.000E+00     0.000E+00     0.000E+00
 A_01       0.000E+00     0.000E+00     0.000E+00     0.000E+00     0.000E+00
 B_01       0.000E+00     0.000E+00     0.000E+00     0.000E+00     0.000E+00


           Derivatives With Respect to LAMBDA
              A_03          A_04          A_05          A_06          B_02
              ________      ________      ________      ________      ________
 A_02       0.000E+00     0.000E+00     0.000E+00     0.000E+00     0.000E+00
 A_03       0.000E+00     0.000E+00     0.000E+00     0.000E+00     0.000E+00
 A_04       0.000E+00     0.000E+00     0.000E+00     0.000E+00     0.000E+00
 A_05       0.000E+00     0.000E+00     0.000E+00     0.000E+00     0.000E+00
 A_06       0.000E+00     0.000E+00     0.000E+00     0.000E+00     0.000E+00
 B_02       0.000E+00     0.000E+00     0.000E+00     0.000E+00     0.000E+00
 B_03       0.000E+00     0.000E+00     0.000E+00     0.000E+00     0.000E+00
 B_04       0.000E+00     0.000E+00     0.000E+00     0.000E+00     0.000E+00
 B_05       0.000E+00     0.000E+00     0.000E+00     0.000E+00     0.000E+00
 B_06       0.000E+00     0.000E+00     0.000E+00     0.000E+00     0.000E+00
 A_01       0.000E+00     0.000E+00     0.000E+00     0.000E+00     0.000E+00
 B_01       0.000E+00     0.000E+00     0.000E+00     0.000E+00     0.000E+00


           Derivatives With Respect to LAMBDA
              B_03          B_04          B_05          B_06          A_01
              ________      ________      ________      ________      ________
 A_02       0.000E+00     0.000E+00     0.000E+00     0.000E+00     0.000E+00
 A_03       0.000E+00     0.000E+00     0.000E+00     0.000E+00     0.000E+00
 A_04       0.000E+00     0.000E+00     0.000E+00     0.000E+00     0.000E+00
 A_05       0.000E+00     0.000E+00     0.000E+00     0.000E+00     0.000E+00
 A_06       0.000E+00     0.000E+00     0.000E+00     0.000E+00     0.000E+00
 B_02       0.000E+00     0.000E+00     0.000E+00     0.000E+00     0.000E+00
 B_03       0.000E+00     0.000E+00     0.000E+00     0.000E+00     0.000E+00
 B_04       0.000E+00     0.000E+00     0.000E+00     0.000E+00     0.000E+00
 B_05       0.000E+00     0.000E+00     0.000E+00     0.000E+00     0.000E+00
 B_06       0.000E+00     0.000E+00     0.000E+00     0.000E+00     0.000E+00
 A_01       0.000E+00     0.000E+00     0.000E+00     0.000E+00     0.000E+00
 B_01       0.000E+00     0.000E+00     0.000E+00     0.000E+00     0.000E+00


           Derivatives With Respect to LAMBDA
              B_01
              ________
 A_02       0.000E+00
 A_03       0.000E+00
 A_04       0.000E+00
 A_05       0.000E+00
 A_06       0.000E+00
 B_02       0.000E+00
 B_03       0.000E+00
 B_04       0.000E+00
 B_05       0.000E+00
 B_06       0.000E+00
 A_01       0.000E+00
 B_01       0.000E+00


           Derivatives With Respect to THETA
              A_02          A_03          A_04          A_05          A_06
              ________      ________      ________      ________      ________
 A_02       0.000E+00
 A_03       0.000E+00     0.000E+00
 A_04       0.000E+00     0.000E+00     0.000E+00
 A_05       0.000E+00     0.000E+00     0.000E+00     0.000E+00
 A_06       0.000E+00     0.000E+00     0.000E+00     0.000E+00     0.000E+00
 B_02       0.000E+00     0.000E+00     0.000E+00     0.000E+00     0.000E+00
 B_03       0.000E+00     0.000E+00     0.000E+00     0.000E+00     0.000E+00
 B_04       0.000E+00     0.000E+00     0.000E+00     0.000E+00     0.000E+00
 B_05       0.000E+00     0.000E+00     0.000E+00     0.000E+00     0.000E+00
 B_06       0.000E+00     0.000E+00     0.000E+00     0.000E+00     0.000E+00
 A_01       0.000E+00     0.000E+00     0.000E+00     0.000E+00     0.000E+00
 B_01       0.000E+00     0.000E+00     0.000E+00     0.000E+00     0.000E+00


           Derivatives With Respect to THETA
              B_02          B_03          B_04          B_05          B_06
              ________      ________      ________      ________      ________
 B_02       0.000E+00
 B_03       0.000E+00     0.000E+00
 B_04       0.000E+00     0.000E+00     0.000E+00
 B_05       0.000E+00     0.000E+00     0.000E+00     0.000E+00
 B_06       0.000E+00     0.000E+00     0.000E+00     0.000E+00     0.000E+00
 A_01       0.000E+00     0.000E+00     0.000E+00     0.000E+00     0.000E+00
 B_01       0.000E+00     0.000E+00     0.000E+00     0.000E+00     0.000E+00


           Derivatives With Respect to THETA
              A_01          B_01
              ________      ________
 A_01       0.000E+00
 B_01       0.000E+00     0.000E+00


           Derivatives With Respect to ALPHA
              IA            SA            IB            SB            A_02
              ________      ________      ________      ________      ________
 1          0.000E+00     0.000E+00     0.000E+00     0.000E+00     0.596E-08


           Derivatives With Respect to ALPHA
              A_03          A_04          A_05          A_06          B_02
              ________      ________      ________      ________      ________
 1         -0.112E-06     0.118E-06    -0.909E-07     0.651E-07    -0.376E-05


           Derivatives With Respect to ALPHA
              B_03          B_04          B_05          B_06          A_01
              ________      ________      ________      ________      ________
 1          0.899E-05    -0.105E-04     0.125E-04    -0.106E-04     0.302E-07


           Derivatives With Respect to ALPHA
              B_01
              ________
 1          0.419E-06


           Derivatives With Respect to BETA
              IA            SA            IB            SB            A_02
              ________      ________      ________      ________      ________
 IA         0.000E+00     0.000E+00     0.000E+00     0.000E+00     0.000E+00
 SA         0.000E+00     0.000E+00     0.000E+00     0.000E+00     0.000E+00
 IB         0.000E+00     0.000E+00     0.000E+00     0.000E+00     0.000E+00
 SB         0.000E+00     0.000E+00     0.000E+00     0.000E+00     0.000E+00
 A_02       0.000E+00     0.000E+00     0.000E+00     0.000E+00     0.000E+00
 A_03       0.000E+00     0.000E+00     0.000E+00     0.000E+00    -0.947E-06
 A_04       0.000E+00     0.000E+00     0.000E+00     0.000E+00     0.000E+00
 A_05       0.000E+00     0.000E+00     0.000E+00     0.000E+00     0.000E+00
 A_06       0.000E+00     0.000E+00     0.000E+00     0.000E+00     0.000E+00
 B_02       0.000E+00     0.000E+00     0.000E+00     0.000E+00     0.000E+00
 B_03       0.000E+00     0.000E+00     0.000E+00     0.000E+00     0.758E-04
 B_04       0.000E+00     0.000E+00     0.000E+00     0.000E+00     0.000E+00
 B_05       0.000E+00     0.000E+00     0.000E+00     0.000E+00     0.000E+00
 B_06       0.000E+00     0.000E+00     0.000E+00     0.000E+00     0.000E+00
 A_01       0.000E+00     0.000E+00     0.000E+00     0.000E+00     0.000E+00
 B_01       0.000E+00     0.000E+00     0.000E+00     0.000E+00     0.000E+00


           Derivatives With Respect to BETA
              A_03          A_04          A_05          A_06          B_02
              ________      ________      ________      ________      ________
 IA         0.000E+00     0.000E+00     0.000E+00     0.000E+00     0.000E+00
 SA         0.000E+00     0.000E+00     0.000E+00     0.000E+00     0.000E+00
 IB         0.000E+00     0.000E+00     0.000E+00     0.000E+00     0.000E+00
 SB         0.000E+00     0.000E+00     0.000E+00     0.000E+00     0.000E+00
 A_02       0.000E+00     0.000E+00     0.000E+00     0.000E+00     0.000E+00
 A_03       0.000E+00     0.000E+00     0.000E+00     0.000E+00     0.929E-07
 A_04       0.986E-06     0.000E+00     0.000E+00     0.000E+00     0.000E+00
 A_05       0.000E+00    -0.726E-06     0.000E+00     0.000E+00     0.000E+00
 A_06       0.000E+00     0.000E+00     0.518E-06     0.000E+00     0.000E+00
 B_02       0.000E+00     0.000E+00     0.000E+00     0.000E+00     0.000E+00
 B_03       0.000E+00     0.000E+00     0.000E+00     0.000E+00    -0.674E-06
 B_04      -0.876E-04     0.000E+00     0.000E+00     0.000E+00     0.000E+00
 B_05       0.000E+00     0.999E-04     0.000E+00     0.000E+00     0.000E+00
 B_06       0.000E+00     0.000E+00    -0.833E-04     0.000E+00     0.000E+00
 A_01       0.000E+00     0.000E+00     0.000E+00     0.000E+00     0.000E+00
 B_01       0.000E+00     0.000E+00     0.000E+00     0.000E+00     0.000E+00


           Derivatives With Respect to BETA
              B_03          B_04          B_05          B_06          A_01
              ________      ________      ________      ________      ________
 IA         0.000E+00     0.000E+00     0.000E+00     0.000E+00     0.000E+00
 SA         0.000E+00     0.000E+00     0.000E+00     0.000E+00     0.000E+00
 IB         0.000E+00     0.000E+00     0.000E+00     0.000E+00     0.000E+00
 SB         0.000E+00     0.000E+00     0.000E+00     0.000E+00     0.000E+00
 A_02       0.000E+00     0.000E+00     0.000E+00     0.000E+00     0.557E-07
 A_03       0.000E+00     0.000E+00     0.000E+00     0.000E+00     0.000E+00
 A_04       0.991E-07     0.000E+00     0.000E+00     0.000E+00     0.000E+00
 A_05       0.000E+00    -0.499E-07     0.000E+00     0.000E+00     0.000E+00
 A_06       0.000E+00     0.000E+00     0.100E-06     0.000E+00     0.000E+00
 B_02       0.000E+00     0.000E+00     0.000E+00     0.000E+00    -0.319E-04
 B_03       0.000E+00     0.000E+00     0.000E+00     0.000E+00     0.000E+00
 B_04      -0.674E-06     0.000E+00     0.000E+00     0.000E+00     0.000E+00
 B_05       0.000E+00    -0.674E-06     0.000E+00     0.000E+00     0.000E+00
 B_06       0.000E+00     0.000E+00    -0.674E-06     0.000E+00     0.000E+00
 A_01       0.000E+00     0.000E+00     0.000E+00     0.000E+00     0.000E+00
 B_01       0.000E+00     0.000E+00     0.000E+00     0.000E+00     0.000E+00


           Derivatives With Respect to BETA
              B_01
              ________
 IA         0.000E+00
 SA         0.000E+00
 IB         0.000E+00
 SB         0.000E+00
 A_02       0.523E-08
 A_03       0.000E+00
 A_04       0.000E+00
 A_05       0.000E+00
 A_06       0.000E+00
 B_02      -0.674E-06
 B_03       0.000E+00
 B_04       0.000E+00
 B_05       0.000E+00
 B_06       0.000E+00
 A_01       0.000E+00
 B_01       0.000E+00


           Derivatives With Respect to PSI
              IA            SA            IB            SB            A_02
              ________      ________      ________      ________      ________
 IA         0.000E+00
 SA         0.000E+00     0.000E+00
 IB         0.000E+00     0.000E+00     0.000E+00
 SB         0.000E+00     0.000E+00     0.000E+00     0.000E+00
 A_02       0.000E+00     0.000E+00     0.000E+00     0.000E+00    -0.226E-08
 A_03       0.000E+00     0.000E+00     0.000E+00     0.000E+00     0.000E+00
 A_04       0.000E+00     0.000E+00     0.000E+00     0.000E+00     0.000E+00
 A_05       0.000E+00     0.000E+00     0.000E+00     0.000E+00     0.000E+00
 A_06       0.000E+00     0.000E+00     0.000E+00     0.000E+00     0.000E+00
 B_02       0.000E+00     0.000E+00     0.000E+00     0.000E+00     0.000E+00
 B_03       0.000E+00     0.000E+00     0.000E+00     0.000E+00     0.000E+00
 B_04       0.000E+00     0.000E+00     0.000E+00     0.000E+00     0.000E+00
 B_05       0.000E+00     0.000E+00     0.000E+00     0.000E+00     0.000E+00
 B_06       0.000E+00     0.000E+00     0.000E+00     0.000E+00     0.000E+00
 A_01       0.000E+00     0.000E+00     0.000E+00     0.000E+00     0.000E+00
 B_01       0.000E+00     0.000E+00     0.000E+00     0.000E+00     0.000E+00


           Derivatives With Respect to PSI
              A_03          A_04          A_05          A_06          B_02
              ________      ________      ________      ________      ________
 A_03       0.376E-07
 A_04       0.000E+00     0.388E-08
 A_05       0.000E+00     0.000E+00     0.390E-08
 A_06       0.000E+00     0.000E+00     0.000E+00     0.248E-08
 B_02       0.000E+00     0.000E+00     0.000E+00     0.000E+00     0.156E-04
 B_03       0.000E+00     0.000E+00     0.000E+00     0.000E+00     0.000E+00
 B_04       0.000E+00     0.000E+00     0.000E+00     0.000E+00     0.000E+00
 B_05       0.000E+00     0.000E+00     0.000E+00     0.000E+00     0.000E+00
 B_06       0.000E+00     0.000E+00     0.000E+00    -0.983E-06     0.000E+00
 A_01       0.000E+00     0.000E+00     0.000E+00     0.000E+00     0.000E+00
 B_01       0.000E+00     0.000E+00     0.000E+00     0.000E+00     0.000E+00


           Derivatives With Respect to PSI
              B_03          B_04          B_05          B_06          A_01
              ________      ________      ________      ________      ________
 B_03      -0.700E-04
 B_04       0.000E+00     0.553E-04
 B_05       0.000E+00     0.000E+00    -0.609E-04
 B_06       0.000E+00     0.000E+00     0.000E+00     0.343E-04
 A_01       0.000E+00     0.000E+00     0.000E+00     0.000E+00     0.237E-07
 B_01       0.000E+00     0.000E+00     0.000E+00     0.000E+00     0.298E-06


           Derivatives With Respect to PSI
              B_01
              ________
 B_01      -0.774E-06


     Beginning Time:  10:49:49
        Ending Time:  10:51:48
       Elapsed Time:  00:01:59



MUTHEN & MUTHEN
3463 Stoner Ave.
Los Angeles, CA  90066

Tel: (310) 391-9971
Fax: (310) 391-8971
Web: www.StatModel.com
Support: Support@StatModel.com

Copyright (c) 1998-2015 Muthen & Muthen
