Mplus VERSION 7.4 (Mac)
MUTHEN & MUTHEN
10/14/2017   3:17 PM

INPUT INSTRUCTIONS

  TITLE:
  7 - Predetermined ALT, fixed social slope
  DATA:
  File = wide-dataset-b.dat;
  VARIABLE:
  NAMES are
   id hhid male birthyr_rand birthmo_rand race_rand hispanic_rand cohort
      raedyrs raedegrm memoryproblems_baseline memory_disease_ever age_baseline
      age_baseline_65 health_conditions_baseline healthcond_mean activity_mean_2004
      activity_mean_2006 activity_mean_2008 activity_mean_2010 activity_mean_2012
      activity_mean_2014 activity_sum_2004 activity_sum_2006 activity_sum_2008
      activity_sum_2010 activity_sum_2012 activity_sum_2014 close_social_network_2004
      close_social_network_2006 close_social_network_2008 close_social_network_2010
      close_social_network_2012 close_social_network_2014 countb20r_2004
      countb20r_2006 countb20r_2008 countb20r_2010 countb20r_2012 countb20r_2014
      crp_adj_2004 crp_adj_2006 crp_adj_2008 crp_adj_2010 crp_adj_2012 crp_adj_2014
      dep_total_2004 dep_total_2006 dep_total_2008 dep_total_2010 dep_total_2012
      dep_total_2014 exercise_2004 exercise_2006 exercise_2008 exercise_2010
      exercise_2012 exercise_2014 healthcond_2004 healthcond_2006 healthcond_2008
      healthcond_2010 healthcond_2012 healthcond_2014 hhres_2004 hhres_2006
      hhres_2008 hhres_2010 hhres_2012 hhres_2014 hrs_tscore_2004 hrs_tscore_2006
      hrs_tscore_2008 hrs_tscore_2010 hrs_tscore_2012 hrs_tscore_2014 intage_r_2004
      intage_r_2006 intage_r_2008 intage_r_2010 intage_r_2012 intage_r_2014
      interview_date_2004 interview_date_2006 interview_date_2008 interview_date_2010
      interview_date_2012 interview_date_2014 lb_65_wave_2004 lb_65_wave_2006
      lb_65_wave_2008 lb_65_wave_2010 lb_65_wave_2012 lb_65_wave_2014 lb_wave_2004
      lb_wave_2006 lb_wave_2008 lb_wave_2010 lb_wave_2012 lb_wave_2014 listassi_2004
      listassi_2006 listassi_2008 listassi_2010 listassi_2012 listassi_2014
      mentalstatus_tot_2004 mentalstatus_tot_2006 mentalstatus_tot_2008
      mentalstatus_tot_2010 mentalstatus_tot_2012 mentalstatus_tot_2014 proxy_2004
      proxy_2006 proxy_2008 proxy_2010 proxy_2012 proxy_2014 responded_2004
      responded_2006 responded_2008 responded_2010 responded_2012 responded_2014
      rmaritalst_2004 rmaritalst_2006 rmaritalst_2008 rmaritalst_2010 rmaritalst_2012
      rmaritalst_2014 rpartst_2004 rpartst_2006 rpartst_2008 rpartst_2010
      rpartst_2012 rpartst_2014 score_loneliness_11_2004 score_loneliness_11_2006
      score_loneliness_11_2008 score_loneliness_11_2010 score_loneliness_11_2012
      score_loneliness_11_2014 score_loneliness_3_2004 score_loneliness_3_2006
      score_loneliness_3_2008 score_loneliness_3_2010 score_loneliness_3_2012
      score_loneliness_3_2014 shhidpnr_2004 shhidpnr_2006 shhidpnr_2008 shhidpnr_2010
      shhidpnr_2012 shhidpnr_2014 snchild_2004 snchild_2006 snchild_2008 snchild_2010
      snchild_2012 snchild_2014 snfamily_2004 snfamily_2006 snfamily_2008
      snfamily_2010 snfamily_2012 snfamily_2014 snfriends_2004 snfriends_2006
      snfriends_2008 snfriends_2010 snfriends_2012 snfriends_2014 snspouse_2004
      snspouse_2006 snspouse_2008 snspouse_2010 snspouse_2012 snspouse_2014
      social_contact_total_2004 social_contact_total_2006 social_contact_total_2008
      social_contact_total_2010 social_contact_total_2012 social_contact_total_2014
      social_strain_mean_2004 social_strain_mean_2006 social_strain_mean_2008
      social_strain_mean_2010 social_strain_mean_2012 social_strain_mean_2014
      social_support_mean_2004 social_support_mean_2006 social_support_mean_2008
      social_support_mean_2010 social_support_mean_2012 social_support_mean_2014
      socialnetwork_total_2004 socialnetwork_total_2006 socialnetwork_total_2008
      socialnetwork_total_2010 socialnetwork_total_2012 socialnetwork_total_2014
      srmemory_2004 srmemory_2006 srmemory_2008 srmemory_2010 srmemory_2012
      srmemory_2014 srmemoryp_2004 srmemoryp_2006 srmemoryp_2008 srmemoryp_2010
      srmemoryp_2012 srmemoryp_2014 vocab_total_2004 vocab_total_2006 vocab_total_2008
      vocab_total_2010 vocab_total_2012 vocab_total_2014 wrectotd_2004 wrectotd_2006
      wrectotd_2008 wrectotd_2010 wrectotd_2012 wrectotd_2014 wrectoti_2004
      wrectoti_2006 wrectoti_2008 wrectoti_2010 wrectoti_2012 wrectoti_2014
  	;
  Missing are all(9999);
  USEVARIABLES are
  	!define the variables used in the analysis
  	!estimated time points
  a_01
  a_02
  a_03
  a_04
  a_05
  a_06
  	!modelled time points of process (B)
  b_01
  b_02
  b_03
  b_04
  b_05
  b_06
  	! covariates used in the model
  	;
  SUBPOPULATION are
  	!select a subset of observations
  age_baseline > 64 AND
  memory_disease_ever EQ 0
  ;
  CLUSTER = hhid;
  DEFINE:
    ! centre baseline age
  a = age_baseline - 69;
  	! assign variables to the process (A)
  a_01=wrectoti_2004;
  a_02=wrectoti_2006;
  a_03=wrectoti_2008;
  a_04=wrectoti_2010;
  a_05=wrectoti_2012;
  a_06=wrectoti_2014;
  	! assign variables to the process (B)
  b_01=score_loneliness_3_2004;
  b_02=score_loneliness_3_2006;
  b_03=score_loneliness_3_2008;
  b_04=score_loneliness_3_2010;
  b_05=score_loneliness_3_2012;
  b_06=score_loneliness_3_2014;
  ANALYSIS:
  TYPE = COMPLEX RANDOM;
  model=nocovariances;
  COVERAGE=.00;
  H1ITERATIONS = 10000;
  MODEL:
  	!LGM part
  	! assign process (A) to time points
  ia BY a_02@1 a_03@1 a_04@1 a_05@1 a_06@1;
  sa BY a_02@0 a_03@2 a_04@4 a_05@6 a_06@8;
  	! assign process (B) to time points
  ib BY b_02@1 b_03@1 b_04@1 b_05@1 b_06@1;
  sb BY b_02@0 b_03@2 b_04@4 b_05@6 b_06@8;
  sb@0;
  	!correlations between the first measurement points
  	!autoregressive part
  a_01 a_02 a_03 a_04 a_05 a_06;
  a_02 ON a_01;
  a_03 ON a_02;
  a_04 ON a_03;
  a_05 ON a_04;
  a_06 ON a_05;
  b_01 b_02 b_03 b_04 b_05 b_06;
  b_02 ON b_01;
  b_03 ON b_02;
  b_04 ON b_03;
  b_05 ON b_04;
  b_06 ON b_05;
  	!Cross lagged part
  a_02 ON b_01;
  a_03 ON b_02;
  a_04 ON b_03;
  a_05 ON b_04;
  a_06 ON b_05;
  b_02 ON a_01;
  b_03 ON a_02;
  b_04 ON a_03;
  b_05 ON a_04;
  b_06 ON a_05;
  ia;
  sa;
  ib;
  sb;
  ia with sa;
  ib with sb;
  ia with a_01;
  sa with a_01;
  ib with b_01;
  sb with b_01;
  ia with ib;
  !sa with sb;
  ! Time specific correlations
  b_02 WITH a_02;
  b_03 WITH a_03;
  b_04 WITH a_04;
  b_05 WITH a_05;
  b_06 WITH a_06;
  [a_02@0 a_03@0 a_04@0 a_05@0 a_06@0];
  [b_02@0 b_03@0 b_04@0 b_05@0 b_06@0];
  [ia];
  [ib];
  [sa];
  [sb];
  [a_01];
  [b_01];
  	
  OUTPUT: SAMPSTAT MODINDICES (3.0); TECH1; TECH4;



*** WARNING in OUTPUT command
  TECH4 option for TYPE=RANDOM requires ALGORITHM=INTEGRATION.
  Request for TECH4 is ignored.
   1 WARNING(S) FOUND IN THE INPUT INSTRUCTIONS




7 - Predetermined ALT, fixed social slope

SUMMARY OF ANALYSIS

Number of groups                                                 1
Number of observations                                        5952

Number of dependent variables                                   10
Number of independent variables                                  2
Number of continuous latent variables                            4

Observed dependent variables

  Continuous
   A_02        A_03        A_04        A_05        A_06        B_02
   B_03        B_04        B_05        B_06

Observed independent variables
   A_01        B_01

Continuous latent variables
   IA          SA          IB          SB

Variables with special functions

  Cluster variable      HHID

Estimator                                                      MLR
Information matrix                                        OBSERVED
Maximum number of iterations                                   100
Convergence criterion                                    0.100D-05
Maximum number of EM iterations                                500
Convergence criteria for the EM algorithm
  Loglikelihood change                                   0.100D-02
  Relative loglikelihood change                          0.100D-05
  Derivative                                             0.100D-03
Minimum variance                                         0.100D-03
Maximum number of steepest descent iterations                   20
Maximum number of iterations for H1                          10000
Convergence criterion for H1                             0.100D-03
Optimization algorithm                                         EMA

Input data file(s)
  wide-dataset-b.dat
Input data format  FREE


SUMMARY OF DATA

     Number of missing data patterns           275
     Number of clusters        4882



SAMPLE STATISTICS


     ESTIMATED SAMPLE STATISTICS


           Means
              A_02          A_03          A_04          A_05          A_06
              ________      ________      ________      ________      ________
 1              5.305         5.168         4.832         4.664         4.482


           Means
              B_02          B_03          B_04          B_05          B_06
              ________      ________      ________      ________      ________
 1              1.435         1.439         1.441         1.470         1.460


           Means
              A_01          B_01
              ________      ________
 1              5.434         1.381


           Covariances
              A_02          A_03          A_04          A_05          A_06
              ________      ________      ________      ________      ________
 A_02           2.360
 A_03           1.087         2.391
 A_04           1.199         1.152         2.706
 A_05           1.091         1.241         1.319         2.690
 A_06           1.244         1.177         1.370         1.386         2.809
 B_02          -0.073        -0.055        -0.076        -0.077        -0.076
 B_03          -0.082        -0.079        -0.072        -0.093        -0.095
 B_04          -0.082        -0.040        -0.092        -0.082        -0.057
 B_05          -0.046        -0.051        -0.060        -0.090        -0.086
 B_06          -0.089        -0.043        -0.095        -0.086        -0.067
 A_01           1.074         1.089         1.052         1.133         1.055
 B_01          -0.066        -0.056        -0.075        -0.083        -0.101


           Covariances
              B_02          B_03          B_04          B_05          B_06
              ________      ________      ________      ________      ________
 B_02           0.258
 B_03           0.087         0.266
 B_04           0.143         0.058         0.262
 B_05           0.064         0.148         0.008         0.256
 B_06           0.134         0.134         0.149         0.088         0.266
 A_01          -0.069        -0.091        -0.055        -0.072        -0.052
 B_01           0.142         0.124         0.114         0.121         0.115


           Covariances
              A_01          B_01
              ________      ________
 A_01           2.264
 B_01          -0.061         0.230


           Correlations
              A_02          A_03          A_04          A_05          A_06
              ________      ________      ________      ________      ________
 A_02           1.000
 A_03           0.458         1.000
 A_04           0.474         0.453         1.000
 A_05           0.433         0.489         0.489         1.000
 A_06           0.483         0.454         0.497         0.504         1.000
 B_02          -0.093        -0.069        -0.092        -0.093        -0.089
 B_03          -0.104        -0.099        -0.085        -0.110        -0.110
 B_04          -0.104        -0.050        -0.109        -0.098        -0.067
 B_05          -0.059        -0.066        -0.072        -0.108        -0.101
 B_06          -0.113        -0.054        -0.111        -0.102        -0.077
 A_01           0.465         0.468         0.425         0.459         0.418
 B_01          -0.090        -0.075        -0.095        -0.105        -0.126


           Correlations
              B_02          B_03          B_04          B_05          B_06
              ________      ________      ________      ________      ________
 B_02           1.000
 B_03           0.333         1.000
 B_04           0.549         0.221         1.000
 B_05           0.249         0.567         0.030         1.000
 B_06           0.512         0.502         0.566         0.336         1.000
 A_01          -0.091        -0.117        -0.071        -0.095        -0.067
 B_01           0.581         0.502         0.464         0.499         0.465


           Correlations
              A_01          B_01
              ________      ________
 A_01           1.000
 B_01          -0.084         1.000


     MAXIMUM LOG-LIKELIHOOD VALUE FOR THE UNRESTRICTED (H1) MODEL IS -63932.927


UNIVARIATE SAMPLE STATISTICS


     UNIVARIATE HIGHER-ORDER MOMENT DESCRIPTIVE STATISTICS

         Variable/         Mean/     Skewness/   Minimum/ % with                Percentiles
        Sample Size      Variance    Kurtosis    Maximum  Min/Max      20%/60%    40%/80%    Median

     A_02                  5.312      -0.013       0.000    0.25%       4.000      5.000      5.000
            5681.000       2.347       0.206      10.000    0.42%       6.000      7.000
     A_03                  5.177      -0.071       0.000    0.36%       4.000      5.000      5.000
            5775.000       2.383       0.197      10.000    0.23%       6.000      6.000
     A_04                  4.856      -0.123       0.000    1.04%       4.000      5.000      5.000
            5669.000       2.683       0.277      10.000    0.19%       5.000      6.000
     A_05                  4.743      -0.175       0.000    1.46%       3.000      4.000      5.000
            5132.000       2.642       0.389      10.000    0.19%       5.000      6.000
     A_06                  4.626      -0.096       0.000    1.38%       3.000      4.000      5.000
            4429.000       2.729       0.239      10.000    0.09%       5.000      6.000
     B_02                  1.432       1.083       1.000   45.40%       1.000      1.000      1.333
            2771.000       0.259       0.516       3.000    2.24%       1.333      2.000
     B_03                  1.437       1.063       1.000   45.38%       1.000      1.000      1.333
            2719.000       0.265       0.388       3.000    2.02%       1.333      2.000
     B_04                  1.428       1.148       1.000   45.05%       1.000      1.000      1.333
            2617.000       0.260       0.655       3.000    2.25%       1.333      2.000
     B_05                  1.455       0.975       1.000   41.23%       1.000      1.000      1.333
            2219.000       0.251       0.285       3.000    1.89%       1.333      2.000
     B_06                  1.429       1.081       1.000   44.93%       1.000      1.000      1.333
            2010.000       0.256       0.406       3.000    1.74%       1.333      2.000
     A_01                  5.450      -0.108       0.000    0.36%       4.000      5.000      5.000
            5496.000       2.255       0.367      10.000    0.38%       6.000      7.000
     B_01                  1.353       1.282       1.000   53.05%       1.000      1.000      1.000
            1050.000       0.223       0.886       3.000    1.05%       1.333      1.667


THE MODEL ESTIMATION TERMINATED NORMALLY



MODEL FIT INFORMATION

Number of Free Parameters                       54

Loglikelihood

          H0 Value                      -63999.558
          H0 Scaling Correction Factor      1.3121
            for MLR
          H1 Value                      -63932.927
          H1 Scaling Correction Factor      1.1544
            for MLR

Information Criteria

          Akaike (AIC)                  128107.116
          Bayesian (BIC)                128468.456
          Sample-Size Adjusted BIC      128296.860
            (n* = (n + 2) / 24)

Chi-Square Test of Model Fit

          Value                            145.174*
          Degrees of Freedom                    36
          P-Value                           0.0000
          Scaling Correction Factor         0.9179
            for MLR

*   The chi-square value for MLM, MLMV, MLR, ULSMV, WLSM and WLSMV cannot be used
    for chi-square difference testing in the regular way.  MLM, MLR and WLSM
    chi-square difference testing is described on the Mplus website.  MLMV, WLSMV,
    and ULSMV difference testing is done using the DIFFTEST option.

RMSEA (Root Mean Square Error Of Approximation)

          Estimate                           0.023

CFI/TLI

          CFI                                0.990
          TLI                                0.981

Chi-Square Test of Model Fit for the Baseline Model

          Value                          10820.047
          Degrees of Freedom                    66
          P-Value                           0.0000

SRMR (Standardized Root Mean Square Residual)

          Value                              0.085



MODEL RESULTS

                                                    Two-Tailed
                    Estimate       S.E.  Est./S.E.    P-Value

 IA       BY
    A_02               1.000      0.000    999.000    999.000
    A_03               1.000      0.000    999.000    999.000
    A_04               1.000      0.000    999.000    999.000
    A_05               1.000      0.000    999.000    999.000
    A_06               1.000      0.000    999.000    999.000

 SA       BY
    A_02               0.000      0.000    999.000    999.000
    A_03               2.000      0.000    999.000    999.000
    A_04               4.000      0.000    999.000    999.000
    A_05               6.000      0.000    999.000    999.000
    A_06               8.000      0.000    999.000    999.000

 IB       BY
    B_02               1.000      0.000    999.000    999.000
    B_03               1.000      0.000    999.000    999.000
    B_04               1.000      0.000    999.000    999.000
    B_05               1.000      0.000    999.000    999.000
    B_06               1.000      0.000    999.000    999.000

 SB       BY
    B_02               0.000      0.000    999.000    999.000
    B_03               2.000      0.000    999.000    999.000
    B_04               4.000      0.000    999.000    999.000
    B_05               6.000      0.000    999.000    999.000
    B_06               8.000      0.000    999.000    999.000

 A_02       ON
    A_01              -0.014      0.023     -0.634      0.526
    B_01              -0.113      0.067     -1.680      0.093

 A_03       ON
    A_02              -0.028      0.018     -1.605      0.109
    B_02              -0.024      0.058     -0.414      0.679

 A_04       ON
    A_03              -0.029      0.014     -2.046      0.041
    B_03              -0.125      0.055     -2.284      0.022

 A_05       ON
    A_04              -0.008      0.019     -0.409      0.682
    B_04              -0.191      0.058     -3.310      0.001

 A_06       ON
    A_05              -0.018      0.029     -0.606      0.545
    B_05              -0.157      0.063     -2.503      0.012

 B_02       ON
    B_01               0.210      0.144      1.454      0.146
    A_01              -0.018      0.006     -2.878      0.004

 B_03       ON
    B_02               0.085      0.196      0.435      0.663
    A_02              -0.021      0.007     -2.936      0.003

 B_04       ON
    B_03              -0.085      0.297     -0.287      0.774
    A_03              -0.009      0.005     -1.712      0.087

 B_05       ON
    B_04              -0.189      0.431     -0.439      0.661
    A_04              -0.010      0.005     -2.020      0.043

 B_06       ON
    B_05              -0.296      0.537     -0.550      0.582
    A_05              -0.017      0.008     -2.049      0.040

 IA       WITH
    SA                 0.006      0.009      0.692      0.489
    A_01               1.108      0.052     21.149      0.000
    IB                -0.007      0.014     -0.466      0.641

 IB       WITH
    SB                 0.003      0.006      0.524      0.600
    B_01               0.093      0.030      3.150      0.002

 SA       WITH
    A_01              -0.002      0.010     -0.244      0.807

 SB       WITH
    B_01               0.007      0.008      0.898      0.369

 B_02     WITH
    A_02               0.008      0.011      0.705      0.481

 B_03     WITH
    A_03              -0.017      0.012     -1.473      0.141

 B_04     WITH
    A_04              -0.025      0.013     -1.961      0.050

 B_05     WITH
    A_05              -0.023      0.018     -1.316      0.188

 B_06     WITH
    A_06               0.008      0.016      0.469      0.639

 Means
    A_01               5.433      0.020    265.852      0.000
    B_01               1.378      0.014    101.966      0.000
    IA                 5.538      0.147     37.636      0.000
    SA                -0.093      0.030     -3.101      0.002
    IB                 1.246      0.192      6.488      0.000
    SB                 0.090      0.103      0.875      0.382

 Intercepts
    A_02               0.000      0.000    999.000    999.000
    A_03               0.000      0.000    999.000    999.000
    A_04               0.000      0.000    999.000    999.000
    A_05               0.000      0.000    999.000    999.000
    A_06               0.000      0.000    999.000    999.000
    B_02               0.000      0.000    999.000    999.000
    B_03               0.000      0.000    999.000    999.000
    B_04               0.000      0.000    999.000    999.000
    B_05               0.000      0.000    999.000    999.000
    B_06               0.000      0.000    999.000    999.000

 Variances
    A_01               2.265      0.047     48.418      0.000
    B_01               0.230      0.011     20.211      0.000
    IA                 1.159      0.082     14.098      0.000
    SA                 0.004      0.002      2.552      0.011
    IB                 0.117      0.041      2.858      0.004
    SB                 0.001      0.001      2.243      0.025

 Residual Variances
    A_02               1.229      0.049     24.892      0.000
    A_03               1.256      0.035     36.400      0.000
    A_04               1.437      0.045     31.729      0.000
    A_05               1.321      0.055     23.998      0.000
    A_06               1.322      0.059     22.442      0.000
    B_02               0.090      0.023      3.925      0.000
    B_03               0.102      0.013      8.010      0.000
    B_04               0.123      0.017      7.400      0.000
    B_05               0.105      0.012      8.460      0.000
    B_06               0.102      0.015      6.723      0.000


QUALITY OF NUMERICAL RESULTS

     Condition Number for the Information Matrix              0.531E-05
       (ratio of smallest to largest eigenvalue)


MODEL MODIFICATION INDICES

NOTE:  Modification indices for direct effects of observed dependent variables
regressed on covariates may not be included.  To include these, request
MODINDICES (ALL).

Minimum M.I. value for printing the modification index     3.000

                                   M.I.     E.P.C.


ON/BY Statements

A_03     ON SA       /
SA       BY A_03                   3.700    -1.074
A_04     ON SA       /
SA       BY A_04                   8.956     1.660
A_04     ON IB       /
IB       BY A_04                   3.957    -0.379
A_04     ON SB       /
SB       BY A_04                   5.228    -2.618
A_06     ON IA       /
IA       BY A_06                   3.523     0.077
B_03     ON IA       /
IA       BY B_03                   3.730    -0.024
B_04     ON IA       /
IA       BY B_04                   5.393    -0.028
B_05     ON IB       /
IB       BY B_05                   5.344     1.019
A_01     ON IA       /
IA       BY A_01                  32.774     9.011
A_01     ON IB       /
IB       BY A_01                  30.796    -0.435
A_01     ON SB       /
SB       BY A_01                  17.818    -3.917
B_01     ON IA       /
IA       BY B_01                  10.688    -0.041
B_01     ON SA       /
SA       BY B_01                   9.674    -1.286
B_01     ON IB       /
IB       BY B_01                   7.589     5.560
IA       ON IB       /
IB       BY IA                     8.726    -0.450
IA       ON SB       /
SB       BY IA                     3.684    -2.242
SA       ON IB       /
IB       BY SA                     3.142    -0.031
IB       ON IA       /
IA       BY IB                    32.458    -0.054
SB       ON IA       /
IA       BY SB                    15.845    -0.006

ON Statements

IA       ON A_04                  18.048     0.067
IA       ON A_05                  15.039    -0.068
IA       ON B_02                   8.166    -0.210
IA       ON B_06                   4.746    -0.139
IA       ON B_01                   8.724    -0.182
SA       ON A_03                   4.736    -0.006
SA       ON A_04                   6.569     0.007
SA       ON A_06                   9.610    -0.029
SA       ON B_02                   3.692    -0.019
SA       ON B_01                  10.015    -0.034
IB       ON A_02                  24.593    -0.034
IB       ON A_03                  12.328    -0.024
IB       ON A_04                   5.595    -0.014
IB       ON A_05                  12.953    -0.021
IB       ON A_06                  13.494    -0.022
IB       ON B_02                  11.204     0.508
IB       ON A_01                  32.831    -0.027
SB       ON A_02                  13.399    -0.004
SB       ON A_04                   7.326    -0.002
SB       ON A_05                   5.231    -0.004
SB       ON A_06                   5.190    -0.003
SB       ON B_02                   4.583     0.056
SB       ON A_01                  18.040    -0.004
A_02     ON A_04                  19.308     0.124
A_02     ON A_05                  30.156    -0.089
A_02     ON A_06                  22.510     0.094
A_02     ON B_04                   5.013    -0.151
A_03     ON A_06                   9.472    -0.046
A_03     ON B_04                   5.337     0.182
A_04     ON A_02                   4.324     0.036
A_04     ON A_06                   3.991     0.041
A_04     ON B_04                   5.326    -0.289
A_04     ON B_06                   7.704    -0.198
A_04     ON A_01                   5.362    -0.031
A_04     ON B_01                   4.053    -0.169
A_05     ON A_02                  27.924    -0.071
A_06     ON A_02                  39.721     0.156
A_06     ON A_03                   6.328    -0.046
A_06     ON A_04                   5.670     0.052
A_06     ON A_06                   3.098     0.092
B_03     ON A_03                   3.715    -0.024
B_03     ON A_05                   4.361    -0.015
B_03     ON A_01                   7.582    -0.018
B_04     ON A_02                   6.042    -0.015
B_04     ON A_04                   4.432    -0.025
B_04     ON B_05                   3.617    -0.310
B_04     ON A_01                   6.668    -0.015
B_05     ON B_02                   6.402     0.419
B_05     ON B_05                   8.195     1.076
B_05     ON B_06                   7.323     0.916
B_06     ON A_04                   4.773    -0.015
A_01     ON A_03                   4.506     0.058
A_01     ON A_04                   7.233    -0.042
A_01     ON A_05                  15.192     0.072
A_01     ON B_02                  25.262    -0.310
A_01     ON B_03                  30.698    -0.274
A_01     ON B_04                  21.756    -0.215
A_01     ON B_05                  23.011    -0.238
A_01     ON B_06                  15.137    -0.185
A_01     ON B_01                  15.201    -0.223
B_01     ON A_02                   3.479    -0.019
B_01     ON A_03                   7.046    -0.021
B_01     ON A_04                   7.088    -0.020
B_01     ON A_05                   6.584    -0.019
B_01     ON A_06                  13.490    -0.028
B_01     ON A_01                   3.706    -0.015

WITH Statements

SB       WITH SA                   3.376     0.001
A_02     WITH SB                   3.994    -0.004
A_03     WITH SA                   4.973    -0.008
A_04     WITH IA                  17.943     0.096
A_04     WITH SA                   6.505     0.010
A_04     WITH A_02                 8.957     0.092
A_05     WITH IA                  15.185    -0.091
A_05     WITH A_02                41.056    -0.153
A_05     WITH A_03                 4.844     0.058
A_06     WITH SA                  10.141    -0.039
A_06     WITH A_02                35.263     0.210
A_06     WITH A_03                13.316    -0.096
A_06     WITH A_04                 3.868     0.086
B_03     WITH A_02                 3.593     0.030
B_03     WITH A_04                 6.249     0.036
B_04     WITH A_02                 3.463    -0.021
B_04     WITH A_03                 4.719     0.034
B_05     WITH B_04                 5.483    -0.111
B_06     WITH A_04                 3.853    -0.025
A_01     WITH IB                  32.781    -0.061
A_01     WITH SB                  10.695    -0.005
A_01     WITH A_03                 3.479     0.064
A_01     WITH A_04                 9.257    -0.070
A_01     WITH A_05                11.619     0.083
A_01     WITH A_06                 3.216    -0.062
A_01     WITH B_03                 7.403    -0.031
A_01     WITH B_04                 4.087    -0.021
B_01     WITH IA                   7.737    -0.038
B_01     WITH SA                   9.722    -0.006
B_01     WITH A_06                 4.715    -0.038


TECHNICAL 1 OUTPUT


     PARAMETER SPECIFICATION


           NU
              A_02          A_03          A_04          A_05          A_06
              ________      ________      ________      ________      ________
 1                  0             0             0             0             0


           NU
              B_02          B_03          B_04          B_05          B_06
              ________      ________      ________      ________      ________
 1                  0             0             0             0             0


           NU
              A_01          B_01
              ________      ________
 1                  0             0


           LAMBDA
              IA            SA            IB            SB            A_02
              ________      ________      ________      ________      ________
 A_02               0             0             0             0             0
 A_03               0             0             0             0             0
 A_04               0             0             0             0             0
 A_05               0             0             0             0             0
 A_06               0             0             0             0             0
 B_02               0             0             0             0             0
 B_03               0             0             0             0             0
 B_04               0             0             0             0             0
 B_05               0             0             0             0             0
 B_06               0             0             0             0             0
 A_01               0             0             0             0             0
 B_01               0             0             0             0             0


           LAMBDA
              A_03          A_04          A_05          A_06          B_02
              ________      ________      ________      ________      ________
 A_02               0             0             0             0             0
 A_03               0             0             0             0             0
 A_04               0             0             0             0             0
 A_05               0             0             0             0             0
 A_06               0             0             0             0             0
 B_02               0             0             0             0             0
 B_03               0             0             0             0             0
 B_04               0             0             0             0             0
 B_05               0             0             0             0             0
 B_06               0             0             0             0             0
 A_01               0             0             0             0             0
 B_01               0             0             0             0             0


           LAMBDA
              B_03          B_04          B_05          B_06          A_01
              ________      ________      ________      ________      ________
 A_02               0             0             0             0             0
 A_03               0             0             0             0             0
 A_04               0             0             0             0             0
 A_05               0             0             0             0             0
 A_06               0             0             0             0             0
 B_02               0             0             0             0             0
 B_03               0             0             0             0             0
 B_04               0             0             0             0             0
 B_05               0             0             0             0             0
 B_06               0             0             0             0             0
 A_01               0             0             0             0             0
 B_01               0             0             0             0             0


           LAMBDA
              B_01
              ________
 A_02               0
 A_03               0
 A_04               0
 A_05               0
 A_06               0
 B_02               0
 B_03               0
 B_04               0
 B_05               0
 B_06               0
 A_01               0
 B_01               0


           THETA
              A_02          A_03          A_04          A_05          A_06
              ________      ________      ________      ________      ________
 A_02               0
 A_03               0             0
 A_04               0             0             0
 A_05               0             0             0             0
 A_06               0             0             0             0             0
 B_02               0             0             0             0             0
 B_03               0             0             0             0             0
 B_04               0             0             0             0             0
 B_05               0             0             0             0             0
 B_06               0             0             0             0             0
 A_01               0             0             0             0             0
 B_01               0             0             0             0             0


           THETA
              B_02          B_03          B_04          B_05          B_06
              ________      ________      ________      ________      ________
 B_02               0
 B_03               0             0
 B_04               0             0             0
 B_05               0             0             0             0
 B_06               0             0             0             0             0
 A_01               0             0             0             0             0
 B_01               0             0             0             0             0


           THETA
              A_01          B_01
              ________      ________
 A_01               0
 B_01               0             0


           ALPHA
              IA            SA            IB            SB            A_02
              ________      ________      ________      ________      ________
 1                  1             2             3             4             0


           ALPHA
              A_03          A_04          A_05          A_06          B_02
              ________      ________      ________      ________      ________
 1                  0             0             0             0             0


           ALPHA
              B_03          B_04          B_05          B_06          A_01
              ________      ________      ________      ________      ________
 1                  0             0             0             0             5


           ALPHA
              B_01
              ________
 1                  6


           BETA
              IA            SA            IB            SB            A_02
              ________      ________      ________      ________      ________
 IA                 0             0             0             0             0
 SA                 0             0             0             0             0
 IB                 0             0             0             0             0
 SB                 0             0             0             0             0
 A_02               0             0             0             0             0
 A_03               0             0             0             0             9
 A_04               0             0             0             0             0
 A_05               0             0             0             0             0
 A_06               0             0             0             0             0
 B_02               0             0             0             0             0
 B_03               0             0             0             0            19
 B_04               0             0             0             0             0
 B_05               0             0             0             0             0
 B_06               0             0             0             0             0
 A_01               0             0             0             0             0
 B_01               0             0             0             0             0


           BETA
              A_03          A_04          A_05          A_06          B_02
              ________      ________      ________      ________      ________
 IA                 0             0             0             0             0
 SA                 0             0             0             0             0
 IB                 0             0             0             0             0
 SB                 0             0             0             0             0
 A_02               0             0             0             0             0
 A_03               0             0             0             0            10
 A_04              11             0             0             0             0
 A_05               0            13             0             0             0
 A_06               0             0            15             0             0
 B_02               0             0             0             0             0
 B_03               0             0             0             0            20
 B_04              21             0             0             0             0
 B_05               0            23             0             0             0
 B_06               0             0            25             0             0
 A_01               0             0             0             0             0
 B_01               0             0             0             0             0


           BETA
              B_03          B_04          B_05          B_06          A_01
              ________      ________      ________      ________      ________
 IA                 0             0             0             0             0
 SA                 0             0             0             0             0
 IB                 0             0             0             0             0
 SB                 0             0             0             0             0
 A_02               0             0             0             0             7
 A_03               0             0             0             0             0
 A_04              12             0             0             0             0
 A_05               0            14             0             0             0
 A_06               0             0            16             0             0
 B_02               0             0             0             0            17
 B_03               0             0             0             0             0
 B_04              22             0             0             0             0
 B_05               0            24             0             0             0
 B_06               0             0            26             0             0
 A_01               0             0             0             0             0
 B_01               0             0             0             0             0


           BETA
              B_01
              ________
 IA                 0
 SA                 0
 IB                 0
 SB                 0
 A_02               8
 A_03               0
 A_04               0
 A_05               0
 A_06               0
 B_02              18
 B_03               0
 B_04               0
 B_05               0
 B_06               0
 A_01               0
 B_01               0


           PSI
              IA            SA            IB            SB            A_02
              ________      ________      ________      ________      ________
 IA                27
 SA                28            29
 IB                30             0            31
 SB                 0             0            32            33
 A_02               0             0             0             0            34
 A_03               0             0             0             0             0
 A_04               0             0             0             0             0
 A_05               0             0             0             0             0
 A_06               0             0             0             0             0
 B_02               0             0             0             0            39
 B_03               0             0             0             0             0
 B_04               0             0             0             0             0
 B_05               0             0             0             0             0
 B_06               0             0             0             0             0
 A_01              49            50             0             0             0
 B_01               0             0            52            53             0


           PSI
              A_03          A_04          A_05          A_06          B_02
              ________      ________      ________      ________      ________
 A_03              35
 A_04               0            36
 A_05               0             0            37
 A_06               0             0             0            38
 B_02               0             0             0             0            40
 B_03              41             0             0             0             0
 B_04               0            43             0             0             0
 B_05               0             0            45             0             0
 B_06               0             0             0            47             0
 A_01               0             0             0             0             0
 B_01               0             0             0             0             0


           PSI
              B_03          B_04          B_05          B_06          A_01
              ________      ________      ________      ________      ________
 B_03              42
 B_04               0            44
 B_05               0             0            46
 B_06               0             0             0            48
 A_01               0             0             0             0            51
 B_01               0             0             0             0             0


           PSI
              B_01
              ________
 B_01              54


     STARTING VALUES


           NU
              A_02          A_03          A_04          A_05          A_06
              ________      ________      ________      ________      ________
 1              0.000         0.000         0.000         0.000         0.000


           NU
              B_02          B_03          B_04          B_05          B_06
              ________      ________      ________      ________      ________
 1              0.000         0.000         0.000         0.000         0.000


           NU
              A_01          B_01
              ________      ________
 1              0.000         0.000


           LAMBDA
              IA            SA            IB            SB            A_02
              ________      ________      ________      ________      ________
 A_02           0.000         0.000         0.000         0.000         1.000
 A_03           0.000         0.000         0.000         0.000         0.000
 A_04           0.000         0.000         0.000         0.000         0.000
 A_05           0.000         0.000         0.000         0.000         0.000
 A_06           0.000         0.000         0.000         0.000         0.000
 B_02           0.000         0.000         0.000         0.000         0.000
 B_03           0.000         0.000         0.000         0.000         0.000
 B_04           0.000         0.000         0.000         0.000         0.000
 B_05           0.000         0.000         0.000         0.000         0.000
 B_06           0.000         0.000         0.000         0.000         0.000
 A_01           0.000         0.000         0.000         0.000         0.000
 B_01           0.000         0.000         0.000         0.000         0.000


           LAMBDA
              A_03          A_04          A_05          A_06          B_02
              ________      ________      ________      ________      ________
 A_02           0.000         0.000         0.000         0.000         0.000
 A_03           1.000         0.000         0.000         0.000         0.000
 A_04           0.000         1.000         0.000         0.000         0.000
 A_05           0.000         0.000         1.000         0.000         0.000
 A_06           0.000         0.000         0.000         1.000         0.000
 B_02           0.000         0.000         0.000         0.000         1.000
 B_03           0.000         0.000         0.000         0.000         0.000
 B_04           0.000         0.000         0.000         0.000         0.000
 B_05           0.000         0.000         0.000         0.000         0.000
 B_06           0.000         0.000         0.000         0.000         0.000
 A_01           0.000         0.000         0.000         0.000         0.000
 B_01           0.000         0.000         0.000         0.000         0.000


           LAMBDA
              B_03          B_04          B_05          B_06          A_01
              ________      ________      ________      ________      ________
 A_02           0.000         0.000         0.000         0.000         0.000
 A_03           0.000         0.000         0.000         0.000         0.000
 A_04           0.000         0.000         0.000         0.000         0.000
 A_05           0.000         0.000         0.000         0.000         0.000
 A_06           0.000         0.000         0.000         0.000         0.000
 B_02           0.000         0.000         0.000         0.000         0.000
 B_03           1.000         0.000         0.000         0.000         0.000
 B_04           0.000         1.000         0.000         0.000         0.000
 B_05           0.000         0.000         1.000         0.000         0.000
 B_06           0.000         0.000         0.000         1.000         0.000
 A_01           0.000         0.000         0.000         0.000         1.000
 B_01           0.000         0.000         0.000         0.000         0.000


           LAMBDA
              B_01
              ________
 A_02           0.000
 A_03           0.000
 A_04           0.000
 A_05           0.000
 A_06           0.000
 B_02           0.000
 B_03           0.000
 B_04           0.000
 B_05           0.000
 B_06           0.000
 A_01           0.000
 B_01           1.000


           THETA
              A_02          A_03          A_04          A_05          A_06
              ________      ________      ________      ________      ________
 A_02           0.000
 A_03           0.000         0.000
 A_04           0.000         0.000         0.000
 A_05           0.000         0.000         0.000         0.000
 A_06           0.000         0.000         0.000         0.000         0.000
 B_02           0.000         0.000         0.000         0.000         0.000
 B_03           0.000         0.000         0.000         0.000         0.000
 B_04           0.000         0.000         0.000         0.000         0.000
 B_05           0.000         0.000         0.000         0.000         0.000
 B_06           0.000         0.000         0.000         0.000         0.000
 A_01           0.000         0.000         0.000         0.000         0.000
 B_01           0.000         0.000         0.000         0.000         0.000


           THETA
              B_02          B_03          B_04          B_05          B_06
              ________      ________      ________      ________      ________
 B_02           0.000
 B_03           0.000         0.000
 B_04           0.000         0.000         0.000
 B_05           0.000         0.000         0.000         0.000
 B_06           0.000         0.000         0.000         0.000         0.000
 A_01           0.000         0.000         0.000         0.000         0.000
 B_01           0.000         0.000         0.000         0.000         0.000


           THETA
              A_01          B_01
              ________      ________
 A_01           0.000
 B_01           0.000         0.000


           ALPHA
              IA            SA            IB            SB            A_02
              ________      ________      ________      ________      ________
 1              0.000         0.000         0.000         0.000         0.000


           ALPHA
              A_03          A_04          A_05          A_06          B_02
              ________      ________      ________      ________      ________
 1              0.000         0.000         0.000         0.000         0.000


           ALPHA
              B_03          B_04          B_05          B_06          A_01
              ________      ________      ________      ________      ________
 1              0.000         0.000         0.000         0.000         0.000


           ALPHA
              B_01
              ________
 1              0.000


           BETA
              IA            SA            IB            SB            A_02
              ________      ________      ________      ________      ________
 IA             0.000         0.000         0.000         0.000         0.000
 SA             0.000         0.000         0.000         0.000         0.000
 IB             0.000         0.000         0.000         0.000         0.000
 SB             0.000         0.000         0.000         0.000         0.000
 A_02           1.000         0.000         0.000         0.000         0.000
 A_03           1.000         2.000         0.000         0.000         0.000
 A_04           1.000         4.000         0.000         0.000         0.000
 A_05           1.000         6.000         0.000         0.000         0.000
 A_06           1.000         8.000         0.000         0.000         0.000
 B_02           0.000         0.000         1.000         0.000         0.000
 B_03           0.000         0.000         1.000         2.000         0.000
 B_04           0.000         0.000         1.000         4.000         0.000
 B_05           0.000         0.000         1.000         6.000         0.000
 B_06           0.000         0.000         1.000         8.000         0.000
 A_01           0.000         0.000         0.000         0.000         0.000
 B_01           0.000         0.000         0.000         0.000         0.000


           BETA
              A_03          A_04          A_05          A_06          B_02
              ________      ________      ________      ________      ________
 IA             0.000         0.000         0.000         0.000         0.000
 SA             0.000         0.000         0.000         0.000         0.000
 IB             0.000         0.000         0.000         0.000         0.000
 SB             0.000         0.000         0.000         0.000         0.000
 A_02           0.000         0.000         0.000         0.000         0.000
 A_03           0.000         0.000         0.000         0.000         0.000
 A_04           0.000         0.000         0.000         0.000         0.000
 A_05           0.000         0.000         0.000         0.000         0.000
 A_06           0.000         0.000         0.000         0.000         0.000
 B_02           0.000         0.000         0.000         0.000         0.000
 B_03           0.000         0.000         0.000         0.000         0.000
 B_04           0.000         0.000         0.000         0.000         0.000
 B_05           0.000         0.000         0.000         0.000         0.000
 B_06           0.000         0.000         0.000         0.000         0.000
 A_01           0.000         0.000         0.000         0.000         0.000
 B_01           0.000         0.000         0.000         0.000         0.000


           BETA
              B_03          B_04          B_05          B_06          A_01
              ________      ________      ________      ________      ________
 IA             0.000         0.000         0.000         0.000         0.000
 SA             0.000         0.000         0.000         0.000         0.000
 IB             0.000         0.000         0.000         0.000         0.000
 SB             0.000         0.000         0.000         0.000         0.000
 A_02           0.000         0.000         0.000         0.000         0.000
 A_03           0.000         0.000         0.000         0.000         0.000
 A_04           0.000         0.000         0.000         0.000         0.000
 A_05           0.000         0.000         0.000         0.000         0.000
 A_06           0.000         0.000         0.000         0.000         0.000
 B_02           0.000         0.000         0.000         0.000         0.000
 B_03           0.000         0.000         0.000         0.000         0.000
 B_04           0.000         0.000         0.000         0.000         0.000
 B_05           0.000         0.000         0.000         0.000         0.000
 B_06           0.000         0.000         0.000         0.000         0.000
 A_01           0.000         0.000         0.000         0.000         0.000
 B_01           0.000         0.000         0.000         0.000         0.000


           BETA
              B_01
              ________
 IA             0.000
 SA             0.000
 IB             0.000
 SB             0.000
 A_02           0.000
 A_03           0.000
 A_04           0.000
 A_05           0.000
 A_06           0.000
 B_02           0.000
 B_03           0.000
 B_04           0.000
 B_05           0.000
 B_06           0.000
 A_01           0.000
 B_01           0.000


           PSI
              IA            SA            IB            SB            A_02
              ________      ________      ________      ________      ________
 IA             0.050
 SA             0.000         0.050
 IB             0.000         0.000         0.050
 SB             0.000         0.000         0.000         0.000
 A_02           0.000         0.000         0.000         0.000         1.173
 A_03           0.000         0.000         0.000         0.000         0.000
 A_04           0.000         0.000         0.000         0.000         0.000
 A_05           0.000         0.000         0.000         0.000         0.000
 A_06           0.000         0.000         0.000         0.000         0.000
 B_02           0.000         0.000         0.000         0.000         0.000
 B_03           0.000         0.000         0.000         0.000         0.000
 B_04           0.000         0.000         0.000         0.000         0.000
 B_05           0.000         0.000         0.000         0.000         0.000
 B_06           0.000         0.000         0.000         0.000         0.000
 A_01           0.000         0.000         0.000         0.000         0.000
 B_01           0.000         0.000         0.000         0.000         0.000


           PSI
              A_03          A_04          A_05          A_06          B_02
              ________      ________      ________      ________      ________
 A_03           1.191
 A_04           0.000         1.342
 A_05           0.000         0.000         1.321
 A_06           0.000         0.000         0.000         1.364
 B_02           0.000         0.000         0.000         0.000         0.129
 B_03           0.000         0.000         0.000         0.000         0.000
 B_04           0.000         0.000         0.000         0.000         0.000
 B_05           0.000         0.000         0.000         0.000         0.000
 B_06           0.000         0.000         0.000         0.000         0.000
 A_01           0.000         0.000         0.000         0.000         0.000
 B_01           0.000         0.000         0.000         0.000         0.000


           PSI
              B_03          B_04          B_05          B_06          A_01
              ________      ________      ________      ________      ________
 B_03           0.132
 B_04           0.000         0.130
 B_05           0.000         0.000         0.126
 B_06           0.000         0.000         0.000         0.128
 A_01           0.000         0.000         0.000         0.000         1.127
 B_01           0.000         0.000         0.000         0.000         0.000


           PSI
              B_01
              ________
 B_01           0.111


     Beginning Time:  15:17:13
        Ending Time:  15:22:10
       Elapsed Time:  00:04:57



MUTHEN & MUTHEN
3463 Stoner Ave.
Los Angeles, CA  90066

Tel: (310) 391-9971
Fax: (310) 391-8971
Web: www.StatModel.com
Support: Support@StatModel.com

Copyright (c) 1998-2015 Muthen & Muthen
