Mplus VERSION 7.4 (Mac)
MUTHEN & MUTHEN
07/18/2017  11:04 AM

INPUT INSTRUCTIONS

  TITLE:
  LGM, nested in ALT
  DATA:
  File = wide-dataset-b.dat ;
  VARIABLE:
  NAMES are
   id hhid male birthyr_rand birthmo_rand race_rand hispanic_rand cohort
      raedyrs raedegrm memoryproblems_baseline memory_disease_ever age_baseline
      age_baseline_65 health_conditions_baseline healthcond_mean activity_mean_2004
      activity_mean_2006 activity_mean_2008 activity_mean_2010 activity_mean_2012
      activity_mean_2014 activity_sum_2004 activity_sum_2006 activity_sum_2008
      activity_sum_2010 activity_sum_2012 activity_sum_2014 close_social_network_2004
      close_social_network_2006 close_social_network_2008 close_social_network_2010
      close_social_network_2012 close_social_network_2014 countb20r_2004
      countb20r_2006 countb20r_2008 countb20r_2010 countb20r_2012 countb20r_2014
      crp_adj_2004 crp_adj_2006 crp_adj_2008 crp_adj_2010 crp_adj_2012 crp_adj_2014
      dep_total_2004 dep_total_2006 dep_total_2008 dep_total_2010 dep_total_2012
      dep_total_2014 exercise_2004 exercise_2006 exercise_2008 exercise_2010
      exercise_2012 exercise_2014 healthcond_2004 healthcond_2006 healthcond_2008
      healthcond_2010 healthcond_2012 healthcond_2014 hhres_2004 hhres_2006
      hhres_2008 hhres_2010 hhres_2012 hhres_2014 hrs_tscore_2004 hrs_tscore_2006
      hrs_tscore_2008 hrs_tscore_2010 hrs_tscore_2012 hrs_tscore_2014 intage_r_2004
      intage_r_2006 intage_r_2008 intage_r_2010 intage_r_2012 intage_r_2014
      interview_date_2004 interview_date_2006 interview_date_2008 interview_date_2010
      interview_date_2012 interview_date_2014 lb_65_wave_2004 lb_65_wave_2006
      lb_65_wave_2008 lb_65_wave_2010 lb_65_wave_2012 lb_65_wave_2014 lb_wave_2004
      lb_wave_2006 lb_wave_2008 lb_wave_2010 lb_wave_2012 lb_wave_2014 listassi_2004
      listassi_2006 listassi_2008 listassi_2010 listassi_2012 listassi_2014
      mentalstatus_tot_2004 mentalstatus_tot_2006 mentalstatus_tot_2008
      mentalstatus_tot_2010 mentalstatus_tot_2012 mentalstatus_tot_2014 proxy_2004
      proxy_2006 proxy_2008 proxy_2010 proxy_2012 proxy_2014 responded_2004
      responded_2006 responded_2008 responded_2010 responded_2012 responded_2014
      rmaritalst_2004 rmaritalst_2006 rmaritalst_2008 rmaritalst_2010 rmaritalst_2012
      rmaritalst_2014 rpartst_2004 rpartst_2006 rpartst_2008 rpartst_2010
      rpartst_2012 rpartst_2014 score_loneliness_11_2004 score_loneliness_11_2006
      score_loneliness_11_2008 score_loneliness_11_2010 score_loneliness_11_2012
      score_loneliness_11_2014 score_loneliness_3_2004 score_loneliness_3_2006
      score_loneliness_3_2008 score_loneliness_3_2010 score_loneliness_3_2012
      score_loneliness_3_2014 shhidpnr_2004 shhidpnr_2006 shhidpnr_2008 shhidpnr_2010
      shhidpnr_2012 shhidpnr_2014 snchild_2004 snchild_2006 snchild_2008 snchild_2010
      snchild_2012 snchild_2014 snfamily_2004 snfamily_2006 snfamily_2008
      snfamily_2010 snfamily_2012 snfamily_2014 snfriends_2004 snfriends_2006
      snfriends_2008 snfriends_2010 snfriends_2012 snfriends_2014 snspouse_2004
      snspouse_2006 snspouse_2008 snspouse_2010 snspouse_2012 snspouse_2014
      social_contact_total_2004 social_contact_total_2006 social_contact_total_2008
      social_contact_total_2010 social_contact_total_2012 social_contact_total_2014
      social_strain_mean_2004 social_strain_mean_2006 social_strain_mean_2008
      social_strain_mean_2010 social_strain_mean_2012 social_strain_mean_2014
      social_support_mean_2004 social_support_mean_2006 social_support_mean_2008
      social_support_mean_2010 social_support_mean_2012 social_support_mean_2014
      socialnetwork_total_2004 socialnetwork_total_2006 socialnetwork_total_2008
      socialnetwork_total_2010 socialnetwork_total_2012 socialnetwork_total_2014
      srmemory_2004 srmemory_2006 srmemory_2008 srmemory_2010 srmemory_2012
      srmemory_2014 srmemoryp_2004 srmemoryp_2006 srmemoryp_2008 srmemoryp_2010
      srmemoryp_2012 srmemoryp_2014 vocab_total_2004 vocab_total_2006 vocab_total_2008
      vocab_total_2010 vocab_total_2012 vocab_total_2014 wrectotd_2004 wrectotd_2006
      wrectotd_2008 wrectotd_2010 wrectotd_2012 wrectotd_2014 wrectoti_2004
      wrectoti_2006 wrectoti_2008 wrectoti_2010 wrectoti_2012 wrectoti_2014
  	;
  Missing are all(9999);
  USEVARIABLES are
  	!define the variables used in the analysis
  	!estimated time points
  a_01
  a_02
  a_03
  a_04
  a_05
  a_06
  	! covariates used in the model
   	;
  SUBPOPULATION are
  	!select a subset of observations

  memoryproblems_baseline EQ 0
  ;
  CLUSTER = hhid;
  DEFINE:
    ! centre baseline age
  a = age_baseline - 69;
  	! assign variables to the process (A)
  a_01=social_support_mean_2004;
  a_02=social_support_mean_2006;
  a_03=social_support_mean_2008;
  a_04=social_support_mean_2010;
  a_05=social_support_mean_2012;
  a_06=social_support_mean_2014;
  ANALYSIS:
  TYPE = COMPLEX RANDOM;
  COVERAGE=.00;
  H1ITERATIONS = 10000;
  MODEL:
  	!LGM part
  	! assign process (A) to time points
  ia sa | a_01@0
  a_02@2
  a_03@4
  a_04@6
  a_05@8
  a_06@10 ;
  	! assign process (B) to time points
  	!autoregressive part
  a_01;
  a_02 ON a_01@0;
  a_03 ON a_02@0;
  a_04 ON a_03@0;
  a_05 ON a_04@0;
  a_06 ON a_05@0;
  	
  OUTPUT: SAMPSTAT MODINDICES (3.0); TECH1 TECH2 TECH3;;



INPUT READING TERMINATED NORMALLY




LGM, nested in ALT

SUMMARY OF ANALYSIS

Number of groups                                                 1
Number of observations                                       11556

Number of dependent variables                                    6
Number of independent variables                                  0
Number of continuous latent variables                            2

Observed dependent variables

  Continuous
   A_01        A_02        A_03        A_04        A_05        A_06

Continuous latent variables
   IA          SA

Variables with special functions

  Cluster variable      HHID

Estimator                                                      MLR
Information matrix                                        OBSERVED
Maximum number of iterations                                   100
Convergence criterion                                    0.100D-05
Maximum number of EM iterations                                500
Convergence criteria for the EM algorithm
  Loglikelihood change                                   0.100D-02
  Relative loglikelihood change                          0.100D-05
  Derivative                                             0.100D-03
Minimum variance                                         0.100D-03
Maximum number of steepest descent iterations                   20
Maximum number of iterations for H1                          10000
Convergence criterion for H1                             0.100D-03
Optimization algorithm                                         EMA

Input data file(s)
  wide-dataset-b.dat
Input data format  FREE


SUMMARY OF DATA

     Number of missing data patterns            32
     Number of clusters        8479



SAMPLE STATISTICS


     ESTIMATED SAMPLE STATISTICS


           Means
              A_01          A_02          A_03          A_04          A_05
              ________      ________      ________      ________      ________
 1              9.699         9.511         9.494         9.493         9.529


           Means
              A_06
              ________
 1              9.474


           Covariances
              A_01          A_02          A_03          A_04          A_05
              ________      ________      ________      ________      ________
 A_01           2.476
 A_02           1.612         2.482
 A_03           1.487         1.030         2.633
 A_04           1.557         1.510         1.186         2.539
 A_05           1.098         1.080         1.597         1.331         2.565
 A_06           1.410         1.454         0.149         1.583         0.743


           Covariances
              A_06
              ________
 A_06           2.639


           Correlations
              A_01          A_02          A_03          A_04          A_05
              ________      ________      ________      ________      ________
 A_01           1.000
 A_02           0.650         1.000
 A_03           0.582         0.403         1.000
 A_04           0.621         0.601         0.459         1.000
 A_05           0.436         0.428         0.614         0.522         1.000
 A_06           0.552         0.568         0.057         0.612         0.285


           Correlations
              A_06
              ________
 A_06           1.000


     MAXIMUM LOG-LIKELIHOOD VALUE FOR THE UNRESTRICTED (H1) MODEL IS -39158.856


UNIVARIATE SAMPLE STATISTICS


     UNIVARIATE HIGHER-ORDER MOMENT DESCRIPTIVE STATISTICS

         Variable/         Mean/     Skewness/   Minimum/ % with                Percentiles
        Sample Size      Variance    Kurtosis    Maximum  Min/Max      20%/60%    40%/80%    Median

     A_01                  9.771      -0.694       3.333    0.07%       8.500      9.667     10.000
            1347.000       2.438       0.186      12.000    8.17%      10.333     11.250
     A_02                  9.538      -0.592       3.000    0.11%       8.250      9.250      9.667
            4434.000       2.464       0.245      12.000    5.82%      10.000     11.000
     A_03                  9.512      -0.621       3.000    0.14%       8.250      9.250      9.667
            4435.000       2.635       0.384      12.000    6.88%      10.000     11.000
     A_04                  9.504      -0.552       3.000    0.02%       8.250      9.250      9.667
            4159.000       2.475       0.040      12.000    5.65%      10.000     11.000
     A_05                  9.538      -0.622       3.000    0.05%       8.250      9.333      9.667
            3763.000       2.536       0.231      12.000    6.25%      10.000     11.000
     A_06                  9.474      -0.554       3.000    0.13%       8.000      9.250      9.667
            3963.000       2.574       0.092      12.000    5.85%      10.000     11.000


THE MODEL ESTIMATION TERMINATED NORMALLY



MODEL FIT INFORMATION

Number of Free Parameters                       11

Loglikelihood

          H0 Value                      -39192.173
          H0 Scaling Correction Factor      1.4773
            for MLR
          H1 Value                      -39158.856
          H1 Scaling Correction Factor      1.2350
            for MLR

Information Criteria

          Akaike (AIC)                   78406.345
          Bayesian (BIC)                 78487.250
          Sample-Size Adjusted BIC       78452.293
            (n* = (n + 2) / 24)

Chi-Square Test of Model Fit

          Value                             62.364*
          Degrees of Freedom                    16
          P-Value                           0.0000
          Scaling Correction Factor         1.0685
            for MLR

*   The chi-square value for MLM, MLMV, MLR, ULSMV, WLSM and WLSMV cannot be used
    for chi-square difference testing in the regular way.  MLM, MLR and WLSM
    chi-square difference testing is described on the Mplus website.  MLMV, WLSMV,
    and ULSMV difference testing is done using the DIFFTEST option.

RMSEA (Root Mean Square Error Of Approximation)

          Estimate                           0.016

CFI/TLI

          CFI                                0.988
          TLI                                0.988

Chi-Square Test of Model Fit for the Baseline Model

          Value                           3729.125
          Degrees of Freedom                    15
          P-Value                           0.0000

SRMR (Standardized Root Mean Square Residual)

          Value                              0.160



MODEL RESULTS

                                                    Two-Tailed
                    Estimate       S.E.  Est./S.E.    P-Value

 IA       |
    A_01               1.000      0.000    999.000    999.000
    A_02               1.000      0.000    999.000    999.000
    A_03               1.000      0.000    999.000    999.000
    A_04               1.000      0.000    999.000    999.000
    A_05               1.000      0.000    999.000    999.000
    A_06               1.000      0.000    999.000    999.000

 SA       |
    A_01               0.000      0.000    999.000    999.000
    A_02               2.000      0.000    999.000    999.000
    A_03               4.000      0.000    999.000    999.000
    A_04               6.000      0.000    999.000    999.000
    A_05               8.000      0.000    999.000    999.000
    A_06              10.000      0.000    999.000    999.000

 A_02       ON
    A_01               0.000      0.000    999.000    999.000

 A_03       ON
    A_02               0.000      0.000    999.000    999.000

 A_04       ON
    A_03               0.000      0.000    999.000    999.000

 A_05       ON
    A_04               0.000      0.000    999.000    999.000

 A_06       ON
    A_05               0.000      0.000    999.000    999.000

 SA       WITH
    IA                -0.034      0.010     -3.343      0.001

 Means
    IA                 9.551      0.021    450.332      0.000
    SA                -0.008      0.003     -2.716      0.007

 Intercepts
    A_01               0.000      0.000    999.000    999.000
    A_02               0.000      0.000    999.000    999.000
    A_03               0.000      0.000    999.000    999.000
    A_04               0.000      0.000    999.000    999.000
    A_05               0.000      0.000    999.000    999.000
    A_06               0.000      0.000    999.000    999.000

 Variances
    IA                 1.704      0.079     21.563      0.000
    SA                 0.008      0.002      4.092      0.000

 Residual Variances
    A_01               0.900      0.096      9.376      0.000
    A_02               0.884      0.052     16.959      0.000
    A_03               1.034      0.048     21.371      0.000
    A_04               0.994      0.043     22.884      0.000
    A_05               0.901      0.061     14.809      0.000
    A_06               0.867      0.076     11.404      0.000


QUALITY OF NUMERICAL RESULTS

     Condition Number for the Information Matrix              0.531E-03
       (ratio of smallest to largest eigenvalue)


MODEL MODIFICATION INDICES

NOTE:  Modification indices for direct effects of observed dependent variables
regressed on covariates may not be included.  To include these, request
MODINDICES (ALL).

Minimum M.I. value for printing the modification index     3.000

                                   M.I.     E.P.C.


ON/BY Statements

A_01     ON IA       /
IA       BY A_01                  23.537     0.019
A_01     ON SA       /
SA       BY A_01                  10.935    -5.704
A_02     ON IA       /
IA       BY A_02                   4.284    -0.005
A_03     ON IA       /
IA       BY A_03                   7.318    -0.007
A_03     ON SA       /
SA       BY A_03                   7.343     3.040
A_04     ON SA       /
SA       BY A_04                   4.343    -2.486
A_05     ON IA       /
IA       BY A_05                   5.030     0.006
A_05     ON SA       /
SA       BY A_05                   5.832     4.587
A_06     ON SA       /
SA       BY A_06                   6.073    -5.211
SA       ON IA       /
IA       BY SA                   999.000     0.000

ON Statements

IA       ON A_03                   4.858     0.103
SA       ON A_01                   3.068    -0.015
SA       ON A_03                   7.171     0.017
SA       ON A_04                   7.498    -0.023
SA       ON A_05                  10.510     0.047
SA       ON A_06                   5.543    -0.041
A_01     ON A_01                  23.534     0.019
A_01     ON A_02                  23.461     0.019
A_01     ON A_03                  23.146     0.019
A_01     ON A_04                  23.977     0.019
A_01     ON A_05                  21.062     0.018
A_01     ON A_06                  23.430     0.019
A_02     ON A_01                   4.243    -0.005
A_02     ON A_02                   4.271    -0.005
A_02     ON A_03                   4.287    -0.005
A_02     ON A_04                   4.309    -0.005
A_02     ON A_05                   4.230    -0.005
A_02     ON A_06                   4.028    -0.005
A_03     ON A_01                   7.319    -0.007
A_03     ON A_02                   7.307    -0.007
A_03     ON A_03                   7.237    -0.007
A_03     ON A_04                   7.211    -0.007
A_03     ON A_05                   6.455    -0.006
A_03     ON A_06                   7.175    -0.007
A_05     ON A_01                   4.369     0.006
A_05     ON A_02                   5.078     0.006
A_05     ON A_03                   5.836     0.007
A_05     ON A_04                   5.170     0.006
A_05     ON A_05                   5.224     0.006
A_05     ON A_06                   5.282     0.006

WITH Statements

A_01     WITH SA                   3.357    -0.015
A_03     WITH IA                   4.906     0.107
A_03     WITH SA                   6.861     0.017
A_04     WITH SA                   7.925    -0.024
A_05     WITH SA                   9.670     0.041
A_05     WITH A_01                21.423    -0.352
A_05     WITH A_03                 9.472     0.165
A_06     WITH SA                   6.308    -0.038
A_06     WITH A_03                 7.405    -1.350
A_06     WITH A_04                 8.396    -0.271

Means/Intercepts/Thresholds

[ A_01     ]                      25.150     0.187
[ A_02     ]                       4.427    -0.053
[ A_03     ]                       8.229    -0.066
[ A_05     ]                       5.226     0.060


TECHNICAL 1 OUTPUT


     PARAMETER SPECIFICATION


           NU
              A_01          A_02          A_03          A_04          A_05
              ________      ________      ________      ________      ________
 1                  0             0             0             0             0


           NU
              A_06
              ________
 1                  0


           LAMBDA
              IA            SA            A_01          A_02          A_03
              ________      ________      ________      ________      ________
 A_01               0             0             0             0             0
 A_02               0             0             0             0             0
 A_03               0             0             0             0             0
 A_04               0             0             0             0             0
 A_05               0             0             0             0             0
 A_06               0             0             0             0             0


           LAMBDA
              A_04          A_05          A_06
              ________      ________      ________
 A_01               0             0             0
 A_02               0             0             0
 A_03               0             0             0
 A_04               0             0             0
 A_05               0             0             0
 A_06               0             0             0


           THETA
              A_01          A_02          A_03          A_04          A_05
              ________      ________      ________      ________      ________
 A_01               0
 A_02               0             0
 A_03               0             0             0
 A_04               0             0             0             0
 A_05               0             0             0             0             0
 A_06               0             0             0             0             0


           THETA
              A_06
              ________
 A_06               0


           ALPHA
              IA            SA            A_01          A_02          A_03
              ________      ________      ________      ________      ________
 1                  1             2             0             0             0


           ALPHA
              A_04          A_05          A_06
              ________      ________      ________
 1                  0             0             0


           BETA
              IA            SA            A_01          A_02          A_03
              ________      ________      ________      ________      ________
 IA                 0             0             0             0             0
 SA                 0             0             0             0             0
 A_01               0             0             0             0             0
 A_02               0             0             0             0             0
 A_03               0             0             0             0             0
 A_04               0             0             0             0             0
 A_05               0             0             0             0             0
 A_06               0             0             0             0             0


           BETA
              A_04          A_05          A_06
              ________      ________      ________
 IA                 0             0             0
 SA                 0             0             0
 A_01               0             0             0
 A_02               0             0             0
 A_03               0             0             0
 A_04               0             0             0
 A_05               0             0             0
 A_06               0             0             0


           PSI
              IA            SA            A_01          A_02          A_03
              ________      ________      ________      ________      ________
 IA                 3
 SA                 4             5
 A_01               0             0             6
 A_02               0             0             0             7
 A_03               0             0             0             0             8
 A_04               0             0             0             0             0
 A_05               0             0             0             0             0
 A_06               0             0             0             0             0


           PSI
              A_04          A_05          A_06
              ________      ________      ________
 A_04               9
 A_05               0            10
 A_06               0             0            11


     STARTING VALUES


           NU
              A_01          A_02          A_03          A_04          A_05
              ________      ________      ________      ________      ________
 1              0.000         0.000         0.000         0.000         0.000


           NU
              A_06
              ________
 1              0.000


           LAMBDA
              IA            SA            A_01          A_02          A_03
              ________      ________      ________      ________      ________
 A_01           0.000         0.000         1.000         0.000         0.000
 A_02           0.000         0.000         0.000         1.000         0.000
 A_03           0.000         0.000         0.000         0.000         1.000
 A_04           0.000         0.000         0.000         0.000         0.000
 A_05           0.000         0.000         0.000         0.000         0.000
 A_06           0.000         0.000         0.000         0.000         0.000


           LAMBDA
              A_04          A_05          A_06
              ________      ________      ________
 A_01           0.000         0.000         0.000
 A_02           0.000         0.000         0.000
 A_03           0.000         0.000         0.000
 A_04           1.000         0.000         0.000
 A_05           0.000         1.000         0.000
 A_06           0.000         0.000         1.000


           THETA
              A_01          A_02          A_03          A_04          A_05
              ________      ________      ________      ________      ________
 A_01           0.000
 A_02           0.000         0.000
 A_03           0.000         0.000         0.000
 A_04           0.000         0.000         0.000         0.000
 A_05           0.000         0.000         0.000         0.000         0.000
 A_06           0.000         0.000         0.000         0.000         0.000


           THETA
              A_06
              ________
 A_06           0.000


           ALPHA
              IA            SA            A_01          A_02          A_03
              ________      ________      ________      ________      ________
 1              9.669        -0.030         0.000         0.000         0.000


           ALPHA
              A_04          A_05          A_06
              ________      ________      ________
 1              0.000         0.000         0.000


           BETA
              IA            SA            A_01          A_02          A_03
              ________      ________      ________      ________      ________
 IA             0.000         0.000         0.000         0.000         0.000
 SA             0.000         0.000         0.000         0.000         0.000
 A_01           1.000         0.000         0.000         0.000         0.000
 A_02           1.000         2.000         0.000         0.000         0.000
 A_03           1.000         4.000         0.000         0.000         0.000
 A_04           1.000         6.000         0.000         0.000         0.000
 A_05           1.000         8.000         0.000         0.000         0.000
 A_06           1.000        10.000         0.000         0.000         0.000


           BETA
              A_04          A_05          A_06
              ________      ________      ________
 IA             0.000         0.000         0.000
 SA             0.000         0.000         0.000
 A_01           0.000         0.000         0.000
 A_02           0.000         0.000         0.000
 A_03           0.000         0.000         0.000
 A_04           0.000         0.000         0.000
 A_05           0.000         0.000         0.000
 A_06           0.000         0.000         0.000


           PSI
              IA            SA            A_01          A_02          A_03
              ________      ________      ________      ________      ________
 IA             3.195
 SA             0.000         0.219
 A_01           0.000         0.000         1.219
 A_02           0.000         0.000         0.000         1.232
 A_03           0.000         0.000         0.000         0.000         1.318
 A_04           0.000         0.000         0.000         0.000         0.000
 A_05           0.000         0.000         0.000         0.000         0.000
 A_06           0.000         0.000         0.000         0.000         0.000


           PSI
              A_04          A_05          A_06
              ________      ________      ________
 A_04           1.237
 A_05           0.000         1.268
 A_06           0.000         0.000         1.287


TECHNICAL 2 OUTPUT


     DERIVATIVES


           Derivatives With Respect to NU
              A_01          A_02          A_03          A_04          A_05
              ________      ________      ________      ________      ________
 1          0.000E+00     0.000E+00     0.000E+00     0.000E+00     0.000E+00


           Derivatives With Respect to NU
              A_06
              ________
 1          0.000E+00


           Derivatives With Respect to LAMBDA
              IA            SA            A_01          A_02          A_03
              ________      ________      ________      ________      ________
 A_01       0.000E+00     0.000E+00     0.000E+00     0.000E+00     0.000E+00
 A_02       0.000E+00     0.000E+00     0.000E+00     0.000E+00     0.000E+00
 A_03       0.000E+00     0.000E+00     0.000E+00     0.000E+00     0.000E+00
 A_04       0.000E+00     0.000E+00     0.000E+00     0.000E+00     0.000E+00
 A_05       0.000E+00     0.000E+00     0.000E+00     0.000E+00     0.000E+00
 A_06       0.000E+00     0.000E+00     0.000E+00     0.000E+00     0.000E+00


           Derivatives With Respect to LAMBDA
              A_04          A_05          A_06
              ________      ________      ________
 A_01       0.000E+00     0.000E+00     0.000E+00
 A_02       0.000E+00     0.000E+00     0.000E+00
 A_03       0.000E+00     0.000E+00     0.000E+00
 A_04       0.000E+00     0.000E+00     0.000E+00
 A_05       0.000E+00     0.000E+00     0.000E+00
 A_06       0.000E+00     0.000E+00     0.000E+00


           Derivatives With Respect to THETA
              A_01          A_02          A_03          A_04          A_05
              ________      ________      ________      ________      ________
 A_01       0.000E+00
 A_02       0.000E+00     0.000E+00
 A_03       0.000E+00     0.000E+00     0.000E+00
 A_04       0.000E+00     0.000E+00     0.000E+00     0.000E+00
 A_05       0.000E+00     0.000E+00     0.000E+00     0.000E+00     0.000E+00
 A_06       0.000E+00     0.000E+00     0.000E+00     0.000E+00     0.000E+00


           Derivatives With Respect to THETA
              A_06
              ________
 A_06       0.000E+00


           Derivatives With Respect to ALPHA
              IA            SA            A_01          A_02          A_03
              ________      ________      ________      ________      ________
 1         -0.251E-05     0.819E-04     0.000E+00     0.000E+00     0.000E+00


           Derivatives With Respect to ALPHA
              A_04          A_05          A_06
              ________      ________      ________
 1          0.000E+00     0.000E+00     0.000E+00


           Derivatives With Respect to BETA
              IA            SA            A_01          A_02          A_03
              ________      ________      ________      ________      ________
 IA         0.000E+00     0.000E+00     0.000E+00     0.000E+00     0.000E+00
 SA         0.000E+00     0.000E+00     0.000E+00     0.000E+00     0.000E+00
 A_01       0.000E+00     0.000E+00     0.000E+00     0.000E+00     0.000E+00
 A_02       0.000E+00     0.000E+00     0.000E+00     0.000E+00     0.000E+00
 A_03       0.000E+00     0.000E+00     0.000E+00     0.000E+00     0.000E+00
 A_04       0.000E+00     0.000E+00     0.000E+00     0.000E+00     0.000E+00
 A_05       0.000E+00     0.000E+00     0.000E+00     0.000E+00     0.000E+00
 A_06       0.000E+00     0.000E+00     0.000E+00     0.000E+00     0.000E+00


           Derivatives With Respect to BETA
              A_04          A_05          A_06
              ________      ________      ________
 IA         0.000E+00     0.000E+00     0.000E+00
 SA         0.000E+00     0.000E+00     0.000E+00
 A_01       0.000E+00     0.000E+00     0.000E+00
 A_02       0.000E+00     0.000E+00     0.000E+00
 A_03       0.000E+00     0.000E+00     0.000E+00
 A_04       0.000E+00     0.000E+00     0.000E+00
 A_05       0.000E+00     0.000E+00     0.000E+00
 A_06       0.000E+00     0.000E+00     0.000E+00


           Derivatives With Respect to PSI
              IA            SA            A_01          A_02          A_03
              ________      ________      ________      ________      ________
 IA         0.848E-06
 SA         0.386E-04     0.510E-04
 A_01       0.000E+00     0.000E+00    -0.447E-05
 A_02       0.000E+00     0.000E+00     0.000E+00    -0.766E-06
 A_03       0.000E+00     0.000E+00     0.000E+00     0.000E+00    -0.114E-05
 A_04       0.000E+00     0.000E+00     0.000E+00     0.000E+00     0.000E+00
 A_05       0.000E+00     0.000E+00     0.000E+00     0.000E+00     0.000E+00
 A_06       0.000E+00     0.000E+00     0.000E+00     0.000E+00     0.000E+00


           Derivatives With Respect to PSI
              A_04          A_05          A_06
              ________      ________      ________
 A_04       0.158E-04
 A_05       0.000E+00    -0.105E-05
 A_06       0.000E+00     0.000E+00     0.118E-04


TECHNICAL 3 OUTPUT


           ESTIMATED COVARIANCE MATRIX FOR PARAMETER ESTIMATES
                     1             2             3             4             5
              ________      ________      ________      ________      ________
        1   0.449815D-03
        2  -0.424330D-04  0.763937D-05
        3  -0.289188D-03  0.241611D-04  0.624754D-02
        4   0.570808D-05 -0.100520D-05 -0.690876D-03  0.105643D-03
        5   0.226231D-05 -0.387697D-06  0.881194D-04 -0.169850D-04  0.359899D-05
        6  -0.337440D-03  0.438062D-04 -0.387940D-02  0.581690D-03 -0.964429D-04
        7  -0.562621D-04  0.443053D-05 -0.250452D-02  0.318606D-03 -0.470184D-04
        8  -0.258131D-04 -0.160590D-05 -0.104971D-02  0.763639D-04 -0.366749D-05
        9  -0.307116D-04 -0.361454D-05  0.100007D-03 -0.346458D-04  0.444980D-05
       10  -0.317961D-04 -0.596391D-05 -0.549500D-03  0.144829D-03 -0.522060D-04
       11  -0.810151D-04  0.655248D-05 -0.134735D-02  0.354340D-03 -0.103426D-03


           ESTIMATED COVARIANCE MATRIX FOR PARAMETER ESTIMATES
                     6             7             8             9            10
              ________      ________      ________      ________      ________
        6   0.921588D-02
        7   0.201670D-02  0.271975D-02
        8   0.136281D-03  0.337694D-03  0.234080D-02
        9  -0.176066D-03 -0.136543D-03 -0.164612D-04  0.188744D-02
       10   0.112931D-02  0.360403D-03 -0.639752D-04  0.472595D-04  0.370601D-02
       11   0.231582D-02  0.113075D-02 -0.156232D-03  0.724617D-05  0.209847D-02


           ESTIMATED COVARIANCE MATRIX FOR PARAMETER ESTIMATES
                    11
              ________
       11   0.577653D-02


           ESTIMATED CORRELATION MATRIX FOR PARAMETER ESTIMATES
                     1             2             3             4             5
              ________      ________      ________      ________      ________
        1       1.000
        2      -0.724         1.000
        3      -0.173         0.111         1.000
        4       0.026        -0.035        -0.850         1.000
        5       0.056        -0.074         0.588        -0.871         1.000
        6      -0.166         0.165        -0.511         0.590        -0.530
        7      -0.051         0.031        -0.608         0.594        -0.475
        8      -0.025        -0.012        -0.274         0.154        -0.040
        9      -0.033        -0.030         0.029        -0.078         0.054
       10      -0.025        -0.035        -0.114         0.231        -0.452
       11      -0.050         0.031        -0.224         0.454        -0.717


           ESTIMATED CORRELATION MATRIX FOR PARAMETER ESTIMATES
                     6             7             8             9            10
              ________      ________      ________      ________      ________
        6       1.000
        7       0.403         1.000
        8       0.029         0.134         1.000
        9      -0.042        -0.060        -0.008         1.000
       10       0.193         0.114        -0.022         0.018         1.000
       11       0.317         0.285        -0.042         0.002         0.454


           ESTIMATED CORRELATION MATRIX FOR PARAMETER ESTIMATES
                    11
              ________
       11       1.000


     Beginning Time:  11:04:25
        Ending Time:  11:08:09
       Elapsed Time:  00:03:44



MUTHEN & MUTHEN
3463 Stoner Ave.
Los Angeles, CA  90066

Tel: (310) 391-9971
Fax: (310) 391-8971
Web: www.StatModel.com
Support: Support@StatModel.com

Copyright (c) 1998-2015 Muthen & Muthen
