Mplus VERSION 7.4 (Mac)
MUTHEN & MUTHEN
01/14/2018   5:12 PM

INPUT INSTRUCTIONS

  TITLE:
  ALT, full model
  DATA:
  File = wide-dataset-b.dat ;
  VARIABLE:
  NAMES are
   id hhid male birthyr_rand birthmo_rand race_rand hispanic_rand cohort
      raedyrs raedegrm memoryproblems_baseline memory_disease_ever age_baseline
      age_baseline_65 health_conditions_baseline healthcond_mean activity_mean_2004
      activity_mean_2006 activity_mean_2008 activity_mean_2010 activity_mean_2012
      activity_mean_2014 activity_sum_2004 activity_sum_2006 activity_sum_2008
      activity_sum_2010 activity_sum_2012 activity_sum_2014 close_social_network_2004
      close_social_network_2006 close_social_network_2008 close_social_network_2010
      close_social_network_2012 close_social_network_2014 countb20r_2004
      countb20r_2006 countb20r_2008 countb20r_2010 countb20r_2012 countb20r_2014
      crp_adj_2004 crp_adj_2006 crp_adj_2008 crp_adj_2010 crp_adj_2012 crp_adj_2014
      dep_total_2004 dep_total_2006 dep_total_2008 dep_total_2010 dep_total_2012
      dep_total_2014 exercise_2004 exercise_2006 exercise_2008 exercise_2010
      exercise_2012 exercise_2014 healthcond_2004 healthcond_2006 healthcond_2008
      healthcond_2010 healthcond_2012 healthcond_2014 hhres_2004 hhres_2006
      hhres_2008 hhres_2010 hhres_2012 hhres_2014 hrs_tscore_2004 hrs_tscore_2006
      hrs_tscore_2008 hrs_tscore_2010 hrs_tscore_2012 hrs_tscore_2014 intage_r_2004
      intage_r_2006 intage_r_2008 intage_r_2010 intage_r_2012 intage_r_2014
      interview_date_2004 interview_date_2006 interview_date_2008 interview_date_2010
      interview_date_2012 interview_date_2014 lb_65_wave_2004 lb_65_wave_2006
      lb_65_wave_2008 lb_65_wave_2010 lb_65_wave_2012 lb_65_wave_2014 lb_wave_2004
      lb_wave_2006 lb_wave_2008 lb_wave_2010 lb_wave_2012 lb_wave_2014 listassi_2004
      listassi_2006 listassi_2008 listassi_2010 listassi_2012 listassi_2014
      mentalstatus_tot_2004 mentalstatus_tot_2006 mentalstatus_tot_2008
      mentalstatus_tot_2010 mentalstatus_tot_2012 mentalstatus_tot_2014 proxy_2004
      proxy_2006 proxy_2008 proxy_2010 proxy_2012 proxy_2014 responded_2004
      responded_2006 responded_2008 responded_2010 responded_2012 responded_2014
      rmaritalst_2004 rmaritalst_2006 rmaritalst_2008 rmaritalst_2010 rmaritalst_2012
      rmaritalst_2014 rpartst_2004 rpartst_2006 rpartst_2008 rpartst_2010
      rpartst_2012 rpartst_2014 score_loneliness_11_2004 score_loneliness_11_2006
      score_loneliness_11_2008 score_loneliness_11_2010 score_loneliness_11_2012
      score_loneliness_11_2014 score_loneliness_3_2004 score_loneliness_3_2006
      score_loneliness_3_2008 score_loneliness_3_2010 score_loneliness_3_2012
      score_loneliness_3_2014 shhidpnr_2004 shhidpnr_2006 shhidpnr_2008 shhidpnr_2010
      shhidpnr_2012 shhidpnr_2014 snchild_2004 snchild_2006 snchild_2008 snchild_2010
      snchild_2012 snchild_2014 snfamily_2004 snfamily_2006 snfamily_2008
      snfamily_2010 snfamily_2012 snfamily_2014 snfriends_2004 snfriends_2006
      snfriends_2008 snfriends_2010 snfriends_2012 snfriends_2014 snspouse_2004
      snspouse_2006 snspouse_2008 snspouse_2010 snspouse_2012 snspouse_2014
      social_contact_total_2004 social_contact_total_2006 social_contact_total_2008
      social_contact_total_2010 social_contact_total_2012 social_contact_total_2014
      social_strain_mean_2004 social_strain_mean_2006 social_strain_mean_2008
      social_strain_mean_2010 social_strain_mean_2012 social_strain_mean_2014
      social_support_mean_2004 social_support_mean_2006 social_support_mean_2008
      social_support_mean_2010 social_support_mean_2012 social_support_mean_2014
      socialnetwork_total_2004 socialnetwork_total_2006 socialnetwork_total_2008
      socialnetwork_total_2010 socialnetwork_total_2012 socialnetwork_total_2014
      srmemory_2004 srmemory_2006 srmemory_2008 srmemory_2010 srmemory_2012
      srmemory_2014 srmemoryp_2004 srmemoryp_2006 srmemoryp_2008 srmemoryp_2010
      srmemoryp_2012 srmemoryp_2014 vocab_total_2004 vocab_total_2006 vocab_total_2008
      vocab_total_2010 vocab_total_2012 vocab_total_2014 wrectotd_2004 wrectotd_2006
      wrectotd_2008 wrectotd_2010 wrectotd_2012 wrectotd_2014 wrectoti_2004
      wrectoti_2006 wrectoti_2008 wrectoti_2010 wrectoti_2012 wrectoti_2014
  	;
  Missing are all(9999);
  USEVARIABLES are
  	!define the variables used in the analysis
  	!estimated time points
  a_01
  a_02
  a_03
  a_04
  a_05
  a_06
  	! covariates used in the model
   	;
  SUBPOPULATION are
  	!select a subset of observations
  age_baseline > 64 AND
  memory_disease_ever EQ 0
  ;
  CLUSTER = hhid;
  DEFINE:
    ! centre baseline age
  a = age_baseline - 69;
  	! assign variables to the process (A)
  a_01=social_contact_total_2004;
  a_02=social_contact_total_2006;
  a_03=social_contact_total_2008;
  a_04=social_contact_total_2010;
  a_05=social_contact_total_2012;
  a_06=social_contact_total_2014;
  ANALYSIS:
  TYPE = COMPLEX RANDOM;
  COVERAGE=.00;
  H1ITERATIONS = 10000;
  MODEL:
  	!LGM part
  	! assign process (A) to time points
  ia sa | a_02@0 a_03@2 a_04@4 a_05@6 a_06@8;
  	! assign process (B) to time points
  	!autoregressive part
  a_01;
  a_02 ON a_01;
  a_03 ON a_02;
  a_04 ON a_03;
  a_05 ON a_04;
  a_06 ON a_05;
  	
  OUTPUT: SAMPSTAT MODINDICES (3.0); TECH1 TECH2 TECH3;;



INPUT READING TERMINATED NORMALLY




ALT, full model

SUMMARY OF ANALYSIS

Number of groups                                                 1
Number of observations                                        5952

Number of dependent variables                                    5
Number of independent variables                                  1
Number of continuous latent variables                            2

Observed dependent variables

  Continuous
   A_02        A_03        A_04        A_05        A_06

Observed independent variables
   A_01

Continuous latent variables
   IA          SA

Variables with special functions

  Cluster variable      HHID

Estimator                                                      MLR
Information matrix                                        OBSERVED
Maximum number of iterations                                   100
Convergence criterion                                    0.100D-05
Maximum number of EM iterations                                500
Convergence criteria for the EM algorithm
  Loglikelihood change                                   0.100D-02
  Relative loglikelihood change                          0.100D-05
  Derivative                                             0.100D-03
Minimum variance                                         0.100D-03
Maximum number of steepest descent iterations                   20
Maximum number of iterations for H1                          10000
Convergence criterion for H1                             0.100D-03
Optimization algorithm                                         EMA

Input data file(s)
  wide-dataset-b.dat
Input data format  FREE


SUMMARY OF DATA

     Number of missing data patterns            27
     Number of clusters        4882



SAMPLE STATISTICS


     ESTIMATED SAMPLE STATISTICS


           Means
              A_02          A_03          A_04          A_05          A_06
              ________      ________      ________      ________      ________
 1             29.548        29.566        29.238        28.710        28.056


           Means
              A_01
              ________
 1             30.315


           Covariances
              A_02          A_03          A_04          A_05          A_06
              ________      ________      ________      ________      ________
 A_02          66.368
 A_03          36.899        74.304
 A_04          41.259        41.451        72.156
 A_05          28.313        45.687        31.721        78.758
 A_06          37.948        43.774        45.886        34.254        77.428
 A_01          34.153        38.398        33.448        39.494        36.518


           Covariances
              A_01
              ________
 A_01          70.744


           Correlations
              A_02          A_03          A_04          A_05          A_06
              ________      ________      ________      ________      ________
 A_02           1.000
 A_03           0.525         1.000
 A_04           0.596         0.566         1.000
 A_05           0.392         0.597         0.421         1.000
 A_06           0.529         0.577         0.614         0.439         1.000
 A_01           0.498         0.530         0.468         0.529         0.493


           Correlations
              A_01
              ________
 A_01           1.000


     MAXIMUM LOG-LIKELIHOOD VALUE FOR THE UNRESTRICTED (H1) MODEL IS -46425.066


UNIVARIATE SAMPLE STATISTICS


     UNIVARIATE HIGHER-ORDER MOMENT DESCRIPTIVE STATISTICS

         Variable/         Mean/     Skewness/   Minimum/ % with                Percentiles
        Sample Size      Variance    Kurtosis    Maximum  Min/Max      20%/60%    40%/80%    Median

     A_02                 29.599      -0.258       3.000    0.07%      23.000     28.000     30.000
            2788.000      66.183       0.159      54.000    0.18%      32.000     36.000
     A_03                 29.608      -0.254       2.000    0.04%      23.000     28.000     30.000
            2739.000      73.864       0.073      54.000    0.18%      32.000     37.000
     A_04                 29.406      -0.205       4.000    0.19%      22.000     28.000     30.000
            2647.000      71.988      -0.061      54.000    0.04%      32.000     36.000
     A_05                 28.986      -0.189       3.000    0.04%      22.000     27.000     29.000
            2240.000      77.040      -0.099      54.000    0.13%      32.000     36.000
     A_06                 28.653      -0.229       3.000    0.05%      22.000     27.000     29.000
            2036.000      76.540      -0.202      54.000    0.05%      31.000     36.000
     A_01                 30.562      -0.258       3.000    0.09%      24.000     29.000     31.000
            1057.000      70.074       0.149      53.000    0.09%      33.000     37.000


THE MODEL ESTIMATION TERMINATED NORMALLY



MODEL FIT INFORMATION

Number of Free Parameters                       19

Loglikelihood

          H0 Value                      -46427.266
          H0 Scaling Correction Factor      1.2965
            for MLR
          H1 Value                      -46425.066
          H1 Scaling Correction Factor      1.1254
            for MLR

Information Criteria

          Akaike (AIC)                   92892.533
          Bayesian (BIC)                 93019.671
          Sample-Size Adjusted BIC       92959.294
            (n* = (n + 2) / 24)

Chi-Square Test of Model Fit

          Value                              6.119*
          Degrees of Freedom                     8
          P-Value                           0.6339
          Scaling Correction Factor         0.7191
            for MLR

*   The chi-square value for MLM, MLMV, MLR, ULSMV, WLSM and WLSMV cannot be used
    for chi-square difference testing in the regular way.  MLM, MLR and WLSM
    chi-square difference testing is described on the Mplus website.  MLMV, WLSMV,
    and ULSMV difference testing is done using the DIFFTEST option.

RMSEA (Root Mean Square Error Of Approximation)

          Estimate                           0.000

CFI/TLI

          CFI                                1.000
          TLI                                1.001

Chi-Square Test of Model Fit for the Baseline Model

          Value                           2848.332
          Degrees of Freedom                    15
          P-Value                           0.0000

SRMR (Standardized Root Mean Square Residual)

          Value                              0.072



MODEL RESULTS

                                                    Two-Tailed
                    Estimate       S.E.  Est./S.E.    P-Value

 IA       |
    A_02               1.000      0.000    999.000    999.000
    A_03               1.000      0.000    999.000    999.000
    A_04               1.000      0.000    999.000    999.000
    A_05               1.000      0.000    999.000    999.000
    A_06               1.000      0.000    999.000    999.000

 SA       |
    A_02               0.000      0.000    999.000    999.000
    A_03               2.000      0.000    999.000    999.000
    A_04               4.000      0.000    999.000    999.000
    A_05               6.000      0.000    999.000    999.000
    A_06               8.000      0.000    999.000    999.000

 A_02       ON
    A_01               0.010      0.144      0.073      0.942

 A_03       ON
    A_02               0.003      0.299      0.010      0.992

 A_04       ON
    A_03              -0.020      0.483     -0.041      0.967

 A_05       ON
    A_04              -0.046      0.682     -0.067      0.946

 A_06       ON
    A_05              -0.082      0.892     -0.091      0.927

 SA       WITH
    IA                -0.264      3.920     -0.067      0.946

 A_01     WITH
    IA                34.477      8.361      4.124      0.000
    SA                 0.744      3.484      0.214      0.831

 Means
    A_01              30.331      0.235    129.173      0.000
    IA                29.213      4.371      6.683      0.000
    SA                 0.146      2.899      0.050      0.960

 Intercepts
    A_02               0.000      0.000    999.000    999.000
    A_03               0.000      0.000    999.000    999.000
    A_04               0.000      0.000    999.000    999.000
    A_05               0.000      0.000    999.000    999.000
    A_06               0.000      0.000    999.000    999.000

 Variances
    A_01              70.705      3.076     22.986      0.000
    IA                43.912     12.723      3.451      0.001
    SA                 0.346      0.251      1.378      0.168

 Residual Variances
    A_02              22.521      4.033      5.585      0.000
    A_03              28.463      2.377     11.972      0.000
    A_04              28.027      1.612     17.386      0.000
    A_05              28.373      2.682     10.580      0.000
    A_06              24.969      7.492      3.333      0.001


QUALITY OF NUMERICAL RESULTS

     Condition Number for the Information Matrix              0.259E-06
       (ratio of smallest to largest eigenvalue)


MODEL MODIFICATION INDICES

NOTE:  Modification indices for direct effects of observed dependent variables
regressed on covariates may not be included.  To include these, request
MODINDICES (ALL).

Minimum M.I. value for printing the modification index     3.000

                                   M.I.     E.P.C.


ON/BY Statements

A_04     ON SA       /
SA       BY A_04                   4.542    -5.060
SA       ON IA       /
IA       BY SA                   999.000     0.000

ON Statements

SA       ON A_01                 999.000     0.000

Means/Intercepts/Thresholds

[ A_04     ]                       4.050     2.643


TECHNICAL 1 OUTPUT


     PARAMETER SPECIFICATION


           NU
              A_02          A_03          A_04          A_05          A_06
              ________      ________      ________      ________      ________
 1                  0             0             0             0             0


           NU
              A_01
              ________
 1                  0


           LAMBDA
              IA            SA            A_02          A_03          A_04
              ________      ________      ________      ________      ________
 A_02               0             0             0             0             0
 A_03               0             0             0             0             0
 A_04               0             0             0             0             0
 A_05               0             0             0             0             0
 A_06               0             0             0             0             0
 A_01               0             0             0             0             0


           LAMBDA
              A_05          A_06          A_01
              ________      ________      ________
 A_02               0             0             0
 A_03               0             0             0
 A_04               0             0             0
 A_05               0             0             0
 A_06               0             0             0
 A_01               0             0             0


           THETA
              A_02          A_03          A_04          A_05          A_06
              ________      ________      ________      ________      ________
 A_02               0
 A_03               0             0
 A_04               0             0             0
 A_05               0             0             0             0
 A_06               0             0             0             0             0
 A_01               0             0             0             0             0


           THETA
              A_01
              ________
 A_01               0


           ALPHA
              IA            SA            A_02          A_03          A_04
              ________      ________      ________      ________      ________
 1                  1             2             0             0             0


           ALPHA
              A_05          A_06          A_01
              ________      ________      ________
 1                  0             0             3


           BETA
              IA            SA            A_02          A_03          A_04
              ________      ________      ________      ________      ________
 IA                 0             0             0             0             0
 SA                 0             0             0             0             0
 A_02               0             0             0             0             0
 A_03               0             0             5             0             0
 A_04               0             0             0             6             0
 A_05               0             0             0             0             7
 A_06               0             0             0             0             0
 A_01               0             0             0             0             0


           BETA
              A_05          A_06          A_01
              ________      ________      ________
 IA                 0             0             0
 SA                 0             0             0
 A_02               0             0             4
 A_03               0             0             0
 A_04               0             0             0
 A_05               0             0             0
 A_06               8             0             0
 A_01               0             0             0


           PSI
              IA            SA            A_02          A_03          A_04
              ________      ________      ________      ________      ________
 IA                 9
 SA                10            11
 A_02               0             0            12
 A_03               0             0             0            13
 A_04               0             0             0             0            14
 A_05               0             0             0             0             0
 A_06               0             0             0             0             0
 A_01              17            18             0             0             0


           PSI
              A_05          A_06          A_01
              ________      ________      ________
 A_05              15
 A_06               0            16
 A_01               0             0            19


     STARTING VALUES


           NU
              A_02          A_03          A_04          A_05          A_06
              ________      ________      ________      ________      ________
 1              0.000         0.000         0.000         0.000         0.000


           NU
              A_01
              ________
 1              0.000


           LAMBDA
              IA            SA            A_02          A_03          A_04
              ________      ________      ________      ________      ________
 A_02           0.000         0.000         1.000         0.000         0.000
 A_03           0.000         0.000         0.000         1.000         0.000
 A_04           0.000         0.000         0.000         0.000         1.000
 A_05           0.000         0.000         0.000         0.000         0.000
 A_06           0.000         0.000         0.000         0.000         0.000
 A_01           0.000         0.000         0.000         0.000         0.000


           LAMBDA
              A_05          A_06          A_01
              ________      ________      ________
 A_02           0.000         0.000         0.000
 A_03           0.000         0.000         0.000
 A_04           0.000         0.000         0.000
 A_05           1.000         0.000         0.000
 A_06           0.000         1.000         0.000
 A_01           0.000         0.000         1.000


           THETA
              A_02          A_03          A_04          A_05          A_06
              ________      ________      ________      ________      ________
 A_02           0.000
 A_03           0.000         0.000
 A_04           0.000         0.000         0.000
 A_05           0.000         0.000         0.000         0.000
 A_06           0.000         0.000         0.000         0.000         0.000
 A_01           0.000         0.000         0.000         0.000         0.000


           THETA
              A_01
              ________
 A_01           0.000


           ALPHA
              IA            SA            A_02          A_03          A_04
              ________      ________      ________      ________      ________
 1             29.530        -0.216         0.000         0.000         0.000


           ALPHA
              A_05          A_06          A_01
              ________      ________      ________
 1              0.000         0.000        30.562


           BETA
              IA            SA            A_02          A_03          A_04
              ________      ________      ________      ________      ________
 IA             0.000         0.000         0.000         0.000         0.000
 SA             0.000         0.000         0.000         0.000         0.000
 A_02           1.000         0.000         0.000         0.000         0.000
 A_03           1.000         2.000         0.000         0.000         0.000
 A_04           1.000         4.000         0.000         0.000         0.000
 A_05           1.000         6.000         0.000         0.000         0.000
 A_06           1.000         8.000         0.000         0.000         0.000
 A_01           0.000         0.000         0.000         0.000         0.000


           BETA
              A_05          A_06          A_01
              ________      ________      ________
 IA             0.000         0.000         0.000
 SA             0.000         0.000         0.000
 A_02           0.000         0.000         0.000
 A_03           0.000         0.000         0.000
 A_04           0.000         0.000         0.000
 A_05           0.000         0.000         0.000
 A_06           0.000         0.000         0.000
 A_01           0.000         0.000         0.000


           PSI
              IA            SA            A_02          A_03          A_04
              ________      ________      ________      ________      ________
 IA            76.912
 SA             0.000         3.026
 A_02           0.000         0.000        33.092
 A_03           0.000         0.000         0.000        36.932
 A_04           0.000         0.000         0.000         0.000        35.994
 A_05           0.000         0.000         0.000         0.000         0.000
 A_06           0.000         0.000         0.000         0.000         0.000
 A_01           0.000         0.000         0.000         0.000         0.000


           PSI
              A_05          A_06          A_01
              ________      ________      ________
 A_05          38.520
 A_06           0.000        38.270
 A_01           0.000         0.000        35.037


TECHNICAL 2 OUTPUT


     DERIVATIVES


           Derivatives With Respect to NU
              A_02          A_03          A_04          A_05          A_06
              ________      ________      ________      ________      ________
 1          0.000E+00     0.000E+00     0.000E+00     0.000E+00     0.000E+00


           Derivatives With Respect to NU
              A_01
              ________
 1          0.000E+00


           Derivatives With Respect to LAMBDA
              IA            SA            A_02          A_03          A_04
              ________      ________      ________      ________      ________
 A_02       0.000E+00     0.000E+00     0.000E+00     0.000E+00     0.000E+00
 A_03       0.000E+00     0.000E+00     0.000E+00     0.000E+00     0.000E+00
 A_04       0.000E+00     0.000E+00     0.000E+00     0.000E+00     0.000E+00
 A_05       0.000E+00     0.000E+00     0.000E+00     0.000E+00     0.000E+00
 A_06       0.000E+00     0.000E+00     0.000E+00     0.000E+00     0.000E+00
 A_01       0.000E+00     0.000E+00     0.000E+00     0.000E+00     0.000E+00


           Derivatives With Respect to LAMBDA
              A_05          A_06          A_01
              ________      ________      ________
 A_02       0.000E+00     0.000E+00     0.000E+00
 A_03       0.000E+00     0.000E+00     0.000E+00
 A_04       0.000E+00     0.000E+00     0.000E+00
 A_05       0.000E+00     0.000E+00     0.000E+00
 A_06       0.000E+00     0.000E+00     0.000E+00
 A_01       0.000E+00     0.000E+00     0.000E+00


           Derivatives With Respect to THETA
              A_02          A_03          A_04          A_05          A_06
              ________      ________      ________      ________      ________
 A_02       0.000E+00
 A_03       0.000E+00     0.000E+00
 A_04       0.000E+00     0.000E+00     0.000E+00
 A_05       0.000E+00     0.000E+00     0.000E+00     0.000E+00
 A_06       0.000E+00     0.000E+00     0.000E+00     0.000E+00     0.000E+00
 A_01       0.000E+00     0.000E+00     0.000E+00     0.000E+00     0.000E+00


           Derivatives With Respect to THETA
              A_01
              ________
 A_01       0.000E+00


           Derivatives With Respect to ALPHA
              IA            SA            A_02          A_03          A_04
              ________      ________      ________      ________      ________
 1         -0.158E-06     0.229E-04     0.000E+00     0.000E+00     0.000E+00


           Derivatives With Respect to ALPHA
              A_05          A_06          A_01
              ________      ________      ________
 1          0.000E+00     0.000E+00    -0.133E-06


           Derivatives With Respect to BETA
              IA            SA            A_02          A_03          A_04
              ________      ________      ________      ________      ________
 IA         0.000E+00     0.000E+00     0.000E+00     0.000E+00     0.000E+00
 SA         0.000E+00     0.000E+00     0.000E+00     0.000E+00     0.000E+00
 A_02       0.000E+00     0.000E+00     0.000E+00     0.000E+00     0.000E+00
 A_03       0.000E+00     0.000E+00     0.192E-04     0.000E+00     0.000E+00
 A_04       0.000E+00     0.000E+00     0.000E+00    -0.711E-05     0.000E+00
 A_05       0.000E+00     0.000E+00     0.000E+00     0.000E+00    -0.255E-04
 A_06       0.000E+00     0.000E+00     0.000E+00     0.000E+00     0.000E+00
 A_01       0.000E+00     0.000E+00     0.000E+00     0.000E+00     0.000E+00


           Derivatives With Respect to BETA
              A_05          A_06          A_01
              ________      ________      ________
 IA         0.000E+00     0.000E+00     0.000E+00
 SA         0.000E+00     0.000E+00     0.000E+00
 A_02       0.000E+00     0.000E+00     0.156E-04
 A_03       0.000E+00     0.000E+00     0.000E+00
 A_04       0.000E+00     0.000E+00     0.000E+00
 A_05       0.000E+00     0.000E+00     0.000E+00
 A_06      -0.616E-04     0.000E+00     0.000E+00
 A_01       0.000E+00     0.000E+00     0.000E+00


           Derivatives With Respect to PSI
              IA            SA            A_02          A_03          A_04
              ________      ________      ________      ________      ________
 IA        -0.267E-07
 SA        -0.961E-05    -0.541E-04
 A_02       0.000E+00     0.000E+00    -0.825E-06
 A_03       0.000E+00     0.000E+00     0.000E+00    -0.908E-06
 A_04       0.000E+00     0.000E+00     0.000E+00     0.000E+00    -0.210E-07
 A_05       0.000E+00     0.000E+00     0.000E+00     0.000E+00     0.000E+00
 A_06       0.000E+00     0.000E+00     0.000E+00     0.000E+00     0.000E+00
 A_01       0.163E-06     0.722E-05     0.000E+00     0.000E+00     0.000E+00


           Derivatives With Respect to PSI
              A_05          A_06          A_01
              ________      ________      ________
 A_05       0.214E-05
 A_06       0.000E+00     0.110E-05
 A_01       0.000E+00     0.000E+00    -0.103E-06


TECHNICAL 3 OUTPUT


           ESTIMATED COVARIANCE MATRIX FOR PARAMETER ESTIMATES
                     1             2             3             4             5
              ________      ________      ________      ________      ________
        1   0.191088D+02
        2   0.630802D+01  0.840359D+01
        3   0.137299D+00  0.517850D-01  0.551340D-01
        4  -0.629167D+00 -0.207193D+00 -0.433506D-02  0.207415D-01
        5  -0.107441D+01 -0.783654D+00 -0.789439D-02  0.353433D-01  0.895518D-01
        6  -0.150043D+01 -0.135023D+01 -0.114243D-01  0.493500D-01  0.142384D+00
        7  -0.194818D+01 -0.194204D+01 -0.150553D-01  0.640447D-01  0.197705D+00
        8  -0.242072D+01 -0.255848D+01 -0.189295D-01  0.795782D-01  0.255508D+00
        9   0.543229D+02  0.198169D+02  0.364421D+00 -0.179043D+01 -0.318335D+01
       10   0.837294D+01  0.113051D+02  0.702359D-01 -0.275014D+00 -0.105041D+01
       11   0.716238D+00  0.657925D+00  0.458916D-02 -0.235180D-01 -0.688816D-01
       12  -0.124980D+02 -0.705235D+01 -0.621776D-01  0.410233D+00  0.901626D+00
       13   0.526841D+01  0.256845D+01  0.311656D-01 -0.172677D+00 -0.354762D+00
       14   0.226847D+01 -0.364413D+00  0.944990D-02 -0.744954D-01 -0.519276D-01
       15   0.289906D+01  0.472410D+01  0.443851D-01 -0.955999D-01 -0.418201D+00
       16   0.147169D+02  0.201928D+02  0.145994D+00 -0.484540D+00 -0.186784D+01
       17   0.350160D+02  0.112610D+02  0.168817D+00 -0.115398D+01 -0.194920D+01
       18   0.612949D+01  0.998702D+01  0.449818D-01 -0.201089D+00 -0.885090D+00
       19   0.801186D+00 -0.150246D+00 -0.149144D+00 -0.267035D-01 -0.171554D-01


           ESTIMATED COVARIANCE MATRIX FOR PARAMETER ESTIMATES
                     6             7             8             9            10
              ________      ________      ________      ________      ________
        6   0.233471D+00
        7   0.328651D+00  0.465568D+00
        8   0.428043D+00  0.608330D+00  0.796382D+00
        9  -0.452299D+01 -0.592699D+01 -0.740546D+01  0.161881D+03
       10  -0.181242D+01 -0.260874D+01 -0.343834D+01  0.254616D+02  0.153675D+02
       11  -0.113303D+00 -0.159641D+00 -0.208017D+00  0.230775D+01  0.853784D+00
       12   0.137849D+01  0.187591D+01  0.239588D+01 -0.415344D+02 -0.856140D+01
       13  -0.525047D+00 -0.706861D+00 -0.898914D+00  0.122569D+02  0.382290D+01
       14  -0.292604D-01 -0.248018D-02  0.230738D-01  0.648034D+01 -0.610594D+00
       15  -0.736253D+00 -0.107145D+01 -0.141476D+01  0.907464D+01  0.644685D+01
       16  -0.322825D+01 -0.465111D+01 -0.613477D+01  0.438188D+02  0.277250D+02
       17  -0.271019D+01 -0.350933D+01 -0.435345D+01  0.100305D+03  0.149450D+02
       18  -0.155833D+01 -0.226142D+01 -0.299309D+01  0.197355D+02  0.134539D+02
       19  -0.724503D-02  0.269710D-02  0.132803D-01  0.239254D+01 -0.156902D+00


           ESTIMATED COVARIANCE MATRIX FOR PARAMETER ESTIMATES
                    11            12            13            14            15
              ________      ________      ________      ________      ________
       11   0.630162D-01
       12  -0.838082D+00  0.162627D+02
       13   0.195628D+00 -0.162803D+01  0.565207D+01
       14   0.314927D-01 -0.150195D+01  0.305918D+00  0.259864D+01
       15   0.287071D+00 -0.284456D+01  0.103438D+01 -0.414790D+00  0.719171D+01
       16   0.138656D+01 -0.131961D+02  0.694231D+01 -0.154247D+01  0.135490D+02
       17   0.128618D+01 -0.229131D+02  0.966389D+01  0.428444D+01  0.500771D+01
       18   0.762778D+00 -0.766949D+01  0.274192D+01 -0.675901D+00  0.567206D+01
       19  -0.231202D-02 -0.246147D-01  0.359049D+00  0.219395D+00 -0.386116D-01


           ESTIMATED COVARIANCE MATRIX FOR PARAMETER ESTIMATES
                    16            17            18            19
              ________      ________      ________      ________
       16   0.561246D+02
       17   0.262656D+02  0.699007D+02
       18   0.239990D+02  0.104201D+02  0.121364D+02
       19  -0.358366D+00  0.459443D+01 -0.112333D+00  0.946195D+01


           ESTIMATED CORRELATION MATRIX FOR PARAMETER ESTIMATES
                     1             2             3             4             5
              ________      ________      ________      ________      ________
        1       1.000
        2       0.498         1.000
        3       0.134         0.076         1.000
        4      -0.999        -0.496        -0.128         1.000
        5      -0.821        -0.903        -0.112         0.820         1.000
        6      -0.710        -0.964        -0.101         0.709         0.985
        7      -0.653        -0.982        -0.094         0.652         0.968
        8      -0.621        -0.989        -0.090         0.619         0.957
        9       0.977         0.537         0.122        -0.977        -0.836
       10       0.489         0.995         0.076        -0.487        -0.895
       11       0.653         0.904         0.078        -0.651        -0.917
       12      -0.709        -0.603        -0.066         0.706         0.747
       13       0.507         0.373         0.056        -0.504        -0.499
       14       0.322        -0.078         0.025        -0.321        -0.108
       15       0.247         0.608         0.070        -0.248        -0.521
       16       0.449         0.930         0.083        -0.449        -0.833
       17       0.958         0.465         0.086        -0.958        -0.779
       18       0.402         0.989         0.055        -0.401        -0.849
       19       0.060        -0.017        -0.206        -0.060        -0.019


           ESTIMATED CORRELATION MATRIX FOR PARAMETER ESTIMATES
                     6             7             8             9            10
              ________      ________      ________      ________      ________
        6       1.000
        7       0.997         1.000
        8       0.993         0.999         1.000
        9      -0.736        -0.683        -0.652         1.000
       10      -0.957        -0.975        -0.983         0.510         1.000
       11      -0.934        -0.932        -0.929         0.723         0.868
       12       0.707         0.682         0.666        -0.809        -0.542
       13      -0.457        -0.436        -0.424         0.405         0.410
       14      -0.038        -0.002         0.016         0.316        -0.097
       15      -0.568        -0.586        -0.591         0.266         0.613
       16      -0.892        -0.910        -0.918         0.460         0.944
       17      -0.671        -0.615        -0.583         0.943         0.456
       18      -0.926        -0.951        -0.963         0.445         0.985
       19      -0.005         0.001         0.005         0.061        -0.013


           ESTIMATED CORRELATION MATRIX FOR PARAMETER ESTIMATES
                    11            12            13            14            15
              ________      ________      ________      ________      ________
       11       1.000
       12      -0.828         1.000
       13       0.328        -0.170         1.000
       14       0.078        -0.231         0.080         1.000
       15       0.426        -0.263         0.162        -0.096         1.000
       16       0.737        -0.437         0.390        -0.128         0.674
       17       0.613        -0.680         0.486         0.318         0.223
       18       0.872        -0.546         0.331        -0.120         0.607
       19      -0.003        -0.002         0.049         0.044        -0.005


           ESTIMATED CORRELATION MATRIX FOR PARAMETER ESTIMATES
                    16            17            18            19
              ________      ________      ________      ________
       16       1.000
       17       0.419         1.000
       18       0.920         0.358         1.000
       19      -0.016         0.179        -0.010         1.000


     Beginning Time:  17:12:32
        Ending Time:  17:20:09
       Elapsed Time:  00:07:37



MUTHEN & MUTHEN
3463 Stoner Ave.
Los Angeles, CA  90066

Tel: (310) 391-9971
Fax: (310) 391-8971
Web: www.StatModel.com
Support: Support@StatModel.com

Copyright (c) 1998-2015 Muthen & Muthen
