Mplus VERSION 7.4 (Mac)
MUTHEN & MUTHEN
01/14/2018   5:21 PM

INPUT INSTRUCTIONS

  TITLE:
  ALT, no slope variance
  DATA:
  File = wide-dataset-b.dat ;
  VARIABLE:
  NAMES are
   id hhid male birthyr_rand birthmo_rand race_rand hispanic_rand cohort
      raedyrs raedegrm memoryproblems_baseline memory_disease_ever age_baseline
      age_baseline_65 health_conditions_baseline healthcond_mean activity_mean_2004
      activity_mean_2006 activity_mean_2008 activity_mean_2010 activity_mean_2012
      activity_mean_2014 activity_sum_2004 activity_sum_2006 activity_sum_2008
      activity_sum_2010 activity_sum_2012 activity_sum_2014 close_social_network_2004
      close_social_network_2006 close_social_network_2008 close_social_network_2010
      close_social_network_2012 close_social_network_2014 countb20r_2004
      countb20r_2006 countb20r_2008 countb20r_2010 countb20r_2012 countb20r_2014
      crp_adj_2004 crp_adj_2006 crp_adj_2008 crp_adj_2010 crp_adj_2012 crp_adj_2014
      dep_total_2004 dep_total_2006 dep_total_2008 dep_total_2010 dep_total_2012
      dep_total_2014 exercise_2004 exercise_2006 exercise_2008 exercise_2010
      exercise_2012 exercise_2014 healthcond_2004 healthcond_2006 healthcond_2008
      healthcond_2010 healthcond_2012 healthcond_2014 hhres_2004 hhres_2006
      hhres_2008 hhres_2010 hhres_2012 hhres_2014 hrs_tscore_2004 hrs_tscore_2006
      hrs_tscore_2008 hrs_tscore_2010 hrs_tscore_2012 hrs_tscore_2014 intage_r_2004
      intage_r_2006 intage_r_2008 intage_r_2010 intage_r_2012 intage_r_2014
      interview_date_2004 interview_date_2006 interview_date_2008 interview_date_2010
      interview_date_2012 interview_date_2014 lb_65_wave_2004 lb_65_wave_2006
      lb_65_wave_2008 lb_65_wave_2010 lb_65_wave_2012 lb_65_wave_2014 lb_wave_2004
      lb_wave_2006 lb_wave_2008 lb_wave_2010 lb_wave_2012 lb_wave_2014 listassi_2004
      listassi_2006 listassi_2008 listassi_2010 listassi_2012 listassi_2014
      mentalstatus_tot_2004 mentalstatus_tot_2006 mentalstatus_tot_2008
      mentalstatus_tot_2010 mentalstatus_tot_2012 mentalstatus_tot_2014 proxy_2004
      proxy_2006 proxy_2008 proxy_2010 proxy_2012 proxy_2014 responded_2004
      responded_2006 responded_2008 responded_2010 responded_2012 responded_2014
      rmaritalst_2004 rmaritalst_2006 rmaritalst_2008 rmaritalst_2010 rmaritalst_2012
      rmaritalst_2014 rpartst_2004 rpartst_2006 rpartst_2008 rpartst_2010
      rpartst_2012 rpartst_2014 score_loneliness_11_2004 score_loneliness_11_2006
      score_loneliness_11_2008 score_loneliness_11_2010 score_loneliness_11_2012
      score_loneliness_11_2014 score_loneliness_3_2004 score_loneliness_3_2006
      score_loneliness_3_2008 score_loneliness_3_2010 score_loneliness_3_2012
      score_loneliness_3_2014 shhidpnr_2004 shhidpnr_2006 shhidpnr_2008 shhidpnr_2010
      shhidpnr_2012 shhidpnr_2014 snchild_2004 snchild_2006 snchild_2008 snchild_2010
      snchild_2012 snchild_2014 snfamily_2004 snfamily_2006 snfamily_2008
      snfamily_2010 snfamily_2012 snfamily_2014 snfriends_2004 snfriends_2006
      snfriends_2008 snfriends_2010 snfriends_2012 snfriends_2014 snspouse_2004
      snspouse_2006 snspouse_2008 snspouse_2010 snspouse_2012 snspouse_2014
      social_contact_total_2004 social_contact_total_2006 social_contact_total_2008
      social_contact_total_2010 social_contact_total_2012 social_contact_total_2014
      social_strain_mean_2004 social_strain_mean_2006 social_strain_mean_2008
      social_strain_mean_2010 social_strain_mean_2012 social_strain_mean_2014
      social_support_mean_2004 social_support_mean_2006 social_support_mean_2008
      social_support_mean_2010 social_support_mean_2012 social_support_mean_2014
      socialnetwork_total_2004 socialnetwork_total_2006 socialnetwork_total_2008
      socialnetwork_total_2010 socialnetwork_total_2012 socialnetwork_total_2014
      srmemory_2004 srmemory_2006 srmemory_2008 srmemory_2010 srmemory_2012
      srmemory_2014 srmemoryp_2004 srmemoryp_2006 srmemoryp_2008 srmemoryp_2010
      srmemoryp_2012 srmemoryp_2014 vocab_total_2004 vocab_total_2006 vocab_total_2008
      vocab_total_2010 vocab_total_2012 vocab_total_2014 wrectotd_2004 wrectotd_2006
      wrectotd_2008 wrectotd_2010 wrectotd_2012 wrectotd_2014 wrectoti_2004
      wrectoti_2006 wrectoti_2008 wrectoti_2010 wrectoti_2012 wrectoti_2014
  	;
  Missing are all(9999);
  USEVARIABLES are
  	!define the variables used in the analysis
  	!estimated time points
  a_01
  a_02
  a_03
  a_04
  a_05
  a_06
  	! covariates used in the model
   	;
  SUBPOPULATION are
  	!select a subset of observations
  age_baseline > 64 AND
  memory_disease_ever EQ 0
  ;
  CLUSTER = hhid;
  DEFINE:
    ! centre baseline age
  a = age_baseline - 69;
  	! assign variables to the process (A)
  a_01=social_contact_total_2004;
  a_02=social_contact_total_2006;
  a_03=social_contact_total_2008;
  a_04=social_contact_total_2010;
  a_05=social_contact_total_2012;
  a_06=social_contact_total_2014;
  ANALYSIS:
  TYPE = COMPLEX RANDOM;
  COVERAGE=.00;
  H1ITERATIONS = 10000;
  MODEL:
  	!LGM part
  	! assign process (A) to time points
  ia sa | a_02@0 a_03@2 a_04@4 a_05@6 a_06@8;
  sa@0;
  	! assign process (B) to time points
  	!autoregressive part
  a_01;
  a_02 ON a_01;
  a_03 ON a_02;
  a_04 ON a_03;
  a_05 ON a_04;
  a_06 ON a_05;
  	
  OUTPUT: SAMPSTAT MODINDICES (3.0); TECH1 TECH2 TECH3;;



*** WARNING in MODEL command
  All continuous latent variable covariances involving SA have been fixed to 0
  because the variance of SA is fixed at 0.
   1 WARNING(S) FOUND IN THE INPUT INSTRUCTIONS




ALT, no slope variance

SUMMARY OF ANALYSIS

Number of groups                                                 1
Number of observations                                        5952

Number of dependent variables                                    5
Number of independent variables                                  1
Number of continuous latent variables                            2

Observed dependent variables

  Continuous
   A_02        A_03        A_04        A_05        A_06

Observed independent variables
   A_01

Continuous latent variables
   IA          SA

Variables with special functions

  Cluster variable      HHID

Estimator                                                      MLR
Information matrix                                        OBSERVED
Maximum number of iterations                                   100
Convergence criterion                                    0.100D-05
Maximum number of EM iterations                                500
Convergence criteria for the EM algorithm
  Loglikelihood change                                   0.100D-02
  Relative loglikelihood change                          0.100D-05
  Derivative                                             0.100D-03
Minimum variance                                         0.100D-03
Maximum number of steepest descent iterations                   20
Maximum number of iterations for H1                          10000
Convergence criterion for H1                             0.100D-03
Optimization algorithm                                         EMA

Input data file(s)
  wide-dataset-b.dat
Input data format  FREE


SUMMARY OF DATA

     Number of missing data patterns            27
     Number of clusters        4882



SAMPLE STATISTICS


     ESTIMATED SAMPLE STATISTICS


           Means
              A_02          A_03          A_04          A_05          A_06
              ________      ________      ________      ________      ________
 1             29.548        29.566        29.238        28.710        28.056


           Means
              A_01
              ________
 1             30.315


           Covariances
              A_02          A_03          A_04          A_05          A_06
              ________      ________      ________      ________      ________
 A_02          66.368
 A_03          36.899        74.304
 A_04          41.259        41.451        72.156
 A_05          28.313        45.687        31.721        78.758
 A_06          37.948        43.774        45.886        34.254        77.428
 A_01          34.153        38.398        33.448        39.494        36.518


           Covariances
              A_01
              ________
 A_01          70.744


           Correlations
              A_02          A_03          A_04          A_05          A_06
              ________      ________      ________      ________      ________
 A_02           1.000
 A_03           0.525         1.000
 A_04           0.596         0.566         1.000
 A_05           0.392         0.597         0.421         1.000
 A_06           0.529         0.577         0.614         0.439         1.000
 A_01           0.498         0.530         0.468         0.529         0.493


           Correlations
              A_01
              ________
 A_01           1.000


     MAXIMUM LOG-LIKELIHOOD VALUE FOR THE UNRESTRICTED (H1) MODEL IS -46425.066


UNIVARIATE SAMPLE STATISTICS


     UNIVARIATE HIGHER-ORDER MOMENT DESCRIPTIVE STATISTICS

         Variable/         Mean/     Skewness/   Minimum/ % with                Percentiles
        Sample Size      Variance    Kurtosis    Maximum  Min/Max      20%/60%    40%/80%    Median

     A_02                 29.599      -0.258       3.000    0.07%      23.000     28.000     30.000
            2788.000      66.183       0.159      54.000    0.18%      32.000     36.000
     A_03                 29.608      -0.254       2.000    0.04%      23.000     28.000     30.000
            2739.000      73.864       0.073      54.000    0.18%      32.000     37.000
     A_04                 29.406      -0.205       4.000    0.19%      22.000     28.000     30.000
            2647.000      71.988      -0.061      54.000    0.04%      32.000     36.000
     A_05                 28.986      -0.189       3.000    0.04%      22.000     27.000     29.000
            2240.000      77.040      -0.099      54.000    0.13%      32.000     36.000
     A_06                 28.653      -0.229       3.000    0.05%      22.000     27.000     29.000
            2036.000      76.540      -0.202      54.000    0.05%      31.000     36.000
     A_01                 30.562      -0.258       3.000    0.09%      24.000     29.000     31.000
            1057.000      70.074       0.149      53.000    0.09%      33.000     37.000


THE MODEL ESTIMATION TERMINATED NORMALLY



MODEL FIT INFORMATION

Number of Free Parameters                       16

Loglikelihood

          H0 Value                      -46433.433
          H0 Scaling Correction Factor      1.2991
            for MLR
          H1 Value                      -46425.066
          H1 Scaling Correction Factor      1.1254
            for MLR

Information Criteria

          Akaike (AIC)                   92898.866
          Bayesian (BIC)                 93005.930
          Sample-Size Adjusted BIC       92955.086
            (n* = (n + 2) / 24)

Chi-Square Test of Model Fit

          Value                             19.173*
          Degrees of Freedom                    11
          P-Value                           0.0581
          Scaling Correction Factor         0.8728
            for MLR

*   The chi-square value for MLM, MLMV, MLR, ULSMV, WLSM and WLSMV cannot be used
    for chi-square difference testing in the regular way.  MLM, MLR and WLSM
    chi-square difference testing is described on the Mplus website.  MLMV, WLSMV,
    and ULSMV difference testing is done using the DIFFTEST option.

RMSEA (Root Mean Square Error Of Approximation)

          Estimate                           0.011

CFI/TLI

          CFI                                0.997
          TLI                                0.996

Chi-Square Test of Model Fit for the Baseline Model

          Value                           2848.332
          Degrees of Freedom                    15
          P-Value                           0.0000

SRMR (Standardized Root Mean Square Residual)

          Value                              0.092



MODEL RESULTS

                                                    Two-Tailed
                    Estimate       S.E.  Est./S.E.    P-Value

 IA       |
    A_02               1.000      0.000    999.000    999.000
    A_03               1.000      0.000    999.000    999.000
    A_04               1.000      0.000    999.000    999.000
    A_05               1.000      0.000    999.000    999.000
    A_06               1.000      0.000    999.000    999.000

 SA       |
    A_02               0.000      0.000    999.000    999.000
    A_03               2.000      0.000    999.000    999.000
    A_04               4.000      0.000    999.000    999.000
    A_05               6.000      0.000    999.000    999.000
    A_06               8.000      0.000    999.000    999.000

 A_02       ON
    A_01               0.122      0.071      1.718      0.086

 A_03       ON
    A_02               0.161      0.071      2.272      0.023

 A_04       ON
    A_03               0.182      0.070      2.603      0.009

 A_05       ON
    A_04               0.199      0.071      2.810      0.005

 A_06       ON
    A_05               0.209      0.073      2.866      0.004

 A_01     WITH
    IA                29.010      3.427      8.466      0.000

 Means
    A_01              30.350      0.234    129.622      0.000
    IA                25.799      2.145     12.030      0.000
    SA                -0.479      0.121     -3.969      0.000

 Intercepts
    A_02               0.000      0.000    999.000    999.000
    A_03               0.000      0.000    999.000    999.000
    A_04               0.000      0.000    999.000    999.000
    A_05               0.000      0.000    999.000    999.000
    A_06               0.000      0.000    999.000    999.000

 Variances
    A_01              70.301      3.078     22.840      0.000
    IA                29.550      5.309      5.566      0.000
    SA                 0.000      0.000    999.000    999.000

 Residual Variances
    A_02              30.568      1.573     19.429      0.000
    A_03              31.180      1.992     15.654      0.000
    A_04              26.425      1.536     17.201      0.000
    A_05              30.989      1.954     15.863      0.000
    A_06              31.841      2.130     14.946      0.000


QUALITY OF NUMERICAL RESULTS

     Condition Number for the Information Matrix              0.102E-03
       (ratio of smallest to largest eigenvalue)


MODEL MODIFICATION INDICES

NOTE:  Modification indices for direct effects of observed dependent variables
regressed on covariates may not be included.  To include these, request
MODINDICES (ALL).

Minimum M.I. value for printing the modification index     3.000

                                   M.I.     E.P.C.


ON/BY Statements

A_02     ON IA       /
IA       BY A_02                  11.123     0.554
A_02     ON SA       /
SA       BY A_02                  11.299    -8.150
A_03     ON IA       /
IA       BY A_03                   6.949    -0.690
A_03     ON SA       /
SA       BY A_03                   5.014     6.366
A_04     ON IA       /
IA       BY A_04                   7.196    -0.653
A_04     ON SA       /
SA       BY A_04                   6.603     4.287
A_06     ON SA       /
SA       BY A_06                   7.968    -7.713
SA       ON IA       /
IA       BY SA                     7.862    -0.157

ON Statements

IA       ON A_02                   6.358    -0.198
IA       ON A_04                  10.586     0.144
IA       ON A_06                   9.217    -0.153
SA       ON A_02                  13.019    -0.024
A_02     ON A_02                  10.968     0.551
A_02     ON A_03                   9.396     0.308
A_02     ON A_04                   9.474     0.136
A_02     ON A_05                   4.306     0.492
A_02     ON A_06                  13.039    -0.173
A_03     ON A_03                   5.265    -0.618
A_04     ON A_02                   6.447     0.154
A_04     ON A_01                   4.825    -0.130
A_05     ON A_02                   9.305    -0.544
A_06     ON A_02                  13.038    -0.170
A_06     ON A_03                   5.648    -0.716
A_06     ON A_04                   3.800     0.235
A_06     ON A_06                   5.607    -1.164
A_01     ON A_02                  11.970    -0.484

WITH Statements

SA       WITH IA                   4.363    -0.806
A_02     WITH IA                   6.458    -6.108
A_02     WITH SA                  13.292    -0.793
A_03     WITH A_02                 5.894    18.303
A_04     WITH IA                   9.228     3.451
A_04     WITH SA                   3.602     0.598
A_04     WITH A_02                 8.637     4.598
A_05     WITH A_02                 9.924   -18.282
A_06     WITH IA                   8.467    -4.385
A_06     WITH SA                   3.432     1.190
A_06     WITH A_02                13.324    -4.919
A_06     WITH A_04                 3.646     5.262
A_01     WITH A_02                11.922   -14.754

Variances/Residual Variances

SA                                 6.710     0.248

Means/Intercepts/Thresholds

[ A_02     ]                      11.299     3.900
[ A_03     ]                       5.014    -3.046
[ A_04     ]                       6.603    -2.052
[ A_06     ]                       7.968     3.691


TECHNICAL 1 OUTPUT


     PARAMETER SPECIFICATION


           NU
              A_02          A_03          A_04          A_05          A_06
              ________      ________      ________      ________      ________
 1                  0             0             0             0             0


           NU
              A_01
              ________
 1                  0


           LAMBDA
              IA            SA            A_02          A_03          A_04
              ________      ________      ________      ________      ________
 A_02               0             0             0             0             0
 A_03               0             0             0             0             0
 A_04               0             0             0             0             0
 A_05               0             0             0             0             0
 A_06               0             0             0             0             0
 A_01               0             0             0             0             0


           LAMBDA
              A_05          A_06          A_01
              ________      ________      ________
 A_02               0             0             0
 A_03               0             0             0
 A_04               0             0             0
 A_05               0             0             0
 A_06               0             0             0
 A_01               0             0             0


           THETA
              A_02          A_03          A_04          A_05          A_06
              ________      ________      ________      ________      ________
 A_02               0
 A_03               0             0
 A_04               0             0             0
 A_05               0             0             0             0
 A_06               0             0             0             0             0
 A_01               0             0             0             0             0


           THETA
              A_01
              ________
 A_01               0


           ALPHA
              IA            SA            A_02          A_03          A_04
              ________      ________      ________      ________      ________
 1                  1             2             0             0             0


           ALPHA
              A_05          A_06          A_01
              ________      ________      ________
 1                  0             0             3


           BETA
              IA            SA            A_02          A_03          A_04
              ________      ________      ________      ________      ________
 IA                 0             0             0             0             0
 SA                 0             0             0             0             0
 A_02               0             0             0             0             0
 A_03               0             0             5             0             0
 A_04               0             0             0             6             0
 A_05               0             0             0             0             7
 A_06               0             0             0             0             0
 A_01               0             0             0             0             0


           BETA
              A_05          A_06          A_01
              ________      ________      ________
 IA                 0             0             0
 SA                 0             0             0
 A_02               0             0             4
 A_03               0             0             0
 A_04               0             0             0
 A_05               0             0             0
 A_06               8             0             0
 A_01               0             0             0


           PSI
              IA            SA            A_02          A_03          A_04
              ________      ________      ________      ________      ________
 IA                 9
 SA                 0             0
 A_02               0             0            10
 A_03               0             0             0            11
 A_04               0             0             0             0            12
 A_05               0             0             0             0             0
 A_06               0             0             0             0             0
 A_01              15             0             0             0             0


           PSI
              A_05          A_06          A_01
              ________      ________      ________
 A_05              13
 A_06               0            14
 A_01               0             0            16


     STARTING VALUES


           NU
              A_02          A_03          A_04          A_05          A_06
              ________      ________      ________      ________      ________
 1              0.000         0.000         0.000         0.000         0.000


           NU
              A_01
              ________
 1              0.000


           LAMBDA
              IA            SA            A_02          A_03          A_04
              ________      ________      ________      ________      ________
 A_02           0.000         0.000         1.000         0.000         0.000
 A_03           0.000         0.000         0.000         1.000         0.000
 A_04           0.000         0.000         0.000         0.000         1.000
 A_05           0.000         0.000         0.000         0.000         0.000
 A_06           0.000         0.000         0.000         0.000         0.000
 A_01           0.000         0.000         0.000         0.000         0.000


           LAMBDA
              A_05          A_06          A_01
              ________      ________      ________
 A_02           0.000         0.000         0.000
 A_03           0.000         0.000         0.000
 A_04           0.000         0.000         0.000
 A_05           1.000         0.000         0.000
 A_06           0.000         1.000         0.000
 A_01           0.000         0.000         1.000


           THETA
              A_02          A_03          A_04          A_05          A_06
              ________      ________      ________      ________      ________
 A_02           0.000
 A_03           0.000         0.000
 A_04           0.000         0.000         0.000
 A_05           0.000         0.000         0.000         0.000
 A_06           0.000         0.000         0.000         0.000         0.000
 A_01           0.000         0.000         0.000         0.000         0.000


           THETA
              A_01
              ________
 A_01           0.000


           ALPHA
              IA            SA            A_02          A_03          A_04
              ________      ________      ________      ________      ________
 1             29.530        -0.216         0.000         0.000         0.000


           ALPHA
              A_05          A_06          A_01
              ________      ________      ________
 1              0.000         0.000        30.562


           BETA
              IA            SA            A_02          A_03          A_04
              ________      ________      ________      ________      ________
 IA             0.000         0.000         0.000         0.000         0.000
 SA             0.000         0.000         0.000         0.000         0.000
 A_02           1.000         0.000         0.000         0.000         0.000
 A_03           1.000         2.000         0.000         0.000         0.000
 A_04           1.000         4.000         0.000         0.000         0.000
 A_05           1.000         6.000         0.000         0.000         0.000
 A_06           1.000         8.000         0.000         0.000         0.000
 A_01           0.000         0.000         0.000         0.000         0.000


           BETA
              A_05          A_06          A_01
              ________      ________      ________
 IA             0.000         0.000         0.000
 SA             0.000         0.000         0.000
 A_02           0.000         0.000         0.000
 A_03           0.000         0.000         0.000
 A_04           0.000         0.000         0.000
 A_05           0.000         0.000         0.000
 A_06           0.000         0.000         0.000
 A_01           0.000         0.000         0.000


           PSI
              IA            SA            A_02          A_03          A_04
              ________      ________      ________      ________      ________
 IA            76.912
 SA             0.000         0.000
 A_02           0.000         0.000        33.092
 A_03           0.000         0.000         0.000        36.932
 A_04           0.000         0.000         0.000         0.000        35.994
 A_05           0.000         0.000         0.000         0.000         0.000
 A_06           0.000         0.000         0.000         0.000         0.000
 A_01           0.000         0.000         0.000         0.000         0.000


           PSI
              A_05          A_06          A_01
              ________      ________      ________
 A_05          38.520
 A_06           0.000        38.270
 A_01           0.000         0.000        35.037


TECHNICAL 2 OUTPUT


     DERIVATIVES


           Derivatives With Respect to NU
              A_02          A_03          A_04          A_05          A_06
              ________      ________      ________      ________      ________
 1          0.000E+00     0.000E+00     0.000E+00     0.000E+00     0.000E+00


           Derivatives With Respect to NU
              A_01
              ________
 1          0.000E+00


           Derivatives With Respect to LAMBDA
              IA            SA            A_02          A_03          A_04
              ________      ________      ________      ________      ________
 A_02       0.000E+00     0.000E+00     0.000E+00     0.000E+00     0.000E+00
 A_03       0.000E+00     0.000E+00     0.000E+00     0.000E+00     0.000E+00
 A_04       0.000E+00     0.000E+00     0.000E+00     0.000E+00     0.000E+00
 A_05       0.000E+00     0.000E+00     0.000E+00     0.000E+00     0.000E+00
 A_06       0.000E+00     0.000E+00     0.000E+00     0.000E+00     0.000E+00
 A_01       0.000E+00     0.000E+00     0.000E+00     0.000E+00     0.000E+00


           Derivatives With Respect to LAMBDA
              A_05          A_06          A_01
              ________      ________      ________
 A_02       0.000E+00     0.000E+00     0.000E+00
 A_03       0.000E+00     0.000E+00     0.000E+00
 A_04       0.000E+00     0.000E+00     0.000E+00
 A_05       0.000E+00     0.000E+00     0.000E+00
 A_06       0.000E+00     0.000E+00     0.000E+00
 A_01       0.000E+00     0.000E+00     0.000E+00


           Derivatives With Respect to THETA
              A_02          A_03          A_04          A_05          A_06
              ________      ________      ________      ________      ________
 A_02       0.000E+00
 A_03       0.000E+00     0.000E+00
 A_04       0.000E+00     0.000E+00     0.000E+00
 A_05       0.000E+00     0.000E+00     0.000E+00     0.000E+00
 A_06       0.000E+00     0.000E+00     0.000E+00     0.000E+00     0.000E+00
 A_01       0.000E+00     0.000E+00     0.000E+00     0.000E+00     0.000E+00


           Derivatives With Respect to THETA
              A_01
              ________
 A_01       0.000E+00


           Derivatives With Respect to ALPHA
              IA            SA            A_02          A_03          A_04
              ________      ________      ________      ________      ________
 1          0.135E-05     0.143E-05     0.000E+00     0.000E+00     0.000E+00


           Derivatives With Respect to ALPHA
              A_05          A_06          A_01
              ________      ________      ________
 1          0.000E+00     0.000E+00    -0.220E-06


           Derivatives With Respect to BETA
              IA            SA            A_02          A_03          A_04
              ________      ________      ________      ________      ________
 IA         0.000E+00     0.000E+00     0.000E+00     0.000E+00     0.000E+00
 SA         0.000E+00     0.000E+00     0.000E+00     0.000E+00     0.000E+00
 A_02       0.000E+00     0.000E+00     0.000E+00     0.000E+00     0.000E+00
 A_03       0.000E+00     0.000E+00     0.369E-07     0.000E+00     0.000E+00
 A_04       0.000E+00     0.000E+00     0.000E+00    -0.843E-05     0.000E+00
 A_05       0.000E+00     0.000E+00     0.000E+00     0.000E+00     0.315E-05
 A_06       0.000E+00     0.000E+00     0.000E+00     0.000E+00     0.000E+00
 A_01       0.000E+00     0.000E+00     0.000E+00     0.000E+00     0.000E+00


           Derivatives With Respect to BETA
              A_05          A_06          A_01
              ________      ________      ________
 IA         0.000E+00     0.000E+00     0.000E+00
 SA         0.000E+00     0.000E+00     0.000E+00
 A_02       0.000E+00     0.000E+00     0.658E-04
 A_03       0.000E+00     0.000E+00     0.000E+00
 A_04       0.000E+00     0.000E+00     0.000E+00
 A_05       0.000E+00     0.000E+00     0.000E+00
 A_06       0.873E-05     0.000E+00     0.000E+00
 A_01       0.000E+00     0.000E+00     0.000E+00


           Derivatives With Respect to PSI
              IA            SA            A_02          A_03          A_04
              ________      ________      ________      ________      ________
 IA        -0.495E-06
 SA         0.000E+00     0.000E+00
 A_02       0.000E+00     0.000E+00    -0.467E-06
 A_03       0.000E+00     0.000E+00     0.000E+00    -0.567E-07
 A_04       0.000E+00     0.000E+00     0.000E+00     0.000E+00    -0.172E-06
 A_05       0.000E+00     0.000E+00     0.000E+00     0.000E+00     0.000E+00
 A_06       0.000E+00     0.000E+00     0.000E+00     0.000E+00     0.000E+00
 A_01       0.797E-06     0.000E+00     0.000E+00     0.000E+00     0.000E+00


           Derivatives With Respect to PSI
              A_05          A_06          A_01
              ________      ________      ________
 A_05      -0.407E-07
 A_06       0.000E+00    -0.482E-07
 A_01       0.000E+00     0.000E+00    -0.361E-06


TECHNICAL 3 OUTPUT


           ESTIMATED COVARIANCE MATRIX FOR PARAMETER ESTIMATES
                     1             2             3             4             5
              ________      ________      ________      ________      ________
        1   0.459921D+01
        2  -0.711841D-01  0.145375D-01
        3   0.760481D-03  0.273382D-02  0.548213D-01
        4  -0.151871D+00  0.227332D-02 -0.309488D-04  0.503990D-02
        5  -0.150631D+00  0.142091D-02  0.138472D-04  0.497622D-02  0.502550D-02
        6  -0.145450D+00  0.447244D-03 -0.219238D-03  0.482788D-02  0.488014D-02
        7  -0.142152D+00 -0.547287D-03 -0.379356D-03  0.470839D-02  0.485881D-02
        8  -0.141085D+00 -0.141564D-02 -0.583886D-03  0.469316D-02  0.486146D-02
        9   0.108839D+02 -0.221565D-01  0.179731D-01 -0.361323D+00 -0.367117D+00
       10  -0.363796D+00 -0.722559D-01  0.171511D-01  0.110635D-01  0.176558D-01
       11  -0.405398D+00 -0.100584D+00 -0.299686D-01  0.146323D-01  0.181285D-01
       12   0.235013D+00 -0.262204D-01 -0.131889D-01 -0.748760D-02 -0.569649D-02
       13   0.264297D+00  0.773680D-01  0.207233D-01 -0.884565D-02 -0.139689D-01
       14   0.181070D+01  0.793831D-01  0.144446D-01 -0.604569D-01 -0.664533D-01
       15   0.637056D+01 -0.707642D-01 -0.725672D-01 -0.211114D+00 -0.210821D+00
       16   0.129020D+01 -0.659273D-01 -0.154427D+00 -0.424821D-01 -0.391676D-01


           ESTIMATED COVARIANCE MATRIX FOR PARAMETER ESTIMATES
                     6             7             8             9            10
              ________      ________      ________      ________      ________
        6   0.487250D-02
        7   0.485789D-02  0.499220D-02
        8   0.496331D-02  0.508853D-02  0.533222D-02
        9  -0.364934D+00 -0.367314D+00 -0.374480D+00  0.281896D+02
       10   0.217534D-01  0.273996D-01  0.319191D-01 -0.175591D+01  0.247547D+01
       11   0.282325D-01  0.350458D-01  0.416879D-01 -0.250225D+01  0.576863D+00
       12  -0.628685D-02 -0.179356D-02 -0.869358D-03  0.342775D-01  0.170796D+00
       13  -0.187195D-01 -0.269988D-01 -0.288739D-01  0.122204D+01 -0.492980D+00
       14  -0.720054D-01 -0.774650D-01 -0.869267D-01  0.532940D+01 -0.877468D+00
       15  -0.205921D+00 -0.203045D+00 -0.203339D+00  0.157401D+02 -0.945378D+00
       16  -0.351016D-01 -0.309996D-01 -0.274775D-01  0.282676D+01 -0.223001D-01


           ESTIMATED COVARIANCE MATRIX FOR PARAMETER ESTIMATES
                    11            12            13            14            15
              ________      ________      ________      ________      ________
       11   0.396739D+01
       12   0.167299D+00  0.235998D+01
       13  -0.668179D+00 -0.141841D+00  0.381638D+01
       14  -0.947705D+00 -0.142147D+00  0.634959D+00  0.453887D+01
       15  -0.833749D+00  0.462418D+00  0.546471D+00  0.277242D+01  0.117431D+02
       16   0.308978D+00  0.325964D+00 -0.513771D-01  0.167911D+00  0.442856D+01


           ESTIMATED COVARIANCE MATRIX FOR PARAMETER ESTIMATES
                    16
              ________
       16   0.947395D+01


           ESTIMATED CORRELATION MATRIX FOR PARAMETER ESTIMATES
                     1             2             3             4             5
              ________      ________      ________      ________      ________
        1       1.000
        2      -0.275         1.000
        3       0.002         0.097         1.000
        4      -0.998         0.266        -0.002         1.000
        5      -0.991         0.166         0.001         0.989         1.000
        6      -0.972         0.053        -0.013         0.974         0.986
        7      -0.938        -0.064        -0.023         0.939         0.970
        8      -0.901        -0.161        -0.034         0.905         0.939
        9       0.956        -0.035         0.014        -0.959        -0.975
       10      -0.108        -0.381         0.047         0.099         0.158
       11      -0.095        -0.419        -0.064         0.103         0.128
       12       0.071        -0.142        -0.037        -0.069        -0.052
       13       0.063         0.328         0.045        -0.064        -0.101
       14       0.396         0.309         0.029        -0.400        -0.440
       15       0.867        -0.171        -0.090        -0.868        -0.868
       16       0.195        -0.178        -0.214        -0.194        -0.180


           ESTIMATED CORRELATION MATRIX FOR PARAMETER ESTIMATES
                     6             7             8             9            10
              ________      ________      ________      ________      ________
        6       1.000
        7       0.985         1.000
        8       0.974         0.986         1.000
        9      -0.985        -0.979        -0.966         1.000
       10       0.198         0.246         0.278        -0.210         1.000
       11       0.203         0.249         0.287        -0.237         0.184
       12      -0.059        -0.017        -0.008         0.004         0.071
       13      -0.137        -0.196        -0.202         0.118        -0.160
       14      -0.484        -0.515        -0.559         0.471        -0.262
       15      -0.861        -0.839        -0.813         0.865        -0.175
       16      -0.163        -0.143        -0.122         0.173        -0.005


           ESTIMATED CORRELATION MATRIX FOR PARAMETER ESTIMATES
                    11            12            13            14            15
              ________      ________      ________      ________      ________
       11       1.000
       12       0.055         1.000
       13      -0.172        -0.047         1.000
       14      -0.223        -0.043         0.153         1.000
       15      -0.122         0.088         0.082         0.380         1.000
       16       0.050         0.069        -0.009         0.026         0.420


           ESTIMATED CORRELATION MATRIX FOR PARAMETER ESTIMATES
                    16
              ________
       16       1.000


     Beginning Time:  17:21:09
        Ending Time:  17:22:08
       Elapsed Time:  00:00:59



MUTHEN & MUTHEN
3463 Stoner Ave.
Los Angeles, CA  90066

Tel: (310) 391-9971
Fax: (310) 391-8971
Web: www.StatModel.com
Support: Support@StatModel.com

Copyright (c) 1998-2015 Muthen & Muthen
