Mplus VERSION 7.4 (Mac)
MUTHEN & MUTHEN
07/18/2017  10:27 AM

INPUT INSTRUCTIONS

  TITLE:
  LGM, nested in ALT
  DATA:
  File = wide-dataset-b.dat ;
  VARIABLE:
  NAMES are
   id hhid male birthyr_rand birthmo_rand race_rand hispanic_rand cohort
      raedyrs raedegrm memoryproblems_baseline memory_disease_ever age_baseline
      age_baseline_65 health_conditions_baseline healthcond_mean activity_mean_2004
      activity_mean_2006 activity_mean_2008 activity_mean_2010 activity_mean_2012
      activity_mean_2014 activity_sum_2004 activity_sum_2006 activity_sum_2008
      activity_sum_2010 activity_sum_2012 activity_sum_2014 close_social_network_2004
      close_social_network_2006 close_social_network_2008 close_social_network_2010
      close_social_network_2012 close_social_network_2014 countb20r_2004
      countb20r_2006 countb20r_2008 countb20r_2010 countb20r_2012 countb20r_2014
      crp_adj_2004 crp_adj_2006 crp_adj_2008 crp_adj_2010 crp_adj_2012 crp_adj_2014
      dep_total_2004 dep_total_2006 dep_total_2008 dep_total_2010 dep_total_2012
      dep_total_2014 exercise_2004 exercise_2006 exercise_2008 exercise_2010
      exercise_2012 exercise_2014 healthcond_2004 healthcond_2006 healthcond_2008
      healthcond_2010 healthcond_2012 healthcond_2014 hhres_2004 hhres_2006
      hhres_2008 hhres_2010 hhres_2012 hhres_2014 hrs_tscore_2004 hrs_tscore_2006
      hrs_tscore_2008 hrs_tscore_2010 hrs_tscore_2012 hrs_tscore_2014 intage_r_2004
      intage_r_2006 intage_r_2008 intage_r_2010 intage_r_2012 intage_r_2014
      interview_date_2004 interview_date_2006 interview_date_2008 interview_date_2010
      interview_date_2012 interview_date_2014 lb_65_wave_2004 lb_65_wave_2006
      lb_65_wave_2008 lb_65_wave_2010 lb_65_wave_2012 lb_65_wave_2014 lb_wave_2004
      lb_wave_2006 lb_wave_2008 lb_wave_2010 lb_wave_2012 lb_wave_2014 listassi_2004
      listassi_2006 listassi_2008 listassi_2010 listassi_2012 listassi_2014
      mentalstatus_tot_2004 mentalstatus_tot_2006 mentalstatus_tot_2008
      mentalstatus_tot_2010 mentalstatus_tot_2012 mentalstatus_tot_2014 proxy_2004
      proxy_2006 proxy_2008 proxy_2010 proxy_2012 proxy_2014 responded_2004
      responded_2006 responded_2008 responded_2010 responded_2012 responded_2014
      rmaritalst_2004 rmaritalst_2006 rmaritalst_2008 rmaritalst_2010 rmaritalst_2012
      rmaritalst_2014 rpartst_2004 rpartst_2006 rpartst_2008 rpartst_2010
      rpartst_2012 rpartst_2014 score_loneliness_11_2004 score_loneliness_11_2006
      score_loneliness_11_2008 score_loneliness_11_2010 score_loneliness_11_2012
      score_loneliness_11_2014 score_loneliness_3_2004 score_loneliness_3_2006
      score_loneliness_3_2008 score_loneliness_3_2010 score_loneliness_3_2012
      score_loneliness_3_2014 shhidpnr_2004 shhidpnr_2006 shhidpnr_2008 shhidpnr_2010
      shhidpnr_2012 shhidpnr_2014 snchild_2004 snchild_2006 snchild_2008 snchild_2010
      snchild_2012 snchild_2014 snfamily_2004 snfamily_2006 snfamily_2008
      snfamily_2010 snfamily_2012 snfamily_2014 snfriends_2004 snfriends_2006
      snfriends_2008 snfriends_2010 snfriends_2012 snfriends_2014 snspouse_2004
      snspouse_2006 snspouse_2008 snspouse_2010 snspouse_2012 snspouse_2014
      social_contact_total_2004 social_contact_total_2006 social_contact_total_2008
      social_contact_total_2010 social_contact_total_2012 social_contact_total_2014
      social_strain_mean_2004 social_strain_mean_2006 social_strain_mean_2008
      social_strain_mean_2010 social_strain_mean_2012 social_strain_mean_2014
      social_support_mean_2004 social_support_mean_2006 social_support_mean_2008
      social_support_mean_2010 social_support_mean_2012 social_support_mean_2014
      socialnetwork_total_2004 socialnetwork_total_2006 socialnetwork_total_2008
      socialnetwork_total_2010 socialnetwork_total_2012 socialnetwork_total_2014
      srmemory_2004 srmemory_2006 srmemory_2008 srmemory_2010 srmemory_2012
      srmemory_2014 srmemoryp_2004 srmemoryp_2006 srmemoryp_2008 srmemoryp_2010
      srmemoryp_2012 srmemoryp_2014 vocab_total_2004 vocab_total_2006 vocab_total_2008
      vocab_total_2010 vocab_total_2012 vocab_total_2014 wrectotd_2004 wrectotd_2006
      wrectotd_2008 wrectotd_2010 wrectotd_2012 wrectotd_2014 wrectoti_2004
      wrectoti_2006 wrectoti_2008 wrectoti_2010 wrectoti_2012 wrectoti_2014
  	;
  Missing are all(9999);
  USEVARIABLES are
  	!define the variables used in the analysis
  	!estimated time points
  a_01
  a_02
  a_03
  a_04
  a_05
  a_06
  	! covariates used in the model
   	;
  SUBPOPULATION are
  	!select a subset of observations

  memoryproblems_baseline EQ 0
  ;
  CLUSTER = hhid;
  DEFINE:
    ! centre baseline age
  a = age_baseline - 69;
  	! assign variables to the process (A)
  a_01=socialnetwork_total_2004;
  a_02=socialnetwork_total_2006;
  a_03=socialnetwork_total_2008;
  a_04=socialnetwork_total_2010;
  a_05=socialnetwork_total_2012;
  a_06=socialnetwork_total_2014;
  ANALYSIS:
  TYPE = COMPLEX RANDOM;
  COVERAGE=.00;
  H1ITERATIONS = 10000;
  MODEL:
  	!LGM part
  	! assign process (A) to time points
  ia sa | a_01@0
  a_02@2
  a_03@4
  a_04@6
  a_05@8
  a_06@10 ;
  	! assign process (B) to time points
  	!autoregressive part
  a_01;
  a_02 ON a_01@0;
  a_03 ON a_02@0;
  a_04 ON a_03@0;
  a_05 ON a_04@0;
  a_06 ON a_05@0;
  	
  OUTPUT: SAMPSTAT MODINDICES (3.0); TECH1 TECH2 TECH3;;



INPUT READING TERMINATED NORMALLY




LGM, nested in ALT

SUMMARY OF ANALYSIS

Number of groups                                                 1
Number of observations                                       11556

Number of dependent variables                                    6
Number of independent variables                                  0
Number of continuous latent variables                            2

Observed dependent variables

  Continuous
   A_01        A_02        A_03        A_04        A_05        A_06

Continuous latent variables
   IA          SA

Variables with special functions

  Cluster variable      HHID

Estimator                                                      MLR
Information matrix                                        OBSERVED
Maximum number of iterations                                   100
Convergence criterion                                    0.100D-05
Maximum number of EM iterations                                500
Convergence criteria for the EM algorithm
  Loglikelihood change                                   0.100D-02
  Relative loglikelihood change                          0.100D-05
  Derivative                                             0.100D-03
Minimum variance                                         0.100D-03
Maximum number of steepest descent iterations                   20
Maximum number of iterations for H1                          10000
Convergence criterion for H1                             0.100D-03
Optimization algorithm                                         EMA

Input data file(s)
  wide-dataset-b.dat
Input data format  FREE


SUMMARY OF DATA

     Number of missing data patterns            31
     Number of clusters        8479



SAMPLE STATISTICS


     ESTIMATED SAMPLE STATISTICS


           Means
              A_01          A_02          A_03          A_04          A_05
              ________      ________      ________      ________      ________
 1              3.382         3.396         3.302         3.280         3.147


           Means
              A_06
              ________
 1              3.070


           Covariances
              A_01          A_02          A_03          A_04          A_05
              ________      ________      ________      ________      ________
 A_01           0.615
 A_02           0.383         0.560
 A_03           0.364         0.249         0.630
 A_04           0.320         0.374         0.050         0.618
 A_05           0.320         0.348         0.377         0.220         0.696
 A_06           0.296         0.327         0.293         0.383         0.547


           Covariances
              A_06
              ________
 A_06           0.770


           Correlations
              A_01          A_02          A_03          A_04          A_05
              ________      ________      ________      ________      ________
 A_01           1.000
 A_02           0.652         1.000
 A_03           0.584         0.419         1.000
 A_04           0.519         0.636         0.080         1.000
 A_05           0.489         0.558         0.569         0.335         1.000
 A_06           0.430         0.498         0.421         0.555         0.747


           Correlations
              A_06
              ________
 A_06           1.000


     MAXIMUM LOG-LIKELIHOOD VALUE FOR THE UNRESTRICTED (H1) MODEL IS -24187.516


UNIVARIATE SAMPLE STATISTICS


     UNIVARIATE HIGHER-ORDER MOMENT DESCRIPTIVE STATISTICS

         Variable/         Mean/     Skewness/   Minimum/ % with                Percentiles
        Sample Size      Variance    Kurtosis    Maximum  Min/Max      20%/60%    40%/80%    Median

     A_01                  3.406      -1.274       0.000    0.22%       3.000      3.000      4.000
            1339.000       0.603       1.322       4.000   55.49%       4.000      4.000
     A_02                  3.365      -1.058       0.000    0.09%       3.000      3.000      4.000
            4447.000       0.561       0.787       4.000   50.57%       4.000      4.000
     A_03                  3.288      -0.990       0.000    0.32%       3.000      3.000      3.000
            4444.000       0.628       0.709       4.000   46.67%       4.000      4.000
     A_04                  3.310      -0.995       0.000    0.19%       3.000      3.000      3.000
            4166.000       0.598       0.707       4.000   47.31%       4.000      4.000
     A_05                  3.188      -0.867       0.000    0.32%       3.000      3.000      3.000
            3762.000       0.683       0.402       4.000   40.91%       4.000      4.000
     A_06                  3.129      -0.883       0.000    0.73%       2.000      3.000      3.000
            3963.000       0.744       0.550       4.000   38.46%       3.000      4.000


THE MODEL ESTIMATION TERMINATED NORMALLY



MODEL FIT INFORMATION

Number of Free Parameters                       11

Loglikelihood

          H0 Value                      -24224.171
          H0 Scaling Correction Factor      1.8801
            for MLR
          H1 Value                      -24187.516
          H1 Scaling Correction Factor      1.4284
            for MLR

Information Criteria

          Akaike (AIC)                   48470.342
          Bayesian (BIC)                 48551.246
          Sample-Size Adjusted BIC       48516.289
            (n* = (n + 2) / 24)

Chi-Square Test of Model Fit

          Value                             65.580*
          Degrees of Freedom                    16
          P-Value                           0.0000
          Scaling Correction Factor         1.1179
            for MLR

*   The chi-square value for MLM, MLMV, MLR, ULSMV, WLSM and WLSMV cannot be used
    for chi-square difference testing in the regular way.  MLM, MLR and WLSM
    chi-square difference testing is described on the Mplus website.  MLMV, WLSMV,
    and ULSMV difference testing is done using the DIFFTEST option.

RMSEA (Root Mean Square Error Of Approximation)

          Estimate                           0.016

CFI/TLI

          CFI                                0.982
          TLI                                0.983

Chi-Square Test of Model Fit for the Baseline Model

          Value                           2818.529
          Degrees of Freedom                    15
          P-Value                           0.0000

SRMR (Standardized Root Mean Square Residual)

          Value                              0.143



MODEL RESULTS

                                                    Two-Tailed
                    Estimate       S.E.  Est./S.E.    P-Value

 IA       |
    A_01               1.000      0.000    999.000    999.000
    A_02               1.000      0.000    999.000    999.000
    A_03               1.000      0.000    999.000    999.000
    A_04               1.000      0.000    999.000    999.000
    A_05               1.000      0.000    999.000    999.000
    A_06               1.000      0.000    999.000    999.000

 SA       |
    A_01               0.000      0.000    999.000    999.000
    A_02               2.000      0.000    999.000    999.000
    A_03               4.000      0.000    999.000    999.000
    A_04               6.000      0.000    999.000    999.000
    A_05               8.000      0.000    999.000    999.000
    A_06              10.000      0.000    999.000    999.000

 A_02       ON
    A_01               0.000      0.000    999.000    999.000

 A_03       ON
    A_02               0.000      0.000    999.000    999.000

 A_04       ON
    A_03               0.000      0.000    999.000    999.000

 A_05       ON
    A_04               0.000      0.000    999.000    999.000

 A_06       ON
    A_05               0.000      0.000    999.000    999.000

 SA       WITH
    IA                -0.011      0.003     -3.972      0.000

 Means
    IA                 3.457      0.010    337.156      0.000
    SA                -0.037      0.001    -25.820      0.000

 Intercepts
    A_01               0.000      0.000    999.000    999.000
    A_02               0.000      0.000    999.000    999.000
    A_03               0.000      0.000    999.000    999.000
    A_04               0.000      0.000    999.000    999.000
    A_05               0.000      0.000    999.000    999.000
    A_06               0.000      0.000    999.000    999.000

 Variances
    IA                 0.424      0.021     20.490      0.000
    SA                 0.002      0.000      4.680      0.000

 Residual Variances
    A_01               0.231      0.030      7.610      0.000
    A_02               0.167      0.014     12.295      0.000
    A_03               0.253      0.015     17.117      0.000
    A_04               0.239      0.012     20.772      0.000
    A_05               0.293      0.018     15.861      0.000
    A_06               0.351      0.025     13.995      0.000


QUALITY OF NUMERICAL RESULTS

     Condition Number for the Information Matrix              0.616E-03
       (ratio of smallest to largest eigenvalue)


MODEL MODIFICATION INDICES

NOTE:  Modification indices for direct effects of observed dependent variables
regressed on covariates may not be included.  To include these, request
MODINDICES (ALL).

Minimum M.I. value for printing the modification index     3.000

                                   M.I.     E.P.C.


ON/BY Statements

A_01     ON IA       /
IA       BY A_01                  27.793    -0.029
A_01     ON SA       /
SA       BY A_01                  24.499     2.480
A_04     ON IA       /
IA       BY A_04                  25.232     0.015
A_04     ON SA       /
SA       BY A_04                  26.933    -1.418
A_06     ON IA       /
IA       BY A_06                  22.219    -0.022
A_06     ON SA       /
SA       BY A_06                  21.259     2.046

ON Statements

IA       ON A_01                   6.761    -0.171
IA       ON A_06                   6.392    -0.099
SA       ON A_06                   5.780    -0.028
A_01     ON A_01                  27.793    -0.029
A_01     ON A_02                  28.290    -0.030
A_01     ON A_03                  27.797    -0.030
A_01     ON A_04                  28.817    -0.031
A_01     ON A_05                  27.628    -0.031
A_01     ON A_06                  26.729    -0.031
A_04     ON A_01                  24.438     0.015
A_04     ON A_02                  26.515     0.015
A_04     ON A_03                  25.000     0.015
A_04     ON A_04                  25.053     0.016
A_04     ON A_05                  24.866     0.016
A_04     ON A_06                  24.142     0.016
A_06     ON A_01                  21.876    -0.022
A_06     ON A_02                  23.111    -0.023
A_06     ON A_03                  22.276    -0.023
A_06     ON A_04                  22.678    -0.024
A_06     ON A_05                  22.162    -0.025
A_06     ON A_06                  22.278    -0.025

WITH Statements

A_01     WITH IA                   6.765    -0.039
A_04     WITH A_02                10.187     0.031
A_05     WITH A_04                 4.283    -0.341
A_06     WITH IA                   6.393    -0.035
A_06     WITH SA                   5.766    -0.010
A_06     WITH A_02                 3.838    -0.023

Means/Intercepts/Thresholds

[ A_01     ]                      24.540    -0.095
[ A_04     ]                      23.777     0.050
[ A_06     ]                      19.470    -0.073


TECHNICAL 1 OUTPUT


     PARAMETER SPECIFICATION


           NU
              A_01          A_02          A_03          A_04          A_05
              ________      ________      ________      ________      ________
 1                  0             0             0             0             0


           NU
              A_06
              ________
 1                  0


           LAMBDA
              IA            SA            A_01          A_02          A_03
              ________      ________      ________      ________      ________
 A_01               0             0             0             0             0
 A_02               0             0             0             0             0
 A_03               0             0             0             0             0
 A_04               0             0             0             0             0
 A_05               0             0             0             0             0
 A_06               0             0             0             0             0


           LAMBDA
              A_04          A_05          A_06
              ________      ________      ________
 A_01               0             0             0
 A_02               0             0             0
 A_03               0             0             0
 A_04               0             0             0
 A_05               0             0             0
 A_06               0             0             0


           THETA
              A_01          A_02          A_03          A_04          A_05
              ________      ________      ________      ________      ________
 A_01               0
 A_02               0             0
 A_03               0             0             0
 A_04               0             0             0             0
 A_05               0             0             0             0             0
 A_06               0             0             0             0             0


           THETA
              A_06
              ________
 A_06               0


           ALPHA
              IA            SA            A_01          A_02          A_03
              ________      ________      ________      ________      ________
 1                  1             2             0             0             0


           ALPHA
              A_04          A_05          A_06
              ________      ________      ________
 1                  0             0             0


           BETA
              IA            SA            A_01          A_02          A_03
              ________      ________      ________      ________      ________
 IA                 0             0             0             0             0
 SA                 0             0             0             0             0
 A_01               0             0             0             0             0
 A_02               0             0             0             0             0
 A_03               0             0             0             0             0
 A_04               0             0             0             0             0
 A_05               0             0             0             0             0
 A_06               0             0             0             0             0


           BETA
              A_04          A_05          A_06
              ________      ________      ________
 IA                 0             0             0
 SA                 0             0             0
 A_01               0             0             0
 A_02               0             0             0
 A_03               0             0             0
 A_04               0             0             0
 A_05               0             0             0
 A_06               0             0             0


           PSI
              IA            SA            A_01          A_02          A_03
              ________      ________      ________      ________      ________
 IA                 3
 SA                 4             5
 A_01               0             0             6
 A_02               0             0             0             7
 A_03               0             0             0             0             8
 A_04               0             0             0             0             0
 A_05               0             0             0             0             0
 A_06               0             0             0             0             0


           PSI
              A_04          A_05          A_06
              ________      ________      ________
 A_04               9
 A_05               0            10
 A_06               0             0            11


     STARTING VALUES


           NU
              A_01          A_02          A_03          A_04          A_05
              ________      ________      ________      ________      ________
 1              0.000         0.000         0.000         0.000         0.000


           NU
              A_06
              ________
 1              0.000


           LAMBDA
              IA            SA            A_01          A_02          A_03
              ________      ________      ________      ________      ________
 A_01           0.000         0.000         1.000         0.000         0.000
 A_02           0.000         0.000         0.000         1.000         0.000
 A_03           0.000         0.000         0.000         0.000         1.000
 A_04           0.000         0.000         0.000         0.000         0.000
 A_05           0.000         0.000         0.000         0.000         0.000
 A_06           0.000         0.000         0.000         0.000         0.000


           LAMBDA
              A_04          A_05          A_06
              ________      ________      ________
 A_01           0.000         0.000         0.000
 A_02           0.000         0.000         0.000
 A_03           0.000         0.000         0.000
 A_04           1.000         0.000         0.000
 A_05           0.000         1.000         0.000
 A_06           0.000         0.000         1.000


           THETA
              A_01          A_02          A_03          A_04          A_05
              ________      ________      ________      ________      ________
 A_01           0.000
 A_02           0.000         0.000
 A_03           0.000         0.000         0.000
 A_04           0.000         0.000         0.000         0.000
 A_05           0.000         0.000         0.000         0.000         0.000
 A_06           0.000         0.000         0.000         0.000         0.000


           THETA
              A_06
              ________
 A_06           0.000


           ALPHA
              IA            SA            A_01          A_02          A_03
              ________      ________      ________      ________      ________
 1              3.366        -0.020         0.000         0.000         0.000


           ALPHA
              A_04          A_05          A_06
              ________      ________      ________
 1              0.000         0.000         0.000


           BETA
              IA            SA            A_01          A_02          A_03
              ________      ________      ________      ________      ________
 IA             0.000         0.000         0.000         0.000         0.000
 SA             0.000         0.000         0.000         0.000         0.000
 A_01           1.000         0.000         0.000         0.000         0.000
 A_02           1.000         2.000         0.000         0.000         0.000
 A_03           1.000         4.000         0.000         0.000         0.000
 A_04           1.000         6.000         0.000         0.000         0.000
 A_05           1.000         8.000         0.000         0.000         0.000
 A_06           1.000        10.000         0.000         0.000         0.000


           BETA
              A_04          A_05          A_06
              ________      ________      ________
 IA             0.000         0.000         0.000
 SA             0.000         0.000         0.000
 A_01           0.000         0.000         0.000
 A_02           0.000         0.000         0.000
 A_03           0.000         0.000         0.000
 A_04           0.000         0.000         0.000
 A_05           0.000         0.000         0.000
 A_06           0.000         0.000         0.000


           PSI
              IA            SA            A_01          A_02          A_03
              ________      ________      ________      ________      ________
 IA             0.821
 SA             0.000         0.062
 A_01           0.000         0.000         0.301
 A_02           0.000         0.000         0.000         0.281
 A_03           0.000         0.000         0.000         0.000         0.314
 A_04           0.000         0.000         0.000         0.000         0.000
 A_05           0.000         0.000         0.000         0.000         0.000
 A_06           0.000         0.000         0.000         0.000         0.000


           PSI
              A_04          A_05          A_06
              ________      ________      ________
 A_04           0.299
 A_05           0.000         0.342
 A_06           0.000         0.000         0.372


TECHNICAL 2 OUTPUT


     DERIVATIVES


           Derivatives With Respect to NU
              A_01          A_02          A_03          A_04          A_05
              ________      ________      ________      ________      ________
 1          0.000E+00     0.000E+00     0.000E+00     0.000E+00     0.000E+00


           Derivatives With Respect to NU
              A_06
              ________
 1          0.000E+00


           Derivatives With Respect to LAMBDA
              IA            SA            A_01          A_02          A_03
              ________      ________      ________      ________      ________
 A_01       0.000E+00     0.000E+00     0.000E+00     0.000E+00     0.000E+00
 A_02       0.000E+00     0.000E+00     0.000E+00     0.000E+00     0.000E+00
 A_03       0.000E+00     0.000E+00     0.000E+00     0.000E+00     0.000E+00
 A_04       0.000E+00     0.000E+00     0.000E+00     0.000E+00     0.000E+00
 A_05       0.000E+00     0.000E+00     0.000E+00     0.000E+00     0.000E+00
 A_06       0.000E+00     0.000E+00     0.000E+00     0.000E+00     0.000E+00


           Derivatives With Respect to LAMBDA
              A_04          A_05          A_06
              ________      ________      ________
 A_01       0.000E+00     0.000E+00     0.000E+00
 A_02       0.000E+00     0.000E+00     0.000E+00
 A_03       0.000E+00     0.000E+00     0.000E+00
 A_04       0.000E+00     0.000E+00     0.000E+00
 A_05       0.000E+00     0.000E+00     0.000E+00
 A_06       0.000E+00     0.000E+00     0.000E+00


           Derivatives With Respect to THETA
              A_01          A_02          A_03          A_04          A_05
              ________      ________      ________      ________      ________
 A_01       0.000E+00
 A_02       0.000E+00     0.000E+00
 A_03       0.000E+00     0.000E+00     0.000E+00
 A_04       0.000E+00     0.000E+00     0.000E+00     0.000E+00
 A_05       0.000E+00     0.000E+00     0.000E+00     0.000E+00     0.000E+00
 A_06       0.000E+00     0.000E+00     0.000E+00     0.000E+00     0.000E+00


           Derivatives With Respect to THETA
              A_06
              ________
 A_06       0.000E+00


           Derivatives With Respect to ALPHA
              IA            SA            A_01          A_02          A_03
              ________      ________      ________      ________      ________
 1          0.573E-07    -0.494E-05     0.000E+00     0.000E+00     0.000E+00


           Derivatives With Respect to ALPHA
              A_04          A_05          A_06
              ________      ________      ________
 1          0.000E+00     0.000E+00     0.000E+00


           Derivatives With Respect to BETA
              IA            SA            A_01          A_02          A_03
              ________      ________      ________      ________      ________
 IA         0.000E+00     0.000E+00     0.000E+00     0.000E+00     0.000E+00
 SA         0.000E+00     0.000E+00     0.000E+00     0.000E+00     0.000E+00
 A_01       0.000E+00     0.000E+00     0.000E+00     0.000E+00     0.000E+00
 A_02       0.000E+00     0.000E+00     0.000E+00     0.000E+00     0.000E+00
 A_03       0.000E+00     0.000E+00     0.000E+00     0.000E+00     0.000E+00
 A_04       0.000E+00     0.000E+00     0.000E+00     0.000E+00     0.000E+00
 A_05       0.000E+00     0.000E+00     0.000E+00     0.000E+00     0.000E+00
 A_06       0.000E+00     0.000E+00     0.000E+00     0.000E+00     0.000E+00


           Derivatives With Respect to BETA
              A_04          A_05          A_06
              ________      ________      ________
 IA         0.000E+00     0.000E+00     0.000E+00
 SA         0.000E+00     0.000E+00     0.000E+00
 A_01       0.000E+00     0.000E+00     0.000E+00
 A_02       0.000E+00     0.000E+00     0.000E+00
 A_03       0.000E+00     0.000E+00     0.000E+00
 A_04       0.000E+00     0.000E+00     0.000E+00
 A_05       0.000E+00     0.000E+00     0.000E+00
 A_06       0.000E+00     0.000E+00     0.000E+00


           Derivatives With Respect to PSI
              IA            SA            A_01          A_02          A_03
              ________      ________      ________      ________      ________
 IA         0.889E-06
 SA        -0.214E-04    -0.861E-04
 A_01       0.000E+00     0.000E+00    -0.707E-06
 A_02       0.000E+00     0.000E+00     0.000E+00    -0.760E-05
 A_03       0.000E+00     0.000E+00     0.000E+00     0.000E+00    -0.483E-05
 A_04       0.000E+00     0.000E+00     0.000E+00     0.000E+00     0.000E+00
 A_05       0.000E+00     0.000E+00     0.000E+00     0.000E+00     0.000E+00
 A_06       0.000E+00     0.000E+00     0.000E+00     0.000E+00     0.000E+00


           Derivatives With Respect to PSI
              A_04          A_05          A_06
              ________      ________      ________
 A_04       0.699E-06
 A_05       0.000E+00     0.149E-05
 A_06       0.000E+00     0.000E+00     0.358E-06


TECHNICAL 3 OUTPUT


           ESTIMATED COVARIANCE MATRIX FOR PARAMETER ESTIMATES
                     1             2             3             4             5
              ________      ________      ________      ________      ________
        1   0.105112D-03
        2  -0.995824D-05  0.201340D-05
        3  -0.661740D-04  0.702643D-05  0.428687D-03
        4   0.461705D-05 -0.738499D-06 -0.482887D-04  0.733839D-05
        5  -0.319098D-06  0.423963D-07  0.583060D-05 -0.111854D-05  0.229077D-06
        6   0.214914D-05 -0.119059D-05 -0.240478D-03  0.371465D-04 -0.598299D-05
        7  -0.169589D-04  0.157474D-05 -0.165518D-03  0.193066D-04 -0.233698D-05
        8  -0.142828D-04  0.120211D-06 -0.888700D-04  0.644725D-05 -0.294128D-06
        9  -0.193128D-05 -0.209439D-05  0.680852D-05 -0.277595D-05  0.301944D-06
       10   0.800011D-05 -0.356188D-05 -0.158886D-04  0.682379D-05 -0.317918D-05
       11   0.212045D-04 -0.516622D-05 -0.892518D-04  0.241629D-04 -0.727132D-05


           ESTIMATED COVARIANCE MATRIX FOR PARAMETER ESTIMATES
                     6             7             8             9            10
              ________      ________      ________      ________      ________
        6   0.920784D-03
        7   0.101380D-03  0.184459D-03
        8   0.229081D-04  0.286217D-04  0.218747D-03
        9  -0.265123D-04 -0.102215D-05  0.152548D-05  0.132289D-03
       10   0.457509D-04  0.418605D-05 -0.110780D-04  0.588576D-05  0.341216D-03
       11   0.159501D-03  0.360468D-04 -0.123908D-04  0.253876D-05  0.152708D-03


           ESTIMATED COVARIANCE MATRIX FOR PARAMETER ESTIMATES
                    11
              ________
       11   0.627736D-03


           ESTIMATED CORRELATION MATRIX FOR PARAMETER ESTIMATES
                     1             2             3             4             5
              ________      ________      ________      ________      ________
        1       1.000
        2      -0.685         1.000
        3      -0.312         0.239         1.000
        4       0.166        -0.192        -0.861         1.000
        5      -0.065         0.062         0.588        -0.863         1.000
        6       0.007        -0.028        -0.383         0.452        -0.412
        7      -0.122         0.082        -0.589         0.525        -0.360
        8      -0.094         0.006        -0.290         0.161        -0.042
        9      -0.016        -0.128         0.029        -0.089         0.055
       10       0.042        -0.136        -0.042         0.136        -0.360
       11       0.083        -0.145        -0.172         0.356        -0.606


           ESTIMATED CORRELATION MATRIX FOR PARAMETER ESTIMATES
                     6             7             8             9            10
              ________      ________      ________      ________      ________
        6       1.000
        7       0.246         1.000
        8       0.051         0.142         1.000
        9      -0.076        -0.007         0.009         1.000
       10       0.082         0.017        -0.041         0.028         1.000
       11       0.210         0.106        -0.033         0.009         0.330


           ESTIMATED CORRELATION MATRIX FOR PARAMETER ESTIMATES
                    11
              ________
       11       1.000


     Beginning Time:  10:27:55
        Ending Time:  10:33:27
       Elapsed Time:  00:05:32



MUTHEN & MUTHEN
3463 Stoner Ave.
Los Angeles, CA  90066

Tel: (310) 391-9971
Fax: (310) 391-8971
Web: www.StatModel.com
Support: Support@StatModel.com

Copyright (c) 1998-2015 Muthen & Muthen
