Mplus VERSION 7.4 (Mac)
MUTHEN & MUTHEN
07/18/2017  10:33 AM

INPUT INSTRUCTIONS

  TITLE:
  ALT, no slope variance
  DATA:
  File = wide-dataset-b.dat ;
  VARIABLE:
  NAMES are
   id hhid male birthyr_rand birthmo_rand race_rand hispanic_rand cohort
      raedyrs raedegrm memoryproblems_baseline memory_disease_ever age_baseline
      age_baseline_65 health_conditions_baseline healthcond_mean activity_mean_2004
      activity_mean_2006 activity_mean_2008 activity_mean_2010 activity_mean_2012
      activity_mean_2014 activity_sum_2004 activity_sum_2006 activity_sum_2008
      activity_sum_2010 activity_sum_2012 activity_sum_2014 close_social_network_2004
      close_social_network_2006 close_social_network_2008 close_social_network_2010
      close_social_network_2012 close_social_network_2014 countb20r_2004
      countb20r_2006 countb20r_2008 countb20r_2010 countb20r_2012 countb20r_2014
      crp_adj_2004 crp_adj_2006 crp_adj_2008 crp_adj_2010 crp_adj_2012 crp_adj_2014
      dep_total_2004 dep_total_2006 dep_total_2008 dep_total_2010 dep_total_2012
      dep_total_2014 exercise_2004 exercise_2006 exercise_2008 exercise_2010
      exercise_2012 exercise_2014 healthcond_2004 healthcond_2006 healthcond_2008
      healthcond_2010 healthcond_2012 healthcond_2014 hhres_2004 hhres_2006
      hhres_2008 hhres_2010 hhres_2012 hhres_2014 hrs_tscore_2004 hrs_tscore_2006
      hrs_tscore_2008 hrs_tscore_2010 hrs_tscore_2012 hrs_tscore_2014 intage_r_2004
      intage_r_2006 intage_r_2008 intage_r_2010 intage_r_2012 intage_r_2014
      interview_date_2004 interview_date_2006 interview_date_2008 interview_date_2010
      interview_date_2012 interview_date_2014 lb_65_wave_2004 lb_65_wave_2006
      lb_65_wave_2008 lb_65_wave_2010 lb_65_wave_2012 lb_65_wave_2014 lb_wave_2004
      lb_wave_2006 lb_wave_2008 lb_wave_2010 lb_wave_2012 lb_wave_2014 listassi_2004
      listassi_2006 listassi_2008 listassi_2010 listassi_2012 listassi_2014
      mentalstatus_tot_2004 mentalstatus_tot_2006 mentalstatus_tot_2008
      mentalstatus_tot_2010 mentalstatus_tot_2012 mentalstatus_tot_2014 proxy_2004
      proxy_2006 proxy_2008 proxy_2010 proxy_2012 proxy_2014 responded_2004
      responded_2006 responded_2008 responded_2010 responded_2012 responded_2014
      rmaritalst_2004 rmaritalst_2006 rmaritalst_2008 rmaritalst_2010 rmaritalst_2012
      rmaritalst_2014 rpartst_2004 rpartst_2006 rpartst_2008 rpartst_2010
      rpartst_2012 rpartst_2014 score_loneliness_11_2004 score_loneliness_11_2006
      score_loneliness_11_2008 score_loneliness_11_2010 score_loneliness_11_2012
      score_loneliness_11_2014 score_loneliness_3_2004 score_loneliness_3_2006
      score_loneliness_3_2008 score_loneliness_3_2010 score_loneliness_3_2012
      score_loneliness_3_2014 shhidpnr_2004 shhidpnr_2006 shhidpnr_2008 shhidpnr_2010
      shhidpnr_2012 shhidpnr_2014 snchild_2004 snchild_2006 snchild_2008 snchild_2010
      snchild_2012 snchild_2014 snfamily_2004 snfamily_2006 snfamily_2008
      snfamily_2010 snfamily_2012 snfamily_2014 snfriends_2004 snfriends_2006
      snfriends_2008 snfriends_2010 snfriends_2012 snfriends_2014 snspouse_2004
      snspouse_2006 snspouse_2008 snspouse_2010 snspouse_2012 snspouse_2014
      social_contact_total_2004 social_contact_total_2006 social_contact_total_2008
      social_contact_total_2010 social_contact_total_2012 social_contact_total_2014
      social_strain_mean_2004 social_strain_mean_2006 social_strain_mean_2008
      social_strain_mean_2010 social_strain_mean_2012 social_strain_mean_2014
      social_support_mean_2004 social_support_mean_2006 social_support_mean_2008
      social_support_mean_2010 social_support_mean_2012 social_support_mean_2014
      socialnetwork_total_2004 socialnetwork_total_2006 socialnetwork_total_2008
      socialnetwork_total_2010 socialnetwork_total_2012 socialnetwork_total_2014
      srmemory_2004 srmemory_2006 srmemory_2008 srmemory_2010 srmemory_2012
      srmemory_2014 srmemoryp_2004 srmemoryp_2006 srmemoryp_2008 srmemoryp_2010
      srmemoryp_2012 srmemoryp_2014 vocab_total_2004 vocab_total_2006 vocab_total_2008
      vocab_total_2010 vocab_total_2012 vocab_total_2014 wrectotd_2004 wrectotd_2006
      wrectotd_2008 wrectotd_2010 wrectotd_2012 wrectotd_2014 wrectoti_2004
      wrectoti_2006 wrectoti_2008 wrectoti_2010 wrectoti_2012 wrectoti_2014
  	;
  Missing are all(9999);
  USEVARIABLES are
  	!define the variables used in the analysis
  	!estimated time points
  a_01
  a_02
  a_03
  a_04
  a_05
  a_06
  	! covariates used in the model
   	;
  SUBPOPULATION are
  	!select a subset of observations

  memoryproblems_baseline EQ 0
  ;
  CLUSTER = hhid;
  DEFINE:
    ! centre baseline age
  a = age_baseline - 69;
  	! assign variables to the process (A)
  a_01=socialnetwork_total_2004;
  a_02=socialnetwork_total_2006;
  a_03=socialnetwork_total_2008;
  a_04=socialnetwork_total_2010;
  a_05=socialnetwork_total_2012;
  a_06=socialnetwork_total_2014;
  ANALYSIS:
  TYPE = COMPLEX RANDOM;
  COVERAGE=.00;
  H1ITERATIONS = 10000;
  MODEL:
  	!LGM part
  	! assign process (A) to time points
  ia sa | a_01@0
  a_02@2
  a_03@4
  a_04@6
  a_05@8
  a_06@10 ;
  sa@0;
  	! assign process (B) to time points
  	!autoregressive part
  a_01;
  a_02 ON a_01;
  a_03 ON a_02;
  a_04 ON a_03;
  a_05 ON a_04;
  a_06 ON a_05;
  	
  OUTPUT: SAMPSTAT MODINDICES (3.0); TECH1 TECH2 TECH3;;



*** WARNING in MODEL command
  All continuous latent variable covariances involving SA have been fixed to 0
  because the variance of SA is fixed at 0.
   1 WARNING(S) FOUND IN THE INPUT INSTRUCTIONS




ALT, no slope variance

SUMMARY OF ANALYSIS

Number of groups                                                 1
Number of observations                                       11556

Number of dependent variables                                    6
Number of independent variables                                  0
Number of continuous latent variables                            2

Observed dependent variables

  Continuous
   A_01        A_02        A_03        A_04        A_05        A_06

Continuous latent variables
   IA          SA

Variables with special functions

  Cluster variable      HHID

Estimator                                                      MLR
Information matrix                                        OBSERVED
Maximum number of iterations                                   100
Convergence criterion                                    0.100D-05
Maximum number of EM iterations                                500
Convergence criteria for the EM algorithm
  Loglikelihood change                                   0.100D-02
  Relative loglikelihood change                          0.100D-05
  Derivative                                             0.100D-03
Minimum variance                                         0.100D-03
Maximum number of steepest descent iterations                   20
Maximum number of iterations for H1                          10000
Convergence criterion for H1                             0.100D-03
Optimization algorithm                                         EMA

Input data file(s)
  wide-dataset-b.dat
Input data format  FREE


SUMMARY OF DATA

     Number of missing data patterns            31
     Number of clusters        8479



SAMPLE STATISTICS


     ESTIMATED SAMPLE STATISTICS


           Means
              A_01          A_02          A_03          A_04          A_05
              ________      ________      ________      ________      ________
 1              3.382         3.396         3.302         3.280         3.147


           Means
              A_06
              ________
 1              3.070


           Covariances
              A_01          A_02          A_03          A_04          A_05
              ________      ________      ________      ________      ________
 A_01           0.615
 A_02           0.383         0.560
 A_03           0.364         0.249         0.630
 A_04           0.320         0.374         0.050         0.618
 A_05           0.320         0.348         0.377         0.220         0.696
 A_06           0.296         0.327         0.293         0.383         0.547


           Covariances
              A_06
              ________
 A_06           0.770


           Correlations
              A_01          A_02          A_03          A_04          A_05
              ________      ________      ________      ________      ________
 A_01           1.000
 A_02           0.652         1.000
 A_03           0.584         0.419         1.000
 A_04           0.519         0.636         0.080         1.000
 A_05           0.489         0.558         0.569         0.335         1.000
 A_06           0.430         0.498         0.421         0.555         0.747


           Correlations
              A_06
              ________
 A_06           1.000


     MAXIMUM LOG-LIKELIHOOD VALUE FOR THE UNRESTRICTED (H1) MODEL IS -24187.516


UNIVARIATE SAMPLE STATISTICS


     UNIVARIATE HIGHER-ORDER MOMENT DESCRIPTIVE STATISTICS

         Variable/         Mean/     Skewness/   Minimum/ % with                Percentiles
        Sample Size      Variance    Kurtosis    Maximum  Min/Max      20%/60%    40%/80%    Median

     A_01                  3.406      -1.274       0.000    0.22%       3.000      3.000      4.000
            1339.000       0.603       1.322       4.000   55.49%       4.000      4.000
     A_02                  3.365      -1.058       0.000    0.09%       3.000      3.000      4.000
            4447.000       0.561       0.787       4.000   50.57%       4.000      4.000
     A_03                  3.288      -0.990       0.000    0.32%       3.000      3.000      3.000
            4444.000       0.628       0.709       4.000   46.67%       4.000      4.000
     A_04                  3.310      -0.995       0.000    0.19%       3.000      3.000      3.000
            4166.000       0.598       0.707       4.000   47.31%       4.000      4.000
     A_05                  3.188      -0.867       0.000    0.32%       3.000      3.000      3.000
            3762.000       0.683       0.402       4.000   40.91%       4.000      4.000
     A_06                  3.129      -0.883       0.000    0.73%       2.000      3.000      3.000
            3963.000       0.744       0.550       4.000   38.46%       3.000      4.000


THE MODEL ESTIMATION TERMINATED NORMALLY



MODEL FIT INFORMATION

Number of Free Parameters                       14

Loglikelihood

          H0 Value                      -24213.157
          H0 Scaling Correction Factor      1.6383
            for MLR
          H1 Value                      -24187.516
          H1 Scaling Correction Factor      1.4284
            for MLR

Information Criteria

          Akaike (AIC)                   48454.313
          Bayesian (BIC)                 48557.283
          Sample-Size Adjusted BIC       48512.792
            (n* = (n + 2) / 24)

Chi-Square Test of Model Fit

          Value                             42.650*
          Degrees of Freedom                    13
          P-Value                           0.0001
          Scaling Correction Factor         1.2024
            for MLR

*   The chi-square value for MLM, MLMV, MLR, ULSMV, WLSM and WLSMV cannot be used
    for chi-square difference testing in the regular way.  MLM, MLR and WLSM
    chi-square difference testing is described on the Mplus website.  MLMV, WLSMV,
    and ULSMV difference testing is done using the DIFFTEST option.

RMSEA (Root Mean Square Error Of Approximation)

          Estimate                           0.014

CFI/TLI

          CFI                                0.989
          TLI                                0.988

Chi-Square Test of Model Fit for the Baseline Model

          Value                           2818.529
          Degrees of Freedom                    15
          P-Value                           0.0000

SRMR (Standardized Root Mean Square Residual)

          Value                              0.152



MODEL RESULTS

                                                    Two-Tailed
                    Estimate       S.E.  Est./S.E.    P-Value

 IA       |
    A_01               1.000      0.000    999.000    999.000
    A_02               1.000      0.000    999.000    999.000
    A_03               1.000      0.000    999.000    999.000
    A_04               1.000      0.000    999.000    999.000
    A_05               1.000      0.000    999.000    999.000
    A_06               1.000      0.000    999.000    999.000

 SA       |
    A_01               0.000      0.000    999.000    999.000
    A_02               2.000      0.000    999.000    999.000
    A_03               4.000      0.000    999.000    999.000
    A_04               6.000      0.000    999.000    999.000
    A_05               8.000      0.000    999.000    999.000
    A_06              10.000      0.000    999.000    999.000

 A_02       ON
    A_01               0.033      0.009      3.453      0.001

 A_03       ON
    A_02               0.032      0.016      2.045      0.041

 A_04       ON
    A_03               0.053      0.024      2.230      0.026

 A_05       ON
    A_04               0.041      0.032      1.306      0.192

 A_06       ON
    A_05               0.046      0.041      1.111      0.267

 Means
    IA                 3.380      0.018    190.188      0.000
    SA                -0.046      0.013     -3.505      0.000

 Intercepts
    A_01               0.000      0.000    999.000    999.000
    A_02               0.000      0.000    999.000    999.000
    A_03               0.000      0.000    999.000    999.000
    A_04               0.000      0.000    999.000    999.000
    A_05               0.000      0.000    999.000    999.000
    A_06               0.000      0.000    999.000    999.000

 Variances
    IA                 0.340      0.017     19.678      0.000
    SA                 0.000      0.000    999.000    999.000

 Residual Variances
    A_01               0.281      0.028     10.028      0.000
    A_02               0.205      0.014     14.815      0.000
    A_03               0.258      0.016     15.930      0.000
    A_04               0.228      0.013     18.080      0.000
    A_05               0.324      0.018     17.845      0.000
    A_06               0.417      0.021     20.211      0.000


QUALITY OF NUMERICAL RESULTS

     Condition Number for the Information Matrix              0.297E-03
       (ratio of smallest to largest eigenvalue)


MODEL MODIFICATION INDICES

NOTE:  Modification indices for direct effects of observed dependent variables
regressed on covariates may not be included.  To include these, request
MODINDICES (ALL).

Minimum M.I. value for printing the modification index     3.000

                                   M.I.     E.P.C.


ON/BY Statements

A_01     ON IA       /
IA       BY A_01                   7.975     0.149
A_01     ON SA       /
SA       BY A_01                   6.799    -7.540
A_02     ON IA       /
IA       BY A_02                   8.054    -0.149
A_04     ON SA       /
SA       BY A_04                   3.294     3.270
A_06     ON SA       /
SA       BY A_06                   5.772    -6.641
SA       ON IA       /
IA       BY SA                     4.558    -0.048

ON Statements

IA       ON A_04                   4.005     0.079
IA       ON A_06                   6.935    -0.092
SA       ON A_01                  10.723    -0.020
SA       ON A_02                  14.198    -0.017
SA       ON A_04                  12.539     0.023
SA       ON A_06                   5.359     0.019
A_01     ON A_01                   7.974     0.149
A_01     ON A_02                   7.947     0.085
A_01     ON A_03                   9.349     0.140
A_02     ON A_02                   8.468    -0.158
A_02     ON A_03                   8.540    -0.152
A_02     ON A_05                   9.960    -0.171
A_02     ON A_06                  19.288    -0.089
A_03     ON A_06                   4.645     0.437
A_04     ON A_01                   4.352    -0.126
A_04     ON A_04                   4.648     0.864
A_04     ON A_05                   3.387     0.427
A_04     ON A_06                  14.720     0.123
A_05     ON A_01                   3.603    -0.140
A_06     ON A_02                  16.764    -0.214
A_06     ON A_04                  14.164     0.246
A_06     ON A_06                  15.110    -2.475

WITH Statements

SA       WITH IA                   4.852    -0.017
A_01     WITH SA                   8.998    -0.006
A_02     WITH SA                  13.550    -0.004
A_02     WITH A_01                 8.108     0.042
A_04     WITH IA                   3.675     0.017
A_04     WITH SA                  14.505     0.005
A_04     WITH A_01                 4.171    -0.035
A_05     WITH A_01                 3.279    -0.037
A_05     WITH A_02                 5.546    -0.438
A_06     WITH IA                   6.633    -0.037
A_06     WITH SA                   7.377     0.008
A_06     WITH A_02                15.434    -0.040
A_06     WITH A_04                14.642     0.056

Variances/Residual Variances

SA                                26.383     0.002

Means/Intercepts/Thresholds

[ A_01     ]                       6.799     0.347
[ A_04     ]                       3.294    -0.151
[ A_06     ]                       5.772     0.306


TECHNICAL 1 OUTPUT


     PARAMETER SPECIFICATION


           NU
              A_01          A_02          A_03          A_04          A_05
              ________      ________      ________      ________      ________
 1                  0             0             0             0             0


           NU
              A_06
              ________
 1                  0


           LAMBDA
              IA            SA            A_01          A_02          A_03
              ________      ________      ________      ________      ________
 A_01               0             0             0             0             0
 A_02               0             0             0             0             0
 A_03               0             0             0             0             0
 A_04               0             0             0             0             0
 A_05               0             0             0             0             0
 A_06               0             0             0             0             0


           LAMBDA
              A_04          A_05          A_06
              ________      ________      ________
 A_01               0             0             0
 A_02               0             0             0
 A_03               0             0             0
 A_04               0             0             0
 A_05               0             0             0
 A_06               0             0             0


           THETA
              A_01          A_02          A_03          A_04          A_05
              ________      ________      ________      ________      ________
 A_01               0
 A_02               0             0
 A_03               0             0             0
 A_04               0             0             0             0
 A_05               0             0             0             0             0
 A_06               0             0             0             0             0


           THETA
              A_06
              ________
 A_06               0


           ALPHA
              IA            SA            A_01          A_02          A_03
              ________      ________      ________      ________      ________
 1                  1             2             0             0             0


           ALPHA
              A_04          A_05          A_06
              ________      ________      ________
 1                  0             0             0


           BETA
              IA            SA            A_01          A_02          A_03
              ________      ________      ________      ________      ________
 IA                 0             0             0             0             0
 SA                 0             0             0             0             0
 A_01               0             0             0             0             0
 A_02               0             0             3             0             0
 A_03               0             0             0             4             0
 A_04               0             0             0             0             5
 A_05               0             0             0             0             0
 A_06               0             0             0             0             0


           BETA
              A_04          A_05          A_06
              ________      ________      ________
 IA                 0             0             0
 SA                 0             0             0
 A_01               0             0             0
 A_02               0             0             0
 A_03               0             0             0
 A_04               0             0             0
 A_05               6             0             0
 A_06               0             7             0


           PSI
              IA            SA            A_01          A_02          A_03
              ________      ________      ________      ________      ________
 IA                 8
 SA                 0             0
 A_01               0             0             9
 A_02               0             0             0            10
 A_03               0             0             0             0            11
 A_04               0             0             0             0             0
 A_05               0             0             0             0             0
 A_06               0             0             0             0             0


           PSI
              A_04          A_05          A_06
              ________      ________      ________
 A_04              12
 A_05               0            13
 A_06               0             0            14


     STARTING VALUES


           NU
              A_01          A_02          A_03          A_04          A_05
              ________      ________      ________      ________      ________
 1              0.000         0.000         0.000         0.000         0.000


           NU
              A_06
              ________
 1              0.000


           LAMBDA
              IA            SA            A_01          A_02          A_03
              ________      ________      ________      ________      ________
 A_01           0.000         0.000         1.000         0.000         0.000
 A_02           0.000         0.000         0.000         1.000         0.000
 A_03           0.000         0.000         0.000         0.000         1.000
 A_04           0.000         0.000         0.000         0.000         0.000
 A_05           0.000         0.000         0.000         0.000         0.000
 A_06           0.000         0.000         0.000         0.000         0.000


           LAMBDA
              A_04          A_05          A_06
              ________      ________      ________
 A_01           0.000         0.000         0.000
 A_02           0.000         0.000         0.000
 A_03           0.000         0.000         0.000
 A_04           1.000         0.000         0.000
 A_05           0.000         1.000         0.000
 A_06           0.000         0.000         1.000


           THETA
              A_01          A_02          A_03          A_04          A_05
              ________      ________      ________      ________      ________
 A_01           0.000
 A_02           0.000         0.000
 A_03           0.000         0.000         0.000
 A_04           0.000         0.000         0.000         0.000
 A_05           0.000         0.000         0.000         0.000         0.000
 A_06           0.000         0.000         0.000         0.000         0.000


           THETA
              A_06
              ________
 A_06           0.000


           ALPHA
              IA            SA            A_01          A_02          A_03
              ________      ________      ________      ________      ________
 1              3.366        -0.020         0.000         0.000         0.000


           ALPHA
              A_04          A_05          A_06
              ________      ________      ________
 1              0.000         0.000         0.000


           BETA
              IA            SA            A_01          A_02          A_03
              ________      ________      ________      ________      ________
 IA             0.000         0.000         0.000         0.000         0.000
 SA             0.000         0.000         0.000         0.000         0.000
 A_01           1.000         0.000         0.000         0.000         0.000
 A_02           1.000         2.000         0.000         0.000         0.000
 A_03           1.000         4.000         0.000         0.000         0.000
 A_04           1.000         6.000         0.000         0.000         0.000
 A_05           1.000         8.000         0.000         0.000         0.000
 A_06           1.000        10.000         0.000         0.000         0.000


           BETA
              A_04          A_05          A_06
              ________      ________      ________
 IA             0.000         0.000         0.000
 SA             0.000         0.000         0.000
 A_01           0.000         0.000         0.000
 A_02           0.000         0.000         0.000
 A_03           0.000         0.000         0.000
 A_04           0.000         0.000         0.000
 A_05           0.000         0.000         0.000
 A_06           0.000         0.000         0.000


           PSI
              IA            SA            A_01          A_02          A_03
              ________      ________      ________      ________      ________
 IA             0.821
 SA             0.000         0.000
 A_01           0.000         0.000         0.301
 A_02           0.000         0.000         0.000         0.281
 A_03           0.000         0.000         0.000         0.000         0.314
 A_04           0.000         0.000         0.000         0.000         0.000
 A_05           0.000         0.000         0.000         0.000         0.000
 A_06           0.000         0.000         0.000         0.000         0.000


           PSI
              A_04          A_05          A_06
              ________      ________      ________
 A_04           0.299
 A_05           0.000         0.342
 A_06           0.000         0.000         0.372


TECHNICAL 2 OUTPUT


     DERIVATIVES


           Derivatives With Respect to NU
              A_01          A_02          A_03          A_04          A_05
              ________      ________      ________      ________      ________
 1          0.000E+00     0.000E+00     0.000E+00     0.000E+00     0.000E+00


           Derivatives With Respect to NU
              A_06
              ________
 1          0.000E+00


           Derivatives With Respect to LAMBDA
              IA            SA            A_01          A_02          A_03
              ________      ________      ________      ________      ________
 A_01       0.000E+00     0.000E+00     0.000E+00     0.000E+00     0.000E+00
 A_02       0.000E+00     0.000E+00     0.000E+00     0.000E+00     0.000E+00
 A_03       0.000E+00     0.000E+00     0.000E+00     0.000E+00     0.000E+00
 A_04       0.000E+00     0.000E+00     0.000E+00     0.000E+00     0.000E+00
 A_05       0.000E+00     0.000E+00     0.000E+00     0.000E+00     0.000E+00
 A_06       0.000E+00     0.000E+00     0.000E+00     0.000E+00     0.000E+00


           Derivatives With Respect to LAMBDA
              A_04          A_05          A_06
              ________      ________      ________
 A_01       0.000E+00     0.000E+00     0.000E+00
 A_02       0.000E+00     0.000E+00     0.000E+00
 A_03       0.000E+00     0.000E+00     0.000E+00
 A_04       0.000E+00     0.000E+00     0.000E+00
 A_05       0.000E+00     0.000E+00     0.000E+00
 A_06       0.000E+00     0.000E+00     0.000E+00


           Derivatives With Respect to THETA
              A_01          A_02          A_03          A_04          A_05
              ________      ________      ________      ________      ________
 A_01       0.000E+00
 A_02       0.000E+00     0.000E+00
 A_03       0.000E+00     0.000E+00     0.000E+00
 A_04       0.000E+00     0.000E+00     0.000E+00     0.000E+00
 A_05       0.000E+00     0.000E+00     0.000E+00     0.000E+00     0.000E+00
 A_06       0.000E+00     0.000E+00     0.000E+00     0.000E+00     0.000E+00


           Derivatives With Respect to THETA
              A_06
              ________
 A_06       0.000E+00


           Derivatives With Respect to ALPHA
              IA            SA            A_01          A_02          A_03
              ________      ________      ________      ________      ________
 1         -0.261E-05     0.930E-04     0.000E+00     0.000E+00     0.000E+00


           Derivatives With Respect to ALPHA
              A_04          A_05          A_06
              ________      ________      ________
 1          0.000E+00     0.000E+00     0.000E+00


           Derivatives With Respect to BETA
              IA            SA            A_01          A_02          A_03
              ________      ________      ________      ________      ________
 IA         0.000E+00     0.000E+00     0.000E+00     0.000E+00     0.000E+00
 SA         0.000E+00     0.000E+00     0.000E+00     0.000E+00     0.000E+00
 A_01       0.000E+00     0.000E+00     0.000E+00     0.000E+00     0.000E+00
 A_02       0.000E+00     0.000E+00     0.190E-04     0.000E+00     0.000E+00
 A_03       0.000E+00     0.000E+00     0.000E+00     0.152E-04     0.000E+00
 A_04       0.000E+00     0.000E+00     0.000E+00     0.000E+00     0.278E-04
 A_05       0.000E+00     0.000E+00     0.000E+00     0.000E+00     0.000E+00
 A_06       0.000E+00     0.000E+00     0.000E+00     0.000E+00     0.000E+00


           Derivatives With Respect to BETA
              A_04          A_05          A_06
              ________      ________      ________
 IA         0.000E+00     0.000E+00     0.000E+00
 SA         0.000E+00     0.000E+00     0.000E+00
 A_01       0.000E+00     0.000E+00     0.000E+00
 A_02       0.000E+00     0.000E+00     0.000E+00
 A_03       0.000E+00     0.000E+00     0.000E+00
 A_04       0.000E+00     0.000E+00     0.000E+00
 A_05       0.316E-04     0.000E+00     0.000E+00
 A_06       0.000E+00     0.240E-04     0.000E+00


           Derivatives With Respect to PSI
              IA            SA            A_01          A_02          A_03
              ________      ________      ________      ________      ________
 IA         0.843E-08
 SA         0.000E+00     0.000E+00
 A_01       0.000E+00     0.000E+00    -0.713E-06
 A_02       0.000E+00     0.000E+00     0.000E+00     0.812E-05
 A_03       0.000E+00     0.000E+00     0.000E+00     0.000E+00     0.451E-05
 A_04       0.000E+00     0.000E+00     0.000E+00     0.000E+00     0.000E+00
 A_05       0.000E+00     0.000E+00     0.000E+00     0.000E+00     0.000E+00
 A_06       0.000E+00     0.000E+00     0.000E+00     0.000E+00     0.000E+00


           Derivatives With Respect to PSI
              A_04          A_05          A_06
              ________      ________      ________
 A_04      -0.190E-04
 A_05       0.000E+00    -0.235E-04
 A_06       0.000E+00     0.000E+00    -0.891E-05


TECHNICAL 3 OUTPUT


           ESTIMATED COVARIANCE MATRIX FOR PARAMETER ESTIMATES
                     1             2             3             4             5
              ________      ________      ________      ________      ________
        1   0.315802D-03
        2  -0.325741D-04  0.172601D-03
        3  -0.637732D-04 -0.998723D-04  0.895042D-04
        4  -0.416349D-04 -0.191356D-03  0.131703D-03  0.243580D-03
        5  -0.252602D-04 -0.305731D-03  0.204306D-03  0.359594D-03  0.575639D-03
        6  -0.601401D-05 -0.409446D-03  0.259757D-03  0.480933D-03  0.747747D-03
        7   0.120928D-04 -0.531650D-03  0.335620D-03  0.611975D-03  0.972072D-03
        8  -0.855702D-05  0.198513D-03 -0.131592D-03 -0.233715D-03 -0.369556D-03
        9  -0.247716D-03 -0.128731D-03  0.154337D-03  0.219588D-03  0.311949D-03
       10   0.112112D-04 -0.893463D-04  0.367160D-04  0.102907D-03  0.159583D-03
       11   0.185730D-04 -0.768401D-04  0.465034D-04  0.583829D-04  0.140480D-03
       12   0.187214D-05  0.333542D-04 -0.198538D-04 -0.380872D-04 -0.808314D-04
       13  -0.357233D-06  0.924678D-04 -0.563772D-04 -0.103823D-03 -0.166591D-03
       14  -0.109638D-04  0.121828D-03 -0.713985D-04 -0.138037D-03 -0.215915D-03


           ESTIMATED COVARIANCE MATRIX FOR PARAMETER ESTIMATES
                     6             7             8             9            10
              ________      ________      ________      ________      ________
        6   0.100963D-02
        7   0.128496D-02  0.168089D-02
        8  -0.486006D-03 -0.629369D-03  0.299068D-03
        9   0.387658D-03  0.481831D-03 -0.210300D-03  0.785775D-03
       10   0.215139D-03  0.278937D-03 -0.119450D-03  0.888764D-04  0.190831D-03
       11   0.179541D-03  0.239135D-03 -0.115302D-03  0.676725D-04  0.423358D-04
       12  -0.793349D-04 -0.109163D-03  0.273861D-04 -0.433720D-04 -0.233959D-04
       13  -0.258981D-03 -0.285810D-03  0.896692D-04 -0.884188D-04 -0.429802D-04
       14  -0.291088D-03 -0.419841D-03  0.124402D-03 -0.921856D-04 -0.686919D-04


           ESTIMATED COVARIANCE MATRIX FOR PARAMETER ESTIMATES
                    11            12            13            14
              ________      ________      ________      ________
       11   0.261800D-03
       12  -0.117428D-04  0.159478D-03
       13  -0.494157D-04  0.205668D-04  0.328796D-03
       14  -0.453495D-04  0.299231D-04  0.671463D-04  0.426405D-03


           ESTIMATED CORRELATION MATRIX FOR PARAMETER ESTIMATES
                     1             2             3             4             5
              ________      ________      ________      ________      ________
        1       1.000
        2      -0.140         1.000
        3      -0.379        -0.804         1.000
        4      -0.150        -0.933         0.892         1.000
        5      -0.059        -0.970         0.900         0.960         1.000
        6      -0.011        -0.981         0.864         0.970         0.981
        7       0.017        -0.987         0.865         0.956         0.988
        8      -0.028         0.874        -0.804        -0.866        -0.891
        9      -0.497        -0.350         0.582         0.502         0.464
       10       0.046        -0.492         0.281         0.477         0.481
       11       0.065        -0.361         0.304         0.231         0.362
       12       0.008         0.201        -0.166        -0.193        -0.267
       13      -0.001         0.388        -0.329        -0.367        -0.383
       14      -0.030         0.449        -0.365        -0.428        -0.436


           ESTIMATED CORRELATION MATRIX FOR PARAMETER ESTIMATES
                     6             7             8             9            10
              ________      ________      ________      ________      ________
        6       1.000
        7       0.986         1.000
        8      -0.884        -0.888         1.000
        9       0.435         0.419        -0.434         1.000
       10       0.490         0.493        -0.500         0.230         1.000
       11       0.349         0.360        -0.412         0.149         0.189
       12      -0.198        -0.211         0.125        -0.123        -0.134
       13      -0.449        -0.384         0.286        -0.174        -0.172
       14      -0.444        -0.496         0.348        -0.159        -0.241


           ESTIMATED CORRELATION MATRIX FOR PARAMETER ESTIMATES
                    11            12            13            14
              ________      ________      ________      ________
       11       1.000
       12      -0.057         1.000
       13      -0.168         0.090         1.000
       14      -0.136         0.115         0.179         1.000


     Beginning Time:  10:33:27
        Ending Time:  10:38:57
       Elapsed Time:  00:05:30



MUTHEN & MUTHEN
3463 Stoner Ave.
Los Angeles, CA  90066

Tel: (310) 391-9971
Fax: (310) 391-8971
Web: www.StatModel.com
Support: Support@StatModel.com

Copyright (c) 1998-2015 Muthen & Muthen
