Mplus VERSION 7.4 (Mac)
MUTHEN & MUTHEN
10/13/2017   6:51 PM

INPUT INSTRUCTIONS

  TITLE:
  9 - Predetermined ALT, no-time-correlations
  DATA:
  File = wide-dataset-b.dat;
  VARIABLE:
  NAMES are
   id hhid male birthyr_rand birthmo_rand race_rand hispanic_rand cohort
      raedyrs raedegrm memoryproblems_baseline memory_disease_ever age_baseline
      age_baseline_65 health_conditions_baseline healthcond_mean activity_mean_2004
      activity_mean_2006 activity_mean_2008 activity_mean_2010 activity_mean_2012
      activity_mean_2014 activity_sum_2004 activity_sum_2006 activity_sum_2008
      activity_sum_2010 activity_sum_2012 activity_sum_2014 close_social_network_2004
      close_social_network_2006 close_social_network_2008 close_social_network_2010
      close_social_network_2012 close_social_network_2014 countb20r_2004
      countb20r_2006 countb20r_2008 countb20r_2010 countb20r_2012 countb20r_2014
      crp_adj_2004 crp_adj_2006 crp_adj_2008 crp_adj_2010 crp_adj_2012 crp_adj_2014
      dep_total_2004 dep_total_2006 dep_total_2008 dep_total_2010 dep_total_2012
      dep_total_2014 exercise_2004 exercise_2006 exercise_2008 exercise_2010
      exercise_2012 exercise_2014 healthcond_2004 healthcond_2006 healthcond_2008
      healthcond_2010 healthcond_2012 healthcond_2014 hhres_2004 hhres_2006
      hhres_2008 hhres_2010 hhres_2012 hhres_2014 hrs_tscore_2004 hrs_tscore_2006
      hrs_tscore_2008 hrs_tscore_2010 hrs_tscore_2012 hrs_tscore_2014 intage_r_2004
      intage_r_2006 intage_r_2008 intage_r_2010 intage_r_2012 intage_r_2014
      interview_date_2004 interview_date_2006 interview_date_2008 interview_date_2010
      interview_date_2012 interview_date_2014 lb_65_wave_2004 lb_65_wave_2006
      lb_65_wave_2008 lb_65_wave_2010 lb_65_wave_2012 lb_65_wave_2014 lb_wave_2004
      lb_wave_2006 lb_wave_2008 lb_wave_2010 lb_wave_2012 lb_wave_2014 listassi_2004
      listassi_2006 listassi_2008 listassi_2010 listassi_2012 listassi_2014
      mentalstatus_tot_2004 mentalstatus_tot_2006 mentalstatus_tot_2008
      mentalstatus_tot_2010 mentalstatus_tot_2012 mentalstatus_tot_2014 proxy_2004
      proxy_2006 proxy_2008 proxy_2010 proxy_2012 proxy_2014 responded_2004
      responded_2006 responded_2008 responded_2010 responded_2012 responded_2014
      rmaritalst_2004 rmaritalst_2006 rmaritalst_2008 rmaritalst_2010 rmaritalst_2012
      rmaritalst_2014 rpartst_2004 rpartst_2006 rpartst_2008 rpartst_2010
      rpartst_2012 rpartst_2014 score_loneliness_11_2004 score_loneliness_11_2006
      score_loneliness_11_2008 score_loneliness_11_2010 score_loneliness_11_2012
      score_loneliness_11_2014 score_loneliness_3_2004 score_loneliness_3_2006
      score_loneliness_3_2008 score_loneliness_3_2010 score_loneliness_3_2012
      score_loneliness_3_2014 shhidpnr_2004 shhidpnr_2006 shhidpnr_2008 shhidpnr_2010
      shhidpnr_2012 shhidpnr_2014 snchild_2004 snchild_2006 snchild_2008 snchild_2010
      snchild_2012 snchild_2014 snfamily_2004 snfamily_2006 snfamily_2008
      snfamily_2010 snfamily_2012 snfamily_2014 snfriends_2004 snfriends_2006
      snfriends_2008 snfriends_2010 snfriends_2012 snfriends_2014 snspouse_2004
      snspouse_2006 snspouse_2008 snspouse_2010 snspouse_2012 snspouse_2014
      social_contact_total_2004 social_contact_total_2006 social_contact_total_2008
      social_contact_total_2010 social_contact_total_2012 social_contact_total_2014
      social_strain_mean_2004 social_strain_mean_2006 social_strain_mean_2008
      social_strain_mean_2010 social_strain_mean_2012 social_strain_mean_2014
      social_support_mean_2004 social_support_mean_2006 social_support_mean_2008
      social_support_mean_2010 social_support_mean_2012 social_support_mean_2014
      socialnetwork_total_2004 socialnetwork_total_2006 socialnetwork_total_2008
      socialnetwork_total_2010 socialnetwork_total_2012 socialnetwork_total_2014
      srmemory_2004 srmemory_2006 srmemory_2008 srmemory_2010 srmemory_2012
      srmemory_2014 srmemoryp_2004 srmemoryp_2006 srmemoryp_2008 srmemoryp_2010
      srmemoryp_2012 srmemoryp_2014 vocab_total_2004 vocab_total_2006 vocab_total_2008
      vocab_total_2010 vocab_total_2012 vocab_total_2014 wrectotd_2004 wrectotd_2006
      wrectotd_2008 wrectotd_2010 wrectotd_2012 wrectotd_2014 wrectoti_2004
      wrectoti_2006 wrectoti_2008 wrectoti_2010 wrectoti_2012 wrectoti_2014
  	;
  Missing are all(9999);
  USEVARIABLES are
  	!define the variables used in the analysis
  	!estimated time points
  a_01
  a_02
  a_03
  a_04
  a_05
  a_06
  	!modelled time points of process (B)
  b_01
  b_02
  b_03
  b_04
  b_05
  b_06
  	! covariates used in the model
  	;
  SUBPOPULATION are
  	!select a subset of observations
  age_baseline > 64 AND
  memory_disease_ever EQ 0
  ;
  CLUSTER = hhid;
  DEFINE:
    ! centre baseline age
  a = age_baseline - 69;
  	! assign variables to the process (A)
  a_01=mentalstatus_tot_2004;
  a_02=mentalstatus_tot_2006;
  a_03=mentalstatus_tot_2008;
  a_04=mentalstatus_tot_2010;
  a_05=mentalstatus_tot_2012;
  a_06=mentalstatus_tot_2014;
  	! assign variables to the process (B)
  b_01=socialnetwork_total_2004;
  b_02=socialnetwork_total_2006;
  b_03=socialnetwork_total_2008;
  b_04=socialnetwork_total_2010;
  b_05=socialnetwork_total_2012;
  b_06=socialnetwork_total_2014;
  ANALYSIS:
  TYPE = COMPLEX RANDOM;
  model=nocovariances;
  COVERAGE=.00;
  H1ITERATIONS = 10000;
  MODEL:
  	!LGM part
  	! assign process (A) to time points
  ia BY a_02@1 a_03@1 a_04@1 a_05@1 a_06@1;
  sa BY a_02@0 a_03@2 a_04@4 a_05@6 a_06@8;
  	! assign process (B) to time points
  ib BY b_02@1 b_03@1 b_04@1 b_05@1 b_06@1;
  sb BY b_02@0 b_03@2 b_04@ b_05@6 b_06@8;
  	!correlations between the first measurement points
  	!autoregressive part
  a_01 a_02 a_03 a_04 a_05 a_06;
  a_02 ON a_01;
  a_03 ON a_02;
  a_04 ON a_03;
  a_05 ON a_04;
  a_06 ON a_05;
  b_01 b_02 b_03 b_04 b_05 b_06;
  b_02 ON b_01;
  b_03 ON b_02;
  b_04 ON b_03;
  b_05 ON b_04;
  b_06 ON b_05;
  	!Cross lagged part
  a_02 ON b_01;
  a_03 ON b_02;
  a_04 ON b_03;
  a_05 ON b_04;
  a_06 ON b_05;
  b_02 ON a_01;
  b_03 ON a_02;
  b_04 ON a_03;
  b_05 ON a_04;
  b_06 ON a_05;
  ia;
  sa;
  ib;
  sb;
  ia with sa;
  ib with sb;
  ia with a_01;
  sa with a_01;
  ib with b_01;
  sb with b_01;
  ia with ib;
  sa with sb;
  ! Time specific correlations
  [a_02@0 a_03@0 a_04@0 a_05@0 a_06@0];
  [b_02@0 b_03@0 b_04@0 b_05@0 b_06@0];
  [ia];
  [ib];
  [sa];
  [sb];
  [a_01];
  [b_01];
  	
  OUTPUT: SAMPSTAT MODINDICES (3.0); TECH1; TECH4;



*** WARNING in OUTPUT command
  TECH4 option for TYPE=RANDOM requires ALGORITHM=INTEGRATION.
  Request for TECH4 is ignored.
   1 WARNING(S) FOUND IN THE INPUT INSTRUCTIONS




9 - Predetermined ALT, no-time-correlations

SUMMARY OF ANALYSIS

Number of groups                                                 1
Number of observations                                        5952

Number of dependent variables                                   10
Number of independent variables                                  2
Number of continuous latent variables                            4

Observed dependent variables

  Continuous
   A_02        A_03        A_04        A_05        A_06        B_02
   B_03        B_04        B_05        B_06

Observed independent variables
   A_01        B_01

Continuous latent variables
   IA          SA          IB          SB

Variables with special functions

  Cluster variable      HHID

Estimator                                                      MLR
Information matrix                                        OBSERVED
Maximum number of iterations                                   100
Convergence criterion                                    0.100D-05
Maximum number of EM iterations                                500
Convergence criteria for the EM algorithm
  Loglikelihood change                                   0.100D-02
  Relative loglikelihood change                          0.100D-05
  Derivative                                             0.100D-03
Minimum variance                                         0.100D-03
Maximum number of steepest descent iterations                   20
Maximum number of iterations for H1                          10000
Convergence criterion for H1                             0.100D-03
Optimization algorithm                                         EMA

Input data file(s)
  wide-dataset-b.dat
Input data format  FREE


SUMMARY OF DATA

     Number of missing data patterns           259
     Number of clusters        4882



SAMPLE STATISTICS


     ESTIMATED SAMPLE STATISTICS


           Means
              A_02          A_03          A_04          A_05          A_06
              ________      ________      ________      ________      ________
 1              8.507         8.438         8.051         8.027         7.860


           Means
              B_02          B_03          B_04          B_05          B_06
              ________      ________      ________      ________      ________
 1              3.401         3.309         3.228         3.089         2.977


           Means
              A_01          B_01
              ________      ________
 1              8.517         3.385


           Covariances
              A_02          A_03          A_04          A_05          A_06
              ________      ________      ________      ________      ________
 A_02           0.660
 A_03           0.352         0.790
 A_04           0.385         0.457         1.239
 A_05           0.399         0.495         0.784         1.442
 A_06           0.428         0.522         0.844         1.063         1.942
 B_02           0.049         0.084         0.103         0.111         0.132
 B_03           0.057         0.072         0.110         0.126         0.126
 B_04           0.054         0.069         0.104         0.123         0.117
 B_05           0.085         0.096         0.120         0.176         0.196
 B_06           0.078         0.114         0.145         0.168         0.187
 A_01           0.329         0.343         0.366         0.393         0.399
 B_01           0.049         0.073         0.104         0.119         0.150


           Covariances
              B_02          B_03          B_04          B_05          B_06
              ________      ________      ________      ________      ________
 B_02           0.521
 B_03           0.257         0.590
 B_04           0.363         0.084         0.634
 B_05           0.287         0.368         0.295         0.710
 B_06           0.308         0.342         0.376         0.558         0.759
 A_01           0.050         0.061         0.040         0.080         0.091
 B_01           0.365         0.336         0.319         0.323         0.295


           Covariances
              A_01          B_01
              ________      ________
 A_01           0.632
 B_01           0.043         0.587


           Correlations
              A_02          A_03          A_04          A_05          A_06
              ________      ________      ________      ________      ________
 A_02           1.000
 A_03           0.487         1.000
 A_04           0.425         0.462         1.000
 A_05           0.410         0.464         0.586         1.000
 A_06           0.378         0.421         0.544         0.635         1.000
 B_02           0.083         0.131         0.128         0.128         0.131
 B_03           0.091         0.105         0.129         0.136         0.118
 B_04           0.084         0.097         0.117         0.128         0.106
 B_05           0.125         0.129         0.128         0.174         0.167
 B_06           0.111         0.148         0.150         0.160         0.154
 A_01           0.510         0.486         0.414         0.411         0.360
 B_01           0.079         0.107         0.121         0.129         0.140


           Correlations
              B_02          B_03          B_04          B_05          B_06
              ________      ________      ________      ________      ________
 B_02           1.000
 B_03           0.463         1.000
 B_04           0.631         0.137         1.000
 B_05           0.472         0.569         0.439         1.000
 B_06           0.490         0.511         0.542         0.761         1.000
 A_01           0.087         0.101         0.064         0.119         0.131
 B_01           0.660         0.571         0.522         0.501         0.441


           Correlations
              A_01          B_01
              ________      ________
 A_01           1.000
 B_01           0.071         1.000


     MAXIMUM LOG-LIKELIHOOD VALUE FOR THE UNRESTRICTED (H1) MODEL IS -54290.131


UNIVARIATE SAMPLE STATISTICS


     UNIVARIATE HIGHER-ORDER MOMENT DESCRIPTIVE STATISTICS

         Variable/         Mean/     Skewness/   Minimum/ % with                Percentiles
        Sample Size      Variance    Kurtosis    Maximum  Min/Max      20%/60%    40%/80%    Median

     A_02                  8.511      -2.361       1.000    0.02%       8.000      9.000      9.000
            5688.000       0.654       8.721       9.000   64.64%       9.000      9.000
     A_03                  8.443      -2.238       1.000    0.02%       8.000      9.000      9.000
            5784.000       0.783       7.416       9.000   61.91%       9.000      9.000
     A_04                  8.065      -1.739       0.000    0.02%       7.000      8.000      8.000
            5680.000       1.209       4.575       9.000   41.95%       9.000      9.000
     A_05                  8.085      -1.899       0.000    0.04%       7.000      8.000      8.000
            5132.000       1.350       5.356       9.000   45.93%       9.000      9.000
     A_06                  7.967      -2.016       0.000    0.07%       7.000      8.000      8.000
            4423.000       1.750       5.505       9.000   43.55%       9.000      9.000
     B_02                  3.405      -1.091       0.000    0.07%       3.000      3.000      4.000
            2799.000       0.521       0.900       4.000   52.66%       4.000      4.000
     B_03                  3.308      -0.980       0.000    0.26%       3.000      3.000      3.000
            2744.000       0.587       0.764       4.000   46.79%       4.000      4.000
     B_04                  3.253      -0.935       0.000    0.23%       3.000      3.000      3.000
            2655.000       0.624       0.629       4.000   43.58%       4.000      4.000
     B_05                  3.123      -0.839       0.000    0.40%       3.000      3.000      3.000
            2235.000       0.700       0.465       4.000   36.38%       3.000      4.000
     B_06                  3.038      -0.783       0.000    0.79%       2.000      3.000      3.000
            2036.000       0.732       0.509       4.000   31.93%       3.000      4.000
     A_01                  8.527      -2.114       2.000    0.02%       8.000      9.000      9.000
            5486.000       0.624       5.952       9.000   66.11%       9.000      9.000
     B_01                  3.445      -1.333       0.000    0.10%       3.000      3.000      4.000
            1052.000       0.578       1.365       4.000   58.27%       4.000      4.000


THE MODEL ESTIMATION TERMINATED NORMALLY

     WARNING:  THE LATENT VARIABLE COVARIANCE MATRIX (PSI) IS NOT POSITIVE
     DEFINITE.  THIS COULD INDICATE A NEGATIVE VARIANCE/RESIDUAL VARIANCE FOR A
     LATENT VARIABLE, A CORRELATION GREATER OR EQUAL TO ONE BETWEEN TWO LATENT
     VARIABLES, OR A LINEAR DEPENDENCY AMONG MORE THAN TWO LATENT VARIABLES.
     CHECK THE TECH4 OUTPUT FOR MORE INFORMATION.



MODEL FIT INFORMATION

Number of Free Parameters                       50

Loglikelihood

          H0 Value                      -54347.806
          H0 Scaling Correction Factor      1.7157
            for MLR
          H1 Value                      -54290.131
          H1 Scaling Correction Factor      1.4910
            for MLR

Information Criteria

          Akaike (AIC)                  108795.611
          Bayesian (BIC)                109130.185
          Sample-Size Adjusted BIC      108971.299
            (n* = (n + 2) / 24)

Chi-Square Test of Model Fit

          Value                             95.323*
          Degrees of Freedom                    40
          P-Value                           0.0000
          Scaling Correction Factor         1.2101
            for MLR

*   The chi-square value for MLM, MLMV, MLR, ULSMV, WLSM and WLSMV cannot be used
    for chi-square difference testing in the regular way.  MLM, MLR and WLSM
    chi-square difference testing is described on the Mplus website.  MLMV, WLSMV,
    and ULSMV difference testing is done using the DIFFTEST option.

RMSEA (Root Mean Square Error Of Approximation)

          Estimate                           0.015

CFI/TLI

          CFI                                0.994
          TLI                                0.991

Chi-Square Test of Model Fit for the Baseline Model

          Value                          10045.296
          Degrees of Freedom                    66
          P-Value                           0.0000

SRMR (Standardized Root Mean Square Residual)

          Value                              0.095



MODEL RESULTS

                                                    Two-Tailed
                    Estimate       S.E.  Est./S.E.    P-Value

 IA       BY
    A_02               1.000      0.000    999.000    999.000
    A_03               1.000      0.000    999.000    999.000
    A_04               1.000      0.000    999.000    999.000
    A_05               1.000      0.000    999.000    999.000
    A_06               1.000      0.000    999.000    999.000

 SA       BY
    A_02               0.000      0.000    999.000    999.000
    A_03               2.000      0.000    999.000    999.000
    A_04               4.000      0.000    999.000    999.000
    A_05               6.000      0.000    999.000    999.000
    A_06               8.000      0.000    999.000    999.000

 IB       BY
    B_02               1.000      0.000    999.000    999.000
    B_03               1.000      0.000    999.000    999.000
    B_04               1.000      0.000    999.000    999.000
    B_05               1.000      0.000    999.000    999.000
    B_06               1.000      0.000    999.000    999.000

 SB       BY
    B_02               0.000      0.000    999.000    999.000
    B_03               2.000      0.000    999.000    999.000
    B_04               1.000      0.000    999.000    999.000
    B_05               6.000      0.000    999.000    999.000
    B_06               8.000      0.000    999.000    999.000

 A_02       ON
    A_01              -0.014      0.033     -0.422      0.673
    B_01               0.033      0.020      1.639      0.101

 A_03       ON
    A_02               0.028      0.024      1.171      0.241
    B_02               0.093      0.020      4.683      0.000

 A_04       ON
    A_03               0.049      0.020      2.409      0.016
    B_03               0.118      0.022      5.318      0.000

 A_05       ON
    A_04               0.125      0.031      3.980      0.000
    B_04               0.126      0.025      5.061      0.000

 A_06       ON
    A_05               0.173      0.047      3.675      0.000
    B_05               0.156      0.035      4.485      0.000

 B_02       ON
    B_01               0.523      0.115      4.540      0.000
    A_01               0.096      0.013      7.312      0.000

 B_03       ON
    B_02               0.815      0.147      5.563      0.000
    A_02               0.028      0.026      1.068      0.285

 B_04       ON
    B_03               0.812      0.139      5.855      0.000
    A_03              -0.001      0.016     -0.066      0.947

 B_05       ON
    B_04               1.130      0.155      7.307      0.000
    A_04               0.022      0.020      1.101      0.271

 B_06       ON
    B_05               1.303      0.222      5.860      0.000
    A_05               0.025      0.030      0.835      0.404

 IA       WITH
    SA                 0.000      0.005      0.090      0.928
    A_01               0.336      0.027     12.351      0.000
    IB                 0.001      0.004      0.312      0.755

 IB       WITH
    SB                -0.010      0.010     -0.948      0.343
    B_01               0.065      0.063      1.043      0.297

 SA       WITH
    A_01              -0.001      0.005     -0.129      0.897
    SB                 0.000      0.000      0.063      0.949

 SB       WITH
    B_01              -0.020      0.012     -1.609      0.108

 Means
    A_01               8.517      0.011    763.030      0.000
    B_01               3.395      0.021    160.589      0.000
    IA                 8.514      0.295     28.894      0.000
    SA                -0.316      0.070     -4.537      0.000
    IB                 0.811      0.411      1.971      0.049
    SB                -0.258      0.090     -2.849      0.004

 Intercepts
    A_02               0.000      0.000    999.000    999.000
    A_03               0.000      0.000    999.000    999.000
    A_04               0.000      0.000    999.000    999.000
    A_05               0.000      0.000    999.000    999.000
    A_06               0.000      0.000    999.000    999.000
    B_02               0.000      0.000    999.000    999.000
    B_03               0.000      0.000    999.000    999.000
    B_04               0.000      0.000    999.000    999.000
    B_05               0.000      0.000    999.000    999.000
    B_06               0.000      0.000    999.000    999.000

 Variances
    A_01               0.632      0.024     25.876      0.000
    B_01               0.582      0.030     19.137      0.000
    IA                 0.339      0.041      8.309      0.000
    SA                 0.008      0.001      6.343      0.000
    IB                 0.003      0.057      0.046      0.963
    SB                -0.002      0.002     -1.231      0.218

 Residual Variances
    A_02               0.324      0.022     14.879      0.000
    A_03               0.416      0.017     25.102      0.000
    A_04               0.660      0.029     22.915      0.000
    A_05               0.609      0.037     16.445      0.000
    A_06               0.752      0.045     16.716      0.000
    B_02               0.289      0.049      5.881      0.000
    B_03               0.296      0.036      8.336      0.000
    B_04               0.280      0.055      5.137      0.000
    B_05               0.555      0.088      6.322      0.000
    B_06               1.255      0.433      2.897      0.004


QUALITY OF NUMERICAL RESULTS

     Condition Number for the Information Matrix              0.292E-06
       (ratio of smallest to largest eigenvalue)


MODEL MODIFICATION INDICES

NOTE:  Modification indices for direct effects of observed dependent variables
regressed on covariates may not be included.  To include these, request
MODINDICES (ALL).

Minimum M.I. value for printing the modification index     3.000

                                   M.I.     E.P.C.


ON/BY Statements

A_02     ON SA       /
SA       BY A_02                   6.666     0.790
A_03     ON SA       /
SA       BY A_03                  30.379    -1.151
A_04     ON SA       /
SA       BY A_04                  21.594     1.025
A_05     ON IA       /
IA       BY A_05                   6.585    -0.055
A_06     ON IA       /
IA       BY A_06                   7.613     0.098
A_06     ON SA       /
SA       BY A_06                   4.978    -0.780
A_06     ON IB       /
IB       BY A_06                   7.636     0.417
B_02     ON IA       /
IA       BY B_02                   4.537     0.095
B_02     ON SB       /
SB       BY B_02                   7.583    -3.206
B_04     ON SB       /
SB       BY B_04                   6.575     2.021
A_01     ON IA       /
IA       BY A_01                   7.509    33.636
A_01     ON SA       /
SA       BY A_01                   4.015   201.001
A_01     ON SB       /
SB       BY A_01                   3.632    -0.931
B_01     ON IA       /
IA       BY B_01                   4.000     0.086
B_01     ON SA       /
SA       BY B_01                   9.315     1.169
B_01     ON IB       /
IB       BY B_01                   4.340    24.859
IA       ON IB       /
IB       BY IA                     5.237     0.393
SA       ON IB       /
IB       BY SA                     9.606     0.148
SA       ON SB       /
SB       BY SA                     5.991    -0.343
IB       ON IA       /
IA       BY IB                     5.987     0.124
SB       ON IA       /
IA       BY SB                     3.417     0.014

ON Statements

IA       ON A_02                   9.944     0.176
IA       ON A_03                  24.531    -0.142
IA       ON A_04                   8.306     0.037
IA       ON B_02                   4.225     0.050
IA       ON B_05                   5.460     0.058
IA       ON B_06                   4.051     0.092
IA       ON B_01                   6.618     0.077
SA       ON A_02                  13.444     0.040
SA       ON A_03                  26.847    -0.025
SA       ON A_04                  29.616     0.019
SA       ON B_02                   7.310     0.013
SA       ON B_03                   3.842     0.010
SA       ON B_06                   8.300     0.025
SA       ON A_01                 999.000     0.000
SA       ON B_01                   9.646     0.017
IB       ON B_02                   7.880     0.319
IB       ON B_03                   4.154     0.390
IB       ON A_01                   6.098     0.067
SB       ON B_02                   7.030     0.049
SB       ON B_03                   8.182     0.059
SB       ON A_01                   5.801     0.010
A_02     ON A_04                   6.849     0.051
A_02     ON A_06                   8.913     0.050
A_03     ON A_03                   4.565    -0.088
A_03     ON A_04                   7.690    -0.036
A_03     ON A_05                   8.095    -0.040
A_03     ON A_06                  23.445    -0.055
A_04     ON A_04                  11.292     0.106
A_04     ON A_05                  14.754     0.055
A_04     ON A_06                  32.660     0.084
A_05     ON A_02                   4.945    -0.037
A_05     ON A_03                   6.404    -0.049
A_05     ON A_05                   8.851    -0.089
A_05     ON A_06                  10.324    -0.056
A_06     ON A_02                  12.074     0.108
A_06     ON A_04                  30.781     0.160
A_06     ON A_06                   5.653     0.211
A_06     ON B_02                   7.574     0.105
A_06     ON B_03                   4.169     0.078
A_06     ON B_06                   4.265     0.122
A_06     ON A_01                   3.299     0.050
A_06     ON B_01                   9.338     0.130
B_02     ON A_05                   3.814     0.029
B_02     ON B_06                   5.902     0.376
B_04     ON A_06                  10.367    -0.046
B_05     ON A_05                   3.974     0.042
B_05     ON B_02                   5.090     0.272
B_05     ON B_03                   4.874     0.292
B_06     ON B_03                   5.529     1.116
B_01     ON A_04                   5.727     0.052
B_01     ON A_05                   7.839     0.053
B_01     ON A_06                   9.294     0.050
B_01     ON B_04                   5.602     0.617
B_01     ON B_05                   3.805     0.189

WITH Statements

A_02     WITH IA                   9.065     0.055
A_02     WITH SA                  11.837     0.012
A_03     WITH IA                  27.184    -0.062
A_03     WITH SA                  30.123    -0.011
A_04     WITH IA                   8.226     0.024
A_04     WITH SA                  28.925     0.012
A_04     WITH A_03                 3.740    -0.023
A_05     WITH A_04                 8.223     0.048
A_06     WITH IB                   3.469    -0.013
A_06     WITH A_03                10.111    -0.042
A_06     WITH A_04                22.029     0.108
A_06     WITH A_05                14.230    -0.134
B_02     WITH IB                   3.358     0.061
B_02     WITH SB                   4.660     0.015
B_04     WITH SA                   3.488    -0.004
B_04     WITH SB                   8.240    -0.019
B_04     WITH A_03                 3.064     0.020
B_04     WITH A_06                 8.568    -0.048
B_04     WITH B_02                11.051     0.281
B_05     WITH A_04                 3.401    -0.053
B_05     WITH B_04                 6.208    -0.123
B_06     WITH A_02                 3.323    -0.031
A_01     WITH IB                   6.037     0.042
A_01     WITH SB                   4.243     0.003
A_01     WITH B_02                 4.484    -0.028
B_01     WITH IA                   4.687     0.036
B_01     WITH SA                   9.436     0.009
B_01     WITH B_02                 3.641    -0.082

Means/Intercepts/Thresholds

[ A_03     ]                       5.598     0.416
[ A_05     ]                       5.211    -0.317
[ A_06     ]                       6.078     0.480
[ B_02     ]                       3.854     0.466
[ B_04     ]                       4.194    -0.389


TECHNICAL 1 OUTPUT


     PARAMETER SPECIFICATION


           NU
              A_02          A_03          A_04          A_05          A_06
              ________      ________      ________      ________      ________
 1                  0             0             0             0             0


           NU
              B_02          B_03          B_04          B_05          B_06
              ________      ________      ________      ________      ________
 1                  0             0             0             0             0


           NU
              A_01          B_01
              ________      ________
 1                  0             0


           LAMBDA
              IA            SA            IB            SB            A_02
              ________      ________      ________      ________      ________
 A_02               0             0             0             0             0
 A_03               0             0             0             0             0
 A_04               0             0             0             0             0
 A_05               0             0             0             0             0
 A_06               0             0             0             0             0
 B_02               0             0             0             0             0
 B_03               0             0             0             0             0
 B_04               0             0             0             0             0
 B_05               0             0             0             0             0
 B_06               0             0             0             0             0
 A_01               0             0             0             0             0
 B_01               0             0             0             0             0


           LAMBDA
              A_03          A_04          A_05          A_06          B_02
              ________      ________      ________      ________      ________
 A_02               0             0             0             0             0
 A_03               0             0             0             0             0
 A_04               0             0             0             0             0
 A_05               0             0             0             0             0
 A_06               0             0             0             0             0
 B_02               0             0             0             0             0
 B_03               0             0             0             0             0
 B_04               0             0             0             0             0
 B_05               0             0             0             0             0
 B_06               0             0             0             0             0
 A_01               0             0             0             0             0
 B_01               0             0             0             0             0


           LAMBDA
              B_03          B_04          B_05          B_06          A_01
              ________      ________      ________      ________      ________
 A_02               0             0             0             0             0
 A_03               0             0             0             0             0
 A_04               0             0             0             0             0
 A_05               0             0             0             0             0
 A_06               0             0             0             0             0
 B_02               0             0             0             0             0
 B_03               0             0             0             0             0
 B_04               0             0             0             0             0
 B_05               0             0             0             0             0
 B_06               0             0             0             0             0
 A_01               0             0             0             0             0
 B_01               0             0             0             0             0


           LAMBDA
              B_01
              ________
 A_02               0
 A_03               0
 A_04               0
 A_05               0
 A_06               0
 B_02               0
 B_03               0
 B_04               0
 B_05               0
 B_06               0
 A_01               0
 B_01               0


           THETA
              A_02          A_03          A_04          A_05          A_06
              ________      ________      ________      ________      ________
 A_02               0
 A_03               0             0
 A_04               0             0             0
 A_05               0             0             0             0
 A_06               0             0             0             0             0
 B_02               0             0             0             0             0
 B_03               0             0             0             0             0
 B_04               0             0             0             0             0
 B_05               0             0             0             0             0
 B_06               0             0             0             0             0
 A_01               0             0             0             0             0
 B_01               0             0             0             0             0


           THETA
              B_02          B_03          B_04          B_05          B_06
              ________      ________      ________      ________      ________
 B_02               0
 B_03               0             0
 B_04               0             0             0
 B_05               0             0             0             0
 B_06               0             0             0             0             0
 A_01               0             0             0             0             0
 B_01               0             0             0             0             0


           THETA
              A_01          B_01
              ________      ________
 A_01               0
 B_01               0             0


           ALPHA
              IA            SA            IB            SB            A_02
              ________      ________      ________      ________      ________
 1                  1             2             3             4             0


           ALPHA
              A_03          A_04          A_05          A_06          B_02
              ________      ________      ________      ________      ________
 1                  0             0             0             0             0


           ALPHA
              B_03          B_04          B_05          B_06          A_01
              ________      ________      ________      ________      ________
 1                  0             0             0             0             5


           ALPHA
              B_01
              ________
 1                  6


           BETA
              IA            SA            IB            SB            A_02
              ________      ________      ________      ________      ________
 IA                 0             0             0             0             0
 SA                 0             0             0             0             0
 IB                 0             0             0             0             0
 SB                 0             0             0             0             0
 A_02               0             0             0             0             0
 A_03               0             0             0             0             9
 A_04               0             0             0             0             0
 A_05               0             0             0             0             0
 A_06               0             0             0             0             0
 B_02               0             0             0             0             0
 B_03               0             0             0             0            19
 B_04               0             0             0             0             0
 B_05               0             0             0             0             0
 B_06               0             0             0             0             0
 A_01               0             0             0             0             0
 B_01               0             0             0             0             0


           BETA
              A_03          A_04          A_05          A_06          B_02
              ________      ________      ________      ________      ________
 IA                 0             0             0             0             0
 SA                 0             0             0             0             0
 IB                 0             0             0             0             0
 SB                 0             0             0             0             0
 A_02               0             0             0             0             0
 A_03               0             0             0             0            10
 A_04              11             0             0             0             0
 A_05               0            13             0             0             0
 A_06               0             0            15             0             0
 B_02               0             0             0             0             0
 B_03               0             0             0             0            20
 B_04              21             0             0             0             0
 B_05               0            23             0             0             0
 B_06               0             0            25             0             0
 A_01               0             0             0             0             0
 B_01               0             0             0             0             0


           BETA
              B_03          B_04          B_05          B_06          A_01
              ________      ________      ________      ________      ________
 IA                 0             0             0             0             0
 SA                 0             0             0             0             0
 IB                 0             0             0             0             0
 SB                 0             0             0             0             0
 A_02               0             0             0             0             7
 A_03               0             0             0             0             0
 A_04              12             0             0             0             0
 A_05               0            14             0             0             0
 A_06               0             0            16             0             0
 B_02               0             0             0             0            17
 B_03               0             0             0             0             0
 B_04              22             0             0             0             0
 B_05               0            24             0             0             0
 B_06               0             0            26             0             0
 A_01               0             0             0             0             0
 B_01               0             0             0             0             0


           BETA
              B_01
              ________
 IA                 0
 SA                 0
 IB                 0
 SB                 0
 A_02               8
 A_03               0
 A_04               0
 A_05               0
 A_06               0
 B_02              18
 B_03               0
 B_04               0
 B_05               0
 B_06               0
 A_01               0
 B_01               0


           PSI
              IA            SA            IB            SB            A_02
              ________      ________      ________      ________      ________
 IA                27
 SA                28            29
 IB                30             0            31
 SB                 0            32            33            34
 A_02               0             0             0             0            35
 A_03               0             0             0             0             0
 A_04               0             0             0             0             0
 A_05               0             0             0             0             0
 A_06               0             0             0             0             0
 B_02               0             0             0             0             0
 B_03               0             0             0             0             0
 B_04               0             0             0             0             0
 B_05               0             0             0             0             0
 B_06               0             0             0             0             0
 A_01              45            46             0             0             0
 B_01               0             0            48            49             0


           PSI
              A_03          A_04          A_05          A_06          B_02
              ________      ________      ________      ________      ________
 A_03              36
 A_04               0            37
 A_05               0             0            38
 A_06               0             0             0            39
 B_02               0             0             0             0            40
 B_03               0             0             0             0             0
 B_04               0             0             0             0             0
 B_05               0             0             0             0             0
 B_06               0             0             0             0             0
 A_01               0             0             0             0             0
 B_01               0             0             0             0             0


           PSI
              B_03          B_04          B_05          B_06          A_01
              ________      ________      ________      ________      ________
 B_03              41
 B_04               0            42
 B_05               0             0            43
 B_06               0             0             0            44
 A_01               0             0             0             0            47
 B_01               0             0             0             0             0


           PSI
              B_01
              ________
 B_01              50


     STARTING VALUES


           NU
              A_02          A_03          A_04          A_05          A_06
              ________      ________      ________      ________      ________
 1              0.000         0.000         0.000         0.000         0.000


           NU
              B_02          B_03          B_04          B_05          B_06
              ________      ________      ________      ________      ________
 1              0.000         0.000         0.000         0.000         0.000


           NU
              A_01          B_01
              ________      ________
 1              0.000         0.000


           LAMBDA
              IA            SA            IB            SB            A_02
              ________      ________      ________      ________      ________
 A_02           0.000         0.000         0.000         0.000         1.000
 A_03           0.000         0.000         0.000         0.000         0.000
 A_04           0.000         0.000         0.000         0.000         0.000
 A_05           0.000         0.000         0.000         0.000         0.000
 A_06           0.000         0.000         0.000         0.000         0.000
 B_02           0.000         0.000         0.000         0.000         0.000
 B_03           0.000         0.000         0.000         0.000         0.000
 B_04           0.000         0.000         0.000         0.000         0.000
 B_05           0.000         0.000         0.000         0.000         0.000
 B_06           0.000         0.000         0.000         0.000         0.000
 A_01           0.000         0.000         0.000         0.000         0.000
 B_01           0.000         0.000         0.000         0.000         0.000


           LAMBDA
              A_03          A_04          A_05          A_06          B_02
              ________      ________      ________      ________      ________
 A_02           0.000         0.000         0.000         0.000         0.000
 A_03           1.000         0.000         0.000         0.000         0.000
 A_04           0.000         1.000         0.000         0.000         0.000
 A_05           0.000         0.000         1.000         0.000         0.000
 A_06           0.000         0.000         0.000         1.000         0.000
 B_02           0.000         0.000         0.000         0.000         1.000
 B_03           0.000         0.000         0.000         0.000         0.000
 B_04           0.000         0.000         0.000         0.000         0.000
 B_05           0.000         0.000         0.000         0.000         0.000
 B_06           0.000         0.000         0.000         0.000         0.000
 A_01           0.000         0.000         0.000         0.000         0.000
 B_01           0.000         0.000         0.000         0.000         0.000


           LAMBDA
              B_03          B_04          B_05          B_06          A_01
              ________      ________      ________      ________      ________
 A_02           0.000         0.000         0.000         0.000         0.000
 A_03           0.000         0.000         0.000         0.000         0.000
 A_04           0.000         0.000         0.000         0.000         0.000
 A_05           0.000         0.000         0.000         0.000         0.000
 A_06           0.000         0.000         0.000         0.000         0.000
 B_02           0.000         0.000         0.000         0.000         0.000
 B_03           1.000         0.000         0.000         0.000         0.000
 B_04           0.000         1.000         0.000         0.000         0.000
 B_05           0.000         0.000         1.000         0.000         0.000
 B_06           0.000         0.000         0.000         1.000         0.000
 A_01           0.000         0.000         0.000         0.000         1.000
 B_01           0.000         0.000         0.000         0.000         0.000


           LAMBDA
              B_01
              ________
 A_02           0.000
 A_03           0.000
 A_04           0.000
 A_05           0.000
 A_06           0.000
 B_02           0.000
 B_03           0.000
 B_04           0.000
 B_05           0.000
 B_06           0.000
 A_01           0.000
 B_01           1.000


           THETA
              A_02          A_03          A_04          A_05          A_06
              ________      ________      ________      ________      ________
 A_02           0.000
 A_03           0.000         0.000
 A_04           0.000         0.000         0.000
 A_05           0.000         0.000         0.000         0.000
 A_06           0.000         0.000         0.000         0.000         0.000
 B_02           0.000         0.000         0.000         0.000         0.000
 B_03           0.000         0.000         0.000         0.000         0.000
 B_04           0.000         0.000         0.000         0.000         0.000
 B_05           0.000         0.000         0.000         0.000         0.000
 B_06           0.000         0.000         0.000         0.000         0.000
 A_01           0.000         0.000         0.000         0.000         0.000
 B_01           0.000         0.000         0.000         0.000         0.000


           THETA
              B_02          B_03          B_04          B_05          B_06
              ________      ________      ________      ________      ________
 B_02           0.000
 B_03           0.000         0.000
 B_04           0.000         0.000         0.000
 B_05           0.000         0.000         0.000         0.000
 B_06           0.000         0.000         0.000         0.000         0.000
 A_01           0.000         0.000         0.000         0.000         0.000
 B_01           0.000         0.000         0.000         0.000         0.000


           THETA
              A_01          B_01
              ________      ________
 A_01           0.000
 B_01           0.000         0.000


           ALPHA
              IA            SA            IB            SB            A_02
              ________      ________      ________      ________      ________
 1              0.000         0.000         0.000         0.000         0.000


           ALPHA
              A_03          A_04          A_05          A_06          B_02
              ________      ________      ________      ________      ________
 1              0.000         0.000         0.000         0.000         0.000


           ALPHA
              B_03          B_04          B_05          B_06          A_01
              ________      ________      ________      ________      ________
 1              0.000         0.000         0.000         0.000         0.000


           ALPHA
              B_01
              ________
 1              0.000


           BETA
              IA            SA            IB            SB            A_02
              ________      ________      ________      ________      ________
 IA             0.000         0.000         0.000         0.000         0.000
 SA             0.000         0.000         0.000         0.000         0.000
 IB             0.000         0.000         0.000         0.000         0.000
 SB             0.000         0.000         0.000         0.000         0.000
 A_02           1.000         0.000         0.000         0.000         0.000
 A_03           1.000         2.000         0.000         0.000         0.000
 A_04           1.000         4.000         0.000         0.000         0.000
 A_05           1.000         6.000         0.000         0.000         0.000
 A_06           1.000         8.000         0.000         0.000         0.000
 B_02           0.000         0.000         1.000         0.000         0.000
 B_03           0.000         0.000         1.000         2.000         0.000
 B_04           0.000         0.000         1.000         1.000         0.000
 B_05           0.000         0.000         1.000         6.000         0.000
 B_06           0.000         0.000         1.000         8.000         0.000
 A_01           0.000         0.000         0.000         0.000         0.000
 B_01           0.000         0.000         0.000         0.000         0.000


           BETA
              A_03          A_04          A_05          A_06          B_02
              ________      ________      ________      ________      ________
 IA             0.000         0.000         0.000         0.000         0.000
 SA             0.000         0.000         0.000         0.000         0.000
 IB             0.000         0.000         0.000         0.000         0.000
 SB             0.000         0.000         0.000         0.000         0.000
 A_02           0.000         0.000         0.000         0.000         0.000
 A_03           0.000         0.000         0.000         0.000         0.000
 A_04           0.000         0.000         0.000         0.000         0.000
 A_05           0.000         0.000         0.000         0.000         0.000
 A_06           0.000         0.000         0.000         0.000         0.000
 B_02           0.000         0.000         0.000         0.000         0.000
 B_03           0.000         0.000         0.000         0.000         0.000
 B_04           0.000         0.000         0.000         0.000         0.000
 B_05           0.000         0.000         0.000         0.000         0.000
 B_06           0.000         0.000         0.000         0.000         0.000
 A_01           0.000         0.000         0.000         0.000         0.000
 B_01           0.000         0.000         0.000         0.000         0.000


           BETA
              B_03          B_04          B_05          B_06          A_01
              ________      ________      ________      ________      ________
 IA             0.000         0.000         0.000         0.000         0.000
 SA             0.000         0.000         0.000         0.000         0.000
 IB             0.000         0.000         0.000         0.000         0.000
 SB             0.000         0.000         0.000         0.000         0.000
 A_02           0.000         0.000         0.000         0.000         0.000
 A_03           0.000         0.000         0.000         0.000         0.000
 A_04           0.000         0.000         0.000         0.000         0.000
 A_05           0.000         0.000         0.000         0.000         0.000
 A_06           0.000         0.000         0.000         0.000         0.000
 B_02           0.000         0.000         0.000         0.000         0.000
 B_03           0.000         0.000         0.000         0.000         0.000
 B_04           0.000         0.000         0.000         0.000         0.000
 B_05           0.000         0.000         0.000         0.000         0.000
 B_06           0.000         0.000         0.000         0.000         0.000
 A_01           0.000         0.000         0.000         0.000         0.000
 B_01           0.000         0.000         0.000         0.000         0.000


           BETA
              B_01
              ________
 IA             0.000
 SA             0.000
 IB             0.000
 SB             0.000
 A_02           0.000
 A_03           0.000
 A_04           0.000
 A_05           0.000
 A_06           0.000
 B_02           0.000
 B_03           0.000
 B_04           0.000
 B_05           0.000
 B_06           0.000
 A_01           0.000
 B_01           0.000


           PSI
              IA            SA            IB            SB            A_02
              ________      ________      ________      ________      ________
 IA             0.050
 SA             0.000         0.050
 IB             0.000         0.000         0.050
 SB             0.000         0.000         0.000         0.050
 A_02           0.000         0.000         0.000         0.000         0.327
 A_03           0.000         0.000         0.000         0.000         0.000
 A_04           0.000         0.000         0.000         0.000         0.000
 A_05           0.000         0.000         0.000         0.000         0.000
 A_06           0.000         0.000         0.000         0.000         0.000
 B_02           0.000         0.000         0.000         0.000         0.000
 B_03           0.000         0.000         0.000         0.000         0.000
 B_04           0.000         0.000         0.000         0.000         0.000
 B_05           0.000         0.000         0.000         0.000         0.000
 B_06           0.000         0.000         0.000         0.000         0.000
 A_01           0.000         0.000         0.000         0.000         0.000
 B_01           0.000         0.000         0.000         0.000         0.000


           PSI
              A_03          A_04          A_05          A_06          B_02
              ________      ________      ________      ________      ________
 A_03           0.391
 A_04           0.000         0.605
 A_05           0.000         0.000         0.675
 A_06           0.000         0.000         0.000         0.875
 B_02           0.000         0.000         0.000         0.000         0.261
 B_03           0.000         0.000         0.000         0.000         0.000
 B_04           0.000         0.000         0.000         0.000         0.000
 B_05           0.000         0.000         0.000         0.000         0.000
 B_06           0.000         0.000         0.000         0.000         0.000
 A_01           0.000         0.000         0.000         0.000         0.000
 B_01           0.000         0.000         0.000         0.000         0.000


           PSI
              B_03          B_04          B_05          B_06          A_01
              ________      ________      ________      ________      ________
 B_03           0.294
 B_04           0.000         0.312
 B_05           0.000         0.000         0.350
 B_06           0.000         0.000         0.000         0.366
 A_01           0.000         0.000         0.000         0.000         0.312
 B_01           0.000         0.000         0.000         0.000         0.000


           PSI
              B_01
              ________
 B_01           0.289


     Beginning Time:  18:51:51
        Ending Time:  18:59:46
       Elapsed Time:  00:07:55



MUTHEN & MUTHEN
3463 Stoner Ave.
Los Angeles, CA  90066

Tel: (310) 391-9971
Fax: (310) 391-8971
Web: www.StatModel.com
Support: Support@StatModel.com

Copyright (c) 1998-2015 Muthen & Muthen
