Mplus VERSION 7.4 (Mac)
MUTHEN & MUTHEN
01/14/2018   1:43 PM

INPUT INSTRUCTIONS

  TITLE:
  Autoregressive, univariate
  DATA:
  File = wide-dataset-b.dat ;
  VARIABLE:
  NAMES are
   id hhid male birthyr_rand birthmo_rand race_rand hispanic_rand cohort
      raedyrs raedegrm memoryproblems_baseline memory_disease_ever age_baseline
      age_baseline_65 health_conditions_baseline healthcond_mean activity_mean_2004
      activity_mean_2006 activity_mean_2008 activity_mean_2010 activity_mean_2012
      activity_mean_2014 activity_sum_2004 activity_sum_2006 activity_sum_2008
      activity_sum_2010 activity_sum_2012 activity_sum_2014 close_social_network_2004
      close_social_network_2006 close_social_network_2008 close_social_network_2010
      close_social_network_2012 close_social_network_2014 countb20r_2004
      countb20r_2006 countb20r_2008 countb20r_2010 countb20r_2012 countb20r_2014
      crp_adj_2004 crp_adj_2006 crp_adj_2008 crp_adj_2010 crp_adj_2012 crp_adj_2014
      dep_total_2004 dep_total_2006 dep_total_2008 dep_total_2010 dep_total_2012
      dep_total_2014 exercise_2004 exercise_2006 exercise_2008 exercise_2010
      exercise_2012 exercise_2014 healthcond_2004 healthcond_2006 healthcond_2008
      healthcond_2010 healthcond_2012 healthcond_2014 hhres_2004 hhres_2006
      hhres_2008 hhres_2010 hhres_2012 hhres_2014 hrs_tscore_2004 hrs_tscore_2006
      hrs_tscore_2008 hrs_tscore_2010 hrs_tscore_2012 hrs_tscore_2014 intage_r_2004
      intage_r_2006 intage_r_2008 intage_r_2010 intage_r_2012 intage_r_2014
      interview_date_2004 interview_date_2006 interview_date_2008 interview_date_2010
      interview_date_2012 interview_date_2014 lb_65_wave_2004 lb_65_wave_2006
      lb_65_wave_2008 lb_65_wave_2010 lb_65_wave_2012 lb_65_wave_2014 lb_wave_2004
      lb_wave_2006 lb_wave_2008 lb_wave_2010 lb_wave_2012 lb_wave_2014 listassi_2004
      listassi_2006 listassi_2008 listassi_2010 listassi_2012 listassi_2014
      mentalstatus_tot_2004 mentalstatus_tot_2006 mentalstatus_tot_2008
      mentalstatus_tot_2010 mentalstatus_tot_2012 mentalstatus_tot_2014 proxy_2004
      proxy_2006 proxy_2008 proxy_2010 proxy_2012 proxy_2014 responded_2004
      responded_2006 responded_2008 responded_2010 responded_2012 responded_2014
      rmaritalst_2004 rmaritalst_2006 rmaritalst_2008 rmaritalst_2010 rmaritalst_2012
      rmaritalst_2014 rpartst_2004 rpartst_2006 rpartst_2008 rpartst_2010
      rpartst_2012 rpartst_2014 score_loneliness_11_2004 score_loneliness_11_2006
      score_loneliness_11_2008 score_loneliness_11_2010 score_loneliness_11_2012
      score_loneliness_11_2014 score_loneliness_3_2004 score_loneliness_3_2006
      score_loneliness_3_2008 score_loneliness_3_2010 score_loneliness_3_2012
      score_loneliness_3_2014 shhidpnr_2004 shhidpnr_2006 shhidpnr_2008 shhidpnr_2010
      shhidpnr_2012 shhidpnr_2014 snchild_2004 snchild_2006 snchild_2008 snchild_2010
      snchild_2012 snchild_2014 snfamily_2004 snfamily_2006 snfamily_2008
      snfamily_2010 snfamily_2012 snfamily_2014 snfriends_2004 snfriends_2006
      snfriends_2008 snfriends_2010 snfriends_2012 snfriends_2014 snspouse_2004
      snspouse_2006 snspouse_2008 snspouse_2010 snspouse_2012 snspouse_2014
      social_contact_total_2004 social_contact_total_2006 social_contact_total_2008
      social_contact_total_2010 social_contact_total_2012 social_contact_total_2014
      social_strain_mean_2004 social_strain_mean_2006 social_strain_mean_2008
      social_strain_mean_2010 social_strain_mean_2012 social_strain_mean_2014
      social_support_mean_2004 social_support_mean_2006 social_support_mean_2008
      social_support_mean_2010 social_support_mean_2012 social_support_mean_2014
      socialnetwork_total_2004 socialnetwork_total_2006 socialnetwork_total_2008
      socialnetwork_total_2010 socialnetwork_total_2012 socialnetwork_total_2014
      srmemory_2004 srmemory_2006 srmemory_2008 srmemory_2010 srmemory_2012
      srmemory_2014 srmemoryp_2004 srmemoryp_2006 srmemoryp_2008 srmemoryp_2010
      srmemoryp_2012 srmemoryp_2014 vocab_total_2004 vocab_total_2006 vocab_total_2008
      vocab_total_2010 vocab_total_2012 vocab_total_2014 wrectotd_2004 wrectotd_2006
      wrectotd_2008 wrectotd_2010 wrectotd_2012 wrectotd_2014 wrectoti_2004
      wrectoti_2006 wrectoti_2008 wrectoti_2010 wrectoti_2012 wrectoti_2014
  	;
  Missing are all(9999);
  USEVARIABLES are
  	!define the variables used in the analysis
  	!estimated time points
  a_01
  a_02
  a_03
  a_04
  a_05
  a_06
  	! covariates used in the model
   	;
  SUBPOPULATION are
  	!select a subset of observations
  age_baseline > 64 AND
  memory_disease_ever EQ 0
  ;
  CLUSTER = hhid;
  DEFINE:
    ! centre baseline age
  a = age_baseline - 69;
  	! assign variables to the process (A)
  a_01=social_support_mean_2004;
  a_02=social_support_mean_2006;
  a_03=social_support_mean_2008;
  a_04=social_support_mean_2010;
  a_05=social_support_mean_2012;
  a_06=social_support_mean_2014;
  ANALYSIS:
  TYPE = COMPLEX RANDOM;
  COVERAGE=.00;
  H1ITERATIONS = 10000;
  MODEL:
  	!autoregressive part
  a_01;
  a_02 ON a_01;
  a_03 ON a_02;
  a_04 ON a_03;
  a_05 ON a_04;
  a_06 ON a_05;
  	
  OUTPUT: SAMPSTAT MODINDICES (3.0); TECH1 TECH2 TECH3;;



INPUT READING TERMINATED NORMALLY




Autoregressive, univariate

SUMMARY OF ANALYSIS

Number of groups                                                 1
Number of observations                                        5952

Number of dependent variables                                    5
Number of independent variables                                  1
Number of continuous latent variables                            0

Observed dependent variables

  Continuous
   A_02        A_03        A_04        A_05        A_06

Observed independent variables
   A_01

Variables with special functions

  Cluster variable      HHID

Estimator                                                      MLR
Information matrix                                        OBSERVED
Maximum number of iterations                                   100
Convergence criterion                                    0.100D-05
Maximum number of EM iterations                                500
Convergence criteria for the EM algorithm
  Loglikelihood change                                   0.100D-02
  Relative loglikelihood change                          0.100D-05
  Derivative                                             0.100D-03
Minimum variance                                         0.100D-03
Maximum number of steepest descent iterations                   20
Maximum number of iterations for H1                          10000
Convergence criterion for H1                             0.100D-03
Optimization algorithm                                         EMA

Input data file(s)
  wide-dataset-b.dat
Input data format  FREE


SUMMARY OF DATA

     Number of missing data patterns            28
     Number of clusters        4882



SAMPLE STATISTICS


     ESTIMATED SAMPLE STATISTICS


           Means
              A_02          A_03          A_04          A_05          A_06
              ________      ________      ________      ________      ________
 1              9.575         9.557         9.581         9.608         9.567


           Means
              A_01
              ________
 1              9.781


           Covariances
              A_02          A_03          A_04          A_05          A_06
              ________      ________      ________      ________      ________
 A_02           2.326
 A_03           0.545         2.546
 A_04           1.398         0.702         2.457
 A_05           0.523         1.550         0.756         2.558
 A_06           1.371         0.290         1.485         0.330         2.638
 A_01           1.577         1.443         1.429         1.065         1.395


           Covariances
              A_01
              ________
 A_01           2.357


           Correlations
              A_02          A_03          A_04          A_05          A_06
              ________      ________      ________      ________      ________
 A_02           1.000
 A_03           0.224         1.000
 A_04           0.585         0.281         1.000
 A_05           0.215         0.607         0.301         1.000
 A_06           0.554         0.112         0.583         0.127         1.000
 A_01           0.673         0.589         0.594         0.434         0.559


           Correlations
              A_01
              ________
 A_01           1.000


     MAXIMUM LOG-LIKELIHOOD VALUE FOR THE UNRESTRICTED (H1) MODEL IS -23493.295


UNIVARIATE SAMPLE STATISTICS


     UNIVARIATE HIGHER-ORDER MOMENT DESCRIPTIVE STATISTICS

         Variable/         Mean/     Skewness/   Minimum/ % with                Percentiles
        Sample Size      Variance    Kurtosis    Maximum  Min/Max      20%/60%    40%/80%    Median

     A_02                  9.578      -0.541       3.000    0.11%       8.333      9.250      9.667
            2787.000       2.311       0.122      12.000    5.63%      10.000     11.000
     A_03                  9.558      -0.590       3.000    0.07%       8.250      9.250      9.667
            2737.000       2.553       0.220      12.000    6.94%      10.000     11.000
     A_04                  9.580      -0.584       3.000    0.04%       8.250      9.333      9.750
            2646.000       2.432       0.067      12.000    6.20%      10.250     11.000
     A_05                  9.610      -0.664       3.000    0.04%       8.333      9.333      9.750
            2235.000       2.541       0.256      12.000    6.67%      10.250     11.000
     A_06                  9.579      -0.596       3.000    0.15%       8.250      9.333      9.667
            2031.000       2.584       0.117      12.000    7.04%      10.250     11.000
     A_01                  9.811      -0.654       4.333    0.09%       8.500      9.667     10.000
            1061.000       2.338       0.097      12.000    8.48%      10.333     11.250


THE MODEL ESTIMATION TERMINATED NORMALLY



MODEL FIT INFORMATION

Number of Free Parameters                       17

Loglikelihood

          H0 Value                      -23631.179
          H0 Scaling Correction Factor      1.2760
            for MLR
          H1 Value                      -23493.295
          H1 Scaling Correction Factor      1.1165
            for MLR

Information Criteria

          Akaike (AIC)                   47296.359
          Bayesian (BIC)                 47410.114
          Sample-Size Adjusted BIC       47356.093
            (n* = (n + 2) / 24)

Chi-Square Test of Model Fit

          Value                            326.229*
          Degrees of Freedom                    10
          P-Value                           0.0000
          Scaling Correction Factor         0.8453
            for MLR

*   The chi-square value for MLM, MLMV, MLR, ULSMV, WLSM and WLSMV cannot be used
    for chi-square difference testing in the regular way.  MLM, MLR and WLSM
    chi-square difference testing is described on the Mplus website.  MLMV, WLSMV,
    and ULSMV difference testing is done using the DIFFTEST option.

RMSEA (Root Mean Square Error Of Approximation)

          Estimate                           0.073

CFI/TLI

          CFI                                0.897
          TLI                                0.845

Chi-Square Test of Model Fit for the Baseline Model

          Value                           3079.436
          Degrees of Freedom                    15
          P-Value                           0.0000

SRMR (Standardized Root Mean Square Residual)

          Value                              0.270



MODEL RESULTS

                                                    Two-Tailed
                    Estimate       S.E.  Est./S.E.    P-Value

 A_02       ON
    A_01               0.698      0.026     27.333      0.000

 A_03       ON
    A_02               0.819      0.034     24.163      0.000

 A_04       ON
    A_03               0.743      0.033     22.852      0.000

 A_05       ON
    A_04               0.811      0.041     19.799      0.000

 A_06       ON
    A_05               0.752      0.049     15.244      0.000

 Means
    A_01               9.792      0.041    240.952      0.000

 Intercepts
    A_02               2.745      0.259     10.606      0.000
    A_03               1.709      0.335      5.098      0.000
    A_04               2.476      0.324      7.655      0.000
    A_05               1.839      0.407      4.521      0.000
    A_06               2.344      0.487      4.816      0.000

 Variances
    A_01               2.370      0.096     24.604      0.000

 Residual Variances
    A_02               1.192      0.075     15.878      0.000
    A_03               0.956      0.120      7.973      0.000
    A_04               1.083      0.109      9.970      0.000
    A_05               0.913      0.140      6.521      0.000
    A_06               1.193      0.163      7.309      0.000


QUALITY OF NUMERICAL RESULTS

     Condition Number for the Information Matrix              0.690E-05
       (ratio of smallest to largest eigenvalue)


MODEL MODIFICATION INDICES

NOTE:  Modification indices for direct effects of observed dependent variables
regressed on covariates may not be included.  To include these, request
MODINDICES (ALL).

Minimum M.I. value for printing the modification index     3.000

                                   M.I.     E.P.C.


ON Statements

A_02     ON A_03                  59.663    -0.808
A_02     ON A_04                  55.040    -0.364
A_02     ON A_06                  56.318     0.194
A_03     ON A_04                   7.545    -0.336
A_03     ON A_05                  82.581    -0.576
A_03     ON A_06                 179.618    -0.576
A_03     ON A_01                  58.977     0.449
A_04     ON A_02                   7.406     0.309
A_04     ON A_05                 206.829    -1.221
A_04     ON A_06                 190.089    -0.487
A_04     ON A_01                  45.238     0.243
A_05     ON A_02                 206.296     0.421
A_05     ON A_03                 207.597     0.767
A_05     ON A_01                 143.175     0.339
A_06     ON A_02                 184.362     0.311
A_06     ON A_03                 177.694     0.553
A_06     ON A_01                 169.801     0.368
A_01     ON A_03                  59.825     1.122
A_01     ON A_04                  59.498     0.477
A_01     ON A_05                 143.980     0.545
A_01     ON A_06                 213.915     0.496

WITH Statements

A_03     WITH A_02                59.236    -0.769
A_04     WITH A_02                47.299    -0.532
A_04     WITH A_03                 7.356    -0.359
A_05     WITH A_02                91.957     0.562
A_05     WITH A_03               128.315    -0.936
A_05     WITH A_04               206.923    -1.115
A_06     WITH A_02               116.259     0.512
A_06     WITH A_03               192.553    -1.126
A_06     WITH A_04               178.553    -0.809
A_01     WITH A_03                59.209     1.067
A_01     WITH A_04                45.214     0.575
A_01     WITH A_05               142.894     0.801
A_01     WITH A_06               170.224     0.874


TECHNICAL 1 OUTPUT


     PARAMETER SPECIFICATION


           NU
              A_02          A_03          A_04          A_05          A_06
              ________      ________      ________      ________      ________
 1                  0             0             0             0             0


           NU
              A_01
              ________
 1                  0


           LAMBDA
              A_02          A_03          A_04          A_05          A_06
              ________      ________      ________      ________      ________
 A_02               0             0             0             0             0
 A_03               0             0             0             0             0
 A_04               0             0             0             0             0
 A_05               0             0             0             0             0
 A_06               0             0             0             0             0
 A_01               0             0             0             0             0


           LAMBDA
              A_01
              ________
 A_02               0
 A_03               0
 A_04               0
 A_05               0
 A_06               0
 A_01               0


           THETA
              A_02          A_03          A_04          A_05          A_06
              ________      ________      ________      ________      ________
 A_02               0
 A_03               0             0
 A_04               0             0             0
 A_05               0             0             0             0
 A_06               0             0             0             0             0
 A_01               0             0             0             0             0


           THETA
              A_01
              ________
 A_01               0


           ALPHA
              A_02          A_03          A_04          A_05          A_06
              ________      ________      ________      ________      ________
 1                  1             2             3             4             5


           ALPHA
              A_01
              ________
 1                  6


           BETA
              A_02          A_03          A_04          A_05          A_06
              ________      ________      ________      ________      ________
 A_02               0             0             0             0             0
 A_03               8             0             0             0             0
 A_04               0             9             0             0             0
 A_05               0             0            10             0             0
 A_06               0             0             0            11             0
 A_01               0             0             0             0             0


           BETA
              A_01
              ________
 A_02               7
 A_03               0
 A_04               0
 A_05               0
 A_06               0
 A_01               0


           PSI
              A_02          A_03          A_04          A_05          A_06
              ________      ________      ________      ________      ________
 A_02              12
 A_03               0            13
 A_04               0             0            14
 A_05               0             0             0            15
 A_06               0             0             0             0            16
 A_01               0             0             0             0             0


           PSI
              A_01
              ________
 A_01              17


     STARTING VALUES


           NU
              A_02          A_03          A_04          A_05          A_06
              ________      ________      ________      ________      ________
 1              0.000         0.000         0.000         0.000         0.000


           NU
              A_01
              ________
 1              0.000


           LAMBDA
              A_02          A_03          A_04          A_05          A_06
              ________      ________      ________      ________      ________
 A_02           1.000         0.000         0.000         0.000         0.000
 A_03           0.000         1.000         0.000         0.000         0.000
 A_04           0.000         0.000         1.000         0.000         0.000
 A_05           0.000         0.000         0.000         1.000         0.000
 A_06           0.000         0.000         0.000         0.000         1.000
 A_01           0.000         0.000         0.000         0.000         0.000


           LAMBDA
              A_01
              ________
 A_02           0.000
 A_03           0.000
 A_04           0.000
 A_05           0.000
 A_06           0.000
 A_01           1.000


           THETA
              A_02          A_03          A_04          A_05          A_06
              ________      ________      ________      ________      ________
 A_02           0.000
 A_03           0.000         0.000
 A_04           0.000         0.000         0.000
 A_05           0.000         0.000         0.000         0.000
 A_06           0.000         0.000         0.000         0.000         0.000
 A_01           0.000         0.000         0.000         0.000         0.000


           THETA
              A_01
              ________
 A_01           0.000


           ALPHA
              A_02          A_03          A_04          A_05          A_06
              ________      ________      ________      ________      ________
 1              9.578         9.558         9.580         9.610         9.579


           ALPHA
              A_01
              ________
 1              9.811


           BETA
              A_02          A_03          A_04          A_05          A_06
              ________      ________      ________      ________      ________
 A_02           0.000         0.000         0.000         0.000         0.000
 A_03           0.000         0.000         0.000         0.000         0.000
 A_04           0.000         0.000         0.000         0.000         0.000
 A_05           0.000         0.000         0.000         0.000         0.000
 A_06           0.000         0.000         0.000         0.000         0.000
 A_01           0.000         0.000         0.000         0.000         0.000


           BETA
              A_01
              ________
 A_02           0.000
 A_03           0.000
 A_04           0.000
 A_05           0.000
 A_06           0.000
 A_01           0.000


           PSI
              A_02          A_03          A_04          A_05          A_06
              ________      ________      ________      ________      ________
 A_02           1.155
 A_03           0.000         1.277
 A_04           0.000         0.000         1.216
 A_05           0.000         0.000         0.000         1.271
 A_06           0.000         0.000         0.000         0.000         1.292
 A_01           0.000         0.000         0.000         0.000         0.000


           PSI
              A_01
              ________
 A_01           1.169


TECHNICAL 2 OUTPUT


     DERIVATIVES


           Derivatives With Respect to NU
              A_02          A_03          A_04          A_05          A_06
              ________      ________      ________      ________      ________
 1          0.000E+00     0.000E+00     0.000E+00     0.000E+00     0.000E+00


           Derivatives With Respect to NU
              A_01
              ________
 1          0.000E+00


           Derivatives With Respect to LAMBDA
              A_02          A_03          A_04          A_05          A_06
              ________      ________      ________      ________      ________
 A_02       0.000E+00     0.000E+00     0.000E+00     0.000E+00     0.000E+00
 A_03       0.000E+00     0.000E+00     0.000E+00     0.000E+00     0.000E+00
 A_04       0.000E+00     0.000E+00     0.000E+00     0.000E+00     0.000E+00
 A_05       0.000E+00     0.000E+00     0.000E+00     0.000E+00     0.000E+00
 A_06       0.000E+00     0.000E+00     0.000E+00     0.000E+00     0.000E+00
 A_01       0.000E+00     0.000E+00     0.000E+00     0.000E+00     0.000E+00


           Derivatives With Respect to LAMBDA
              A_01
              ________
 A_02       0.000E+00
 A_03       0.000E+00
 A_04       0.000E+00
 A_05       0.000E+00
 A_06       0.000E+00
 A_01       0.000E+00


           Derivatives With Respect to THETA
              A_02          A_03          A_04          A_05          A_06
              ________      ________      ________      ________      ________
 A_02       0.000E+00
 A_03       0.000E+00     0.000E+00
 A_04       0.000E+00     0.000E+00     0.000E+00
 A_05       0.000E+00     0.000E+00     0.000E+00     0.000E+00
 A_06       0.000E+00     0.000E+00     0.000E+00     0.000E+00     0.000E+00
 A_01       0.000E+00     0.000E+00     0.000E+00     0.000E+00     0.000E+00


           Derivatives With Respect to THETA
              A_01
              ________
 A_01       0.000E+00


           Derivatives With Respect to ALPHA
              A_02          A_03          A_04          A_05          A_06
              ________      ________      ________      ________      ________
 1         -0.365E-05    -0.375E-05     0.707E-06     0.603E-05    -0.833E-05


           Derivatives With Respect to ALPHA
              A_01
              ________
 1          0.369E-05


           Derivatives With Respect to BETA
              A_02          A_03          A_04          A_05          A_06
              ________      ________      ________      ________      ________
 A_02       0.000E+00     0.000E+00     0.000E+00     0.000E+00     0.000E+00
 A_03      -0.389E-04     0.000E+00     0.000E+00     0.000E+00     0.000E+00
 A_04       0.000E+00     0.106E-04     0.000E+00     0.000E+00     0.000E+00
 A_05       0.000E+00     0.000E+00     0.614E-04     0.000E+00     0.000E+00
 A_06       0.000E+00     0.000E+00     0.000E+00    -0.925E-04     0.000E+00
 A_01       0.000E+00     0.000E+00     0.000E+00     0.000E+00     0.000E+00


           Derivatives With Respect to BETA
              A_01
              ________
 A_02      -0.388E-04
 A_03       0.000E+00
 A_04       0.000E+00
 A_05       0.000E+00
 A_06       0.000E+00
 A_01       0.000E+00


           Derivatives With Respect to PSI
              A_02          A_03          A_04          A_05          A_06
              ________      ________      ________      ________      ________
 A_02      -0.477E-06
 A_03       0.000E+00    -0.180E-05
 A_04       0.000E+00     0.000E+00    -0.207E-05
 A_05       0.000E+00     0.000E+00     0.000E+00     0.471E-05
 A_06       0.000E+00     0.000E+00     0.000E+00     0.000E+00    -0.106E-06
 A_01       0.000E+00     0.000E+00     0.000E+00     0.000E+00     0.000E+00


           Derivatives With Respect to PSI
              A_01
              ________
 A_01       0.186E-05


TECHNICAL 3 OUTPUT


           ESTIMATED COVARIANCE MATRIX FOR PARAMETER ESTIMATES
                     1             2             3             4             5
              ________      ________      ________      ________      ________
        1   0.669726D-01
        2  -0.225186D-01  0.112371D+00
        3   0.193656D-01 -0.827868D-01  0.104672D+00
        4  -0.200058D-01  0.758543D-01 -0.990598D-01  0.165532D+00
        5   0.255823D-01 -0.701687D-01  0.976762D-01 -0.158510D+00  0.236947D+00
        6  -0.216477D-02  0.141604D-03 -0.750485D-04 -0.142202D-03  0.362105D-03
        7  -0.654950D-02  0.212665D-02 -0.182434D-02  0.189335D-02 -0.243973D-02
        8   0.220128D-02 -0.112973D-01  0.825642D-02 -0.752957D-02  0.693091D-02
        9  -0.192174D-02  0.829110D-02 -0.104581D-01  0.985503D-02 -0.981598D-02
       10   0.198176D-02 -0.763845D-02  0.994789D-02 -0.165840D-01  0.159690D-01
       11  -0.253853D-02  0.705413D-02 -0.986778D-02  0.159727D-01 -0.239184D-01
       12   0.109706D-01 -0.886170D-03  0.162633D-02 -0.131485D-02  0.133123D-02
       13  -0.403461D-02  0.306408D-01 -0.213503D-01  0.190989D-01 -0.163028D-01
       14   0.424311D-02 -0.243898D-01  0.254285D-01 -0.227302D-01  0.267193D-01
       15  -0.542393D-02  0.272012D-01 -0.317057D-01  0.455062D-01 -0.468522D-01
       16   0.581555D-02 -0.225304D-01  0.315441D-01 -0.476125D-01  0.670675D-01
       17   0.846134D-02 -0.178293D-02  0.105265D-02 -0.215382D-02  0.121003D-02


           ESTIMATED COVARIANCE MATRIX FOR PARAMETER ESTIMATES
                     6             7             8             9            10
              ________      ________      ________      ________      ________
        6   0.165135D-02
        7   0.136257D-03  0.651695D-03
        8  -0.137480D-04 -0.213720D-03  0.115023D-02
        9   0.168349D-04  0.184428D-03 -0.836885D-03  0.105840D-02
       10   0.120103D-04 -0.190431D-03  0.766151D-03 -0.100043D-02  0.167721D-02
       11  -0.269885D-04  0.245087D-03 -0.703676D-03  0.999401D-03 -0.162075D-02
       12   0.273820D-04 -0.115023D-02  0.116609D-03 -0.188717D-03  0.149770D-03
       13   0.147150D-04  0.412393D-03 -0.320783D-02  0.222397D-02 -0.199090D-02
       14  -0.111370D-03 -0.423923D-03  0.251985D-02 -0.265939D-02  0.237513D-02
       15   0.116596D-05  0.528316D-03 -0.279525D-02  0.326394D-02 -0.471100D-02
       16  -0.737290D-04 -0.572494D-03  0.229778D-02 -0.325290D-02  0.490652D-02
       17  -0.158285D-02 -0.779360D-03  0.185743D-03 -0.107243D-03  0.217534D-03


           ESTIMATED COVARIANCE MATRIX FOR PARAMETER ESTIMATES
                    11            12            13            14            15
              ________      ________      ________      ________      ________
       11   0.243176D-02
       12  -0.148555D-03  0.563604D-02
       13   0.169426D-02 -0.176329D-02  0.143715D-01
       14  -0.276873D-02  0.137574D-02 -0.978851D-02  0.117922D-01
       15   0.483651D-02 -0.102666D-02  0.977148D-02 -0.113893D-01  0.196037D-01
       16  -0.693618D-02  0.110399D-02 -0.736767D-02  0.111272D-01 -0.183056D-01
       17  -0.132356D-03 -0.823234D-03 -0.460203D-03  0.382427D-03 -0.482626D-03


           ESTIMATED COVARIANCE MATRIX FOR PARAMETER ESTIMATES
                    16            17
              ________      ________
       16   0.266638D-01
       17   0.673220D-03  0.927685D-02


           ESTIMATED CORRELATION MATRIX FOR PARAMETER ESTIMATES
                     1             2             3             4             5
              ________      ________      ________      ________      ________
        1       1.000
        2      -0.260         1.000
        3       0.231        -0.763         1.000
        4      -0.190         0.556        -0.753         1.000
        5       0.203        -0.430         0.620        -0.800         1.000
        6      -0.206         0.010        -0.006        -0.009         0.018
        7      -0.991         0.249        -0.221         0.182        -0.196
        8       0.251        -0.994         0.752        -0.546         0.420
        9      -0.228         0.760        -0.994         0.745        -0.620
       10       0.187        -0.556         0.751        -0.995         0.801
       11      -0.199         0.427        -0.619         0.796        -0.996
       12       0.565        -0.035         0.067        -0.043         0.036
       13      -0.130         0.762        -0.550         0.392        -0.279
       14       0.151        -0.670         0.724        -0.514         0.505
       15      -0.150         0.580        -0.700         0.799        -0.687
       16       0.138        -0.412         0.597        -0.717         0.844
       17       0.339        -0.055         0.034        -0.055         0.026


           ESTIMATED CORRELATION MATRIX FOR PARAMETER ESTIMATES
                     6             7             8             9            10
              ________      ________      ________      ________      ________
        6       1.000
        7       0.131         1.000
        8      -0.010        -0.247         1.000
        9       0.013         0.222        -0.758         1.000
       10       0.007        -0.182         0.552        -0.751         1.000
       11      -0.013         0.195        -0.421         0.623        -0.803
       12       0.009        -0.600         0.046        -0.077         0.049
       13       0.003         0.135        -0.789         0.570        -0.406
       14      -0.025        -0.153         0.684        -0.753         0.534
       15       0.000         0.148        -0.589         0.717        -0.822
       16      -0.011        -0.137         0.415        -0.612         0.734
       17      -0.404        -0.317         0.057        -0.034         0.055


           ESTIMATED CORRELATION MATRIX FOR PARAMETER ESTIMATES
                    11            12            13            14            15
              ________      ________      ________      ________      ________
       11       1.000
       12      -0.040         1.000
       13       0.287        -0.196         1.000
       14      -0.517         0.169        -0.752         1.000
       15       0.700        -0.098         0.582        -0.749         1.000
       16      -0.861         0.090        -0.376         0.628        -0.801
       17      -0.028        -0.114        -0.040         0.037        -0.036


           ESTIMATED CORRELATION MATRIX FOR PARAMETER ESTIMATES
                    16            17
              ________      ________
       16       1.000
       17       0.043         1.000


     Beginning Time:  13:43:44
        Ending Time:  13:44:33
       Elapsed Time:  00:00:49



MUTHEN & MUTHEN
3463 Stoner Ave.
Los Angeles, CA  90066

Tel: (310) 391-9971
Fax: (310) 391-8971
Web: www.StatModel.com
Support: Support@StatModel.com

Copyright (c) 1998-2015 Muthen & Muthen
