Mplus VERSION 7.4 (Mac)
MUTHEN & MUTHEN
08/02/2017   9:12 PM

INPUT INSTRUCTIONS

  TITLE:
  14 - ALT-12, plus social on cognitive regressions fixed across time
  DATA:
  File = wide-dataset-b.dat;
  VARIABLE:
  NAMES are
   id hhid male birthyr_rand birthmo_rand race_rand hispanic_rand cohort
      raedyrs raedegrm memoryproblems_baseline memory_disease_ever age_baseline
      age_baseline_65 health_conditions_baseline healthcond_mean activity_mean_2004
      activity_mean_2006 activity_mean_2008 activity_mean_2010 activity_mean_2012
      activity_mean_2014 activity_sum_2004 activity_sum_2006 activity_sum_2008
      activity_sum_2010 activity_sum_2012 activity_sum_2014 close_social_network_2004
      close_social_network_2006 close_social_network_2008 close_social_network_2010
      close_social_network_2012 close_social_network_2014 countb20r_2004
      countb20r_2006 countb20r_2008 countb20r_2010 countb20r_2012 countb20r_2014
      crp_adj_2004 crp_adj_2006 crp_adj_2008 crp_adj_2010 crp_adj_2012 crp_adj_2014
      dep_total_2004 dep_total_2006 dep_total_2008 dep_total_2010 dep_total_2012
      dep_total_2014 exercise_2004 exercise_2006 exercise_2008 exercise_2010
      exercise_2012 exercise_2014 healthcond_2004 healthcond_2006 healthcond_2008
      healthcond_2010 healthcond_2012 healthcond_2014 hhres_2004 hhres_2006
      hhres_2008 hhres_2010 hhres_2012 hhres_2014 hrs_tscore_2004 hrs_tscore_2006
      hrs_tscore_2008 hrs_tscore_2010 hrs_tscore_2012 hrs_tscore_2014 intage_r_2004
      intage_r_2006 intage_r_2008 intage_r_2010 intage_r_2012 intage_r_2014
      interview_date_2004 interview_date_2006 interview_date_2008 interview_date_2010
      interview_date_2012 interview_date_2014 lb_65_wave_2004 lb_65_wave_2006
      lb_65_wave_2008 lb_65_wave_2010 lb_65_wave_2012 lb_65_wave_2014 lb_wave_2004
      lb_wave_2006 lb_wave_2008 lb_wave_2010 lb_wave_2012 lb_wave_2014 listassi_2004
      listassi_2006 listassi_2008 listassi_2010 listassi_2012 listassi_2014
      mentalstatus_tot_2004 mentalstatus_tot_2006 mentalstatus_tot_2008
      mentalstatus_tot_2010 mentalstatus_tot_2012 mentalstatus_tot_2014 proxy_2004
      proxy_2006 proxy_2008 proxy_2010 proxy_2012 proxy_2014 responded_2004
      responded_2006 responded_2008 responded_2010 responded_2012 responded_2014
      rmaritalst_2004 rmaritalst_2006 rmaritalst_2008 rmaritalst_2010 rmaritalst_2012
      rmaritalst_2014 rpartst_2004 rpartst_2006 rpartst_2008 rpartst_2010
      rpartst_2012 rpartst_2014 score_loneliness_11_2004 score_loneliness_11_2006
      score_loneliness_11_2008 score_loneliness_11_2010 score_loneliness_11_2012
      score_loneliness_11_2014 score_loneliness_3_2004 score_loneliness_3_2006
      score_loneliness_3_2008 score_loneliness_3_2010 score_loneliness_3_2012
      score_loneliness_3_2014 shhidpnr_2004 shhidpnr_2006 shhidpnr_2008 shhidpnr_2010
      shhidpnr_2012 shhidpnr_2014 snchild_2004 snchild_2006 snchild_2008 snchild_2010
      snchild_2012 snchild_2014 snfamily_2004 snfamily_2006 snfamily_2008
      snfamily_2010 snfamily_2012 snfamily_2014 snfriends_2004 snfriends_2006
      snfriends_2008 snfriends_2010 snfriends_2012 snfriends_2014 snspouse_2004
      snspouse_2006 snspouse_2008 snspouse_2010 snspouse_2012 snspouse_2014
      social_contact_total_2004 social_contact_total_2006 social_contact_total_2008
      social_contact_total_2010 social_contact_total_2012 social_contact_total_2014
      social_strain_mean_2004 social_strain_mean_2006 social_strain_mean_2008
      social_strain_mean_2010 social_strain_mean_2012 social_strain_mean_2014
      social_support_mean_2004 social_support_mean_2006 social_support_mean_2008
      social_support_mean_2010 social_support_mean_2012 social_support_mean_2014
      socialnetwork_total_2004 socialnetwork_total_2006 socialnetwork_total_2008
      socialnetwork_total_2010 socialnetwork_total_2012 socialnetwork_total_2014
      srmemory_2004 srmemory_2006 srmemory_2008 srmemory_2010 srmemory_2012
      srmemory_2014 srmemoryp_2004 srmemoryp_2006 srmemoryp_2008 srmemoryp_2010
      srmemoryp_2012 srmemoryp_2014 vocab_total_2004 vocab_total_2006 vocab_total_2008
      vocab_total_2010 vocab_total_2012 vocab_total_2014 wrectotd_2004 wrectotd_2006
      wrectotd_2008 wrectotd_2010 wrectotd_2012 wrectotd_2014 wrectoti_2004
      wrectoti_2006 wrectoti_2008 wrectoti_2010 wrectoti_2012 wrectoti_2014
  	;
  Missing are all(9999);
  USEVARIABLES are
  	!define the variables used in the analysis
  	!estimated time points
  a_01
  a_02
  a_03
  a_04
  a_05
  a_06
  	!modelled time points of process (B)
  b_01
  b_02
  b_03
  b_04
  b_05
  b_06
  	! covariates used in the model
  	;
  SUBPOPULATION are
  	!select a subset of observations
  age_baseline > 64 AND
  memory_disease_ever EQ 0
  ;
  CLUSTER = hhid;
  DEFINE:
    ! centre baseline age
  a = age_baseline - 69;
  	! assign variables to the process (A)
  a_01=wrectoti_2004;
  a_02=wrectoti_2006;
  a_03=wrectoti_2008;
  a_04=wrectoti_2010;
  a_05=wrectoti_2012;
  a_06=wrectoti_2014;
  	! assign variables to the process (B)
  b_01=social_contact_total_2004;
  b_02=social_contact_total_2006;
  b_03=social_contact_total_2008;
  b_04=social_contact_total_2010;
  b_05=social_contact_total_2012;
  b_06=social_contact_total_2014;
  ANALYSIS:
  TYPE = COMPLEX RANDOM;
  COVERAGE=.00;
  H1ITERATIONS = 10000;
  MODEL:
  	!LGM part
  	! assign process (A) to time points
  ia sa | a_01@0
  a_02@2
  a_03@4
  a_04@6
  a_05@8
  a_06@10 ;
  	! assign process (B) to time points
  ib sb | b_01@0
  b_02@2
  b_03@4
  b_04@6
  b_05@8
  b_06@10 ;
  	!correlations between the first measurement points
  a_01 WITH b_01;
  	!autoregressive part
  a_01;
  a_02 ON a_01(1);
  a_03 ON a_02(1);
  a_04 ON a_03(1);
  a_05 ON a_04(1);
  a_06 ON a_05(1);
  b_01;
  b_02 ON b_01(2);
  b_03 ON b_02(2);
  b_04 ON b_03(2);
  b_05 ON b_04(2);
  b_06 ON b_05(2);
  	!Cross lagged part
  a_02 ON b_01;
  a_03 ON b_02;
  a_04 ON b_03;
  a_05 ON b_04;
  a_06 ON b_05;
  b_02 ON a_01(3);
  b_03 ON a_02(3);
  b_04 ON a_03(3);
  b_05 ON a_04(3);
  b_06 ON a_05(3);
  ! no time specific correlations
  !SAVEDATA:
  !FILE is   %saved_analysis%_fscores.dat;
  !SAVE = FSCORES;
  !RESULTS are   %saved_analysis%_results.dat;
  	
  OUTPUT: SAMPSTAT MODINDICES (3.0); TECH1 TECH2 TECH3;;



INPUT READING TERMINATED NORMALLY




14 - ALT-12, plus social on cognitive regressions fixed across time

SUMMARY OF ANALYSIS

Number of groups                                                 1
Number of observations                                        5952

Number of dependent variables                                   12
Number of independent variables                                  0
Number of continuous latent variables                            4

Observed dependent variables

  Continuous
   A_01        A_02        A_03        A_04        A_05        A_06
   B_01        B_02        B_03        B_04        B_05        B_06

Continuous latent variables
   IA          SA          IB          SB

Variables with special functions

  Cluster variable      HHID

Estimator                                                      MLR
Information matrix                                        OBSERVED
Maximum number of iterations                                   100
Convergence criterion                                    0.100D-05
Maximum number of EM iterations                                500
Convergence criteria for the EM algorithm
  Loglikelihood change                                   0.100D-02
  Relative loglikelihood change                          0.100D-05
  Derivative                                             0.100D-03
Minimum variance                                         0.100D-03
Maximum number of steepest descent iterations                   20
Maximum number of iterations for H1                          10000
Convergence criterion for H1                             0.100D-03
Optimization algorithm                                         EMA

Input data file(s)
  wide-dataset-b.dat
Input data format  FREE


SUMMARY OF DATA

     Number of missing data patterns           272
     Number of clusters        4882



SAMPLE STATISTICS


     ESTIMATED SAMPLE STATISTICS


           Means
              A_01          A_02          A_03          A_04          A_05
              ________      ________      ________      ________      ________
 1              5.434         5.305         5.167         4.831         4.663


           Means
              A_06          B_01          B_02          B_03          B_04
              ________      ________      ________      ________      ________
 1              4.479        30.292        29.546        29.570        29.190


           Means
              B_05          B_06
              ________      ________
 1             28.584        27.913


           Covariances
              A_01          A_02          A_03          A_04          A_05
              ________      ________      ________      ________      ________
 A_01           2.263
 A_02           1.073         2.359
 A_03           1.088         1.086         2.390
 A_04           1.053         1.199         1.152         2.707
 A_05           1.132         1.089         1.240         1.319         2.690
 A_06           1.056         1.244         1.179         1.372         1.389
 B_01           1.542         1.874         1.893         1.920         2.092
 B_02           2.239         2.235         1.976         1.912         2.486
 B_03           2.392         2.521         2.122         2.670         2.601
 B_04           2.200         2.443         2.420         2.311         2.377
 B_05           2.531         2.870         2.866         2.826         3.310
 B_06           2.216         2.144         2.636         2.257         3.032


           Covariances
              A_06          B_01          B_02          B_03          B_04
              ________      ________      ________      ________      ________
 A_06           2.813
 B_01           1.568        70.490
 B_02           1.954        33.826        66.433
 B_03           2.929        37.790        36.135        74.089
 B_04           2.370        33.538        41.320        38.893        72.256
 B_05           3.293        38.939        29.228        45.615        34.288
 B_06           3.163        36.608        38.101        45.582        46.097


           Covariances
              B_05          B_06
              ________      ________
 B_05          78.884
 B_06          35.431        77.791


           Correlations
              A_01          A_02          A_03          A_04          A_05
              ________      ________      ________      ________      ________
 A_01           1.000
 A_02           0.464         1.000
 A_03           0.468         0.457         1.000
 A_04           0.425         0.474         0.453         1.000
 A_05           0.459         0.433         0.489         0.489         1.000
 A_06           0.418         0.483         0.455         0.497         0.505
 B_01           0.122         0.145         0.146         0.139         0.152
 B_02           0.183         0.179         0.157         0.143         0.186
 B_03           0.185         0.191         0.160         0.189         0.184
 B_04           0.172         0.187         0.184         0.165         0.170
 B_05           0.189         0.210         0.209         0.193         0.227
 B_06           0.167         0.158         0.193         0.156         0.210


           Correlations
              A_06          B_01          B_02          B_03          B_04
              ________      ________      ________      ________      ________
 A_06           1.000
 B_01           0.111         1.000
 B_02           0.143         0.494         1.000
 B_03           0.203         0.523         0.515         1.000
 B_04           0.166         0.470         0.596         0.532         1.000
 B_05           0.221         0.522         0.404         0.597         0.454
 B_06           0.214         0.494         0.530         0.600         0.615


           Correlations
              B_05          B_06
              ________      ________
 B_05           1.000
 B_06           0.452         1.000


     MAXIMUM LOG-LIKELIHOOD VALUE FOR THE UNRESTRICTED (H1) MODEL IS -101716.646


UNIVARIATE SAMPLE STATISTICS


     UNIVARIATE HIGHER-ORDER MOMENT DESCRIPTIVE STATISTICS

         Variable/         Mean/     Skewness/   Minimum/ % with                Percentiles
        Sample Size      Variance    Kurtosis    Maximum  Min/Max      20%/60%    40%/80%    Median

     A_01                  5.450      -0.108       0.000    0.36%       4.000      5.000      5.000
            5496.000       2.255       0.367      10.000    0.38%       6.000      7.000
     A_02                  5.312      -0.013       0.000    0.25%       4.000      5.000      5.000
            5681.000       2.347       0.206      10.000    0.42%       6.000      7.000
     A_03                  5.177      -0.071       0.000    0.36%       4.000      5.000      5.000
            5775.000       2.383       0.197      10.000    0.23%       6.000      6.000
     A_04                  4.856      -0.123       0.000    1.04%       4.000      5.000      5.000
            5669.000       2.683       0.277      10.000    0.19%       5.000      6.000
     A_05                  4.743      -0.175       0.000    1.46%       3.000      4.000      5.000
            5132.000       2.642       0.389      10.000    0.19%       5.000      6.000
     A_06                  4.626      -0.096       0.000    1.38%       3.000      4.000      5.000
            4429.000       2.729       0.239      10.000    0.09%       5.000      6.000
     B_01                 30.562      -0.258       3.000    0.09%      24.000     29.000     31.000
            1057.000      70.074       0.149      53.000    0.09%      33.000     37.000
     B_02                 29.599      -0.258       3.000    0.07%      23.000     28.000     30.000
            2788.000      66.183       0.159      54.000    0.18%      32.000     36.000
     B_03                 29.608      -0.254       2.000    0.04%      23.000     28.000     30.000
            2739.000      73.864       0.073      54.000    0.18%      32.000     37.000
     B_04                 29.406      -0.205       4.000    0.19%      22.000     28.000     30.000
            2647.000      71.988      -0.061      54.000    0.04%      32.000     36.000
     B_05                 28.986      -0.189       3.000    0.04%      22.000     27.000     29.000
            2240.000      77.040      -0.099      54.000    0.13%      32.000     36.000
     B_06                 28.653      -0.229       3.000    0.05%      22.000     27.000     29.000
            2036.000      76.540      -0.202      54.000    0.05%      31.000     36.000


THE MODEL ESTIMATION TERMINATED NORMALLY



MODEL FIT INFORMATION

Number of Free Parameters                       35

Loglikelihood

          H0 Value                     -101787.818
          H0 Scaling Correction Factor      1.2446
            for MLR
          H1 Value                     -101716.646
          H1 Scaling Correction Factor      1.2916
            for MLR

Information Criteria

          Akaike (AIC)                  203645.637
          Bayesian (BIC)                203879.839
          Sample-Size Adjusted BIC      203768.618
            (n* = (n + 2) / 24)

Chi-Square Test of Model Fit

          Value                            107.710*
          Degrees of Freedom                    55
          P-Value                           0.0000
          Scaling Correction Factor         1.3216
            for MLR

*   The chi-square value for MLM, MLMV, MLR, ULSMV, WLSM and WLSMV cannot be used
    for chi-square difference testing in the regular way.  MLM, MLR and WLSM
    chi-square difference testing is described on the Mplus website.  MLMV, WLSMV,
    and ULSMV difference testing is done using the DIFFTEST option.

RMSEA (Root Mean Square Error Of Approximation)

          Estimate                           0.013

CFI/TLI

          CFI                                0.995
          TLI                                0.994

Chi-Square Test of Model Fit for the Baseline Model

          Value                           9827.621
          Degrees of Freedom                    66
          P-Value                           0.0000

SRMR (Standardized Root Mean Square Residual)

          Value                              0.040



MODEL RESULTS

                                                    Two-Tailed
                    Estimate       S.E.  Est./S.E.    P-Value

 IA       |
    A_01               1.000      0.000    999.000    999.000
    A_02               1.000      0.000    999.000    999.000
    A_03               1.000      0.000    999.000    999.000
    A_04               1.000      0.000    999.000    999.000
    A_05               1.000      0.000    999.000    999.000
    A_06               1.000      0.000    999.000    999.000

 SA       |
    A_01               0.000      0.000    999.000    999.000
    A_02               2.000      0.000    999.000    999.000
    A_03               4.000      0.000    999.000    999.000
    A_04               6.000      0.000    999.000    999.000
    A_05               8.000      0.000    999.000    999.000
    A_06              10.000      0.000    999.000    999.000

 IB       |
    B_01               1.000      0.000    999.000    999.000
    B_02               1.000      0.000    999.000    999.000
    B_03               1.000      0.000    999.000    999.000
    B_04               1.000      0.000    999.000    999.000
    B_05               1.000      0.000    999.000    999.000
    B_06               1.000      0.000    999.000    999.000

 SB       |
    B_01               0.000      0.000    999.000    999.000
    B_02               2.000      0.000    999.000    999.000
    B_03               4.000      0.000    999.000    999.000
    B_04               6.000      0.000    999.000    999.000
    B_05               8.000      0.000    999.000    999.000
    B_06              10.000      0.000    999.000    999.000

 A_02       ON
    A_01              -0.008      0.009     -0.841      0.400
    B_01               0.002      0.002      0.911      0.362

 A_03       ON
    A_02              -0.008      0.009     -0.841      0.400
    B_02               0.001      0.002      0.592      0.554

 A_04       ON
    A_03              -0.008      0.009     -0.841      0.400
    B_03              -0.005      0.003     -1.490      0.136

 A_05       ON
    A_04              -0.008      0.009     -0.841      0.400
    B_04              -0.006      0.004     -1.396      0.163

 A_06       ON
    A_05              -0.008      0.009     -0.841      0.400
    B_05              -0.008      0.005     -1.427      0.153

 B_02       ON
    B_01              -0.001      0.017     -0.031      0.976
    A_01              -0.006      0.074     -0.081      0.935

 B_03       ON
    B_02              -0.001      0.017     -0.031      0.976
    A_02              -0.006      0.074     -0.081      0.935

 B_04       ON
    B_03              -0.001      0.017     -0.031      0.976
    A_03              -0.006      0.074     -0.081      0.935

 B_05       ON
    B_04              -0.001      0.017     -0.031      0.976
    A_04              -0.006      0.074     -0.081      0.935

 B_06       ON
    B_05              -0.001      0.017     -0.031      0.976
    A_05              -0.006      0.074     -0.081      0.935

 SA       WITH
    IA                 0.004      0.004      1.055      0.291

 IB       WITH
    IA                 2.107      0.215      9.792      0.000
    SA                 0.017      0.028      0.621      0.535

 SB       WITH
    IA                 0.016      0.026      0.605      0.545
    SA                 0.013      0.004      3.339      0.001
    IB                -0.016      0.296     -0.053      0.958

 A_01     WITH
    B_01              -0.412      0.318     -1.296      0.195

 Means
    IA                 5.438      0.020    267.382      0.000
    SA                -0.070      0.016     -4.239      0.000
    IB                30.278      0.241    125.751      0.000
    SB                -0.210      0.020    -10.307      0.000

 Intercepts
    A_01               0.000      0.000    999.000    999.000
    A_02               0.000      0.000    999.000    999.000
    A_03               0.000      0.000    999.000    999.000
    A_04               0.000      0.000    999.000    999.000
    A_05               0.000      0.000    999.000    999.000
    A_06               0.000      0.000    999.000    999.000
    B_01               0.000      0.000    999.000    999.000
    B_02               0.000      0.000    999.000    999.000
    B_03               0.000      0.000    999.000    999.000
    B_04               0.000      0.000    999.000    999.000
    B_05               0.000      0.000    999.000    999.000
    B_06               0.000      0.000    999.000    999.000

 Variances
    IA                 1.074      0.040     26.725      0.000
    SA                 0.004      0.001      5.394      0.000
    IB                38.872      2.518     15.437      0.000
    SB                 0.152      0.054      2.814      0.005

 Residual Variances
    A_01               1.185      0.041     28.847      0.000
    A_02               1.248      0.035     35.208      0.000
    A_03               1.274      0.033     39.049      0.000
    A_04               1.442      0.043     33.542      0.000
    A_05               1.327      0.046     28.696      0.000
    A_06               1.323      0.048     27.316      0.000
    B_01              35.424      3.230     10.966      0.000
    B_02              27.987      1.799     15.555      0.000
    B_03              31.578      1.655     19.077      0.000
    B_04              27.882      1.386     20.116      0.000
    B_05              28.262      1.987     14.222      0.000
    B_06              27.842      2.470     11.271      0.000


QUALITY OF NUMERICAL RESULTS

     Condition Number for the Information Matrix              0.163E-05
       (ratio of smallest to largest eigenvalue)


MODEL MODIFICATION INDICES

NOTE:  Modification indices for direct effects of observed dependent variables
regressed on covariates may not be included.  To include these, request
MODINDICES (ALL).

Minimum M.I. value for printing the modification index     3.000

                                   M.I.     E.P.C.


ON/BY Statements

A_01     ON IA       /
IA       BY A_01                   4.060    -0.051
A_01     ON IB       /
IB       BY A_01                   3.206    -0.015
A_03     ON SA       /
SA       BY A_03                   6.442    -1.280
A_03     ON IB       /
IB       BY A_03                   6.206     0.017
A_04     ON IB       /
IB       BY A_04                   4.866    -0.015
B_01     ON IB       /
IB       BY B_01                   4.074    -0.171
B_02     ON IA       /
IA       BY B_02                  10.026    -0.127
B_02     ON SA       /
SA       BY B_02                   7.172     7.414
B_02     ON IB       /
IB       BY B_02                  10.736    -0.024
B_02     ON SB       /
SB       BY B_02                   3.512     1.469
B_04     ON IA       /
IA       BY B_04                   8.809     0.080
B_04     ON SA       /
SA       BY B_04                   8.916    -5.793
B_04     ON IB       /
IB       BY B_04                   9.956     0.015
B_04     ON SB       /
SB       BY B_04                   7.228    -1.678
B_06     ON IA       /
IA       BY B_06                   7.908    -0.125
B_06     ON SA       /
SA       BY B_06                   4.655     6.857
B_06     ON IB       /
IB       BY B_06                   8.974    -0.024
B_06     ON SB       /
SB       BY B_06                   3.030     1.785
SA       ON IB       /
IB       BY SA                   999.000     0.000
SB       ON IB       /
IB       BY SB                   999.000     0.000

ON Statements

SA       ON A_03                   3.216    -0.004
SA       ON A_04                   5.444     0.005
IB       ON A_03                   3.291    -0.203
IB       ON B_01                   3.025    -0.107
IB       ON B_06                   6.477    -0.175
SB       ON A_04                   3.510    -0.027
SB       ON B_06                   4.731    -0.045
A_01     ON A_01                   4.058    -0.051
A_01     ON A_04                   9.241    -0.044
A_01     ON A_06                   4.231    -0.031
A_01     ON B_01                   3.208    -0.015
A_02     ON A_04                   4.544     0.025
A_02     ON A_05                   5.579    -0.029
A_02     ON A_06                   7.007     0.034
A_03     ON A_01                   3.861     0.023
A_03     ON A_05                   3.200     0.020
A_03     ON B_01                   3.506     0.010
A_04     ON B_02                   3.560    -0.009
A_04     ON B_05                   7.841    -0.014
A_04     ON B_06                   7.544    -0.014
A_05     ON A_02                   7.773    -0.036
A_05     ON B_02                   4.463     0.010
A_06     ON A_02                   3.264     0.028
A_06     ON A_03                   5.855    -0.038
B_01     ON B_01                   4.050    -0.170
B_01     ON B_02                   3.726    -0.094
B_01     ON B_03                   3.618    -0.150
B_01     ON B_04                   7.977    -0.183
B_02     ON A_01                   8.200    -0.096
B_02     ON A_02                   8.534    -0.115
B_02     ON A_03                  13.229    -0.146
B_02     ON A_04                   9.494    -0.129
B_02     ON A_05                   5.501    -0.102
B_02     ON A_06                   9.830    -0.142
B_02     ON B_01                  11.718    -0.001
B_02     ON B_02                  10.779    -0.024
B_02     ON B_03                  10.843    -0.025
B_02     ON B_04                   8.038    -0.021
B_02     ON B_05                  10.870    -0.025
B_02     ON B_06                  12.977    -0.028
B_04     ON A_01                   8.099     0.075
B_04     ON A_02                   9.623     0.083
B_04     ON A_03                   9.039     0.048
B_04     ON A_04                   8.547     0.085
B_04     ON A_05                   6.882     0.079
B_04     ON A_06                   6.647     0.080
B_04     ON B_01                   9.155     0.015
B_04     ON B_02                  11.434     0.016
B_04     ON B_03                   9.963     0.017
B_04     ON B_04                   9.946     0.016
B_04     ON B_05                   9.934     0.016
B_04     ON B_06                   9.846     0.016
B_06     ON A_01                   6.923    -0.113
B_06     ON A_02                   9.476    -0.134
B_06     ON A_03                   6.347    -0.113
B_06     ON A_04                  10.086    -0.149
B_06     ON A_05                   7.490    -0.128
B_06     ON A_06                   5.393    -0.118
B_06     ON B_01                   8.264    -0.023
B_06     ON B_02                  10.951    -0.026
B_06     ON B_03                   9.071    -0.025
B_06     ON B_04                   9.144    -0.025
B_06     ON B_05                   9.344    -0.033
B_06     ON B_06                   9.349    -0.026

WITH Statements

A_03     WITH SA                   3.203    -0.005
A_03     WITH IB                   3.296    -0.259
A_04     WITH SA                   5.452     0.007
A_04     WITH SB                   3.483    -0.038
A_04     WITH A_01                 6.222    -0.066
A_04     WITH A_02                 6.979     0.070
A_05     WITH A_01                 5.985     0.068
A_05     WITH A_02                21.357    -0.125
A_05     WITH A_03                 4.109     0.056
A_06     WITH A_01                 3.106    -0.061
A_06     WITH A_02                13.784     0.112
A_06     WITH A_03                 7.333    -0.080
B_02     WITH A_03                 5.387    -0.447
B_02     WITH A_05                 5.242     0.473
B_03     WITH A_03                 5.474    -0.451
B_03     WITH A_04                 6.184     0.595
B_04     WITH B_02                 8.072     4.053
B_05     WITH A_04                 4.967    -0.571
B_06     WITH IB                   6.433    -4.859
B_06     WITH SB                   4.704    -1.253
B_06     WITH B_02                 7.458    -4.422

Means/Intercepts/Thresholds

[ A_01     ]                       4.011    -0.255
[ A_03     ]                       7.476     0.240
[ B_02     ]                      10.318    -0.712
[ B_04     ]                       8.679     0.437
[ B_06     ]                       6.546    -0.625


TECHNICAL 1 OUTPUT


     PARAMETER SPECIFICATION


           NU
              A_01          A_02          A_03          A_04          A_05
              ________      ________      ________      ________      ________
 1                  0             0             0             0             0


           NU
              A_06          B_01          B_02          B_03          B_04
              ________      ________      ________      ________      ________
 1                  0             0             0             0             0


           NU
              B_05          B_06
              ________      ________
 1                  0             0


           LAMBDA
              IA            SA            IB            SB            A_01
              ________      ________      ________      ________      ________
 A_01               0             0             0             0             0
 A_02               0             0             0             0             0
 A_03               0             0             0             0             0
 A_04               0             0             0             0             0
 A_05               0             0             0             0             0
 A_06               0             0             0             0             0
 B_01               0             0             0             0             0
 B_02               0             0             0             0             0
 B_03               0             0             0             0             0
 B_04               0             0             0             0             0
 B_05               0             0             0             0             0
 B_06               0             0             0             0             0


           LAMBDA
              A_02          A_03          A_04          A_05          A_06
              ________      ________      ________      ________      ________
 A_01               0             0             0             0             0
 A_02               0             0             0             0             0
 A_03               0             0             0             0             0
 A_04               0             0             0             0             0
 A_05               0             0             0             0             0
 A_06               0             0             0             0             0
 B_01               0             0             0             0             0
 B_02               0             0             0             0             0
 B_03               0             0             0             0             0
 B_04               0             0             0             0             0
 B_05               0             0             0             0             0
 B_06               0             0             0             0             0


           LAMBDA
              B_01          B_02          B_03          B_04          B_05
              ________      ________      ________      ________      ________
 A_01               0             0             0             0             0
 A_02               0             0             0             0             0
 A_03               0             0             0             0             0
 A_04               0             0             0             0             0
 A_05               0             0             0             0             0
 A_06               0             0             0             0             0
 B_01               0             0             0             0             0
 B_02               0             0             0             0             0
 B_03               0             0             0             0             0
 B_04               0             0             0             0             0
 B_05               0             0             0             0             0
 B_06               0             0             0             0             0


           LAMBDA
              B_06
              ________
 A_01               0
 A_02               0
 A_03               0
 A_04               0
 A_05               0
 A_06               0
 B_01               0
 B_02               0
 B_03               0
 B_04               0
 B_05               0
 B_06               0


           THETA
              A_01          A_02          A_03          A_04          A_05
              ________      ________      ________      ________      ________
 A_01               0
 A_02               0             0
 A_03               0             0             0
 A_04               0             0             0             0
 A_05               0             0             0             0             0
 A_06               0             0             0             0             0
 B_01               0             0             0             0             0
 B_02               0             0             0             0             0
 B_03               0             0             0             0             0
 B_04               0             0             0             0             0
 B_05               0             0             0             0             0
 B_06               0             0             0             0             0


           THETA
              A_06          B_01          B_02          B_03          B_04
              ________      ________      ________      ________      ________
 A_06               0
 B_01               0             0
 B_02               0             0             0
 B_03               0             0             0             0
 B_04               0             0             0             0             0
 B_05               0             0             0             0             0
 B_06               0             0             0             0             0


           THETA
              B_05          B_06
              ________      ________
 B_05               0
 B_06               0             0


           ALPHA
              IA            SA            IB            SB            A_01
              ________      ________      ________      ________      ________
 1                  1             2             3             4             0


           ALPHA
              A_02          A_03          A_04          A_05          A_06
              ________      ________      ________      ________      ________
 1                  0             0             0             0             0


           ALPHA
              B_01          B_02          B_03          B_04          B_05
              ________      ________      ________      ________      ________
 1                  0             0             0             0             0


           ALPHA
              B_06
              ________
 1                  0


           BETA
              IA            SA            IB            SB            A_01
              ________      ________      ________      ________      ________
 IA                 0             0             0             0             0
 SA                 0             0             0             0             0
 IB                 0             0             0             0             0
 SB                 0             0             0             0             0
 A_01               0             0             0             0             0
 A_02               0             0             0             0             5
 A_03               0             0             0             0             0
 A_04               0             0             0             0             0
 A_05               0             0             0             0             0
 A_06               0             0             0             0             0
 B_01               0             0             0             0             0
 B_02               0             0             0             0            11
 B_03               0             0             0             0             0
 B_04               0             0             0             0             0
 B_05               0             0             0             0             0
 B_06               0             0             0             0             0


           BETA
              A_02          A_03          A_04          A_05          A_06
              ________      ________      ________      ________      ________
 IA                 0             0             0             0             0
 SA                 0             0             0             0             0
 IB                 0             0             0             0             0
 SB                 0             0             0             0             0
 A_01               0             0             0             0             0
 A_02               0             0             0             0             0
 A_03               5             0             0             0             0
 A_04               0             5             0             0             0
 A_05               0             0             5             0             0
 A_06               0             0             0             5             0
 B_01               0             0             0             0             0
 B_02               0             0             0             0             0
 B_03              11             0             0             0             0
 B_04               0            11             0             0             0
 B_05               0             0            11             0             0
 B_06               0             0             0            11             0


           BETA
              B_01          B_02          B_03          B_04          B_05
              ________      ________      ________      ________      ________
 IA                 0             0             0             0             0
 SA                 0             0             0             0             0
 IB                 0             0             0             0             0
 SB                 0             0             0             0             0
 A_01               0             0             0             0             0
 A_02               6             0             0             0             0
 A_03               0             7             0             0             0
 A_04               0             0             8             0             0
 A_05               0             0             0             9             0
 A_06               0             0             0             0            10
 B_01               0             0             0             0             0
 B_02              12             0             0             0             0
 B_03               0            12             0             0             0
 B_04               0             0            12             0             0
 B_05               0             0             0            12             0
 B_06               0             0             0             0            12


           BETA
              B_06
              ________
 IA                 0
 SA                 0
 IB                 0
 SB                 0
 A_01               0
 A_02               0
 A_03               0
 A_04               0
 A_05               0
 A_06               0
 B_01               0
 B_02               0
 B_03               0
 B_04               0
 B_05               0
 B_06               0


           PSI
              IA            SA            IB            SB            A_01
              ________      ________      ________      ________      ________
 IA                13
 SA                14            15
 IB                16            17            18
 SB                19            20            21            22
 A_01               0             0             0             0            23
 A_02               0             0             0             0             0
 A_03               0             0             0             0             0
 A_04               0             0             0             0             0
 A_05               0             0             0             0             0
 A_06               0             0             0             0             0
 B_01               0             0             0             0            29
 B_02               0             0             0             0             0
 B_03               0             0             0             0             0
 B_04               0             0             0             0             0
 B_05               0             0             0             0             0
 B_06               0             0             0             0             0


           PSI
              A_02          A_03          A_04          A_05          A_06
              ________      ________      ________      ________      ________
 A_02              24
 A_03               0            25
 A_04               0             0            26
 A_05               0             0             0            27
 A_06               0             0             0             0            28
 B_01               0             0             0             0             0
 B_02               0             0             0             0             0
 B_03               0             0             0             0             0
 B_04               0             0             0             0             0
 B_05               0             0             0             0             0
 B_06               0             0             0             0             0


           PSI
              B_01          B_02          B_03          B_04          B_05
              ________      ________      ________      ________      ________
 B_01              30
 B_02               0            31
 B_03               0             0            32
 B_04               0             0             0            33
 B_05               0             0             0             0            34
 B_06               0             0             0             0             0


           PSI
              B_06
              ________
 B_06              35


     STARTING VALUES


           NU
              A_01          A_02          A_03          A_04          A_05
              ________      ________      ________      ________      ________
 1              0.000         0.000         0.000         0.000         0.000


           NU
              A_06          B_01          B_02          B_03          B_04
              ________      ________      ________      ________      ________
 1              0.000         0.000         0.000         0.000         0.000


           NU
              B_05          B_06
              ________      ________
 1              0.000         0.000


           LAMBDA
              IA            SA            IB            SB            A_01
              ________      ________      ________      ________      ________
 A_01           0.000         0.000         0.000         0.000         1.000
 A_02           0.000         0.000         0.000         0.000         0.000
 A_03           0.000         0.000         0.000         0.000         0.000
 A_04           0.000         0.000         0.000         0.000         0.000
 A_05           0.000         0.000         0.000         0.000         0.000
 A_06           0.000         0.000         0.000         0.000         0.000
 B_01           0.000         0.000         0.000         0.000         0.000
 B_02           0.000         0.000         0.000         0.000         0.000
 B_03           0.000         0.000         0.000         0.000         0.000
 B_04           0.000         0.000         0.000         0.000         0.000
 B_05           0.000         0.000         0.000         0.000         0.000
 B_06           0.000         0.000         0.000         0.000         0.000


           LAMBDA
              A_02          A_03          A_04          A_05          A_06
              ________      ________      ________      ________      ________
 A_01           0.000         0.000         0.000         0.000         0.000
 A_02           1.000         0.000         0.000         0.000         0.000
 A_03           0.000         1.000         0.000         0.000         0.000
 A_04           0.000         0.000         1.000         0.000         0.000
 A_05           0.000         0.000         0.000         1.000         0.000
 A_06           0.000         0.000         0.000         0.000         1.000
 B_01           0.000         0.000         0.000         0.000         0.000
 B_02           0.000         0.000         0.000         0.000         0.000
 B_03           0.000         0.000         0.000         0.000         0.000
 B_04           0.000         0.000         0.000         0.000         0.000
 B_05           0.000         0.000         0.000         0.000         0.000
 B_06           0.000         0.000         0.000         0.000         0.000


           LAMBDA
              B_01          B_02          B_03          B_04          B_05
              ________      ________      ________      ________      ________
 A_01           0.000         0.000         0.000         0.000         0.000
 A_02           0.000         0.000         0.000         0.000         0.000
 A_03           0.000         0.000         0.000         0.000         0.000
 A_04           0.000         0.000         0.000         0.000         0.000
 A_05           0.000         0.000         0.000         0.000         0.000
 A_06           0.000         0.000         0.000         0.000         0.000
 B_01           1.000         0.000         0.000         0.000         0.000
 B_02           0.000         1.000         0.000         0.000         0.000
 B_03           0.000         0.000         1.000         0.000         0.000
 B_04           0.000         0.000         0.000         1.000         0.000
 B_05           0.000         0.000         0.000         0.000         1.000
 B_06           0.000         0.000         0.000         0.000         0.000


           LAMBDA
              B_06
              ________
 A_01           0.000
 A_02           0.000
 A_03           0.000
 A_04           0.000
 A_05           0.000
 A_06           0.000
 B_01           0.000
 B_02           0.000
 B_03           0.000
 B_04           0.000
 B_05           0.000
 B_06           1.000


           THETA
              A_01          A_02          A_03          A_04          A_05
              ________      ________      ________      ________      ________
 A_01           0.000
 A_02           0.000         0.000
 A_03           0.000         0.000         0.000
 A_04           0.000         0.000         0.000         0.000
 A_05           0.000         0.000         0.000         0.000         0.000
 A_06           0.000         0.000         0.000         0.000         0.000
 B_01           0.000         0.000         0.000         0.000         0.000
 B_02           0.000         0.000         0.000         0.000         0.000
 B_03           0.000         0.000         0.000         0.000         0.000
 B_04           0.000         0.000         0.000         0.000         0.000
 B_05           0.000         0.000         0.000         0.000         0.000
 B_06           0.000         0.000         0.000         0.000         0.000


           THETA
              A_06          B_01          B_02          B_03          B_04
              ________      ________      ________      ________      ________
 A_06           0.000
 B_01           0.000         0.000
 B_02           0.000         0.000         0.000
 B_03           0.000         0.000         0.000         0.000
 B_04           0.000         0.000         0.000         0.000         0.000
 B_05           0.000         0.000         0.000         0.000         0.000
 B_06           0.000         0.000         0.000         0.000         0.000


           THETA
              B_05          B_06
              ________      ________
 B_05           0.000
 B_06           0.000         0.000


           ALPHA
              IA            SA            IB            SB            A_01
              ________      ________      ________      ________      ________
 1              5.369        -0.112        29.858        -0.174         0.000


           ALPHA
              A_02          A_03          A_04          A_05          A_06
              ________      ________      ________      ________      ________
 1              0.000         0.000         0.000         0.000         0.000


           ALPHA
              B_01          B_02          B_03          B_04          B_05
              ________      ________      ________      ________      ________
 1              0.000         0.000         0.000         0.000         0.000


           ALPHA
              B_06
              ________
 1              0.000


           BETA
              IA            SA            IB            SB            A_01
              ________      ________      ________      ________      ________
 IA             0.000         0.000         0.000         0.000         0.000
 SA             0.000         0.000         0.000         0.000         0.000
 IB             0.000         0.000         0.000         0.000         0.000
 SB             0.000         0.000         0.000         0.000         0.000
 A_01           1.000         0.000         0.000         0.000         0.000
 A_02           1.000         2.000         0.000         0.000         0.000
 A_03           1.000         4.000         0.000         0.000         0.000
 A_04           1.000         6.000         0.000         0.000         0.000
 A_05           1.000         8.000         0.000         0.000         0.000
 A_06           1.000        10.000         0.000         0.000         0.000
 B_01           0.000         0.000         1.000         0.000         0.000
 B_02           0.000         0.000         1.000         2.000         0.000
 B_03           0.000         0.000         1.000         4.000         0.000
 B_04           0.000         0.000         1.000         6.000         0.000
 B_05           0.000         0.000         1.000         8.000         0.000
 B_06           0.000         0.000         1.000        10.000         0.000


           BETA
              A_02          A_03          A_04          A_05          A_06
              ________      ________      ________      ________      ________
 IA             0.000         0.000         0.000         0.000         0.000
 SA             0.000         0.000         0.000         0.000         0.000
 IB             0.000         0.000         0.000         0.000         0.000
 SB             0.000         0.000         0.000         0.000         0.000
 A_01           0.000         0.000         0.000         0.000         0.000
 A_02           0.000         0.000         0.000         0.000         0.000
 A_03           0.000         0.000         0.000         0.000         0.000
 A_04           0.000         0.000         0.000         0.000         0.000
 A_05           0.000         0.000         0.000         0.000         0.000
 A_06           0.000         0.000         0.000         0.000         0.000
 B_01           0.000         0.000         0.000         0.000         0.000
 B_02           0.000         0.000         0.000         0.000         0.000
 B_03           0.000         0.000         0.000         0.000         0.000
 B_04           0.000         0.000         0.000         0.000         0.000
 B_05           0.000         0.000         0.000         0.000         0.000
 B_06           0.000         0.000         0.000         0.000         0.000


           BETA
              B_01          B_02          B_03          B_04          B_05
              ________      ________      ________      ________      ________
 IA             0.000         0.000         0.000         0.000         0.000
 SA             0.000         0.000         0.000         0.000         0.000
 IB             0.000         0.000         0.000         0.000         0.000
 SB             0.000         0.000         0.000         0.000         0.000
 A_01           0.000         0.000         0.000         0.000         0.000
 A_02           0.000         0.000         0.000         0.000         0.000
 A_03           0.000         0.000         0.000         0.000         0.000
 A_04           0.000         0.000         0.000         0.000         0.000
 A_05           0.000         0.000         0.000         0.000         0.000
 A_06           0.000         0.000         0.000         0.000         0.000
 B_01           0.000         0.000         0.000         0.000         0.000
 B_02           0.000         0.000         0.000         0.000         0.000
 B_03           0.000         0.000         0.000         0.000         0.000
 B_04           0.000         0.000         0.000         0.000         0.000
 B_05           0.000         0.000         0.000         0.000         0.000
 B_06           0.000         0.000         0.000         0.000         0.000


           BETA
              B_06
              ________
 IA             0.000
 SA             0.000
 IB             0.000
 SB             0.000
 A_01           0.000
 A_02           0.000
 A_03           0.000
 A_04           0.000
 A_05           0.000
 A_06           0.000
 B_01           0.000
 B_02           0.000
 B_03           0.000
 B_04           0.000
 B_05           0.000
 B_06           0.000


           PSI
              IA            SA            IB            SB            A_01
              ________      ________      ________      ________      ________
 IA             1.928
 SA             0.000         0.053
 IB             0.000         0.000        92.612
 SB             0.000         0.000         0.000         6.994
 A_01           0.000         0.000         0.000         0.000         1.127
 A_02           0.000         0.000         0.000         0.000         0.000
 A_03           0.000         0.000         0.000         0.000         0.000
 A_04           0.000         0.000         0.000         0.000         0.000
 A_05           0.000         0.000         0.000         0.000         0.000
 A_06           0.000         0.000         0.000         0.000         0.000
 B_01           0.000         0.000         0.000         0.000         0.000
 B_02           0.000         0.000         0.000         0.000         0.000
 B_03           0.000         0.000         0.000         0.000         0.000
 B_04           0.000         0.000         0.000         0.000         0.000
 B_05           0.000         0.000         0.000         0.000         0.000
 B_06           0.000         0.000         0.000         0.000         0.000


           PSI
              A_02          A_03          A_04          A_05          A_06
              ________      ________      ________      ________      ________
 A_02           1.173
 A_03           0.000         1.191
 A_04           0.000         0.000         1.342
 A_05           0.000         0.000         0.000         1.321
 A_06           0.000         0.000         0.000         0.000         1.364
 B_01           0.000         0.000         0.000         0.000         0.000
 B_02           0.000         0.000         0.000         0.000         0.000
 B_03           0.000         0.000         0.000         0.000         0.000
 B_04           0.000         0.000         0.000         0.000         0.000
 B_05           0.000         0.000         0.000         0.000         0.000
 B_06           0.000         0.000         0.000         0.000         0.000


           PSI
              B_01          B_02          B_03          B_04          B_05
              ________      ________      ________      ________      ________
 B_01          35.037
 B_02           0.000        33.092
 B_03           0.000         0.000        36.932
 B_04           0.000         0.000         0.000        35.994
 B_05           0.000         0.000         0.000         0.000        38.520
 B_06           0.000         0.000         0.000         0.000         0.000


           PSI
              B_06
              ________
 B_06          38.270


TECHNICAL 2 OUTPUT


     DERIVATIVES


           Derivatives With Respect to NU
              A_01          A_02          A_03          A_04          A_05
              ________      ________      ________      ________      ________
 1          0.000E+00     0.000E+00     0.000E+00     0.000E+00     0.000E+00


           Derivatives With Respect to NU
              A_06          B_01          B_02          B_03          B_04
              ________      ________      ________      ________      ________
 1          0.000E+00     0.000E+00     0.000E+00     0.000E+00     0.000E+00


           Derivatives With Respect to NU
              B_05          B_06
              ________      ________
 1          0.000E+00     0.000E+00


           Derivatives With Respect to LAMBDA
              IA            SA            IB            SB            A_01
              ________      ________      ________      ________      ________
 A_01       0.000E+00     0.000E+00     0.000E+00     0.000E+00     0.000E+00
 A_02       0.000E+00     0.000E+00     0.000E+00     0.000E+00     0.000E+00
 A_03       0.000E+00     0.000E+00     0.000E+00     0.000E+00     0.000E+00
 A_04       0.000E+00     0.000E+00     0.000E+00     0.000E+00     0.000E+00
 A_05       0.000E+00     0.000E+00     0.000E+00     0.000E+00     0.000E+00
 A_06       0.000E+00     0.000E+00     0.000E+00     0.000E+00     0.000E+00
 B_01       0.000E+00     0.000E+00     0.000E+00     0.000E+00     0.000E+00
 B_02       0.000E+00     0.000E+00     0.000E+00     0.000E+00     0.000E+00
 B_03       0.000E+00     0.000E+00     0.000E+00     0.000E+00     0.000E+00
 B_04       0.000E+00     0.000E+00     0.000E+00     0.000E+00     0.000E+00
 B_05       0.000E+00     0.000E+00     0.000E+00     0.000E+00     0.000E+00
 B_06       0.000E+00     0.000E+00     0.000E+00     0.000E+00     0.000E+00


           Derivatives With Respect to LAMBDA
              A_02          A_03          A_04          A_05          A_06
              ________      ________      ________      ________      ________
 A_01       0.000E+00     0.000E+00     0.000E+00     0.000E+00     0.000E+00
 A_02       0.000E+00     0.000E+00     0.000E+00     0.000E+00     0.000E+00
 A_03       0.000E+00     0.000E+00     0.000E+00     0.000E+00     0.000E+00
 A_04       0.000E+00     0.000E+00     0.000E+00     0.000E+00     0.000E+00
 A_05       0.000E+00     0.000E+00     0.000E+00     0.000E+00     0.000E+00
 A_06       0.000E+00     0.000E+00     0.000E+00     0.000E+00     0.000E+00
 B_01       0.000E+00     0.000E+00     0.000E+00     0.000E+00     0.000E+00
 B_02       0.000E+00     0.000E+00     0.000E+00     0.000E+00     0.000E+00
 B_03       0.000E+00     0.000E+00     0.000E+00     0.000E+00     0.000E+00
 B_04       0.000E+00     0.000E+00     0.000E+00     0.000E+00     0.000E+00
 B_05       0.000E+00     0.000E+00     0.000E+00     0.000E+00     0.000E+00
 B_06       0.000E+00     0.000E+00     0.000E+00     0.000E+00     0.000E+00


           Derivatives With Respect to LAMBDA
              B_01          B_02          B_03          B_04          B_05
              ________      ________      ________      ________      ________
 A_01       0.000E+00     0.000E+00     0.000E+00     0.000E+00     0.000E+00
 A_02       0.000E+00     0.000E+00     0.000E+00     0.000E+00     0.000E+00
 A_03       0.000E+00     0.000E+00     0.000E+00     0.000E+00     0.000E+00
 A_04       0.000E+00     0.000E+00     0.000E+00     0.000E+00     0.000E+00
 A_05       0.000E+00     0.000E+00     0.000E+00     0.000E+00     0.000E+00
 A_06       0.000E+00     0.000E+00     0.000E+00     0.000E+00     0.000E+00
 B_01       0.000E+00     0.000E+00     0.000E+00     0.000E+00     0.000E+00
 B_02       0.000E+00     0.000E+00     0.000E+00     0.000E+00     0.000E+00
 B_03       0.000E+00     0.000E+00     0.000E+00     0.000E+00     0.000E+00
 B_04       0.000E+00     0.000E+00     0.000E+00     0.000E+00     0.000E+00
 B_05       0.000E+00     0.000E+00     0.000E+00     0.000E+00     0.000E+00
 B_06       0.000E+00     0.000E+00     0.000E+00     0.000E+00     0.000E+00


           Derivatives With Respect to LAMBDA
              B_06
              ________
 A_01       0.000E+00
 A_02       0.000E+00
 A_03       0.000E+00
 A_04       0.000E+00
 A_05       0.000E+00
 A_06       0.000E+00
 B_01       0.000E+00
 B_02       0.000E+00
 B_03       0.000E+00
 B_04       0.000E+00
 B_05       0.000E+00
 B_06       0.000E+00


           Derivatives With Respect to THETA
              A_01          A_02          A_03          A_04          A_05
              ________      ________      ________      ________      ________
 A_01       0.000E+00
 A_02       0.000E+00     0.000E+00
 A_03       0.000E+00     0.000E+00     0.000E+00
 A_04       0.000E+00     0.000E+00     0.000E+00     0.000E+00
 A_05       0.000E+00     0.000E+00     0.000E+00     0.000E+00     0.000E+00
 A_06       0.000E+00     0.000E+00     0.000E+00     0.000E+00     0.000E+00
 B_01       0.000E+00     0.000E+00     0.000E+00     0.000E+00     0.000E+00
 B_02       0.000E+00     0.000E+00     0.000E+00     0.000E+00     0.000E+00
 B_03       0.000E+00     0.000E+00     0.000E+00     0.000E+00     0.000E+00
 B_04       0.000E+00     0.000E+00     0.000E+00     0.000E+00     0.000E+00
 B_05       0.000E+00     0.000E+00     0.000E+00     0.000E+00     0.000E+00
 B_06       0.000E+00     0.000E+00     0.000E+00     0.000E+00     0.000E+00


           Derivatives With Respect to THETA
              A_06          B_01          B_02          B_03          B_04
              ________      ________      ________      ________      ________
 A_06       0.000E+00
 B_01       0.000E+00     0.000E+00
 B_02       0.000E+00     0.000E+00     0.000E+00
 B_03       0.000E+00     0.000E+00     0.000E+00     0.000E+00
 B_04       0.000E+00     0.000E+00     0.000E+00     0.000E+00     0.000E+00
 B_05       0.000E+00     0.000E+00     0.000E+00     0.000E+00     0.000E+00
 B_06       0.000E+00     0.000E+00     0.000E+00     0.000E+00     0.000E+00


           Derivatives With Respect to THETA
              B_05          B_06
              ________      ________
 B_05       0.000E+00
 B_06       0.000E+00     0.000E+00


           Derivatives With Respect to ALPHA
              IA            SA            IB            SB            A_01
              ________      ________      ________      ________      ________
 1         -0.329E-05    -0.177E-04    -0.623E-06    -0.349E-05     0.000E+00


           Derivatives With Respect to ALPHA
              A_02          A_03          A_04          A_05          A_06
              ________      ________      ________      ________      ________
 1          0.000E+00     0.000E+00     0.000E+00     0.000E+00     0.000E+00


           Derivatives With Respect to ALPHA
              B_01          B_02          B_03          B_04          B_05
              ________      ________      ________      ________      ________
 1          0.000E+00     0.000E+00     0.000E+00     0.000E+00     0.000E+00


           Derivatives With Respect to ALPHA
              B_06
              ________
 1          0.000E+00


           Derivatives With Respect to BETA
              IA            SA            IB            SB            A_01
              ________      ________      ________      ________      ________
 IA         0.000E+00     0.000E+00     0.000E+00     0.000E+00     0.000E+00
 SA         0.000E+00     0.000E+00     0.000E+00     0.000E+00     0.000E+00
 IB         0.000E+00     0.000E+00     0.000E+00     0.000E+00     0.000E+00
 SB         0.000E+00     0.000E+00     0.000E+00     0.000E+00     0.000E+00
 A_01       0.000E+00     0.000E+00     0.000E+00     0.000E+00     0.000E+00
 A_02       0.000E+00     0.000E+00     0.000E+00     0.000E+00    -0.909E-05
 A_03       0.000E+00     0.000E+00     0.000E+00     0.000E+00     0.000E+00
 A_04       0.000E+00     0.000E+00     0.000E+00     0.000E+00     0.000E+00
 A_05       0.000E+00     0.000E+00     0.000E+00     0.000E+00     0.000E+00
 A_06       0.000E+00     0.000E+00     0.000E+00     0.000E+00     0.000E+00
 B_01       0.000E+00     0.000E+00     0.000E+00     0.000E+00     0.000E+00
 B_02       0.000E+00     0.000E+00     0.000E+00     0.000E+00    -0.447E-05
 B_03       0.000E+00     0.000E+00     0.000E+00     0.000E+00     0.000E+00
 B_04       0.000E+00     0.000E+00     0.000E+00     0.000E+00     0.000E+00
 B_05       0.000E+00     0.000E+00     0.000E+00     0.000E+00     0.000E+00
 B_06       0.000E+00     0.000E+00     0.000E+00     0.000E+00     0.000E+00


           Derivatives With Respect to BETA
              A_02          A_03          A_04          A_05          A_06
              ________      ________      ________      ________      ________
 IA         0.000E+00     0.000E+00     0.000E+00     0.000E+00     0.000E+00
 SA         0.000E+00     0.000E+00     0.000E+00     0.000E+00     0.000E+00
 IB         0.000E+00     0.000E+00     0.000E+00     0.000E+00     0.000E+00
 SB         0.000E+00     0.000E+00     0.000E+00     0.000E+00     0.000E+00
 A_01       0.000E+00     0.000E+00     0.000E+00     0.000E+00     0.000E+00
 A_02       0.000E+00     0.000E+00     0.000E+00     0.000E+00     0.000E+00
 A_03      -0.909E-05     0.000E+00     0.000E+00     0.000E+00     0.000E+00
 A_04       0.000E+00    -0.909E-05     0.000E+00     0.000E+00     0.000E+00
 A_05       0.000E+00     0.000E+00    -0.909E-05     0.000E+00     0.000E+00
 A_06       0.000E+00     0.000E+00     0.000E+00    -0.909E-05     0.000E+00
 B_01       0.000E+00     0.000E+00     0.000E+00     0.000E+00     0.000E+00
 B_02       0.000E+00     0.000E+00     0.000E+00     0.000E+00     0.000E+00
 B_03      -0.447E-05     0.000E+00     0.000E+00     0.000E+00     0.000E+00
 B_04       0.000E+00    -0.447E-05     0.000E+00     0.000E+00     0.000E+00
 B_05       0.000E+00     0.000E+00    -0.447E-05     0.000E+00     0.000E+00
 B_06       0.000E+00     0.000E+00     0.000E+00    -0.447E-05     0.000E+00


           Derivatives With Respect to BETA
              B_01          B_02          B_03          B_04          B_05
              ________      ________      ________      ________      ________
 IA         0.000E+00     0.000E+00     0.000E+00     0.000E+00     0.000E+00
 SA         0.000E+00     0.000E+00     0.000E+00     0.000E+00     0.000E+00
 IB         0.000E+00     0.000E+00     0.000E+00     0.000E+00     0.000E+00
 SB         0.000E+00     0.000E+00     0.000E+00     0.000E+00     0.000E+00
 A_01       0.000E+00     0.000E+00     0.000E+00     0.000E+00     0.000E+00
 A_02       0.377E-05     0.000E+00     0.000E+00     0.000E+00     0.000E+00
 A_03       0.000E+00     0.148E-04     0.000E+00     0.000E+00     0.000E+00
 A_04       0.000E+00     0.000E+00    -0.189E-04     0.000E+00     0.000E+00
 A_05       0.000E+00     0.000E+00     0.000E+00    -0.908E-05     0.000E+00
 A_06       0.000E+00     0.000E+00     0.000E+00     0.000E+00    -0.474E-04
 B_01       0.000E+00     0.000E+00     0.000E+00     0.000E+00     0.000E+00
 B_02      -0.371E-04     0.000E+00     0.000E+00     0.000E+00     0.000E+00
 B_03       0.000E+00    -0.371E-04     0.000E+00     0.000E+00     0.000E+00
 B_04       0.000E+00     0.000E+00    -0.371E-04     0.000E+00     0.000E+00
 B_05       0.000E+00     0.000E+00     0.000E+00    -0.371E-04     0.000E+00
 B_06       0.000E+00     0.000E+00     0.000E+00     0.000E+00    -0.371E-04


           Derivatives With Respect to BETA
              B_06
              ________
 IA         0.000E+00
 SA         0.000E+00
 IB         0.000E+00
 SB         0.000E+00
 A_01       0.000E+00
 A_02       0.000E+00
 A_03       0.000E+00
 A_04       0.000E+00
 A_05       0.000E+00
 A_06       0.000E+00
 B_01       0.000E+00
 B_02       0.000E+00
 B_03       0.000E+00
 B_04       0.000E+00
 B_05       0.000E+00
 B_06       0.000E+00


           Derivatives With Respect to PSI
              IA            SA            IB            SB            A_01
              ________      ________      ________      ________      ________
 IA         0.409E-06
 SA         0.133E-05     0.820E-04
 IB         0.105E-06    -0.774E-06     0.394E-08
 SB        -0.849E-06    -0.250E-04     0.122E-06     0.823E-05
 A_01       0.000E+00     0.000E+00     0.000E+00     0.000E+00     0.240E-05
 A_02       0.000E+00     0.000E+00     0.000E+00     0.000E+00     0.000E+00
 A_03       0.000E+00     0.000E+00     0.000E+00     0.000E+00     0.000E+00
 A_04       0.000E+00     0.000E+00     0.000E+00     0.000E+00     0.000E+00
 A_05       0.000E+00     0.000E+00     0.000E+00     0.000E+00     0.000E+00
 A_06       0.000E+00     0.000E+00     0.000E+00     0.000E+00     0.000E+00
 B_01       0.000E+00     0.000E+00     0.000E+00     0.000E+00    -0.367E-06
 B_02       0.000E+00     0.000E+00     0.000E+00     0.000E+00     0.000E+00
 B_03       0.000E+00     0.000E+00     0.000E+00     0.000E+00     0.000E+00
 B_04       0.000E+00     0.000E+00     0.000E+00     0.000E+00     0.000E+00
 B_05       0.000E+00     0.000E+00     0.000E+00     0.000E+00     0.000E+00
 B_06       0.000E+00     0.000E+00     0.000E+00     0.000E+00     0.000E+00


           Derivatives With Respect to PSI
              A_02          A_03          A_04          A_05          A_06
              ________      ________      ________      ________      ________
 A_02       0.808E-06
 A_03       0.000E+00     0.153E-05
 A_04       0.000E+00     0.000E+00    -0.406E-06
 A_05       0.000E+00     0.000E+00     0.000E+00    -0.627E-06
 A_06       0.000E+00     0.000E+00     0.000E+00     0.000E+00     0.241E-07
 B_01       0.000E+00     0.000E+00     0.000E+00     0.000E+00     0.000E+00
 B_02       0.000E+00     0.000E+00     0.000E+00     0.000E+00     0.000E+00
 B_03       0.000E+00     0.000E+00     0.000E+00     0.000E+00     0.000E+00
 B_04       0.000E+00     0.000E+00     0.000E+00     0.000E+00     0.000E+00
 B_05       0.000E+00     0.000E+00     0.000E+00     0.000E+00     0.000E+00
 B_06       0.000E+00     0.000E+00     0.000E+00     0.000E+00     0.000E+00


           Derivatives With Respect to PSI
              B_01          B_02          B_03          B_04          B_05
              ________      ________      ________      ________      ________
 B_01       0.223E-06
 B_02       0.000E+00     0.377E-06
 B_03       0.000E+00     0.000E+00     0.109E-06
 B_04       0.000E+00     0.000E+00     0.000E+00     0.257E-06
 B_05       0.000E+00     0.000E+00     0.000E+00     0.000E+00     0.861E-07
 B_06       0.000E+00     0.000E+00     0.000E+00     0.000E+00     0.000E+00


           Derivatives With Respect to PSI
              B_06
              ________
 B_06       0.806E-07


TECHNICAL 3 OUTPUT


           ESTIMATED COVARIANCE MATRIX FOR PARAMETER ESTIMATES
                     1             2             3             4             5
              ________      ________      ________      ________      ________
        1   0.413642D-03
        2  -0.139740D-04  0.271772D-03
        3   0.234900D-03 -0.304200D-03  0.579723D-01
        4  -0.101230D-05 -0.436488D-04 -0.126568D-03  0.413846D-03
        5  -0.876061D-05 -0.473555D-04 -0.483179D-04 -0.734998D-05  0.900808D-04
        6  -0.463744D-05 -0.891850D-05  0.276370D-04  0.442755D-05 -0.125243D-04
        7  -0.381380D-05 -0.274296D-04  0.516931D-04  0.810792D-05 -0.929864D-05
        8  -0.319458D-05 -0.454950D-04  0.743390D-04  0.103973D-04 -0.611614D-05
        9  -0.168889D-05 -0.648970D-04  0.969223D-04  0.138867D-04 -0.206787D-05
       10  -0.142841D-05 -0.854712D-04  0.113711D-03  0.178705D-04  0.190368D-05
       11  -0.830775D-04 -0.622968D-03  0.188904D-02  0.394767D-03 -0.574755D-04
       12   0.218390D-04  0.127164D-03 -0.203634D-02 -0.135920D-03  0.130310D-04
       13  -0.117609D-04  0.632735D-04  0.894339D-04  0.128365D-05 -0.180750D-03
       14  -0.329246D-07  0.159085D-04 -0.317069D-04 -0.438926D-05  0.808692D-05
       15   0.496338D-06  0.357503D-05  0.346265D-05 -0.160354D-06 -0.417669D-05
       16   0.199934D-03  0.923366D-03 -0.197815D-02 -0.197446D-03  0.421011D-03
       17  -0.887171D-05  0.265593D-03 -0.502910D-03  0.516374D-05 -0.579163D-04
       18  -0.745808D-04 -0.552991D-02  0.695782D-01  0.913275D-02 -0.423483D-03
       19  -0.212897D-04 -0.108032D-03  0.603564D-03 -0.311574D-04 -0.255304D-04
       20   0.226363D-05  0.337896D-04 -0.861630D-05 -0.174339D-04  0.247028D-05
       21  -0.102424D-03  0.104899D-03  0.275289D-02 -0.289383D-04  0.227578D-04
       22   0.123549D-04 -0.790956D-04  0.106731D-02 -0.376774D-04 -0.107062D-04
       23  -0.689175D-04 -0.604215D-04  0.414038D-04 -0.624268D-05  0.124395D-03
       24   0.706233D-05 -0.105298D-04 -0.202220D-03  0.325724D-05  0.600165D-04
       25   0.139451D-04 -0.186039D-04  0.175053D-03 -0.383662D-05  0.337383D-04
       26   0.376591D-04 -0.361143D-04 -0.913044D-04  0.840110D-05  0.808771D-04
       27   0.688923D-05 -0.838885D-04  0.229108D-03 -0.218895D-06  0.927773D-04
       28   0.184674D-04 -0.548280D-04 -0.214783D-03 -0.297037D-04  0.119514D-03
       29  -0.146635D-04 -0.431999D-03 -0.526712D-02  0.727266D-04 -0.272529D-03
       30  -0.522687D-03  0.523808D-02 -0.981835D-01 -0.452039D-02  0.286016D-03
       31  -0.726523D-03  0.716293D-03  0.351067D-01 -0.154733D-03  0.596911D-03
       32  -0.142166D-02 -0.295799D-02  0.235784D-01  0.254323D-02 -0.222438D-03
       33  -0.863161D-03  0.716297D-03  0.238162D-03 -0.162444D-02 -0.991601D-04
       34  -0.146909D-02  0.795116D-03 -0.110490D-01  0.127170D-02  0.271505D-04
       35  -0.140870D-02  0.288938D-02 -0.274777D-01  0.103948D-02  0.133769D-03


           ESTIMATED COVARIANCE MATRIX FOR PARAMETER ESTIMATES
                     6             7             8             9            10
              ________      ________      ________      ________      ________
        6   0.318293D-05
        7   0.355556D-05  0.567977D-05
        8   0.417582D-05  0.727133D-05  0.106036D-04
        9   0.466551D-05  0.911975D-05  0.134595D-04  0.182782D-04
       10   0.532172D-05  0.111376D-04  0.168711D-04  0.228747D-04  0.296877D-04
       11   0.530360D-04  0.976014D-04  0.139351D-03  0.181960D-03  0.229784D-03
       12  -0.110121D-04 -0.203031D-04 -0.286928D-04 -0.374689D-04 -0.470727D-04
       13   0.263588D-04  0.222118D-04  0.181122D-04  0.125826D-04  0.705377D-05
       14  -0.235982D-05 -0.349291D-05 -0.459992D-05 -0.562195D-05 -0.682538D-05
       15   0.471073D-06  0.228368D-06 -0.392983D-08 -0.319702D-06 -0.627105D-06
       16  -0.145435D-03 -0.210110D-03 -0.269632D-03 -0.326053D-03 -0.394524D-03
       17  -0.610767D-05 -0.246961D-04 -0.426421D-04 -0.621558D-04 -0.828876D-04
       18   0.458436D-03  0.844832D-03  0.124423D-02  0.160701D-02  0.201525D-02
       19   0.120076D-04  0.195757D-04  0.263058D-04  0.339546D-04  0.422419D-04
       20  -0.277499D-05 -0.505812D-05 -0.733467D-05 -0.973639D-05 -0.124017D-04
       21  -0.125973D-04 -0.147888D-04 -0.286220D-04 -0.326648D-04 -0.387974D-04
       22   0.719735D-05  0.121099D-04  0.184052D-04  0.233604D-04  0.294061D-04
       23  -0.146305D-04 -0.109163D-04 -0.755510D-05 -0.215325D-05  0.333289D-05
       24  -0.105619D-04 -0.872394D-05 -0.842123D-05 -0.668676D-05 -0.619055D-05
       25  -0.433255D-05 -0.441143D-05 -0.191711D-05 -0.405479D-06  0.972066D-06
       26  -0.121598D-04 -0.101950D-04 -0.118684D-04 -0.357429D-05 -0.473789D-06
       27  -0.100244D-04 -0.413587D-05  0.933612D-06  0.142453D-05  0.147827D-04
       28  -0.163003D-04 -0.135530D-04 -0.964068D-05 -0.476472D-05 -0.253993D-05
       29   0.830709D-04  0.110333D-03  0.132394D-03  0.158427D-03  0.191733D-03
       30  -0.424176D-03 -0.787923D-03 -0.113552D-02 -0.152774D-02 -0.192762D-02
       31  -0.176121D-03 -0.195239D-03 -0.272013D-03 -0.305980D-03 -0.368058D-03
       32   0.264033D-03  0.431147D-03  0.624302D-03  0.823428D-03  0.105730D-02
       33   0.151462D-05 -0.523274D-04 -0.135813D-03 -0.177359D-03 -0.248431D-03
       34  -0.379797D-04 -0.103462D-03 -0.159626D-03 -0.215731D-03 -0.295207D-03
       35  -0.197640D-03 -0.385737D-03 -0.639353D-03 -0.830528D-03 -0.109147D-02


           ESTIMATED COVARIANCE MATRIX FOR PARAMETER ESTIMATES
                    11            12            13            14            15
              ________      ________      ________      ________      ________
       11   0.540586D-02
       12  -0.107514D-02  0.284670D-03
       13   0.238984D-03 -0.483882D-04  0.161576D-02
       14  -0.579394D-04  0.120667D-04 -0.960284D-04  0.155193D-04
       15  -0.220601D-05  0.271064D-06  0.146685D-04 -0.179994D-05  0.597016D-06
       16  -0.815414D-02  0.151877D-02  0.405693D-04  0.965303D-04 -0.119811D-04
       17  -0.182476D-03  0.476814D-04  0.131578D-04  0.234557D-04  0.430352D-05
       18   0.464874D-01 -0.125894D-01  0.352990D-02 -0.522819D-03 -0.947679D-05
       19   0.567455D-03 -0.116566D-03  0.112366D-03 -0.978318D-05  0.372217D-06
       20  -0.164824D-03  0.317858D-04 -0.106197D-04  0.317425D-05  0.201947D-06
       21  -0.502093D-03 -0.240403D-04 -0.879009D-04  0.182450D-04 -0.216577D-05
       22   0.549347D-03 -0.127678D-03  0.361329D-04 -0.821413D-05  0.460758D-06
       23  -0.771946D-04  0.146312D-04 -0.650383D-03  0.636662D-04 -0.130644D-04
       24  -0.751081D-04  0.175732D-04 -0.322352D-03  0.269688D-04 -0.469960D-05
       25  -0.945622D-05 -0.208068D-05 -0.145245D-03  0.746475D-05 -0.172338D-05
       26  -0.108619D-03  0.220665D-04 -0.193224D-03  0.490584D-05 -0.430658D-05
       27   0.813641D-04 -0.243314D-04 -0.205951D-03  0.916905D-05 -0.865263D-05
       28  -0.787245D-04  0.252818D-04 -0.325499D-03  0.388374D-04 -0.156573D-04
       29   0.233040D-02 -0.234922D-03  0.768961D-03 -0.709461D-04  0.711568D-05
       30  -0.404304D-01  0.110124D-01 -0.106382D-03  0.433711D-03  0.375295D-04
       31   0.666053D-05 -0.140356D-02 -0.173746D-02  0.171959D-03 -0.395818D-04
       32   0.133268D-01 -0.391578D-02 -0.282576D-03 -0.216404D-03 -0.138770D-04
       33  -0.942939D-02  0.171854D-02  0.824607D-04  0.360626D-04  0.374257D-04
       34  -0.378111D-02  0.856790D-03  0.236767D-03  0.683809D-04 -0.122924D-05
       35  -0.179557D-01  0.391628D-02 -0.352581D-03  0.213317D-03  0.129546D-04


           ESTIMATED COVARIANCE MATRIX FOR PARAMETER ESTIMATES
                    16            17            18            19            20
              ________      ________      ________      ________      ________
       16   0.462806D-01
       17  -0.146113D-02  0.779147D-03
       18  -0.163402D-01  0.205933D-02  0.634110D+01
       19  -0.396919D-02  0.897637D-04 -0.449047D-03  0.700186D-03
       20   0.432646D-03 -0.186519D-04 -0.172295D-02 -0.549742D-04  0.155764D-04
       21   0.742344D-03 -0.253625D-04 -0.589044D+00  0.262268D-03  0.325699D-04
       22  -0.144466D-02 -0.699164D-04  0.750466D-01  0.176566D-03 -0.106000D-04
       23   0.305409D-03 -0.549348D-04 -0.154012D-02 -0.265982D-04  0.194708D-06
       24   0.309660D-03 -0.716523D-07 -0.952455D-03 -0.423101D-04  0.349085D-05
       25   0.185437D-03 -0.184183D-04 -0.131173D-02 -0.323986D-04  0.934898D-06
       26   0.384432D-03 -0.296110D-04 -0.114132D-02 -0.181939D-04  0.240538D-05
       27   0.251834D-04 -0.891002D-04  0.187257D-02  0.351056D-05 -0.144777D-05
       28   0.605195D-03 -0.909700D-04 -0.108931D-02 -0.744722D-04  0.113416D-04
       29  -0.116884D-01  0.809581D-03  0.101600D+00  0.124913D-02 -0.256489D-03
       30   0.860151D-01 -0.113218D-02 -0.415155D+01 -0.681208D-02  0.163362D-02
       31   0.175594D-01 -0.836441D-03 -0.258315D+01 -0.141650D-02  0.255190D-03
       32  -0.177652D-01 -0.348014D-02 -0.985144D+00  0.240542D-02 -0.446841D-03
       33   0.217453D-01 -0.315960D-03 -0.149009D+00 -0.284073D-02  0.349607D-03
       34   0.192697D-01  0.935767D-03 -0.351163D+00 -0.392633D-02  0.135897D-03
       35   0.391813D-01  0.283063D-02 -0.161686D+01 -0.450392D-02  0.460281D-03


           ESTIMATED COVARIANCE MATRIX FOR PARAMETER ESTIMATES
                    21            22            23            24            25
              ________      ________      ________      ________      ________
       21   0.878192D-01
       22  -0.132734D-01  0.291292D-02
       23   0.426101D-04 -0.218735D-05  0.168828D-02
       24   0.795061D-04 -0.396991D-04  0.204118D-03  0.125707D-02
       25   0.188795D-03 -0.358578D-04  0.111879D-03  0.435271D-04  0.106436D-02
       26  -0.201121D-04 -0.944704D-05  0.140380D-03  0.152899D-03  0.200444D-04
       27   0.231095D-05  0.577402D-04  0.191001D-03 -0.418669D-05  0.552838D-04
       28   0.542294D-04 -0.240096D-04  0.350997D-03  0.212665D-03  0.434793D-04
       29  -0.121569D-01  0.173443D-02 -0.540595D-04 -0.241895D-03 -0.206246D-03
       30   0.522893D+00 -0.853535D-01  0.179899D-02 -0.674427D-05 -0.146980D-02
       31   0.345519D+00 -0.476105D-01  0.214659D-02  0.891155D-03  0.269897D-02
       32   0.823806D-01 -0.269663D-02  0.738297D-03 -0.138689D-03  0.123607D-02
       33  -0.227947D-01  0.271675D-02  0.122330D-02  0.637679D-03  0.716967D-03
       34   0.993737D-01 -0.438015D-01  0.124627D-02  0.140466D-03  0.243430D-04
       35   0.338515D+00 -0.933011D-01 -0.306850D-03  0.159621D-02  0.160679D-02


           ESTIMATED COVARIANCE MATRIX FOR PARAMETER ESTIMATES
                    26            27            28            29            30
              ________      ________      ________      ________      ________
       26   0.184701D-02
       27   0.879521D-04  0.213707D-02
       28   0.207697D-03  0.302561D-03  0.234692D-02
       29  -0.136653D-03  0.473338D-03 -0.462315D-03  0.100840D+00
       30   0.828684D-04 -0.164725D-02 -0.208219D-02 -0.164762D+00  0.104357D+02
       31   0.692750D-04  0.840055D-03  0.204729D-02 -0.584615D-01  0.221267D+01
       32   0.832081D-03  0.983280D-03 -0.481541D-03 -0.115310D-01  0.392255D+00
       33  -0.547597D-03 -0.299833D-04 -0.378557D-03  0.115167D-01 -0.177225D+00
       34  -0.128308D-02 -0.309737D-02 -0.860061D-03 -0.156575D-01  0.783776D+00
       35   0.208746D-03 -0.682806D-03  0.134885D-02 -0.498184D-01  0.225479D+01


           ESTIMATED COVARIANCE MATRIX FOR PARAMETER ESTIMATES
                    31            32            33            34            35
              ________      ________      ________      ________      ________
       31   0.323724D+01
       32   0.438480D+00  0.274008D+01
       33   0.857826D-01  0.477846D-01  0.192106D+01
       34   0.295303D+00 -0.430906D-01  0.163945D-01  0.394885D+01
       35   0.108158D+01 -0.103384D+00 -0.198686D+00  0.179039D+01  0.610202D+01


           ESTIMATED CORRELATION MATRIX FOR PARAMETER ESTIMATES
                     1             2             3             4             5
              ________      ________      ________      ________      ________
        1       1.000
        2      -0.042         1.000
        3       0.048        -0.077         1.000
        4      -0.002        -0.130        -0.026         1.000
        5      -0.045        -0.303        -0.021        -0.038         1.000
        6      -0.128        -0.303         0.064         0.122        -0.740
        7      -0.079        -0.698         0.090         0.167        -0.411
        8      -0.048        -0.847         0.095         0.157        -0.198
        9      -0.019        -0.921         0.094         0.160        -0.051
       10      -0.013        -0.952         0.087         0.161         0.037
       11      -0.056        -0.514         0.107         0.264        -0.082
       12       0.064         0.457        -0.501        -0.396         0.081
       13      -0.014         0.095         0.009         0.002        -0.474
       14       0.000         0.245        -0.033        -0.055         0.216
       15       0.032         0.281         0.019        -0.010        -0.570
       16       0.046         0.260        -0.038        -0.045         0.206
       17      -0.016         0.577        -0.075         0.009        -0.219
       18      -0.001        -0.133         0.115         0.178        -0.018
       19      -0.040        -0.248         0.095        -0.058        -0.102
       20       0.028         0.519        -0.009        -0.217         0.066
       21      -0.017         0.021         0.039        -0.005         0.008
       22       0.011        -0.089         0.082        -0.034        -0.021
       23      -0.082        -0.089         0.004        -0.007         0.319
       24       0.010        -0.018        -0.024         0.005         0.178
       25       0.021        -0.035         0.022        -0.006         0.109
       26       0.043        -0.051        -0.009         0.010         0.198
       27       0.007        -0.110         0.021         0.000         0.211
       28       0.019        -0.069        -0.018        -0.030         0.260
       29      -0.002        -0.083        -0.069         0.011        -0.090
       30      -0.008         0.098        -0.126        -0.069         0.009
       31      -0.020         0.024         0.081        -0.004         0.035
       32      -0.042        -0.108         0.059         0.076        -0.014
       33      -0.031         0.031         0.001        -0.058        -0.008
       34      -0.036         0.024        -0.023         0.031         0.001
       35      -0.028         0.071        -0.046         0.021         0.006


           ESTIMATED CORRELATION MATRIX FOR PARAMETER ESTIMATES
                     6             7             8             9            10
              ________      ________      ________      ________      ________
        6       1.000
        7       0.836         1.000
        8       0.719         0.937         1.000
        9       0.612         0.895         0.967         1.000
       10       0.547         0.858         0.951         0.982         1.000
       11       0.404         0.557         0.582         0.579         0.574
       12      -0.366        -0.505        -0.522        -0.519        -0.512
       13       0.368         0.232         0.138         0.073         0.032
       14      -0.336        -0.372        -0.359        -0.334        -0.318
       15       0.342         0.124        -0.002        -0.097        -0.149
       16      -0.379        -0.410        -0.385        -0.355        -0.337
       17      -0.123        -0.371        -0.469        -0.521        -0.545
       18       0.102         0.141         0.152         0.149         0.147
       19       0.254         0.310         0.305         0.300         0.293
       20      -0.394        -0.538        -0.571        -0.577        -0.577
       21      -0.024        -0.021        -0.030        -0.026        -0.024
       22       0.075         0.094         0.105         0.101         0.100
       23      -0.200        -0.111        -0.056        -0.012         0.015
       24      -0.167        -0.103        -0.073        -0.044        -0.032
       25      -0.074        -0.057        -0.018        -0.003         0.005
       26      -0.159        -0.100        -0.085        -0.019        -0.002
       27      -0.122        -0.038         0.006         0.007         0.059
       28      -0.189        -0.117        -0.061        -0.023        -0.010
       29       0.147         0.146         0.128         0.117         0.111
       30      -0.074        -0.102        -0.108        -0.111        -0.110
       31      -0.055        -0.046        -0.046        -0.040        -0.038
       32       0.089         0.109         0.116         0.116         0.117
       33       0.001        -0.016        -0.030        -0.030        -0.033
       34      -0.011        -0.022        -0.025        -0.025        -0.027
       35      -0.045        -0.066        -0.079        -0.079        -0.081


           ESTIMATED CORRELATION MATRIX FOR PARAMETER ESTIMATES
                    11            12            13            14            15
              ________      ________      ________      ________      ________
       11       1.000
       12      -0.867         1.000
       13       0.081        -0.071         1.000
       14      -0.200         0.182        -0.606         1.000
       15      -0.039         0.021         0.472        -0.591         1.000
       16      -0.516         0.418         0.005         0.114        -0.072
       17      -0.089         0.101         0.012         0.213         0.200
       18       0.251        -0.296         0.035        -0.053        -0.005
       19       0.292        -0.261         0.106        -0.094         0.018
       20      -0.568         0.477        -0.067         0.204         0.066
       21      -0.023        -0.005        -0.007         0.016        -0.009
       22       0.138        -0.140         0.017        -0.039         0.011
       23      -0.026         0.021        -0.394         0.393        -0.412
       24      -0.029         0.029        -0.226         0.193        -0.172
       25      -0.004        -0.004        -0.111         0.058        -0.068
       26      -0.034         0.030        -0.112         0.029        -0.130
       27       0.024        -0.031        -0.111         0.050        -0.242
       28      -0.022         0.031        -0.167         0.204        -0.418
       29       0.100        -0.044         0.060        -0.057         0.029
       30      -0.170         0.202        -0.001         0.034         0.015
       31       0.000        -0.046        -0.024         0.024        -0.028
       32       0.109        -0.140        -0.004        -0.033        -0.011
       33      -0.093         0.073         0.001         0.007         0.035
       34      -0.026         0.026         0.003         0.009        -0.001
       35      -0.099         0.094        -0.004         0.022         0.007


           ESTIMATED CORRELATION MATRIX FOR PARAMETER ESTIMATES
                    16            17            18            19            20
              ________      ________      ________      ________      ________
       16       1.000
       17      -0.243         1.000
       18      -0.030         0.029         1.000
       19      -0.697         0.122        -0.007         1.000
       20       0.510        -0.169        -0.173        -0.526         1.000
       21       0.012        -0.003        -0.789         0.033         0.028
       22      -0.124        -0.046         0.552         0.124        -0.050
       23       0.035        -0.048        -0.015        -0.024         0.001
       24       0.041         0.000        -0.011        -0.045         0.025
       25       0.026        -0.020        -0.016        -0.038         0.007
       26       0.042        -0.025        -0.011        -0.016         0.014
       27       0.003        -0.069         0.016         0.003        -0.008
       28       0.058        -0.067        -0.009        -0.058         0.059
       29      -0.171         0.091         0.127         0.149        -0.205
       30       0.124        -0.013        -0.510        -0.080         0.128
       31       0.045        -0.017        -0.570        -0.030         0.036
       32      -0.050        -0.075        -0.236         0.055        -0.068
       33       0.073        -0.008        -0.043        -0.077         0.064
       34       0.045         0.017        -0.070        -0.075         0.017
       35       0.074         0.041        -0.260        -0.069         0.047


           ESTIMATED CORRELATION MATRIX FOR PARAMETER ESTIMATES
                    21            22            23            24            25
              ________      ________      ________      ________      ________
       21       1.000
       22      -0.830         1.000
       23       0.003        -0.001         1.000
       24       0.008        -0.021         0.140         1.000
       25       0.020        -0.020         0.083         0.038         1.000
       26      -0.002        -0.004         0.079         0.100         0.014
       27       0.000         0.023         0.101        -0.003         0.037
       28       0.004        -0.009         0.176         0.124         0.028
       29      -0.129         0.101        -0.004        -0.021        -0.020
       30       0.546        -0.490         0.014         0.000        -0.014
       31       0.648        -0.490         0.029         0.014         0.046
       32       0.168        -0.030         0.011        -0.002         0.023
       33      -0.055         0.036         0.021         0.013         0.016
       34       0.169        -0.408         0.015         0.002         0.000
       35       0.462        -0.700        -0.003         0.018         0.020


           ESTIMATED CORRELATION MATRIX FOR PARAMETER ESTIMATES
                    26            27            28            29            30
              ________      ________      ________      ________      ________
       26       1.000
       27       0.044         1.000
       28       0.100         0.135         1.000
       29      -0.010         0.032        -0.030         1.000
       30       0.001        -0.011        -0.013        -0.161         1.000
       31       0.001         0.010         0.023        -0.102         0.381
       32       0.012         0.013        -0.006        -0.022         0.073
       33      -0.009         0.000        -0.006         0.026        -0.040
       34      -0.015        -0.034        -0.009        -0.025         0.122
       35       0.002        -0.006         0.011        -0.064         0.283


           ESTIMATED CORRELATION MATRIX FOR PARAMETER ESTIMATES
                    31            32            33            34            35
              ________      ________      ________      ________      ________
       31       1.000
       32       0.147         1.000
       33       0.034         0.021         1.000
       34       0.083        -0.013         0.006         1.000
       35       0.243        -0.025        -0.058         0.365         1.000


     Beginning Time:  21:12:56
        Ending Time:  21:18:07
       Elapsed Time:  00:05:11



MUTHEN & MUTHEN
3463 Stoner Ave.
Los Angeles, CA  90066

Tel: (310) 391-9971
Fax: (310) 391-8971
Web: www.StatModel.com
Support: Support@StatModel.com

Copyright (c) 1998-2015 Muthen & Muthen
