Mplus VERSION 7.4 (Mac)
MUTHEN & MUTHEN
07/11/2017  12:23 PM

INPUT INSTRUCTIONS

  TITLE:
  ALT, no slope
  DATA:
  File = wide-dataset-b.dat ;
  VARIABLE:
  NAMES are
   id hhid male birthyr_rand birthmo_rand race_rand hispanic_rand cohort
      raedyrs raedegrm memoryproblems_baseline memory_disease_ever age_baseline
      age_baseline_65 health_conditions_baseline healthcond_mean activity_mean_2004
      activity_mean_2006 activity_mean_2008 activity_mean_2010 activity_mean_2012
      activity_mean_2014 activity_sum_2004 activity_sum_2006 activity_sum_2008
      activity_sum_2010 activity_sum_2012 activity_sum_2014 close_social_network_2004
      close_social_network_2006 close_social_network_2008 close_social_network_2010
      close_social_network_2012 close_social_network_2014 countb20r_2004
      countb20r_2006 countb20r_2008 countb20r_2010 countb20r_2012 countb20r_2014
      crp_adj_2004 crp_adj_2006 crp_adj_2008 crp_adj_2010 crp_adj_2012 crp_adj_2014
      dep_total_2004 dep_total_2006 dep_total_2008 dep_total_2010 dep_total_2012
      dep_total_2014 exercise_2004 exercise_2006 exercise_2008 exercise_2010
      exercise_2012 exercise_2014 healthcond_2004 healthcond_2006 healthcond_2008
      healthcond_2010 healthcond_2012 healthcond_2014 hhres_2004 hhres_2006
      hhres_2008 hhres_2010 hhres_2012 hhres_2014 hrs_tscore_2004 hrs_tscore_2006
      hrs_tscore_2008 hrs_tscore_2010 hrs_tscore_2012 hrs_tscore_2014 intage_r_2004
      intage_r_2006 intage_r_2008 intage_r_2010 intage_r_2012 intage_r_2014
      interview_date_2004 interview_date_2006 interview_date_2008 interview_date_2010
      interview_date_2012 interview_date_2014 lb_65_wave_2004 lb_65_wave_2006
      lb_65_wave_2008 lb_65_wave_2010 lb_65_wave_2012 lb_65_wave_2014 lb_wave_2004
      lb_wave_2006 lb_wave_2008 lb_wave_2010 lb_wave_2012 lb_wave_2014 listassi_2004
      listassi_2006 listassi_2008 listassi_2010 listassi_2012 listassi_2014
      mentalstatus_tot_2004 mentalstatus_tot_2006 mentalstatus_tot_2008
      mentalstatus_tot_2010 mentalstatus_tot_2012 mentalstatus_tot_2014 proxy_2004
      proxy_2006 proxy_2008 proxy_2010 proxy_2012 proxy_2014 responded_2004
      responded_2006 responded_2008 responded_2010 responded_2012 responded_2014
      rmaritalst_2004 rmaritalst_2006 rmaritalst_2008 rmaritalst_2010 rmaritalst_2012
      rmaritalst_2014 rpartst_2004 rpartst_2006 rpartst_2008 rpartst_2010
      rpartst_2012 rpartst_2014 score_loneliness_11_2004 score_loneliness_11_2006
      score_loneliness_11_2008 score_loneliness_11_2010 score_loneliness_11_2012
      score_loneliness_11_2014 score_loneliness_3_2004 score_loneliness_3_2006
      score_loneliness_3_2008 score_loneliness_3_2010 score_loneliness_3_2012
      score_loneliness_3_2014 shhidpnr_2004 shhidpnr_2006 shhidpnr_2008 shhidpnr_2010
      shhidpnr_2012 shhidpnr_2014 snchild_2004 snchild_2006 snchild_2008 snchild_2010
      snchild_2012 snchild_2014 snfamily_2004 snfamily_2006 snfamily_2008
      snfamily_2010 snfamily_2012 snfamily_2014 snfriends_2004 snfriends_2006
      snfriends_2008 snfriends_2010 snfriends_2012 snfriends_2014 snspouse_2004
      snspouse_2006 snspouse_2008 snspouse_2010 snspouse_2012 snspouse_2014
      social_contact_total_2004 social_contact_total_2006 social_contact_total_2008
      social_contact_total_2010 social_contact_total_2012 social_contact_total_2014
      social_strain_mean_2004 social_strain_mean_2006 social_strain_mean_2008
      social_strain_mean_2010 social_strain_mean_2012 social_strain_mean_2014
      social_support_mean_2004 social_support_mean_2006 social_support_mean_2008
      social_support_mean_2010 social_support_mean_2012 social_support_mean_2014
      socialnetwork_total_2004 socialnetwork_total_2006 socialnetwork_total_2008
      socialnetwork_total_2010 socialnetwork_total_2012 socialnetwork_total_2014
      srmemory_2004 srmemory_2006 srmemory_2008 srmemory_2010 srmemory_2012
      srmemory_2014 srmemoryp_2004 srmemoryp_2006 srmemoryp_2008 srmemoryp_2010
      srmemoryp_2012 srmemoryp_2014 vocab_total_2004 vocab_total_2006 vocab_total_2008
      vocab_total_2010 vocab_total_2012 vocab_total_2014 wrectotd_2004 wrectotd_2006
      wrectotd_2008 wrectotd_2010 wrectotd_2012 wrectotd_2014 wrectoti_2004
      wrectoti_2006 wrectoti_2008 wrectoti_2010 wrectoti_2012 wrectoti_2014
  	;
  Missing are all(9999);
  USEVARIABLES are
  	!define the variables used in the analysis
  	!estimated time points
  a_01
  a_02
  a_03
  a_04
  a_05
  a_06
  	! covariates used in the model
   	;
  SUBPOPULATION are
  	!select a subset of observations
  age_baseline > 64 AND
  memory_disease_ever EQ 0
  ;
  CLUSTER = hhid;
  DEFINE:
    ! centre baseline age
  a = age_baseline - 69;
  	! assign variables to the process (A)
  a_01=wrectotd_2004;
  a_02=wrectotd_2006;
  a_03=wrectotd_2008;
  a_04=wrectotd_2010;
  a_05=wrectotd_2012;
  a_06=wrectotd_2014;
  ANALYSIS:
  TYPE = COMPLEX RANDOM;
  COVERAGE=.00;
  H1ITERATIONS = 10000;
  MODEL:
  	!LGM part
  	! assign process (A) to time points
  ia | a_01@0
  a_02@2
  a_03@4
  a_04@6
  a_05@8
  a_06@10 ;
  	! assign process (B) to time points
  	!autoregressive part
  a_01;
  a_02 ON a_01;
  a_03 ON a_02;
  a_04 ON a_03;
  a_05 ON a_04;
  a_06 ON a_05;
  	
  OUTPUT: SAMPSTAT MODINDICES (3.0); TECH1 TECH2 TECH3;;



INPUT READING TERMINATED NORMALLY




ALT, no slope

SUMMARY OF ANALYSIS

Number of groups                                                 1
Number of observations                                        5952

Number of dependent variables                                    6
Number of independent variables                                  0
Number of continuous latent variables                            1

Observed dependent variables

  Continuous
   A_01        A_02        A_03        A_04        A_05        A_06

Continuous latent variables
   IA

Variables with special functions

  Cluster variable      HHID

Estimator                                                      MLR
Information matrix                                        OBSERVED
Maximum number of iterations                                   100
Convergence criterion                                    0.100D-05
Maximum number of EM iterations                                500
Convergence criteria for the EM algorithm
  Loglikelihood change                                   0.100D-02
  Relative loglikelihood change                          0.100D-05
  Derivative                                             0.100D-03
Minimum variance                                         0.100D-03
Maximum number of steepest descent iterations                   20
Maximum number of iterations for H1                          10000
Convergence criterion for H1                             0.100D-03
Optimization algorithm                                         EMA

Input data file(s)
  wide-dataset-b.dat
Input data format  FREE


SUMMARY OF DATA

     Number of missing data patterns            62
     Number of clusters        4882



SAMPLE STATISTICS


     ESTIMATED SAMPLE STATISTICS


           Means
              A_01          A_02          A_03          A_04          A_05
              ________      ________      ________      ________      ________
 1              4.374         4.216         4.110         3.722         3.507


           Means
              A_06
              ________
 1              3.316


           Covariances
              A_01          A_02          A_03          A_04          A_05
              ________      ________      ________      ________      ________
 A_01           3.403
 A_02           1.739         3.590
 A_03           1.665         1.659         3.524
 A_04           1.599         1.801         1.791         3.810
 A_05           1.710         1.721         1.935         1.992         3.966
 A_06           1.604         1.871         1.709         2.106         2.181


           Covariances
              A_06
              ________
 A_06           3.992


           Correlations
              A_01          A_02          A_03          A_04          A_05
              ________      ________      ________      ________      ________
 A_01           1.000
 A_02           0.497         1.000
 A_03           0.481         0.466         1.000
 A_04           0.444         0.487         0.489         1.000
 A_05           0.466         0.456         0.518         0.512         1.000
 A_06           0.435         0.494         0.456         0.540         0.548


           Correlations
              A_06
              ________
 A_06           1.000


     MAXIMUM LOG-LIKELIHOOD VALUE FOR THE UNRESTRICTED (H1) MODEL IS -61181.437


UNIVARIATE SAMPLE STATISTICS


     UNIVARIATE HIGHER-ORDER MOMENT DESCRIPTIVE STATISTICS

         Variable/         Mean/     Skewness/   Minimum/ % with                Percentiles
        Sample Size      Variance    Kurtosis    Maximum  Min/Max      20%/60%    40%/80%    Median

     A_01                  4.400      -0.160       0.000    3.69%       3.000      4.000      4.000
            5478.000       3.390       0.175      10.000    0.31%       5.000      6.000
     A_02                  4.227      -0.154       0.000    4.88%       3.000      4.000      4.000
            5671.000       3.575       0.108      10.000    0.37%       5.000      6.000
     A_03                  4.123      -0.205       0.000    5.40%       3.000      4.000      4.000
            5775.000       3.519      -0.027      10.000    0.14%       5.000      6.000
     A_04                  3.750      -0.101       0.000    8.11%       2.000      3.000      4.000
            5669.000       3.793      -0.258      10.000    0.11%       4.000      5.000
     A_05                  3.607      -0.083       0.000    9.78%       2.000      3.000      4.000
            5132.000       3.896      -0.361      10.000    0.12%       4.000      5.000
     A_06                  3.492      -0.040       0.000   10.50%       2.000      3.000      4.000
            4429.000       3.860      -0.393      10.000    0.07%       4.000      5.000


THE MODEL ESTIMATION TERMINATED NORMALLY



MODEL FIT INFORMATION

Number of Free Parameters                       13

Loglikelihood

          H0 Value                      -61731.282
          H0 Scaling Correction Factor      1.1444
            for MLR
          H1 Value                      -61181.437
          H1 Scaling Correction Factor      1.1511
            for MLR

Information Criteria

          Akaike (AIC)                  123488.565
          Bayesian (BIC)                123575.554
          Sample-Size Adjusted BIC      123534.243
            (n* = (n + 2) / 24)

Chi-Square Test of Model Fit

          Value                            950.205*
          Degrees of Freedom                    14
          P-Value                           0.0000
          Scaling Correction Factor         1.1573
            for MLR

*   The chi-square value for MLM, MLMV, MLR, ULSMV, WLSM and WLSMV cannot be used
    for chi-square difference testing in the regular way.  MLM, MLR and WLSM
    chi-square difference testing is described on the Mplus website.  MLMV, WLSMV,
    and ULSMV difference testing is done using the DIFFTEST option.

RMSEA (Root Mean Square Error Of Approximation)

          Estimate                           0.106

CFI/TLI

          CFI                                0.887
          TLI                                0.879

Chi-Square Test of Model Fit for the Baseline Model

          Value                           8323.962
          Degrees of Freedom                    15
          P-Value                           0.0000

SRMR (Standardized Root Mean Square Residual)

          Value                              0.063



MODEL RESULTS

                                                    Two-Tailed
                    Estimate       S.E.  Est./S.E.    P-Value

 IA       |
    A_01               1.000      0.000    999.000    999.000
    A_02               1.000      0.000    999.000    999.000
    A_03               1.000      0.000    999.000    999.000
    A_04               1.000      0.000    999.000    999.000
    A_05               1.000      0.000    999.000    999.000
    A_06               1.000      0.000    999.000    999.000

 A_02       ON
    A_01               0.015      0.006      2.727      0.006

 A_03       ON
    A_02              -0.013      0.005     -2.463      0.014

 A_04       ON
    A_03              -0.087      0.006    -15.524      0.000

 A_05       ON
    A_04              -0.129      0.006    -21.354      0.000

 A_06       ON
    A_05              -0.163      0.007    -23.522      0.000

 Means
    IA                 4.131      0.026    160.370      0.000

 Intercepts
    A_01               0.000      0.000    999.000    999.000
    A_02               0.000      0.000    999.000    999.000
    A_03               0.000      0.000    999.000    999.000
    A_04               0.000      0.000    999.000    999.000
    A_05               0.000      0.000    999.000    999.000
    A_06               0.000      0.000    999.000    999.000

 Variances
    IA                 2.012      0.047     43.244      0.000

 Residual Variances
    A_01               1.968      0.055     36.101      0.000
    A_02               1.889      0.051     37.198      0.000
    A_03               1.749      0.047     37.094      0.000
    A_04               1.857      0.048     38.949      0.000
    A_05               1.957      0.050     39.284      0.000
    A_06               2.214      0.057     38.915      0.000


QUALITY OF NUMERICAL RESULTS

     Condition Number for the Information Matrix              0.553E-02
       (ratio of smallest to largest eigenvalue)


MODEL MODIFICATION INDICES

NOTE:  Modification indices for direct effects of observed dependent variables
regressed on covariates may not be included.  To include these, request
MODINDICES (ALL).

Minimum M.I. value for printing the modification index     3.000

                                   M.I.     E.P.C.


ON/BY Statements

A_01     ON IA       /
IA       BY A_01                 301.263     0.173
A_02     ON IA       /
IA       BY A_02                  31.793    -0.109
A_03     ON IA       /
IA       BY A_03                   7.323     0.052
A_04     ON IA       /
IA       BY A_04                  10.430    -0.065
A_05     ON IA       /
IA       BY A_05                  84.477    -0.173
A_06     ON IA       /
IA       BY A_06                 348.700    -0.369

ON Statements

IA       ON A_01                 121.342    -0.211
IA       ON A_02                  73.824    -0.170
IA       ON A_03                  21.594    -0.095
IA       ON A_04                  45.190     0.130
IA       ON A_05                  94.814     0.187
IA       ON A_06                  42.918     0.124
A_01     ON A_01                 301.263     0.173
A_01     ON A_02                 237.240     0.116
A_01     ON A_03                 302.500     0.167
A_01     ON A_04                 150.916     0.122
A_01     ON A_05                 171.072     0.131
A_01     ON A_06                 130.064     0.111
A_02     ON A_02                  31.793    -0.109
A_02     ON A_03                  28.026    -0.066
A_02     ON A_04                  23.495    -0.062
A_02     ON A_05                  76.143    -0.113
A_02     ON A_06                   7.704    -0.036
A_03     ON A_01                   8.929     0.036
A_03     ON A_03                   7.323     0.052
A_03     ON A_04                  13.764     0.047
A_03     ON A_06                   9.616    -0.039
A_04     ON A_01                  42.029    -0.079
A_04     ON A_02                  12.789    -0.043
A_04     ON A_04                  10.432    -0.065
A_04     ON A_05                  19.096     0.059
A_05     ON A_01                  91.906    -0.119
A_05     ON A_02                 127.689    -0.140
A_05     ON A_03                  42.639    -0.080
A_05     ON A_05                  84.471    -0.173
A_05     ON A_06                  59.668     0.105
A_06     ON A_01                 290.972    -0.229
A_06     ON A_02                 175.021    -0.177
A_06     ON A_03                 289.447    -0.235
A_06     ON A_04                  74.955    -0.116
A_06     ON A_06                 348.617    -0.369

WITH Statements

A_01     WITH IA                 121.327    -0.415
A_02     WITH IA                  70.360    -0.312
A_02     WITH A_01                31.806     0.214
A_03     WITH IA                  22.870    -0.172
A_03     WITH A_01                 3.812     0.069
A_03     WITH A_02                 7.441    -0.098
A_04     WITH IA                  42.160     0.240
A_04     WITH A_01                45.180    -0.241
A_04     WITH A_02                 5.420    -0.082
A_04     WITH A_03                10.280     0.115
A_05     WITH IA                 120.175     0.427
A_05     WITH A_01                30.066    -0.208
A_05     WITH A_02                65.316    -0.298
A_05     WITH A_04                86.562     0.365
A_06     WITH IA                  71.259     0.367
A_06     WITH A_01                47.988    -0.291
A_06     WITH A_03                44.956    -0.264
A_06     WITH A_04                17.234     0.168
A_06     WITH A_05               396.099     0.900

Means/Intercepts/Thresholds

[ A_01     ]                     452.067     0.800
[ A_02     ]                       4.138     0.106
[ A_03     ]                      25.053     0.254
[ A_04     ]                      42.539    -0.341
[ A_05     ]                     185.198    -0.726
[ A_06     ]                     353.168    -1.093


TECHNICAL 1 OUTPUT


     PARAMETER SPECIFICATION


           NU
              A_01          A_02          A_03          A_04          A_05
              ________      ________      ________      ________      ________
 1                  0             0             0             0             0


           NU
              A_06
              ________
 1                  0


           LAMBDA
              IA            A_01          A_02          A_03          A_04
              ________      ________      ________      ________      ________
 A_01               0             0             0             0             0
 A_02               0             0             0             0             0
 A_03               0             0             0             0             0
 A_04               0             0             0             0             0
 A_05               0             0             0             0             0
 A_06               0             0             0             0             0


           LAMBDA
              A_05          A_06
              ________      ________
 A_01               0             0
 A_02               0             0
 A_03               0             0
 A_04               0             0
 A_05               0             0
 A_06               0             0


           THETA
              A_01          A_02          A_03          A_04          A_05
              ________      ________      ________      ________      ________
 A_01               0
 A_02               0             0
 A_03               0             0             0
 A_04               0             0             0             0
 A_05               0             0             0             0             0
 A_06               0             0             0             0             0


           THETA
              A_06
              ________
 A_06               0


           ALPHA
              IA            A_01          A_02          A_03          A_04
              ________      ________      ________      ________      ________
 1                  1             0             0             0             0


           ALPHA
              A_05          A_06
              ________      ________
 1                  0             0


           BETA
              IA            A_01          A_02          A_03          A_04
              ________      ________      ________      ________      ________
 IA                 0             0             0             0             0
 A_01               0             0             0             0             0
 A_02               0             2             0             0             0
 A_03               0             0             3             0             0
 A_04               0             0             0             4             0
 A_05               0             0             0             0             5
 A_06               0             0             0             0             0


           BETA
              A_05          A_06
              ________      ________
 IA                 0             0
 A_01               0             0
 A_02               0             0
 A_03               0             0
 A_04               0             0
 A_05               0             0
 A_06               6             0


           PSI
              IA            A_01          A_02          A_03          A_04
              ________      ________      ________      ________      ________
 IA                 7
 A_01               0             8
 A_02               0             0             9
 A_03               0             0             0            10
 A_04               0             0             0             0            11
 A_05               0             0             0             0             0
 A_06               0             0             0             0             0


           PSI
              A_05          A_06
              ________      ________
 A_05              12
 A_06               0            13


     STARTING VALUES


           NU
              A_01          A_02          A_03          A_04          A_05
              ________      ________      ________      ________      ________
 1              0.000         0.000         0.000         0.000         0.000


           NU
              A_06
              ________
 1              0.000


           LAMBDA
              IA            A_01          A_02          A_03          A_04
              ________      ________      ________      ________      ________
 A_01           0.000         1.000         0.000         0.000         0.000
 A_02           0.000         0.000         1.000         0.000         0.000
 A_03           0.000         0.000         0.000         1.000         0.000
 A_04           0.000         0.000         0.000         0.000         1.000
 A_05           0.000         0.000         0.000         0.000         0.000
 A_06           0.000         0.000         0.000         0.000         0.000


           LAMBDA
              A_05          A_06
              ________      ________
 A_01           0.000         0.000
 A_02           0.000         0.000
 A_03           0.000         0.000
 A_04           0.000         0.000
 A_05           1.000         0.000
 A_06           0.000         1.000


           THETA
              A_01          A_02          A_03          A_04          A_05
              ________      ________      ________      ________      ________
 A_01           0.000
 A_02           0.000         0.000
 A_03           0.000         0.000         0.000
 A_04           0.000         0.000         0.000         0.000
 A_05           0.000         0.000         0.000         0.000         0.000
 A_06           0.000         0.000         0.000         0.000         0.000


           THETA
              A_06
              ________
 A_06           0.000


           ALPHA
              IA            A_01          A_02          A_03          A_04
              ________      ________      ________      ________      ________
 1              3.895         0.000         0.000         0.000         0.000


           ALPHA
              A_05          A_06
              ________      ________
 1              0.000         0.000


           BETA
              IA            A_01          A_02          A_03          A_04
              ________      ________      ________      ________      ________
 IA             0.000         0.000         0.000         0.000         0.000
 A_01           1.000         0.000         0.000         0.000         0.000
 A_02           1.000         0.000         0.000         0.000         0.000
 A_03           1.000         0.000         0.000         0.000         0.000
 A_04           1.000         0.000         0.000         0.000         0.000
 A_05           1.000         0.000         0.000         0.000         0.000
 A_06           1.000         0.000         0.000         0.000         0.000


           BETA
              A_05          A_06
              ________      ________
 IA             0.000         0.000
 A_01           0.000         0.000
 A_02           0.000         0.000
 A_03           0.000         0.000
 A_04           0.000         0.000
 A_05           0.000         0.000
 A_06           0.000         0.000


           PSI
              IA            A_01          A_02          A_03          A_04
              ________      ________      ________      ________      ________
 IA             2.152
 A_01           0.000         1.695
 A_02           0.000         0.000         1.787
 A_03           0.000         0.000         0.000         1.760
 A_04           0.000         0.000         0.000         0.000         1.896
 A_05           0.000         0.000         0.000         0.000         0.000
 A_06           0.000         0.000         0.000         0.000         0.000


           PSI
              A_05          A_06
              ________      ________
 A_05           1.948
 A_06           0.000         1.930


TECHNICAL 2 OUTPUT


     DERIVATIVES


           Derivatives With Respect to NU
              A_01          A_02          A_03          A_04          A_05
              ________      ________      ________      ________      ________
 1          0.000E+00     0.000E+00     0.000E+00     0.000E+00     0.000E+00


           Derivatives With Respect to NU
              A_06
              ________
 1          0.000E+00


           Derivatives With Respect to LAMBDA
              IA            A_01          A_02          A_03          A_04
              ________      ________      ________      ________      ________
 A_01       0.000E+00     0.000E+00     0.000E+00     0.000E+00     0.000E+00
 A_02       0.000E+00     0.000E+00     0.000E+00     0.000E+00     0.000E+00
 A_03       0.000E+00     0.000E+00     0.000E+00     0.000E+00     0.000E+00
 A_04       0.000E+00     0.000E+00     0.000E+00     0.000E+00     0.000E+00
 A_05       0.000E+00     0.000E+00     0.000E+00     0.000E+00     0.000E+00
 A_06       0.000E+00     0.000E+00     0.000E+00     0.000E+00     0.000E+00


           Derivatives With Respect to LAMBDA
              A_05          A_06
              ________      ________
 A_01       0.000E+00     0.000E+00
 A_02       0.000E+00     0.000E+00
 A_03       0.000E+00     0.000E+00
 A_04       0.000E+00     0.000E+00
 A_05       0.000E+00     0.000E+00
 A_06       0.000E+00     0.000E+00


           Derivatives With Respect to THETA
              A_01          A_02          A_03          A_04          A_05
              ________      ________      ________      ________      ________
 A_01       0.000E+00
 A_02       0.000E+00     0.000E+00
 A_03       0.000E+00     0.000E+00     0.000E+00
 A_04       0.000E+00     0.000E+00     0.000E+00     0.000E+00
 A_05       0.000E+00     0.000E+00     0.000E+00     0.000E+00     0.000E+00
 A_06       0.000E+00     0.000E+00     0.000E+00     0.000E+00     0.000E+00


           Derivatives With Respect to THETA
              A_06
              ________
 A_06       0.000E+00


           Derivatives With Respect to ALPHA
              IA            A_01          A_02          A_03          A_04
              ________      ________      ________      ________      ________
 1         -0.184E-05     0.000E+00     0.000E+00     0.000E+00     0.000E+00


           Derivatives With Respect to ALPHA
              A_05          A_06
              ________      ________
 1          0.000E+00     0.000E+00


           Derivatives With Respect to BETA
              IA            A_01          A_02          A_03          A_04
              ________      ________      ________      ________      ________
 IA         0.000E+00     0.000E+00     0.000E+00     0.000E+00     0.000E+00
 A_01       0.000E+00     0.000E+00     0.000E+00     0.000E+00     0.000E+00
 A_02       0.000E+00     0.113E-04     0.000E+00     0.000E+00     0.000E+00
 A_03       0.000E+00     0.000E+00     0.104E-04     0.000E+00     0.000E+00
 A_04       0.000E+00     0.000E+00     0.000E+00     0.972E-05     0.000E+00
 A_05       0.000E+00     0.000E+00     0.000E+00     0.000E+00     0.508E-05
 A_06       0.000E+00     0.000E+00     0.000E+00     0.000E+00     0.000E+00


           Derivatives With Respect to BETA
              A_05          A_06
              ________      ________
 IA         0.000E+00     0.000E+00
 A_01       0.000E+00     0.000E+00
 A_02       0.000E+00     0.000E+00
 A_03       0.000E+00     0.000E+00
 A_04       0.000E+00     0.000E+00
 A_05       0.000E+00     0.000E+00
 A_06      -0.634E-04     0.000E+00


           Derivatives With Respect to PSI
              IA            A_01          A_02          A_03          A_04
              ________      ________      ________      ________      ________
 IA         0.875E-07
 A_01       0.000E+00    -0.200E-07
 A_02       0.000E+00     0.000E+00    -0.811E-07
 A_03       0.000E+00     0.000E+00     0.000E+00    -0.234E-06
 A_04       0.000E+00     0.000E+00     0.000E+00     0.000E+00    -0.513E-06
 A_05       0.000E+00     0.000E+00     0.000E+00     0.000E+00     0.000E+00
 A_06       0.000E+00     0.000E+00     0.000E+00     0.000E+00     0.000E+00


           Derivatives With Respect to PSI
              A_05          A_06
              ________      ________
 A_05       0.930E-06
 A_06       0.000E+00     0.260E-05


TECHNICAL 3 OUTPUT


           ESTIMATED COVARIANCE MATRIX FOR PARAMETER ESTIMATES
                     1             2             3             4             5
              ________      ________      ________      ________      ________
        1   0.663463D-03
        2  -0.739582D-04  0.313472D-04
        3  -0.690396D-04  0.141150D-04  0.292503D-04
        4  -0.628097D-04  0.151095D-04  0.144736D-04  0.313187D-04
        5  -0.558025D-04  0.137779D-04  0.144487D-04  0.155576D-04  0.362152D-04
        6  -0.674006D-04  0.179664D-04  0.153124D-04  0.180013D-04  0.198696D-04
        7   0.113934D-03 -0.663305D-04 -0.711111D-04 -0.540927D-04 -0.497764D-04
        8  -0.428648D-03  0.942711D-04  0.763317D-04  0.693462D-04  0.633124D-04
        9  -0.751910D-04 -0.439155D-05  0.238438D-04  0.381002D-05  0.214042D-05
       10  -0.102350D-03  0.254267D-04 -0.674811D-05  0.382644D-04  0.245268D-04
       11   0.231316D-04  0.152381D-04  0.672084D-05 -0.300069D-04  0.274427D-04
       12   0.793954D-05  0.177774D-04  0.159032D-04  0.303459D-05 -0.333509D-04
       13   0.109679D-03 -0.105525D-04 -0.602418D-05 -0.192978D-04 -0.320665D-04


           ESTIMATED COVARIANCE MATRIX FOR PARAMETER ESTIMATES
                     6             7             8             9            10
              ________      ________      ________      ________      ________
        6   0.479970D-04
        7  -0.641162D-04  0.216490D-02
        8   0.793375D-04 -0.146168D-03  0.297217D-02
        9  -0.106198D-05 -0.592390D-04  0.278557D-03  0.257760D-02
       10   0.271446D-04 -0.119094D-03  0.944290D-04 -0.624413D-05  0.222201D-02
       11   0.204258D-04 -0.298155D-03 -0.673103D-05  0.230567D-03  0.746287D-04
       12   0.347401D-04 -0.365229D-03  0.108049D-04 -0.147795D-04  0.587162D-04
       13  -0.655120D-04 -0.248621D-03 -0.437140D-04  0.905110D-04 -0.821913D-04


           ESTIMATED COVARIANCE MATRIX FOR PARAMETER ESTIMATES
                    11            12            13
              ________      ________      ________
       11   0.227281D-02
       12   0.231331D-03  0.248289D-02
       13   0.310006D-03  0.596074D-03  0.323695D-02


           ESTIMATED CORRELATION MATRIX FOR PARAMETER ESTIMATES
                     1             2             3             4             5
              ________      ________      ________      ________      ________
        1       1.000
        2      -0.513         1.000
        3      -0.496         0.466         1.000
        4      -0.436         0.482         0.478         1.000
        5      -0.360         0.409         0.444         0.462         1.000
        6      -0.378         0.463         0.409         0.464         0.477
        7       0.095        -0.255        -0.283        -0.208        -0.178
        8      -0.305         0.309         0.259         0.227         0.193
        9      -0.057        -0.015         0.087         0.013         0.007
       10      -0.084         0.096        -0.026         0.145         0.086
       11       0.019         0.057         0.026        -0.112         0.096
       12       0.006         0.064         0.059         0.011        -0.111
       13       0.075        -0.033        -0.020        -0.061        -0.094


           ESTIMATED CORRELATION MATRIX FOR PARAMETER ESTIMATES
                     6             7             8             9            10
              ________      ________      ________      ________      ________
        6       1.000
        7      -0.199         1.000
        8       0.210        -0.058         1.000
        9      -0.003        -0.025         0.101         1.000
       10       0.083        -0.054         0.037        -0.003         1.000
       11       0.062        -0.134        -0.003         0.095         0.033
       12       0.101        -0.158         0.004        -0.006         0.025
       13      -0.166        -0.094        -0.014         0.031        -0.031


           ESTIMATED CORRELATION MATRIX FOR PARAMETER ESTIMATES
                    11            12            13
              ________      ________      ________
       11       1.000
       12       0.097         1.000
       13       0.114         0.210         1.000


     Beginning Time:  12:23:02
        Ending Time:  12:23:11
       Elapsed Time:  00:00:09



MUTHEN & MUTHEN
3463 Stoner Ave.
Los Angeles, CA  90066

Tel: (310) 391-9971
Fax: (310) 391-8971
Web: www.StatModel.com
Support: Support@StatModel.com

Copyright (c) 1998-2015 Muthen & Muthen
