Mplus VERSION 7.4 (Mac)
MUTHEN & MUTHEN
10/15/2017   2:44 AM

INPUT INSTRUCTIONS

  TITLE:
  8 - Predetermined ALT, no social slope
  DATA:
  File = wide-dataset-b.dat;
  VARIABLE:
  NAMES are
   id hhid male birthyr_rand birthmo_rand race_rand hispanic_rand cohort
      raedyrs raedegrm memoryproblems_baseline memory_disease_ever age_baseline
      age_baseline_65 health_conditions_baseline healthcond_mean activity_mean_2004
      activity_mean_2006 activity_mean_2008 activity_mean_2010 activity_mean_2012
      activity_mean_2014 activity_sum_2004 activity_sum_2006 activity_sum_2008
      activity_sum_2010 activity_sum_2012 activity_sum_2014 close_social_network_2004
      close_social_network_2006 close_social_network_2008 close_social_network_2010
      close_social_network_2012 close_social_network_2014 countb20r_2004
      countb20r_2006 countb20r_2008 countb20r_2010 countb20r_2012 countb20r_2014
      crp_adj_2004 crp_adj_2006 crp_adj_2008 crp_adj_2010 crp_adj_2012 crp_adj_2014
      dep_total_2004 dep_total_2006 dep_total_2008 dep_total_2010 dep_total_2012
      dep_total_2014 exercise_2004 exercise_2006 exercise_2008 exercise_2010
      exercise_2012 exercise_2014 healthcond_2004 healthcond_2006 healthcond_2008
      healthcond_2010 healthcond_2012 healthcond_2014 hhres_2004 hhres_2006
      hhres_2008 hhres_2010 hhres_2012 hhres_2014 hrs_tscore_2004 hrs_tscore_2006
      hrs_tscore_2008 hrs_tscore_2010 hrs_tscore_2012 hrs_tscore_2014 intage_r_2004
      intage_r_2006 intage_r_2008 intage_r_2010 intage_r_2012 intage_r_2014
      interview_date_2004 interview_date_2006 interview_date_2008 interview_date_2010
      interview_date_2012 interview_date_2014 lb_65_wave_2004 lb_65_wave_2006
      lb_65_wave_2008 lb_65_wave_2010 lb_65_wave_2012 lb_65_wave_2014 lb_wave_2004
      lb_wave_2006 lb_wave_2008 lb_wave_2010 lb_wave_2012 lb_wave_2014 listassi_2004
      listassi_2006 listassi_2008 listassi_2010 listassi_2012 listassi_2014
      mentalstatus_tot_2004 mentalstatus_tot_2006 mentalstatus_tot_2008
      mentalstatus_tot_2010 mentalstatus_tot_2012 mentalstatus_tot_2014 proxy_2004
      proxy_2006 proxy_2008 proxy_2010 proxy_2012 proxy_2014 responded_2004
      responded_2006 responded_2008 responded_2010 responded_2012 responded_2014
      rmaritalst_2004 rmaritalst_2006 rmaritalst_2008 rmaritalst_2010 rmaritalst_2012
      rmaritalst_2014 rpartst_2004 rpartst_2006 rpartst_2008 rpartst_2010
      rpartst_2012 rpartst_2014 score_loneliness_11_2004 score_loneliness_11_2006
      score_loneliness_11_2008 score_loneliness_11_2010 score_loneliness_11_2012
      score_loneliness_11_2014 score_loneliness_3_2004 score_loneliness_3_2006
      score_loneliness_3_2008 score_loneliness_3_2010 score_loneliness_3_2012
      score_loneliness_3_2014 shhidpnr_2004 shhidpnr_2006 shhidpnr_2008 shhidpnr_2010
      shhidpnr_2012 shhidpnr_2014 snchild_2004 snchild_2006 snchild_2008 snchild_2010
      snchild_2012 snchild_2014 snfamily_2004 snfamily_2006 snfamily_2008
      snfamily_2010 snfamily_2012 snfamily_2014 snfriends_2004 snfriends_2006
      snfriends_2008 snfriends_2010 snfriends_2012 snfriends_2014 snspouse_2004
      snspouse_2006 snspouse_2008 snspouse_2010 snspouse_2012 snspouse_2014
      social_contact_total_2004 social_contact_total_2006 social_contact_total_2008
      social_contact_total_2010 social_contact_total_2012 social_contact_total_2014
      social_strain_mean_2004 social_strain_mean_2006 social_strain_mean_2008
      social_strain_mean_2010 social_strain_mean_2012 social_strain_mean_2014
      social_support_mean_2004 social_support_mean_2006 social_support_mean_2008
      social_support_mean_2010 social_support_mean_2012 social_support_mean_2014
      socialnetwork_total_2004 socialnetwork_total_2006 socialnetwork_total_2008
      socialnetwork_total_2010 socialnetwork_total_2012 socialnetwork_total_2014
      srmemory_2004 srmemory_2006 srmemory_2008 srmemory_2010 srmemory_2012
      srmemory_2014 srmemoryp_2004 srmemoryp_2006 srmemoryp_2008 srmemoryp_2010
      srmemoryp_2012 srmemoryp_2014 vocab_total_2004 vocab_total_2006 vocab_total_2008
      vocab_total_2010 vocab_total_2012 vocab_total_2014 wrectotd_2004 wrectotd_2006
      wrectotd_2008 wrectotd_2010 wrectotd_2012 wrectotd_2014 wrectoti_2004
      wrectoti_2006 wrectoti_2008 wrectoti_2010 wrectoti_2012 wrectoti_2014
  	;
  Missing are all(9999);
  USEVARIABLES are
  	!define the variables used in the analysis
  	!estimated time points
  a_01
  a_02
  a_03
  a_04
  a_05
  a_06
  	!modelled time points of process (B)
  b_01
  b_02
  b_03
  b_04
  b_05
  b_06
  	! covariates used in the model
  	;
  SUBPOPULATION are
  	!select a subset of observations
  age_baseline > 64 AND
  memory_disease_ever EQ 0
  ;
  CLUSTER = hhid;
  DEFINE:
    ! centre baseline age
  a = age_baseline - 69;
  	! assign variables to the process (A)
  a_01=wrectotd_2004;
  a_02=wrectotd_2006;
  a_03=wrectotd_2008;
  a_04=wrectotd_2010;
  a_05=wrectotd_2012;
  a_06=wrectotd_2014;
  	! assign variables to the process (B)
  b_01=socialnetwork_total_2004;
  b_02=socialnetwork_total_2006;
  b_03=socialnetwork_total_2008;
  b_04=socialnetwork_total_2010;
  b_05=socialnetwork_total_2012;
  b_06=socialnetwork_total_2014;
  ANALYSIS:
  TYPE = COMPLEX RANDOM;
  model=nocovariances;
  COVERAGE=.00;
  H1ITERATIONS = 10000;
  MODEL:
  	!LGM part
  	! assign process (A) to time points
  ia BY a_02@1 a_03@1 a_04@1 a_05@1 a_06@1;
  sa BY a_02@0 a_03@2 a_04@4 a_05@6 a_06@8;
  	! assign process (B) to time points
  ib BY b_02@1 b_03@1 b_04@1 b_05@1 b_06@1;
  !sb BY b_02@0 b_03@2 b_04@4 b_05@6 b_06@8;
  	!correlations between the first measurement points
  	!autoregressive part
  a_01 a_02 a_03 a_04 a_05 a_06;
  a_02 ON a_01;
  a_03 ON a_02;
  a_04 ON a_03;
  a_05 ON a_04;
  a_06 ON a_05;
  b_01 b_02 b_03 b_04 b_05 b_06;
  b_02 ON b_01;
  b_03 ON b_02;
  b_04 ON b_03;
  b_05 ON b_04;
  b_06 ON b_05;
  	!Cross lagged part
  a_02 ON b_01;
  a_03 ON b_02;
  a_04 ON b_03;
  a_05 ON b_04;
  a_06 ON b_05;
  b_02 ON a_01;
  b_03 ON a_02;
  b_04 ON a_03;
  b_05 ON a_04;
  b_06 ON a_05;
  ia;
  sa;
  ib;
  !sb;
  ia with sa;
  !ib with sb;
  ia with a_01;
  sa with a_01;
  ib with b_01;
  !sb with b_01;
  ia with ib;
  !sa with sb;
  ! Time specific correlations
  b_02 WITH a_02;
  b_03 WITH a_03;
  b_04 WITH a_04;
  b_05 WITH a_05;
  b_06 WITH a_06;
  [a_02@0 a_03@0 a_04@0 a_05@0 a_06@0];
  [b_02@0 b_03@0 b_04@0 b_05@0 b_06@0];
  [ia];
  [ib];
  [sa];
  ![sb];
  [a_01];
  [b_01];
  	
  OUTPUT: SAMPSTAT MODINDICES (3.0); TECH1; TECH4;



*** WARNING in OUTPUT command
  TECH4 option for TYPE=RANDOM requires ALGORITHM=INTEGRATION.
  Request for TECH4 is ignored.
   1 WARNING(S) FOUND IN THE INPUT INSTRUCTIONS




8 - Predetermined ALT, no social slope

SUMMARY OF ANALYSIS

Number of groups                                                 1
Number of observations                                        5952

Number of dependent variables                                   10
Number of independent variables                                  2
Number of continuous latent variables                            3

Observed dependent variables

  Continuous
   A_02        A_03        A_04        A_05        A_06        B_02
   B_03        B_04        B_05        B_06

Observed independent variables
   A_01        B_01

Continuous latent variables
   IA          SA          IB

Variables with special functions

  Cluster variable      HHID

Estimator                                                      MLR
Information matrix                                        OBSERVED
Maximum number of iterations                                   100
Convergence criterion                                    0.100D-05
Maximum number of EM iterations                                500
Convergence criteria for the EM algorithm
  Loglikelihood change                                   0.100D-02
  Relative loglikelihood change                          0.100D-05
  Derivative                                             0.100D-03
Minimum variance                                         0.100D-03
Maximum number of steepest descent iterations                   20
Maximum number of iterations for H1                          10000
Convergence criterion for H1                             0.100D-03
Optimization algorithm                                         EMA

Input data file(s)
  wide-dataset-b.dat
Input data format  FREE


SUMMARY OF DATA

     Number of missing data patterns           273
     Number of clusters        4882



SAMPLE STATISTICS


     ESTIMATED SAMPLE STATISTICS


           Means
              A_02          A_03          A_04          A_05          A_06
              ________      ________      ________      ________      ________
 1              4.216         4.110         3.723         3.505         3.312


           Means
              B_02          B_03          B_04          B_05          B_06
              ________      ________      ________      ________      ________
 1              3.404         3.308         3.231         3.089         2.979


           Means
              A_01          B_01
              ________      ________
 1              4.374         3.385


           Covariances
              A_02          A_03          A_04          A_05          A_06
              ________      ________      ________      ________      ________
 A_02           3.590
 A_03           1.659         3.524
 A_04           1.801         1.791         3.810
 A_05           1.723         1.937         1.996         3.971
 A_06           1.873         1.712         2.112         2.186         3.998
 B_02           0.168         0.109         0.129         0.171         0.176
 B_03           0.134         0.118         0.167         0.216         0.197
 B_04           0.096         0.073         0.142         0.141         0.170
 B_05           0.200         0.198         0.216         0.273         0.267
 B_06           0.159         0.151         0.205         0.241         0.227
 A_01           1.738         1.664         1.599         1.711         1.606
 B_01           0.144         0.131         0.203         0.223         0.243


           Covariances
              B_02          B_03          B_04          B_05          B_06
              ________      ________      ________      ________      ________
 B_02           0.522
 B_03           0.254         0.589
 B_04           0.364         0.151         0.634
 B_05           0.294         0.367         0.338         0.708
 B_06           0.308         0.338         0.376         0.499         0.756
 A_01           0.130         0.134         0.081         0.147         0.164
 B_01           0.368         0.337         0.322         0.324         0.294


           Covariances
              A_01          B_01
              ________      ________
 A_01           3.403
 B_01           0.185         0.590


           Correlations
              A_02          A_03          A_04          A_05          A_06
              ________      ________      ________      ________      ________
 A_02           1.000
 A_03           0.466         1.000
 A_04           0.487         0.489         1.000
 A_05           0.456         0.518         0.513         1.000
 A_06           0.494         0.456         0.541         0.549         1.000
 B_02           0.122         0.080         0.091         0.119         0.122
 B_03           0.092         0.082         0.112         0.141         0.129
 B_04           0.064         0.049         0.091         0.089         0.107
 B_05           0.125         0.125         0.131         0.163         0.159
 B_06           0.096         0.093         0.121         0.139         0.131
 A_01           0.497         0.481         0.444         0.465         0.435
 B_01           0.099         0.091         0.136         0.146         0.158


           Correlations
              B_02          B_03          B_04          B_05          B_06
              ________      ________      ________      ________      ________
 B_02           1.000
 B_03           0.458         1.000
 B_04           0.632         0.248         1.000
 B_05           0.484         0.568         0.505         1.000
 B_06           0.489         0.506         0.543         0.681         1.000
 A_01           0.097         0.095         0.055         0.095         0.102
 B_01           0.662         0.572         0.527         0.501         0.440


           Correlations
              A_01          B_01
              ________      ________
 A_01           1.000
 B_01           0.130         1.000


     MAXIMUM LOG-LIKELIHOOD VALUE FOR THE UNRESTRICTED (H1) MODEL IS -75380.446


UNIVARIATE SAMPLE STATISTICS


     UNIVARIATE HIGHER-ORDER MOMENT DESCRIPTIVE STATISTICS

         Variable/         Mean/     Skewness/   Minimum/ % with                Percentiles
        Sample Size      Variance    Kurtosis    Maximum  Min/Max      20%/60%    40%/80%    Median

     A_02                  4.227      -0.154       0.000    4.88%       3.000      4.000      4.000
            5671.000       3.575       0.108      10.000    0.37%       5.000      6.000
     A_03                  4.123      -0.205       0.000    5.40%       3.000      4.000      4.000
            5775.000       3.519      -0.027      10.000    0.14%       5.000      6.000
     A_04                  3.750      -0.101       0.000    8.11%       2.000      3.000      4.000
            5669.000       3.793      -0.258      10.000    0.11%       4.000      5.000
     A_05                  3.607      -0.083       0.000    9.78%       2.000      3.000      4.000
            5132.000       3.896      -0.361      10.000    0.12%       4.000      5.000
     A_06                  3.492      -0.040       0.000   10.50%       2.000      3.000      4.000
            4429.000       3.860      -0.393      10.000    0.07%       4.000      5.000
     B_02                  3.405      -1.091       0.000    0.07%       3.000      3.000      4.000
            2799.000       0.521       0.900       4.000   52.66%       4.000      4.000
     B_03                  3.308      -0.980       0.000    0.26%       3.000      3.000      3.000
            2744.000       0.587       0.764       4.000   46.79%       4.000      4.000
     B_04                  3.253      -0.935       0.000    0.23%       3.000      3.000      3.000
            2655.000       0.624       0.629       4.000   43.58%       4.000      4.000
     B_05                  3.123      -0.839       0.000    0.40%       3.000      3.000      3.000
            2235.000       0.700       0.465       4.000   36.38%       3.000      4.000
     B_06                  3.038      -0.783       0.000    0.79%       2.000      3.000      3.000
            2036.000       0.732       0.509       4.000   31.93%       3.000      4.000
     A_01                  4.400      -0.160       0.000    3.69%       3.000      4.000      4.000
            5478.000       3.390       0.175      10.000    0.31%       5.000      6.000
     B_01                  3.445      -1.333       0.000    0.10%       3.000      3.000      4.000
            1052.000       0.578       1.365       4.000   58.27%       4.000      4.000


THE MODEL ESTIMATION TERMINATED NORMALLY



MODEL FIT INFORMATION

Number of Free Parameters                       50

Loglikelihood

          H0 Value                      -75488.662
          H0 Scaling Correction Factor      1.3909
            for MLR
          H1 Value                      -75380.446
          H1 Scaling Correction Factor      1.1736
            for MLR

Information Criteria

          Akaike (AIC)                  151077.324
          Bayesian (BIC)                151411.898
          Sample-Size Adjusted BIC      151253.012
            (n* = (n + 2) / 24)

Chi-Square Test of Model Fit

          Value                            239.945*
          Degrees of Freedom                    40
          P-Value                           0.0000
          Scaling Correction Factor         0.9020
            for MLR

*   The chi-square value for MLM, MLMV, MLR, ULSMV, WLSM and WLSMV cannot be used
    for chi-square difference testing in the regular way.  MLM, MLR and WLSM
    chi-square difference testing is described on the Mplus website.  MLMV, WLSMV,
    and ULSMV difference testing is done using the DIFFTEST option.

RMSEA (Root Mean Square Error Of Approximation)

          Estimate                           0.029

CFI/TLI

          CFI                                0.983
          TLI                                0.972

Chi-Square Test of Model Fit for the Baseline Model

          Value                          11813.090
          Degrees of Freedom                    66
          P-Value                           0.0000

SRMR (Standardized Root Mean Square Residual)

          Value                              0.083



MODEL RESULTS

                                                    Two-Tailed
                    Estimate       S.E.  Est./S.E.    P-Value

 IA       BY
    A_02               1.000      0.000    999.000    999.000
    A_03               1.000      0.000    999.000    999.000
    A_04               1.000      0.000    999.000    999.000
    A_05               1.000      0.000    999.000    999.000
    A_06               1.000      0.000    999.000    999.000

 SA       BY
    A_02               0.000      0.000    999.000    999.000
    A_03               2.000      0.000    999.000    999.000
    A_04               4.000      0.000    999.000    999.000
    A_05               6.000      0.000    999.000    999.000
    A_06               8.000      0.000    999.000    999.000

 IB       BY
    B_02               1.000      0.000    999.000    999.000
    B_03               1.000      0.000    999.000    999.000
    B_04               1.000      0.000    999.000    999.000
    B_05               1.000      0.000    999.000    999.000
    B_06               1.000      0.000    999.000    999.000

 A_02       ON
    A_01               0.008      0.023      0.351      0.725
    B_01              -0.039      0.042     -0.922      0.357

 A_03       ON
    A_02              -0.025      0.019     -1.314      0.189
    B_02               0.069      0.038      1.781      0.075

 A_04       ON
    A_03              -0.007      0.015     -0.482      0.630
    B_03               0.036      0.033      1.087      0.277

 A_05       ON
    A_04              -0.021      0.020     -1.037      0.300
    B_04               0.091      0.035      2.572      0.010

 A_06       ON
    A_05              -0.041      0.032     -1.298      0.194
    B_05               0.162      0.041      3.970      0.000

 B_02       ON
    B_01              -0.236      0.210     -1.124      0.261
    A_01               0.014      0.011      1.270      0.204

 B_03       ON
    B_02              -0.267      0.234     -1.139      0.255
    A_02               0.017      0.011      1.559      0.119

 B_04       ON
    B_03              -0.276      0.237     -1.164      0.244
    A_03              -0.001      0.008     -0.158      0.874

 B_05       ON
    B_04              -0.354      0.238     -1.488      0.137
    A_04               0.024      0.008      2.964      0.003

 B_06       ON
    B_05              -0.429      0.259     -1.655      0.098
    A_05               0.046      0.014      3.267      0.001

 IA       WITH
    SA                 0.012      0.014      0.864      0.387
    A_01               1.693      0.077     21.899      0.000
    IB                 0.055      0.020      2.786      0.005

 SA       WITH
    A_01              -0.004      0.014     -0.295      0.768

 IB       WITH
    B_01               0.454      0.092      4.928      0.000

 B_02     WITH
    A_02               0.054      0.017      3.109      0.002

 B_03     WITH
    A_03              -0.031      0.024     -1.258      0.208

 B_04     WITH
    A_04               0.034      0.019      1.759      0.079

 B_05     WITH
    A_05               0.064      0.024      2.610      0.009

 B_06     WITH
    A_06               0.022      0.026      0.832      0.406

 Means
    A_01               4.374      0.025    175.125      0.000
    B_01               3.392      0.022    151.334      0.000
    IA                 4.316      0.162     26.672      0.000
    SA                -0.170      0.026     -6.518      0.000
    IB                 4.144      0.760      5.456      0.000

 Intercepts
    A_02               0.000      0.000    999.000    999.000
    A_03               0.000      0.000    999.000    999.000
    A_04               0.000      0.000    999.000    999.000
    A_05               0.000      0.000    999.000    999.000
    A_06               0.000      0.000    999.000    999.000
    B_02               0.000      0.000    999.000    999.000
    B_03               0.000      0.000    999.000    999.000
    B_04               0.000      0.000    999.000    999.000
    B_05               0.000      0.000    999.000    999.000
    B_06               0.000      0.000    999.000    999.000

 Variances
    A_01               3.404      0.068     50.145      0.000
    B_01               0.590      0.037     15.764      0.000
    IA                 1.714      0.123     13.892      0.000
    SA                 0.009      0.002      3.635      0.000
    IB                 0.560      0.164      3.408      0.001

 Residual Variances
    A_02               1.828      0.073     25.110      0.000
    A_03               1.828      0.052     34.818      0.000
    A_04               1.874      0.052     36.364      0.000
    A_05               1.785      0.070     25.364      0.000
    A_06               1.661      0.073     22.770      0.000
    B_02               0.145      0.017      8.466      0.000
    B_03               0.234      0.038      6.232      0.000
    B_04               0.275      0.016     17.120      0.000
    B_05               0.348      0.030     11.792      0.000
    B_06               0.403      0.069      5.860      0.000


QUALITY OF NUMERICAL RESULTS

     Condition Number for the Information Matrix              0.127E-04
       (ratio of smallest to largest eigenvalue)


MODEL MODIFICATION INDICES

NOTE:  Modification indices for direct effects of observed dependent variables
regressed on covariates may not be included.  To include these, request
MODINDICES (ALL).

Minimum M.I. value for printing the modification index     3.000

                                   M.I.     E.P.C.


ON/BY Statements

A_02     ON SA       /
SA       BY A_02                   8.942     1.997
A_03     ON IA       /
IA       BY A_03                   3.473     0.067
A_03     ON SA       /
SA       BY A_03                  18.434    -1.741
A_04     ON IA       /
IA       BY A_04                   3.628    -0.058
A_04     ON SA       /
SA       BY A_04                   5.024     0.942
A_05     ON SA       /
SA       BY A_05                   3.038     0.952
A_05     ON IB       /
IB       BY A_05                   3.532     0.113
A_06     ON SA       /
SA       BY A_06                   3.008    -1.247
A_06     ON IB       /
IB       BY A_06                   5.323     0.140
B_02     ON IA       /
IA       BY B_02                   7.846    -0.053
B_02     ON IB       /
IB       BY B_02                  41.963    -0.396
B_03     ON IA       /
IA       BY B_03                  11.350     0.056
B_03     ON IB       /
IB       BY B_03                   6.073    -0.352
B_04     ON IA       /
IA       BY B_04                   4.173     0.033
B_05     ON IB       /
IB       BY B_05                  34.985     0.517
B_06     ON IA       /
IA       BY B_06                   6.753     0.050
B_06     ON IB       /
IB       BY B_06                  22.533     0.521
A_01     ON IA       /
IA       BY A_01                  27.909     2.113
A_01     ON IB       /
IB       BY A_01                  28.284     0.200
B_01     ON IA       /
IA       BY B_01                  24.405     0.076
B_01     ON SA       /
SA       BY B_01                  11.468     1.193
B_01     ON IB       /
IB       BY B_01                  18.536     2.057
IA       ON IB       /
IB       BY IA                    18.748     0.251
SA       ON IB       /
IB       BY SA                    17.413     0.034
IB       ON IA       /
IA       BY IB                    28.062     0.069

ON Statements

IA       ON A_03                   6.251    -0.062
IA       ON A_04                  13.413     0.072
IA       ON B_02                   8.225     0.211
IA       ON B_03                  10.676     0.171
IA       ON B_04                  10.010     0.154
IA       ON B_05                  15.918     0.192
IA       ON B_01                  18.751     0.193
SA       ON A_02                   8.079     0.017
SA       ON A_03                  10.150    -0.009
SA       ON A_04                   3.331     0.006
SA       ON A_05                  12.147     0.026
SA       ON A_06                   7.600    -0.030
SA       ON B_02                  10.272     0.029
SA       ON B_03                  13.488     0.024
SA       ON B_04                   9.811     0.019
SA       ON B_05                   3.745     0.020
SA       ON B_06                   8.633     0.022
SA       ON B_01                  20.429     0.034
IB       ON A_02                  20.258     0.040
IB       ON A_04                   6.823     0.019
IB       ON A_05                  23.214     0.037
IB       ON A_06                   9.838     0.026
IB       ON B_02                  13.573    -0.443
IB       ON B_03                   9.589     0.193
IB       ON B_05                   8.240     0.099
IB       ON A_01                  27.838     0.034
A_02     ON A_04                   9.642     0.104
A_02     ON A_05                  17.229    -0.068
A_02     ON A_06                  27.546     0.109
A_02     ON B_03                   7.637    -0.249
A_03     ON A_05                  11.162     0.049
A_03     ON A_06                  27.950    -0.078
A_03     ON B_05                   3.986     0.108
A_03     ON A_01                   7.729     0.059
A_04     ON A_01                  12.522    -0.047
A_05     ON A_02                  10.428    -0.043
A_05     ON A_03                  17.752     0.062
A_05     ON B_02                   3.225     0.096
A_05     ON B_03                   5.745     0.118
A_05     ON B_05                   3.532     0.113
A_05     ON A_01                   3.371     0.025
A_06     ON A_02                  30.799     0.133
A_06     ON A_03                  43.808    -0.120
A_06     ON A_04                   3.615     0.050
A_06     ON B_04                   9.417     0.141
A_06     ON B_06                   5.325     0.141
A_06     ON B_01                   7.073     0.157
B_02     ON A_02                   7.847    -0.053
B_02     ON A_03                   5.931    -0.020
B_02     ON A_04                   3.509    -0.014
B_02     ON A_06                   3.182    -0.013
B_02     ON B_02                  41.979    -0.396
B_02     ON B_03                  32.301    -0.450
B_02     ON B_04                  18.917    -0.157
B_02     ON B_05                  17.070    -0.368
B_02     ON B_06                  21.351    -0.111
B_03     ON A_03                  10.929     0.052
B_03     ON A_05                  15.430     0.031
B_03     ON B_03                   6.057    -0.351
B_03     ON B_04                   8.465    -0.259
B_03     ON B_05                  15.763     0.160
B_03     ON B_06                  15.418    -0.212
B_03     ON A_01                   8.974     0.023
B_03     ON B_01                   9.273    -0.154
B_04     ON A_04                   4.308     0.031
B_04     ON A_06                   7.514     0.021
B_04     ON B_05                   9.259    -0.253
B_04     ON B_06                  34.281     0.205
B_05     ON A_02                   8.700     0.025
B_05     ON B_02                  39.690     0.543
B_05     ON B_03                  23.764     0.209
B_05     ON B_05                  34.968     0.517
B_05     ON B_06                  30.446     0.725
B_05     ON B_01                   6.890     0.165
B_06     ON A_04                   6.985     0.027
B_06     ON A_06                   5.680     0.053
B_06     ON B_03                  23.822     0.941
B_06     ON B_04                  26.575     0.203
B_06     ON B_06                  22.522     0.521
B_06     ON A_01                   3.886     0.019
B_06     ON B_01                   6.700     0.208
A_01     ON A_02                   5.582     0.141
A_01     ON A_03                   4.709     0.058
A_01     ON A_04                  11.548    -0.058
A_01     ON A_05                   7.513     0.051
A_01     ON B_02                  37.299     0.298
A_01     ON B_03                  23.927     0.176
A_01     ON B_04                  14.019     0.131
A_01     ON B_05                  12.535     0.131
A_01     ON B_06                  17.496     0.142
A_01     ON B_01                  21.238     0.179
B_01     ON A_02                  19.340     0.050
B_01     ON A_03                   7.840     0.025
B_01     ON A_04                  22.706     0.043
B_01     ON A_05                  11.698     0.031
B_01     ON A_06                  19.724     0.041
B_01     ON B_02                  57.020     0.824
B_01     ON B_03                   8.996    -0.173
B_01     ON A_01                   9.597     0.029

WITH Statements

A_02     WITH SA                   9.021     0.033
A_03     WITH IA                   6.858    -0.121
A_03     WITH SA                  10.595    -0.017
A_03     WITH IB                   6.796    -0.051
A_03     WITH A_02                 3.073    -0.116
A_04     WITH IA                  13.022     0.133
A_04     WITH A_02                 5.602     0.114
A_05     WITH SA                  11.976     0.047
A_05     WITH IB                   4.524     0.037
A_05     WITH A_02                25.966    -0.170
A_05     WITH A_03                24.615     0.183
A_06     WITH SA                  10.786    -0.066
A_06     WITH A_02                43.784     0.334
A_06     WITH A_03                50.493    -0.261
A_06     WITH A_04                 7.336     0.176
B_02     WITH IB                  33.679    -0.109
B_02     WITH A_05                 3.174     0.031
B_03     WITH IB                   4.202     0.034
B_03     WITH A_02                11.850    -0.103
B_03     WITH A_05                 9.765     0.066
B_04     WITH A_03                 4.519    -0.063
B_04     WITH A_06                 7.694     0.059
B_04     WITH B_03                 6.968    -0.097
B_05     WITH IA                   3.322     0.040
B_05     WITH SA                   4.435    -0.009
B_05     WITH IB                   6.689     0.037
B_05     WITH A_02                 9.109     0.064
B_05     WITH B_03                12.619     0.049
B_05     WITH B_04                21.847    -0.173
B_06     WITH A_04                 3.033     0.044
B_06     WITH A_05                 7.398    -0.110
B_06     WITH B_02                11.088    -0.042
B_06     WITH B_03                23.270    -0.266
B_06     WITH B_04                28.654     0.085
A_01     WITH IB                  27.878     0.116
A_01     WITH A_04                13.936    -0.120
A_01     WITH A_05                 5.191     0.077
A_01     WITH B_02                 7.111     0.096
A_01     WITH B_03                 5.107     0.042
B_01     WITH IA                  18.756     0.114
B_01     WITH SA                   9.319     0.011
B_01     WITH A_04                 5.130     0.055
B_01     WITH B_02                37.705     0.101
B_01     WITH B_03                 9.508    -0.045

Means/Intercepts/Thresholds

[ A_02     ]                       4.624    -0.391
[ A_03     ]                      10.988     0.455
[ B_02     ]                       8.601    -0.366


TECHNICAL 1 OUTPUT


     PARAMETER SPECIFICATION


           NU
              A_02          A_03          A_04          A_05          A_06
              ________      ________      ________      ________      ________
 1                  0             0             0             0             0


           NU
              B_02          B_03          B_04          B_05          B_06
              ________      ________      ________      ________      ________
 1                  0             0             0             0             0


           NU
              A_01          B_01
              ________      ________
 1                  0             0


           LAMBDA
              IA            SA            IB            A_02          A_03
              ________      ________      ________      ________      ________
 A_02               0             0             0             0             0
 A_03               0             0             0             0             0
 A_04               0             0             0             0             0
 A_05               0             0             0             0             0
 A_06               0             0             0             0             0
 B_02               0             0             0             0             0
 B_03               0             0             0             0             0
 B_04               0             0             0             0             0
 B_05               0             0             0             0             0
 B_06               0             0             0             0             0
 A_01               0             0             0             0             0
 B_01               0             0             0             0             0


           LAMBDA
              A_04          A_05          A_06          B_02          B_03
              ________      ________      ________      ________      ________
 A_02               0             0             0             0             0
 A_03               0             0             0             0             0
 A_04               0             0             0             0             0
 A_05               0             0             0             0             0
 A_06               0             0             0             0             0
 B_02               0             0             0             0             0
 B_03               0             0             0             0             0
 B_04               0             0             0             0             0
 B_05               0             0             0             0             0
 B_06               0             0             0             0             0
 A_01               0             0             0             0             0
 B_01               0             0             0             0             0


           LAMBDA
              B_04          B_05          B_06          A_01          B_01
              ________      ________      ________      ________      ________
 A_02               0             0             0             0             0
 A_03               0             0             0             0             0
 A_04               0             0             0             0             0
 A_05               0             0             0             0             0
 A_06               0             0             0             0             0
 B_02               0             0             0             0             0
 B_03               0             0             0             0             0
 B_04               0             0             0             0             0
 B_05               0             0             0             0             0
 B_06               0             0             0             0             0
 A_01               0             0             0             0             0
 B_01               0             0             0             0             0


           THETA
              A_02          A_03          A_04          A_05          A_06
              ________      ________      ________      ________      ________
 A_02               0
 A_03               0             0
 A_04               0             0             0
 A_05               0             0             0             0
 A_06               0             0             0             0             0
 B_02               0             0             0             0             0
 B_03               0             0             0             0             0
 B_04               0             0             0             0             0
 B_05               0             0             0             0             0
 B_06               0             0             0             0             0
 A_01               0             0             0             0             0
 B_01               0             0             0             0             0


           THETA
              B_02          B_03          B_04          B_05          B_06
              ________      ________      ________      ________      ________
 B_02               0
 B_03               0             0
 B_04               0             0             0
 B_05               0             0             0             0
 B_06               0             0             0             0             0
 A_01               0             0             0             0             0
 B_01               0             0             0             0             0


           THETA
              A_01          B_01
              ________      ________
 A_01               0
 B_01               0             0


           ALPHA
              IA            SA            IB            A_02          A_03
              ________      ________      ________      ________      ________
 1                  1             2             3             0             0


           ALPHA
              A_04          A_05          A_06          B_02          B_03
              ________      ________      ________      ________      ________
 1                  0             0             0             0             0


           ALPHA
              B_04          B_05          B_06          A_01          B_01
              ________      ________      ________      ________      ________
 1                  0             0             0             4             5


           BETA
              IA            SA            IB            A_02          A_03
              ________      ________      ________      ________      ________
 IA                 0             0             0             0             0
 SA                 0             0             0             0             0
 IB                 0             0             0             0             0
 A_02               0             0             0             0             0
 A_03               0             0             0             8             0
 A_04               0             0             0             0            10
 A_05               0             0             0             0             0
 A_06               0             0             0             0             0
 B_02               0             0             0             0             0
 B_03               0             0             0            18             0
 B_04               0             0             0             0            20
 B_05               0             0             0             0             0
 B_06               0             0             0             0             0
 A_01               0             0             0             0             0
 B_01               0             0             0             0             0


           BETA
              A_04          A_05          A_06          B_02          B_03
              ________      ________      ________      ________      ________
 IA                 0             0             0             0             0
 SA                 0             0             0             0             0
 IB                 0             0             0             0             0
 A_02               0             0             0             0             0
 A_03               0             0             0             9             0
 A_04               0             0             0             0            11
 A_05              12             0             0             0             0
 A_06               0            14             0             0             0
 B_02               0             0             0             0             0
 B_03               0             0             0            19             0
 B_04               0             0             0             0            21
 B_05              22             0             0             0             0
 B_06               0            24             0             0             0
 A_01               0             0             0             0             0
 B_01               0             0             0             0             0


           BETA
              B_04          B_05          B_06          A_01          B_01
              ________      ________      ________      ________      ________
 IA                 0             0             0             0             0
 SA                 0             0             0             0             0
 IB                 0             0             0             0             0
 A_02               0             0             0             6             7
 A_03               0             0             0             0             0
 A_04               0             0             0             0             0
 A_05              13             0             0             0             0
 A_06               0            15             0             0             0
 B_02               0             0             0            16            17
 B_03               0             0             0             0             0
 B_04               0             0             0             0             0
 B_05              23             0             0             0             0
 B_06               0            25             0             0             0
 A_01               0             0             0             0             0
 B_01               0             0             0             0             0


           PSI
              IA            SA            IB            A_02          A_03
              ________      ________      ________      ________      ________
 IA                26
 SA                27            28
 IB                29             0            30
 A_02               0             0             0            31
 A_03               0             0             0             0            32
 A_04               0             0             0             0             0
 A_05               0             0             0             0             0
 A_06               0             0             0             0             0
 B_02               0             0             0            36             0
 B_03               0             0             0             0            38
 B_04               0             0             0             0             0
 B_05               0             0             0             0             0
 B_06               0             0             0             0             0
 A_01              46            47             0             0             0
 B_01               0             0            49             0             0


           PSI
              A_04          A_05          A_06          B_02          B_03
              ________      ________      ________      ________      ________
 A_04              33
 A_05               0            34
 A_06               0             0            35
 B_02               0             0             0            37
 B_03               0             0             0             0            39
 B_04              40             0             0             0             0
 B_05               0            42             0             0             0
 B_06               0             0            44             0             0
 A_01               0             0             0             0             0
 B_01               0             0             0             0             0


           PSI
              B_04          B_05          B_06          A_01          B_01
              ________      ________      ________      ________      ________
 B_04              41
 B_05               0            43
 B_06               0             0            45
 A_01               0             0             0            48
 B_01               0             0             0             0            50


     STARTING VALUES


           NU
              A_02          A_03          A_04          A_05          A_06
              ________      ________      ________      ________      ________
 1              0.000         0.000         0.000         0.000         0.000


           NU
              B_02          B_03          B_04          B_05          B_06
              ________      ________      ________      ________      ________
 1              0.000         0.000         0.000         0.000         0.000


           NU
              A_01          B_01
              ________      ________
 1              0.000         0.000


           LAMBDA
              IA            SA            IB            A_02          A_03
              ________      ________      ________      ________      ________
 A_02           0.000         0.000         0.000         1.000         0.000
 A_03           0.000         0.000         0.000         0.000         1.000
 A_04           0.000         0.000         0.000         0.000         0.000
 A_05           0.000         0.000         0.000         0.000         0.000
 A_06           0.000         0.000         0.000         0.000         0.000
 B_02           0.000         0.000         0.000         0.000         0.000
 B_03           0.000         0.000         0.000         0.000         0.000
 B_04           0.000         0.000         0.000         0.000         0.000
 B_05           0.000         0.000         0.000         0.000         0.000
 B_06           0.000         0.000         0.000         0.000         0.000
 A_01           0.000         0.000         0.000         0.000         0.000
 B_01           0.000         0.000         0.000         0.000         0.000


           LAMBDA
              A_04          A_05          A_06          B_02          B_03
              ________      ________      ________      ________      ________
 A_02           0.000         0.000         0.000         0.000         0.000
 A_03           0.000         0.000         0.000         0.000         0.000
 A_04           1.000         0.000         0.000         0.000         0.000
 A_05           0.000         1.000         0.000         0.000         0.000
 A_06           0.000         0.000         1.000         0.000         0.000
 B_02           0.000         0.000         0.000         1.000         0.000
 B_03           0.000         0.000         0.000         0.000         1.000
 B_04           0.000         0.000         0.000         0.000         0.000
 B_05           0.000         0.000         0.000         0.000         0.000
 B_06           0.000         0.000         0.000         0.000         0.000
 A_01           0.000         0.000         0.000         0.000         0.000
 B_01           0.000         0.000         0.000         0.000         0.000


           LAMBDA
              B_04          B_05          B_06          A_01          B_01
              ________      ________      ________      ________      ________
 A_02           0.000         0.000         0.000         0.000         0.000
 A_03           0.000         0.000         0.000         0.000         0.000
 A_04           0.000         0.000         0.000         0.000         0.000
 A_05           0.000         0.000         0.000         0.000         0.000
 A_06           0.000         0.000         0.000         0.000         0.000
 B_02           0.000         0.000         0.000         0.000         0.000
 B_03           0.000         0.000         0.000         0.000         0.000
 B_04           1.000         0.000         0.000         0.000         0.000
 B_05           0.000         1.000         0.000         0.000         0.000
 B_06           0.000         0.000         1.000         0.000         0.000
 A_01           0.000         0.000         0.000         1.000         0.000
 B_01           0.000         0.000         0.000         0.000         1.000


           THETA
              A_02          A_03          A_04          A_05          A_06
              ________      ________      ________      ________      ________
 A_02           0.000
 A_03           0.000         0.000
 A_04           0.000         0.000         0.000
 A_05           0.000         0.000         0.000         0.000
 A_06           0.000         0.000         0.000         0.000         0.000
 B_02           0.000         0.000         0.000         0.000         0.000
 B_03           0.000         0.000         0.000         0.000         0.000
 B_04           0.000         0.000         0.000         0.000         0.000
 B_05           0.000         0.000         0.000         0.000         0.000
 B_06           0.000         0.000         0.000         0.000         0.000
 A_01           0.000         0.000         0.000         0.000         0.000
 B_01           0.000         0.000         0.000         0.000         0.000


           THETA
              B_02          B_03          B_04          B_05          B_06
              ________      ________      ________      ________      ________
 B_02           0.000
 B_03           0.000         0.000
 B_04           0.000         0.000         0.000
 B_05           0.000         0.000         0.000         0.000
 B_06           0.000         0.000         0.000         0.000         0.000
 A_01           0.000         0.000         0.000         0.000         0.000
 B_01           0.000         0.000         0.000         0.000         0.000


           THETA
              A_01          B_01
              ________      ________
 A_01           0.000
 B_01           0.000         0.000


           ALPHA
              IA            SA            IB            A_02          A_03
              ________      ________      ________      ________      ________
 1              0.000         0.000         0.000         0.000         0.000


           ALPHA
              A_04          A_05          A_06          B_02          B_03
              ________      ________      ________      ________      ________
 1              0.000         0.000         0.000         0.000         0.000


           ALPHA
              B_04          B_05          B_06          A_01          B_01
              ________      ________      ________      ________      ________
 1              0.000         0.000         0.000         0.000         0.000


           BETA
              IA            SA            IB            A_02          A_03
              ________      ________      ________      ________      ________
 IA             0.000         0.000         0.000         0.000         0.000
 SA             0.000         0.000         0.000         0.000         0.000
 IB             0.000         0.000         0.000         0.000         0.000
 A_02           1.000         0.000         0.000         0.000         0.000
 A_03           1.000         2.000         0.000         0.000         0.000
 A_04           1.000         4.000         0.000         0.000         0.000
 A_05           1.000         6.000         0.000         0.000         0.000
 A_06           1.000         8.000         0.000         0.000         0.000
 B_02           0.000         0.000         1.000         0.000         0.000
 B_03           0.000         0.000         1.000         0.000         0.000
 B_04           0.000         0.000         1.000         0.000         0.000
 B_05           0.000         0.000         1.000         0.000         0.000
 B_06           0.000         0.000         1.000         0.000         0.000
 A_01           0.000         0.000         0.000         0.000         0.000
 B_01           0.000         0.000         0.000         0.000         0.000


           BETA
              A_04          A_05          A_06          B_02          B_03
              ________      ________      ________      ________      ________
 IA             0.000         0.000         0.000         0.000         0.000
 SA             0.000         0.000         0.000         0.000         0.000
 IB             0.000         0.000         0.000         0.000         0.000
 A_02           0.000         0.000         0.000         0.000         0.000
 A_03           0.000         0.000         0.000         0.000         0.000
 A_04           0.000         0.000         0.000         0.000         0.000
 A_05           0.000         0.000         0.000         0.000         0.000
 A_06           0.000         0.000         0.000         0.000         0.000
 B_02           0.000         0.000         0.000         0.000         0.000
 B_03           0.000         0.000         0.000         0.000         0.000
 B_04           0.000         0.000         0.000         0.000         0.000
 B_05           0.000         0.000         0.000         0.000         0.000
 B_06           0.000         0.000         0.000         0.000         0.000
 A_01           0.000         0.000         0.000         0.000         0.000
 B_01           0.000         0.000         0.000         0.000         0.000


           BETA
              B_04          B_05          B_06          A_01          B_01
              ________      ________      ________      ________      ________
 IA             0.000         0.000         0.000         0.000         0.000
 SA             0.000         0.000         0.000         0.000         0.000
 IB             0.000         0.000         0.000         0.000         0.000
 A_02           0.000         0.000         0.000         0.000         0.000
 A_03           0.000         0.000         0.000         0.000         0.000
 A_04           0.000         0.000         0.000         0.000         0.000
 A_05           0.000         0.000         0.000         0.000         0.000
 A_06           0.000         0.000         0.000         0.000         0.000
 B_02           0.000         0.000         0.000         0.000         0.000
 B_03           0.000         0.000         0.000         0.000         0.000
 B_04           0.000         0.000         0.000         0.000         0.000
 B_05           0.000         0.000         0.000         0.000         0.000
 B_06           0.000         0.000         0.000         0.000         0.000
 A_01           0.000         0.000         0.000         0.000         0.000
 B_01           0.000         0.000         0.000         0.000         0.000


           PSI
              IA            SA            IB            A_02          A_03
              ________      ________      ________      ________      ________
 IA             0.050
 SA             0.000         0.050
 IB             0.000         0.000         0.050
 A_02           0.000         0.000         0.000         1.787
 A_03           0.000         0.000         0.000         0.000         1.760
 A_04           0.000         0.000         0.000         0.000         0.000
 A_05           0.000         0.000         0.000         0.000         0.000
 A_06           0.000         0.000         0.000         0.000         0.000
 B_02           0.000         0.000         0.000         0.000         0.000
 B_03           0.000         0.000         0.000         0.000         0.000
 B_04           0.000         0.000         0.000         0.000         0.000
 B_05           0.000         0.000         0.000         0.000         0.000
 B_06           0.000         0.000         0.000         0.000         0.000
 A_01           0.000         0.000         0.000         0.000         0.000
 B_01           0.000         0.000         0.000         0.000         0.000


           PSI
              A_04          A_05          A_06          B_02          B_03
              ________      ________      ________      ________      ________
 A_04           1.896
 A_05           0.000         1.948
 A_06           0.000         0.000         1.930
 B_02           0.000         0.000         0.000         0.261
 B_03           0.000         0.000         0.000         0.000         0.294
 B_04           0.000         0.000         0.000         0.000         0.000
 B_05           0.000         0.000         0.000         0.000         0.000
 B_06           0.000         0.000         0.000         0.000         0.000
 A_01           0.000         0.000         0.000         0.000         0.000
 B_01           0.000         0.000         0.000         0.000         0.000


           PSI
              B_04          B_05          B_06          A_01          B_01
              ________      ________      ________      ________      ________
 B_04           0.312
 B_05           0.000         0.350
 B_06           0.000         0.000         0.366
 A_01           0.000         0.000         0.000         1.695
 B_01           0.000         0.000         0.000         0.000         0.289


     Beginning Time:  02:44:56
        Ending Time:  02:51:05
       Elapsed Time:  00:06:09



MUTHEN & MUTHEN
3463 Stoner Ave.
Los Angeles, CA  90066

Tel: (310) 391-9971
Fax: (310) 391-8971
Web: www.StatModel.com
Support: Support@StatModel.com

Copyright (c) 1998-2015 Muthen & Muthen
