Mplus VERSION 7.4 (Mac)
MUTHEN & MUTHEN
07/26/2017   2:28 PM

INPUT INSTRUCTIONS

  TITLE:
  ALT-12 fixed autoregressions and fixed cross-lagged
  DATA:
  File = wide-dataset-b.dat;
  VARIABLE:
  NAMES are
   id hhid male birthyr_rand birthmo_rand race_rand hispanic_rand cohort
      raedyrs raedegrm memoryproblems_baseline memory_disease_ever age_baseline
      age_baseline_65 health_conditions_baseline healthcond_mean activity_mean_2004
      activity_mean_2006 activity_mean_2008 activity_mean_2010 activity_mean_2012
      activity_mean_2014 activity_sum_2004 activity_sum_2006 activity_sum_2008
      activity_sum_2010 activity_sum_2012 activity_sum_2014 close_social_network_2004
      close_social_network_2006 close_social_network_2008 close_social_network_2010
      close_social_network_2012 close_social_network_2014 countb20r_2004
      countb20r_2006 countb20r_2008 countb20r_2010 countb20r_2012 countb20r_2014
      crp_adj_2004 crp_adj_2006 crp_adj_2008 crp_adj_2010 crp_adj_2012 crp_adj_2014
      dep_total_2004 dep_total_2006 dep_total_2008 dep_total_2010 dep_total_2012
      dep_total_2014 exercise_2004 exercise_2006 exercise_2008 exercise_2010
      exercise_2012 exercise_2014 healthcond_2004 healthcond_2006 healthcond_2008
      healthcond_2010 healthcond_2012 healthcond_2014 hhres_2004 hhres_2006
      hhres_2008 hhres_2010 hhres_2012 hhres_2014 hrs_tscore_2004 hrs_tscore_2006
      hrs_tscore_2008 hrs_tscore_2010 hrs_tscore_2012 hrs_tscore_2014 intage_r_2004
      intage_r_2006 intage_r_2008 intage_r_2010 intage_r_2012 intage_r_2014
      interview_date_2004 interview_date_2006 interview_date_2008 interview_date_2010
      interview_date_2012 interview_date_2014 lb_65_wave_2004 lb_65_wave_2006
      lb_65_wave_2008 lb_65_wave_2010 lb_65_wave_2012 lb_65_wave_2014 lb_wave_2004
      lb_wave_2006 lb_wave_2008 lb_wave_2010 lb_wave_2012 lb_wave_2014 listassi_2004
      listassi_2006 listassi_2008 listassi_2010 listassi_2012 listassi_2014
      mentalstatus_tot_2004 mentalstatus_tot_2006 mentalstatus_tot_2008
      mentalstatus_tot_2010 mentalstatus_tot_2012 mentalstatus_tot_2014 proxy_2004
      proxy_2006 proxy_2008 proxy_2010 proxy_2012 proxy_2014 responded_2004
      responded_2006 responded_2008 responded_2010 responded_2012 responded_2014
      rmaritalst_2004 rmaritalst_2006 rmaritalst_2008 rmaritalst_2010 rmaritalst_2012
      rmaritalst_2014 rpartst_2004 rpartst_2006 rpartst_2008 rpartst_2010
      rpartst_2012 rpartst_2014 score_loneliness_11_2004 score_loneliness_11_2006
      score_loneliness_11_2008 score_loneliness_11_2010 score_loneliness_11_2012
      score_loneliness_11_2014 score_loneliness_3_2004 score_loneliness_3_2006
      score_loneliness_3_2008 score_loneliness_3_2010 score_loneliness_3_2012
      score_loneliness_3_2014 shhidpnr_2004 shhidpnr_2006 shhidpnr_2008 shhidpnr_2010
      shhidpnr_2012 shhidpnr_2014 snchild_2004 snchild_2006 snchild_2008 snchild_2010
      snchild_2012 snchild_2014 snfamily_2004 snfamily_2006 snfamily_2008
      snfamily_2010 snfamily_2012 snfamily_2014 snfriends_2004 snfriends_2006
      snfriends_2008 snfriends_2010 snfriends_2012 snfriends_2014 snspouse_2004
      snspouse_2006 snspouse_2008 snspouse_2010 snspouse_2012 snspouse_2014
      social_contact_total_2004 social_contact_total_2006 social_contact_total_2008
      social_contact_total_2010 social_contact_total_2012 social_contact_total_2014
      social_strain_mean_2004 social_strain_mean_2006 social_strain_mean_2008
      social_strain_mean_2010 social_strain_mean_2012 social_strain_mean_2014
      social_support_mean_2004 social_support_mean_2006 social_support_mean_2008
      social_support_mean_2010 social_support_mean_2012 social_support_mean_2014
      socialnetwork_total_2004 socialnetwork_total_2006 socialnetwork_total_2008
      socialnetwork_total_2010 socialnetwork_total_2012 socialnetwork_total_2014
      srmemory_2004 srmemory_2006 srmemory_2008 srmemory_2010 srmemory_2012
      srmemory_2014 srmemoryp_2004 srmemoryp_2006 srmemoryp_2008 srmemoryp_2010
      srmemoryp_2012 srmemoryp_2014 vocab_total_2004 vocab_total_2006 vocab_total_2008
      vocab_total_2010 vocab_total_2012 vocab_total_2014 wrectotd_2004 wrectotd_2006
      wrectotd_2008 wrectotd_2010 wrectotd_2012 wrectotd_2014 wrectoti_2004
      wrectoti_2006 wrectoti_2008 wrectoti_2010 wrectoti_2012 wrectoti_2014
  	;
  Missing are all(9999);
  USEVARIABLES are
  	!define the variables used in the analysis
  	!estimated time points
  a_01
  a_02
  a_03
  a_04
  a_05
  a_06
  	!modelled time points of process (B)
  b_01
  b_02
  b_03
  b_04
  b_05
  b_06
  	! covariates used in the model
   	;
  SUBPOPULATION are
  	!select a subset of observations
  age_baseline > 64 AND
  memory_disease_ever EQ 0
  ;
  CLUSTER = hhid;
  DEFINE:
    ! centre baseline age
  a = age_baseline - 69;
  	! assign variables to the process (A)
  a_01=wrectotd_2004;
  a_02=wrectotd_2006;
  a_03=wrectotd_2008;
  a_04=wrectotd_2010;
  a_05=wrectotd_2012;
  a_06=wrectotd_2014;
  	! assign variables to the process (B)
  b_01=score_loneliness_3_2004;
  b_02=score_loneliness_3_2006;
  b_03=score_loneliness_3_2008;
  b_04=score_loneliness_3_2010;
  b_05=score_loneliness_3_2012;
  b_06=score_loneliness_3_2014;
  ANALYSIS:
  TYPE = COMPLEX RANDOM;
  COVERAGE=.00;
  H1ITERATIONS = 10000;
  MODEL:
  	!LGM part
  	! assign process (A) to time points
  ia sa | a_01@0
  a_02@2
  a_03@4
  a_04@6
  a_05@8
  a_06@10 ;
  	! assign process (B) to time points
  ib sb| b_01@0
  b_02@2
  b_03@4
  b_04@6
  b_05@8
  b_06@10 ;
  	!correlations between the first measurement points
  a_01 WITH b_01;
  	!autoregressive part
  a_01;
  a_02 ON a_01(1);
  a_03 ON a_02(1);
  a_04 ON a_03(1);
  a_05 ON a_04(1);
  a_06 ON a_05(1);
  b_01;
  b_02 ON b_01(2);
  b_03 ON b_02(2);
  b_04 ON b_03(2);
  b_05 ON b_04(2);
  b_06 ON b_05(2);
  	!Cross lagged part
  a_02 ON b_01(3);
  a_03 ON b_02(3);
  a_04 ON b_03(3);
  a_05 ON b_04(3);
  a_06 ON b_05(3);
  b_02 ON a_01(4);
  b_03 ON a_02(4);
  b_04 ON a_03(4);
  b_05 ON a_04(4);
  b_06 ON a_05(4);
  ! no time specific correlations
  	
  OUTPUT: SAMPSTAT MODINDICES (3.0); TECH1 TECH2 TECH3;;



INPUT READING TERMINATED NORMALLY




ALT-12 fixed autoregressions and fixed cross-lagged

SUMMARY OF ANALYSIS

Number of groups                                                 1
Number of observations                                        5952

Number of dependent variables                                   12
Number of independent variables                                  0
Number of continuous latent variables                            4

Observed dependent variables

  Continuous
   A_01        A_02        A_03        A_04        A_05        A_06
   B_01        B_02        B_03        B_04        B_05        B_06

Continuous latent variables
   IA          SA          IB          SB

Variables with special functions

  Cluster variable      HHID

Estimator                                                      MLR
Information matrix                                        OBSERVED
Maximum number of iterations                                   100
Convergence criterion                                    0.100D-05
Maximum number of EM iterations                                500
Convergence criteria for the EM algorithm
  Loglikelihood change                                   0.100D-02
  Relative loglikelihood change                          0.100D-05
  Derivative                                             0.100D-03
Minimum variance                                         0.100D-03
Maximum number of steepest descent iterations                   20
Maximum number of iterations for H1                          10000
Convergence criterion for H1                             0.100D-03
Optimization algorithm                                         EMA

Input data file(s)
  wide-dataset-b.dat
Input data format  FREE


SUMMARY OF DATA

     Number of missing data patterns           274
     Number of clusters        4882



SAMPLE STATISTICS


     ESTIMATED SAMPLE STATISTICS


           Means
              A_01          A_02          A_03          A_04          A_05
              ________      ________      ________      ________      ________
 1              4.374         4.216         4.110         3.722         3.506


           Means
              A_06          B_01          B_02          B_03          B_04
              ________      ________      ________      ________      ________
 1              3.314         1.380         1.433         1.440         1.439


           Means
              B_05          B_06
              ________      ________
 1              1.469         1.458


           Covariances
              A_01          A_02          A_03          A_04          A_05
              ________      ________      ________      ________      ________
 A_01           3.403
 A_02           1.740         3.591
 A_03           1.664         1.660         3.524
 A_04           1.599         1.801         1.792         3.811
 A_05           1.712         1.723         1.937         1.993         3.968
 A_06           1.605         1.873         1.710         2.108         2.184
 B_01          -0.106        -0.095        -0.065        -0.077        -0.063
 B_02          -0.098        -0.106        -0.074        -0.094        -0.090
 B_03          -0.107        -0.112        -0.096        -0.105        -0.120
 B_04          -0.088        -0.082        -0.068        -0.089        -0.101
 B_05          -0.092        -0.073        -0.046        -0.059        -0.108
 B_06          -0.092        -0.088        -0.061        -0.107        -0.103


           Covariances
              A_06          B_01          B_02          B_03          B_04
              ________      ________      ________      ________      ________
 A_06           3.995
 B_01          -0.130         0.230
 B_02          -0.105         0.142         0.258
 B_03          -0.127         0.123         0.087         0.266
 B_04          -0.102         0.114         0.143         0.064         0.262
 B_05          -0.080         0.122         0.066         0.148         0.008
 B_06          -0.101         0.115         0.134         0.136         0.149


           Covariances
              B_05          B_06
              ________      ________
 B_05           0.256
 B_06           0.095         0.265


           Correlations
              A_01          A_02          A_03          A_04          A_05
              ________      ________      ________      ________      ________
 A_01           1.000
 A_02           0.498         1.000
 A_03           0.481         0.467         1.000
 A_04           0.444         0.487         0.489         1.000
 A_05           0.466         0.456         0.518         0.513         1.000
 A_06           0.435         0.494         0.456         0.540         0.548
 B_01          -0.120        -0.105        -0.072        -0.082        -0.066
 B_02          -0.105        -0.110        -0.078        -0.095        -0.089
 B_03          -0.113        -0.114        -0.100        -0.104        -0.117
 B_04          -0.093        -0.085        -0.071        -0.089        -0.099
 B_05          -0.098        -0.076        -0.049        -0.060        -0.107
 B_06          -0.097        -0.090        -0.063        -0.106        -0.100


           Correlations
              A_06          B_01          B_02          B_03          B_04
              ________      ________      ________      ________      ________
 A_06           1.000
 B_01          -0.135         1.000
 B_02          -0.103         0.584         1.000
 B_03          -0.123         0.498         0.333         1.000
 B_04          -0.100         0.463         0.549         0.242         1.000
 B_05          -0.079         0.501         0.255         0.567         0.032
 B_06          -0.099         0.464         0.511         0.512         0.565


           Correlations
              B_05          B_06
              ________      ________
 B_05           1.000
 B_06           0.364         1.000


     MAXIMUM LOG-LIKELIHOOD VALUE FOR THE UNRESTRICTED (H1) MODEL IS -69567.858


UNIVARIATE SAMPLE STATISTICS


     UNIVARIATE HIGHER-ORDER MOMENT DESCRIPTIVE STATISTICS

         Variable/         Mean/     Skewness/   Minimum/ % with                Percentiles
        Sample Size      Variance    Kurtosis    Maximum  Min/Max      20%/60%    40%/80%    Median

     A_01                  4.400      -0.160       0.000    3.69%       3.000      4.000      4.000
            5478.000       3.390       0.175      10.000    0.31%       5.000      6.000
     A_02                  4.227      -0.154       0.000    4.88%       3.000      4.000      4.000
            5671.000       3.575       0.108      10.000    0.37%       5.000      6.000
     A_03                  4.123      -0.205       0.000    5.40%       3.000      4.000      4.000
            5775.000       3.519      -0.027      10.000    0.14%       5.000      6.000
     A_04                  3.750      -0.101       0.000    8.11%       2.000      3.000      4.000
            5669.000       3.793      -0.258      10.000    0.11%       4.000      5.000
     A_05                  3.607      -0.083       0.000    9.78%       2.000      3.000      4.000
            5132.000       3.896      -0.361      10.000    0.12%       4.000      5.000
     A_06                  3.492      -0.040       0.000   10.50%       2.000      3.000      4.000
            4429.000       3.860      -0.393      10.000    0.07%       4.000      5.000
     B_01                  1.353       1.282       1.000   53.05%       1.000      1.000      1.000
            1050.000       0.223       0.886       3.000    1.05%       1.333      1.667
     B_02                  1.432       1.083       1.000   45.40%       1.000      1.000      1.333
            2771.000       0.259       0.516       3.000    2.24%       1.333      2.000
     B_03                  1.437       1.063       1.000   45.38%       1.000      1.000      1.333
            2719.000       0.265       0.388       3.000    2.02%       1.333      2.000
     B_04                  1.428       1.148       1.000   45.05%       1.000      1.000      1.333
            2617.000       0.260       0.655       3.000    2.25%       1.333      2.000
     B_05                  1.455       0.975       1.000   41.23%       1.000      1.000      1.333
            2219.000       0.251       0.285       3.000    1.89%       1.333      2.000
     B_06                  1.429       1.081       1.000   44.93%       1.000      1.000      1.333
            2010.000       0.256       0.406       3.000    1.74%       1.333      2.000


THE MODEL ESTIMATION TERMINATED NORMALLY



MODEL FIT INFORMATION

Number of Free Parameters                       31

Loglikelihood

          H0 Value                      -69658.843
          H0 Scaling Correction Factor      1.2790
            for MLR
          H1 Value                      -69567.858
          H1 Scaling Correction Factor      1.1394
            for MLR

Information Criteria

          Akaike (AIC)                  139379.687
          Bayesian (BIC)                139587.123
          Sample-Size Adjusted BIC      139488.613
            (n* = (n + 2) / 24)

Chi-Square Test of Model Fit

          Value                            170.688*
          Degrees of Freedom                    59
          P-Value                           0.0000
          Scaling Correction Factor         1.0661
            for MLR

*   The chi-square value for MLM, MLMV, MLR, ULSMV, WLSM and WLSMV cannot be used
    for chi-square difference testing in the regular way.  MLM, MLR and WLSM
    chi-square difference testing is described on the Mplus website.  MLMV, WLSMV,
    and ULSMV difference testing is done using the DIFFTEST option.

RMSEA (Root Mean Square Error Of Approximation)

          Estimate                           0.018

CFI/TLI

          CFI                                0.990
          TLI                                0.989

Chi-Square Test of Model Fit for the Baseline Model

          Value                          11700.643
          Degrees of Freedom                    66
          P-Value                           0.0000

SRMR (Standardized Root Mean Square Residual)

          Value                              0.090



MODEL RESULTS

                                                    Two-Tailed
                    Estimate       S.E.  Est./S.E.    P-Value

 IA       |
    A_01               1.000      0.000    999.000    999.000
    A_02               1.000      0.000    999.000    999.000
    A_03               1.000      0.000    999.000    999.000
    A_04               1.000      0.000    999.000    999.000
    A_05               1.000      0.000    999.000    999.000
    A_06               1.000      0.000    999.000    999.000

 SA       |
    A_01               0.000      0.000    999.000    999.000
    A_02               2.000      0.000    999.000    999.000
    A_03               4.000      0.000    999.000    999.000
    A_04               6.000      0.000    999.000    999.000
    A_05               8.000      0.000    999.000    999.000
    A_06              10.000      0.000    999.000    999.000

 IB       |
    B_01               1.000      0.000    999.000    999.000
    B_02               1.000      0.000    999.000    999.000
    B_03               1.000      0.000    999.000    999.000
    B_04               1.000      0.000    999.000    999.000
    B_05               1.000      0.000    999.000    999.000
    B_06               1.000      0.000    999.000    999.000

 SB       |
    B_01               0.000      0.000    999.000    999.000
    B_02               2.000      0.000    999.000    999.000
    B_03               4.000      0.000    999.000    999.000
    B_04               6.000      0.000    999.000    999.000
    B_05               8.000      0.000    999.000    999.000
    B_06              10.000      0.000    999.000    999.000

 A_02       ON
    A_01              -0.005      0.008     -0.643      0.521
    B_01               0.099      0.029      3.471      0.001

 A_03       ON
    A_02              -0.005      0.008     -0.643      0.521
    B_02               0.099      0.029      3.471      0.001

 A_04       ON
    A_03              -0.005      0.008     -0.643      0.521
    B_03               0.099      0.029      3.471      0.001

 A_05       ON
    A_04              -0.005      0.008     -0.643      0.521
    B_04               0.099      0.029      3.471      0.001

 A_06       ON
    A_05              -0.005      0.008     -0.643      0.521
    B_05               0.099      0.029      3.471      0.001

 B_02       ON
    B_01               0.030      0.015      1.976      0.048
    A_01               0.001      0.003      0.480      0.631

 B_03       ON
    B_02               0.030      0.015      1.976      0.048
    A_02               0.001      0.003      0.480      0.631

 B_04       ON
    B_03               0.030      0.015      1.976      0.048
    A_03               0.001      0.003      0.480      0.631

 B_05       ON
    B_04               0.030      0.015      1.976      0.048
    A_04               0.001      0.003      0.480      0.631

 B_06       ON
    B_05               0.030      0.015      1.976      0.048
    A_05               0.001      0.003      0.480      0.631

 SA       WITH
    IA                -0.009      0.006     -1.589      0.112

 IB       WITH
    IA                -0.111      0.017     -6.534      0.000
    SA                -0.001      0.002     -0.526      0.599

 SB       WITH
    IA                 0.003      0.002      1.566      0.117
    SA                 0.000      0.000     -1.122      0.262
    IB                -0.002      0.001     -1.879      0.060

 A_01     WITH
    B_01              -0.007      0.021     -0.350      0.726

 Means
    IA                 4.380      0.025    177.360      0.000
    SA                -0.121      0.003    -35.946      0.000
    IB                 1.378      0.013    102.644      0.000
    SB                 0.004      0.001      2.698      0.007

 Intercepts
    A_01               0.000      0.000    999.000    999.000
    A_02               0.000      0.000    999.000    999.000
    A_03               0.000      0.000    999.000    999.000
    A_04               0.000      0.000    999.000    999.000
    A_05               0.000      0.000    999.000    999.000
    A_06               0.000      0.000    999.000    999.000
    B_01               0.000      0.000    999.000    999.000
    B_02               0.000      0.000    999.000    999.000
    B_03               0.000      0.000    999.000    999.000
    B_04               0.000      0.000    999.000    999.000
    B_05               0.000      0.000    999.000    999.000
    B_06               0.000      0.000    999.000    999.000

 Variances
    IA                 1.743      0.064     27.339      0.000
    SA                 0.008      0.001      7.691      0.000
    IB                 0.141      0.010     13.607      0.000
    SB                 0.001      0.000      2.955      0.003

 Residual Variances
    A_01               1.664      0.056     29.887      0.000
    A_02               1.843      0.050     36.587      0.000
    A_03               1.845      0.048     38.543      0.000
    A_04               1.892      0.049     38.395      0.000
    A_05               1.828      0.052     34.932      0.000
    A_06               1.688      0.061     27.644      0.000
    B_01               0.102      0.011      9.312      0.000
    B_02               0.112      0.007     15.287      0.000
    B_03               0.122      0.007     18.512      0.000
    B_04               0.117      0.007     17.995      0.000
    B_05               0.098      0.008     12.269      0.000
    B_06               0.099      0.010      9.438      0.000


QUALITY OF NUMERICAL RESULTS

     Condition Number for the Information Matrix              0.750E-05
       (ratio of smallest to largest eigenvalue)


MODEL MODIFICATION INDICES

NOTE:  Modification indices for direct effects of observed dependent variables
regressed on covariates may not be included.  To include these, request
MODINDICES (ALL).

Minimum M.I. value for printing the modification index     3.000

                                   M.I.     E.P.C.


ON/BY Statements

A_01     ON IB       /
IB       BY A_01                   3.089    -0.124
A_01     ON SB       /
SB       BY A_01                   3.110    -5.923
A_02     ON IA       /
IA       BY A_02                   5.574    -0.015
A_02     ON SA       /
SA       BY A_02                  10.021     0.683
A_02     ON IB       /
IB       BY A_02                  10.260    -0.064
A_03     ON IA       /
IA       BY A_03                  30.178     0.027
A_03     ON SA       /
SA       BY A_03                  42.870    -1.117
A_03     ON IB       /
IB       BY A_03                  42.670     0.103
A_03     ON SB       /
SB       BY A_03                  15.373     8.706
A_04     ON IA       /
IA       BY A_04                   8.480    -0.014
A_04     ON SA       /
SA       BY A_04                  13.471     0.610
A_04     ON IB       /
IB       BY A_04                   8.236    -0.043
A_05     ON SB       /
SB       BY A_05                   8.001    -6.837
A_06     ON SA       /
SA       BY A_06                   3.179    -0.446
A_06     ON SB       /
SB       BY A_06                   4.001     6.251
B_01     ON IA       /
IA       BY B_01                   3.939     0.019
B_03     ON IA       /
IA       BY B_03                   3.510    -0.004
B_05     ON IA       /
IA       BY B_05                   4.991     0.005
B_05     ON IB       /
IB       BY B_05                   3.693     0.015

ON Statements

IA       ON B_03                   3.764    -0.225
SA       ON A_03                   3.752    -0.004
SA       ON A_04                   5.899     0.005
IB       ON A_03                   3.408     0.009
IB       ON B_01                   4.898    -0.150
IB       ON B_02                   3.435     0.090
SB       ON A_03                   4.833     0.001
SB       ON A_05                   5.389    -0.002
A_01     ON A_04                  11.650    -0.043
A_01     ON B_01                   3.089    -0.124
A_01     ON B_05                   4.868    -0.122
A_01     ON B_06                   3.916    -0.107
A_02     ON A_01                   3.629    -0.007
A_02     ON A_02                   5.410    -0.015
A_02     ON A_03                   8.383    -0.019
A_02     ON A_05                   9.665    -0.020
A_02     ON B_01                  10.836    -0.026
A_02     ON B_02                  10.778    -0.061
A_02     ON B_03                  10.625    -0.061
A_02     ON B_04                   8.744    -0.055
A_02     ON B_05                   8.911    -0.055
A_02     ON B_06                   9.594    -0.057
A_03     ON A_01                  28.978     0.025
A_03     ON A_02                  21.929     0.014
A_03     ON A_03                  28.251     0.028
A_03     ON A_04                  26.498     0.027
A_03     ON A_05                  34.978     0.032
A_03     ON A_06                   8.706     0.017
A_03     ON B_01                  42.615     0.102
A_03     ON B_02                  41.331     0.047
A_03     ON B_03                  40.550     0.094
A_03     ON B_04                  42.617     0.096
A_03     ON B_05                  44.186     0.098
A_03     ON B_06                  44.400     0.097
A_04     ON A_01                  12.660    -0.016
A_04     ON A_02                   5.081    -0.010
A_04     ON A_03                   6.110    -0.009
A_04     ON A_04                   7.339    -0.015
A_04     ON A_05                   7.217    -0.014
A_04     ON A_06                   3.128    -0.010
A_04     ON B_01                   7.780    -0.042
A_04     ON B_02                   7.767    -0.040
A_04     ON B_03                   9.097    -0.033
A_04     ON B_04                   7.676    -0.039
A_04     ON B_05                   7.034    -0.038
A_04     ON B_06                   8.760    -0.042
A_05     ON A_02                   4.495    -0.011
A_05     ON B_04                   3.478    -0.030
A_05     ON B_05                   3.607    -0.030
A_05     ON B_06                   3.116    -0.027
A_06     ON A_02                   6.030     0.016
A_06     ON A_04                   3.677     0.014
B_01     ON A_01                   3.939     0.019
B_01     ON A_05                   5.903     0.016
B_01     ON B_03                   6.095    -0.191
B_01     ON B_04                   4.521    -0.133
B_02     ON B_04                   3.052     0.014
B_03     ON A_02                   4.336    -0.003
B_03     ON A_03                   3.758    -0.004
B_03     ON A_04                   5.425    -0.006
B_03     ON A_05                   3.047    -0.004
B_03     ON A_06                   4.268    -0.005
B_05     ON A_01                   3.041     0.004
B_05     ON A_02                   5.402     0.006
B_05     ON A_03                   6.783     0.006
B_05     ON A_04                   8.261     0.006
B_05     ON A_06                   6.254     0.007
B_05     ON B_01                   3.559     0.015
B_05     ON B_02                   3.738     0.015
B_05     ON B_03                   4.386     0.016
B_05     ON B_04                   3.478     0.016
B_05     ON B_05                   3.727     0.015
B_05     ON B_06                   3.695     0.014

WITH Statements

A_03     WITH SA                   3.786    -0.007
A_03     WITH IB                   3.333     0.016
A_03     WITH SB                   4.816     0.003
A_03     WITH A_02                 4.999    -0.080
A_04     WITH SA                   5.974     0.010
A_04     WITH A_01                11.999    -0.116
A_04     WITH A_02                 3.085     0.059
A_05     WITH SB                   5.377    -0.003
A_05     WITH A_01                 3.366     0.065
A_05     WITH A_02                14.029    -0.130
A_05     WITH A_03                20.535     0.159
A_06     WITH A_02                17.462     0.158
A_06     WITH A_03                33.633    -0.215
A_06     WITH A_04                 6.480     0.107
B_01     WITH IB                   4.997    -0.015
B_01     WITH A_05                 3.847     0.040
B_01     WITH A_06                 3.321    -0.041
B_02     WITH IB                   3.527     0.010
B_03     WITH IA                   3.776    -0.027
B_04     WITH B_02                 3.218     0.009
B_05     WITH A_04                 4.738     0.034
B_05     WITH A_05                 3.832    -0.028
B_05     WITH B_04                21.536    -0.270

Means/Intercepts/Thresholds

[ A_02     ]                       8.130    -0.080
[ A_03     ]                      38.027     0.137
[ A_04     ]                       9.133    -0.065
[ B_01     ]                       4.294     0.156
[ B_05     ]                       3.613     0.021


TECHNICAL 1 OUTPUT


     PARAMETER SPECIFICATION


           NU
              A_01          A_02          A_03          A_04          A_05
              ________      ________      ________      ________      ________
 1                  0             0             0             0             0


           NU
              A_06          B_01          B_02          B_03          B_04
              ________      ________      ________      ________      ________
 1                  0             0             0             0             0


           NU
              B_05          B_06
              ________      ________
 1                  0             0


           LAMBDA
              IA            SA            IB            SB            A_01
              ________      ________      ________      ________      ________
 A_01               0             0             0             0             0
 A_02               0             0             0             0             0
 A_03               0             0             0             0             0
 A_04               0             0             0             0             0
 A_05               0             0             0             0             0
 A_06               0             0             0             0             0
 B_01               0             0             0             0             0
 B_02               0             0             0             0             0
 B_03               0             0             0             0             0
 B_04               0             0             0             0             0
 B_05               0             0             0             0             0
 B_06               0             0             0             0             0


           LAMBDA
              A_02          A_03          A_04          A_05          A_06
              ________      ________      ________      ________      ________
 A_01               0             0             0             0             0
 A_02               0             0             0             0             0
 A_03               0             0             0             0             0
 A_04               0             0             0             0             0
 A_05               0             0             0             0             0
 A_06               0             0             0             0             0
 B_01               0             0             0             0             0
 B_02               0             0             0             0             0
 B_03               0             0             0             0             0
 B_04               0             0             0             0             0
 B_05               0             0             0             0             0
 B_06               0             0             0             0             0


           LAMBDA
              B_01          B_02          B_03          B_04          B_05
              ________      ________      ________      ________      ________
 A_01               0             0             0             0             0
 A_02               0             0             0             0             0
 A_03               0             0             0             0             0
 A_04               0             0             0             0             0
 A_05               0             0             0             0             0
 A_06               0             0             0             0             0
 B_01               0             0             0             0             0
 B_02               0             0             0             0             0
 B_03               0             0             0             0             0
 B_04               0             0             0             0             0
 B_05               0             0             0             0             0
 B_06               0             0             0             0             0


           LAMBDA
              B_06
              ________
 A_01               0
 A_02               0
 A_03               0
 A_04               0
 A_05               0
 A_06               0
 B_01               0
 B_02               0
 B_03               0
 B_04               0
 B_05               0
 B_06               0


           THETA
              A_01          A_02          A_03          A_04          A_05
              ________      ________      ________      ________      ________
 A_01               0
 A_02               0             0
 A_03               0             0             0
 A_04               0             0             0             0
 A_05               0             0             0             0             0
 A_06               0             0             0             0             0
 B_01               0             0             0             0             0
 B_02               0             0             0             0             0
 B_03               0             0             0             0             0
 B_04               0             0             0             0             0
 B_05               0             0             0             0             0
 B_06               0             0             0             0             0


           THETA
              A_06          B_01          B_02          B_03          B_04
              ________      ________      ________      ________      ________
 A_06               0
 B_01               0             0
 B_02               0             0             0
 B_03               0             0             0             0
 B_04               0             0             0             0             0
 B_05               0             0             0             0             0
 B_06               0             0             0             0             0


           THETA
              B_05          B_06
              ________      ________
 B_05               0
 B_06               0             0


           ALPHA
              IA            SA            IB            SB            A_01
              ________      ________      ________      ________      ________
 1                  1             2             3             4             0


           ALPHA
              A_02          A_03          A_04          A_05          A_06
              ________      ________      ________      ________      ________
 1                  0             0             0             0             0


           ALPHA
              B_01          B_02          B_03          B_04          B_05
              ________      ________      ________      ________      ________
 1                  0             0             0             0             0


           ALPHA
              B_06
              ________
 1                  0


           BETA
              IA            SA            IB            SB            A_01
              ________      ________      ________      ________      ________
 IA                 0             0             0             0             0
 SA                 0             0             0             0             0
 IB                 0             0             0             0             0
 SB                 0             0             0             0             0
 A_01               0             0             0             0             0
 A_02               0             0             0             0             5
 A_03               0             0             0             0             0
 A_04               0             0             0             0             0
 A_05               0             0             0             0             0
 A_06               0             0             0             0             0
 B_01               0             0             0             0             0
 B_02               0             0             0             0             7
 B_03               0             0             0             0             0
 B_04               0             0             0             0             0
 B_05               0             0             0             0             0
 B_06               0             0             0             0             0


           BETA
              A_02          A_03          A_04          A_05          A_06
              ________      ________      ________      ________      ________
 IA                 0             0             0             0             0
 SA                 0             0             0             0             0
 IB                 0             0             0             0             0
 SB                 0             0             0             0             0
 A_01               0             0             0             0             0
 A_02               0             0             0             0             0
 A_03               5             0             0             0             0
 A_04               0             5             0             0             0
 A_05               0             0             5             0             0
 A_06               0             0             0             5             0
 B_01               0             0             0             0             0
 B_02               0             0             0             0             0
 B_03               7             0             0             0             0
 B_04               0             7             0             0             0
 B_05               0             0             7             0             0
 B_06               0             0             0             7             0


           BETA
              B_01          B_02          B_03          B_04          B_05
              ________      ________      ________      ________      ________
 IA                 0             0             0             0             0
 SA                 0             0             0             0             0
 IB                 0             0             0             0             0
 SB                 0             0             0             0             0
 A_01               0             0             0             0             0
 A_02               6             0             0             0             0
 A_03               0             6             0             0             0
 A_04               0             0             6             0             0
 A_05               0             0             0             6             0
 A_06               0             0             0             0             6
 B_01               0             0             0             0             0
 B_02               8             0             0             0             0
 B_03               0             8             0             0             0
 B_04               0             0             8             0             0
 B_05               0             0             0             8             0
 B_06               0             0             0             0             8


           BETA
              B_06
              ________
 IA                 0
 SA                 0
 IB                 0
 SB                 0
 A_01               0
 A_02               0
 A_03               0
 A_04               0
 A_05               0
 A_06               0
 B_01               0
 B_02               0
 B_03               0
 B_04               0
 B_05               0
 B_06               0


           PSI
              IA            SA            IB            SB            A_01
              ________      ________      ________      ________      ________
 IA                 9
 SA                10            11
 IB                12            13            14
 SB                15            16            17            18
 A_01               0             0             0             0            19
 A_02               0             0             0             0             0
 A_03               0             0             0             0             0
 A_04               0             0             0             0             0
 A_05               0             0             0             0             0
 A_06               0             0             0             0             0
 B_01               0             0             0             0            25
 B_02               0             0             0             0             0
 B_03               0             0             0             0             0
 B_04               0             0             0             0             0
 B_05               0             0             0             0             0
 B_06               0             0             0             0             0


           PSI
              A_02          A_03          A_04          A_05          A_06
              ________      ________      ________      ________      ________
 A_02              20
 A_03               0            21
 A_04               0             0            22
 A_05               0             0             0            23
 A_06               0             0             0             0            24
 B_01               0             0             0             0             0
 B_02               0             0             0             0             0
 B_03               0             0             0             0             0
 B_04               0             0             0             0             0
 B_05               0             0             0             0             0
 B_06               0             0             0             0             0


           PSI
              B_01          B_02          B_03          B_04          B_05
              ________      ________      ________      ________      ________
 B_01              26
 B_02               0            27
 B_03               0             0            28
 B_04               0             0             0            29
 B_05               0             0             0             0            30
 B_06               0             0             0             0             0


           PSI
              B_06
              ________
 B_06              31


     STARTING VALUES


           NU
              A_01          A_02          A_03          A_04          A_05
              ________      ________      ________      ________      ________
 1              0.000         0.000         0.000         0.000         0.000


           NU
              A_06          B_01          B_02          B_03          B_04
              ________      ________      ________      ________      ________
 1              0.000         0.000         0.000         0.000         0.000


           NU
              B_05          B_06
              ________      ________
 1              0.000         0.000


           LAMBDA
              IA            SA            IB            SB            A_01
              ________      ________      ________      ________      ________
 A_01           0.000         0.000         0.000         0.000         1.000
 A_02           0.000         0.000         0.000         0.000         0.000
 A_03           0.000         0.000         0.000         0.000         0.000
 A_04           0.000         0.000         0.000         0.000         0.000
 A_05           0.000         0.000         0.000         0.000         0.000
 A_06           0.000         0.000         0.000         0.000         0.000
 B_01           0.000         0.000         0.000         0.000         0.000
 B_02           0.000         0.000         0.000         0.000         0.000
 B_03           0.000         0.000         0.000         0.000         0.000
 B_04           0.000         0.000         0.000         0.000         0.000
 B_05           0.000         0.000         0.000         0.000         0.000
 B_06           0.000         0.000         0.000         0.000         0.000


           LAMBDA
              A_02          A_03          A_04          A_05          A_06
              ________      ________      ________      ________      ________
 A_01           0.000         0.000         0.000         0.000         0.000
 A_02           1.000         0.000         0.000         0.000         0.000
 A_03           0.000         1.000         0.000         0.000         0.000
 A_04           0.000         0.000         1.000         0.000         0.000
 A_05           0.000         0.000         0.000         1.000         0.000
 A_06           0.000         0.000         0.000         0.000         1.000
 B_01           0.000         0.000         0.000         0.000         0.000
 B_02           0.000         0.000         0.000         0.000         0.000
 B_03           0.000         0.000         0.000         0.000         0.000
 B_04           0.000         0.000         0.000         0.000         0.000
 B_05           0.000         0.000         0.000         0.000         0.000
 B_06           0.000         0.000         0.000         0.000         0.000


           LAMBDA
              B_01          B_02          B_03          B_04          B_05
              ________      ________      ________      ________      ________
 A_01           0.000         0.000         0.000         0.000         0.000
 A_02           0.000         0.000         0.000         0.000         0.000
 A_03           0.000         0.000         0.000         0.000         0.000
 A_04           0.000         0.000         0.000         0.000         0.000
 A_05           0.000         0.000         0.000         0.000         0.000
 A_06           0.000         0.000         0.000         0.000         0.000
 B_01           1.000         0.000         0.000         0.000         0.000
 B_02           0.000         1.000         0.000         0.000         0.000
 B_03           0.000         0.000         1.000         0.000         0.000
 B_04           0.000         0.000         0.000         1.000         0.000
 B_05           0.000         0.000         0.000         0.000         1.000
 B_06           0.000         0.000         0.000         0.000         0.000


           LAMBDA
              B_06
              ________
 A_01           0.000
 A_02           0.000
 A_03           0.000
 A_04           0.000
 A_05           0.000
 A_06           0.000
 B_01           0.000
 B_02           0.000
 B_03           0.000
 B_04           0.000
 B_05           0.000
 B_06           1.000


           THETA
              A_01          A_02          A_03          A_04          A_05
              ________      ________      ________      ________      ________
 A_01           0.000
 A_02           0.000         0.000
 A_03           0.000         0.000         0.000
 A_04           0.000         0.000         0.000         0.000
 A_05           0.000         0.000         0.000         0.000         0.000
 A_06           0.000         0.000         0.000         0.000         0.000
 B_01           0.000         0.000         0.000         0.000         0.000
 B_02           0.000         0.000         0.000         0.000         0.000
 B_03           0.000         0.000         0.000         0.000         0.000
 B_04           0.000         0.000         0.000         0.000         0.000
 B_05           0.000         0.000         0.000         0.000         0.000
 B_06           0.000         0.000         0.000         0.000         0.000


           THETA
              A_06          B_01          B_02          B_03          B_04
              ________      ________      ________      ________      ________
 A_06           0.000
 B_01           0.000         0.000
 B_02           0.000         0.000         0.000
 B_03           0.000         0.000         0.000         0.000
 B_04           0.000         0.000         0.000         0.000         0.000
 B_05           0.000         0.000         0.000         0.000         0.000
 B_06           0.000         0.000         0.000         0.000         0.000


           THETA
              B_05          B_06
              ________      ________
 B_05           0.000
 B_06           0.000         0.000


           ALPHA
              IA            SA            IB            SB            A_01
              ________      ________      ________      ________      ________
 1              4.293        -0.126         1.422         0.003         0.000


           ALPHA
              A_02          A_03          A_04          A_05          A_06
              ________      ________      ________      ________      ________
 1              0.000         0.000         0.000         0.000         0.000


           ALPHA
              B_01          B_02          B_03          B_04          B_05
              ________      ________      ________      ________      ________
 1              0.000         0.000         0.000         0.000         0.000


           ALPHA
              B_06
              ________
 1              0.000


           BETA
              IA            SA            IB            SB            A_01
              ________      ________      ________      ________      ________
 IA             0.000         0.000         0.000         0.000         0.000
 SA             0.000         0.000         0.000         0.000         0.000
 IB             0.000         0.000         0.000         0.000         0.000
 SB             0.000         0.000         0.000         0.000         0.000
 A_01           1.000         0.000         0.000         0.000         0.000
 A_02           1.000         2.000         0.000         0.000         0.000
 A_03           1.000         4.000         0.000         0.000         0.000
 A_04           1.000         6.000         0.000         0.000         0.000
 A_05           1.000         8.000         0.000         0.000         0.000
 A_06           1.000        10.000         0.000         0.000         0.000
 B_01           0.000         0.000         1.000         0.000         0.000
 B_02           0.000         0.000         1.000         2.000         0.000
 B_03           0.000         0.000         1.000         4.000         0.000
 B_04           0.000         0.000         1.000         6.000         0.000
 B_05           0.000         0.000         1.000         8.000         0.000
 B_06           0.000         0.000         1.000        10.000         0.000


           BETA
              A_02          A_03          A_04          A_05          A_06
              ________      ________      ________      ________      ________
 IA             0.000         0.000         0.000         0.000         0.000
 SA             0.000         0.000         0.000         0.000         0.000
 IB             0.000         0.000         0.000         0.000         0.000
 SB             0.000         0.000         0.000         0.000         0.000
 A_01           0.000         0.000         0.000         0.000         0.000
 A_02           0.000         0.000         0.000         0.000         0.000
 A_03           0.000         0.000         0.000         0.000         0.000
 A_04           0.000         0.000         0.000         0.000         0.000
 A_05           0.000         0.000         0.000         0.000         0.000
 A_06           0.000         0.000         0.000         0.000         0.000
 B_01           0.000         0.000         0.000         0.000         0.000
 B_02           0.000         0.000         0.000         0.000         0.000
 B_03           0.000         0.000         0.000         0.000         0.000
 B_04           0.000         0.000         0.000         0.000         0.000
 B_05           0.000         0.000         0.000         0.000         0.000
 B_06           0.000         0.000         0.000         0.000         0.000


           BETA
              B_01          B_02          B_03          B_04          B_05
              ________      ________      ________      ________      ________
 IA             0.000         0.000         0.000         0.000         0.000
 SA             0.000         0.000         0.000         0.000         0.000
 IB             0.000         0.000         0.000         0.000         0.000
 SB             0.000         0.000         0.000         0.000         0.000
 A_01           0.000         0.000         0.000         0.000         0.000
 A_02           0.000         0.000         0.000         0.000         0.000
 A_03           0.000         0.000         0.000         0.000         0.000
 A_04           0.000         0.000         0.000         0.000         0.000
 A_05           0.000         0.000         0.000         0.000         0.000
 A_06           0.000         0.000         0.000         0.000         0.000
 B_01           0.000         0.000         0.000         0.000         0.000
 B_02           0.000         0.000         0.000         0.000         0.000
 B_03           0.000         0.000         0.000         0.000         0.000
 B_04           0.000         0.000         0.000         0.000         0.000
 B_05           0.000         0.000         0.000         0.000         0.000
 B_06           0.000         0.000         0.000         0.000         0.000


           BETA
              B_06
              ________
 IA             0.000
 SA             0.000
 IB             0.000
 SB             0.000
 A_01           0.000
 A_02           0.000
 A_03           0.000
 A_04           0.000
 A_05           0.000
 A_06           0.000
 B_01           0.000
 B_02           0.000
 B_03           0.000
 B_04           0.000
 B_05           0.000
 B_06           0.000


           PSI
              IA            SA            IB            SB            A_01
              ________      ________      ________      ________      ________
 IA             2.937
 SA             0.000         0.085
 IB             0.000         0.000         0.347
 SB             0.000         0.000         0.000         0.017
 A_01           0.000         0.000         0.000         0.000         1.695
 A_02           0.000         0.000         0.000         0.000         0.000
 A_03           0.000         0.000         0.000         0.000         0.000
 A_04           0.000         0.000         0.000         0.000         0.000
 A_05           0.000         0.000         0.000         0.000         0.000
 A_06           0.000         0.000         0.000         0.000         0.000
 B_01           0.000         0.000         0.000         0.000         0.000
 B_02           0.000         0.000         0.000         0.000         0.000
 B_03           0.000         0.000         0.000         0.000         0.000
 B_04           0.000         0.000         0.000         0.000         0.000
 B_05           0.000         0.000         0.000         0.000         0.000
 B_06           0.000         0.000         0.000         0.000         0.000


           PSI
              A_02          A_03          A_04          A_05          A_06
              ________      ________      ________      ________      ________
 A_02           1.787
 A_03           0.000         1.760
 A_04           0.000         0.000         1.896
 A_05           0.000         0.000         0.000         1.948
 A_06           0.000         0.000         0.000         0.000         1.930
 B_01           0.000         0.000         0.000         0.000         0.000
 B_02           0.000         0.000         0.000         0.000         0.000
 B_03           0.000         0.000         0.000         0.000         0.000
 B_04           0.000         0.000         0.000         0.000         0.000
 B_05           0.000         0.000         0.000         0.000         0.000
 B_06           0.000         0.000         0.000         0.000         0.000


           PSI
              B_01          B_02          B_03          B_04          B_05
              ________      ________      ________      ________      ________
 B_01           0.111
 B_02           0.000         0.129
 B_03           0.000         0.000         0.132
 B_04           0.000         0.000         0.000         0.130
 B_05           0.000         0.000         0.000         0.000         0.126
 B_06           0.000         0.000         0.000         0.000         0.000


           PSI
              B_06
              ________
 B_06           0.128


TECHNICAL 2 OUTPUT


     DERIVATIVES


           Derivatives With Respect to NU
              A_01          A_02          A_03          A_04          A_05
              ________      ________      ________      ________      ________
 1          0.000E+00     0.000E+00     0.000E+00     0.000E+00     0.000E+00


           Derivatives With Respect to NU
              A_06          B_01          B_02          B_03          B_04
              ________      ________      ________      ________      ________
 1          0.000E+00     0.000E+00     0.000E+00     0.000E+00     0.000E+00


           Derivatives With Respect to NU
              B_05          B_06
              ________      ________
 1          0.000E+00     0.000E+00


           Derivatives With Respect to LAMBDA
              IA            SA            IB            SB            A_01
              ________      ________      ________      ________      ________
 A_01       0.000E+00     0.000E+00     0.000E+00     0.000E+00     0.000E+00
 A_02       0.000E+00     0.000E+00     0.000E+00     0.000E+00     0.000E+00
 A_03       0.000E+00     0.000E+00     0.000E+00     0.000E+00     0.000E+00
 A_04       0.000E+00     0.000E+00     0.000E+00     0.000E+00     0.000E+00
 A_05       0.000E+00     0.000E+00     0.000E+00     0.000E+00     0.000E+00
 A_06       0.000E+00     0.000E+00     0.000E+00     0.000E+00     0.000E+00
 B_01       0.000E+00     0.000E+00     0.000E+00     0.000E+00     0.000E+00
 B_02       0.000E+00     0.000E+00     0.000E+00     0.000E+00     0.000E+00
 B_03       0.000E+00     0.000E+00     0.000E+00     0.000E+00     0.000E+00
 B_04       0.000E+00     0.000E+00     0.000E+00     0.000E+00     0.000E+00
 B_05       0.000E+00     0.000E+00     0.000E+00     0.000E+00     0.000E+00
 B_06       0.000E+00     0.000E+00     0.000E+00     0.000E+00     0.000E+00


           Derivatives With Respect to LAMBDA
              A_02          A_03          A_04          A_05          A_06
              ________      ________      ________      ________      ________
 A_01       0.000E+00     0.000E+00     0.000E+00     0.000E+00     0.000E+00
 A_02       0.000E+00     0.000E+00     0.000E+00     0.000E+00     0.000E+00
 A_03       0.000E+00     0.000E+00     0.000E+00     0.000E+00     0.000E+00
 A_04       0.000E+00     0.000E+00     0.000E+00     0.000E+00     0.000E+00
 A_05       0.000E+00     0.000E+00     0.000E+00     0.000E+00     0.000E+00
 A_06       0.000E+00     0.000E+00     0.000E+00     0.000E+00     0.000E+00
 B_01       0.000E+00     0.000E+00     0.000E+00     0.000E+00     0.000E+00
 B_02       0.000E+00     0.000E+00     0.000E+00     0.000E+00     0.000E+00
 B_03       0.000E+00     0.000E+00     0.000E+00     0.000E+00     0.000E+00
 B_04       0.000E+00     0.000E+00     0.000E+00     0.000E+00     0.000E+00
 B_05       0.000E+00     0.000E+00     0.000E+00     0.000E+00     0.000E+00
 B_06       0.000E+00     0.000E+00     0.000E+00     0.000E+00     0.000E+00


           Derivatives With Respect to LAMBDA
              B_01          B_02          B_03          B_04          B_05
              ________      ________      ________      ________      ________
 A_01       0.000E+00     0.000E+00     0.000E+00     0.000E+00     0.000E+00
 A_02       0.000E+00     0.000E+00     0.000E+00     0.000E+00     0.000E+00
 A_03       0.000E+00     0.000E+00     0.000E+00     0.000E+00     0.000E+00
 A_04       0.000E+00     0.000E+00     0.000E+00     0.000E+00     0.000E+00
 A_05       0.000E+00     0.000E+00     0.000E+00     0.000E+00     0.000E+00
 A_06       0.000E+00     0.000E+00     0.000E+00     0.000E+00     0.000E+00
 B_01       0.000E+00     0.000E+00     0.000E+00     0.000E+00     0.000E+00
 B_02       0.000E+00     0.000E+00     0.000E+00     0.000E+00     0.000E+00
 B_03       0.000E+00     0.000E+00     0.000E+00     0.000E+00     0.000E+00
 B_04       0.000E+00     0.000E+00     0.000E+00     0.000E+00     0.000E+00
 B_05       0.000E+00     0.000E+00     0.000E+00     0.000E+00     0.000E+00
 B_06       0.000E+00     0.000E+00     0.000E+00     0.000E+00     0.000E+00


           Derivatives With Respect to LAMBDA
              B_06
              ________
 A_01       0.000E+00
 A_02       0.000E+00
 A_03       0.000E+00
 A_04       0.000E+00
 A_05       0.000E+00
 A_06       0.000E+00
 B_01       0.000E+00
 B_02       0.000E+00
 B_03       0.000E+00
 B_04       0.000E+00
 B_05       0.000E+00
 B_06       0.000E+00


           Derivatives With Respect to THETA
              A_01          A_02          A_03          A_04          A_05
              ________      ________      ________      ________      ________
 A_01       0.000E+00
 A_02       0.000E+00     0.000E+00
 A_03       0.000E+00     0.000E+00     0.000E+00
 A_04       0.000E+00     0.000E+00     0.000E+00     0.000E+00
 A_05       0.000E+00     0.000E+00     0.000E+00     0.000E+00     0.000E+00
 A_06       0.000E+00     0.000E+00     0.000E+00     0.000E+00     0.000E+00
 B_01       0.000E+00     0.000E+00     0.000E+00     0.000E+00     0.000E+00
 B_02       0.000E+00     0.000E+00     0.000E+00     0.000E+00     0.000E+00
 B_03       0.000E+00     0.000E+00     0.000E+00     0.000E+00     0.000E+00
 B_04       0.000E+00     0.000E+00     0.000E+00     0.000E+00     0.000E+00
 B_05       0.000E+00     0.000E+00     0.000E+00     0.000E+00     0.000E+00
 B_06       0.000E+00     0.000E+00     0.000E+00     0.000E+00     0.000E+00


           Derivatives With Respect to THETA
              A_06          B_01          B_02          B_03          B_04
              ________      ________      ________      ________      ________
 A_06       0.000E+00
 B_01       0.000E+00     0.000E+00
 B_02       0.000E+00     0.000E+00     0.000E+00
 B_03       0.000E+00     0.000E+00     0.000E+00     0.000E+00
 B_04       0.000E+00     0.000E+00     0.000E+00     0.000E+00     0.000E+00
 B_05       0.000E+00     0.000E+00     0.000E+00     0.000E+00     0.000E+00
 B_06       0.000E+00     0.000E+00     0.000E+00     0.000E+00     0.000E+00


           Derivatives With Respect to THETA
              B_05          B_06
              ________      ________
 B_05       0.000E+00
 B_06       0.000E+00     0.000E+00


           Derivatives With Respect to ALPHA
              IA            SA            IB            SB            A_01
              ________      ________      ________      ________      ________
 1          0.117E-08     0.320E-09     0.158E-07    -0.442E-06     0.000E+00


           Derivatives With Respect to ALPHA
              A_02          A_03          A_04          A_05          A_06
              ________      ________      ________      ________      ________
 1          0.000E+00     0.000E+00     0.000E+00     0.000E+00     0.000E+00


           Derivatives With Respect to ALPHA
              B_01          B_02          B_03          B_04          B_05
              ________      ________      ________      ________      ________
 1          0.000E+00     0.000E+00     0.000E+00     0.000E+00     0.000E+00


           Derivatives With Respect to ALPHA
              B_06
              ________
 1          0.000E+00


           Derivatives With Respect to BETA
              IA            SA            IB            SB            A_01
              ________      ________      ________      ________      ________
 IA         0.000E+00     0.000E+00     0.000E+00     0.000E+00     0.000E+00
 SA         0.000E+00     0.000E+00     0.000E+00     0.000E+00     0.000E+00
 IB         0.000E+00     0.000E+00     0.000E+00     0.000E+00     0.000E+00
 SB         0.000E+00     0.000E+00     0.000E+00     0.000E+00     0.000E+00
 A_01       0.000E+00     0.000E+00     0.000E+00     0.000E+00     0.000E+00
 A_02       0.000E+00     0.000E+00     0.000E+00     0.000E+00     0.426E-09
 A_03       0.000E+00     0.000E+00     0.000E+00     0.000E+00     0.000E+00
 A_04       0.000E+00     0.000E+00     0.000E+00     0.000E+00     0.000E+00
 A_05       0.000E+00     0.000E+00     0.000E+00     0.000E+00     0.000E+00
 A_06       0.000E+00     0.000E+00     0.000E+00     0.000E+00     0.000E+00
 B_01       0.000E+00     0.000E+00     0.000E+00     0.000E+00     0.000E+00
 B_02       0.000E+00     0.000E+00     0.000E+00     0.000E+00    -0.205E-06
 B_03       0.000E+00     0.000E+00     0.000E+00     0.000E+00     0.000E+00
 B_04       0.000E+00     0.000E+00     0.000E+00     0.000E+00     0.000E+00
 B_05       0.000E+00     0.000E+00     0.000E+00     0.000E+00     0.000E+00
 B_06       0.000E+00     0.000E+00     0.000E+00     0.000E+00     0.000E+00


           Derivatives With Respect to BETA
              A_02          A_03          A_04          A_05          A_06
              ________      ________      ________      ________      ________
 IA         0.000E+00     0.000E+00     0.000E+00     0.000E+00     0.000E+00
 SA         0.000E+00     0.000E+00     0.000E+00     0.000E+00     0.000E+00
 IB         0.000E+00     0.000E+00     0.000E+00     0.000E+00     0.000E+00
 SB         0.000E+00     0.000E+00     0.000E+00     0.000E+00     0.000E+00
 A_01       0.000E+00     0.000E+00     0.000E+00     0.000E+00     0.000E+00
 A_02       0.000E+00     0.000E+00     0.000E+00     0.000E+00     0.000E+00
 A_03       0.426E-09     0.000E+00     0.000E+00     0.000E+00     0.000E+00
 A_04       0.000E+00     0.426E-09     0.000E+00     0.000E+00     0.000E+00
 A_05       0.000E+00     0.000E+00     0.426E-09     0.000E+00     0.000E+00
 A_06       0.000E+00     0.000E+00     0.000E+00     0.426E-09     0.000E+00
 B_01       0.000E+00     0.000E+00     0.000E+00     0.000E+00     0.000E+00
 B_02       0.000E+00     0.000E+00     0.000E+00     0.000E+00     0.000E+00
 B_03      -0.205E-06     0.000E+00     0.000E+00     0.000E+00     0.000E+00
 B_04       0.000E+00    -0.205E-06     0.000E+00     0.000E+00     0.000E+00
 B_05       0.000E+00     0.000E+00    -0.205E-06     0.000E+00     0.000E+00
 B_06       0.000E+00     0.000E+00     0.000E+00    -0.205E-06     0.000E+00


           Derivatives With Respect to BETA
              B_01          B_02          B_03          B_04          B_05
              ________      ________      ________      ________      ________
 IA         0.000E+00     0.000E+00     0.000E+00     0.000E+00     0.000E+00
 SA         0.000E+00     0.000E+00     0.000E+00     0.000E+00     0.000E+00
 IB         0.000E+00     0.000E+00     0.000E+00     0.000E+00     0.000E+00
 SB         0.000E+00     0.000E+00     0.000E+00     0.000E+00     0.000E+00
 A_01       0.000E+00     0.000E+00     0.000E+00     0.000E+00     0.000E+00
 A_02      -0.379E-08     0.000E+00     0.000E+00     0.000E+00     0.000E+00
 A_03       0.000E+00    -0.379E-08     0.000E+00     0.000E+00     0.000E+00
 A_04       0.000E+00     0.000E+00    -0.379E-08     0.000E+00     0.000E+00
 A_05       0.000E+00     0.000E+00     0.000E+00    -0.379E-08     0.000E+00
 A_06       0.000E+00     0.000E+00     0.000E+00     0.000E+00    -0.379E-08
 B_01       0.000E+00     0.000E+00     0.000E+00     0.000E+00     0.000E+00
 B_02      -0.734E-06     0.000E+00     0.000E+00     0.000E+00     0.000E+00
 B_03       0.000E+00    -0.734E-06     0.000E+00     0.000E+00     0.000E+00
 B_04       0.000E+00     0.000E+00    -0.734E-06     0.000E+00     0.000E+00
 B_05       0.000E+00     0.000E+00     0.000E+00    -0.734E-06     0.000E+00
 B_06       0.000E+00     0.000E+00     0.000E+00     0.000E+00    -0.734E-06


           Derivatives With Respect to BETA
              B_06
              ________
 IA         0.000E+00
 SA         0.000E+00
 IB         0.000E+00
 SB         0.000E+00
 A_01       0.000E+00
 A_02       0.000E+00
 A_03       0.000E+00
 A_04       0.000E+00
 A_05       0.000E+00
 A_06       0.000E+00
 B_01       0.000E+00
 B_02       0.000E+00
 B_03       0.000E+00
 B_04       0.000E+00
 B_05       0.000E+00
 B_06       0.000E+00


           Derivatives With Respect to PSI
              IA            SA            IB            SB            A_01
              ________      ________      ________      ________      ________
 IA        -0.316E-09
 SA        -0.313E-09    -0.126E-08
 IB        -0.538E-08    -0.416E-07    -0.217E-07
 SB         0.161E-06    -0.116E-05    -0.150E-05    -0.948E-04
 A_01       0.000E+00     0.000E+00     0.000E+00     0.000E+00     0.314E-10
 A_02       0.000E+00     0.000E+00     0.000E+00     0.000E+00     0.000E+00
 A_03       0.000E+00     0.000E+00     0.000E+00     0.000E+00     0.000E+00
 A_04       0.000E+00     0.000E+00     0.000E+00     0.000E+00     0.000E+00
 A_05       0.000E+00     0.000E+00     0.000E+00     0.000E+00     0.000E+00
 A_06       0.000E+00     0.000E+00     0.000E+00     0.000E+00     0.000E+00
 B_01       0.000E+00     0.000E+00     0.000E+00     0.000E+00     0.428E-08
 B_02       0.000E+00     0.000E+00     0.000E+00     0.000E+00     0.000E+00
 B_03       0.000E+00     0.000E+00     0.000E+00     0.000E+00     0.000E+00
 B_04       0.000E+00     0.000E+00     0.000E+00     0.000E+00     0.000E+00
 B_05       0.000E+00     0.000E+00     0.000E+00     0.000E+00     0.000E+00
 B_06       0.000E+00     0.000E+00     0.000E+00     0.000E+00     0.000E+00


           Derivatives With Respect to PSI
              A_02          A_03          A_04          A_05          A_06
              ________      ________      ________      ________      ________
 A_02       0.424E-10
 A_03       0.000E+00    -0.787E-10
 A_04       0.000E+00     0.000E+00    -0.736E-10
 A_05       0.000E+00     0.000E+00     0.000E+00    -0.368E-10
 A_06       0.000E+00     0.000E+00     0.000E+00     0.000E+00    -0.507E-10
 B_01       0.000E+00     0.000E+00     0.000E+00     0.000E+00     0.000E+00
 B_02       0.000E+00     0.000E+00     0.000E+00     0.000E+00     0.000E+00
 B_03       0.000E+00     0.000E+00     0.000E+00     0.000E+00     0.000E+00
 B_04       0.000E+00     0.000E+00     0.000E+00     0.000E+00     0.000E+00
 B_05       0.000E+00     0.000E+00     0.000E+00     0.000E+00     0.000E+00
 B_06       0.000E+00     0.000E+00     0.000E+00     0.000E+00     0.000E+00


           Derivatives With Respect to PSI
              B_01          B_02          B_03          B_04          B_05
              ________      ________      ________      ________      ________
 B_01       0.925E-08
 B_02       0.000E+00     0.423E-06
 B_03       0.000E+00     0.000E+00     0.897E-07
 B_04       0.000E+00     0.000E+00     0.000E+00     0.507E-07
 B_05       0.000E+00     0.000E+00     0.000E+00     0.000E+00     0.989E-06
 B_06       0.000E+00     0.000E+00     0.000E+00     0.000E+00     0.000E+00


           Derivatives With Respect to PSI
              B_06
              ________
 B_06       0.708E-06


TECHNICAL 3 OUTPUT


           ESTIMATED COVARIANCE MATRIX FOR PARAMETER ESTIMATES
                     1             2             3             4             5
              ________      ________      ________      ________      ________
        1   0.609847D-03
        2  -0.652165D-05  0.113989D-04
        3  -0.224636D-04  0.202311D-05  0.180238D-03
        4  -0.909683D-07 -0.247424D-06  0.978441D-06  0.188863D-05
        5  -0.265943D-04  0.394638D-05  0.206762D-05 -0.340442D-06  0.647797D-04
        6  -0.109731D-03 -0.471324D-04 -0.184666D-04  0.224905D-05 -0.181844D-03
        7  -0.461963D-05 -0.133431D-05  0.160489D-05  0.130086D-05 -0.505089D-05
        8   0.143553D-04  0.294912D-05 -0.120013D-03 -0.117172D-04  0.142502D-04
        9  -0.833891D-04 -0.684101D-05 -0.601466D-05  0.472872D-06 -0.246190D-03
       10   0.572632D-05  0.304856D-07  0.203328D-06 -0.691501D-07  0.732983D-05
       11   0.140580D-05 -0.614392D-06 -0.197967D-06  0.459769D-07 -0.427610D-05
       12   0.416049D-04  0.702867D-05 -0.226350D-04 -0.229888D-05  0.352878D-04
       13  -0.222484D-05  0.188048D-06 -0.757328D-06  0.302655D-06  0.951148D-06
       14  -0.299903D-05 -0.884312D-06  0.615014D-04  0.354396D-06 -0.436492D-05
       15  -0.138365D-05 -0.361231D-06  0.870216D-06 -0.381040D-06 -0.170087D-05
       16   0.382538D-06  0.119371D-06  0.996914D-07 -0.654135D-07  0.380832D-06
       17  -0.462324D-06 -0.701813D-08 -0.185548D-05  0.183345D-06  0.359815D-07
       18   0.981658D-07  0.128680D-08  0.122694D-06  0.410367D-07 -0.170865D-07
       19  -0.916259D-04  0.712707D-05  0.279076D-05 -0.140296D-05  0.152088D-03
       20  -0.713028D-05 -0.157075D-05 -0.108658D-05  0.891420D-07  0.489865D-04
       21  -0.521221D-04  0.119641D-04 -0.123164D-04  0.113892D-05  0.453876D-04
       22   0.271431D-04  0.272452D-05 -0.712233D-05 -0.127649D-06  0.422708D-04
       23   0.160658D-04  0.328858D-05 -0.119244D-04 -0.206935D-06  0.100965D-03
       24  -0.268948D-04  0.311638D-05 -0.187482D-04 -0.492508D-06  0.116300D-03
       25  -0.273021D-04 -0.544564D-05 -0.140386D-04  0.143241D-05 -0.220739D-04
       26  -0.108465D-04  0.257183D-06  0.227771D-04 -0.107560D-05  0.384572D-05
       27  -0.734965D-05 -0.367881D-06  0.209166D-05 -0.518890D-06 -0.149589D-05
       28  -0.879051D-05 -0.334071D-06 -0.536501D-05 -0.309116D-06 -0.162914D-05
       29  -0.434956D-05 -0.628252D-06  0.106298D-05 -0.154824D-07  0.156009D-05
       30  -0.920957D-05 -0.133802D-05  0.455696D-05 -0.254532D-06 -0.431940D-07
       31  -0.104630D-04 -0.794069D-06  0.910346D-05  0.542381D-06 -0.136436D-05


           ESTIMATED COVARIANCE MATRIX FOR PARAMETER ESTIMATES
                     6             7             8             9            10
              ________      ________      ________      ________      ________
        6   0.818293D-03
        7   0.225447D-04  0.946724D-05
        8  -0.597329D-04 -0.328255D-04  0.229823D-03
        9   0.709206D-03  0.207103D-04 -0.446060D-04  0.406661D-02
       10  -0.198633D-04 -0.899089D-06  0.164195D-05 -0.232635D-03  0.327687D-04
       11   0.126247D-04  0.399850D-06 -0.109947D-05  0.323467D-04 -0.431269D-05
       12  -0.152575D-03 -0.280616D-04  0.102435D-03 -0.259904D-03  0.624904D-05
       13  -0.292312D-05  0.153076D-05 -0.501744D-05  0.216241D-05 -0.557576D-06
       14   0.173001D-04  0.788726D-05 -0.611413D-04  0.241464D-04 -0.241286D-05
       15   0.708264D-05  0.591800D-06 -0.106010D-05  0.119721D-04 -0.353391D-06
       16  -0.182097D-05 -0.331359D-06  0.110349D-05 -0.170621D-05  0.783550D-07
       17  -0.423638D-07  0.271984D-07  0.494155D-06 -0.591612D-06  0.249632D-06
       18   0.249912D-07  0.630050D-07 -0.394707D-06 -0.637914D-07 -0.294576D-07
       19  -0.403857D-03 -0.870731D-05  0.287696D-04 -0.146923D-02  0.143674D-03
       20  -0.145403D-03 -0.309489D-05  0.502953D-05 -0.653669D-03  0.479543D-04
       21  -0.179301D-03 -0.737542D-06  0.454417D-05 -0.296467D-03  0.522043D-05
       22  -0.128118D-03  0.570652D-06  0.532052D-05 -0.191794D-03 -0.101935D-04
       23  -0.296241D-03 -0.105511D-04  0.446867D-04 -0.351528D-03  0.226339D-05
       24  -0.280720D-03 -0.677667D-05  0.345120D-04 -0.584252D-03  0.684473D-04
       25   0.102992D-03  0.131610D-04 -0.316582D-04  0.696394D-04  0.944536D-07
       26  -0.120636D-04 -0.548176D-05  0.681505D-05 -0.811648D-05  0.181150D-05
       27   0.428309D-05  0.226450D-05 -0.139445D-05  0.105735D-04 -0.350622D-06
       28   0.483405D-05  0.280013D-05  0.248552D-05  0.315020D-05  0.696502D-06
       29  -0.278130D-05  0.144489D-05 -0.190638D-07  0.495125D-05 -0.599177D-06
       30   0.951985D-05 -0.114782D-05  0.278095D-05  0.593809D-05 -0.210867D-06
       31   0.858391D-05 -0.138357D-05 -0.193593D-05  0.176139D-04 -0.847342D-06


           ESTIMATED COVARIANCE MATRIX FOR PARAMETER ESTIMATES
                    11            12            13            14            15
              ________      ________      ________      ________      ________
       11   0.117330D-05
       12  -0.223584D-05  0.286842D-03
       13  -0.659809D-07 -0.161951D-04  0.311581D-05
       14   0.499436D-06 -0.383599D-04  0.611222D-06  0.107855D-03
       15   0.100060D-06 -0.215854D-04  0.137188D-05  0.218341D-05  0.376363D-05
       16  -0.315197D-07  0.238182D-05 -0.326941D-06 -0.207820D-06 -0.263172D-06
       17  -0.358343D-07  0.648771D-06  0.442726D-07 -0.984907D-05 -0.172391D-06
       18   0.667291D-08 -0.670211D-07  0.448471D-08  0.119586D-05 -0.107904D-07
       19  -0.269584D-04  0.929394D-04 -0.123130D-05 -0.192781D-04 -0.600860D-05
       20  -0.739428D-05  0.167478D-04  0.200323D-05 -0.548098D-05  0.307442D-06
       21  -0.210331D-05  0.108196D-04  0.340490D-05 -0.112331D-04 -0.852258D-06
       22  -0.339063D-05  0.104873D-04  0.343311D-05 -0.221397D-05  0.232303D-06
       23  -0.128128D-04  0.768872D-04  0.369329D-07 -0.943557D-05 -0.310401D-05
       24  -0.307381D-04  0.598496D-04  0.381324D-05 -0.155140D-04 -0.214214D-05
       25   0.969819D-06 -0.114446D-03  0.124589D-04 -0.438883D-05  0.115849D-04
       26  -0.499776D-06  0.153718D-04 -0.116774D-05 -0.543052D-04 -0.749628D-06
       27   0.119476D-06 -0.408558D-05 -0.751466D-07 -0.391854D-04 -0.428622D-06
       28   0.910245D-07 -0.611031D-05  0.733556D-06 -0.194052D-04  0.290197D-07
       29  -0.524553D-07 -0.548474D-05  0.388697D-06  0.133295D-05  0.987747D-07
       30  -0.609777D-07 -0.175261D-05 -0.196484D-06 -0.142051D-05  0.866028D-06
       31   0.551943D-07 -0.873044D-05  0.291098D-06 -0.130015D-04  0.182146D-05


           ESTIMATED COVARIANCE MATRIX FOR PARAMETER ESTIMATES
                    16            17            18            19            20
              ________      ________      ________      ________      ________
       16   0.648707D-07
       17  -0.913689D-08  0.141170D-05
       18  -0.380972D-09 -0.212671D-06  0.478558D-07
       19   0.124870D-05  0.159784D-05 -0.186901D-06  0.309832D-02
       20   0.129212D-06 -0.140779D-06  0.182661D-06  0.411084D-03  0.253619D-02
       21  -0.272895D-07  0.806752D-06  0.249710D-07  0.130845D-03  0.794453D-04
       22   0.143953D-07  0.326848D-06 -0.874451D-07  0.100869D-03  0.320329D-03
       23   0.952978D-06 -0.593436D-06  0.187609D-06  0.327556D-03  0.999323D-04
       24   0.239595D-06  0.731309D-06 -0.155135D-06  0.647683D-03  0.299241D-03
       25  -0.209031D-05  0.205593D-05 -0.282569D-06 -0.517113D-04  0.145722D-04
       26   0.222814D-06  0.757717D-05 -0.120415D-05  0.172308D-04  0.588640D-05
       27   0.922001D-08  0.488824D-05 -0.617077D-06  0.398245D-05 -0.132095D-05
       28  -0.129365D-06  0.153505D-05 -0.651108D-07  0.301495D-05 -0.205525D-05
       29  -0.587399D-07 -0.515807D-06  0.478232D-07  0.158754D-05  0.154886D-05
       30  -0.596121D-07  0.140559D-05 -0.781461D-06  0.232072D-06 -0.523856D-05
       31  -0.757782D-07  0.455976D-05 -0.153002D-05  0.117887D-05 -0.906867D-05


           ESTIMATED COVARIANCE MATRIX FOR PARAMETER ESTIMATES
                    21            22            23            24            25
              ________      ________      ________      ________      ________
       21   0.229029D-02
       22   0.109450D-03  0.242836D-02
       23   0.210523D-03  0.162649D-03  0.273932D-02
       24  -0.314488D-05  0.340419D-03  0.522941D-03  0.372948D-02
       25   0.355693D-04 -0.378030D-05 -0.355440D-04 -0.258250D-04  0.451146D-03
       26  -0.290582D-05 -0.491112D-05  0.479561D-05 -0.514013D-06 -0.232053D-04
       27   0.704418D-05  0.676545D-05 -0.109643D-05 -0.363554D-05  0.756108D-05
       28   0.458632D-05  0.357158D-05  0.391382D-05 -0.115132D-05  0.832330D-05
       29   0.593457D-05  0.761767D-05  0.655774D-05  0.398063D-05  0.249654D-06
       30  -0.164140D-05  0.602853D-05  0.808810D-06  0.103931D-04  0.466774D-07
       31  -0.117496D-05 -0.118498D-05 -0.126446D-04  0.326001D-05  0.958338D-05


           ESTIMATED COVARIANCE MATRIX FOR PARAMETER ESTIMATES
                    26            27            28            29            30
              ________      ________      ________      ________      ________
       26   0.120466D-03
       27   0.281493D-04  0.533752D-04
       28   0.897389D-05  0.736890D-05  0.433619D-04
       29  -0.331118D-05  0.181568D-05 -0.343084D-06  0.425169D-04
       30   0.799229D-05  0.124262D-05 -0.463441D-05  0.202218D-05  0.634932D-04
       31   0.289806D-04  0.111109D-04 -0.334496D-05 -0.154374D-08  0.353300D-04


           ESTIMATED COVARIANCE MATRIX FOR PARAMETER ESTIMATES
                    31
              ________
       31   0.109889D-03


           ESTIMATED CORRELATION MATRIX FOR PARAMETER ESTIMATES
                     1             2             3             4             5
              ________      ________      ________      ________      ________
        1       1.000
        2      -0.078         1.000
        3      -0.068         0.045         1.000
        4      -0.003        -0.053         0.053         1.000
        5      -0.134         0.145         0.019        -0.031         1.000
        6      -0.155        -0.488        -0.048         0.057        -0.790
        7      -0.061        -0.128         0.039         0.308        -0.204
        8       0.038         0.058        -0.590        -0.562         0.117
        9      -0.053        -0.032        -0.007         0.005        -0.480
       10       0.041         0.002         0.003        -0.009         0.159
       11       0.053        -0.168        -0.014         0.031        -0.490
       12       0.099         0.123        -0.100        -0.099         0.259
       13      -0.051         0.032        -0.032         0.125         0.067
       14      -0.012        -0.025         0.441         0.025        -0.052
       15      -0.029        -0.055         0.033        -0.143        -0.109
       16       0.061         0.139         0.029        -0.187         0.186
       17      -0.016        -0.002        -0.116         0.112         0.004
       18       0.018         0.002         0.042         0.136        -0.010
       19      -0.067         0.038         0.004        -0.018         0.339
       20      -0.006        -0.009        -0.002         0.001         0.121
       21      -0.044         0.074        -0.019         0.017         0.118
       22       0.022         0.016        -0.011        -0.002         0.107
       23       0.012         0.019        -0.017        -0.003         0.240
       24      -0.018         0.015        -0.023        -0.006         0.237
       25      -0.052        -0.076        -0.049         0.049        -0.129
       26      -0.040         0.007         0.155        -0.071         0.044
       27      -0.041        -0.015         0.021        -0.052        -0.025
       28      -0.054        -0.015        -0.061        -0.034        -0.031
       29      -0.027        -0.029         0.012        -0.002         0.030
       30      -0.047        -0.050         0.043        -0.023        -0.001
       31      -0.040        -0.022         0.065         0.038        -0.016


           ESTIMATED CORRELATION MATRIX FOR PARAMETER ESTIMATES
                     6             7             8             9            10
              ________      ________      ________      ________      ________
        6       1.000
        7       0.256         1.000
        8      -0.138        -0.704         1.000
        9       0.389         0.106        -0.046         1.000
       10      -0.121        -0.051         0.019        -0.637         1.000
       11       0.407         0.120        -0.067         0.468        -0.696
       12      -0.315        -0.538         0.399        -0.241         0.064
       13      -0.058         0.282        -0.187         0.019        -0.055
       14       0.058         0.247        -0.388         0.036        -0.041
       15       0.128         0.099        -0.036         0.097        -0.032
       16      -0.250        -0.423         0.286        -0.105         0.054
       17      -0.001         0.007         0.027        -0.008         0.037
       18       0.004         0.094        -0.119        -0.005        -0.024
       19      -0.254        -0.051         0.034        -0.414         0.451
       20      -0.101        -0.020         0.007        -0.204         0.166
       21      -0.131        -0.005         0.006        -0.097         0.019
       22      -0.091         0.004         0.007        -0.061        -0.036
       23      -0.198        -0.066         0.056        -0.105         0.008
       24      -0.161        -0.036         0.037        -0.150         0.196
       25       0.170         0.201        -0.098         0.051         0.001
       26      -0.038        -0.162         0.041        -0.012         0.029
       27       0.020         0.101        -0.013         0.023        -0.008
       28       0.026         0.138         0.025         0.008         0.018
       29      -0.015         0.072         0.000         0.012        -0.016
       30       0.042        -0.047         0.023         0.012        -0.005
       31       0.029        -0.043        -0.012         0.026        -0.014


           ESTIMATED CORRELATION MATRIX FOR PARAMETER ESTIMATES
                    11            12            13            14            15
              ________      ________      ________      ________      ________
       11       1.000
       12      -0.122         1.000
       13      -0.035        -0.542         1.000
       14       0.044        -0.218         0.033         1.000
       15       0.048        -0.657         0.401         0.108         1.000
       16      -0.114         0.552        -0.727        -0.079        -0.533
       17      -0.028         0.032         0.021        -0.798        -0.075
       18       0.028        -0.018         0.012         0.526        -0.025
       19      -0.447         0.099        -0.013        -0.033        -0.056
       20      -0.136         0.020         0.023        -0.010         0.003
       21      -0.041         0.013         0.040        -0.023        -0.009
       22      -0.064         0.013         0.039        -0.004         0.002
       23      -0.226         0.087         0.000        -0.017        -0.031
       24      -0.465         0.058         0.035        -0.024        -0.018
       25       0.042        -0.318         0.332        -0.020         0.281
       26      -0.042         0.083        -0.060        -0.476        -0.035
       27       0.015        -0.033        -0.006        -0.516        -0.030
       28       0.013        -0.055         0.063        -0.284         0.002
       29      -0.007        -0.050         0.034         0.020         0.008
       30      -0.007        -0.013        -0.014        -0.017         0.056
       31       0.005        -0.049         0.016        -0.119         0.090


           ESTIMATED CORRELATION MATRIX FOR PARAMETER ESTIMATES
                    16            17            18            19            20
              ________      ________      ________      ________      ________
       16       1.000
       17      -0.030         1.000
       18      -0.007        -0.818         1.000
       19       0.088         0.024        -0.015         1.000
       20       0.010        -0.002         0.017         0.147         1.000
       21      -0.002         0.014         0.002         0.049         0.033
       22       0.001         0.006        -0.008         0.037         0.129
       23       0.071        -0.010         0.016         0.112         0.038
       24       0.015         0.010        -0.012         0.191         0.097
       25      -0.386         0.081        -0.061        -0.044         0.014
       26       0.080         0.581        -0.502         0.028         0.011
       27       0.005         0.563        -0.386         0.010        -0.004
       28      -0.077         0.196        -0.045         0.008        -0.006
       29      -0.035        -0.067         0.034         0.004         0.005
       30      -0.029         0.148        -0.448         0.001        -0.013
       31      -0.028         0.366        -0.667         0.002        -0.017


           ESTIMATED CORRELATION MATRIX FOR PARAMETER ESTIMATES
                    21            22            23            24            25
              ________      ________      ________      ________      ________
       21       1.000
       22       0.046         1.000
       23       0.084         0.063         1.000
       24      -0.001         0.113         0.164         1.000
       25       0.035        -0.004        -0.032        -0.020         1.000
       26      -0.006        -0.009         0.008        -0.001        -0.100
       27       0.020         0.019        -0.003        -0.008         0.049
       28       0.015         0.011         0.011        -0.003         0.060
       29       0.019         0.024         0.019         0.010         0.002
       30      -0.004         0.015         0.002         0.021         0.000
       31      -0.002        -0.002        -0.023         0.005         0.043


           ESTIMATED CORRELATION MATRIX FOR PARAMETER ESTIMATES
                    26            27            28            29            30
              ________      ________      ________      ________      ________
       26       1.000
       27       0.351         1.000
       28       0.124         0.153         1.000
       29      -0.046         0.038        -0.008         1.000
       30       0.091         0.021        -0.088         0.039         1.000
       31       0.252         0.145        -0.048         0.000         0.423


           ESTIMATED CORRELATION MATRIX FOR PARAMETER ESTIMATES
                    31
              ________
       31       1.000


     Beginning Time:  14:28:54
        Ending Time:  14:34:38
       Elapsed Time:  00:05:44



MUTHEN & MUTHEN
3463 Stoner Ave.
Los Angeles, CA  90066

Tel: (310) 391-9971
Fax: (310) 391-8971
Web: www.StatModel.com
Support: Support@StatModel.com

Copyright (c) 1998-2015 Muthen & Muthen
