Mplus VERSION 7.4 (Mac)
MUTHEN & MUTHEN
12/04/2017   9:05 PM

INPUT INSTRUCTIONS

  TITLE:
  9a - Predetermined ALT, fixed cog slope, no-time-correlations
  DATA:
  File = wide-dataset-b.dat;
  VARIABLE:
  NAMES are
   id hhid male birthyr_rand birthmo_rand race_rand hispanic_rand cohort
      raedyrs raedegrm memoryproblems_baseline memory_disease_ever age_baseline
      age_baseline_65 health_conditions_baseline healthcond_mean activity_mean_2004
      activity_mean_2006 activity_mean_2008 activity_mean_2010 activity_mean_2012
      activity_mean_2014 activity_sum_2004 activity_sum_2006 activity_sum_2008
      activity_sum_2010 activity_sum_2012 activity_sum_2014 close_social_network_2004
      close_social_network_2006 close_social_network_2008 close_social_network_2010
      close_social_network_2012 close_social_network_2014 countb20r_2004
      countb20r_2006 countb20r_2008 countb20r_2010 countb20r_2012 countb20r_2014
      crp_adj_2004 crp_adj_2006 crp_adj_2008 crp_adj_2010 crp_adj_2012 crp_adj_2014
      dep_total_2004 dep_total_2006 dep_total_2008 dep_total_2010 dep_total_2012
      dep_total_2014 exercise_2004 exercise_2006 exercise_2008 exercise_2010
      exercise_2012 exercise_2014 healthcond_2004 healthcond_2006 healthcond_2008
      healthcond_2010 healthcond_2012 healthcond_2014 hhres_2004 hhres_2006
      hhres_2008 hhres_2010 hhres_2012 hhres_2014 hrs_tscore_2004 hrs_tscore_2006
      hrs_tscore_2008 hrs_tscore_2010 hrs_tscore_2012 hrs_tscore_2014 intage_r_2004
      intage_r_2006 intage_r_2008 intage_r_2010 intage_r_2012 intage_r_2014
      interview_date_2004 interview_date_2006 interview_date_2008 interview_date_2010
      interview_date_2012 interview_date_2014 lb_65_wave_2004 lb_65_wave_2006
      lb_65_wave_2008 lb_65_wave_2010 lb_65_wave_2012 lb_65_wave_2014 lb_wave_2004
      lb_wave_2006 lb_wave_2008 lb_wave_2010 lb_wave_2012 lb_wave_2014 listassi_2004
      listassi_2006 listassi_2008 listassi_2010 listassi_2012 listassi_2014
      mentalstatus_tot_2004 mentalstatus_tot_2006 mentalstatus_tot_2008
      mentalstatus_tot_2010 mentalstatus_tot_2012 mentalstatus_tot_2014 proxy_2004
      proxy_2006 proxy_2008 proxy_2010 proxy_2012 proxy_2014 responded_2004
      responded_2006 responded_2008 responded_2010 responded_2012 responded_2014
      rmaritalst_2004 rmaritalst_2006 rmaritalst_2008 rmaritalst_2010 rmaritalst_2012
      rmaritalst_2014 rpartst_2004 rpartst_2006 rpartst_2008 rpartst_2010
      rpartst_2012 rpartst_2014 score_loneliness_11_2004 score_loneliness_11_2006
      score_loneliness_11_2008 score_loneliness_11_2010 score_loneliness_11_2012
      score_loneliness_11_2014 score_loneliness_3_2004 score_loneliness_3_2006
      score_loneliness_3_2008 score_loneliness_3_2010 score_loneliness_3_2012
      score_loneliness_3_2014 shhidpnr_2004 shhidpnr_2006 shhidpnr_2008 shhidpnr_2010
      shhidpnr_2012 shhidpnr_2014 snchild_2004 snchild_2006 snchild_2008 snchild_2010
      snchild_2012 snchild_2014 snfamily_2004 snfamily_2006 snfamily_2008
      snfamily_2010 snfamily_2012 snfamily_2014 snfriends_2004 snfriends_2006
      snfriends_2008 snfriends_2010 snfriends_2012 snfriends_2014 snspouse_2004
      snspouse_2006 snspouse_2008 snspouse_2010 snspouse_2012 snspouse_2014
      social_contact_total_2004 social_contact_total_2006 social_contact_total_2008
      social_contact_total_2010 social_contact_total_2012 social_contact_total_2014
      social_strain_mean_2004 social_strain_mean_2006 social_strain_mean_2008
      social_strain_mean_2010 social_strain_mean_2012 social_strain_mean_2014
      social_support_mean_2004 social_support_mean_2006 social_support_mean_2008
      social_support_mean_2010 social_support_mean_2012 social_support_mean_2014
      socialnetwork_total_2004 socialnetwork_total_2006 socialnetwork_total_2008
      socialnetwork_total_2010 socialnetwork_total_2012 socialnetwork_total_2014
      srmemory_2004 srmemory_2006 srmemory_2008 srmemory_2010 srmemory_2012
      srmemory_2014 srmemoryp_2004 srmemoryp_2006 srmemoryp_2008 srmemoryp_2010
      srmemoryp_2012 srmemoryp_2014 vocab_total_2004 vocab_total_2006 vocab_total_2008
      vocab_total_2010 vocab_total_2012 vocab_total_2014 wrectotd_2004 wrectotd_2006
      wrectotd_2008 wrectotd_2010 wrectotd_2012 wrectotd_2014 wrectoti_2004
      wrectoti_2006 wrectoti_2008 wrectoti_2010 wrectoti_2012 wrectoti_2014
  	;
  Missing are all(9999);
  USEVARIABLES are
  	!define the variables used in the analysis
  	!estimated time points
  a_01
  a_02
  a_03
  a_04
  a_05
  a_06
  	!modelled time points of process (B)
  b_01
  b_02
  b_03
  b_04
  b_05
  b_06
  	! covariates used in the model
  	;
  SUBPOPULATION are
  	!select a subset of observations
  age_baseline > 64 AND
  memory_disease_ever EQ 0
  ;
  CLUSTER = hhid;
  DEFINE:
    ! centre baseline age
  a = age_baseline - 69;
  	! assign variables to the process (A)
  a_01=mentalstatus_tot_2004;
  a_02=mentalstatus_tot_2006;
  a_03=mentalstatus_tot_2008;
  a_04=mentalstatus_tot_2010;
  a_05=mentalstatus_tot_2012;
  a_06=mentalstatus_tot_2014;
  	! assign variables to the process (B)
  b_01=social_support_mean_2004;
  b_02=social_support_mean_2006;
  b_03=social_support_mean_2008;
  b_04=social_support_mean_2010;
  b_05=social_support_mean_2012;
  b_06=social_support_mean_2014;
  ANALYSIS:
  TYPE = COMPLEX RANDOM;
  model=nocovariances;
  COVERAGE=.00;
  H1ITERATIONS = 10000;
  MODEL:
  	!LGM part
  	! assign process (A) to time points
  ia BY a_02@1 a_03@1 a_04@1 a_05@1 a_06@1;
  sa BY a_02@0 a_03@2 a_04@4 a_05@6 a_06@8;
  sa@0;
  	! assign process (B) to time points
  ib BY b_02@1 b_03@1 b_04@1 b_05@1 b_06@1;
  sb BY b_02@0 b_03@2 b_04@4 b_05@6 b_06@8;
  	!correlations between the first measurement points
  	!autoregressive part
  a_01 a_02 a_03 a_04 a_05 a_06;
  a_02 ON a_01;
  a_03 ON a_02;
  a_04 ON a_03;
  a_05 ON a_04;
  a_06 ON a_05;
  b_01 b_02 b_03 b_04 b_05 b_06;
  b_02 ON b_01;
  b_03 ON b_02;
  b_04 ON b_03;
  b_05 ON b_04;
  b_06 ON b_05;
  	!Cross lagged part
  a_02 ON b_01;
  a_03 ON b_02;
  a_04 ON b_03;
  a_05 ON b_04;
  a_06 ON b_05;
  b_02 ON a_01;
  b_03 ON a_02;
  b_04 ON a_03;
  b_05 ON a_04;
  b_06 ON a_05;
  ia;
  sa;
  ib;
  sb;
  ia with sa;
  ib with sb;
  ia with a_01;
  sa with a_01;
  ib with b_01;
  sb with b_01;
  ia with ib;
  sa with sb;
  ! Time specific correlations
  [a_02@0 a_03@0 a_04@0 a_05@0 a_06@0];
  [b_02@0 b_03@0 b_04@0 b_05@0 b_06@0];
  [ia];
  [ib];
  [sa];
  [sb];
  [a_01];
  [b_01];
  	
  OUTPUT: SAMPSTAT MODINDICES (3.0); TECH1; TECH4;



*** WARNING in OUTPUT command
  TECH4 option for TYPE=RANDOM requires ALGORITHM=INTEGRATION.
  Request for TECH4 is ignored.
   1 WARNING(S) FOUND IN THE INPUT INSTRUCTIONS




9a - Predetermined ALT, fixed cog slope, no-time-correlations

SUMMARY OF ANALYSIS

Number of groups                                                 1
Number of observations                                        5952

Number of dependent variables                                   10
Number of independent variables                                  2
Number of continuous latent variables                            4

Observed dependent variables

  Continuous
   A_02        A_03        A_04        A_05        A_06        B_02
   B_03        B_04        B_05        B_06

Observed independent variables
   A_01        B_01

Continuous latent variables
   IA          SA          IB          SB

Variables with special functions

  Cluster variable      HHID

Estimator                                                      MLR
Information matrix                                        OBSERVED
Maximum number of iterations                                   100
Convergence criterion                                    0.100D-05
Maximum number of EM iterations                                500
Convergence criteria for the EM algorithm
  Loglikelihood change                                   0.100D-02
  Relative loglikelihood change                          0.100D-05
  Derivative                                             0.100D-03
Minimum variance                                         0.100D-03
Maximum number of steepest descent iterations                   20
Maximum number of iterations for H1                          10000
Convergence criterion for H1                             0.100D-03
Optimization algorithm                                         EMA

Input data file(s)
  wide-dataset-b.dat
Input data format  FREE


SUMMARY OF DATA

     Number of missing data patterns           260
     Number of clusters        4882



SAMPLE STATISTICS


     ESTIMATED SAMPLE STATISTICS


           Means
              A_02          A_03          A_04          A_05          A_06
              ________      ________      ________      ________      ________
 1              8.507         8.438         8.051         8.029         7.861


           Means
              B_02          B_03          B_04          B_05          B_06
              ________      ________      ________      ________      ________
 1              9.575         9.557         9.582         9.607         9.577


           Means
              A_01          B_01
              ________      ________
 1              8.517         9.778


           Covariances
              A_02          A_03          A_04          A_05          A_06
              ________      ________      ________      ________      ________
 A_02           0.660
 A_03           0.351         0.789
 A_04           0.385         0.457         1.239
 A_05           0.400         0.494         0.784         1.442
 A_06           0.427         0.521         0.845         1.064         1.943
 B_02           0.025         0.052        -0.029        -0.004        -0.047
 B_03          -0.011         0.027        -0.017        -0.037         0.002
 B_04           0.004         0.045        -0.017         0.002        -0.002
 B_05           0.004        -0.003        -0.019         0.019         0.000
 B_06          -0.031         0.027        -0.063        -0.041        -0.068
 A_01           0.329         0.343         0.366         0.392         0.399
 B_01           0.046         0.085         0.023        -0.033        -0.042


           Covariances
              B_02          B_03          B_04          B_05          B_06
              ________      ________      ________      ________      ________
 B_02           2.327
 B_03           0.585         2.544
 B_04           1.400         0.749         2.461
 B_05           0.540         1.550         0.738         2.559
 B_06           1.372         0.340         1.487         0.356         2.640
 A_01          -0.016        -0.012        -0.035        -0.009        -0.005
 B_01           1.575         1.445         1.427         1.068         1.391


           Covariances
              A_01          B_01
              ________      ________
 A_01           0.632
 B_01           0.012         2.356


           Correlations
              A_02          A_03          A_04          A_05          A_06
              ________      ________      ________      ________      ________
 A_02           1.000
 A_03           0.487         1.000
 A_04           0.425         0.462         1.000
 A_05           0.410         0.463         0.587         1.000
 A_06           0.377         0.421         0.545         0.636         1.000
 B_02           0.020         0.038        -0.017        -0.002        -0.022
 B_03          -0.008         0.019        -0.010        -0.019         0.001
 B_04           0.003         0.032        -0.010         0.001        -0.001
 B_05           0.003        -0.002        -0.011         0.010         0.000
 B_06          -0.024         0.018        -0.035        -0.021        -0.030
 A_01           0.510         0.486         0.414         0.411         0.360
 B_01           0.037         0.062         0.014        -0.018        -0.020


           Correlations
              B_02          B_03          B_04          B_05          B_06
              ________      ________      ________      ________      ________
 B_02           1.000
 B_03           0.240         1.000
 B_04           0.585         0.300         1.000
 B_05           0.221         0.608         0.294         1.000
 B_06           0.554         0.131         0.583         0.137         1.000
 A_01          -0.013        -0.009        -0.028        -0.007        -0.004
 B_01           0.672         0.590         0.593         0.435         0.558


           Correlations
              A_01          B_01
              ________      ________
 A_01           1.000
 B_01           0.010         1.000


     MAXIMUM LOG-LIKELIHOOD VALUE FOR THE UNRESTRICTED (H1) MODEL IS -63571.031


UNIVARIATE SAMPLE STATISTICS


     UNIVARIATE HIGHER-ORDER MOMENT DESCRIPTIVE STATISTICS

         Variable/         Mean/     Skewness/   Minimum/ % with                Percentiles
        Sample Size      Variance    Kurtosis    Maximum  Min/Max      20%/60%    40%/80%    Median

     A_02                  8.511      -2.361       1.000    0.02%       8.000      9.000      9.000
            5688.000       0.654       8.721       9.000   64.64%       9.000      9.000
     A_03                  8.443      -2.238       1.000    0.02%       8.000      9.000      9.000
            5784.000       0.783       7.416       9.000   61.91%       9.000      9.000
     A_04                  8.065      -1.739       0.000    0.02%       7.000      8.000      8.000
            5680.000       1.209       4.575       9.000   41.95%       9.000      9.000
     A_05                  8.085      -1.899       0.000    0.04%       7.000      8.000      8.000
            5132.000       1.350       5.356       9.000   45.93%       9.000      9.000
     A_06                  7.967      -2.016       0.000    0.07%       7.000      8.000      8.000
            4423.000       1.750       5.505       9.000   43.55%       9.000      9.000
     B_02                  9.578      -0.541       3.000    0.11%       8.333      9.250      9.667
            2787.000       2.311       0.122      12.000    5.63%      10.000     11.000
     B_03                  9.558      -0.590       3.000    0.07%       8.250      9.250      9.667
            2737.000       2.553       0.220      12.000    6.94%      10.000     11.000
     B_04                  9.580      -0.584       3.000    0.04%       8.250      9.333      9.750
            2646.000       2.432       0.067      12.000    6.20%      10.250     11.000
     B_05                  9.610      -0.664       3.000    0.04%       8.333      9.333      9.750
            2235.000       2.541       0.256      12.000    6.67%      10.250     11.000
     B_06                  9.579      -0.596       3.000    0.15%       8.250      9.333      9.667
            2031.000       2.584       0.117      12.000    7.04%      10.250     11.000
     A_01                  8.527      -2.114       2.000    0.02%       8.000      9.000      9.000
            5486.000       0.624       5.952       9.000   66.11%       9.000      9.000
     B_01                  9.811      -0.654       4.333    0.09%       8.500      9.667     10.000
            1061.000       2.338       0.097      12.000    8.48%      10.333     11.250


THE MODEL ESTIMATION TERMINATED NORMALLY

     WARNING:  THE LATENT VARIABLE COVARIANCE MATRIX (PSI) IS NOT POSITIVE
     DEFINITE.  THIS COULD INDICATE A NEGATIVE VARIANCE/RESIDUAL VARIANCE FOR A
     LATENT VARIABLE, A CORRELATION GREATER OR EQUAL TO ONE BETWEEN TWO LATENT
     VARIABLES, OR A LINEAR DEPENDENCY AMONG MORE THAN TWO LATENT VARIABLES.
     CHECK THE TECH4 OUTPUT FOR MORE INFORMATION.



MODEL FIT INFORMATION

Number of Free Parameters                       50

Loglikelihood

          H0 Value                      -63618.975
          H0 Scaling Correction Factor      1.6494
            for MLR
          H1 Value                      -63571.031
          H1 Scaling Correction Factor      1.4131
            for MLR

Information Criteria

          Akaike (AIC)                  127337.949
          Bayesian (BIC)                127672.524
          Sample-Size Adjusted BIC      127513.638
            (n* = (n + 2) / 24)

Chi-Square Test of Model Fit

          Value                             85.797*
          Degrees of Freedom                    40
          P-Value                           0.0000
          Scaling Correction Factor         1.1176
            for MLR

*   The chi-square value for MLM, MLMV, MLR, ULSMV, WLSM and WLSMV cannot be used
    for chi-square difference testing in the regular way.  MLM, MLR and WLSM
    chi-square difference testing is described on the Mplus website.  MLMV, WLSMV,
    and ULSMV difference testing is done using the DIFFTEST option.

RMSEA (Root Mean Square Error Of Approximation)

          Estimate                           0.014

CFI/TLI

          CFI                                0.996
          TLI                                0.993

Chi-Square Test of Model Fit for the Baseline Model

          Value                          10703.468
          Degrees of Freedom                    66
          P-Value                           0.0000

SRMR (Standardized Root Mean Square Residual)

          Value                              0.077



MODEL RESULTS

                                                    Two-Tailed
                    Estimate       S.E.  Est./S.E.    P-Value

 IA       BY
    A_02               1.000      0.000    999.000    999.000
    A_03               1.000      0.000    999.000    999.000
    A_04               1.000      0.000    999.000    999.000
    A_05               1.000      0.000    999.000    999.000
    A_06               1.000      0.000    999.000    999.000

 SA       BY
    A_02               0.000      0.000    999.000    999.000
    A_03               2.000      0.000    999.000    999.000
    A_04               4.000      0.000    999.000    999.000
    A_05               6.000      0.000    999.000    999.000
    A_06               8.000      0.000    999.000    999.000

 IB       BY
    B_02               1.000      0.000    999.000    999.000
    B_03               1.000      0.000    999.000    999.000
    B_04               1.000      0.000    999.000    999.000
    B_05               1.000      0.000    999.000    999.000
    B_06               1.000      0.000    999.000    999.000

 SB       BY
    B_02               0.000      0.000    999.000    999.000
    B_03               2.000      0.000    999.000    999.000
    B_04               4.000      0.000    999.000    999.000
    B_05               6.000      0.000    999.000    999.000
    B_06               8.000      0.000    999.000    999.000

 A_02       ON
    A_01              -0.037      0.033     -1.097      0.273
    B_01               0.015      0.012      1.188      0.235

 A_03       ON
    A_02              -0.004      0.025     -0.163      0.870
    B_02               0.031      0.012      2.447      0.014

 A_04       ON
    A_03               0.052      0.021      2.501      0.012
    B_03              -0.008      0.013     -0.620      0.535

 A_05       ON
    A_04               0.123      0.031      3.925      0.000
    B_04              -0.015      0.013     -1.150      0.250

 A_06       ON
    A_05               0.148      0.047      3.188      0.001
    B_05              -0.003      0.018     -0.152      0.879

 B_02       ON
    B_01              -0.015      0.215     -0.071      0.944
    A_01              -0.001      0.040     -0.033      0.973

 B_03       ON
    B_02              -0.097      0.249     -0.390      0.696
    A_02              -0.051      0.045     -1.132      0.258

 B_04       ON
    B_03              -0.275      0.232     -1.187      0.235
    A_03               0.011      0.042      0.266      0.790

 B_05       ON
    B_04              -0.380      0.218     -1.744      0.081
    A_04              -0.007      0.036     -0.203      0.839

 B_06       ON
    B_05              -0.483      0.205     -2.356      0.018
    A_05              -0.035      0.036     -0.996      0.319

 IA       WITH
    SA                -0.001      0.005     -0.283      0.777
    A_01               0.351      0.028     12.679      0.000
    IB                -0.004      0.024     -0.179      0.858

 IB       WITH
    SB                 0.068      0.040      1.678      0.093
    B_01               1.596      0.502      3.182      0.001

 SA       WITH
    A_01              -0.001      0.005     -0.238      0.812
    SB                 0.001      0.001      1.152      0.249

 SB       WITH
    B_01               0.029      0.047      0.617      0.537

 Means
    A_01               8.517      0.011    762.662      0.000
    B_01               9.783      0.040    243.736      0.000
    IA                 8.674      0.312     27.758      0.000
    SA                -0.247      0.072     -3.427      0.001
    IB                 9.735      2.275      4.280      0.000
    SB                 0.595      0.199      2.993      0.003

 Intercepts
    A_02               0.000      0.000    999.000    999.000
    A_03               0.000      0.000    999.000    999.000
    A_04               0.000      0.000    999.000    999.000
    A_05               0.000      0.000    999.000    999.000
    A_06               0.000      0.000    999.000    999.000
    B_02               0.000      0.000    999.000    999.000
    B_03               0.000      0.000    999.000    999.000
    B_04               0.000      0.000    999.000    999.000
    B_05               0.000      0.000    999.000    999.000
    B_06               0.000      0.000    999.000    999.000

 Variances
    A_01               0.632      0.024     25.882      0.000
    B_01               2.372      0.097     24.540      0.000
    IA                 0.370      0.042      8.740      0.000
    SA                 0.009      0.001      7.052      0.000
    IB                 1.542      0.651      2.370      0.018
    SB                 0.004      0.009      0.447      0.655

 Residual Variances
    A_02               0.308      0.022     14.164      0.000
    A_03               0.415      0.017     24.698      0.000
    A_04               0.659      0.028     23.334      0.000
    A_05               0.599      0.037     16.254      0.000
    A_06               0.744      0.045     16.575      0.000
    B_02               0.841      0.176      4.772      0.000
    B_03               0.999      0.211      4.735      0.000
    B_04               1.101      0.097     11.399      0.000
    B_05               1.059      0.092     11.506      0.000
    B_06               1.069      0.102     10.467      0.000


QUALITY OF NUMERICAL RESULTS

     Condition Number for the Information Matrix              0.669E-06
       (ratio of smallest to largest eigenvalue)


MODEL MODIFICATION INDICES

NOTE:  Modification indices for direct effects of observed dependent variables
regressed on covariates may not be included.  To include these, request
MODINDICES (ALL).

Minimum M.I. value for printing the modification index     3.000

                                   M.I.     E.P.C.


ON/BY Statements

A_02     ON SA       /
SA       BY A_02                   9.856     1.007
A_03     ON SA       /
SA       BY A_03                  29.613    -1.097
A_04     ON SA       /
SA       BY A_04                  19.747     1.000
A_05     ON IA       /
IA       BY A_05                   5.387    -0.056
A_06     ON IA       /
IA       BY A_06                   5.667     0.097
B_02     ON IB       /
IB       BY B_02                   4.346    -0.680
B_04     ON IB       /
IB       BY B_04                   6.783     0.482
B_05     ON IB       /
IB       BY B_05                   4.385    -0.607
B_05     ON SB       /
SB       BY B_05                   9.303     4.621
B_06     ON SB       /
SB       BY B_06                   8.793    -7.304

ON Statements

IA       ON A_02                  13.416     0.221
IA       ON A_03                  22.146    -0.137
IA       ON A_04                   3.574     0.025
SA       ON A_02                  15.174     0.045
SA       ON A_03                  31.268    -0.026
SA       ON A_04                  25.519     0.018
IB       ON A_03                   3.326    -0.079
IB       ON B_02                   7.159    -0.660
IB       ON B_03                   5.137     0.255
IB       ON B_04                   5.038    -0.168
IB       ON B_05                   7.125     0.137
IB       ON B_06                   7.770    -0.156
SB       ON B_02                   6.494    -0.092
SB       ON B_03                   7.662     0.045
SB       ON B_04                   7.726    -0.048
SB       ON B_05                   8.893     0.054
SB       ON B_06                   9.244    -0.065
A_02     ON A_03                   3.676     0.050
A_02     ON A_04                   3.610     0.037
A_02     ON A_06                  13.277     0.060
A_03     ON A_03                   9.777    -0.127
A_03     ON A_04                  11.954    -0.046
A_03     ON A_05                  11.164    -0.046
A_03     ON A_06                  24.406    -0.054
A_03     ON B_01                   3.310     0.037
A_04     ON A_04                  13.392     0.114
A_04     ON A_05                  14.685     0.056
A_04     ON A_06                  31.869     0.080
A_05     ON A_02                   4.217    -0.036
A_05     ON A_03                   5.060    -0.045
A_05     ON A_05                   7.815    -0.084
A_05     ON A_06                   9.897    -0.055
A_06     ON A_02                  11.712     0.113
A_06     ON A_04                  27.533     0.149
A_06     ON A_06                   6.921     0.228
B_02     ON B_02                   4.343    -0.679
B_02     ON B_03                   3.226    -0.313
B_02     ON B_05                   3.647    -0.463
B_02     ON B_06                   3.391    -0.207
B_03     ON B_04                   3.362    -0.297
B_03     ON B_05                   9.542     0.223
B_03     ON B_06                   3.917    -0.295
B_04     ON B_02                   5.931     0.473
B_04     ON B_04                   3.016     0.285
B_04     ON B_06                  11.232    -0.782
B_04     ON B_01                   9.651     0.212
B_05     ON B_02                   4.421    -0.579
B_05     ON B_03                   6.090     0.208
B_05     ON B_05                   4.039     0.830
B_05     ON B_06                   5.828     1.065
B_05     ON B_01                  11.899    -0.254
B_06     ON B_04                   6.556    -0.291
B_06     ON B_06                   8.769    -0.775
B_06     ON B_01                   3.626     0.226
B_01     ON B_04                   7.180     0.161
B_01     ON B_05                  15.836    -0.227
B_01     ON B_06                  12.894     0.226

WITH Statements

A_02     WITH IA                  13.351     0.068
A_02     WITH SA                  15.451     0.014
A_03     WITH IA                  22.084    -0.057
A_03     WITH SA                  31.128    -0.011
A_04     WITH IA                   4.014     0.017
A_04     WITH SA                  26.268     0.012
A_04     WITH A_03                 5.789    -0.031
A_05     WITH SB                   3.589     0.009
A_05     WITH A_04                 7.101     0.047
A_06     WITH A_02                 5.370     0.035
A_06     WITH A_03                 8.708    -0.037
A_06     WITH A_04                23.075     0.107
A_06     WITH A_05                12.854    -0.129
B_02     WITH IB                   7.153    -0.555
B_02     WITH SB                   6.792    -0.079
B_03     WITH IB                   5.068     0.266
B_03     WITH SB                   6.838     0.045
B_04     WITH IB                   4.785    -0.219
B_04     WITH SB                   7.569    -0.073
B_04     WITH B_03                 7.293    -0.573
B_05     WITH IB                   7.360     0.193
B_05     WITH SB                   8.920     0.095
B_05     WITH B_03                 9.412     0.290
B_05     WITH B_04                 5.995     0.868
B_06     WITH IA                   3.103    -0.036
B_06     WITH IB                   7.643    -0.340
B_06     WITH SB                   8.764    -0.155
B_06     WITH B_02                 3.716    -0.426
B_06     WITH B_04                 7.426    -0.498
A_01     WITH B_06                 3.187     0.036
B_01     WITH B_04                 7.873     0.214
B_01     WITH B_05                13.162    -0.268
B_01     WITH B_06                 7.105     0.322

Means/Intercepts/Thresholds

[ A_05     ]                       3.366    -0.313


TECHNICAL 1 OUTPUT


     PARAMETER SPECIFICATION


           NU
              A_02          A_03          A_04          A_05          A_06
              ________      ________      ________      ________      ________
 1                  0             0             0             0             0


           NU
              B_02          B_03          B_04          B_05          B_06
              ________      ________      ________      ________      ________
 1                  0             0             0             0             0


           NU
              A_01          B_01
              ________      ________
 1                  0             0


           LAMBDA
              IA            SA            IB            SB            A_02
              ________      ________      ________      ________      ________
 A_02               0             0             0             0             0
 A_03               0             0             0             0             0
 A_04               0             0             0             0             0
 A_05               0             0             0             0             0
 A_06               0             0             0             0             0
 B_02               0             0             0             0             0
 B_03               0             0             0             0             0
 B_04               0             0             0             0             0
 B_05               0             0             0             0             0
 B_06               0             0             0             0             0
 A_01               0             0             0             0             0
 B_01               0             0             0             0             0


           LAMBDA
              A_03          A_04          A_05          A_06          B_02
              ________      ________      ________      ________      ________
 A_02               0             0             0             0             0
 A_03               0             0             0             0             0
 A_04               0             0             0             0             0
 A_05               0             0             0             0             0
 A_06               0             0             0             0             0
 B_02               0             0             0             0             0
 B_03               0             0             0             0             0
 B_04               0             0             0             0             0
 B_05               0             0             0             0             0
 B_06               0             0             0             0             0
 A_01               0             0             0             0             0
 B_01               0             0             0             0             0


           LAMBDA
              B_03          B_04          B_05          B_06          A_01
              ________      ________      ________      ________      ________
 A_02               0             0             0             0             0
 A_03               0             0             0             0             0
 A_04               0             0             0             0             0
 A_05               0             0             0             0             0
 A_06               0             0             0             0             0
 B_02               0             0             0             0             0
 B_03               0             0             0             0             0
 B_04               0             0             0             0             0
 B_05               0             0             0             0             0
 B_06               0             0             0             0             0
 A_01               0             0             0             0             0
 B_01               0             0             0             0             0


           LAMBDA
              B_01
              ________
 A_02               0
 A_03               0
 A_04               0
 A_05               0
 A_06               0
 B_02               0
 B_03               0
 B_04               0
 B_05               0
 B_06               0
 A_01               0
 B_01               0


           THETA
              A_02          A_03          A_04          A_05          A_06
              ________      ________      ________      ________      ________
 A_02               0
 A_03               0             0
 A_04               0             0             0
 A_05               0             0             0             0
 A_06               0             0             0             0             0
 B_02               0             0             0             0             0
 B_03               0             0             0             0             0
 B_04               0             0             0             0             0
 B_05               0             0             0             0             0
 B_06               0             0             0             0             0
 A_01               0             0             0             0             0
 B_01               0             0             0             0             0


           THETA
              B_02          B_03          B_04          B_05          B_06
              ________      ________      ________      ________      ________
 B_02               0
 B_03               0             0
 B_04               0             0             0
 B_05               0             0             0             0
 B_06               0             0             0             0             0
 A_01               0             0             0             0             0
 B_01               0             0             0             0             0


           THETA
              A_01          B_01
              ________      ________
 A_01               0
 B_01               0             0


           ALPHA
              IA            SA            IB            SB            A_02
              ________      ________      ________      ________      ________
 1                  1             2             3             4             0


           ALPHA
              A_03          A_04          A_05          A_06          B_02
              ________      ________      ________      ________      ________
 1                  0             0             0             0             0


           ALPHA
              B_03          B_04          B_05          B_06          A_01
              ________      ________      ________      ________      ________
 1                  0             0             0             0             5


           ALPHA
              B_01
              ________
 1                  6


           BETA
              IA            SA            IB            SB            A_02
              ________      ________      ________      ________      ________
 IA                 0             0             0             0             0
 SA                 0             0             0             0             0
 IB                 0             0             0             0             0
 SB                 0             0             0             0             0
 A_02               0             0             0             0             0
 A_03               0             0             0             0             9
 A_04               0             0             0             0             0
 A_05               0             0             0             0             0
 A_06               0             0             0             0             0
 B_02               0             0             0             0             0
 B_03               0             0             0             0            19
 B_04               0             0             0             0             0
 B_05               0             0             0             0             0
 B_06               0             0             0             0             0
 A_01               0             0             0             0             0
 B_01               0             0             0             0             0


           BETA
              A_03          A_04          A_05          A_06          B_02
              ________      ________      ________      ________      ________
 IA                 0             0             0             0             0
 SA                 0             0             0             0             0
 IB                 0             0             0             0             0
 SB                 0             0             0             0             0
 A_02               0             0             0             0             0
 A_03               0             0             0             0            10
 A_04              11             0             0             0             0
 A_05               0            13             0             0             0
 A_06               0             0            15             0             0
 B_02               0             0             0             0             0
 B_03               0             0             0             0            20
 B_04              21             0             0             0             0
 B_05               0            23             0             0             0
 B_06               0             0            25             0             0
 A_01               0             0             0             0             0
 B_01               0             0             0             0             0


           BETA
              B_03          B_04          B_05          B_06          A_01
              ________      ________      ________      ________      ________
 IA                 0             0             0             0             0
 SA                 0             0             0             0             0
 IB                 0             0             0             0             0
 SB                 0             0             0             0             0
 A_02               0             0             0             0             7
 A_03               0             0             0             0             0
 A_04              12             0             0             0             0
 A_05               0            14             0             0             0
 A_06               0             0            16             0             0
 B_02               0             0             0             0            17
 B_03               0             0             0             0             0
 B_04              22             0             0             0             0
 B_05               0            24             0             0             0
 B_06               0             0            26             0             0
 A_01               0             0             0             0             0
 B_01               0             0             0             0             0


           BETA
              B_01
              ________
 IA                 0
 SA                 0
 IB                 0
 SB                 0
 A_02               8
 A_03               0
 A_04               0
 A_05               0
 A_06               0
 B_02              18
 B_03               0
 B_04               0
 B_05               0
 B_06               0
 A_01               0
 B_01               0


           PSI
              IA            SA            IB            SB            A_02
              ________      ________      ________      ________      ________
 IA                27
 SA                28            29
 IB                30             0            31
 SB                 0            32            33            34
 A_02               0             0             0             0            35
 A_03               0             0             0             0             0
 A_04               0             0             0             0             0
 A_05               0             0             0             0             0
 A_06               0             0             0             0             0
 B_02               0             0             0             0             0
 B_03               0             0             0             0             0
 B_04               0             0             0             0             0
 B_05               0             0             0             0             0
 B_06               0             0             0             0             0
 A_01              45            46             0             0             0
 B_01               0             0            48            49             0


           PSI
              A_03          A_04          A_05          A_06          B_02
              ________      ________      ________      ________      ________
 A_03              36
 A_04               0            37
 A_05               0             0            38
 A_06               0             0             0            39
 B_02               0             0             0             0            40
 B_03               0             0             0             0             0
 B_04               0             0             0             0             0
 B_05               0             0             0             0             0
 B_06               0             0             0             0             0
 A_01               0             0             0             0             0
 B_01               0             0             0             0             0


           PSI
              B_03          B_04          B_05          B_06          A_01
              ________      ________      ________      ________      ________
 B_03              41
 B_04               0            42
 B_05               0             0            43
 B_06               0             0             0            44
 A_01               0             0             0             0            47
 B_01               0             0             0             0             0


           PSI
              B_01
              ________
 B_01              50


     STARTING VALUES


           NU
              A_02          A_03          A_04          A_05          A_06
              ________      ________      ________      ________      ________
 1              0.000         0.000         0.000         0.000         0.000


           NU
              B_02          B_03          B_04          B_05          B_06
              ________      ________      ________      ________      ________
 1              0.000         0.000         0.000         0.000         0.000


           NU
              A_01          B_01
              ________      ________
 1              0.000         0.000


           LAMBDA
              IA            SA            IB            SB            A_02
              ________      ________      ________      ________      ________
 A_02           0.000         0.000         0.000         0.000         1.000
 A_03           0.000         0.000         0.000         0.000         0.000
 A_04           0.000         0.000         0.000         0.000         0.000
 A_05           0.000         0.000         0.000         0.000         0.000
 A_06           0.000         0.000         0.000         0.000         0.000
 B_02           0.000         0.000         0.000         0.000         0.000
 B_03           0.000         0.000         0.000         0.000         0.000
 B_04           0.000         0.000         0.000         0.000         0.000
 B_05           0.000         0.000         0.000         0.000         0.000
 B_06           0.000         0.000         0.000         0.000         0.000
 A_01           0.000         0.000         0.000         0.000         0.000
 B_01           0.000         0.000         0.000         0.000         0.000


           LAMBDA
              A_03          A_04          A_05          A_06          B_02
              ________      ________      ________      ________      ________
 A_02           0.000         0.000         0.000         0.000         0.000
 A_03           1.000         0.000         0.000         0.000         0.000
 A_04           0.000         1.000         0.000         0.000         0.000
 A_05           0.000         0.000         1.000         0.000         0.000
 A_06           0.000         0.000         0.000         1.000         0.000
 B_02           0.000         0.000         0.000         0.000         1.000
 B_03           0.000         0.000         0.000         0.000         0.000
 B_04           0.000         0.000         0.000         0.000         0.000
 B_05           0.000         0.000         0.000         0.000         0.000
 B_06           0.000         0.000         0.000         0.000         0.000
 A_01           0.000         0.000         0.000         0.000         0.000
 B_01           0.000         0.000         0.000         0.000         0.000


           LAMBDA
              B_03          B_04          B_05          B_06          A_01
              ________      ________      ________      ________      ________
 A_02           0.000         0.000         0.000         0.000         0.000
 A_03           0.000         0.000         0.000         0.000         0.000
 A_04           0.000         0.000         0.000         0.000         0.000
 A_05           0.000         0.000         0.000         0.000         0.000
 A_06           0.000         0.000         0.000         0.000         0.000
 B_02           0.000         0.000         0.000         0.000         0.000
 B_03           1.000         0.000         0.000         0.000         0.000
 B_04           0.000         1.000         0.000         0.000         0.000
 B_05           0.000         0.000         1.000         0.000         0.000
 B_06           0.000         0.000         0.000         1.000         0.000
 A_01           0.000         0.000         0.000         0.000         1.000
 B_01           0.000         0.000         0.000         0.000         0.000


           LAMBDA
              B_01
              ________
 A_02           0.000
 A_03           0.000
 A_04           0.000
 A_05           0.000
 A_06           0.000
 B_02           0.000
 B_03           0.000
 B_04           0.000
 B_05           0.000
 B_06           0.000
 A_01           0.000
 B_01           1.000


           THETA
              A_02          A_03          A_04          A_05          A_06
              ________      ________      ________      ________      ________
 A_02           0.000
 A_03           0.000         0.000
 A_04           0.000         0.000         0.000
 A_05           0.000         0.000         0.000         0.000
 A_06           0.000         0.000         0.000         0.000         0.000
 B_02           0.000         0.000         0.000         0.000         0.000
 B_03           0.000         0.000         0.000         0.000         0.000
 B_04           0.000         0.000         0.000         0.000         0.000
 B_05           0.000         0.000         0.000         0.000         0.000
 B_06           0.000         0.000         0.000         0.000         0.000
 A_01           0.000         0.000         0.000         0.000         0.000
 B_01           0.000         0.000         0.000         0.000         0.000


           THETA
              B_02          B_03          B_04          B_05          B_06
              ________      ________      ________      ________      ________
 B_02           0.000
 B_03           0.000         0.000
 B_04           0.000         0.000         0.000
 B_05           0.000         0.000         0.000         0.000
 B_06           0.000         0.000         0.000         0.000         0.000
 A_01           0.000         0.000         0.000         0.000         0.000
 B_01           0.000         0.000         0.000         0.000         0.000


           THETA
              A_01          B_01
              ________      ________
 A_01           0.000
 B_01           0.000         0.000


           ALPHA
              IA            SA            IB            SB            A_02
              ________      ________      ________      ________      ________
 1              0.000         0.000         0.000         0.000         0.000


           ALPHA
              A_03          A_04          A_05          A_06          B_02
              ________      ________      ________      ________      ________
 1              0.000         0.000         0.000         0.000         0.000


           ALPHA
              B_03          B_04          B_05          B_06          A_01
              ________      ________      ________      ________      ________
 1              0.000         0.000         0.000         0.000         0.000


           ALPHA
              B_01
              ________
 1              0.000


           BETA
              IA            SA            IB            SB            A_02
              ________      ________      ________      ________      ________
 IA             0.000         0.000         0.000         0.000         0.000
 SA             0.000         0.000         0.000         0.000         0.000
 IB             0.000         0.000         0.000         0.000         0.000
 SB             0.000         0.000         0.000         0.000         0.000
 A_02           1.000         0.000         0.000         0.000         0.000
 A_03           1.000         2.000         0.000         0.000         0.000
 A_04           1.000         4.000         0.000         0.000         0.000
 A_05           1.000         6.000         0.000         0.000         0.000
 A_06           1.000         8.000         0.000         0.000         0.000
 B_02           0.000         0.000         1.000         0.000         0.000
 B_03           0.000         0.000         1.000         2.000         0.000
 B_04           0.000         0.000         1.000         4.000         0.000
 B_05           0.000         0.000         1.000         6.000         0.000
 B_06           0.000         0.000         1.000         8.000         0.000
 A_01           0.000         0.000         0.000         0.000         0.000
 B_01           0.000         0.000         0.000         0.000         0.000


           BETA
              A_03          A_04          A_05          A_06          B_02
              ________      ________      ________      ________      ________
 IA             0.000         0.000         0.000         0.000         0.000
 SA             0.000         0.000         0.000         0.000         0.000
 IB             0.000         0.000         0.000         0.000         0.000
 SB             0.000         0.000         0.000         0.000         0.000
 A_02           0.000         0.000         0.000         0.000         0.000
 A_03           0.000         0.000         0.000         0.000         0.000
 A_04           0.000         0.000         0.000         0.000         0.000
 A_05           0.000         0.000         0.000         0.000         0.000
 A_06           0.000         0.000         0.000         0.000         0.000
 B_02           0.000         0.000         0.000         0.000         0.000
 B_03           0.000         0.000         0.000         0.000         0.000
 B_04           0.000         0.000         0.000         0.000         0.000
 B_05           0.000         0.000         0.000         0.000         0.000
 B_06           0.000         0.000         0.000         0.000         0.000
 A_01           0.000         0.000         0.000         0.000         0.000
 B_01           0.000         0.000         0.000         0.000         0.000


           BETA
              B_03          B_04          B_05          B_06          A_01
              ________      ________      ________      ________      ________
 IA             0.000         0.000         0.000         0.000         0.000
 SA             0.000         0.000         0.000         0.000         0.000
 IB             0.000         0.000         0.000         0.000         0.000
 SB             0.000         0.000         0.000         0.000         0.000
 A_02           0.000         0.000         0.000         0.000         0.000
 A_03           0.000         0.000         0.000         0.000         0.000
 A_04           0.000         0.000         0.000         0.000         0.000
 A_05           0.000         0.000         0.000         0.000         0.000
 A_06           0.000         0.000         0.000         0.000         0.000
 B_02           0.000         0.000         0.000         0.000         0.000
 B_03           0.000         0.000         0.000         0.000         0.000
 B_04           0.000         0.000         0.000         0.000         0.000
 B_05           0.000         0.000         0.000         0.000         0.000
 B_06           0.000         0.000         0.000         0.000         0.000
 A_01           0.000         0.000         0.000         0.000         0.000
 B_01           0.000         0.000         0.000         0.000         0.000


           BETA
              B_01
              ________
 IA             0.000
 SA             0.000
 IB             0.000
 SB             0.000
 A_02           0.000
 A_03           0.000
 A_04           0.000
 A_05           0.000
 A_06           0.000
 B_02           0.000
 B_03           0.000
 B_04           0.000
 B_05           0.000
 B_06           0.000
 A_01           0.000
 B_01           0.000


           PSI
              IA            SA            IB            SB            A_02
              ________      ________      ________      ________      ________
 IA             0.050
 SA             0.000         0.000
 IB             0.000         0.000         0.050
 SB             0.000         0.000         0.000         0.050
 A_02           0.000         0.000         0.000         0.000         0.327
 A_03           0.000         0.000         0.000         0.000         0.000
 A_04           0.000         0.000         0.000         0.000         0.000
 A_05           0.000         0.000         0.000         0.000         0.000
 A_06           0.000         0.000         0.000         0.000         0.000
 B_02           0.000         0.000         0.000         0.000         0.000
 B_03           0.000         0.000         0.000         0.000         0.000
 B_04           0.000         0.000         0.000         0.000         0.000
 B_05           0.000         0.000         0.000         0.000         0.000
 B_06           0.000         0.000         0.000         0.000         0.000
 A_01           0.000         0.000         0.000         0.000         0.000
 B_01           0.000         0.000         0.000         0.000         0.000


           PSI
              A_03          A_04          A_05          A_06          B_02
              ________      ________      ________      ________      ________
 A_03           0.391
 A_04           0.000         0.605
 A_05           0.000         0.000         0.675
 A_06           0.000         0.000         0.000         0.875
 B_02           0.000         0.000         0.000         0.000         1.155
 B_03           0.000         0.000         0.000         0.000         0.000
 B_04           0.000         0.000         0.000         0.000         0.000
 B_05           0.000         0.000         0.000         0.000         0.000
 B_06           0.000         0.000         0.000         0.000         0.000
 A_01           0.000         0.000         0.000         0.000         0.000
 B_01           0.000         0.000         0.000         0.000         0.000


           PSI
              B_03          B_04          B_05          B_06          A_01
              ________      ________      ________      ________      ________
 B_03           1.277
 B_04           0.000         1.216
 B_05           0.000         0.000         1.271
 B_06           0.000         0.000         0.000         1.292
 A_01           0.000         0.000         0.000         0.000         0.312
 B_01           0.000         0.000         0.000         0.000         0.000


           PSI
              B_01
              ________
 B_01           1.169


     Beginning Time:  21:05:08
        Ending Time:  21:09:52
       Elapsed Time:  00:04:44



MUTHEN & MUTHEN
3463 Stoner Ave.
Los Angeles, CA  90066

Tel: (310) 391-9971
Fax: (310) 391-8971
Web: www.StatModel.com
Support: Support@StatModel.com

Copyright (c) 1998-2015 Muthen & Muthen
