Mplus VERSION 7.4 (Mac)
MUTHEN & MUTHEN
10/10/2017   7:29 PM

INPUT INSTRUCTIONS

  TITLE:
  3 - Predetermined ALT, fixed time specific correlations
  DATA:
  File = wide-dataset-b.dat;
  VARIABLE:
  NAMES are
   id hhid male birthyr_rand birthmo_rand race_rand hispanic_rand cohort
      raedyrs raedegrm memoryproblems_baseline memory_disease_ever age_baseline
      age_baseline_65 health_conditions_baseline healthcond_mean activity_mean_2004
      activity_mean_2006 activity_mean_2008 activity_mean_2010 activity_mean_2012
      activity_mean_2014 activity_sum_2004 activity_sum_2006 activity_sum_2008
      activity_sum_2010 activity_sum_2012 activity_sum_2014 close_social_network_2004
      close_social_network_2006 close_social_network_2008 close_social_network_2010
      close_social_network_2012 close_social_network_2014 countb20r_2004
      countb20r_2006 countb20r_2008 countb20r_2010 countb20r_2012 countb20r_2014
      crp_adj_2004 crp_adj_2006 crp_adj_2008 crp_adj_2010 crp_adj_2012 crp_adj_2014
      dep_total_2004 dep_total_2006 dep_total_2008 dep_total_2010 dep_total_2012
      dep_total_2014 exercise_2004 exercise_2006 exercise_2008 exercise_2010
      exercise_2012 exercise_2014 healthcond_2004 healthcond_2006 healthcond_2008
      healthcond_2010 healthcond_2012 healthcond_2014 hhres_2004 hhres_2006
      hhres_2008 hhres_2010 hhres_2012 hhres_2014 hrs_tscore_2004 hrs_tscore_2006
      hrs_tscore_2008 hrs_tscore_2010 hrs_tscore_2012 hrs_tscore_2014 intage_r_2004
      intage_r_2006 intage_r_2008 intage_r_2010 intage_r_2012 intage_r_2014
      interview_date_2004 interview_date_2006 interview_date_2008 interview_date_2010
      interview_date_2012 interview_date_2014 lb_65_wave_2004 lb_65_wave_2006
      lb_65_wave_2008 lb_65_wave_2010 lb_65_wave_2012 lb_65_wave_2014 lb_wave_2004
      lb_wave_2006 lb_wave_2008 lb_wave_2010 lb_wave_2012 lb_wave_2014 listassi_2004
      listassi_2006 listassi_2008 listassi_2010 listassi_2012 listassi_2014
      mentalstatus_tot_2004 mentalstatus_tot_2006 mentalstatus_tot_2008
      mentalstatus_tot_2010 mentalstatus_tot_2012 mentalstatus_tot_2014 proxy_2004
      proxy_2006 proxy_2008 proxy_2010 proxy_2012 proxy_2014 responded_2004
      responded_2006 responded_2008 responded_2010 responded_2012 responded_2014
      rmaritalst_2004 rmaritalst_2006 rmaritalst_2008 rmaritalst_2010 rmaritalst_2012
      rmaritalst_2014 rpartst_2004 rpartst_2006 rpartst_2008 rpartst_2010
      rpartst_2012 rpartst_2014 score_loneliness_11_2004 score_loneliness_11_2006
      score_loneliness_11_2008 score_loneliness_11_2010 score_loneliness_11_2012
      score_loneliness_11_2014 score_loneliness_3_2004 score_loneliness_3_2006
      score_loneliness_3_2008 score_loneliness_3_2010 score_loneliness_3_2012
      score_loneliness_3_2014 shhidpnr_2004 shhidpnr_2006 shhidpnr_2008 shhidpnr_2010
      shhidpnr_2012 shhidpnr_2014 snchild_2004 snchild_2006 snchild_2008 snchild_2010
      snchild_2012 snchild_2014 snfamily_2004 snfamily_2006 snfamily_2008
      snfamily_2010 snfamily_2012 snfamily_2014 snfriends_2004 snfriends_2006
      snfriends_2008 snfriends_2010 snfriends_2012 snfriends_2014 snspouse_2004
      snspouse_2006 snspouse_2008 snspouse_2010 snspouse_2012 snspouse_2014
      social_contact_total_2004 social_contact_total_2006 social_contact_total_2008
      social_contact_total_2010 social_contact_total_2012 social_contact_total_2014
      social_strain_mean_2004 social_strain_mean_2006 social_strain_mean_2008
      social_strain_mean_2010 social_strain_mean_2012 social_strain_mean_2014
      social_support_mean_2004 social_support_mean_2006 social_support_mean_2008
      social_support_mean_2010 social_support_mean_2012 social_support_mean_2014
      socialnetwork_total_2004 socialnetwork_total_2006 socialnetwork_total_2008
      socialnetwork_total_2010 socialnetwork_total_2012 socialnetwork_total_2014
      srmemory_2004 srmemory_2006 srmemory_2008 srmemory_2010 srmemory_2012
      srmemory_2014 srmemoryp_2004 srmemoryp_2006 srmemoryp_2008 srmemoryp_2010
      srmemoryp_2012 srmemoryp_2014 vocab_total_2004 vocab_total_2006 vocab_total_2008
      vocab_total_2010 vocab_total_2012 vocab_total_2014 wrectotd_2004 wrectotd_2006
      wrectotd_2008 wrectotd_2010 wrectotd_2012 wrectotd_2014 wrectoti_2004
      wrectoti_2006 wrectoti_2008 wrectoti_2010 wrectoti_2012 wrectoti_2014
  	;
  Missing are all(9999);
  USEVARIABLES are
  	!define the variables used in the analysis
  	!estimated time points
  a_01
  a_02
  a_03
  a_04
  a_05
  a_06
  	!modelled time points of process (B)
  b_01
  b_02
  b_03
  b_04
  b_05
  b_06
  	! covariates used in the model
  	;
  SUBPOPULATION are
  	!select a subset of observations
  age_baseline > 64 AND
  memory_disease_ever EQ 0
  ;
  CLUSTER = hhid;
  DEFINE:
    ! centre baseline age
  a = age_baseline - 69;
  	! assign variables to the process (A)
  a_01=mentalstatus_tot_2004;
  a_02=mentalstatus_tot_2006;
  a_03=mentalstatus_tot_2008;
  a_04=mentalstatus_tot_2010;
  a_05=mentalstatus_tot_2012;
  a_06=mentalstatus_tot_2014;
  	! assign variables to the process (B)
  b_01=social_support_mean_2004;
  b_02=social_support_mean_2006;
  b_03=social_support_mean_2008;
  b_04=social_support_mean_2010;
  b_05=social_support_mean_2012;
  b_06=social_support_mean_2014;
  ANALYSIS:
  TYPE = COMPLEX RANDOM;
  ALGORITHM=INTEGRATION;
  model=nocovariances;
  COVERAGE=.00;
  H1ITERATIONS = 10000;
  MODEL:
  	!LGM part
  	! assign process (A) to time points
  ia BY a_02@1 a_03@1 a_04@1 a_05@1 a_06@1;
  sa BY a_02@1 a_03@2 a_04@3 a_05@4 a_06@5;
  	! assign process (B) to time points
  ib BY b_02@1 b_03@1 b_04@1 b_05@1 b_06@1;
  sb BY b_02@1 b_03@2 b_04@3 b_05@4 b_06@5;
  !autoregressive part
  a_01 a_02 a_03 a_04 a_05 a_06;
  a_02 ON a_01;
  a_03 ON a_02;
  a_04 ON a_03;
  a_05 ON a_04;
  a_06 ON a_05;
  b_01 b_02 b_03 b_04 b_05 b_06;
  b_02 ON b_01;
  b_03 ON b_02;
  b_04 ON b_03;
  b_05 ON b_04;
  b_06 ON b_05;
  !Cross lagged part
  a_02 ON b_01;
  a_03 ON b_02;
  a_04 ON b_03;
  a_05 ON b_04;
  a_06 ON b_05;
  b_02 ON a_01;
  b_03 ON a_02;
  b_04 ON a_03;
  b_05 ON a_04;
  b_06 ON a_05;
  ia;
  sa;
  ib;
  sb;
  !correlations between the first measurement points
  ia with sa;
  ib with sb;
  ia with a_01;
  sa with a_01;
  ib with b_01;
  sb with b_01;
  ia with ib;
  sa with sb;
  ! Time specific correlations
  b_02 WITH a_02(1);
  b_03 WITH a_03(1);
  b_04 WITH a_04(1);
  b_05 WITH a_05(1);
  b_06 WITH a_06(1);
  [a_02@0 a_03@0 a_04@0 a_05@0 a_06@0];
  [b_02@0 b_03@0 b_04@0 b_05@0 b_06@0];
  [ia];
  [ib];
  [sa];
  [sb];
  [a_01];
  [b_01];
  	
  OUTPUT: SAMPSTAT MODINDICES (3.0); TECH1; TECH4;



*** WARNING in OUTPUT command
  MODINDICES option is not available for ALGORITHM=INTEGRATION.
  Request for MODINDICES is ignored.
   1 WARNING(S) FOUND IN THE INPUT INSTRUCTIONS




3 - Predetermined ALT, fixed time specific correlations

SUMMARY OF ANALYSIS

Number of groups                                                 1
Number of observations                                        5952

Number of dependent variables                                   10
Number of independent variables                                  2
Number of continuous latent variables                            4

Observed dependent variables

  Continuous
   A_02        A_03        A_04        A_05        A_06        B_02
   B_03        B_04        B_05        B_06

Observed independent variables
   A_01        B_01

Continuous latent variables
   IA          SA          IB          SB

Variables with special functions

  Cluster variable      HHID

Estimator                                                      MLR
Information matrix                                        OBSERVED
Optimization Specifications for the Quasi-Newton Algorithm for
Continuous Outcomes
  Maximum number of iterations                                 100
  Convergence criterion                                  0.100D-05
Optimization Specifications for the EM Algorithm
  Maximum number of iterations                                 500
  Convergence criteria
    Loglikelihood change                                 0.100D-02
    Relative loglikelihood change                        0.100D-05
    Derivative                                           0.100D-02
Optimization Specifications for the M step of the EM Algorithm for
Categorical Latent variables
  Number of M step iterations                                    1
  M step convergence criterion                           0.100D-02
  Basis for M step termination                           ITERATION
Optimization Specifications for the M step of the EM Algorithm for
Censored, Binary or Ordered Categorical (Ordinal), Unordered
Categorical (Nominal) and Count Outcomes
  Number of M step iterations                                    1
  M step convergence criterion                           0.100D-02
  Basis for M step termination                           ITERATION
  Maximum value for logit thresholds                            15
  Minimum value for logit thresholds                           -15
  Minimum expected cell size for chi-square              0.100D-01
Maximum number of iterations for H1                          10000
Convergence criterion for H1                             0.100D-03
Optimization algorithm                                         EMA
Integration Specifications
  Type                                                    STANDARD
  Number of integration points                                  15
  Dimensions of numerical integration                            0
  Adaptive quadrature                                           ON
Cholesky                                                       OFF

Input data file(s)
  wide-dataset-b.dat
Input data format  FREE


SUMMARY OF DATA

     Number of missing data patterns           259
     Number of clusters        4882



SAMPLE STATISTICS


     ESTIMATED SAMPLE STATISTICS


           Means
              A_02          A_03          A_04          A_05          A_06
              ________      ________      ________      ________      ________
 1              8.507         8.438         8.051         8.029         7.861


           Means
              B_02          B_03          B_04          B_05          B_06
              ________      ________      ________      ________      ________
 1              9.576         9.557         9.582         9.607         9.577


           Means
              A_01          B_01
              ________      ________
 1              8.517         9.778


           Covariances
              A_02          A_03          A_04          A_05          A_06
              ________      ________      ________      ________      ________
 A_02           0.660
 A_03           0.351         0.789
 A_04           0.385         0.457         1.239
 A_05           0.400         0.494         0.784         1.442
 A_06           0.427         0.521         0.845         1.064         1.943
 B_02           0.025         0.052        -0.029        -0.004        -0.047
 B_03          -0.010         0.027        -0.017        -0.037         0.002
 B_04           0.004         0.045        -0.017         0.002        -0.002
 B_05           0.004        -0.003        -0.019         0.019         0.000
 B_06          -0.031         0.027        -0.063        -0.041        -0.068
 A_01           0.329         0.343         0.366         0.392         0.399
 B_01           0.046         0.085         0.023        -0.034        -0.042


           Covariances
              B_02          B_03          B_04          B_05          B_06
              ________      ________      ________      ________      ________
 B_02           2.328
 B_03           0.914         2.544
 B_04           1.400         0.839         2.461
 B_05           0.688         1.550         0.644         2.559
 B_06           1.373         0.788         1.487         0.597         2.641
 A_01          -0.016        -0.012        -0.035        -0.009        -0.005
 B_01           1.572         1.441         1.426         1.067         1.386


           Covariances
              A_01          B_01
              ________      ________
 A_01           0.632
 B_01           0.012         2.355


           Correlations
              A_02          A_03          A_04          A_05          A_06
              ________      ________      ________      ________      ________
 A_02           1.000
 A_03           0.487         1.000
 A_04           0.425         0.462         1.000
 A_05           0.410         0.463         0.587         1.000
 A_06           0.377         0.421         0.545         0.636         1.000
 B_02           0.020         0.038        -0.017        -0.002        -0.022
 B_03          -0.008         0.019        -0.010        -0.019         0.001
 B_04           0.003         0.032        -0.010         0.001        -0.001
 B_05           0.003        -0.002        -0.011         0.010         0.000
 B_06          -0.024         0.019        -0.035        -0.021        -0.030
 A_01           0.510         0.486         0.414         0.411         0.360
 B_01           0.037         0.062         0.013        -0.018        -0.020


           Correlations
              B_02          B_03          B_04          B_05          B_06
              ________      ________      ________      ________      ________
 B_02           1.000
 B_03           0.375         1.000
 B_04           0.585         0.335         1.000
 B_05           0.282         0.608         0.257         1.000
 B_06           0.554         0.304         0.583         0.230         1.000
 A_01          -0.013        -0.009        -0.028        -0.007        -0.004
 B_01           0.672         0.589         0.592         0.435         0.556


           Correlations
              A_01          B_01
              ________      ________
 A_01           1.000
 B_01           0.009         1.000


     MAXIMUM LOG-LIKELIHOOD VALUE FOR THE UNRESTRICTED (H1) MODEL IS -63571.594


UNIVARIATE SAMPLE STATISTICS


     UNIVARIATE HIGHER-ORDER MOMENT DESCRIPTIVE STATISTICS

         Variable/         Mean/     Skewness/   Minimum/ % with                Percentiles
        Sample Size      Variance    Kurtosis    Maximum  Min/Max      20%/60%    40%/80%    Median

     A_02                  8.511      -2.361       1.000    0.02%       8.000      9.000      9.000
            5688.000       0.654       8.721       9.000   64.64%       9.000      9.000
     A_03                  8.443      -2.238       1.000    0.02%       8.000      9.000      9.000
            5784.000       0.783       7.416       9.000   61.91%       9.000      9.000
     A_04                  8.065      -1.739       0.000    0.02%       7.000      8.000      8.000
            5680.000       1.209       4.575       9.000   41.95%       9.000      9.000
     A_05                  8.085      -1.899       0.000    0.04%       7.000      8.000      8.000
            5132.000       1.350       5.356       9.000   45.93%       9.000      9.000
     A_06                  7.967      -2.016       0.000    0.07%       7.000      8.000      8.000
            4423.000       1.750       5.505       9.000   43.55%       9.000      9.000
     B_02                  9.578      -0.541       3.000    0.11%       8.333      9.250      9.667
            2787.000       2.311       0.122      12.000    5.63%      10.000     11.000
     B_03                  9.558      -0.590       3.000    0.07%       8.250      9.250      9.667
            2737.000       2.553       0.220      12.000    6.94%      10.000     11.000
     B_04                  9.580      -0.584       3.000    0.04%       8.250      9.333      9.750
            2646.000       2.432       0.067      12.000    6.20%      10.250     11.000
     B_05                  9.610      -0.664       3.000    0.04%       8.333      9.333      9.750
            2235.000       2.541       0.256      12.000    6.67%      10.250     11.000
     B_06                  9.579      -0.596       3.000    0.15%       8.250      9.333      9.667
            2031.000       2.584       0.117      12.000    7.04%      10.250     11.000
     A_01                  8.527      -2.114       2.000    0.02%       8.000      9.000      9.000
            5486.000       0.624       5.952       9.000   66.11%       9.000      9.000
     B_01                  9.811      -0.654       4.333    0.09%       8.500      9.667     10.000
            1061.000       2.338       0.097      12.000    8.48%      10.333     11.250


THE MODEL ESTIMATION TERMINATED NORMALLY

     WARNING:  THE LATENT VARIABLE COVARIANCE MATRIX (PSI) IS NOT POSITIVE
     DEFINITE.  THIS COULD INDICATE A NEGATIVE VARIANCE/RESIDUAL VARIANCE FOR A
     LATENT VARIABLE, A CORRELATION GREATER OR EQUAL TO ONE BETWEEN TWO LATENT
     VARIABLES, OR A LINEAR DEPENDENCY AMONG MORE THAN TWO LATENT VARIABLES.
     CHECK THE TECH4 OUTPUT FOR MORE INFORMATION.



MODEL FIT INFORMATION

Number of Free Parameters                       51

Loglikelihood

          H0 Value                      -63619.311
          H0 Scaling Correction Factor      1.6331
            for MLR

Information Criteria

          Akaike (AIC)                  127340.622
          Bayesian (BIC)                127681.888
          Sample-Size Adjusted BIC      127519.824
            (n* = (n + 2) / 24)



MODEL RESULTS

                                                    Two-Tailed
                    Estimate       S.E.  Est./S.E.    P-Value

 IA       BY
    A_02               1.000      0.000    999.000    999.000
    A_03               1.000      0.000    999.000    999.000
    A_04               1.000      0.000    999.000    999.000
    A_05               1.000      0.000    999.000    999.000
    A_06               1.000      0.000    999.000    999.000

 SA       BY
    A_02               1.000      0.000    999.000    999.000
    A_03               2.000      0.000    999.000    999.000
    A_04               3.000      0.000    999.000    999.000
    A_05               4.000      0.000    999.000    999.000
    A_06               5.000      0.000    999.000    999.000

 IB       BY
    B_02               1.000      0.000    999.000    999.000
    B_03               1.000      0.000    999.000    999.000
    B_04               1.000      0.000    999.000    999.000
    B_05               1.000      0.000    999.000    999.000
    B_06               1.000      0.000    999.000    999.000

 SB       BY
    B_02               1.000      0.000    999.000    999.000
    B_03               2.000      0.000    999.000    999.000
    B_04               3.000      0.000    999.000    999.000
    B_05               4.000      0.000    999.000    999.000
    B_06               5.000      0.000    999.000    999.000

 A_02       ON
    A_01              -0.037      0.033     -1.106      0.269
    B_01               0.016      0.011      1.491      0.136

 A_03       ON
    A_02              -0.002      0.025     -0.096      0.923
    B_02               0.033      0.009      3.588      0.000

 A_04       ON
    A_03               0.054      0.021      2.596      0.009
    B_03              -0.003      0.010     -0.247      0.805

 A_05       ON
    A_04               0.121      0.031      3.904      0.000
    B_04              -0.004      0.013     -0.309      0.757

 A_06       ON
    A_05               0.151      0.046      3.282      0.001
    B_05               0.008      0.018      0.421      0.673

 B_02       ON
    B_01               0.240      0.178      1.349      0.177
    A_01              -0.026      0.036     -0.723      0.470

 B_03       ON
    B_02               0.455      0.142      3.194      0.001
    A_02              -0.044      0.035     -1.258      0.208

 B_04       ON
    B_03               0.610      0.129      4.734      0.000
    A_03               0.007      0.034      0.218      0.827

 B_05       ON
    B_04               0.818      0.196      4.170      0.000
    A_04              -0.005      0.028     -0.191      0.848

 B_06       ON
    B_05               1.034      0.290      3.564      0.000
    A_05              -0.035      0.038     -0.920      0.357

 IA       WITH
    SA                -0.038      0.011     -3.433      0.001
    A_01               0.353      0.035     10.206      0.000
    IB                -0.007      0.009     -0.800      0.424

 IB       WITH
    SB                -0.116      0.205     -0.566      0.571
    B_01               1.283      0.526      2.442      0.015

 SA       WITH
    A_01              -0.002      0.009     -0.254      0.799
    SB                 0.000      0.001      0.250      0.803

 SB       WITH
    B_01              -0.274      0.162     -1.686      0.092

 B_02     WITH
    A_02               0.014      0.012      1.149      0.250

 B_03     WITH
    A_03               0.014      0.012      1.149      0.250

 B_04     WITH
    A_04               0.014      0.012      1.149      0.250

 B_05     WITH
    A_05               0.014      0.012      1.149      0.250

 B_06     WITH
    A_06               0.014      0.012      1.149      0.250

 Means
    A_01               8.517      0.011    762.637      0.000
    B_01               9.780      0.040    245.287      0.000
    IA                 9.186      0.433     21.206      0.000
    SA                -0.522      0.147     -3.541      0.000
    IB                 9.333      2.587      3.608      0.000
    SB                -1.881      0.943     -1.994      0.046

 Intercepts
    A_02               0.000      0.000    999.000    999.000
    A_03               0.000      0.000    999.000    999.000
    A_04               0.000      0.000    999.000    999.000
    A_05               0.000      0.000    999.000    999.000
    A_06               0.000      0.000    999.000    999.000
    B_02               0.000      0.000    999.000    999.000
    B_03               0.000      0.000    999.000    999.000
    B_04               0.000      0.000    999.000    999.000
    B_05               0.000      0.000    999.000    999.000
    B_06               0.000      0.000    999.000    999.000

 Variances
    A_01               0.632      0.024     25.879      0.000
    B_01               2.368      0.096     24.710      0.000
    IA                 0.410      0.060      6.798      0.000
    SA                 0.035      0.005      7.063      0.000
    IB                 0.771      0.824      0.935      0.350
    SB                -0.012      0.045     -0.275      0.783

 Residual Variances
    A_02               0.309      0.022     14.209      0.000
    A_03               0.415      0.017     24.802      0.000
    A_04               0.659      0.028     23.297      0.000
    A_05               0.600      0.037     16.358      0.000
    A_06               0.745      0.045     16.641      0.000
    B_02               1.167      0.159      7.335      0.000
    B_03               1.298      0.148      8.746      0.000
    B_04               1.166      0.135      8.631      0.000
    B_05               1.589      0.333      4.769      0.000
    B_06               2.347      0.916      2.564      0.010


QUALITY OF NUMERICAL RESULTS

     Condition Number for the Information Matrix              0.627E-07
       (ratio of smallest to largest eigenvalue)


TECHNICAL 1 OUTPUT


     PARAMETER SPECIFICATION


           NU
              A_02          A_03          A_04          A_05          A_06
              ________      ________      ________      ________      ________
 1                  0             0             0             0             0


           NU
              B_02          B_03          B_04          B_05          B_06
              ________      ________      ________      ________      ________
 1                  0             0             0             0             0


           NU
              A_01          B_01
              ________      ________
 1                  0             0


           LAMBDA
              IA            SA            IB            SB            A_02
              ________      ________      ________      ________      ________
 A_02               0             0             0             0             0
 A_03               0             0             0             0             0
 A_04               0             0             0             0             0
 A_05               0             0             0             0             0
 A_06               0             0             0             0             0
 B_02               0             0             0             0             0
 B_03               0             0             0             0             0
 B_04               0             0             0             0             0
 B_05               0             0             0             0             0
 B_06               0             0             0             0             0
 A_01               0             0             0             0             0
 B_01               0             0             0             0             0


           LAMBDA
              A_03          A_04          A_05          A_06          B_02
              ________      ________      ________      ________      ________
 A_02               0             0             0             0             0
 A_03               0             0             0             0             0
 A_04               0             0             0             0             0
 A_05               0             0             0             0             0
 A_06               0             0             0             0             0
 B_02               0             0             0             0             0
 B_03               0             0             0             0             0
 B_04               0             0             0             0             0
 B_05               0             0             0             0             0
 B_06               0             0             0             0             0
 A_01               0             0             0             0             0
 B_01               0             0             0             0             0


           LAMBDA
              B_03          B_04          B_05          B_06          A_01
              ________      ________      ________      ________      ________
 A_02               0             0             0             0             0
 A_03               0             0             0             0             0
 A_04               0             0             0             0             0
 A_05               0             0             0             0             0
 A_06               0             0             0             0             0
 B_02               0             0             0             0             0
 B_03               0             0             0             0             0
 B_04               0             0             0             0             0
 B_05               0             0             0             0             0
 B_06               0             0             0             0             0
 A_01               0             0             0             0             0
 B_01               0             0             0             0             0


           LAMBDA
              B_01
              ________
 A_02               0
 A_03               0
 A_04               0
 A_05               0
 A_06               0
 B_02               0
 B_03               0
 B_04               0
 B_05               0
 B_06               0
 A_01               0
 B_01               0


           THETA
              A_02          A_03          A_04          A_05          A_06
              ________      ________      ________      ________      ________
 A_02               0
 A_03               0             0
 A_04               0             0             0
 A_05               0             0             0             0
 A_06               0             0             0             0             0
 B_02               0             0             0             0             0
 B_03               0             0             0             0             0
 B_04               0             0             0             0             0
 B_05               0             0             0             0             0
 B_06               0             0             0             0             0
 A_01               0             0             0             0             0
 B_01               0             0             0             0             0


           THETA
              B_02          B_03          B_04          B_05          B_06
              ________      ________      ________      ________      ________
 B_02               0
 B_03               0             0
 B_04               0             0             0
 B_05               0             0             0             0
 B_06               0             0             0             0             0
 A_01               0             0             0             0             0
 B_01               0             0             0             0             0


           THETA
              A_01          B_01
              ________      ________
 A_01               0
 B_01               0             0


           ALPHA
              IA            SA            IB            SB            A_02
              ________      ________      ________      ________      ________
 1                  1             2             3             4             0


           ALPHA
              A_03          A_04          A_05          A_06          B_02
              ________      ________      ________      ________      ________
 1                  0             0             0             0             0


           ALPHA
              B_03          B_04          B_05          B_06          A_01
              ________      ________      ________      ________      ________
 1                  0             0             0             0             5


           ALPHA
              B_01
              ________
 1                  6


           BETA
              IA            SA            IB            SB            A_02
              ________      ________      ________      ________      ________
 IA                 0             0             0             0             0
 SA                 0             0             0             0             0
 IB                 0             0             0             0             0
 SB                 0             0             0             0             0
 A_02               0             0             0             0             0
 A_03               0             0             0             0             9
 A_04               0             0             0             0             0
 A_05               0             0             0             0             0
 A_06               0             0             0             0             0
 B_02               0             0             0             0             0
 B_03               0             0             0             0            19
 B_04               0             0             0             0             0
 B_05               0             0             0             0             0
 B_06               0             0             0             0             0
 A_01               0             0             0             0             0
 B_01               0             0             0             0             0


           BETA
              A_03          A_04          A_05          A_06          B_02
              ________      ________      ________      ________      ________
 IA                 0             0             0             0             0
 SA                 0             0             0             0             0
 IB                 0             0             0             0             0
 SB                 0             0             0             0             0
 A_02               0             0             0             0             0
 A_03               0             0             0             0            10
 A_04              11             0             0             0             0
 A_05               0            13             0             0             0
 A_06               0             0            15             0             0
 B_02               0             0             0             0             0
 B_03               0             0             0             0            20
 B_04              21             0             0             0             0
 B_05               0            23             0             0             0
 B_06               0             0            25             0             0
 A_01               0             0             0             0             0
 B_01               0             0             0             0             0


           BETA
              B_03          B_04          B_05          B_06          A_01
              ________      ________      ________      ________      ________
 IA                 0             0             0             0             0
 SA                 0             0             0             0             0
 IB                 0             0             0             0             0
 SB                 0             0             0             0             0
 A_02               0             0             0             0             7
 A_03               0             0             0             0             0
 A_04              12             0             0             0             0
 A_05               0            14             0             0             0
 A_06               0             0            16             0             0
 B_02               0             0             0             0            17
 B_03               0             0             0             0             0
 B_04              22             0             0             0             0
 B_05               0            24             0             0             0
 B_06               0             0            26             0             0
 A_01               0             0             0             0             0
 B_01               0             0             0             0             0


           BETA
              B_01
              ________
 IA                 0
 SA                 0
 IB                 0
 SB                 0
 A_02               8
 A_03               0
 A_04               0
 A_05               0
 A_06               0
 B_02              18
 B_03               0
 B_04               0
 B_05               0
 B_06               0
 A_01               0
 B_01               0


           PSI
              IA            SA            IB            SB            A_02
              ________      ________      ________      ________      ________
 IA                27
 SA                28            29
 IB                30             0            31
 SB                 0            32            33            34
 A_02               0             0             0             0            35
 A_03               0             0             0             0             0
 A_04               0             0             0             0             0
 A_05               0             0             0             0             0
 A_06               0             0             0             0             0
 B_02               0             0             0             0            40
 B_03               0             0             0             0             0
 B_04               0             0             0             0             0
 B_05               0             0             0             0             0
 B_06               0             0             0             0             0
 A_01              46            47             0             0             0
 B_01               0             0            49            50             0


           PSI
              A_03          A_04          A_05          A_06          B_02
              ________      ________      ________      ________      ________
 A_03              36
 A_04               0            37
 A_05               0             0            38
 A_06               0             0             0            39
 B_02               0             0             0             0            41
 B_03              40             0             0             0             0
 B_04               0            40             0             0             0
 B_05               0             0            40             0             0
 B_06               0             0             0            40             0
 A_01               0             0             0             0             0
 B_01               0             0             0             0             0


           PSI
              B_03          B_04          B_05          B_06          A_01
              ________      ________      ________      ________      ________
 B_03              42
 B_04               0            43
 B_05               0             0            44
 B_06               0             0             0            45
 A_01               0             0             0             0            48
 B_01               0             0             0             0             0


           PSI
              B_01
              ________
 B_01              51


     STARTING VALUES


           NU
              A_02          A_03          A_04          A_05          A_06
              ________      ________      ________      ________      ________
 1              0.000         0.000         0.000         0.000         0.000


           NU
              B_02          B_03          B_04          B_05          B_06
              ________      ________      ________      ________      ________
 1              0.000         0.000         0.000         0.000         0.000


           NU
              A_01          B_01
              ________      ________
 1              0.000         0.000


           LAMBDA
              IA            SA            IB            SB            A_02
              ________      ________      ________      ________      ________
 A_02           0.000         0.000         0.000         0.000         1.000
 A_03           0.000         0.000         0.000         0.000         0.000
 A_04           0.000         0.000         0.000         0.000         0.000
 A_05           0.000         0.000         0.000         0.000         0.000
 A_06           0.000         0.000         0.000         0.000         0.000
 B_02           0.000         0.000         0.000         0.000         0.000
 B_03           0.000         0.000         0.000         0.000         0.000
 B_04           0.000         0.000         0.000         0.000         0.000
 B_05           0.000         0.000         0.000         0.000         0.000
 B_06           0.000         0.000         0.000         0.000         0.000
 A_01           0.000         0.000         0.000         0.000         0.000
 B_01           0.000         0.000         0.000         0.000         0.000


           LAMBDA
              A_03          A_04          A_05          A_06          B_02
              ________      ________      ________      ________      ________
 A_02           0.000         0.000         0.000         0.000         0.000
 A_03           1.000         0.000         0.000         0.000         0.000
 A_04           0.000         1.000         0.000         0.000         0.000
 A_05           0.000         0.000         1.000         0.000         0.000
 A_06           0.000         0.000         0.000         1.000         0.000
 B_02           0.000         0.000         0.000         0.000         1.000
 B_03           0.000         0.000         0.000         0.000         0.000
 B_04           0.000         0.000         0.000         0.000         0.000
 B_05           0.000         0.000         0.000         0.000         0.000
 B_06           0.000         0.000         0.000         0.000         0.000
 A_01           0.000         0.000         0.000         0.000         0.000
 B_01           0.000         0.000         0.000         0.000         0.000


           LAMBDA
              B_03          B_04          B_05          B_06          A_01
              ________      ________      ________      ________      ________
 A_02           0.000         0.000         0.000         0.000         0.000
 A_03           0.000         0.000         0.000         0.000         0.000
 A_04           0.000         0.000         0.000         0.000         0.000
 A_05           0.000         0.000         0.000         0.000         0.000
 A_06           0.000         0.000         0.000         0.000         0.000
 B_02           0.000         0.000         0.000         0.000         0.000
 B_03           1.000         0.000         0.000         0.000         0.000
 B_04           0.000         1.000         0.000         0.000         0.000
 B_05           0.000         0.000         1.000         0.000         0.000
 B_06           0.000         0.000         0.000         1.000         0.000
 A_01           0.000         0.000         0.000         0.000         1.000
 B_01           0.000         0.000         0.000         0.000         0.000


           LAMBDA
              B_01
              ________
 A_02           0.000
 A_03           0.000
 A_04           0.000
 A_05           0.000
 A_06           0.000
 B_02           0.000
 B_03           0.000
 B_04           0.000
 B_05           0.000
 B_06           0.000
 A_01           0.000
 B_01           1.000


           THETA
              A_02          A_03          A_04          A_05          A_06
              ________      ________      ________      ________      ________
 A_02           0.000
 A_03           0.000         0.000
 A_04           0.000         0.000         0.000
 A_05           0.000         0.000         0.000         0.000
 A_06           0.000         0.000         0.000         0.000         0.000
 B_02           0.000         0.000         0.000         0.000         0.000
 B_03           0.000         0.000         0.000         0.000         0.000
 B_04           0.000         0.000         0.000         0.000         0.000
 B_05           0.000         0.000         0.000         0.000         0.000
 B_06           0.000         0.000         0.000         0.000         0.000
 A_01           0.000         0.000         0.000         0.000         0.000
 B_01           0.000         0.000         0.000         0.000         0.000


           THETA
              B_02          B_03          B_04          B_05          B_06
              ________      ________      ________      ________      ________
 B_02           0.000
 B_03           0.000         0.000
 B_04           0.000         0.000         0.000
 B_05           0.000         0.000         0.000         0.000
 B_06           0.000         0.000         0.000         0.000         0.000
 A_01           0.000         0.000         0.000         0.000         0.000
 B_01           0.000         0.000         0.000         0.000         0.000


           THETA
              A_01          B_01
              ________      ________
 A_01           0.000
 B_01           0.000         0.000


           ALPHA
              IA            SA            IB            SB            A_02
              ________      ________      ________      ________      ________
 1              0.000         0.000         0.000         0.000         0.000


           ALPHA
              A_03          A_04          A_05          A_06          B_02
              ________      ________      ________      ________      ________
 1              0.000         0.000         0.000         0.000         0.000


           ALPHA
              B_03          B_04          B_05          B_06          A_01
              ________      ________      ________      ________      ________
 1              0.000         0.000         0.000         0.000         8.527


           ALPHA
              B_01
              ________
 1              9.811


           BETA
              IA            SA            IB            SB            A_02
              ________      ________      ________      ________      ________
 IA             0.000         0.000         0.000         0.000         0.000
 SA             0.000         0.000         0.000         0.000         0.000
 IB             0.000         0.000         0.000         0.000         0.000
 SB             0.000         0.000         0.000         0.000         0.000
 A_02           1.000         1.000         0.000         0.000         0.000
 A_03           1.000         2.000         0.000         0.000         0.000
 A_04           1.000         3.000         0.000         0.000         0.000
 A_05           1.000         4.000         0.000         0.000         0.000
 A_06           1.000         5.000         0.000         0.000         0.000
 B_02           0.000         0.000         1.000         1.000         0.000
 B_03           0.000         0.000         1.000         2.000         0.000
 B_04           0.000         0.000         1.000         3.000         0.000
 B_05           0.000         0.000         1.000         4.000         0.000
 B_06           0.000         0.000         1.000         5.000         0.000
 A_01           0.000         0.000         0.000         0.000         0.000
 B_01           0.000         0.000         0.000         0.000         0.000


           BETA
              A_03          A_04          A_05          A_06          B_02
              ________      ________      ________      ________      ________
 IA             0.000         0.000         0.000         0.000         0.000
 SA             0.000         0.000         0.000         0.000         0.000
 IB             0.000         0.000         0.000         0.000         0.000
 SB             0.000         0.000         0.000         0.000         0.000
 A_02           0.000         0.000         0.000         0.000         0.000
 A_03           0.000         0.000         0.000         0.000         0.000
 A_04           0.000         0.000         0.000         0.000         0.000
 A_05           0.000         0.000         0.000         0.000         0.000
 A_06           0.000         0.000         0.000         0.000         0.000
 B_02           0.000         0.000         0.000         0.000         0.000
 B_03           0.000         0.000         0.000         0.000         0.000
 B_04           0.000         0.000         0.000         0.000         0.000
 B_05           0.000         0.000         0.000         0.000         0.000
 B_06           0.000         0.000         0.000         0.000         0.000
 A_01           0.000         0.000         0.000         0.000         0.000
 B_01           0.000         0.000         0.000         0.000         0.000


           BETA
              B_03          B_04          B_05          B_06          A_01
              ________      ________      ________      ________      ________
 IA             0.000         0.000         0.000         0.000         0.000
 SA             0.000         0.000         0.000         0.000         0.000
 IB             0.000         0.000         0.000         0.000         0.000
 SB             0.000         0.000         0.000         0.000         0.000
 A_02           0.000         0.000         0.000         0.000         0.000
 A_03           0.000         0.000         0.000         0.000         0.000
 A_04           0.000         0.000         0.000         0.000         0.000
 A_05           0.000         0.000         0.000         0.000         0.000
 A_06           0.000         0.000         0.000         0.000         0.000
 B_02           0.000         0.000         0.000         0.000         0.000
 B_03           0.000         0.000         0.000         0.000         0.000
 B_04           0.000         0.000         0.000         0.000         0.000
 B_05           0.000         0.000         0.000         0.000         0.000
 B_06           0.000         0.000         0.000         0.000         0.000
 A_01           0.000         0.000         0.000         0.000         0.000
 B_01           0.000         0.000         0.000         0.000         0.000


           BETA
              B_01
              ________
 IA             0.000
 SA             0.000
 IB             0.000
 SB             0.000
 A_02           0.000
 A_03           0.000
 A_04           0.000
 A_05           0.000
 A_06           0.000
 B_02           0.000
 B_03           0.000
 B_04           0.000
 B_05           0.000
 B_06           0.000
 A_01           0.000
 B_01           0.000


           PSI
              IA            SA            IB            SB            A_02
              ________      ________      ________      ________      ________
 IA             0.050
 SA             0.000         0.050
 IB             0.000         0.000         0.050
 SB             0.000         0.000         0.000         0.050
 A_02           0.000         0.000         0.000         0.000         0.327
 A_03           0.000         0.000         0.000         0.000         0.000
 A_04           0.000         0.000         0.000         0.000         0.000
 A_05           0.000         0.000         0.000         0.000         0.000
 A_06           0.000         0.000         0.000         0.000         0.000
 B_02           0.000         0.000         0.000         0.000         0.000
 B_03           0.000         0.000         0.000         0.000         0.000
 B_04           0.000         0.000         0.000         0.000         0.000
 B_05           0.000         0.000         0.000         0.000         0.000
 B_06           0.000         0.000         0.000         0.000         0.000
 A_01           0.000         0.000         0.000         0.000         0.000
 B_01           0.000         0.000         0.000         0.000         0.000


           PSI
              A_03          A_04          A_05          A_06          B_02
              ________      ________      ________      ________      ________
 A_03           0.391
 A_04           0.000         0.605
 A_05           0.000         0.000         0.675
 A_06           0.000         0.000         0.000         0.875
 B_02           0.000         0.000         0.000         0.000         1.155
 B_03           0.000         0.000         0.000         0.000         0.000
 B_04           0.000         0.000         0.000         0.000         0.000
 B_05           0.000         0.000         0.000         0.000         0.000
 B_06           0.000         0.000         0.000         0.000         0.000
 A_01           0.000         0.000         0.000         0.000         0.000
 B_01           0.000         0.000         0.000         0.000         0.000


           PSI
              B_03          B_04          B_05          B_06          A_01
              ________      ________      ________      ________      ________
 B_03           1.277
 B_04           0.000         1.216
 B_05           0.000         0.000         1.271
 B_06           0.000         0.000         0.000         1.292
 A_01           0.000         0.000         0.000         0.000         0.312
 B_01           0.000         0.000         0.000         0.000         0.000


           PSI
              B_01
              ________
 B_01           1.169


TECHNICAL 4 OUTPUT


     ESTIMATES DERIVED FROM THE MODEL


           ESTIMATED MEANS FOR THE LATENT VARIABLES
              IA            SA            IB            SB            A_02
              ________      ________      ________      ________      ________
 1              9.186        -0.522         9.333        -1.881         8.507


           ESTIMATED MEANS FOR THE LATENT VARIABLES
              A_03          A_04          A_05          A_06          B_02
              ________      ________      ________      ________      ________
 1              8.437         8.052         8.032         7.863         9.577


           ESTIMATED MEANS FOR THE LATENT VARIABLES
              B_03          B_04          B_05          B_06          A_01
              ________      ________      ________      ________      ________
 1              9.555         9.584         9.602         9.577         8.517


           ESTIMATED MEANS FOR THE LATENT VARIABLES
              B_01
              ________
 1              9.780


           S.E. FOR ESTIMATED MEANS FOR THE LATENT VARIABLES
              IA            SA            IB            SB            A_02
              ________      ________      ________      ________      ________
 1              0.433         0.147         2.587         0.943         0.011


           S.E. FOR ESTIMATED MEANS FOR THE LATENT VARIABLES
              A_03          A_04          A_05          A_06          B_02
              ________      ________      ________      ________      ________
 1              0.012         0.015         0.017         0.021         0.029


           S.E. FOR ESTIMATED MEANS FOR THE LATENT VARIABLES
              B_03          B_04          B_05          B_06          A_01
              ________      ________      ________      ________      ________
 1              0.031         0.030         0.033         0.036         0.011


           S.E. FOR ESTIMATED MEANS FOR THE LATENT VARIABLES
              B_01
              ________
 1              0.040


           EST./S.E. FOR ESTIMATED MEANS FOR THE LATENT VARIABLES
              IA            SA            IB            SB            A_02
              ________      ________      ________      ________      ________
 1             21.206        -3.541         3.608        -1.994       773.554


           EST./S.E. FOR ESTIMATED MEANS FOR THE LATENT VARIABLES
              A_03          A_04          A_05          A_06          B_02
              ________      ________      ________      ________      ________
 1            710.023       537.438       476.256       366.310       333.188


           EST./S.E. FOR ESTIMATED MEANS FOR THE LATENT VARIABLES
              B_03          B_04          B_05          B_06          A_01
              ________      ________      ________      ________      ________
 1            310.562       316.474       289.196       267.388       762.637


           EST./S.E. FOR ESTIMATED MEANS FOR THE LATENT VARIABLES
              B_01
              ________
 1            245.287


           TWO-TAILED P-VALUE FOR ESTIMATED MEANS FOR THE LATENT VARIABLES
              IA            SA            IB            SB            A_02
              ________      ________      ________      ________      ________
 1              0.000         0.000         0.000         0.046         0.000


           TWO-TAILED P-VALUE FOR ESTIMATED MEANS FOR THE LATENT VARIABLES
              A_03          A_04          A_05          A_06          B_02
              ________      ________      ________      ________      ________
 1              0.000         0.000         0.000         0.000         0.000


           TWO-TAILED P-VALUE FOR ESTIMATED MEANS FOR THE LATENT VARIABLES
              B_03          B_04          B_05          B_06          A_01
              ________      ________      ________      ________      ________
 1              0.000         0.000         0.000         0.000         0.000


           TWO-TAILED P-VALUE FOR ESTIMATED MEANS FOR THE LATENT VARIABLES
              B_01
              ________
 1              0.000


           ESTIMATED COVARIANCE MATRIX FOR THE LATENT VARIABLES
              IA            SA            IB            SB            A_02
              ________      ________      ________      ________      ________
 IA             0.410
 SA            -0.038         0.035
 IB            -0.007         0.000         0.771
 SB             0.000         0.000        -0.116        -0.012
 A_02           0.359        -0.003         0.013        -0.004         0.654
 A_03           0.333         0.032         0.024        -0.006         0.353
 A_04           0.315         0.069        -0.008         0.001         0.370
 A_05           0.297         0.111        -0.012         0.003         0.394
 A_06           0.266         0.154         0.000        -0.001         0.406
 B_02          -0.016         0.000         0.963        -0.194         0.024
 B_03          -0.030         0.001         0.976        -0.229        -0.012
 B_04          -0.023         0.002         1.019        -0.293        -0.004
 B_05          -0.028         0.002         1.140        -0.405        -0.008
 B_06          -0.047         0.000         1.370        -0.597        -0.029
 A_01           0.353        -0.002         0.000         0.000         0.327
 B_01           0.000         0.000         1.283        -0.274         0.038


           ESTIMATED COVARIANCE MATRIX FOR THE LATENT VARIABLES
              A_03          A_04          A_05          A_06          B_02
              ________      ________      ________      ________      ________
 A_03           0.814
 A_04           0.474         1.207
 A_05           0.520         0.737         1.430
 A_06           0.574         0.772         1.067         1.943
 B_02           0.061        -0.016        -0.022        -0.008         2.315
 B_03           0.039        -0.032        -0.038        -0.020         1.626
 B_04           0.037        -0.007        -0.027        -0.005         1.373
 B_05           0.029        -0.016        -0.014         0.001         1.309
 B_06           0.008        -0.044        -0.064        -0.028         1.347
 A_01           0.347         0.365         0.388         0.400        -0.016
 B_01           0.052        -0.001        -0.005         0.009         1.578


           ESTIMATED COVARIANCE MATRIX FOR THE LATENT VARIABLES
              B_03          B_04          B_05          B_06          A_01
              ________      ________      ________      ________      ________
 B_03           2.556
 B_04           1.850         2.434
 B_05           1.573         1.837         2.609
 B_06           1.458         1.453         1.811         2.604
 A_01          -0.022        -0.011        -0.011        -0.024         0.632
 B_01           1.452         1.348         1.291         1.249         0.000


           ESTIMATED COVARIANCE MATRIX FOR THE LATENT VARIABLES
              B_01
              ________
 B_01           2.368


           S.E. FOR ESTIMATED COVARIANCE MATRIX FOR THE LATENT VARIABLES
              IA            SA            IB            SB            A_02
              ________      ________      ________      ________      ________
 IA             0.060
 SA             0.011         0.005
 IB             0.009         0.000         0.824
 SB             0.000         0.001         0.205         0.045
 A_02           0.041         0.010         0.015         0.004         0.028
 A_03           0.036         0.011         0.018         0.006         0.022
 A_04           0.036         0.015         0.013         0.005         0.022
 A_05           0.038         0.018         0.017         0.008         0.023
 A_06           0.041         0.021         0.025         0.014         0.026
 B_02           0.016         0.001         0.529         0.154         0.020
 B_03           0.015         0.003         0.553         0.168         0.021
 B_04           0.016         0.005         0.528         0.176         0.017
 B_05           0.021         0.009         0.506         0.213         0.017
 B_06           0.035         0.013         0.491         0.320         0.027
 A_01           0.035         0.009         0.000         0.000         0.021
 B_01           0.000         0.000         0.526         0.162         0.026


           S.E. FOR ESTIMATED COVARIANCE MATRIX FOR THE LATENT VARIABLES
              A_03          A_04          A_05          A_06          B_02
              ________      ________      ________      ________      ________
 A_03           0.030
 A_04           0.024         0.038
 A_05           0.026         0.034         0.051
 A_06           0.029         0.038         0.053         0.077
 B_02           0.023         0.021         0.022         0.027         0.063
 B_03           0.020         0.027         0.024         0.027         0.086
 B_04           0.026         0.025         0.030         0.032         0.056
 B_05           0.022         0.033         0.028         0.041         0.062
 B_06           0.026         0.036         0.048         0.048         0.068
 A_01           0.020         0.021         0.023         0.025         0.023
 B_01           0.015         0.015         0.018         0.026         0.085


           S.E. FOR ESTIMATED COVARIANCE MATRIX FOR THE LATENT VARIABLES
              B_03          B_04          B_05          B_06          A_01
              ________      ________      ________      ________      ________
 B_03           0.070
 B_04           0.077         0.068
 B_05           0.070         0.068         0.087
 B_06           0.089         0.067         0.132         0.083
 A_01           0.015         0.015         0.016         0.023         0.024
 B_01           0.074         0.075         0.073         0.099         0.000


           S.E. FOR ESTIMATED COVARIANCE MATRIX FOR THE LATENT VARIABLES
              B_01
              ________
 B_01           0.096


           EST./S.E. FOR ESTIMATED COVARIANCE MATRIX FOR THE LATENT VARIABLES
              IA            SA            IB            SB            A_02
              ________      ________      ________      ________      ________
 IA             6.798
 SA            -3.433         7.063
 IB            -0.800         0.000         0.935
 SB             0.000         0.250        -0.566        -0.275
 A_02           8.837        -0.265         0.904        -0.969        23.595
 A_03           9.240         2.919         1.373        -0.940        16.365
 A_04           8.816         4.763        -0.677         0.236        16.957
 A_05           7.870         6.121        -0.727         0.310        17.058
 A_06           6.492         7.383        -0.016        -0.086        15.644
 B_02          -1.033         0.295         1.821        -1.258         1.194
 B_03          -2.035         0.294         1.764        -1.365        -0.609
 B_04          -1.432         0.315         1.929        -1.668        -0.230
 B_05          -1.318         0.257         2.251        -1.904        -0.489
 B_06          -1.315         0.003         2.789        -1.865        -1.095
 A_01          10.206        -0.254         0.000         0.000        15.650
 B_01           0.000         0.000         2.442        -1.686         1.481


           EST./S.E. FOR ESTIMATED COVARIANCE MATRIX FOR THE LATENT VARIABLES
              A_03          A_04          A_05          A_06          B_02
              ________      ________      ________      ________      ________
 A_03          27.552
 A_04          20.068        32.083
 A_05          20.058        21.737        28.212
 A_06          19.772        20.054        20.255        25.360
 B_02           2.664        -0.783        -1.025        -0.289        36.565
 B_03           1.962        -1.207        -1.611        -0.721        18.815
 B_04           1.397        -0.281        -0.893        -0.154        24.374
 B_05           1.297        -0.482        -0.505         0.026        21.078
 B_06           0.292        -1.239        -1.325        -0.587        19.859
 A_01          16.946        17.515        17.090        15.811        -0.724
 B_01           3.571        -0.061        -0.297         0.355        18.646


           EST./S.E. FOR ESTIMATED COVARIANCE MATRIX FOR THE LATENT VARIABLES
              B_03          B_04          B_05          B_06          A_01
              ________      ________      ________      ________      ________
 B_03          36.485
 B_04          24.135        35.982
 B_05          22.575        27.160        30.101
 B_06          16.300        21.575        13.749        31.303
 A_01          -1.442        -0.690        -0.668        -1.082        25.879
 B_01          19.527        17.872        17.752        12.604         0.000


           EST./S.E. FOR ESTIMATED COVARIANCE MATRIX FOR THE LATENT VARIABLES
              B_01
              ________
 B_01          24.710


           TWO-TAILED P-VALUE FOR ESTIMATED COVARIANCE MATRIX FOR THE LATENT VARIABLES
              IA            SA            IB            SB            A_02
              ________      ________      ________      ________      ________
 IA             0.000
 SA             0.001         0.000
 IB             0.424         1.000         0.350
 SB             1.000         0.803         0.571         0.783
 A_02           0.000         0.791         0.366         0.333         0.000
 A_03           0.000         0.004         0.170         0.347         0.000
 A_04           0.000         0.000         0.498         0.813         0.000
 A_05           0.000         0.000         0.467         0.756         0.000
 A_06           0.000         0.000         0.987         0.931         0.000
 B_02           0.302         0.768         0.069         0.208         0.232
 B_03           0.042         0.769         0.078         0.172         0.542
 B_04           0.152         0.753         0.054         0.095         0.818
 B_05           0.188         0.797         0.024         0.057         0.625
 B_06           0.189         0.998         0.005         0.062         0.273
 A_01           0.000         0.799         1.000         1.000         0.000
 B_01           1.000         1.000         0.015         0.092         0.139


           TWO-TAILED P-VALUE FOR ESTIMATED COVARIANCE MATRIX FOR THE LATENT VARIABLES
              A_03          A_04          A_05          A_06          B_02
              ________      ________      ________      ________      ________
 A_03           0.000
 A_04           0.000         0.000
 A_05           0.000         0.000         0.000
 A_06           0.000         0.000         0.000         0.000
 B_02           0.008         0.434         0.305         0.773         0.000
 B_03           0.050         0.227         0.107         0.471         0.000
 B_04           0.162         0.779         0.372         0.877         0.000
 B_05           0.195         0.630         0.613         0.979         0.000
 B_06           0.770         0.215         0.185         0.557         0.000
 A_01           0.000         0.000         0.000         0.000         0.469
 B_01           0.000         0.952         0.766         0.723         0.000


           TWO-TAILED P-VALUE FOR ESTIMATED COVARIANCE MATRIX FOR THE LATENT VARIABLES
              B_03          B_04          B_05          B_06          A_01
              ________      ________      ________      ________      ________
 B_03           0.000
 B_04           0.000         0.000
 B_05           0.000         0.000         0.000
 B_06           0.000         0.000         0.000         0.000
 A_01           0.149         0.490         0.504         0.279         0.000
 B_01           0.000         0.000         0.000         0.000         1.000


           TWO-TAILED P-VALUE FOR ESTIMATED COVARIANCE MATRIX FOR THE LATENT VARIABLES
              B_01
              ________
 B_01           0.000


           ESTIMATED CORRELATION MATRIX FOR THE LATENT VARIABLES
              IA            SA            IB            SB            A_02
              ________      ________      ________      ________      ________
 IA             1.000
 SA            -0.314         1.000
 IB            -0.013         0.000         1.000
 SB           999.000       999.000       999.000       999.000
 A_02           0.694        -0.017         0.019       999.000         1.000
 A_03           0.577         0.192         0.031       999.000         0.484
 A_04           0.448         0.336        -0.009       999.000         0.417
 A_05           0.388         0.495        -0.012       999.000         0.407
 A_06           0.298         0.591         0.000       999.000         0.360
 B_02          -0.017         0.001         0.721       999.000         0.019
 B_03          -0.030         0.003         0.695       999.000        -0.010
 B_04          -0.023         0.006         0.744       999.000        -0.003
 B_05          -0.027         0.007         0.804       999.000        -0.006
 B_06          -0.045         0.000         0.967       999.000        -0.022
 A_01           0.694        -0.016         0.000       999.000         0.510
 B_01           0.000         0.000         0.950       999.000         0.031


           ESTIMATED CORRELATION MATRIX FOR THE LATENT VARIABLES
              A_03          A_04          A_05          A_06          B_02
              ________      ________      ________      ________      ________
 A_03           1.000
 A_04           0.478         1.000
 A_05           0.482         0.561         1.000
 A_06           0.456         0.504         0.640         1.000
 B_02           0.044        -0.010        -0.012        -0.004         1.000
 B_03           0.027        -0.018        -0.020        -0.009         0.668
 B_04           0.026        -0.004        -0.014        -0.002         0.579
 B_05           0.020        -0.009        -0.007         0.000         0.533
 B_06           0.005        -0.025        -0.033        -0.013         0.548
 A_01           0.484         0.418         0.408         0.361        -0.014
 B_01           0.037        -0.001        -0.003         0.004         0.674


           ESTIMATED CORRELATION MATRIX FOR THE LATENT VARIABLES
              B_03          B_04          B_05          B_06          A_01
              ________      ________      ________      ________      ________
 B_03           1.000
 B_04           0.741         1.000
 B_05           0.609         0.729         1.000
 B_06           0.565         0.577         0.695         1.000
 A_01          -0.017        -0.009        -0.008        -0.019         1.000
 B_01           0.590         0.562         0.519         0.503         0.000


           ESTIMATED CORRELATION MATRIX FOR THE LATENT VARIABLES
              B_01
              ________
 B_01           1.000


           S.E. FOR ESTIMATED CORRELATION MATRIX FOR THE LATENT VARIABLES
              IA            SA            IB            SB            A_02
              ________      ________      ________      ________      ________
 IA             0.000
 SA             0.064         0.000
 IB             0.015         0.000         0.000
 SB           999.000       999.000       999.000         0.000
 A_02           0.023         0.063         0.019       999.000         0.000
 A_03           0.023         0.061         0.012       999.000         0.016
 A_04           0.026         0.057         0.013       999.000         0.016
 A_05           0.034         0.056         0.016       999.000         0.015
 A_06           0.040         0.044         0.021       999.000         0.017
 B_02           0.016         0.004         0.030       999.000         0.016
 B_03           0.015         0.010         0.048       999.000         0.016
 B_04           0.016         0.019         0.058       999.000         0.014
 B_05           0.021         0.029         0.108       999.000         0.013
 B_06           0.034         0.044         0.199       999.000         0.020
 A_01           0.028         0.064         0.000       999.000         0.017
 B_01           0.000         0.000         0.159       999.000         0.021


           S.E. FOR ESTIMATED CORRELATION MATRIX FOR THE LATENT VARIABLES
              A_03          A_04          A_05          A_06          B_02
              ________      ________      ________      ________      ________
 A_03           0.000
 A_04           0.013         0.000
 A_05           0.014         0.013         0.000
 A_06           0.014         0.015         0.014         0.000
 B_02           0.017         0.012         0.012         0.013         0.000
 B_03           0.014         0.015         0.012         0.012         0.032
 B_04           0.019         0.015         0.016         0.015         0.017
 B_05           0.015         0.018         0.015         0.018         0.024
 B_06           0.018         0.020         0.025         0.021         0.020
 A_01           0.016         0.015         0.016         0.017         0.019
 B_01           0.010         0.009         0.010         0.012         0.028


           S.E. FOR ESTIMATED CORRELATION MATRIX FOR THE LATENT VARIABLES
              B_03          B_04          B_05          B_06          A_01
              ________      ________      ________      ________      ________
 B_03           0.000
 B_04           0.027         0.000
 B_05           0.017         0.020         0.000
 B_06           0.032         0.020         0.046         0.000
 A_01           0.012         0.013         0.012         0.018         0.000
 B_01           0.024         0.027         0.025         0.036         0.000


           S.E. FOR ESTIMATED CORRELATION MATRIX FOR THE LATENT VARIABLES
              B_01
              ________
 B_01           0.000


           EST./S.E. FOR ESTIMATED CORRELATION MATRIX FOR THE LATENT VARIABLES
              IA            SA            IB            SB            A_02
              ________      ________      ________      ________      ________
 IA           999.000
 SA            -4.927       999.000
 IB            -0.844         0.000       999.000
 SB             1.000         1.000         1.000       999.000
 A_02          29.856        -0.265         1.012         1.000       999.000
 A_03          25.344         3.170         2.507         1.000        30.216
 A_04          17.088         5.951        -0.682         1.000        26.675
 A_05          11.278         8.899        -0.745         1.000        26.592
 A_06           7.429        13.318        -0.016         1.000        21.035
 B_02          -1.029         0.295        23.750         1.000         1.195
 B_03          -2.033         0.294        14.501         1.000        -0.609
 B_04          -1.427         0.314        12.725         1.000        -0.229
 B_05          -1.312         0.257         7.423         1.000        -0.489
 B_06          -1.311         0.003         4.854         1.000        -1.094
 A_01          24.618        -0.253         0.000         1.000        29.190
 B_01           0.000         0.000         5.971         1.000         1.486


           EST./S.E. FOR ESTIMATED CORRELATION MATRIX FOR THE LATENT VARIABLES
              A_03          A_04          A_05          A_06          B_02
              ________      ________      ________      ________      ________
 A_03         999.000
 A_04          36.633       999.000
 A_05          34.362        44.081       999.000
 A_06          31.834        32.664        45.935       999.000
 B_02           2.658        -0.784        -1.027        -0.289       999.000
 B_03           1.957        -1.212        -1.616        -0.722        20.938
 B_04           1.395        -0.281        -0.893        -0.154        34.451
 B_05           1.297        -0.482        -0.506         0.026        21.759
 B_06           0.292        -1.239        -1.325        -0.587        26.916
 A_01          29.810        28.744        26.025        21.228        -0.724
 B_01           3.574        -0.061        -0.297         0.355        23.714


           EST./S.E. FOR ESTIMATED CORRELATION MATRIX FOR THE LATENT VARIABLES
              B_03          B_04          B_05          B_06          A_01
              ________      ________      ________      ________      ________
 B_03         999.000
 B_04          27.326       999.000
 B_05          35.104        36.361       999.000
 B_06          17.701        28.704        14.972       999.000
 A_01          -1.441        -0.689        -0.668        -1.081       999.000
 B_01          24.242        20.774        20.422        13.960         0.000


           EST./S.E. FOR ESTIMATED CORRELATION MATRIX FOR THE LATENT VARIABLES
              B_01
              ________
 B_01         999.000


           TWO-TAILED P-VALUE FOR ESTIMATED CORRELATION MATRIX FOR THE LATENT VARIABLES
              IA            SA            IB            SB            A_02
              ________      ________      ________      ________      ________
 IA             0.000
 SA             0.000         0.000
 IB             0.399         1.000         0.000
 SB             0.317         0.317         0.317         0.000
 A_02           0.000         0.791         0.312         0.317         0.000
 A_03           0.000         0.002         0.012         0.317         0.000
 A_04           0.000         0.000         0.495         0.317         0.000
 A_05           0.000         0.000         0.456         0.317         0.000
 A_06           0.000         0.000         0.987         0.317         0.000
 B_02           0.303         0.768         0.000         0.317         0.232
 B_03           0.042         0.769         0.000         0.317         0.543
 B_04           0.154         0.753         0.000         0.317         0.819
 B_05           0.190         0.797         0.000         0.317         0.625
 B_06           0.190         0.998         0.000         0.317         0.274
 A_01           0.000         0.801         1.000         0.317         0.000
 B_01           1.000         1.000         0.000         0.317         0.137


           TWO-TAILED P-VALUE FOR ESTIMATED CORRELATION MATRIX FOR THE LATENT VARIABLES
              A_03          A_04          A_05          A_06          B_02
              ________      ________      ________      ________      ________
 A_03           0.000
 A_04           0.000         0.000
 A_05           0.000         0.000         0.000
 A_06           0.000         0.000         0.000         0.000
 B_02           0.008         0.433         0.305         0.773         0.000
 B_03           0.050         0.226         0.106         0.470         0.000
 B_04           0.163         0.779         0.372         0.877         0.000
 B_05           0.195         0.630         0.613         0.979         0.000
 B_06           0.770         0.215         0.185         0.557         0.000
 A_01           0.000         0.000         0.000         0.000         0.469
 B_01           0.000         0.952         0.766         0.723         0.000


           TWO-TAILED P-VALUE FOR ESTIMATED CORRELATION MATRIX FOR THE LATENT VARIABLES
              B_03          B_04          B_05          B_06          A_01
              ________      ________      ________      ________      ________
 B_03           0.000
 B_04           0.000         0.000
 B_05           0.000         0.000         0.000
 B_06           0.000         0.000         0.000         0.000
 A_01           0.149         0.491         0.504         0.280         0.000
 B_01           0.000         0.000         0.000         0.000         1.000


           TWO-TAILED P-VALUE FOR ESTIMATED CORRELATION MATRIX FOR THE LATENT VARIABLES
              B_01
              ________
 B_01           0.000


     Beginning Time:  19:29:38
        Ending Time:  19:29:39
       Elapsed Time:  00:00:01



MUTHEN & MUTHEN
3463 Stoner Ave.
Los Angeles, CA  90066

Tel: (310) 391-9971
Fax: (310) 391-8971
Web: www.StatModel.com
Support: Support@StatModel.com

Copyright (c) 1998-2015 Muthen & Muthen
