Mplus VERSION 7.4 (Mac)
MUTHEN & MUTHEN
10/14/2017   6:33 PM

INPUT INSTRUCTIONS

  TITLE:
  6 - Predetermined ALT, no cognitive slope
  DATA:
  File = wide-dataset-b.dat;
  VARIABLE:
  NAMES are
   id hhid male birthyr_rand birthmo_rand race_rand hispanic_rand cohort
      raedyrs raedegrm memoryproblems_baseline memory_disease_ever age_baseline
      age_baseline_65 health_conditions_baseline healthcond_mean activity_mean_2004
      activity_mean_2006 activity_mean_2008 activity_mean_2010 activity_mean_2012
      activity_mean_2014 activity_sum_2004 activity_sum_2006 activity_sum_2008
      activity_sum_2010 activity_sum_2012 activity_sum_2014 close_social_network_2004
      close_social_network_2006 close_social_network_2008 close_social_network_2010
      close_social_network_2012 close_social_network_2014 countb20r_2004
      countb20r_2006 countb20r_2008 countb20r_2010 countb20r_2012 countb20r_2014
      crp_adj_2004 crp_adj_2006 crp_adj_2008 crp_adj_2010 crp_adj_2012 crp_adj_2014
      dep_total_2004 dep_total_2006 dep_total_2008 dep_total_2010 dep_total_2012
      dep_total_2014 exercise_2004 exercise_2006 exercise_2008 exercise_2010
      exercise_2012 exercise_2014 healthcond_2004 healthcond_2006 healthcond_2008
      healthcond_2010 healthcond_2012 healthcond_2014 hhres_2004 hhres_2006
      hhres_2008 hhres_2010 hhres_2012 hhres_2014 hrs_tscore_2004 hrs_tscore_2006
      hrs_tscore_2008 hrs_tscore_2010 hrs_tscore_2012 hrs_tscore_2014 intage_r_2004
      intage_r_2006 intage_r_2008 intage_r_2010 intage_r_2012 intage_r_2014
      interview_date_2004 interview_date_2006 interview_date_2008 interview_date_2010
      interview_date_2012 interview_date_2014 lb_65_wave_2004 lb_65_wave_2006
      lb_65_wave_2008 lb_65_wave_2010 lb_65_wave_2012 lb_65_wave_2014 lb_wave_2004
      lb_wave_2006 lb_wave_2008 lb_wave_2010 lb_wave_2012 lb_wave_2014 listassi_2004
      listassi_2006 listassi_2008 listassi_2010 listassi_2012 listassi_2014
      mentalstatus_tot_2004 mentalstatus_tot_2006 mentalstatus_tot_2008
      mentalstatus_tot_2010 mentalstatus_tot_2012 mentalstatus_tot_2014 proxy_2004
      proxy_2006 proxy_2008 proxy_2010 proxy_2012 proxy_2014 responded_2004
      responded_2006 responded_2008 responded_2010 responded_2012 responded_2014
      rmaritalst_2004 rmaritalst_2006 rmaritalst_2008 rmaritalst_2010 rmaritalst_2012
      rmaritalst_2014 rpartst_2004 rpartst_2006 rpartst_2008 rpartst_2010
      rpartst_2012 rpartst_2014 score_loneliness_11_2004 score_loneliness_11_2006
      score_loneliness_11_2008 score_loneliness_11_2010 score_loneliness_11_2012
      score_loneliness_11_2014 score_loneliness_3_2004 score_loneliness_3_2006
      score_loneliness_3_2008 score_loneliness_3_2010 score_loneliness_3_2012
      score_loneliness_3_2014 shhidpnr_2004 shhidpnr_2006 shhidpnr_2008 shhidpnr_2010
      shhidpnr_2012 shhidpnr_2014 snchild_2004 snchild_2006 snchild_2008 snchild_2010
      snchild_2012 snchild_2014 snfamily_2004 snfamily_2006 snfamily_2008
      snfamily_2010 snfamily_2012 snfamily_2014 snfriends_2004 snfriends_2006
      snfriends_2008 snfriends_2010 snfriends_2012 snfriends_2014 snspouse_2004
      snspouse_2006 snspouse_2008 snspouse_2010 snspouse_2012 snspouse_2014
      social_contact_total_2004 social_contact_total_2006 social_contact_total_2008
      social_contact_total_2010 social_contact_total_2012 social_contact_total_2014
      social_strain_mean_2004 social_strain_mean_2006 social_strain_mean_2008
      social_strain_mean_2010 social_strain_mean_2012 social_strain_mean_2014
      social_support_mean_2004 social_support_mean_2006 social_support_mean_2008
      social_support_mean_2010 social_support_mean_2012 social_support_mean_2014
      socialnetwork_total_2004 socialnetwork_total_2006 socialnetwork_total_2008
      socialnetwork_total_2010 socialnetwork_total_2012 socialnetwork_total_2014
      srmemory_2004 srmemory_2006 srmemory_2008 srmemory_2010 srmemory_2012
      srmemory_2014 srmemoryp_2004 srmemoryp_2006 srmemoryp_2008 srmemoryp_2010
      srmemoryp_2012 srmemoryp_2014 vocab_total_2004 vocab_total_2006 vocab_total_2008
      vocab_total_2010 vocab_total_2012 vocab_total_2014 wrectotd_2004 wrectotd_2006
      wrectotd_2008 wrectotd_2010 wrectotd_2012 wrectotd_2014 wrectoti_2004
      wrectoti_2006 wrectoti_2008 wrectoti_2010 wrectoti_2012 wrectoti_2014
  	;
  Missing are all(9999);
  USEVARIABLES are
  	!define the variables used in the analysis
  	!estimated time points
  a_01
  a_02
  a_03
  a_04
  a_05
  a_06
  	!modelled time points of process (B)
  b_01
  b_02
  b_03
  b_04
  b_05
  b_06
  	! covariates used in the model
  	;
  SUBPOPULATION are
  	!select a subset of observations
  age_baseline > 64 AND
  memory_disease_ever EQ 0
  ;
  CLUSTER = hhid;
  DEFINE:
    ! centre baseline age
  a = age_baseline - 69;
  	! assign variables to the process (A)
  a_01=wrectoti_2004;
  a_02=wrectoti_2006;
  a_03=wrectoti_2008;
  a_04=wrectoti_2010;
  a_05=wrectoti_2012;
  a_06=wrectoti_2014;
  	! assign variables to the process (B)
  b_01=social_contact_total_2004;
  b_02=social_contact_total_2006;
  b_03=social_contact_total_2008;
  b_04=social_contact_total_2010;
  b_05=social_contact_total_2012;
  b_06=social_contact_total_2014;
  ANALYSIS:
  TYPE = COMPLEX RANDOM;
  model=nocovariances;
  COVERAGE=.00;
  H1ITERATIONS = 10000;
  MODEL:
  	!LGM part
  	! assign process (A) to time points
  ia BY a_02@1 a_03@1 a_04@1 a_05@1 a_06@1;
  	! assign process (B) to time points
  ib BY b_02@1 b_03@1 b_04@1 b_05@1 b_06@1;
  sb BY b_02@0 b_03@2 b_04@4 b_05@6 b_06@8;
  	!correlations between the first measurement points
  	!autoregressive part
  a_01 a_02 a_03 a_04 a_05 a_06;
  a_02 ON a_01;
  a_03 ON a_02;
  a_04 ON a_03;
  a_05 ON a_04;
  a_06 ON a_05;
  b_01 b_02 b_03 b_04 b_05 b_06;
  b_02 ON b_01;
  b_03 ON b_02;
  b_04 ON b_03;
  b_05 ON b_04;
  b_06 ON b_05;
  	!Cross lagged part
  a_02 ON b_01;
  a_03 ON b_02;
  a_04 ON b_03;
  a_05 ON b_04;
  a_06 ON b_05;
  b_02 ON a_01;
  b_03 ON a_02;
  b_04 ON a_03;
  b_05 ON a_04;
  b_06 ON a_05;
  ia;
  !sa;
  ib;
  sb;
  !ia with sa;
  ib with sb;
  ia with a_01;
  !sa with a_01;
  ib with b_01;
  sb with b_01;
  ia with ib;
  !sa with sb;
  ! Time specific correlations
  b_02 WITH a_02;
  b_03 WITH a_03;
  b_04 WITH a_04;
  b_05 WITH a_05;
  b_06 WITH a_06;
  [a_02@0 a_03@0 a_04@0 a_05@0 a_06@0];
  [b_02@0 b_03@0 b_04@0 b_05@0 b_06@0];
  [ia];
  [ib];
  ![sa];
  [sb];
  [a_01];
  [b_01];
  	
  OUTPUT: SAMPSTAT MODINDICES (3.0); TECH1; TECH4;



*** WARNING in OUTPUT command
  TECH4 option for TYPE=RANDOM requires ALGORITHM=INTEGRATION.
  Request for TECH4 is ignored.
   1 WARNING(S) FOUND IN THE INPUT INSTRUCTIONS




6 - Predetermined ALT, no cognitive slope

SUMMARY OF ANALYSIS

Number of groups                                                 1
Number of observations                                        5952

Number of dependent variables                                   10
Number of independent variables                                  2
Number of continuous latent variables                            3

Observed dependent variables

  Continuous
   A_02        A_03        A_04        A_05        A_06        B_02
   B_03        B_04        B_05        B_06

Observed independent variables
   A_01        B_01

Continuous latent variables
   IA          IB          SB

Variables with special functions

  Cluster variable      HHID

Estimator                                                      MLR
Information matrix                                        OBSERVED
Maximum number of iterations                                   100
Convergence criterion                                    0.100D-05
Maximum number of EM iterations                                500
Convergence criteria for the EM algorithm
  Loglikelihood change                                   0.100D-02
  Relative loglikelihood change                          0.100D-05
  Derivative                                             0.100D-03
Minimum variance                                         0.100D-03
Maximum number of steepest descent iterations                   20
Maximum number of iterations for H1                          10000
Convergence criterion for H1                             0.100D-03
Optimization algorithm                                         EMA

Input data file(s)
  wide-dataset-b.dat
Input data format  FREE


SUMMARY OF DATA

     Number of missing data patterns           272
     Number of clusters        4882



SAMPLE STATISTICS


     ESTIMATED SAMPLE STATISTICS


           Means
              A_02          A_03          A_04          A_05          A_06
              ________      ________      ________      ________      ________
 1              5.305         5.167         4.831         4.663         4.479


           Means
              B_02          B_03          B_04          B_05          B_06
              ________      ________      ________      ________      ________
 1             29.546        29.570        29.190        28.584        27.913


           Means
              A_01          B_01
              ________      ________
 1              5.434        30.292


           Covariances
              A_02          A_03          A_04          A_05          A_06
              ________      ________      ________      ________      ________
 A_02           2.359
 A_03           1.086         2.390
 A_04           1.199         1.152         2.707
 A_05           1.089         1.240         1.319         2.690
 A_06           1.244         1.179         1.372         1.389         2.813
 B_02           2.235         1.976         1.912         2.486         1.954
 B_03           2.521         2.122         2.670         2.601         2.929
 B_04           2.443         2.420         2.311         2.377         2.370
 B_05           2.870         2.866         2.826         3.310         3.293
 B_06           2.144         2.636         2.257         3.032         3.163
 A_01           1.073         1.088         1.053         1.132         1.056
 B_01           1.874         1.893         1.920         2.092         1.568


           Covariances
              B_02          B_03          B_04          B_05          B_06
              ________      ________      ________      ________      ________
 B_02          66.433
 B_03          36.135        74.089
 B_04          41.320        38.893        72.256
 B_05          29.228        45.615        34.288        78.884
 B_06          38.101        45.582        46.097        35.431        77.791
 A_01           2.239         2.392         2.200         2.531         2.216
 B_01          33.826        37.790        33.538        38.939        36.608


           Covariances
              A_01          B_01
              ________      ________
 A_01           2.263
 B_01           1.542        70.490


           Correlations
              A_02          A_03          A_04          A_05          A_06
              ________      ________      ________      ________      ________
 A_02           1.000
 A_03           0.457         1.000
 A_04           0.474         0.453         1.000
 A_05           0.433         0.489         0.489         1.000
 A_06           0.483         0.455         0.497         0.505         1.000
 B_02           0.179         0.157         0.143         0.186         0.143
 B_03           0.191         0.160         0.189         0.184         0.203
 B_04           0.187         0.184         0.165         0.170         0.166
 B_05           0.210         0.209         0.193         0.227         0.221
 B_06           0.158         0.193         0.156         0.210         0.214
 A_01           0.464         0.468         0.425         0.459         0.418
 B_01           0.145         0.146         0.139         0.152         0.111


           Correlations
              B_02          B_03          B_04          B_05          B_06
              ________      ________      ________      ________      ________
 B_02           1.000
 B_03           0.515         1.000
 B_04           0.596         0.532         1.000
 B_05           0.404         0.597         0.454         1.000
 B_06           0.530         0.600         0.615         0.452         1.000
 A_01           0.183         0.185         0.172         0.189         0.167
 B_01           0.494         0.523         0.470         0.522         0.494


           Correlations
              A_01          B_01
              ________      ________
 A_01           1.000
 B_01           0.122         1.000


     MAXIMUM LOG-LIKELIHOOD VALUE FOR THE UNRESTRICTED (H1) MODEL IS -101716.646


UNIVARIATE SAMPLE STATISTICS


     UNIVARIATE HIGHER-ORDER MOMENT DESCRIPTIVE STATISTICS

         Variable/         Mean/     Skewness/   Minimum/ % with                Percentiles
        Sample Size      Variance    Kurtosis    Maximum  Min/Max      20%/60%    40%/80%    Median

     A_02                  5.312      -0.013       0.000    0.25%       4.000      5.000      5.000
            5681.000       2.347       0.206      10.000    0.42%       6.000      7.000
     A_03                  5.177      -0.071       0.000    0.36%       4.000      5.000      5.000
            5775.000       2.383       0.197      10.000    0.23%       6.000      6.000
     A_04                  4.856      -0.123       0.000    1.04%       4.000      5.000      5.000
            5669.000       2.683       0.277      10.000    0.19%       5.000      6.000
     A_05                  4.743      -0.175       0.000    1.46%       3.000      4.000      5.000
            5132.000       2.642       0.389      10.000    0.19%       5.000      6.000
     A_06                  4.626      -0.096       0.000    1.38%       3.000      4.000      5.000
            4429.000       2.729       0.239      10.000    0.09%       5.000      6.000
     B_02                 29.599      -0.258       3.000    0.07%      23.000     28.000     30.000
            2788.000      66.183       0.159      54.000    0.18%      32.000     36.000
     B_03                 29.608      -0.254       2.000    0.04%      23.000     28.000     30.000
            2739.000      73.864       0.073      54.000    0.18%      32.000     37.000
     B_04                 29.406      -0.205       4.000    0.19%      22.000     28.000     30.000
            2647.000      71.988      -0.061      54.000    0.04%      32.000     36.000
     B_05                 28.986      -0.189       3.000    0.04%      22.000     27.000     29.000
            2240.000      77.040      -0.099      54.000    0.13%      32.000     36.000
     B_06                 28.653      -0.229       3.000    0.05%      22.000     27.000     29.000
            2036.000      76.540      -0.202      54.000    0.05%      31.000     36.000
     A_01                  5.450      -0.108       0.000    0.36%       4.000      5.000      5.000
            5496.000       2.255       0.367      10.000    0.38%       6.000      7.000
     B_01                 30.562      -0.258       3.000    0.09%      24.000     29.000     31.000
            1057.000      70.074       0.149      53.000    0.09%      33.000     37.000


THE MODEL ESTIMATION TERMINATED NORMALLY

     WARNING:  THE LATENT VARIABLE COVARIANCE MATRIX (PSI) IS NOT POSITIVE
     DEFINITE.  THIS COULD INDICATE A NEGATIVE VARIANCE/RESIDUAL VARIANCE FOR A
     LATENT VARIABLE, A CORRELATION GREATER OR EQUAL TO ONE BETWEEN TWO LATENT
     VARIABLES, OR A LINEAR DEPENDENCY AMONG MORE THAN TWO LATENT VARIABLES.
     CHECK THE TECH4 OUTPUT FOR MORE INFORMATION.



MODEL FIT INFORMATION

Number of Free Parameters                       50

Loglikelihood

          H0 Value                     -101869.889
          H0 Scaling Correction Factor      1.2145
            for MLR
          H1 Value                     -101716.646
          H1 Scaling Correction Factor      1.2916
            for MLR

Information Criteria

          Akaike (AIC)                  203839.778
          Bayesian (BIC)                204174.352
          Sample-Size Adjusted BIC      204015.466
            (n* = (n + 2) / 24)

Chi-Square Test of Model Fit

          Value                            220.814*
          Degrees of Freedom                    40
          P-Value                           0.0000
          Scaling Correction Factor         1.3880
            for MLR

*   The chi-square value for MLM, MLMV, MLR, ULSMV, WLSM and WLSMV cannot be used
    for chi-square difference testing in the regular way.  MLM, MLR and WLSM
    chi-square difference testing is described on the Mplus website.  MLMV, WLSMV,
    and ULSMV difference testing is done using the DIFFTEST option.

RMSEA (Root Mean Square Error Of Approximation)

          Estimate                           0.028

CFI/TLI

          CFI                                0.981
          TLI                                0.969

Chi-Square Test of Model Fit for the Baseline Model

          Value                           9827.621
          Degrees of Freedom                    66
          P-Value                           0.0000

SRMR (Standardized Root Mean Square Residual)

          Value                              0.074



MODEL RESULTS

                                                    Two-Tailed
                    Estimate       S.E.  Est./S.E.    P-Value

 IA       BY
    A_02               1.000      0.000    999.000    999.000
    A_03               1.000      0.000    999.000    999.000
    A_04               1.000      0.000    999.000    999.000
    A_05               1.000      0.000    999.000    999.000
    A_06               1.000      0.000    999.000    999.000

 IB       BY
    B_02               1.000      0.000    999.000    999.000
    B_03               1.000      0.000    999.000    999.000
    B_04               1.000      0.000    999.000    999.000
    B_05               1.000      0.000    999.000    999.000
    B_06               1.000      0.000    999.000    999.000

 SB       BY
    B_02               0.000      0.000    999.000    999.000
    B_03               2.000      0.000    999.000    999.000
    B_04               4.000      0.000    999.000    999.000
    B_05               6.000      0.000    999.000    999.000
    B_06               8.000      0.000    999.000    999.000

 A_02       ON
    A_01               0.039      0.015      2.678      0.007
    B_01               0.023      0.003      8.042      0.000

 A_03       ON
    A_02               0.019      0.013      1.437      0.151
    B_02               0.022      0.003      6.403      0.000

 A_04       ON
    A_03               0.013      0.013      1.044      0.297
    B_03               0.012      0.003      3.777      0.000

 A_05       ON
    A_04               0.034      0.013      2.507      0.012
    B_04               0.004      0.004      1.129      0.259

 A_06       ON
    A_05               0.029      0.015      1.924      0.054
    B_05               0.000      0.004     -0.041      0.967

 B_02       ON
    B_01               0.389      0.115      3.392      0.001
    A_01               1.131      0.085     13.260      0.000

 B_03       ON
    B_02               0.764      0.103      7.452      0.000
    A_02              -0.033      0.184     -0.178      0.859

 B_04       ON
    B_03               0.808      0.084      9.600      0.000
    A_03               0.459      0.165      2.784      0.005

 B_05       ON
    B_04               1.035      0.101     10.292      0.000
    A_04              -0.061      0.182     -0.336      0.737

 B_06       ON
    B_05               1.220      0.153      7.984      0.000
    A_05              -0.292      0.257     -1.137      0.255

 IB       WITH
    SB                -0.614      1.192     -0.515      0.607
    B_01               9.637      6.693      1.440      0.150

 IA       WITH
    A_01               1.018      0.033     30.982      0.000
    IB                 0.167      0.118      1.413      0.158

 SB       WITH
    B_01              -1.635      1.331     -1.229      0.219

 B_02     WITH
    A_02               0.101      0.213      0.473      0.637

 B_03     WITH
    A_03              -0.572      0.202     -2.834      0.005

 B_04     WITH
    A_04              -0.038      0.190     -0.201      0.841

 B_05     WITH
    A_05               0.563      0.223      2.524      0.012

 B_06     WITH
    A_06               0.641      0.284      2.256      0.024

 Means
    A_01               5.433      0.020    265.848      0.000
    B_01              30.452      0.236    128.820      0.000
    IA                 4.395      0.107     40.971      0.000
    IB                11.510      3.532      3.259      0.001
    SB                -2.143      0.751     -2.853      0.004

 Intercepts
    A_02               0.000      0.000    999.000    999.000
    A_03               0.000      0.000    999.000    999.000
    A_04               0.000      0.000    999.000    999.000
    A_05               0.000      0.000    999.000    999.000
    A_06               0.000      0.000    999.000    999.000
    B_02               0.000      0.000    999.000    999.000
    B_03               0.000      0.000    999.000    999.000
    B_04               0.000      0.000    999.000    999.000
    B_05               0.000      0.000    999.000    999.000
    B_06               0.000      0.000    999.000    999.000

 Variances
    A_01               2.264      0.047     48.429      0.000
    B_01              69.400      3.063     22.659      0.000
    IA                 1.089      0.039     27.803      0.000
    IB                -0.910      7.408     -0.123      0.902
    SB                -0.089      0.190     -0.469      0.639

 Residual Variances
    A_02               1.250      0.036     34.815      0.000
    A_03               1.272      0.034     37.588      0.000
    A_04               1.475      0.044     33.471      0.000
    A_05               1.426      0.046     31.273      0.000
    A_06               1.499      0.044     33.858      0.000
    B_02              48.167      5.417      8.892      0.000
    B_03              35.962      4.457      8.069      0.000
    B_04              40.914      4.265      9.594      0.000
    B_05              48.605      5.481      8.869      0.000
    B_06              71.822     16.986      4.228      0.000


QUALITY OF NUMERICAL RESULTS

     Condition Number for the Information Matrix              0.737E-08
       (ratio of smallest to largest eigenvalue)


MODEL MODIFICATION INDICES

NOTE:  Modification indices for direct effects of observed dependent variables
regressed on covariates may not be included.  To include these, request
MODINDICES (ALL).

Minimum M.I. value for printing the modification index     3.000

                                   M.I.     E.P.C.


ON/BY Statements

A_02     ON IA       /
IA       BY A_02                   4.218    -0.079
A_02     ON IB       /
IB       BY A_02                  20.116     0.061
A_03     ON IA       /
IA       BY A_03                  14.959     0.126
A_03     ON IB       /
IB       BY A_03                  33.908     0.060
A_03     ON SB       /
SB       BY A_03                  26.995    -0.275
A_04     ON IA       /
IA       BY A_04                   8.146     0.095
A_05     ON IB       /
IB       BY A_05                   4.099    -0.018
A_05     ON SB       /
SB       BY A_05                   6.833     0.213
A_06     ON IA       /
IA       BY A_06                  14.892    -0.141
A_06     ON IB       /
IB       BY A_06                  25.829    -0.043
A_06     ON SB       /
SB       BY A_06                  32.411     0.600
B_02     ON IA       /
IA       BY B_02                  12.383     1.168
B_02     ON IB       /
IB       BY B_02                  17.986     1.468
B_02     ON SB       /
SB       BY B_02                   7.946    -3.596
B_03     ON IA       /
IA       BY B_03                   7.525     0.877
B_03     ON IB       /
IB       BY B_03                   4.006    -0.407
B_06     ON IA       /
IA       BY B_06                   4.261    -1.170
A_01     ON IA       /
IA       BY A_01                  15.957     9.120
A_01     ON SB       /
SB       BY A_01                  10.107    -0.508
B_01     ON IA       /
IA       BY B_01                  11.535     0.980
B_01     ON IB       /
IB       BY B_01                   4.794     3.746
IA       ON IB       /
IB       BY IA                    18.500     0.127
IB       ON IA       /
IA       BY IB                    15.969     1.500
SB       ON IA       /
IA       BY SB                     9.584    -0.264
SB       ON IB       /
IB       BY SB                    19.064    -0.972

ON Statements

IA       ON A_02                  11.175    -0.069
IA       ON A_03                  23.709    -0.105
IA       ON A_04                  19.874     0.086
IA       ON A_06                  29.951     0.111
IA       ON B_02                  13.100     0.013
IA       ON B_03                  32.148     0.023
IA       ON B_04                  21.947     0.026
IA       ON B_05                  15.007     0.024
IA       ON B_06                  11.521     0.025
IA       ON B_01                   9.348     0.013
IB       ON A_02                   9.113    -0.221
IB       ON A_05                   7.758     0.214
IB       ON A_06                  34.254     0.372
IB       ON B_03                  12.968     0.418
IB       ON B_04                   4.330     0.209
IB       ON B_06                  58.760     0.980
IB       ON A_01                  15.975     0.674
SB       ON A_02                  16.411    -0.051
SB       ON A_06                   4.669     0.036
SB       ON B_05                   3.202    -0.065
SB       ON A_01                   9.257     0.112
SB       ON B_01                 698.705  ********
A_02     ON A_02                   4.218    -0.079
A_02     ON A_03                  13.089    -0.067
A_02     ON A_05                  28.436    -0.093
A_02     ON B_02                  20.116     0.061
A_02     ON B_03                  10.610     0.025
A_02     ON B_06                  12.456    -0.029
A_03     ON A_03                  14.959     0.126
A_03     ON A_05                  13.251     0.056
A_03     ON B_03                  18.001     0.049
A_03     ON B_04                  17.592     0.029
A_03     ON B_05                  18.871     0.033
A_03     ON B_06                  13.829     0.025
A_03     ON A_01                  21.417     0.075
A_03     ON B_01                  24.050     0.025
A_04     ON A_02                  10.422     0.055
A_04     ON A_04                   8.146     0.095
A_04     ON A_05                   5.749     0.045
A_04     ON A_06                  17.980     0.069
A_04     ON B_05                   3.870     0.018
A_04     ON B_06                   7.732     0.029
A_05     ON A_02                  19.783    -0.076
A_05     ON B_02                  16.715     0.018
A_05     ON B_03                  12.276     0.023
A_05     ON B_06                   5.274     0.022
A_06     ON A_03                  15.596    -0.071
A_06     ON A_06                  14.892    -0.141
A_06     ON B_06                   6.366    -0.038
A_06     ON A_01                  24.077    -0.085
A_06     ON B_01                   7.445    -0.013
B_02     ON A_02                  12.383     1.168
B_02     ON A_03                  14.263    -0.650
B_02     ON A_05                  29.602     0.676
B_02     ON A_06                  26.515     0.663
B_02     ON B_02                  17.964     1.467
B_02     ON B_03                  13.857     0.426
B_02     ON B_04                  15.900     0.616
B_02     ON B_05                  18.272     0.559
B_02     ON B_06                  21.779     0.559
B_03     ON A_03                   7.524     0.877
B_03     ON A_06                  23.477     0.610
B_03     ON B_03                   4.769    -0.993
B_03     ON A_01                   3.238     0.302
B_04     ON A_02                   3.336    -0.234
B_04     ON A_05                   5.280    -0.342
B_04     ON A_01                   3.184     0.358
B_05     ON A_02                   8.715    -0.455
B_06     ON A_02                  13.435    -0.731
B_06     ON A_06                   4.260    -1.170
B_06     ON B_06                   7.103    -1.611
A_01     ON A_03                   3.332     0.040
A_01     ON A_04                   4.255    -0.041
A_01     ON A_05                   4.282     0.043
A_01     ON A_06                   5.942    -0.052
A_01     ON B_02                   5.407    -0.014
B_01     ON A_04                  10.017     0.524
B_01     ON A_05                  20.427     0.749
B_01     ON A_06                  21.704     0.801
B_01     ON B_03                   4.024     0.246
B_01     ON B_04                  14.121     0.423
B_01     ON B_05                  12.129     0.320
B_01     ON B_06                   8.007     0.364
B_01     ON A_01                   6.988     0.452

WITH Statements

SB       WITH IA                  18.875    -0.162
A_02     WITH IA                  14.390    -0.100
A_02     WITH IB                  13.567    -0.322
A_02     WITH SB                  13.633    -0.060
A_03     WITH IA                  27.285    -0.146
A_03     WITH IB                   5.011    -0.219
A_03     WITH A_02                20.673    -0.173
A_04     WITH IA                  17.592     0.120
A_04     WITH A_02                 5.527     0.072
A_04     WITH A_03                 8.238    -0.115
A_05     WITH IB                   4.196     0.233
A_05     WITH A_02                28.076    -0.162
A_05     WITH A_03                 5.689     0.072
A_06     WITH IA                  30.223     0.165
A_06     WITH IB                  27.387     0.512
A_06     WITH SB                   9.094     0.082
A_06     WITH A_02                 5.028     0.070
A_06     WITH A_03                 5.460    -0.073
A_06     WITH A_04                14.285     0.124
A_06     WITH A_05                12.709     0.180
B_02     WITH IA                   7.191     0.588
B_02     WITH A_03                51.570    -1.988
B_02     WITH A_05                26.480     1.145
B_02     WITH A_06                20.503     1.095
B_03     WITH IA                   8.867     0.822
B_03     WITH A_02                 6.665    -0.943
B_03     WITH A_06                22.091     1.120
B_04     WITH IA                   3.741    -0.483
B_04     WITH A_02                 4.114    -0.420
B_04     WITH A_05                 5.114    -0.568
B_04     WITH A_06                 3.877     0.424
B_04     WITH B_02                 3.300    22.245
B_05     WITH IA                   5.318    -0.711
B_05     WITH A_02                 8.258    -0.605
B_05     WITH A_06                 3.023     0.514
B_06     WITH IA                   8.986    -1.152
B_06     WITH A_02                10.851    -0.929
B_06     WITH A_05                 4.121     1.537
A_01     WITH IB                  15.983     1.527
A_01     WITH SB                  15.866     0.178
A_01     WITH A_03                 4.121     0.057
A_01     WITH A_04                 4.168    -0.059
A_01     WITH A_05                 4.132     0.060
A_01     WITH A_06                 6.526    -0.081
A_01     WITH B_02                15.607    -1.730
A_01     WITH B_04                 6.630     0.706
B_01     WITH IA                   4.788     0.626
B_01     WITH A_02                13.693    -1.419
B_01     WITH A_03                 5.944    -0.770
B_01     WITH A_05                12.139     1.174
B_01     WITH A_06                13.188     1.340
B_01     WITH B_02                13.703   -21.076
B_01     WITH B_03                 6.724    11.516
B_01     WITH B_06                 4.500   -13.571

Means/Intercepts/Thresholds

[ A_02     ]                      14.482     0.628
[ A_03     ]                      41.056     0.715
[ A_05     ]                       9.123    -0.332
[ A_06     ]                      36.849    -0.700
[ B_02     ]                      14.406     9.806
[ B_03     ]                       4.616    -2.973


TECHNICAL 1 OUTPUT


     PARAMETER SPECIFICATION


           NU
              A_02          A_03          A_04          A_05          A_06
              ________      ________      ________      ________      ________
 1                  0             0             0             0             0


           NU
              B_02          B_03          B_04          B_05          B_06
              ________      ________      ________      ________      ________
 1                  0             0             0             0             0


           NU
              A_01          B_01
              ________      ________
 1                  0             0


           LAMBDA
              IA            IB            SB            A_02          A_03
              ________      ________      ________      ________      ________
 A_02               0             0             0             0             0
 A_03               0             0             0             0             0
 A_04               0             0             0             0             0
 A_05               0             0             0             0             0
 A_06               0             0             0             0             0
 B_02               0             0             0             0             0
 B_03               0             0             0             0             0
 B_04               0             0             0             0             0
 B_05               0             0             0             0             0
 B_06               0             0             0             0             0
 A_01               0             0             0             0             0
 B_01               0             0             0             0             0


           LAMBDA
              A_04          A_05          A_06          B_02          B_03
              ________      ________      ________      ________      ________
 A_02               0             0             0             0             0
 A_03               0             0             0             0             0
 A_04               0             0             0             0             0
 A_05               0             0             0             0             0
 A_06               0             0             0             0             0
 B_02               0             0             0             0             0
 B_03               0             0             0             0             0
 B_04               0             0             0             0             0
 B_05               0             0             0             0             0
 B_06               0             0             0             0             0
 A_01               0             0             0             0             0
 B_01               0             0             0             0             0


           LAMBDA
              B_04          B_05          B_06          A_01          B_01
              ________      ________      ________      ________      ________
 A_02               0             0             0             0             0
 A_03               0             0             0             0             0
 A_04               0             0             0             0             0
 A_05               0             0             0             0             0
 A_06               0             0             0             0             0
 B_02               0             0             0             0             0
 B_03               0             0             0             0             0
 B_04               0             0             0             0             0
 B_05               0             0             0             0             0
 B_06               0             0             0             0             0
 A_01               0             0             0             0             0
 B_01               0             0             0             0             0


           THETA
              A_02          A_03          A_04          A_05          A_06
              ________      ________      ________      ________      ________
 A_02               0
 A_03               0             0
 A_04               0             0             0
 A_05               0             0             0             0
 A_06               0             0             0             0             0
 B_02               0             0             0             0             0
 B_03               0             0             0             0             0
 B_04               0             0             0             0             0
 B_05               0             0             0             0             0
 B_06               0             0             0             0             0
 A_01               0             0             0             0             0
 B_01               0             0             0             0             0


           THETA
              B_02          B_03          B_04          B_05          B_06
              ________      ________      ________      ________      ________
 B_02               0
 B_03               0             0
 B_04               0             0             0
 B_05               0             0             0             0
 B_06               0             0             0             0             0
 A_01               0             0             0             0             0
 B_01               0             0             0             0             0


           THETA
              A_01          B_01
              ________      ________
 A_01               0
 B_01               0             0


           ALPHA
              IA            IB            SB            A_02          A_03
              ________      ________      ________      ________      ________
 1                  1             2             3             0             0


           ALPHA
              A_04          A_05          A_06          B_02          B_03
              ________      ________      ________      ________      ________
 1                  0             0             0             0             0


           ALPHA
              B_04          B_05          B_06          A_01          B_01
              ________      ________      ________      ________      ________
 1                  0             0             0             4             5


           BETA
              IA            IB            SB            A_02          A_03
              ________      ________      ________      ________      ________
 IA                 0             0             0             0             0
 IB                 0             0             0             0             0
 SB                 0             0             0             0             0
 A_02               0             0             0             0             0
 A_03               0             0             0             8             0
 A_04               0             0             0             0            10
 A_05               0             0             0             0             0
 A_06               0             0             0             0             0
 B_02               0             0             0             0             0
 B_03               0             0             0            18             0
 B_04               0             0             0             0            20
 B_05               0             0             0             0             0
 B_06               0             0             0             0             0
 A_01               0             0             0             0             0
 B_01               0             0             0             0             0


           BETA
              A_04          A_05          A_06          B_02          B_03
              ________      ________      ________      ________      ________
 IA                 0             0             0             0             0
 IB                 0             0             0             0             0
 SB                 0             0             0             0             0
 A_02               0             0             0             0             0
 A_03               0             0             0             9             0
 A_04               0             0             0             0            11
 A_05              12             0             0             0             0
 A_06               0            14             0             0             0
 B_02               0             0             0             0             0
 B_03               0             0             0            19             0
 B_04               0             0             0             0            21
 B_05              22             0             0             0             0
 B_06               0            24             0             0             0
 A_01               0             0             0             0             0
 B_01               0             0             0             0             0


           BETA
              B_04          B_05          B_06          A_01          B_01
              ________      ________      ________      ________      ________
 IA                 0             0             0             0             0
 IB                 0             0             0             0             0
 SB                 0             0             0             0             0
 A_02               0             0             0             6             7
 A_03               0             0             0             0             0
 A_04               0             0             0             0             0
 A_05              13             0             0             0             0
 A_06               0            15             0             0             0
 B_02               0             0             0            16            17
 B_03               0             0             0             0             0
 B_04               0             0             0             0             0
 B_05              23             0             0             0             0
 B_06               0            25             0             0             0
 A_01               0             0             0             0             0
 B_01               0             0             0             0             0


           PSI
              IA            IB            SB            A_02          A_03
              ________      ________      ________      ________      ________
 IA                26
 IB                27            28
 SB                 0            29            30
 A_02               0             0             0            31
 A_03               0             0             0             0            32
 A_04               0             0             0             0             0
 A_05               0             0             0             0             0
 A_06               0             0             0             0             0
 B_02               0             0             0            36             0
 B_03               0             0             0             0            38
 B_04               0             0             0             0             0
 B_05               0             0             0             0             0
 B_06               0             0             0             0             0
 A_01              46             0             0             0             0
 B_01               0            48            49             0             0


           PSI
              A_04          A_05          A_06          B_02          B_03
              ________      ________      ________      ________      ________
 A_04              33
 A_05               0            34
 A_06               0             0            35
 B_02               0             0             0            37
 B_03               0             0             0             0            39
 B_04              40             0             0             0             0
 B_05               0            42             0             0             0
 B_06               0             0            44             0             0
 A_01               0             0             0             0             0
 B_01               0             0             0             0             0


           PSI
              B_04          B_05          B_06          A_01          B_01
              ________      ________      ________      ________      ________
 B_04              41
 B_05               0            43
 B_06               0             0            45
 A_01               0             0             0            47
 B_01               0             0             0             0            50


     STARTING VALUES


           NU
              A_02          A_03          A_04          A_05          A_06
              ________      ________      ________      ________      ________
 1              0.000         0.000         0.000         0.000         0.000


           NU
              B_02          B_03          B_04          B_05          B_06
              ________      ________      ________      ________      ________
 1              0.000         0.000         0.000         0.000         0.000


           NU
              A_01          B_01
              ________      ________
 1              0.000         0.000


           LAMBDA
              IA            IB            SB            A_02          A_03
              ________      ________      ________      ________      ________
 A_02           0.000         0.000         0.000         1.000         0.000
 A_03           0.000         0.000         0.000         0.000         1.000
 A_04           0.000         0.000         0.000         0.000         0.000
 A_05           0.000         0.000         0.000         0.000         0.000
 A_06           0.000         0.000         0.000         0.000         0.000
 B_02           0.000         0.000         0.000         0.000         0.000
 B_03           0.000         0.000         0.000         0.000         0.000
 B_04           0.000         0.000         0.000         0.000         0.000
 B_05           0.000         0.000         0.000         0.000         0.000
 B_06           0.000         0.000         0.000         0.000         0.000
 A_01           0.000         0.000         0.000         0.000         0.000
 B_01           0.000         0.000         0.000         0.000         0.000


           LAMBDA
              A_04          A_05          A_06          B_02          B_03
              ________      ________      ________      ________      ________
 A_02           0.000         0.000         0.000         0.000         0.000
 A_03           0.000         0.000         0.000         0.000         0.000
 A_04           1.000         0.000         0.000         0.000         0.000
 A_05           0.000         1.000         0.000         0.000         0.000
 A_06           0.000         0.000         1.000         0.000         0.000
 B_02           0.000         0.000         0.000         1.000         0.000
 B_03           0.000         0.000         0.000         0.000         1.000
 B_04           0.000         0.000         0.000         0.000         0.000
 B_05           0.000         0.000         0.000         0.000         0.000
 B_06           0.000         0.000         0.000         0.000         0.000
 A_01           0.000         0.000         0.000         0.000         0.000
 B_01           0.000         0.000         0.000         0.000         0.000


           LAMBDA
              B_04          B_05          B_06          A_01          B_01
              ________      ________      ________      ________      ________
 A_02           0.000         0.000         0.000         0.000         0.000
 A_03           0.000         0.000         0.000         0.000         0.000
 A_04           0.000         0.000         0.000         0.000         0.000
 A_05           0.000         0.000         0.000         0.000         0.000
 A_06           0.000         0.000         0.000         0.000         0.000
 B_02           0.000         0.000         0.000         0.000         0.000
 B_03           0.000         0.000         0.000         0.000         0.000
 B_04           1.000         0.000         0.000         0.000         0.000
 B_05           0.000         1.000         0.000         0.000         0.000
 B_06           0.000         0.000         1.000         0.000         0.000
 A_01           0.000         0.000         0.000         1.000         0.000
 B_01           0.000         0.000         0.000         0.000         1.000


           THETA
              A_02          A_03          A_04          A_05          A_06
              ________      ________      ________      ________      ________
 A_02           0.000
 A_03           0.000         0.000
 A_04           0.000         0.000         0.000
 A_05           0.000         0.000         0.000         0.000
 A_06           0.000         0.000         0.000         0.000         0.000
 B_02           0.000         0.000         0.000         0.000         0.000
 B_03           0.000         0.000         0.000         0.000         0.000
 B_04           0.000         0.000         0.000         0.000         0.000
 B_05           0.000         0.000         0.000         0.000         0.000
 B_06           0.000         0.000         0.000         0.000         0.000
 A_01           0.000         0.000         0.000         0.000         0.000
 B_01           0.000         0.000         0.000         0.000         0.000


           THETA
              B_02          B_03          B_04          B_05          B_06
              ________      ________      ________      ________      ________
 B_02           0.000
 B_03           0.000         0.000
 B_04           0.000         0.000         0.000
 B_05           0.000         0.000         0.000         0.000
 B_06           0.000         0.000         0.000         0.000         0.000
 A_01           0.000         0.000         0.000         0.000         0.000
 B_01           0.000         0.000         0.000         0.000         0.000


           THETA
              A_01          B_01
              ________      ________
 A_01           0.000
 B_01           0.000         0.000


           ALPHA
              IA            IB            SB            A_02          A_03
              ________      ________      ________      ________      ________
 1              0.000         0.000         0.000         0.000         0.000


           ALPHA
              A_04          A_05          A_06          B_02          B_03
              ________      ________      ________      ________      ________
 1              0.000         0.000         0.000         0.000         0.000


           ALPHA
              B_04          B_05          B_06          A_01          B_01
              ________      ________      ________      ________      ________
 1              0.000         0.000         0.000         0.000         0.000


           BETA
              IA            IB            SB            A_02          A_03
              ________      ________      ________      ________      ________
 IA             0.000         0.000         0.000         0.000         0.000
 IB             0.000         0.000         0.000         0.000         0.000
 SB             0.000         0.000         0.000         0.000         0.000
 A_02           1.000         0.000         0.000         0.000         0.000
 A_03           1.000         0.000         0.000         0.000         0.000
 A_04           1.000         0.000         0.000         0.000         0.000
 A_05           1.000         0.000         0.000         0.000         0.000
 A_06           1.000         0.000         0.000         0.000         0.000
 B_02           0.000         1.000         0.000         0.000         0.000
 B_03           0.000         1.000         2.000         0.000         0.000
 B_04           0.000         1.000         4.000         0.000         0.000
 B_05           0.000         1.000         6.000         0.000         0.000
 B_06           0.000         1.000         8.000         0.000         0.000
 A_01           0.000         0.000         0.000         0.000         0.000
 B_01           0.000         0.000         0.000         0.000         0.000


           BETA
              A_04          A_05          A_06          B_02          B_03
              ________      ________      ________      ________      ________
 IA             0.000         0.000         0.000         0.000         0.000
 IB             0.000         0.000         0.000         0.000         0.000
 SB             0.000         0.000         0.000         0.000         0.000
 A_02           0.000         0.000         0.000         0.000         0.000
 A_03           0.000         0.000         0.000         0.000         0.000
 A_04           0.000         0.000         0.000         0.000         0.000
 A_05           0.000         0.000         0.000         0.000         0.000
 A_06           0.000         0.000         0.000         0.000         0.000
 B_02           0.000         0.000         0.000         0.000         0.000
 B_03           0.000         0.000         0.000         0.000         0.000
 B_04           0.000         0.000         0.000         0.000         0.000
 B_05           0.000         0.000         0.000         0.000         0.000
 B_06           0.000         0.000         0.000         0.000         0.000
 A_01           0.000         0.000         0.000         0.000         0.000
 B_01           0.000         0.000         0.000         0.000         0.000


           BETA
              B_04          B_05          B_06          A_01          B_01
              ________      ________      ________      ________      ________
 IA             0.000         0.000         0.000         0.000         0.000
 IB             0.000         0.000         0.000         0.000         0.000
 SB             0.000         0.000         0.000         0.000         0.000
 A_02           0.000         0.000         0.000         0.000         0.000
 A_03           0.000         0.000         0.000         0.000         0.000
 A_04           0.000         0.000         0.000         0.000         0.000
 A_05           0.000         0.000         0.000         0.000         0.000
 A_06           0.000         0.000         0.000         0.000         0.000
 B_02           0.000         0.000         0.000         0.000         0.000
 B_03           0.000         0.000         0.000         0.000         0.000
 B_04           0.000         0.000         0.000         0.000         0.000
 B_05           0.000         0.000         0.000         0.000         0.000
 B_06           0.000         0.000         0.000         0.000         0.000
 A_01           0.000         0.000         0.000         0.000         0.000
 B_01           0.000         0.000         0.000         0.000         0.000


           PSI
              IA            IB            SB            A_02          A_03
              ________      ________      ________      ________      ________
 IA             0.050
 IB             0.000         0.050
 SB             0.000         0.000         0.050
 A_02           0.000         0.000         0.000         1.173
 A_03           0.000         0.000         0.000         0.000         1.191
 A_04           0.000         0.000         0.000         0.000         0.000
 A_05           0.000         0.000         0.000         0.000         0.000
 A_06           0.000         0.000         0.000         0.000         0.000
 B_02           0.000         0.000         0.000         0.000         0.000
 B_03           0.000         0.000         0.000         0.000         0.000
 B_04           0.000         0.000         0.000         0.000         0.000
 B_05           0.000         0.000         0.000         0.000         0.000
 B_06           0.000         0.000         0.000         0.000         0.000
 A_01           0.000         0.000         0.000         0.000         0.000
 B_01           0.000         0.000         0.000         0.000         0.000


           PSI
              A_04          A_05          A_06          B_02          B_03
              ________      ________      ________      ________      ________
 A_04           1.342
 A_05           0.000         1.321
 A_06           0.000         0.000         1.364
 B_02           0.000         0.000         0.000        33.092
 B_03           0.000         0.000         0.000         0.000        36.932
 B_04           0.000         0.000         0.000         0.000         0.000
 B_05           0.000         0.000         0.000         0.000         0.000
 B_06           0.000         0.000         0.000         0.000         0.000
 A_01           0.000         0.000         0.000         0.000         0.000
 B_01           0.000         0.000         0.000         0.000         0.000


           PSI
              B_04          B_05          B_06          A_01          B_01
              ________      ________      ________      ________      ________
 B_04          35.994
 B_05           0.000        38.520
 B_06           0.000         0.000        38.270
 A_01           0.000         0.000         0.000         1.127
 B_01           0.000         0.000         0.000         0.000        35.037


     Beginning Time:  18:33:28
        Ending Time:  18:38:11
       Elapsed Time:  00:04:43



MUTHEN & MUTHEN
3463 Stoner Ave.
Los Angeles, CA  90066

Tel: (310) 391-9971
Fax: (310) 391-8971
Web: www.StatModel.com
Support: Support@StatModel.com

Copyright (c) 1998-2015 Muthen & Muthen
