Mplus VERSION 7.4 (Mac)
MUTHEN & MUTHEN
11/05/2017   3:22 PM

INPUT INSTRUCTIONS

  TITLE:
  9d - Predetermined ALT, no social slope, no time-correlations
  DATA:
  File = wide-dataset-b.dat;
  VARIABLE:
  NAMES are
   id hhid male birthyr_rand birthmo_rand race_rand hispanic_rand cohort
      raedyrs raedegrm memoryproblems_baseline memory_disease_ever age_baseline
      age_baseline_65 health_conditions_baseline healthcond_mean activity_mean_2004
      activity_mean_2006 activity_mean_2008 activity_mean_2010 activity_mean_2012
      activity_mean_2014 activity_sum_2004 activity_sum_2006 activity_sum_2008
      activity_sum_2010 activity_sum_2012 activity_sum_2014 close_social_network_2004
      close_social_network_2006 close_social_network_2008 close_social_network_2010
      close_social_network_2012 close_social_network_2014 countb20r_2004
      countb20r_2006 countb20r_2008 countb20r_2010 countb20r_2012 countb20r_2014
      crp_adj_2004 crp_adj_2006 crp_adj_2008 crp_adj_2010 crp_adj_2012 crp_adj_2014
      dep_total_2004 dep_total_2006 dep_total_2008 dep_total_2010 dep_total_2012
      dep_total_2014 exercise_2004 exercise_2006 exercise_2008 exercise_2010
      exercise_2012 exercise_2014 healthcond_2004 healthcond_2006 healthcond_2008
      healthcond_2010 healthcond_2012 healthcond_2014 hhres_2004 hhres_2006
      hhres_2008 hhres_2010 hhres_2012 hhres_2014 hrs_tscore_2004 hrs_tscore_2006
      hrs_tscore_2008 hrs_tscore_2010 hrs_tscore_2012 hrs_tscore_2014 intage_r_2004
      intage_r_2006 intage_r_2008 intage_r_2010 intage_r_2012 intage_r_2014
      interview_date_2004 interview_date_2006 interview_date_2008 interview_date_2010
      interview_date_2012 interview_date_2014 lb_65_wave_2004 lb_65_wave_2006
      lb_65_wave_2008 lb_65_wave_2010 lb_65_wave_2012 lb_65_wave_2014 lb_wave_2004
      lb_wave_2006 lb_wave_2008 lb_wave_2010 lb_wave_2012 lb_wave_2014 listassi_2004
      listassi_2006 listassi_2008 listassi_2010 listassi_2012 listassi_2014
      mentalstatus_tot_2004 mentalstatus_tot_2006 mentalstatus_tot_2008
      mentalstatus_tot_2010 mentalstatus_tot_2012 mentalstatus_tot_2014 proxy_2004
      proxy_2006 proxy_2008 proxy_2010 proxy_2012 proxy_2014 responded_2004
      responded_2006 responded_2008 responded_2010 responded_2012 responded_2014
      rmaritalst_2004 rmaritalst_2006 rmaritalst_2008 rmaritalst_2010 rmaritalst_2012
      rmaritalst_2014 rpartst_2004 rpartst_2006 rpartst_2008 rpartst_2010
      rpartst_2012 rpartst_2014 score_loneliness_11_2004 score_loneliness_11_2006
      score_loneliness_11_2008 score_loneliness_11_2010 score_loneliness_11_2012
      score_loneliness_11_2014 score_loneliness_3_2004 score_loneliness_3_2006
      score_loneliness_3_2008 score_loneliness_3_2010 score_loneliness_3_2012
      score_loneliness_3_2014 shhidpnr_2004 shhidpnr_2006 shhidpnr_2008 shhidpnr_2010
      shhidpnr_2012 shhidpnr_2014 snchild_2004 snchild_2006 snchild_2008 snchild_2010
      snchild_2012 snchild_2014 snfamily_2004 snfamily_2006 snfamily_2008
      snfamily_2010 snfamily_2012 snfamily_2014 snfriends_2004 snfriends_2006
      snfriends_2008 snfriends_2010 snfriends_2012 snfriends_2014 snspouse_2004
      snspouse_2006 snspouse_2008 snspouse_2010 snspouse_2012 snspouse_2014
      social_contact_total_2004 social_contact_total_2006 social_contact_total_2008
      social_contact_total_2010 social_contact_total_2012 social_contact_total_2014
      social_strain_mean_2004 social_strain_mean_2006 social_strain_mean_2008
      social_strain_mean_2010 social_strain_mean_2012 social_strain_mean_2014
      social_support_mean_2004 social_support_mean_2006 social_support_mean_2008
      social_support_mean_2010 social_support_mean_2012 social_support_mean_2014
      socialnetwork_total_2004 socialnetwork_total_2006 socialnetwork_total_2008
      socialnetwork_total_2010 socialnetwork_total_2012 socialnetwork_total_2014
      srmemory_2004 srmemory_2006 srmemory_2008 srmemory_2010 srmemory_2012
      srmemory_2014 srmemoryp_2004 srmemoryp_2006 srmemoryp_2008 srmemoryp_2010
      srmemoryp_2012 srmemoryp_2014 vocab_total_2004 vocab_total_2006 vocab_total_2008
      vocab_total_2010 vocab_total_2012 vocab_total_2014 wrectotd_2004 wrectotd_2006
      wrectotd_2008 wrectotd_2010 wrectotd_2012 wrectotd_2014 wrectoti_2004
      wrectoti_2006 wrectoti_2008 wrectoti_2010 wrectoti_2012 wrectoti_2014
  	;
  Missing are all(9999);
  USEVARIABLES are
  	!define the variables used in the analysis
  	!estimated time points
  a_01
  a_02
  a_03
  a_04
  a_05
  a_06
  	!modelled time points of process (B)
  b_01
  b_02
  b_03
  b_04
  b_05
  b_06
  	! covariates used in the model
  	;
  SUBPOPULATION are
  	!select a subset of observations
  age_baseline > 64 AND
  memory_disease_ever EQ 0
  ;
  CLUSTER = hhid;
  DEFINE:
    ! centre baseline age
  a = age_baseline - 69;
  	! assign variables to the process (A)
  a_01=wrectoti_2004;
  a_02=wrectoti_2006;
  a_03=wrectoti_2008;
  a_04=wrectoti_2010;
  a_05=wrectoti_2012;
  a_06=wrectoti_2014;
  	! assign variables to the process (B)
  b_01=social_contact_total_2004;
  b_02=social_contact_total_2006;
  b_03=social_contact_total_2008;
  b_04=social_contact_total_2010;
  b_05=social_contact_total_2012;
  b_06=social_contact_total_2014;
  ANALYSIS:
  TYPE = COMPLEX RANDOM;
  model=nocovariances;
  COVERAGE=.00;
  H1ITERATIONS = 10000;
  MODEL:
  	!LGM part
  	! assign process (A) to time points
  ia BY a_02@1 a_03@1 a_04@1 a_05@1 a_06@1;
  sa BY a_02@0 a_03@2 a_04@4 a_05@6 a_06@8;
  	! assign process (B) to time points
  ib BY b_02@1 b_03@1 b_04@1 b_05@1 b_06@1;
  !sb BY b_02@0 b_03@2 b_04@4 b_05@6 b_06@8;
  	!correlations between the first measurement points
  	!autoregressive part
  a_01 a_02 a_03 a_04 a_05 a_06;
  a_02 ON a_01;
  a_03 ON a_02;
  a_04 ON a_03;
  a_05 ON a_04;
  a_06 ON a_05;
  b_01 b_02 b_03 b_04 b_05 b_06;
  b_02 ON b_01;
  b_03 ON b_02;
  b_04 ON b_03;
  b_05 ON b_04;
  b_06 ON b_05;
  	!Cross lagged part
  a_02 ON b_01;
  a_03 ON b_02;
  a_04 ON b_03;
  a_05 ON b_04;
  a_06 ON b_05;
  b_02 ON a_01;
  b_03 ON a_02;
  b_04 ON a_03;
  b_05 ON a_04;
  b_06 ON a_05;
  ia;
  sa;
  ib;
  !sb;
  ia with sa;
  !ib with sb;
  ia with a_01;
  sa with a_01;
  ib with b_01;
  !sb with b_01;
  ia with ib;
  a_01 with b_02;
  !sa with sb;
  ! Time specific correlations
  !b_02 WITH a_02;
  !b_03 WITH a_03;
  !b_04 WITH a_04;
  !b_05 WITH a_05;
  !b_06 WITH a_06;
  [a_02@0 a_03@0 a_04@0 a_05@0 a_06@0];
  [b_02@0 b_03@0 b_04@0 b_05@0 b_06@0];
  [ia];
  [ib];
  [sa];
  ![sb];
  [a_01];
  [b_01];
  	
  OUTPUT: SAMPSTAT MODINDICES (3.0); TECH1; TECH4;



*** WARNING in OUTPUT command
  TECH4 option for TYPE=RANDOM requires ALGORITHM=INTEGRATION.
  Request for TECH4 is ignored.
   1 WARNING(S) FOUND IN THE INPUT INSTRUCTIONS




9d - Predetermined ALT, no social slope, no time-correlations

SUMMARY OF ANALYSIS

Number of groups                                                 1
Number of observations                                        5952

Number of dependent variables                                   10
Number of independent variables                                  2
Number of continuous latent variables                            3

Observed dependent variables

  Continuous
   A_02        A_03        A_04        A_05        A_06        B_02
   B_03        B_04        B_05        B_06

Observed independent variables
   A_01        B_01

Continuous latent variables
   IA          SA          IB

Variables with special functions

  Cluster variable      HHID

Estimator                                                      MLR
Information matrix                                        OBSERVED
Maximum number of iterations                                   100
Convergence criterion                                    0.100D-05
Maximum number of EM iterations                                500
Convergence criteria for the EM algorithm
  Loglikelihood change                                   0.100D-02
  Relative loglikelihood change                          0.100D-05
  Derivative                                             0.100D-03
Minimum variance                                         0.100D-03
Maximum number of steepest descent iterations                   20
Maximum number of iterations for H1                          10000
Convergence criterion for H1                             0.100D-03
Optimization algorithm                                         EMA

Input data file(s)
  wide-dataset-b.dat
Input data format  FREE


SUMMARY OF DATA

     Number of missing data patterns           272
     Number of clusters        4882



SAMPLE STATISTICS


     ESTIMATED SAMPLE STATISTICS


           Means
              A_02          A_03          A_04          A_05          A_06
              ________      ________      ________      ________      ________
 1              5.305         5.167         4.831         4.663         4.479


           Means
              B_02          B_03          B_04          B_05          B_06
              ________      ________      ________      ________      ________
 1             29.546        29.570        29.190        28.584        27.913


           Means
              A_01          B_01
              ________      ________
 1              5.434        30.292


           Covariances
              A_02          A_03          A_04          A_05          A_06
              ________      ________      ________      ________      ________
 A_02           2.359
 A_03           1.086         2.390
 A_04           1.199         1.152         2.707
 A_05           1.089         1.240         1.319         2.690
 A_06           1.244         1.179         1.372         1.389         2.813
 B_02           2.235         1.976         1.912         2.486         1.954
 B_03           2.521         2.122         2.670         2.601         2.929
 B_04           2.443         2.420         2.311         2.377         2.370
 B_05           2.870         2.866         2.826         3.310         3.293
 B_06           2.144         2.636         2.257         3.032         3.163
 A_01           1.073         1.088         1.053         1.132         1.056
 B_01           1.874         1.893         1.920         2.092         1.568


           Covariances
              B_02          B_03          B_04          B_05          B_06
              ________      ________      ________      ________      ________
 B_02          66.433
 B_03          36.135        74.089
 B_04          41.320        38.893        72.256
 B_05          29.228        45.615        34.288        78.884
 B_06          38.101        45.582        46.097        35.431        77.791
 A_01           2.239         2.392         2.200         2.531         2.216
 B_01          33.826        37.790        33.538        38.939        36.608


           Covariances
              A_01          B_01
              ________      ________
 A_01           2.263
 B_01           1.542        70.490


           Correlations
              A_02          A_03          A_04          A_05          A_06
              ________      ________      ________      ________      ________
 A_02           1.000
 A_03           0.457         1.000
 A_04           0.474         0.453         1.000
 A_05           0.433         0.489         0.489         1.000
 A_06           0.483         0.455         0.497         0.505         1.000
 B_02           0.179         0.157         0.143         0.186         0.143
 B_03           0.191         0.160         0.189         0.184         0.203
 B_04           0.187         0.184         0.165         0.170         0.166
 B_05           0.210         0.209         0.193         0.227         0.221
 B_06           0.158         0.193         0.156         0.210         0.214
 A_01           0.464         0.468         0.425         0.459         0.418
 B_01           0.145         0.146         0.139         0.152         0.111


           Correlations
              B_02          B_03          B_04          B_05          B_06
              ________      ________      ________      ________      ________
 B_02           1.000
 B_03           0.515         1.000
 B_04           0.596         0.532         1.000
 B_05           0.404         0.597         0.454         1.000
 B_06           0.530         0.600         0.615         0.452         1.000
 A_01           0.183         0.185         0.172         0.189         0.167
 B_01           0.494         0.523         0.470         0.522         0.494


           Correlations
              A_01          B_01
              ________      ________
 A_01           1.000
 B_01           0.122         1.000


     MAXIMUM LOG-LIKELIHOOD VALUE FOR THE UNRESTRICTED (H1) MODEL IS -101716.646


UNIVARIATE SAMPLE STATISTICS


     UNIVARIATE HIGHER-ORDER MOMENT DESCRIPTIVE STATISTICS

         Variable/         Mean/     Skewness/   Minimum/ % with                Percentiles
        Sample Size      Variance    Kurtosis    Maximum  Min/Max      20%/60%    40%/80%    Median

     A_02                  5.312      -0.013       0.000    0.25%       4.000      5.000      5.000
            5681.000       2.347       0.206      10.000    0.42%       6.000      7.000
     A_03                  5.177      -0.071       0.000    0.36%       4.000      5.000      5.000
            5775.000       2.383       0.197      10.000    0.23%       6.000      6.000
     A_04                  4.856      -0.123       0.000    1.04%       4.000      5.000      5.000
            5669.000       2.683       0.277      10.000    0.19%       5.000      6.000
     A_05                  4.743      -0.175       0.000    1.46%       3.000      4.000      5.000
            5132.000       2.642       0.389      10.000    0.19%       5.000      6.000
     A_06                  4.626      -0.096       0.000    1.38%       3.000      4.000      5.000
            4429.000       2.729       0.239      10.000    0.09%       5.000      6.000
     B_02                 29.599      -0.258       3.000    0.07%      23.000     28.000     30.000
            2788.000      66.183       0.159      54.000    0.18%      32.000     36.000
     B_03                 29.608      -0.254       2.000    0.04%      23.000     28.000     30.000
            2739.000      73.864       0.073      54.000    0.18%      32.000     37.000
     B_04                 29.406      -0.205       4.000    0.19%      22.000     28.000     30.000
            2647.000      71.988      -0.061      54.000    0.04%      32.000     36.000
     B_05                 28.986      -0.189       3.000    0.04%      22.000     27.000     29.000
            2240.000      77.040      -0.099      54.000    0.13%      32.000     36.000
     B_06                 28.653      -0.229       3.000    0.05%      22.000     27.000     29.000
            2036.000      76.540      -0.202      54.000    0.05%      31.000     36.000
     A_01                  5.450      -0.108       0.000    0.36%       4.000      5.000      5.000
            5496.000       2.255       0.367      10.000    0.38%       6.000      7.000
     B_01                 30.562      -0.258       3.000    0.09%      24.000     29.000     31.000
            1057.000      70.074       0.149      53.000    0.09%      33.000     37.000


THE MODEL ESTIMATION TERMINATED NORMALLY



MODEL FIT INFORMATION

Number of Free Parameters                       46

Loglikelihood

          H0 Value                     -101902.507
          H0 Scaling Correction Factor      1.2356
            for MLR
          H1 Value                     -101716.646
          H1 Scaling Correction Factor      1.2916
            for MLR

Information Criteria

          Akaike (AIC)                  203897.015
          Bayesian (BIC)                204204.823
          Sample-Size Adjusted BIC      204058.648
            (n* = (n + 2) / 24)

Chi-Square Test of Model Fit

          Value                            275.304*
          Degrees of Freedom                    44
          P-Value                           0.0000
          Scaling Correction Factor         1.3502
            for MLR

*   The chi-square value for MLM, MLMV, MLR, ULSMV, WLSM and WLSMV cannot be used
    for chi-square difference testing in the regular way.  MLM, MLR and WLSM
    chi-square difference testing is described on the Mplus website.  MLMV, WLSMV,
    and ULSMV difference testing is done using the DIFFTEST option.

RMSEA (Root Mean Square Error Of Approximation)

          Estimate                           0.030

CFI/TLI

          CFI                                0.976
          TLI                                0.964

Chi-Square Test of Model Fit for the Baseline Model

          Value                           9827.621
          Degrees of Freedom                    66
          P-Value                           0.0000

SRMR (Standardized Root Mean Square Residual)

          Value                              0.114



MODEL RESULTS

                                                    Two-Tailed
                    Estimate       S.E.  Est./S.E.    P-Value

 IA       BY
    A_02               1.000      0.000    999.000    999.000
    A_03               1.000      0.000    999.000    999.000
    A_04               1.000      0.000    999.000    999.000
    A_05               1.000      0.000    999.000    999.000
    A_06               1.000      0.000    999.000    999.000

 SA       BY
    A_02               0.000      0.000    999.000    999.000
    A_03               2.000      0.000    999.000    999.000
    A_04               4.000      0.000    999.000    999.000
    A_05               6.000      0.000    999.000    999.000
    A_06               8.000      0.000    999.000    999.000

 IB       BY
    B_02               1.000      0.000    999.000    999.000
    B_03               1.000      0.000    999.000    999.000
    B_04               1.000      0.000    999.000    999.000
    B_05               1.000      0.000    999.000    999.000
    B_06               1.000      0.000    999.000    999.000

 A_02       ON
    A_01              -0.026      0.023     -1.146      0.252
    B_01               0.004      0.003      1.289      0.197

 A_03       ON
    A_02              -0.019      0.019     -0.972      0.331
    B_02               0.006      0.003      1.975      0.048

 A_04       ON
    A_03              -0.020      0.015     -1.337      0.181
    B_03               0.003      0.003      1.019      0.308

 A_05       ON
    A_04               0.000      0.019      0.000      1.000
    B_04               0.002      0.003      0.508      0.612

 A_06       ON
    A_05              -0.014      0.031     -0.441      0.659
    B_05               0.005      0.003      1.659      0.097

 B_02       ON
    B_01              -0.354      0.027    -12.959      0.000
    A_01              -0.541      0.269     -2.013      0.044

 B_03       ON
    B_02              -0.484      0.048    -10.161      0.000
    A_02               0.123      0.107      1.151      0.250

 B_04       ON
    B_03              -0.525      0.047    -11.080      0.000
    A_03               0.278      0.092      3.009      0.003

 B_05       ON
    B_04              -0.549      0.050    -10.942      0.000
    A_04               0.298      0.090      3.296      0.001

 B_06       ON
    B_05              -0.600      0.051    -11.868      0.000
    A_05               0.418      0.114      3.684      0.000

 IA       WITH
    SA                 0.006      0.009      0.687      0.492
    A_01               1.072      0.052     20.793      0.000
    IB                 1.657      0.272      6.083      0.000

 SA       WITH
    A_01              -0.004      0.009     -0.425      0.671

 IB       WITH
    B_01              56.277      3.082     18.261      0.000

 A_01     WITH
    B_02               1.815      0.510      3.560      0.000

 Means
    A_01               5.434      0.020    265.596      0.000
    B_01              30.387      0.234    129.863      0.000
    IA                 5.331      0.141     37.868      0.000
    SA                -0.118      0.028     -4.289      0.000
    IB                43.246      1.539     28.104      0.000

 Intercepts
    A_02               0.000      0.000    999.000    999.000
    A_03               0.000      0.000    999.000    999.000
    A_04               0.000      0.000    999.000    999.000
    A_05               0.000      0.000    999.000    999.000
    A_06               0.000      0.000    999.000    999.000
    B_02               0.000      0.000    999.000    999.000
    B_03               0.000      0.000    999.000    999.000
    B_04               0.000      0.000    999.000    999.000
    B_05               0.000      0.000    999.000    999.000
    B_06               0.000      0.000    999.000    999.000

 Variances
    A_01               2.260      0.047     48.292      0.000
    B_01              70.979      3.122     22.734      0.000
    IA                 1.116      0.081     13.821      0.000
    SA                 0.004      0.002      2.165      0.030
    IB                73.308      2.943     24.907      0.000

 Residual Variances
    A_02               1.244      0.051     24.443      0.000
    A_03               1.263      0.035     36.037      0.000
    A_04               1.443      0.045     31.817      0.000
    A_05               1.330      0.056     23.691      0.000
    A_06               1.330      0.061     21.787      0.000
    B_02              24.722      2.710      9.122      0.000
    B_03              38.013      2.960     12.841      0.000
    B_04              28.995      2.090     13.875      0.000
    B_05              32.751      1.877     17.452      0.000
    B_06              29.132      2.283     12.759      0.000


QUALITY OF NUMERICAL RESULTS

     Condition Number for the Information Matrix              0.176E-04
       (ratio of smallest to largest eigenvalue)


MODEL MODIFICATION INDICES

NOTE:  Modification indices for direct effects of observed dependent variables
regressed on covariates may not be included.  To include these, request
MODINDICES (ALL).

Minimum M.I. value for printing the modification index     3.000

                                   M.I.     E.P.C.


ON/BY Statements

A_03     ON SA       /
SA       BY A_03                   7.829    -1.911
A_04     ON SA       /
SA       BY A_04                   5.166     1.492
A_05     ON IB       /
IB       BY A_05                   4.626     0.009
A_06     ON IB       /
IB       BY A_06                   3.255     0.008
B_02     ON IA       /
IA       BY B_02                   3.458    -3.382
B_02     ON IB       /
IB       BY B_02                  11.920    -0.381
B_03     ON IA       /
IA       BY B_03                   6.203     0.635
B_03     ON IB       /
IB       BY B_03                  14.881    -0.266
B_04     ON IA       /
IA       BY B_04                  10.467     0.698
B_04     ON SA       /
SA       BY B_04                   3.825    -8.063
B_05     ON IA       /
IA       BY B_05                  17.058     0.930
B_05     ON IB       /
IB       BY B_05                  12.607     0.237
B_06     ON SA       /
SA       BY B_06                   3.910    11.059
A_01     ON IA       /
IA       BY A_01                 140.989     1.914
A_01     ON IB       /
IB       BY A_01                  99.005     0.035
B_01     ON IA       /
IA       BY B_01                   6.097     0.640
B_01     ON SA       /
SA       BY B_01                   6.256    21.823
B_01     ON IB       /
IB       BY B_01                  19.432     0.745
IA       ON IB       /
IB       BY IA                    19.177     0.022
SA       ON IA       /
IA       BY SA                     3.763     0.047
SA       ON IB       /
IB       BY SA                    15.565     0.003
IB       ON IA       /
IA       BY IB                   142.278     2.967

ON Statements

IA       ON A_03                   4.720    -0.062
IA       ON A_04                  15.691     0.078
IA       ON A_05                   9.650    -0.066
IA       ON B_02                  23.271     0.038
IA       ON B_04                   3.625     0.007
IA       ON B_05                  12.106     0.013
IA       ON B_01                  19.191     0.017
SA       ON A_02                   3.205     0.012
SA       ON A_04                   5.612     0.008
SA       ON B_02                   5.592     0.002
SA       ON B_03                   8.802     0.002
SA       ON B_05                   7.950     0.002
SA       ON B_06                   8.951     0.002
SA       ON B_01                  14.556     0.003
IB       ON A_02                  54.058     1.127
IB       ON A_03                  29.645     0.882
IB       ON A_04                  23.503     0.633
IB       ON A_05                  81.754     1.230
IB       ON A_06                  54.111     1.087
IB       ON B_02                   4.217     0.419
IB       ON B_03                   4.571     0.124
IB       ON B_04                   3.834    -0.080
IB       ON B_05                   3.296     0.084
IB       ON A_01                 138.102     1.395
A_02     ON A_04                  14.947     0.131
A_02     ON A_05                  23.319    -0.095
A_02     ON A_06                  10.305     0.076
A_02     ON B_03                   8.634    -0.021
A_02     ON B_06                   4.389    -0.009
A_03     ON A_06                   6.568    -0.047
A_03     ON B_05                   4.975     0.010
A_03     ON B_01                   3.622     0.009
A_04     ON A_02                   8.204     0.066
A_04     ON A_06                   4.455     0.055
A_04     ON B_05                  14.779    -0.024
A_05     ON A_02                  18.332    -0.073
A_05     ON B_02                  12.881     0.017
A_05     ON B_05                  11.244     0.011
A_05     ON B_01                   5.164     0.011
A_06     ON A_02                  24.039     0.152
A_06     ON A_03                   5.115    -0.051
A_06     ON A_04                   4.340     0.056
A_06     ON B_03                   4.660     0.010
A_06     ON B_06                   7.452     0.010
B_02     ON A_05                   5.582     0.333
B_02     ON A_06                   3.740    -0.275
B_02     ON B_02                  11.779    -0.378
B_02     ON B_04                  10.285    -0.153
B_02     ON B_05                   3.816    -0.170
B_03     ON A_05                   4.442     0.260
B_03     ON B_03                  14.900    -0.266
B_03     ON B_04                  10.449    -0.252
B_03     ON B_06                  12.951    -0.204
B_03     ON A_01                  15.591     0.461
B_03     ON B_01                   7.225    -0.119
B_04     ON A_02                   4.265     0.246
B_04     ON A_04                   8.594     0.309
B_04     ON A_06                   3.951     0.231
B_04     ON B_06                   9.509     0.337
B_04     ON A_01                   8.324     0.297
B_05     ON A_02                   9.537     0.358
B_05     ON A_03                  10.234     0.387
B_05     ON A_05                  21.563     0.574
B_05     ON B_02                   5.637     0.293
B_05     ON B_03                  11.536     0.125
B_05     ON B_05                  12.602     0.237
B_05     ON B_06                  29.970     0.765
B_05     ON A_01                   6.529     0.277
B_06     ON A_06                  11.680     0.439
B_06     ON B_04                   3.426     0.068
B_06     ON A_01                   3.048     0.223
A_01     ON A_02                  27.545     0.297
A_01     ON A_03                  11.837     0.107
A_01     ON A_05                  18.285     0.095
A_01     ON B_02                 116.857     0.055
A_01     ON B_03                  77.186     0.030
A_01     ON B_04                  37.810     0.021
A_01     ON B_05                  46.009     0.023
A_01     ON B_06                  44.878     0.023
A_01     ON B_01                  54.840     0.028
B_01     ON A_02                   4.277     0.369
B_01     ON A_03                   8.349     0.434
B_01     ON A_04                   9.518     0.457
B_01     ON A_06                   4.155     0.303
B_01     ON B_02                  21.977     0.611
B_01     ON B_04                   4.815     0.097

WITH Statements

IB       WITH SA                   3.806     0.079
A_03     WITH IA                   5.213    -0.083
A_03     WITH SA                   4.056    -0.009
A_03     WITH IB                   8.218    -0.768
A_04     WITH IA                  15.540     0.113
A_04     WITH SA                   4.361     0.011
A_04     WITH A_02                12.371     0.138
A_05     WITH IA                   9.753    -0.088
A_05     WITH IB                   9.851     0.706
A_05     WITH A_02                26.311    -0.150
A_05     WITH A_03                 3.431     0.059
A_06     WITH SA                   5.463    -0.037
A_06     WITH A_02                20.970     0.198
A_06     WITH A_03                 9.504    -0.099
A_06     WITH A_04                 3.599     0.101
B_02     WITH IB                  12.331   -18.022
B_02     WITH A_05                 7.291     0.558
B_02     WITH A_06                 4.815    -0.497
B_03     WITH IB                   5.589     5.866
B_03     WITH A_02                 5.318    -0.765
B_03     WITH B_02                 5.216     8.515
B_04     WITH IB                   5.760    -4.440
B_04     WITH A_03                 9.216    -0.854
B_04     WITH A_04                 3.839     0.377
B_04     WITH A_05                 8.948    -0.698
B_04     WITH B_02                 4.652    -4.486
B_04     WITH B_03                 3.856    -7.245
B_05     WITH A_04                18.250    -1.492
B_05     WITH A_05                10.474     0.703
B_05     WITH A_06                 5.134    -0.592
B_05     WITH B_02                 4.805    -5.972
B_05     WITH B_03                 7.946     6.637
B_06     WITH SA                   6.119     0.084
B_06     WITH A_02                 3.717    -0.419
B_06     WITH A_05                 5.694    -0.938
B_06     WITH A_06                 9.760     0.724
B_06     WITH B_05                 4.477    58.903
A_01     WITH IB                 141.098     3.173
A_01     WITH A_04                 6.842    -0.073
A_01     WITH A_05                 6.766     0.078
A_01     WITH B_03                17.649     0.850
A_01     WITH B_04                 3.459     0.343
A_01     WITH B_06                 3.165     0.406
B_01     WITH IA                  19.207     1.227
B_01     WITH A_03                 3.926     0.541
B_01     WITH A_04                 4.528     0.614
B_01     WITH B_02                 9.359     9.456
B_01     WITH B_03                 4.828    -4.491
B_01     WITH A_01                 5.730    -0.747

Means/Intercepts/Thresholds

[ A_03     ]                       4.874     0.302
[ B_04     ]                       6.011     2.302


TECHNICAL 1 OUTPUT


     PARAMETER SPECIFICATION


           NU
              A_02          A_03          A_04          A_05          A_06
              ________      ________      ________      ________      ________
 1                  0             0             0             0             0


           NU
              B_02          B_03          B_04          B_05          B_06
              ________      ________      ________      ________      ________
 1                  0             0             0             0             0


           NU
              A_01          B_01
              ________      ________
 1                  0             0


           LAMBDA
              IA            SA            IB            A_02          A_03
              ________      ________      ________      ________      ________
 A_02               0             0             0             0             0
 A_03               0             0             0             0             0
 A_04               0             0             0             0             0
 A_05               0             0             0             0             0
 A_06               0             0             0             0             0
 B_02               0             0             0             0             0
 B_03               0             0             0             0             0
 B_04               0             0             0             0             0
 B_05               0             0             0             0             0
 B_06               0             0             0             0             0
 A_01               0             0             0             0             0
 B_01               0             0             0             0             0


           LAMBDA
              A_04          A_05          A_06          B_02          B_03
              ________      ________      ________      ________      ________
 A_02               0             0             0             0             0
 A_03               0             0             0             0             0
 A_04               0             0             0             0             0
 A_05               0             0             0             0             0
 A_06               0             0             0             0             0
 B_02               0             0             0             0             0
 B_03               0             0             0             0             0
 B_04               0             0             0             0             0
 B_05               0             0             0             0             0
 B_06               0             0             0             0             0
 A_01               0             0             0             0             0
 B_01               0             0             0             0             0


           LAMBDA
              B_04          B_05          B_06          A_01          B_01
              ________      ________      ________      ________      ________
 A_02               0             0             0             0             0
 A_03               0             0             0             0             0
 A_04               0             0             0             0             0
 A_05               0             0             0             0             0
 A_06               0             0             0             0             0
 B_02               0             0             0             0             0
 B_03               0             0             0             0             0
 B_04               0             0             0             0             0
 B_05               0             0             0             0             0
 B_06               0             0             0             0             0
 A_01               0             0             0             0             0
 B_01               0             0             0             0             0


           THETA
              A_02          A_03          A_04          A_05          A_06
              ________      ________      ________      ________      ________
 A_02               0
 A_03               0             0
 A_04               0             0             0
 A_05               0             0             0             0
 A_06               0             0             0             0             0
 B_02               0             0             0             0             0
 B_03               0             0             0             0             0
 B_04               0             0             0             0             0
 B_05               0             0             0             0             0
 B_06               0             0             0             0             0
 A_01               0             0             0             0             0
 B_01               0             0             0             0             0


           THETA
              B_02          B_03          B_04          B_05          B_06
              ________      ________      ________      ________      ________
 B_02               0
 B_03               0             0
 B_04               0             0             0
 B_05               0             0             0             0
 B_06               0             0             0             0             0
 A_01               0             0             0             0             0
 B_01               0             0             0             0             0


           THETA
              A_01          B_01
              ________      ________
 A_01               0
 B_01               0             0


           ALPHA
              IA            SA            IB            A_02          A_03
              ________      ________      ________      ________      ________
 1                  1             2             3             0             0


           ALPHA
              A_04          A_05          A_06          B_02          B_03
              ________      ________      ________      ________      ________
 1                  0             0             0             0             0


           ALPHA
              B_04          B_05          B_06          A_01          B_01
              ________      ________      ________      ________      ________
 1                  0             0             0             4             5


           BETA
              IA            SA            IB            A_02          A_03
              ________      ________      ________      ________      ________
 IA                 0             0             0             0             0
 SA                 0             0             0             0             0
 IB                 0             0             0             0             0
 A_02               0             0             0             0             0
 A_03               0             0             0             8             0
 A_04               0             0             0             0            10
 A_05               0             0             0             0             0
 A_06               0             0             0             0             0
 B_02               0             0             0             0             0
 B_03               0             0             0            18             0
 B_04               0             0             0             0            20
 B_05               0             0             0             0             0
 B_06               0             0             0             0             0
 A_01               0             0             0             0             0
 B_01               0             0             0             0             0


           BETA
              A_04          A_05          A_06          B_02          B_03
              ________      ________      ________      ________      ________
 IA                 0             0             0             0             0
 SA                 0             0             0             0             0
 IB                 0             0             0             0             0
 A_02               0             0             0             0             0
 A_03               0             0             0             9             0
 A_04               0             0             0             0            11
 A_05              12             0             0             0             0
 A_06               0            14             0             0             0
 B_02               0             0             0             0             0
 B_03               0             0             0            19             0
 B_04               0             0             0             0            21
 B_05              22             0             0             0             0
 B_06               0            24             0             0             0
 A_01               0             0             0             0             0
 B_01               0             0             0             0             0


           BETA
              B_04          B_05          B_06          A_01          B_01
              ________      ________      ________      ________      ________
 IA                 0             0             0             0             0
 SA                 0             0             0             0             0
 IB                 0             0             0             0             0
 A_02               0             0             0             6             7
 A_03               0             0             0             0             0
 A_04               0             0             0             0             0
 A_05              13             0             0             0             0
 A_06               0            15             0             0             0
 B_02               0             0             0            16            17
 B_03               0             0             0             0             0
 B_04               0             0             0             0             0
 B_05              23             0             0             0             0
 B_06               0            25             0             0             0
 A_01               0             0             0             0             0
 B_01               0             0             0             0             0


           PSI
              IA            SA            IB            A_02          A_03
              ________      ________      ________      ________      ________
 IA                26
 SA                27            28
 IB                29             0            30
 A_02               0             0             0            31
 A_03               0             0             0             0            32
 A_04               0             0             0             0             0
 A_05               0             0             0             0             0
 A_06               0             0             0             0             0
 B_02               0             0             0             0             0
 B_03               0             0             0             0             0
 B_04               0             0             0             0             0
 B_05               0             0             0             0             0
 B_06               0             0             0             0             0
 A_01              41            42             0             0             0
 B_01               0             0            45             0             0


           PSI
              A_04          A_05          A_06          B_02          B_03
              ________      ________      ________      ________      ________
 A_04              33
 A_05               0            34
 A_06               0             0            35
 B_02               0             0             0            36
 B_03               0             0             0             0            37
 B_04               0             0             0             0             0
 B_05               0             0             0             0             0
 B_06               0             0             0             0             0
 A_01               0             0             0            43             0
 B_01               0             0             0             0             0


           PSI
              B_04          B_05          B_06          A_01          B_01
              ________      ________      ________      ________      ________
 B_04              38
 B_05               0            39
 B_06               0             0            40
 A_01               0             0             0            44
 B_01               0             0             0             0            46


     STARTING VALUES


           NU
              A_02          A_03          A_04          A_05          A_06
              ________      ________      ________      ________      ________
 1              0.000         0.000         0.000         0.000         0.000


           NU
              B_02          B_03          B_04          B_05          B_06
              ________      ________      ________      ________      ________
 1              0.000         0.000         0.000         0.000         0.000


           NU
              A_01          B_01
              ________      ________
 1              0.000         0.000


           LAMBDA
              IA            SA            IB            A_02          A_03
              ________      ________      ________      ________      ________
 A_02           0.000         0.000         0.000         1.000         0.000
 A_03           0.000         0.000         0.000         0.000         1.000
 A_04           0.000         0.000         0.000         0.000         0.000
 A_05           0.000         0.000         0.000         0.000         0.000
 A_06           0.000         0.000         0.000         0.000         0.000
 B_02           0.000         0.000         0.000         0.000         0.000
 B_03           0.000         0.000         0.000         0.000         0.000
 B_04           0.000         0.000         0.000         0.000         0.000
 B_05           0.000         0.000         0.000         0.000         0.000
 B_06           0.000         0.000         0.000         0.000         0.000
 A_01           0.000         0.000         0.000         0.000         0.000
 B_01           0.000         0.000         0.000         0.000         0.000


           LAMBDA
              A_04          A_05          A_06          B_02          B_03
              ________      ________      ________      ________      ________
 A_02           0.000         0.000         0.000         0.000         0.000
 A_03           0.000         0.000         0.000         0.000         0.000
 A_04           1.000         0.000         0.000         0.000         0.000
 A_05           0.000         1.000         0.000         0.000         0.000
 A_06           0.000         0.000         1.000         0.000         0.000
 B_02           0.000         0.000         0.000         1.000         0.000
 B_03           0.000         0.000         0.000         0.000         1.000
 B_04           0.000         0.000         0.000         0.000         0.000
 B_05           0.000         0.000         0.000         0.000         0.000
 B_06           0.000         0.000         0.000         0.000         0.000
 A_01           0.000         0.000         0.000         0.000         0.000
 B_01           0.000         0.000         0.000         0.000         0.000


           LAMBDA
              B_04          B_05          B_06          A_01          B_01
              ________      ________      ________      ________      ________
 A_02           0.000         0.000         0.000         0.000         0.000
 A_03           0.000         0.000         0.000         0.000         0.000
 A_04           0.000         0.000         0.000         0.000         0.000
 A_05           0.000         0.000         0.000         0.000         0.000
 A_06           0.000         0.000         0.000         0.000         0.000
 B_02           0.000         0.000         0.000         0.000         0.000
 B_03           0.000         0.000         0.000         0.000         0.000
 B_04           1.000         0.000         0.000         0.000         0.000
 B_05           0.000         1.000         0.000         0.000         0.000
 B_06           0.000         0.000         1.000         0.000         0.000
 A_01           0.000         0.000         0.000         1.000         0.000
 B_01           0.000         0.000         0.000         0.000         1.000


           THETA
              A_02          A_03          A_04          A_05          A_06
              ________      ________      ________      ________      ________
 A_02           0.000
 A_03           0.000         0.000
 A_04           0.000         0.000         0.000
 A_05           0.000         0.000         0.000         0.000
 A_06           0.000         0.000         0.000         0.000         0.000
 B_02           0.000         0.000         0.000         0.000         0.000
 B_03           0.000         0.000         0.000         0.000         0.000
 B_04           0.000         0.000         0.000         0.000         0.000
 B_05           0.000         0.000         0.000         0.000         0.000
 B_06           0.000         0.000         0.000         0.000         0.000
 A_01           0.000         0.000         0.000         0.000         0.000
 B_01           0.000         0.000         0.000         0.000         0.000


           THETA
              B_02          B_03          B_04          B_05          B_06
              ________      ________      ________      ________      ________
 B_02           0.000
 B_03           0.000         0.000
 B_04           0.000         0.000         0.000
 B_05           0.000         0.000         0.000         0.000
 B_06           0.000         0.000         0.000         0.000         0.000
 A_01           0.000         0.000         0.000         0.000         0.000
 B_01           0.000         0.000         0.000         0.000         0.000


           THETA
              A_01          B_01
              ________      ________
 A_01           0.000
 B_01           0.000         0.000


           ALPHA
              IA            SA            IB            A_02          A_03
              ________      ________      ________      ________      ________
 1              0.000         0.000         0.000         0.000         0.000


           ALPHA
              A_04          A_05          A_06          B_02          B_03
              ________      ________      ________      ________      ________
 1              0.000         0.000         0.000         0.000         0.000


           ALPHA
              B_04          B_05          B_06          A_01          B_01
              ________      ________      ________      ________      ________
 1              0.000         0.000         0.000         0.000         0.000


           BETA
              IA            SA            IB            A_02          A_03
              ________      ________      ________      ________      ________
 IA             0.000         0.000         0.000         0.000         0.000
 SA             0.000         0.000         0.000         0.000         0.000
 IB             0.000         0.000         0.000         0.000         0.000
 A_02           1.000         0.000         0.000         0.000         0.000
 A_03           1.000         2.000         0.000         0.000         0.000
 A_04           1.000         4.000         0.000         0.000         0.000
 A_05           1.000         6.000         0.000         0.000         0.000
 A_06           1.000         8.000         0.000         0.000         0.000
 B_02           0.000         0.000         1.000         0.000         0.000
 B_03           0.000         0.000         1.000         0.000         0.000
 B_04           0.000         0.000         1.000         0.000         0.000
 B_05           0.000         0.000         1.000         0.000         0.000
 B_06           0.000         0.000         1.000         0.000         0.000
 A_01           0.000         0.000         0.000         0.000         0.000
 B_01           0.000         0.000         0.000         0.000         0.000


           BETA
              A_04          A_05          A_06          B_02          B_03
              ________      ________      ________      ________      ________
 IA             0.000         0.000         0.000         0.000         0.000
 SA             0.000         0.000         0.000         0.000         0.000
 IB             0.000         0.000         0.000         0.000         0.000
 A_02           0.000         0.000         0.000         0.000         0.000
 A_03           0.000         0.000         0.000         0.000         0.000
 A_04           0.000         0.000         0.000         0.000         0.000
 A_05           0.000         0.000         0.000         0.000         0.000
 A_06           0.000         0.000         0.000         0.000         0.000
 B_02           0.000         0.000         0.000         0.000         0.000
 B_03           0.000         0.000         0.000         0.000         0.000
 B_04           0.000         0.000         0.000         0.000         0.000
 B_05           0.000         0.000         0.000         0.000         0.000
 B_06           0.000         0.000         0.000         0.000         0.000
 A_01           0.000         0.000         0.000         0.000         0.000
 B_01           0.000         0.000         0.000         0.000         0.000


           BETA
              B_04          B_05          B_06          A_01          B_01
              ________      ________      ________      ________      ________
 IA             0.000         0.000         0.000         0.000         0.000
 SA             0.000         0.000         0.000         0.000         0.000
 IB             0.000         0.000         0.000         0.000         0.000
 A_02           0.000         0.000         0.000         0.000         0.000
 A_03           0.000         0.000         0.000         0.000         0.000
 A_04           0.000         0.000         0.000         0.000         0.000
 A_05           0.000         0.000         0.000         0.000         0.000
 A_06           0.000         0.000         0.000         0.000         0.000
 B_02           0.000         0.000         0.000         0.000         0.000
 B_03           0.000         0.000         0.000         0.000         0.000
 B_04           0.000         0.000         0.000         0.000         0.000
 B_05           0.000         0.000         0.000         0.000         0.000
 B_06           0.000         0.000         0.000         0.000         0.000
 A_01           0.000         0.000         0.000         0.000         0.000
 B_01           0.000         0.000         0.000         0.000         0.000


           PSI
              IA            SA            IB            A_02          A_03
              ________      ________      ________      ________      ________
 IA             0.050
 SA             0.000         0.050
 IB             0.000         0.000         0.050
 A_02           0.000         0.000         0.000         1.173
 A_03           0.000         0.000         0.000         0.000         1.191
 A_04           0.000         0.000         0.000         0.000         0.000
 A_05           0.000         0.000         0.000         0.000         0.000
 A_06           0.000         0.000         0.000         0.000         0.000
 B_02           0.000         0.000         0.000         0.000         0.000
 B_03           0.000         0.000         0.000         0.000         0.000
 B_04           0.000         0.000         0.000         0.000         0.000
 B_05           0.000         0.000         0.000         0.000         0.000
 B_06           0.000         0.000         0.000         0.000         0.000
 A_01           0.000         0.000         0.000         0.000         0.000
 B_01           0.000         0.000         0.000         0.000         0.000


           PSI
              A_04          A_05          A_06          B_02          B_03
              ________      ________      ________      ________      ________
 A_04           1.342
 A_05           0.000         1.321
 A_06           0.000         0.000         1.364
 B_02           0.000         0.000         0.000        33.092
 B_03           0.000         0.000         0.000         0.000        36.932
 B_04           0.000         0.000         0.000         0.000         0.000
 B_05           0.000         0.000         0.000         0.000         0.000
 B_06           0.000         0.000         0.000         0.000         0.000
 A_01           0.000         0.000         0.000         0.000         0.000
 B_01           0.000         0.000         0.000         0.000         0.000


           PSI
              B_04          B_05          B_06          A_01          B_01
              ________      ________      ________      ________      ________
 B_04          35.994
 B_05           0.000        38.520
 B_06           0.000         0.000        38.270
 A_01           0.000         0.000         0.000         1.127
 B_01           0.000         0.000         0.000         0.000        35.037


     Beginning Time:  15:22:37
        Ending Time:  15:28:00
       Elapsed Time:  00:05:23



MUTHEN & MUTHEN
3463 Stoner Ave.
Los Angeles, CA  90066

Tel: (310) 391-9971
Fax: (310) 391-8971
Web: www.StatModel.com
Support: Support@StatModel.com

Copyright (c) 1998-2015 Muthen & Muthen
