Mplus VERSION 7.4 (Mac)
MUTHEN & MUTHEN
10/14/2017   6:58 PM

INPUT INSTRUCTIONS

  TITLE:
  11 - Predetermined ALT-9 plus stationary cognitive
  DATA:
  File = wide-dataset-b.dat;
  VARIABLE:
  NAMES are
   id hhid male birthyr_rand birthmo_rand race_rand hispanic_rand cohort
      raedyrs raedegrm memoryproblems_baseline memory_disease_ever age_baseline
      age_baseline_65 health_conditions_baseline healthcond_mean activity_mean_2004
      activity_mean_2006 activity_mean_2008 activity_mean_2010 activity_mean_2012
      activity_mean_2014 activity_sum_2004 activity_sum_2006 activity_sum_2008
      activity_sum_2010 activity_sum_2012 activity_sum_2014 close_social_network_2004
      close_social_network_2006 close_social_network_2008 close_social_network_2010
      close_social_network_2012 close_social_network_2014 countb20r_2004
      countb20r_2006 countb20r_2008 countb20r_2010 countb20r_2012 countb20r_2014
      crp_adj_2004 crp_adj_2006 crp_adj_2008 crp_adj_2010 crp_adj_2012 crp_adj_2014
      dep_total_2004 dep_total_2006 dep_total_2008 dep_total_2010 dep_total_2012
      dep_total_2014 exercise_2004 exercise_2006 exercise_2008 exercise_2010
      exercise_2012 exercise_2014 healthcond_2004 healthcond_2006 healthcond_2008
      healthcond_2010 healthcond_2012 healthcond_2014 hhres_2004 hhres_2006
      hhres_2008 hhres_2010 hhres_2012 hhres_2014 hrs_tscore_2004 hrs_tscore_2006
      hrs_tscore_2008 hrs_tscore_2010 hrs_tscore_2012 hrs_tscore_2014 intage_r_2004
      intage_r_2006 intage_r_2008 intage_r_2010 intage_r_2012 intage_r_2014
      interview_date_2004 interview_date_2006 interview_date_2008 interview_date_2010
      interview_date_2012 interview_date_2014 lb_65_wave_2004 lb_65_wave_2006
      lb_65_wave_2008 lb_65_wave_2010 lb_65_wave_2012 lb_65_wave_2014 lb_wave_2004
      lb_wave_2006 lb_wave_2008 lb_wave_2010 lb_wave_2012 lb_wave_2014 listassi_2004
      listassi_2006 listassi_2008 listassi_2010 listassi_2012 listassi_2014
      mentalstatus_tot_2004 mentalstatus_tot_2006 mentalstatus_tot_2008
      mentalstatus_tot_2010 mentalstatus_tot_2012 mentalstatus_tot_2014 proxy_2004
      proxy_2006 proxy_2008 proxy_2010 proxy_2012 proxy_2014 responded_2004
      responded_2006 responded_2008 responded_2010 responded_2012 responded_2014
      rmaritalst_2004 rmaritalst_2006 rmaritalst_2008 rmaritalst_2010 rmaritalst_2012
      rmaritalst_2014 rpartst_2004 rpartst_2006 rpartst_2008 rpartst_2010
      rpartst_2012 rpartst_2014 score_loneliness_11_2004 score_loneliness_11_2006
      score_loneliness_11_2008 score_loneliness_11_2010 score_loneliness_11_2012
      score_loneliness_11_2014 score_loneliness_3_2004 score_loneliness_3_2006
      score_loneliness_3_2008 score_loneliness_3_2010 score_loneliness_3_2012
      score_loneliness_3_2014 shhidpnr_2004 shhidpnr_2006 shhidpnr_2008 shhidpnr_2010
      shhidpnr_2012 shhidpnr_2014 snchild_2004 snchild_2006 snchild_2008 snchild_2010
      snchild_2012 snchild_2014 snfamily_2004 snfamily_2006 snfamily_2008
      snfamily_2010 snfamily_2012 snfamily_2014 snfriends_2004 snfriends_2006
      snfriends_2008 snfriends_2010 snfriends_2012 snfriends_2014 snspouse_2004
      snspouse_2006 snspouse_2008 snspouse_2010 snspouse_2012 snspouse_2014
      social_contact_total_2004 social_contact_total_2006 social_contact_total_2008
      social_contact_total_2010 social_contact_total_2012 social_contact_total_2014
      social_strain_mean_2004 social_strain_mean_2006 social_strain_mean_2008
      social_strain_mean_2010 social_strain_mean_2012 social_strain_mean_2014
      social_support_mean_2004 social_support_mean_2006 social_support_mean_2008
      social_support_mean_2010 social_support_mean_2012 social_support_mean_2014
      socialnetwork_total_2004 socialnetwork_total_2006 socialnetwork_total_2008
      socialnetwork_total_2010 socialnetwork_total_2012 socialnetwork_total_2014
      srmemory_2004 srmemory_2006 srmemory_2008 srmemory_2010 srmemory_2012
      srmemory_2014 srmemoryp_2004 srmemoryp_2006 srmemoryp_2008 srmemoryp_2010
      srmemoryp_2012 srmemoryp_2014 vocab_total_2004 vocab_total_2006 vocab_total_2008
      vocab_total_2010 vocab_total_2012 vocab_total_2014 wrectotd_2004 wrectotd_2006
      wrectotd_2008 wrectotd_2010 wrectotd_2012 wrectotd_2014 wrectoti_2004
      wrectoti_2006 wrectoti_2008 wrectoti_2010 wrectoti_2012 wrectoti_2014
  	;
  Missing are all(9999);
  USEVARIABLES are
  	!define the variables used in the analysis
  	!estimated time points
  a_01
  a_02
  a_03
  a_04
  a_05
  a_06
  	!modelled time points of process (B)
  b_01
  b_02
  b_03
  b_04
  b_05
  b_06
  	! covariates used in the model
  	;
  SUBPOPULATION are
  	!select a subset of observations
  age_baseline > 64 AND
  memory_disease_ever EQ 0
  ;
  CLUSTER = hhid;
  DEFINE:
    ! centre baseline age
  a = age_baseline - 69;
  	! assign variables to the process (A)
  a_01=wrectoti_2004;
  a_02=wrectoti_2006;
  a_03=wrectoti_2008;
  a_04=wrectoti_2010;
  a_05=wrectoti_2012;
  a_06=wrectoti_2014;
  	! assign variables to the process (B)
  b_01=social_contact_total_2004;
  b_02=social_contact_total_2006;
  b_03=social_contact_total_2008;
  b_04=social_contact_total_2010;
  b_05=social_contact_total_2012;
  b_06=social_contact_total_2014;
  ANALYSIS:
  TYPE = COMPLEX RANDOM;
  model=nocovariances;
  COVERAGE=.00;
  H1ITERATIONS = 10000;
  MODEL:
  	!LGM part
  	! assign process (A) to time points
  ia BY a_02@1 a_03@1 a_04@1 a_05@1 a_06@1;
  sa BY a_02@0 a_03@2 a_04@4 a_05@6 a_06@8;
  	! assign process (B) to time points
  ib BY b_02@1 b_03@1 b_04@1 b_05@1 b_06@1;
  sb BY b_02@0 b_03@2 b_04@4 b_05@6 b_06@8;
  	!correlations between the first measurement points
  	!autoregressive part
  a_01 a_02 a_03 a_04 a_05 a_06;
  a_02 ON a_01(1);
  a_03 ON a_02(1);
  a_04 ON a_03(1);
  a_05 ON a_04(1);
  a_06 ON a_05(1);
  b_01 b_02 b_03 b_04 b_05 b_06;
  b_02 ON b_01;
  b_03 ON b_02;
  b_04 ON b_03;
  b_05 ON b_04;
  b_06 ON b_05;
  	!Cross lagged part
  a_02 ON b_01;
  a_03 ON b_02;
  a_04 ON b_03;
  a_05 ON b_04;
  a_06 ON b_05;
  b_02 ON a_01;
  b_03 ON a_02;
  b_04 ON a_03;
  b_05 ON a_04;
  b_06 ON a_05;
  ia;
  sa;
  ib;
  !sb;
  ia with sa;
  !ib with sb;
  ia with a_01;
  sa with a_01;
  ib with b_01;
  sb with b_01;
  ia with ib;
  sa with sb;
  ! Time specific correlations
  !b_02 WITH a_02(1);
  !b_04 WITH a_04(1);
  !b_05 WITH a_05(1);
  !b_06 WITH a_06(1);
  [a_02@0 a_03@0 a_04@0 a_05@0 a_06@0];
  [b_02@0 b_03@0 b_04@0 b_05@0 b_06@0];
  [ia];
  [ib];
  [sa];
  [sb];
  [a_01];
  [b_01];
  	
  OUTPUT: SAMPSTAT MODINDICES (3.0); TECH1; TECH4;



*** WARNING in OUTPUT command
  TECH4 option for TYPE=RANDOM requires ALGORITHM=INTEGRATION.
  Request for TECH4 is ignored.
   1 WARNING(S) FOUND IN THE INPUT INSTRUCTIONS




11 - Predetermined ALT-9 plus stationary cognitive

SUMMARY OF ANALYSIS

Number of groups                                                 1
Number of observations                                        5952

Number of dependent variables                                   10
Number of independent variables                                  2
Number of continuous latent variables                            4

Observed dependent variables

  Continuous
   A_02        A_03        A_04        A_05        A_06        B_02
   B_03        B_04        B_05        B_06

Observed independent variables
   A_01        B_01

Continuous latent variables
   IA          SA          IB          SB

Variables with special functions

  Cluster variable      HHID

Estimator                                                      MLR
Information matrix                                        OBSERVED
Maximum number of iterations                                   100
Convergence criterion                                    0.100D-05
Maximum number of EM iterations                                500
Convergence criteria for the EM algorithm
  Loglikelihood change                                   0.100D-02
  Relative loglikelihood change                          0.100D-05
  Derivative                                             0.100D-03
Minimum variance                                         0.100D-03
Maximum number of steepest descent iterations                   20
Maximum number of iterations for H1                          10000
Convergence criterion for H1                             0.100D-03
Optimization algorithm                                         EMA

Input data file(s)
  wide-dataset-b.dat
Input data format  FREE


SUMMARY OF DATA

     Number of missing data patterns           272
     Number of clusters        4882



SAMPLE STATISTICS


     ESTIMATED SAMPLE STATISTICS


           Means
              A_02          A_03          A_04          A_05          A_06
              ________      ________      ________      ________      ________
 1              5.305         5.167         4.831         4.663         4.479


           Means
              B_02          B_03          B_04          B_05          B_06
              ________      ________      ________      ________      ________
 1             29.546        29.570        29.190        28.584        27.913


           Means
              A_01          B_01
              ________      ________
 1              5.434        30.292


           Covariances
              A_02          A_03          A_04          A_05          A_06
              ________      ________      ________      ________      ________
 A_02           2.359
 A_03           1.086         2.390
 A_04           1.199         1.152         2.707
 A_05           1.089         1.240         1.319         2.690
 A_06           1.244         1.179         1.372         1.389         2.813
 B_02           2.235         1.976         1.912         2.486         1.954
 B_03           2.521         2.122         2.670         2.601         2.929
 B_04           2.443         2.420         2.311         2.377         2.370
 B_05           2.870         2.866         2.826         3.310         3.293
 B_06           2.144         2.636         2.257         3.032         3.163
 A_01           1.073         1.088         1.053         1.132         1.056
 B_01           1.874         1.893         1.920         2.092         1.568


           Covariances
              B_02          B_03          B_04          B_05          B_06
              ________      ________      ________      ________      ________
 B_02          66.433
 B_03          36.135        74.089
 B_04          41.320        38.893        72.256
 B_05          29.228        45.615        34.288        78.884
 B_06          38.101        45.582        46.097        35.431        77.791
 A_01           2.239         2.392         2.200         2.531         2.216
 B_01          33.826        37.790        33.538        38.939        36.608


           Covariances
              A_01          B_01
              ________      ________
 A_01           2.263
 B_01           1.542        70.490


           Correlations
              A_02          A_03          A_04          A_05          A_06
              ________      ________      ________      ________      ________
 A_02           1.000
 A_03           0.457         1.000
 A_04           0.474         0.453         1.000
 A_05           0.433         0.489         0.489         1.000
 A_06           0.483         0.455         0.497         0.505         1.000
 B_02           0.179         0.157         0.143         0.186         0.143
 B_03           0.191         0.160         0.189         0.184         0.203
 B_04           0.187         0.184         0.165         0.170         0.166
 B_05           0.210         0.209         0.193         0.227         0.221
 B_06           0.158         0.193         0.156         0.210         0.214
 A_01           0.464         0.468         0.425         0.459         0.418
 B_01           0.145         0.146         0.139         0.152         0.111


           Correlations
              B_02          B_03          B_04          B_05          B_06
              ________      ________      ________      ________      ________
 B_02           1.000
 B_03           0.515         1.000
 B_04           0.596         0.532         1.000
 B_05           0.404         0.597         0.454         1.000
 B_06           0.530         0.600         0.615         0.452         1.000
 A_01           0.183         0.185         0.172         0.189         0.167
 B_01           0.494         0.523         0.470         0.522         0.494


           Correlations
              A_01          B_01
              ________      ________
 A_01           1.000
 B_01           0.122         1.000


     MAXIMUM LOG-LIKELIHOOD VALUE FOR THE UNRESTRICTED (H1) MODEL IS -101716.646


UNIVARIATE SAMPLE STATISTICS


     UNIVARIATE HIGHER-ORDER MOMENT DESCRIPTIVE STATISTICS

         Variable/         Mean/     Skewness/   Minimum/ % with                Percentiles
        Sample Size      Variance    Kurtosis    Maximum  Min/Max      20%/60%    40%/80%    Median

     A_02                  5.312      -0.013       0.000    0.25%       4.000      5.000      5.000
            5681.000       2.347       0.206      10.000    0.42%       6.000      7.000
     A_03                  5.177      -0.071       0.000    0.36%       4.000      5.000      5.000
            5775.000       2.383       0.197      10.000    0.23%       6.000      6.000
     A_04                  4.856      -0.123       0.000    1.04%       4.000      5.000      5.000
            5669.000       2.683       0.277      10.000    0.19%       5.000      6.000
     A_05                  4.743      -0.175       0.000    1.46%       3.000      4.000      5.000
            5132.000       2.642       0.389      10.000    0.19%       5.000      6.000
     A_06                  4.626      -0.096       0.000    1.38%       3.000      4.000      5.000
            4429.000       2.729       0.239      10.000    0.09%       5.000      6.000
     B_02                 29.599      -0.258       3.000    0.07%      23.000     28.000     30.000
            2788.000      66.183       0.159      54.000    0.18%      32.000     36.000
     B_03                 29.608      -0.254       2.000    0.04%      23.000     28.000     30.000
            2739.000      73.864       0.073      54.000    0.18%      32.000     37.000
     B_04                 29.406      -0.205       4.000    0.19%      22.000     28.000     30.000
            2647.000      71.988      -0.061      54.000    0.04%      32.000     36.000
     B_05                 28.986      -0.189       3.000    0.04%      22.000     27.000     29.000
            2240.000      77.040      -0.099      54.000    0.13%      32.000     36.000
     B_06                 28.653      -0.229       3.000    0.05%      22.000     27.000     29.000
            2036.000      76.540      -0.202      54.000    0.05%      31.000     36.000
     A_01                  5.450      -0.108       0.000    0.36%       4.000      5.000      5.000
            5496.000       2.255       0.367      10.000    0.38%       6.000      7.000
     B_01                 30.562      -0.258       3.000    0.09%      24.000     29.000     31.000
            1057.000      70.074       0.149      53.000    0.09%      33.000     37.000


THE MODEL ESTIMATION TERMINATED NORMALLY

     WARNING:  THE LATENT VARIABLE COVARIANCE MATRIX (PSI) IS NOT POSITIVE
     DEFINITE.  THIS COULD INDICATE A NEGATIVE VARIANCE/RESIDUAL VARIANCE FOR A
     LATENT VARIABLE, A CORRELATION GREATER OR EQUAL TO ONE BETWEEN TWO LATENT
     VARIABLES, OR A LINEAR DEPENDENCY AMONG MORE THAN TWO LATENT VARIABLES.
     CHECK THE TECH4 OUTPUT FOR MORE INFORMATION.



MODEL FIT INFORMATION

Number of Free Parameters                       45

Loglikelihood

          H0 Value                     -101812.994
          H0 Scaling Correction Factor      1.2155
            for MLR
          H1 Value                     -101716.646
          H1 Scaling Correction Factor      1.2916
            for MLR

Information Criteria

          Akaike (AIC)                  203715.987
          Bayesian (BIC)                204017.104
          Sample-Size Adjusted BIC      203874.107
            (n* = (n + 2) / 24)

Chi-Square Test of Model Fit

          Value                            140.883*
          Degrees of Freedom                    45
          P-Value                           0.0000
          Scaling Correction Factor         1.3678
            for MLR

*   The chi-square value for MLM, MLMV, MLR, ULSMV, WLSM and WLSMV cannot be used
    for chi-square difference testing in the regular way.  MLM, MLR and WLSM
    chi-square difference testing is described on the Mplus website.  MLMV, WLSMV,
    and ULSMV difference testing is done using the DIFFTEST option.

RMSEA (Root Mean Square Error Of Approximation)

          Estimate                           0.019

CFI/TLI

          CFI                                0.990
          TLI                                0.986

Chi-Square Test of Model Fit for the Baseline Model

          Value                           9827.621
          Degrees of Freedom                    66
          P-Value                           0.0000

SRMR (Standardized Root Mean Square Residual)

          Value                              0.072



MODEL RESULTS

                                                    Two-Tailed
                    Estimate       S.E.  Est./S.E.    P-Value

 IA       BY
    A_02               1.000      0.000    999.000    999.000
    A_03               1.000      0.000    999.000    999.000
    A_04               1.000      0.000    999.000    999.000
    A_05               1.000      0.000    999.000    999.000
    A_06               1.000      0.000    999.000    999.000

 SA       BY
    A_02               0.000      0.000    999.000    999.000
    A_03               2.000      0.000    999.000    999.000
    A_04               4.000      0.000    999.000    999.000
    A_05               6.000      0.000    999.000    999.000
    A_06               8.000      0.000    999.000    999.000

 IB       BY
    B_02               1.000      0.000    999.000    999.000
    B_03               1.000      0.000    999.000    999.000
    B_04               1.000      0.000    999.000    999.000
    B_05               1.000      0.000    999.000    999.000
    B_06               1.000      0.000    999.000    999.000

 SB       BY
    B_02               0.000      0.000    999.000    999.000
    B_03               2.000      0.000    999.000    999.000
    B_04               4.000      0.000    999.000    999.000
    B_05               6.000      0.000    999.000    999.000
    B_06               8.000      0.000    999.000    999.000

 A_02       ON
    A_01              -0.012      0.013     -0.920      0.357
    B_01               0.010      0.003      3.674      0.000

 A_03       ON
    A_02              -0.012      0.013     -0.920      0.357
    B_02               0.013      0.003      5.045      0.000

 A_04       ON
    A_03              -0.012      0.013     -0.920      0.357
    B_03               0.009      0.003      3.439      0.001

 A_05       ON
    A_04              -0.012      0.013     -0.920      0.357
    B_04               0.011      0.003      3.396      0.001

 A_06       ON
    A_05              -0.012      0.013     -0.920      0.357
    B_05               0.012      0.004      2.998      0.003

 B_02       ON
    B_01               0.465      0.053      8.789      0.000
    A_01               1.100      0.084     13.164      0.000

 B_03       ON
    B_02               0.768      0.056     13.665      0.000
    A_02               0.161      0.130      1.242      0.214

 B_04       ON
    B_03               0.832      0.060     13.763      0.000
    A_03               0.322      0.119      2.720      0.007

 B_05       ON
    B_04               1.000      0.079     12.586      0.000
    A_04              -0.051      0.138     -0.370      0.711

 B_06       ON
    B_05               1.098      0.102     10.755      0.000
    A_05               0.009      0.190      0.048      0.962

 IA       WITH
    SA                 0.010      0.006      1.571      0.116
    A_01               1.086      0.040     27.227      0.000
    IB                 0.107      0.076      1.417      0.157

 SA       WITH
    A_01              -0.003      0.005     -0.589      0.556
    SB                 0.003      0.002      1.530      0.126

 IB       WITH
    B_01               5.679      3.414      1.664      0.096

 SB       WITH
    B_01              -0.631      0.719     -0.877      0.380

 Means
    A_01               5.433      0.020    265.859      0.000
    B_01              30.421      0.236    128.759      0.000
    IA                 5.068      0.117     43.487      0.000
    SA                -0.111      0.016     -6.834      0.000
    IB                 9.355      1.494      6.262      0.000
    SB                -1.617      0.355     -4.555      0.000

 Intercepts
    A_02               0.000      0.000    999.000    999.000
    A_03               0.000      0.000    999.000    999.000
    A_04               0.000      0.000    999.000    999.000
    A_05               0.000      0.000    999.000    999.000
    A_06               0.000      0.000    999.000    999.000
    B_02               0.000      0.000    999.000    999.000
    B_03               0.000      0.000    999.000    999.000
    B_04               0.000      0.000    999.000    999.000
    B_05               0.000      0.000    999.000    999.000
    B_06               0.000      0.000    999.000    999.000

 Variances
    A_01               2.264      0.047     48.420      0.000
    B_01              70.369      3.063     22.972      0.000
    IA                 1.093      0.064     17.139      0.000
    SA                 0.003      0.001      2.413      0.016
    IB                -3.789      1.993     -1.901      0.057
    SB                -0.173      0.057     -3.024      0.002

 Residual Variances
    A_02               1.257      0.046     27.238      0.000
    A_03               1.275      0.034     37.028      0.000
    A_04               1.433      0.044     32.546      0.000
    A_05               1.329      0.048     27.791      0.000
    A_06               1.330      0.054     24.838      0.000
    B_02              49.566      3.517     14.095      0.000
    B_03              37.561      2.519     14.909      0.000
    B_04              38.728      4.323      8.958      0.000
    B_05              46.555      3.797     12.261      0.000
    B_06              61.510     12.152      5.062      0.000


QUALITY OF NUMERICAL RESULTS

     Condition Number for the Information Matrix              0.221E-07
       (ratio of smallest to largest eigenvalue)


MODEL MODIFICATION INDICES

NOTE:  Modification indices for direct effects of observed dependent variables
regressed on covariates may not be included.  To include these, request
MODINDICES (ALL).

Minimum M.I. value for printing the modification index     3.000

                                   M.I.     E.P.C.


ON/BY Statements

A_02     ON SB       /
SB       BY A_02                   7.720     0.217
A_03     ON SA       /
SA       BY A_03                  12.510    -2.078
A_03     ON IB       /
IB       BY A_03                   8.558     0.024
A_03     ON SB       /
SB       BY A_03                   4.506    -0.117
A_04     ON SA       /
SA       BY A_04                   5.846     1.358
B_02     ON IA       /
IA       BY B_02                  27.557     1.663
B_02     ON SA       /
SA       BY B_02                   5.317    15.444
B_02     ON IB       /
IB       BY B_02                   6.703     0.651
B_02     ON SB       /
SB       BY B_02                  14.917    -5.171
B_03     ON SA       /
SA       BY B_03                   7.028    17.506
B_03     ON IB       /
IB       BY B_03                  12.383    -0.737
B_03     ON SB       /
SB       BY B_03                  11.074     2.130
B_04     ON SA       /
SA       BY B_04                   5.492   -14.014
B_05     ON IB       /
IB       BY B_05                   4.448     0.476
B_05     ON SB       /
SB       BY B_05                   3.439    -3.077
B_06     ON IA       /
IA       BY B_06                   5.148    -0.851
A_01     ON IA       /
IA       BY A_01                   6.209     7.552
A_01     ON SA       /
SA       BY A_01                   9.852    30.134
A_01     ON SB       /
SB       BY A_01                   8.284    -0.508
B_01     ON IA       /
IA       BY B_01                  27.893     1.495
B_01     ON SA       /
SA       BY B_01                  18.249    43.551
B_01     ON IB       /
IB       BY B_01                  25.780    14.124
B_01     ON SB       /
SB       BY B_01                  14.484    56.723
IA       ON SA       /
SA       BY IA                    16.163   -37.378
IA       ON IB       /
IB       BY IA                    25.497     0.266
IA       ON SB       /
SB       BY IA                     3.702     0.326
SA       ON IA       /
IA       BY SA                     4.573     0.603
SA       ON SB       /
SB       BY SA                    14.426    -0.305
IB       ON IA       /
IA       BY IB                     6.735     0.742
IB       ON SA       /
SA       BY IB                     4.480    19.389
SB       ON IA       /
IA       BY SB                     7.577    -0.216
SB       ON SA       /
SA       BY SB                    14.985   -10.060
SB       ON IB       /
IB       BY SB                     4.799    -0.364

ON Statements

IA       ON A_04                  10.201     0.051
IA       ON A_05                   4.345    -0.038
IA       ON B_02                  30.840     0.019
IA       ON B_03                  31.451     0.021
IA       ON B_04                  21.345     0.021
IA       ON B_05                  27.394     0.029
IA       ON B_06                  25.260     0.036
IA       ON B_01                  28.995     0.023
SA       ON A_03                   3.378    -0.006
SA       ON A_04                   3.565     0.005
SA       ON A_06                   3.361    -0.017
SA       ON B_02                  19.629     0.003
SA       ON B_03                  19.999     0.003
SA       ON B_04                   4.317     0.002
SA       ON B_05                   7.966     0.003
SA       ON B_06                  22.347     0.005
SA       ON A_01                 999.000     0.000
SA       ON B_01                  17.788     0.003
IB       ON B_02                   9.104     0.127
IB       ON B_03                   9.356     0.397
IB       ON B_06                   8.968     0.388
IB       ON A_01                   6.253     0.362
SB       ON A_02                   3.305    -0.022
SB       ON B_02                   4.540     0.015
SB       ON B_04                   4.521    -0.089
SB       ON B_05                  10.766    -0.118
SB       ON A_01                   4.022     0.051
A_02     ON A_05                  13.599    -0.054
A_02     ON A_06                   4.103     0.033
A_02     ON B_02                   8.028     0.013
A_02     ON B_03                   8.446     0.015
A_02     ON B_04                   6.408     0.013
A_02     ON B_05                   4.244     0.011
A_03     ON B_01                   9.608     0.016
A_05     ON A_02                   7.736    -0.034
A_05     ON B_02                  11.802     0.014
A_05     ON B_03                   3.692     0.012
A_05     ON B_05                   5.753     0.018
A_05     ON B_06                  11.827     0.024
A_06     ON A_02                   5.734     0.041
A_06     ON A_03                   3.481    -0.030
A_06     ON B_03                   8.766     0.015
B_02     ON A_02                  20.444     0.569
B_02     ON A_04                   6.402     0.305
B_02     ON A_05                  17.835     0.505
B_02     ON A_06                  10.787     0.418
B_02     ON B_02                   6.714     0.651
B_02     ON B_03                  12.427     0.302
B_02     ON B_04                   5.529     0.137
B_02     ON B_06                  21.341     0.527
B_03     ON B_03                   6.461    -1.002
B_03     ON B_04                   5.859    -0.138
B_03     ON B_05                   5.292    -0.083
B_03     ON B_06                   4.139    -0.118
B_04     ON B_02                   7.507     0.171
B_04     ON A_01                   4.676     0.317
B_05     ON A_05                   4.585     0.296
B_05     ON B_05                   3.027     1.139
B_06     ON A_02                  11.468    -0.628
B_06     ON A_04                   4.190    -0.354
B_06     ON B_06                  11.496    -1.865
A_01     ON A_04                   6.846    -0.050
A_01     ON A_05                   9.008     0.066
A_01     ON B_02                  14.834    -0.020
A_01     ON B_03                   5.297    -0.011
B_01     ON A_02                  21.963     0.909
B_01     ON A_03                   7.932     0.477
B_01     ON A_04                  18.643     0.676
B_01     ON A_05                  24.181     0.781
B_01     ON A_06                  16.769     0.681
B_01     ON B_03                   7.041     0.299
B_01     ON B_04                  22.873     0.505
B_01     ON B_05                  11.960     0.327
B_01     ON B_06                  11.664     0.427
B_01     ON A_01                   8.366     0.491

WITH Statements

IB       WITH SA                   5.068     0.068
SB       WITH IA                  16.254    -0.127
A_03     WITH IA                   4.025    -0.051
A_03     WITH SA                   4.635    -0.008
A_03     WITH IB                   3.539    -0.128
A_04     WITH IA                   8.961     0.069
A_04     WITH A_02                 8.294     0.093
A_05     WITH IA                   4.865    -0.054
A_05     WITH A_02                24.636    -0.144
A_06     WITH SA                   4.762    -0.026
A_06     WITH A_02                17.646     0.166
A_06     WITH A_03                 8.880    -0.093
B_02     WITH IA                  15.736     0.820
B_02     WITH SA                  10.155     0.112
B_02     WITH IB                   4.763     4.446
B_02     WITH A_02                 9.705     0.631
B_02     WITH A_03                10.220    -0.663
B_02     WITH A_05                 6.046     0.487
B_03     WITH IB                   3.481    -3.738
B_03     WITH SB                   4.585    -0.654
B_03     WITH B_02                 4.310     7.080
B_04     WITH IA                   4.943    -0.509
B_04     WITH SA                   8.582    -0.109
B_04     WITH B_03                 4.151    -4.400
B_05     WITH IB                   5.375    -6.749
B_05     WITH A_05                 3.933     0.415
B_05     WITH B_03                 4.518    -5.877
B_06     WITH IA                   7.164    -0.828
B_06     WITH SA                   3.249     0.120
B_06     WITH IB                   3.094     3.285
B_06     WITH SB                   4.987     3.139
B_06     WITH A_02                 7.027    -0.731
B_06     WITH A_05                 5.521     1.261
B_06     WITH B_04                 5.591    20.008
A_01     WITH IB                   6.365     0.822
A_01     WITH SB                   9.869     0.102
A_01     WITH A_04                 6.662    -0.071
A_01     WITH A_05                 8.630     0.087
A_01     WITH B_02                27.554    -2.046
A_01     WITH B_04                 8.185     0.747
B_01     WITH IA                  25.509     1.509
B_01     WITH SA                  14.511     0.193
B_01     WITH A_05                 5.204     0.719
B_01     WITH B_02                12.798   -15.324
B_01     WITH B_03                12.175    13.710

Means/Intercepts/Thresholds

[ A_02     ]                       3.810    -0.279
[ A_03     ]                       7.793     0.273
[ B_02     ]                      12.301     6.753
[ B_03     ]                      13.578    -4.929
[ B_05     ]                       3.919     4.519


TECHNICAL 1 OUTPUT


     PARAMETER SPECIFICATION


           NU
              A_02          A_03          A_04          A_05          A_06
              ________      ________      ________      ________      ________
 1                  0             0             0             0             0


           NU
              B_02          B_03          B_04          B_05          B_06
              ________      ________      ________      ________      ________
 1                  0             0             0             0             0


           NU
              A_01          B_01
              ________      ________
 1                  0             0


           LAMBDA
              IA            SA            IB            SB            A_02
              ________      ________      ________      ________      ________
 A_02               0             0             0             0             0
 A_03               0             0             0             0             0
 A_04               0             0             0             0             0
 A_05               0             0             0             0             0
 A_06               0             0             0             0             0
 B_02               0             0             0             0             0
 B_03               0             0             0             0             0
 B_04               0             0             0             0             0
 B_05               0             0             0             0             0
 B_06               0             0             0             0             0
 A_01               0             0             0             0             0
 B_01               0             0             0             0             0


           LAMBDA
              A_03          A_04          A_05          A_06          B_02
              ________      ________      ________      ________      ________
 A_02               0             0             0             0             0
 A_03               0             0             0             0             0
 A_04               0             0             0             0             0
 A_05               0             0             0             0             0
 A_06               0             0             0             0             0
 B_02               0             0             0             0             0
 B_03               0             0             0             0             0
 B_04               0             0             0             0             0
 B_05               0             0             0             0             0
 B_06               0             0             0             0             0
 A_01               0             0             0             0             0
 B_01               0             0             0             0             0


           LAMBDA
              B_03          B_04          B_05          B_06          A_01
              ________      ________      ________      ________      ________
 A_02               0             0             0             0             0
 A_03               0             0             0             0             0
 A_04               0             0             0             0             0
 A_05               0             0             0             0             0
 A_06               0             0             0             0             0
 B_02               0             0             0             0             0
 B_03               0             0             0             0             0
 B_04               0             0             0             0             0
 B_05               0             0             0             0             0
 B_06               0             0             0             0             0
 A_01               0             0             0             0             0
 B_01               0             0             0             0             0


           LAMBDA
              B_01
              ________
 A_02               0
 A_03               0
 A_04               0
 A_05               0
 A_06               0
 B_02               0
 B_03               0
 B_04               0
 B_05               0
 B_06               0
 A_01               0
 B_01               0


           THETA
              A_02          A_03          A_04          A_05          A_06
              ________      ________      ________      ________      ________
 A_02               0
 A_03               0             0
 A_04               0             0             0
 A_05               0             0             0             0
 A_06               0             0             0             0             0
 B_02               0             0             0             0             0
 B_03               0             0             0             0             0
 B_04               0             0             0             0             0
 B_05               0             0             0             0             0
 B_06               0             0             0             0             0
 A_01               0             0             0             0             0
 B_01               0             0             0             0             0


           THETA
              B_02          B_03          B_04          B_05          B_06
              ________      ________      ________      ________      ________
 B_02               0
 B_03               0             0
 B_04               0             0             0
 B_05               0             0             0             0
 B_06               0             0             0             0             0
 A_01               0             0             0             0             0
 B_01               0             0             0             0             0


           THETA
              A_01          B_01
              ________      ________
 A_01               0
 B_01               0             0


           ALPHA
              IA            SA            IB            SB            A_02
              ________      ________      ________      ________      ________
 1                  1             2             3             4             0


           ALPHA
              A_03          A_04          A_05          A_06          B_02
              ________      ________      ________      ________      ________
 1                  0             0             0             0             0


           ALPHA
              B_03          B_04          B_05          B_06          A_01
              ________      ________      ________      ________      ________
 1                  0             0             0             0             5


           ALPHA
              B_01
              ________
 1                  6


           BETA
              IA            SA            IB            SB            A_02
              ________      ________      ________      ________      ________
 IA                 0             0             0             0             0
 SA                 0             0             0             0             0
 IB                 0             0             0             0             0
 SB                 0             0             0             0             0
 A_02               0             0             0             0             0
 A_03               0             0             0             0             7
 A_04               0             0             0             0             0
 A_05               0             0             0             0             0
 A_06               0             0             0             0             0
 B_02               0             0             0             0             0
 B_03               0             0             0             0            15
 B_04               0             0             0             0             0
 B_05               0             0             0             0             0
 B_06               0             0             0             0             0
 A_01               0             0             0             0             0
 B_01               0             0             0             0             0


           BETA
              A_03          A_04          A_05          A_06          B_02
              ________      ________      ________      ________      ________
 IA                 0             0             0             0             0
 SA                 0             0             0             0             0
 IB                 0             0             0             0             0
 SB                 0             0             0             0             0
 A_02               0             0             0             0             0
 A_03               0             0             0             0             9
 A_04               7             0             0             0             0
 A_05               0             7             0             0             0
 A_06               0             0             7             0             0
 B_02               0             0             0             0             0
 B_03               0             0             0             0            16
 B_04              17             0             0             0             0
 B_05               0            19             0             0             0
 B_06               0             0            21             0             0
 A_01               0             0             0             0             0
 B_01               0             0             0             0             0


           BETA
              B_03          B_04          B_05          B_06          A_01
              ________      ________      ________      ________      ________
 IA                 0             0             0             0             0
 SA                 0             0             0             0             0
 IB                 0             0             0             0             0
 SB                 0             0             0             0             0
 A_02               0             0             0             0             7
 A_03               0             0             0             0             0
 A_04              10             0             0             0             0
 A_05               0            11             0             0             0
 A_06               0             0            12             0             0
 B_02               0             0             0             0            13
 B_03               0             0             0             0             0
 B_04              18             0             0             0             0
 B_05               0            20             0             0             0
 B_06               0             0            22             0             0
 A_01               0             0             0             0             0
 B_01               0             0             0             0             0


           BETA
              B_01
              ________
 IA                 0
 SA                 0
 IB                 0
 SB                 0
 A_02               8
 A_03               0
 A_04               0
 A_05               0
 A_06               0
 B_02              14
 B_03               0
 B_04               0
 B_05               0
 B_06               0
 A_01               0
 B_01               0


           PSI
              IA            SA            IB            SB            A_02
              ________      ________      ________      ________      ________
 IA                23
 SA                24            25
 IB                26             0            27
 SB                 0            28             0            29
 A_02               0             0             0             0            30
 A_03               0             0             0             0             0
 A_04               0             0             0             0             0
 A_05               0             0             0             0             0
 A_06               0             0             0             0             0
 B_02               0             0             0             0             0
 B_03               0             0             0             0             0
 B_04               0             0             0             0             0
 B_05               0             0             0             0             0
 B_06               0             0             0             0             0
 A_01              40            41             0             0             0
 B_01               0             0            43            44             0


           PSI
              A_03          A_04          A_05          A_06          B_02
              ________      ________      ________      ________      ________
 A_03              31
 A_04               0            32
 A_05               0             0            33
 A_06               0             0             0            34
 B_02               0             0             0             0            35
 B_03               0             0             0             0             0
 B_04               0             0             0             0             0
 B_05               0             0             0             0             0
 B_06               0             0             0             0             0
 A_01               0             0             0             0             0
 B_01               0             0             0             0             0


           PSI
              B_03          B_04          B_05          B_06          A_01
              ________      ________      ________      ________      ________
 B_03              36
 B_04               0            37
 B_05               0             0            38
 B_06               0             0             0            39
 A_01               0             0             0             0            42
 B_01               0             0             0             0             0


           PSI
              B_01
              ________
 B_01              45


     STARTING VALUES


           NU
              A_02          A_03          A_04          A_05          A_06
              ________      ________      ________      ________      ________
 1              0.000         0.000         0.000         0.000         0.000


           NU
              B_02          B_03          B_04          B_05          B_06
              ________      ________      ________      ________      ________
 1              0.000         0.000         0.000         0.000         0.000


           NU
              A_01          B_01
              ________      ________
 1              0.000         0.000


           LAMBDA
              IA            SA            IB            SB            A_02
              ________      ________      ________      ________      ________
 A_02           0.000         0.000         0.000         0.000         1.000
 A_03           0.000         0.000         0.000         0.000         0.000
 A_04           0.000         0.000         0.000         0.000         0.000
 A_05           0.000         0.000         0.000         0.000         0.000
 A_06           0.000         0.000         0.000         0.000         0.000
 B_02           0.000         0.000         0.000         0.000         0.000
 B_03           0.000         0.000         0.000         0.000         0.000
 B_04           0.000         0.000         0.000         0.000         0.000
 B_05           0.000         0.000         0.000         0.000         0.000
 B_06           0.000         0.000         0.000         0.000         0.000
 A_01           0.000         0.000         0.000         0.000         0.000
 B_01           0.000         0.000         0.000         0.000         0.000


           LAMBDA
              A_03          A_04          A_05          A_06          B_02
              ________      ________      ________      ________      ________
 A_02           0.000         0.000         0.000         0.000         0.000
 A_03           1.000         0.000         0.000         0.000         0.000
 A_04           0.000         1.000         0.000         0.000         0.000
 A_05           0.000         0.000         1.000         0.000         0.000
 A_06           0.000         0.000         0.000         1.000         0.000
 B_02           0.000         0.000         0.000         0.000         1.000
 B_03           0.000         0.000         0.000         0.000         0.000
 B_04           0.000         0.000         0.000         0.000         0.000
 B_05           0.000         0.000         0.000         0.000         0.000
 B_06           0.000         0.000         0.000         0.000         0.000
 A_01           0.000         0.000         0.000         0.000         0.000
 B_01           0.000         0.000         0.000         0.000         0.000


           LAMBDA
              B_03          B_04          B_05          B_06          A_01
              ________      ________      ________      ________      ________
 A_02           0.000         0.000         0.000         0.000         0.000
 A_03           0.000         0.000         0.000         0.000         0.000
 A_04           0.000         0.000         0.000         0.000         0.000
 A_05           0.000         0.000         0.000         0.000         0.000
 A_06           0.000         0.000         0.000         0.000         0.000
 B_02           0.000         0.000         0.000         0.000         0.000
 B_03           1.000         0.000         0.000         0.000         0.000
 B_04           0.000         1.000         0.000         0.000         0.000
 B_05           0.000         0.000         1.000         0.000         0.000
 B_06           0.000         0.000         0.000         1.000         0.000
 A_01           0.000         0.000         0.000         0.000         1.000
 B_01           0.000         0.000         0.000         0.000         0.000


           LAMBDA
              B_01
              ________
 A_02           0.000
 A_03           0.000
 A_04           0.000
 A_05           0.000
 A_06           0.000
 B_02           0.000
 B_03           0.000
 B_04           0.000
 B_05           0.000
 B_06           0.000
 A_01           0.000
 B_01           1.000


           THETA
              A_02          A_03          A_04          A_05          A_06
              ________      ________      ________      ________      ________
 A_02           0.000
 A_03           0.000         0.000
 A_04           0.000         0.000         0.000
 A_05           0.000         0.000         0.000         0.000
 A_06           0.000         0.000         0.000         0.000         0.000
 B_02           0.000         0.000         0.000         0.000         0.000
 B_03           0.000         0.000         0.000         0.000         0.000
 B_04           0.000         0.000         0.000         0.000         0.000
 B_05           0.000         0.000         0.000         0.000         0.000
 B_06           0.000         0.000         0.000         0.000         0.000
 A_01           0.000         0.000         0.000         0.000         0.000
 B_01           0.000         0.000         0.000         0.000         0.000


           THETA
              B_02          B_03          B_04          B_05          B_06
              ________      ________      ________      ________      ________
 B_02           0.000
 B_03           0.000         0.000
 B_04           0.000         0.000         0.000
 B_05           0.000         0.000         0.000         0.000
 B_06           0.000         0.000         0.000         0.000         0.000
 A_01           0.000         0.000         0.000         0.000         0.000
 B_01           0.000         0.000         0.000         0.000         0.000


           THETA
              A_01          B_01
              ________      ________
 A_01           0.000
 B_01           0.000         0.000


           ALPHA
              IA            SA            IB            SB            A_02
              ________      ________      ________      ________      ________
 1              0.000         0.000         0.000         0.000         0.000


           ALPHA
              A_03          A_04          A_05          A_06          B_02
              ________      ________      ________      ________      ________
 1              0.000         0.000         0.000         0.000         0.000


           ALPHA
              B_03          B_04          B_05          B_06          A_01
              ________      ________      ________      ________      ________
 1              0.000         0.000         0.000         0.000         0.000


           ALPHA
              B_01
              ________
 1              0.000


           BETA
              IA            SA            IB            SB            A_02
              ________      ________      ________      ________      ________
 IA             0.000         0.000         0.000         0.000         0.000
 SA             0.000         0.000         0.000         0.000         0.000
 IB             0.000         0.000         0.000         0.000         0.000
 SB             0.000         0.000         0.000         0.000         0.000
 A_02           1.000         0.000         0.000         0.000         0.000
 A_03           1.000         2.000         0.000         0.000         0.000
 A_04           1.000         4.000         0.000         0.000         0.000
 A_05           1.000         6.000         0.000         0.000         0.000
 A_06           1.000         8.000         0.000         0.000         0.000
 B_02           0.000         0.000         1.000         0.000         0.000
 B_03           0.000         0.000         1.000         2.000         0.000
 B_04           0.000         0.000         1.000         4.000         0.000
 B_05           0.000         0.000         1.000         6.000         0.000
 B_06           0.000         0.000         1.000         8.000         0.000
 A_01           0.000         0.000         0.000         0.000         0.000
 B_01           0.000         0.000         0.000         0.000         0.000


           BETA
              A_03          A_04          A_05          A_06          B_02
              ________      ________      ________      ________      ________
 IA             0.000         0.000         0.000         0.000         0.000
 SA             0.000         0.000         0.000         0.000         0.000
 IB             0.000         0.000         0.000         0.000         0.000
 SB             0.000         0.000         0.000         0.000         0.000
 A_02           0.000         0.000         0.000         0.000         0.000
 A_03           0.000         0.000         0.000         0.000         0.000
 A_04           0.000         0.000         0.000         0.000         0.000
 A_05           0.000         0.000         0.000         0.000         0.000
 A_06           0.000         0.000         0.000         0.000         0.000
 B_02           0.000         0.000         0.000         0.000         0.000
 B_03           0.000         0.000         0.000         0.000         0.000
 B_04           0.000         0.000         0.000         0.000         0.000
 B_05           0.000         0.000         0.000         0.000         0.000
 B_06           0.000         0.000         0.000         0.000         0.000
 A_01           0.000         0.000         0.000         0.000         0.000
 B_01           0.000         0.000         0.000         0.000         0.000


           BETA
              B_03          B_04          B_05          B_06          A_01
              ________      ________      ________      ________      ________
 IA             0.000         0.000         0.000         0.000         0.000
 SA             0.000         0.000         0.000         0.000         0.000
 IB             0.000         0.000         0.000         0.000         0.000
 SB             0.000         0.000         0.000         0.000         0.000
 A_02           0.000         0.000         0.000         0.000         0.000
 A_03           0.000         0.000         0.000         0.000         0.000
 A_04           0.000         0.000         0.000         0.000         0.000
 A_05           0.000         0.000         0.000         0.000         0.000
 A_06           0.000         0.000         0.000         0.000         0.000
 B_02           0.000         0.000         0.000         0.000         0.000
 B_03           0.000         0.000         0.000         0.000         0.000
 B_04           0.000         0.000         0.000         0.000         0.000
 B_05           0.000         0.000         0.000         0.000         0.000
 B_06           0.000         0.000         0.000         0.000         0.000
 A_01           0.000         0.000         0.000         0.000         0.000
 B_01           0.000         0.000         0.000         0.000         0.000


           BETA
              B_01
              ________
 IA             0.000
 SA             0.000
 IB             0.000
 SB             0.000
 A_02           0.000
 A_03           0.000
 A_04           0.000
 A_05           0.000
 A_06           0.000
 B_02           0.000
 B_03           0.000
 B_04           0.000
 B_05           0.000
 B_06           0.000
 A_01           0.000
 B_01           0.000


           PSI
              IA            SA            IB            SB            A_02
              ________      ________      ________      ________      ________
 IA             0.050
 SA             0.000         0.050
 IB             0.000         0.000         0.050
 SB             0.000         0.000         0.000         0.050
 A_02           0.000         0.000         0.000         0.000         1.173
 A_03           0.000         0.000         0.000         0.000         0.000
 A_04           0.000         0.000         0.000         0.000         0.000
 A_05           0.000         0.000         0.000         0.000         0.000
 A_06           0.000         0.000         0.000         0.000         0.000
 B_02           0.000         0.000         0.000         0.000         0.000
 B_03           0.000         0.000         0.000         0.000         0.000
 B_04           0.000         0.000         0.000         0.000         0.000
 B_05           0.000         0.000         0.000         0.000         0.000
 B_06           0.000         0.000         0.000         0.000         0.000
 A_01           0.000         0.000         0.000         0.000         0.000
 B_01           0.000         0.000         0.000         0.000         0.000


           PSI
              A_03          A_04          A_05          A_06          B_02
              ________      ________      ________      ________      ________
 A_03           1.191
 A_04           0.000         1.342
 A_05           0.000         0.000         1.321
 A_06           0.000         0.000         0.000         1.364
 B_02           0.000         0.000         0.000         0.000        33.092
 B_03           0.000         0.000         0.000         0.000         0.000
 B_04           0.000         0.000         0.000         0.000         0.000
 B_05           0.000         0.000         0.000         0.000         0.000
 B_06           0.000         0.000         0.000         0.000         0.000
 A_01           0.000         0.000         0.000         0.000         0.000
 B_01           0.000         0.000         0.000         0.000         0.000


           PSI
              B_03          B_04          B_05          B_06          A_01
              ________      ________      ________      ________      ________
 B_03          36.932
 B_04           0.000        35.994
 B_05           0.000         0.000        38.520
 B_06           0.000         0.000         0.000        38.270
 A_01           0.000         0.000         0.000         0.000         1.127
 B_01           0.000         0.000         0.000         0.000         0.000


           PSI
              B_01
              ________
 B_01          35.037


     Beginning Time:  18:58:32
        Ending Time:  19:03:46
       Elapsed Time:  00:05:14



MUTHEN & MUTHEN
3463 Stoner Ave.
Los Angeles, CA  90066

Tel: (310) 391-9971
Fax: (310) 391-8971
Web: www.StatModel.com
Support: Support@StatModel.com

Copyright (c) 1998-2015 Muthen & Muthen
