Mplus VERSION 7.4 (Mac)
MUTHEN & MUTHEN
06/24/2017  11:18 AM

INPUT INSTRUCTIONS

  TITLE:
  ALT, nested LGM
  DATA:
  File = wide-dataset.dat ;
  VARIABLE:
  NAMES are
   id hhid male birthyr_rand birthmo_rand race_rand hispanic_rand cohort
      raedyrs raedegrm memoryproblems_baseline memory_disease_ever age_baseline
      activity_mean_2004 activity_mean_2006 activity_mean_2008 activity_mean_2010
      activity_mean_2012 activity_mean_2014 activity_sum_2004 activity_sum_2006
      activity_sum_2008 activity_sum_2010 activity_sum_2012 activity_sum_2014
      close_social_network_2004 close_social_network_2006 close_social_network_2008
      close_social_network_2010 close_social_network_2012 close_social_network_2014
      countb20r_2004 countb20r_2006 countb20r_2008 countb20r_2010 countb20r_2012
      countb20r_2014 dep_total_2004 dep_total_2006 dep_total_2008 dep_total_2010
      dep_total_2012 dep_total_2014 exercise_2004 exercise_2006 exercise_2008
      exercise_2010 exercise_2012 exercise_2014 healthcond_2004 healthcond_2006
      healthcond_2008 healthcond_2010 healthcond_2012 healthcond_2014 hhres_2004
      hhres_2006 hhres_2008 hhres_2010 hhres_2012 hhres_2014 hrs_tscore_2004
      hrs_tscore_2006 hrs_tscore_2008 hrs_tscore_2010 hrs_tscore_2012 hrs_tscore_2014
      intage_r_2004 intage_r_2006 intage_r_2008 intage_r_2010 intage_r_2012
      intage_r_2014 interview_date_2004 interview_date_2006 interview_date_2008
      interview_date_2010 interview_date_2012 interview_date_2014 lb_65_wave_2004
      lb_65_wave_2006 lb_65_wave_2008 lb_65_wave_2010 lb_65_wave_2012 lb_65_wave_2014
      lb_wave_2004 lb_wave_2006 lb_wave_2008 lb_wave_2010 lb_wave_2012 lb_wave_2014
      listassi_2004 listassi_2006 listassi_2008 listassi_2010 listassi_2012
      listassi_2014 mentalstatus_tot_2004 mentalstatus_tot_2006 mentalstatus_tot_2008
      mentalstatus_tot_2010 mentalstatus_tot_2012 mentalstatus_tot_2014 proxy_2004
      proxy_2006 proxy_2008 proxy_2010 proxy_2012 proxy_2014 responded_2004
      responded_2006 responded_2008 responded_2010 responded_2012 responded_2014
      rmaritalst_2004 rmaritalst_2006 rmaritalst_2008 rmaritalst_2010 rmaritalst_2012
      rmaritalst_2014 rpartst_2004 rpartst_2006 rpartst_2008 rpartst_2010
      rpartst_2012 rpartst_2014 score_loneliness_11_2004 score_loneliness_11_2006
      score_loneliness_11_2008 score_loneliness_11_2010 score_loneliness_11_2012
      score_loneliness_11_2014 score_loneliness_3_2004 score_loneliness_3_2006
      score_loneliness_3_2008 score_loneliness_3_2010 score_loneliness_3_2012
      score_loneliness_3_2014 shhidpnr_2004 shhidpnr_2006 shhidpnr_2008 shhidpnr_2010
      shhidpnr_2012 shhidpnr_2014 snchild_2004 snchild_2006 snchild_2008 snchild_2010
      snchild_2012 snchild_2014 snfamily_2004 snfamily_2006 snfamily_2008
      snfamily_2010 snfamily_2012 snfamily_2014 snfriends_2004 snfriends_2006
      snfriends_2008 snfriends_2010 snfriends_2012 snfriends_2014 snspouse_2004
      snspouse_2006 snspouse_2008 snspouse_2010 snspouse_2012 snspouse_2014
      social_contact_total_2004 social_contact_total_2006 social_contact_total_2008
      social_contact_total_2010 social_contact_total_2012 social_contact_total_2014
      social_strain_mean_2004 social_strain_mean_2006 social_strain_mean_2008
      social_strain_mean_2010 social_strain_mean_2012 social_strain_mean_2014
      social_support_mean_2004 social_support_mean_2006 social_support_mean_2008
      social_support_mean_2010 social_support_mean_2012 social_support_mean_2014
      socialnetwork_total_2004 socialnetwork_total_2006 socialnetwork_total_2008
      socialnetwork_total_2010 socialnetwork_total_2012 socialnetwork_total_2014
      srmemory_2004 srmemory_2006 srmemory_2008 srmemory_2010 srmemory_2012
      srmemory_2014 srmemoryp_2004 srmemoryp_2006 srmemoryp_2008 srmemoryp_2010
      srmemoryp_2012 srmemoryp_2014 vocab_total_2004 vocab_total_2006 vocab_total_2008
      vocab_total_2010 vocab_total_2012 vocab_total_2014 wrectotd_2004 wrectotd_2006
      wrectotd_2008 wrectotd_2010 wrectotd_2012 wrectotd_2014 wrectoti_2004
      wrectoti_2006 wrectoti_2008 wrectoti_2010 wrectoti_2012 wrectoti_2014
  	;
  Missing are all(9999);
  USEVARIABLES are
  	!define the variables used in the analysis
  	!estimated time points
  a_01
  a_02
  a_03
  a_04
  a_05
  a_06
  	!modelled time points of process (B)
  b_01
  b_02
  b_03
  b_04
  b_05
  b_06
  	! covariates used in the model
  a	;
  SUBPOPULATION are
  	!select a subset of observations
  memoryproblems_baseline EQ 0
  ;
  CLUSTER = hhid;
  DEFINE:
    ! centre baseline age
  a = age_baseline - 69;
  	! assign variables to the process (A)
  a_01=wrectotd_2004;
  a_02=wrectotd_2006;
  a_03=wrectotd_2008;
  a_04=wrectotd_2010;
  a_05=wrectotd_2012;
  a_06=wrectotd_2014;
  	! assign variables to the process (B)
  b_01=socialnetwork_total_2004;
  b_02=socialnetwork_total_2006;
  b_03=socialnetwork_total_2008;
  b_04=socialnetwork_total_2010;
  b_05=socialnetwork_total_2012;
  b_06=socialnetwork_total_2014;
  ANALYSIS:
  TYPE = COMPLEX RANDOM;
  COVERAGE=.00;
  H1ITERATIONS=10000;
  MODEL:
  	!LGM part
  	! assign process (A) to time points
  ia sa | a_01@0
  a_02@2
  a_03@4
  a_04@6
  a_05@8
  a_06@10 ;
  	! assign process (B) to time points
  ib sb | b_01@0
  b_02@2
  b_03@4
  b_04@6
  b_05@8
  b_06@10 ;
  	!correlations between the first measurement points
  a_01 WITH b_01;
  	!autoregressive part
  a_01;
  a_02 ON a_01@0;
  a_03 ON a_02@0;
  a_04 ON a_03@0;
  a_05 ON a_04@0;
  a_06 ON a_05@0;
  b_01;
  b_02 ON b_01@0;
  b_03 ON b_02@0;
  b_04 ON b_03@0;
  b_05 ON b_04@0;
  b_06 ON b_05@0;
  	!Cross lagged part
  a_02 ON b_01@0;
  a_03 ON b_02@0;
  a_04 ON b_03@0;
  a_05 ON b_04@0;
  a_06 ON b_05@0;
  b_02 ON a_01@0;
  b_03 ON a_02@0;
  b_04 ON a_03@0;
  b_05 ON a_04@0;
  b_06 ON a_05@0;
  ! Time specific correlations
  b_02 WITH a_02@0;
  b_03 WITH a_03@0;
  b_04 WITH a_04@0;
  b_05 WITH a_05@0;
  b_06 WITH a_06@0;
  !SAVEDATA:
  !FILE is   %saved_analysis%_fscores.dat;
  !SAVE = FSCORES;
  !RESULTS are   %saved_analysis%_results.dat;
  	
  OUTPUT: SAMPSTAT MODINDICES (3.0); TECH1 TECH2 TECH3;;



*** WARNING in MODEL command
  Variable is uncorrelated with all other variables:  A
*** WARNING in MODEL command
  At least one variable is uncorrelated with all other variables in the model.
  Check that this is what is intended.
   2 WARNING(S) FOUND IN THE INPUT INSTRUCTIONS




ALT, nested LGM

SUMMARY OF ANALYSIS

Number of groups                                                 1
Number of observations                                       11556

Number of dependent variables                                   13
Number of independent variables                                  0
Number of continuous latent variables                            4

Observed dependent variables

  Continuous
   A_01        A_02        A_03        A_04        A_05        A_06
   B_01        B_02        B_03        B_04        B_05        B_06
   A

Continuous latent variables
   IA          SA          IB          SB

Variables with special functions

  Cluster variable      HHID

Estimator                                                      MLR
Information matrix                                        OBSERVED
Maximum number of iterations                                   100
Convergence criterion                                    0.100D-05
Maximum number of EM iterations                                500
Convergence criteria for the EM algorithm
  Loglikelihood change                                   0.100D-02
  Relative loglikelihood change                          0.100D-05
  Derivative                                             0.100D-03
Minimum variance                                         0.100D-03
Maximum number of steepest descent iterations                   20
Maximum number of iterations for H1                          10000
Convergence criterion for H1                             0.100D-03
Optimization algorithm                                         EMA

Input data file(s)
  wide-dataset.dat
Input data format  FREE


SUMMARY OF DATA

     Number of missing data patterns           331
     Number of clusters        8479



SAMPLE STATISTICS


     ESTIMATED SAMPLE STATISTICS


           Means
              A_01          A_02          A_03          A_04          A_05
              ________      ________      ________      ________      ________
 1              4.411         4.257         4.136         3.775         3.574


           Means
              A_06          B_01          B_02          B_03          B_04
              ________      ________      ________      ________      ________
 1              3.424         3.400         3.418         3.310         3.276


           Means
              B_05          B_06          A
              ________      ________      ________
 1              3.115         3.017         1.756


           Covariances
              A_01          A_02          A_03          A_04          A_05
              ________      ________      ________      ________      ________
 A_01           3.666
 A_02           2.050         3.976
 A_03           1.987         2.113         4.053
 A_04           1.974         2.300         2.336         4.437
 A_05           2.092         2.179         2.518         2.607         4.670
 A_06           2.053         2.447         2.356         2.883         2.908
 B_01           0.240         0.237         0.229         0.306         0.325
 B_02           0.175         0.226         0.184         0.210         0.271
 B_03           0.201         0.211         0.211         0.240         0.303
 B_04           0.152         0.184         0.175         0.244         0.259
 B_05           0.218         0.286         0.309         0.314         0.372
 B_06           0.251         0.282         0.269         0.326         0.383
 A             -3.533        -4.225        -4.571        -5.467        -6.054


           Covariances
              A_06          B_01          B_02          B_03          B_04
              ________      ________      ________      ________      ________
 A_06           4.902
 B_01           0.363         0.619
 B_02           0.290         0.383         0.559
 B_03           0.299         0.368         0.247         0.632
 B_04           0.295         0.328         0.379         0.038         0.626
 B_05           0.405         0.339         0.349         0.391         0.222
 B_06           0.435         0.314         0.342         0.310         0.401
 A             -6.694        -0.993        -1.032        -1.109        -1.288


           Covariances
              B_05          B_06          A
              ________      ________      ________
 B_05           0.717
 B_06           0.573         0.796
 A             -1.390        -1.523        41.210


           Correlations
              A_01          A_02          A_03          A_04          A_05
              ________      ________      ________      ________      ________
 A_01           1.000
 A_02           0.537         1.000
 A_03           0.516         0.526         1.000
 A_04           0.489         0.548         0.551         1.000
 A_05           0.506         0.506         0.579         0.573         1.000
 A_06           0.484         0.554         0.529         0.618         0.608
 B_01           0.159         0.151         0.144         0.185         0.191
 B_02           0.122         0.152         0.123         0.133         0.167
 B_03           0.132         0.133         0.132         0.143         0.176
 B_04           0.100         0.117         0.110         0.146         0.152
 B_05           0.134         0.170         0.181         0.176         0.203
 B_06           0.147         0.159         0.150         0.174         0.199
 A             -0.287        -0.330        -0.354        -0.404        -0.436


           Correlations
              A_06          B_01          B_02          B_03          B_04
              ________      ________      ________      ________      ________
 A_06           1.000
 B_01           0.208         1.000
 B_02           0.175         0.652         1.000
 B_03           0.170         0.589         0.415         1.000
 B_04           0.168         0.527         0.641         0.061         1.000
 B_05           0.216         0.508         0.552         0.580         0.331
 B_06           0.220         0.447         0.512         0.437         0.568
 A             -0.471        -0.197        -0.215        -0.217        -0.254


           Correlations
              B_05          B_06          A
              ________      ________      ________
 B_05           1.000
 B_06           0.758         1.000
 A             -0.256        -0.266         1.000


     MAXIMUM LOG-LIKELIHOOD VALUE FOR THE UNRESTRICTED (H1) MODEL IS -158203.138


UNIVARIATE SAMPLE STATISTICS


     UNIVARIATE HIGHER-ORDER MOMENT DESCRIPTIVE STATISTICS

         Variable/         Mean/     Skewness/   Minimum/ % with                Percentiles
        Sample Size      Variance    Kurtosis    Maximum  Min/Max      20%/60%    40%/80%    Median

     A_01                  4.168      -0.154       0.000    5.23%       3.000      4.000      4.000
            7186.000       3.597       0.011      10.000    0.24%       5.000      6.000
     A_02                  4.061      -0.112       0.000    6.40%       2.000      4.000      4.000
            8624.000       3.904      -0.097      10.000    0.34%       5.000      6.000
     A_03                  4.052      -0.162       0.000    6.91%       2.000      4.000      4.000
            9254.000       3.962      -0.193      10.000    0.18%       5.000      6.000
     A_04                  3.877      -0.112       0.000    8.69%       2.000      4.000      4.000
            8803.000       4.153      -0.274      10.000    0.20%       4.000      6.000
     A_05                  3.842      -0.138       0.000    9.45%       2.000      4.000      4.000
            8604.000       4.218      -0.360      10.000    0.16%       4.000      6.000
     A_06                  3.866      -0.107       0.000    9.01%       2.000      4.000      4.000
            7904.000       4.206      -0.296      10.000    0.23%       4.000      6.000
     B_01                  3.406      -1.274       0.000    0.22%       3.000      3.000      4.000
            1339.000       0.603       1.322       4.000   55.49%       4.000      4.000
     B_02                  3.365      -1.058       0.000    0.09%       3.000      3.000      4.000
            4447.000       0.561       0.787       4.000   50.57%       4.000      4.000
     B_03                  3.288      -0.990       0.000    0.32%       3.000      3.000      3.000
            4444.000       0.628       0.709       4.000   46.67%       4.000      4.000
     B_04                  3.310      -0.995       0.000    0.19%       3.000      3.000      3.000
            4166.000       0.598       0.707       4.000   47.31%       4.000      4.000
     B_05                  3.188      -0.867       0.000    0.32%       3.000      3.000      3.000
            3762.000       0.683       0.402       4.000   40.91%       4.000      4.000
     B_06                  3.129      -0.883       0.000    0.73%       2.000      3.000      3.000
            3963.000       0.744       0.550       4.000   38.46%       3.000      4.000
     A                     1.756       1.196      -4.000   21.33%      -4.000     -2.000     -1.000
           11556.000      41.210       0.687      33.000    0.01%       1.000      7.000


THE MODEL ESTIMATION TERMINATED NORMALLY



MODEL FIT INFORMATION

Number of Free Parameters                       29

Loglikelihood

          H0 Value                     -160009.690
          H0 Scaling Correction Factor      1.4541
            for MLR
          H1 Value                     -158203.138
          H1 Scaling Correction Factor      1.1782
            for MLR

Information Criteria

          Akaike (AIC)                  320077.379
          Bayesian (BIC)                320290.673
          Sample-Size Adjusted BIC      320198.515
            (n* = (n + 2) / 24)

Chi-Square Test of Model Fit

          Value                           3371.848*
          Degrees of Freedom                    75
          P-Value                           0.0000
          Scaling Correction Factor         1.0716
            for MLR

*   The chi-square value for MLM, MLMV, MLR, ULSMV, WLSM and WLSMV cannot be used
    for chi-square difference testing in the regular way.  MLM, MLR and WLSM
    chi-square difference testing is described on the Mplus website.  MLMV, WLSMV,
    and ULSMV difference testing is done using the DIFFTEST option.

RMSEA (Root Mean Square Error Of Approximation)

          Estimate                           0.062

CFI/TLI

          CFI                                0.843
          TLI                                0.837

Chi-Square Test of Model Fit for the Baseline Model

          Value                          21113.120
          Degrees of Freedom                    78
          P-Value                           0.0000

SRMR (Standardized Root Mean Square Residual)

          Value                              0.138



MODEL RESULTS

                                                    Two-Tailed
                    Estimate       S.E.  Est./S.E.    P-Value

 IA       |
    A_01               1.000      0.000    999.000    999.000
    A_02               1.000      0.000    999.000    999.000
    A_03               1.000      0.000    999.000    999.000
    A_04               1.000      0.000    999.000    999.000
    A_05               1.000      0.000    999.000    999.000
    A_06               1.000      0.000    999.000    999.000

 SA       |
    A_01               0.000      0.000    999.000    999.000
    A_02               2.000      0.000    999.000    999.000
    A_03               4.000      0.000    999.000    999.000
    A_04               6.000      0.000    999.000    999.000
    A_05               8.000      0.000    999.000    999.000
    A_06              10.000      0.000    999.000    999.000

 IB       |
    B_01               1.000      0.000    999.000    999.000
    B_02               1.000      0.000    999.000    999.000
    B_03               1.000      0.000    999.000    999.000
    B_04               1.000      0.000    999.000    999.000
    B_05               1.000      0.000    999.000    999.000
    B_06               1.000      0.000    999.000    999.000

 SB       |
    B_01               0.000      0.000    999.000    999.000
    B_02               2.000      0.000    999.000    999.000
    B_03               4.000      0.000    999.000    999.000
    B_04               6.000      0.000    999.000    999.000
    B_05               8.000      0.000    999.000    999.000
    B_06              10.000      0.000    999.000    999.000

 A_02       ON
    A_01               0.000      0.000    999.000    999.000
    B_01               0.000      0.000    999.000    999.000

 A_03       ON
    A_02               0.000      0.000    999.000    999.000
    B_02               0.000      0.000    999.000    999.000

 A_04       ON
    A_03               0.000      0.000    999.000    999.000
    B_03               0.000      0.000    999.000    999.000

 A_05       ON
    A_04               0.000      0.000    999.000    999.000
    B_04               0.000      0.000    999.000    999.000

 A_06       ON
    A_05               0.000      0.000    999.000    999.000
    B_05               0.000      0.000    999.000    999.000

 B_02       ON
    B_01               0.000      0.000    999.000    999.000
    A_01               0.000      0.000    999.000    999.000

 B_03       ON
    B_02               0.000      0.000    999.000    999.000
    A_02               0.000      0.000    999.000    999.000

 B_04       ON
    B_03               0.000      0.000    999.000    999.000
    A_03               0.000      0.000    999.000    999.000

 B_05       ON
    B_04               0.000      0.000    999.000    999.000
    A_04               0.000      0.000    999.000    999.000

 B_06       ON
    B_05               0.000      0.000    999.000    999.000
    A_05               0.000      0.000    999.000    999.000

 SA       WITH
    IA                -0.005      0.005     -0.966      0.334

 IB       WITH
    IA                 0.192      0.019      9.935      0.000
    SA                 0.005      0.002      2.159      0.031

 SB       WITH
    IA                -0.002      0.003     -0.572      0.567
    SA                 0.001      0.000      2.600      0.009
    IB                -0.010      0.003     -3.818      0.000

 A_01     WITH
    B_01               0.027      0.028      0.961      0.337

 B_02     WITH
    A_02               0.000      0.000    999.000    999.000

 B_03     WITH
    A_03               0.000      0.000    999.000    999.000

 B_04     WITH
    A_04               0.000      0.000    999.000    999.000

 B_05     WITH
    A_05               0.000      0.000    999.000    999.000

 B_06     WITH
    A_06               0.000      0.000    999.000    999.000

 Means
    A                  1.756      0.068     25.959      0.000
    IA                 4.424      0.019    235.554      0.000
    SA                -0.093      0.002    -40.791      0.000
    IB                 3.475      0.010    341.433      0.000
    SB                -0.040      0.001    -27.786      0.000

 Intercepts
    A_01               0.000      0.000    999.000    999.000
    A_02               0.000      0.000    999.000    999.000
    A_03               0.000      0.000    999.000    999.000
    A_04               0.000      0.000    999.000    999.000
    A_05               0.000      0.000    999.000    999.000
    A_06               0.000      0.000    999.000    999.000
    B_01               0.000      0.000    999.000    999.000
    B_02               0.000      0.000    999.000    999.000
    B_03               0.000      0.000    999.000    999.000
    B_04               0.000      0.000    999.000    999.000
    B_05               0.000      0.000    999.000    999.000
    B_06               0.000      0.000    999.000    999.000

 Variances
    A                 41.210      0.668     61.678      0.000
    IA                 2.053      0.051     40.065      0.000
    SA                 0.009      0.001     10.352      0.000
    IB                 0.423      0.021     20.480      0.000
    SB                 0.002      0.000      4.752      0.000

 Residual Variances
    A_01               1.689      0.048     35.394      0.000
    A_02               1.848      0.042     44.340      0.000
    A_03               1.904      0.039     48.234      0.000
    A_04               1.910      0.041     46.452      0.000
    A_05               1.920      0.045     43.049      0.000
    A_06               1.730      0.050     34.770      0.000
    B_01               0.232      0.030      7.692      0.000
    B_02               0.166      0.014     12.281      0.000
    B_03               0.254      0.014     17.535      0.000
    B_04               0.240      0.011     21.089      0.000
    B_05               0.287      0.018     16.063      0.000
    B_06               0.344      0.025     14.024      0.000


QUALITY OF NUMERICAL RESULTS

     Condition Number for the Information Matrix              0.241E-04
       (ratio of smallest to largest eigenvalue)


MODEL MODIFICATION INDICES

NOTE:  Modification indices for direct effects of observed dependent variables
regressed on covariates may not be included.  To include these, request
MODINDICES (ALL).

Minimum M.I. value for printing the modification index     3.000

                                   M.I.     E.P.C.


BY Statements

IA       BY A                   2039.561    -2.269
SA       BY A                   1205.681   -47.415
IB       BY A                    747.191    -3.286
SB       BY A                     58.888   -30.828

ON/BY Statements

A_01     ON IA       /
IA       BY A_01                   3.403    -0.009
A_03     ON IA       /
IA       BY A_03                  30.168     0.020
A_03     ON SA       /
SA       BY A_03                  36.066    -0.969
A_03     ON IB       /
IB       BY A_03                  30.702     0.027
A_03     ON SB       /
SB       BY A_03                  28.918    -2.086
A_04     ON IA       /
IA       BY A_04                  16.476    -0.015
A_04     ON SA       /
SA       BY A_04                  34.167     0.966
A_04     ON IB       /
IB       BY A_04                  21.485    -0.023
A_04     ON SB       /
SB       BY A_04                  19.476     1.740
A_05     ON IA       /
IA       BY A_05                  10.097    -0.013
A_05     ON SA       /
SA       BY A_05                   3.497     0.347
A_05     ON IB       /
IB       BY A_05                   8.189    -0.015
A_05     ON SB       /
SB       BY A_05                   5.835     1.031
A_06     ON IA       /
IA       BY A_06                  11.013     0.017
A_06     ON SA       /
SA       BY A_06                  12.752    -0.832
A_06     ON IB       /
IB       BY A_06                  12.273     0.023
A_06     ON SB       /
SB       BY A_06                   9.175    -1.595
B_01     ON IA       /
IA       BY B_01                  24.553    -0.020
B_01     ON SA       /
SA       BY B_01                  39.326     1.137
B_01     ON IB       /
IB       BY B_01                  35.580    -0.032
B_01     ON SB       /
SB       BY B_01                  34.307     2.613
B_04     ON IA       /
IA       BY B_04                  18.678     0.009
B_04     ON SA       /
SA       BY B_04                  24.679    -0.474
B_04     ON IB       /
IB       BY B_04                  27.388     0.015
B_04     ON SB       /
SB       BY B_04                  30.777    -1.348
B_06     ON IA       /
IA       BY B_06                  17.211    -0.015
B_06     ON SA       /
SA       BY B_06                  20.172     0.689
B_06     ON IB       /
IB       BY B_06                  24.352    -0.023
B_06     ON SB       /
SB       BY B_06                  24.409     1.941

ON Statements

IA       ON A_01                   3.576    -0.044
IA       ON B_01                   5.663     0.310
IA       ON B_04                   6.284    -0.168
IA       ON B_06                   3.153     0.135
SA       ON A_01                   5.012    -0.007
SA       ON A_04                  20.449     0.008
SA       ON A_05                   8.877    -0.007
SA       ON B_01                  10.890     0.056
IB       ON B_01                   9.463    -0.193
IB       ON B_04                   3.320     0.066
IB       ON B_06                   8.110    -0.109
SB       ON B_06                   6.940    -0.030
A_01     ON A_01                   3.403    -0.009
A_01     ON A_03                   3.366    -0.009
A_01     ON A_04                   9.581    -0.016
A_01     ON A_06                   4.625    -0.012
A_03     ON A_01                  28.078     0.019
A_03     ON A_02                  24.974     0.018
A_03     ON A_03                  28.435     0.021
A_03     ON A_04                  25.083     0.020
A_03     ON A_05                  42.682     0.026
A_03     ON A_06                  10.247     0.014
A_03     ON B_01                  30.215     0.026
A_03     ON B_02                  29.872     0.027
A_03     ON B_03                  29.264     0.027
A_03     ON B_04                  29.908     0.028
A_03     ON B_05                  30.902     0.029
A_03     ON B_06                  28.814     0.029
A_04     ON A_01                  21.945    -0.017
A_04     ON A_02                  10.717    -0.012
A_04     ON A_03                  12.645    -0.014
A_04     ON A_04                  13.387    -0.015
A_04     ON A_05                  14.359    -0.016
A_04     ON A_06                   3.672    -0.008
A_04     ON B_01                  20.830    -0.022
A_04     ON B_02                  22.353    -0.024
A_04     ON B_03                  21.702    -0.024
A_04     ON B_04                  20.218    -0.023
A_04     ON B_05                  21.537    -0.025
A_04     ON B_06                  21.519    -0.025
A_05     ON A_01                   7.456    -0.011
A_05     ON A_02                  18.947    -0.018
A_05     ON A_04                  13.108    -0.016
A_05     ON A_05                  11.121    -0.016
A_05     ON A_06                  15.215    -0.019
A_05     ON B_01                   7.987    -0.015
A_05     ON B_02                   7.940    -0.015
A_05     ON B_03                   7.731    -0.015
A_05     ON B_04                   8.576    -0.017
A_05     ON B_05                   8.077    -0.016
A_05     ON B_06                   7.945    -0.017
A_06     ON A_01                   9.411     0.015
A_06     ON A_02                  19.107     0.022
A_06     ON A_04                  21.675     0.024
A_06     ON A_05                   4.759     0.012
A_06     ON A_06                   9.695     0.019
A_06     ON B_01                  12.726     0.023
A_06     ON B_02                  12.226     0.023
A_06     ON B_03                  11.552     0.023
A_06     ON B_04                  11.602     0.024
A_06     ON B_05                  12.430     0.025
A_06     ON B_06                  13.422     0.027
B_01     ON A_01                  24.555    -0.020
B_01     ON A_02                  22.540    -0.019
B_01     ON A_03                  21.959    -0.019
B_01     ON A_04                  14.133    -0.016
B_01     ON A_05                  16.326    -0.018
B_01     ON A_06                  13.573    -0.017
B_01     ON B_01                  35.587    -0.032
B_01     ON B_02                  36.216    -0.033
B_01     ON B_03                  35.522    -0.033
B_01     ON B_04                  36.523    -0.034
B_01     ON B_05                  35.157    -0.034
B_01     ON B_06                  34.046    -0.035
B_02     ON A_02                   3.318     0.005
B_04     ON A_01                  16.472     0.009
B_04     ON A_02                  13.947     0.008
B_04     ON A_03                  15.130     0.009
B_04     ON A_04                  17.015     0.009
B_04     ON A_05                  12.015     0.008
B_04     ON A_06                  11.615     0.008
B_04     ON B_01                  26.502     0.015
B_04     ON B_02                  29.001     0.016
B_04     ON B_03                  27.044     0.016
B_04     ON B_04                  27.042     0.016
B_04     ON B_05                  26.792     0.016
B_04     ON B_06                  25.900     0.016
B_06     ON A_01                  13.573    -0.013
B_06     ON A_02                  14.698    -0.013
B_06     ON A_03                  16.616    -0.014
B_06     ON A_04                  15.364    -0.014
B_06     ON A_05                  11.584    -0.013
B_06     ON A_06                   8.686    -0.011
B_06     ON B_01                  23.979    -0.023
B_06     ON B_02                  25.357    -0.024
B_06     ON B_03                  24.339    -0.024
B_06     ON B_04                  24.799    -0.025
B_06     ON B_05                  24.157    -0.025
B_06     ON B_06                  24.233    -0.026

WITH Statements

A_01     WITH IA                   3.782    -0.077
A_01     WITH SA                   5.360    -0.012
A_02     WITH A_01                 3.105     0.070
A_04     WITH SA                  20.449     0.016
A_04     WITH A_01                15.785    -0.127
A_04     WITH A_02                 4.529     0.063
A_05     WITH SA                   8.877    -0.014
A_05     WITH A_01                 3.291     0.063
A_05     WITH A_02                29.513    -0.173
A_05     WITH A_03                42.863     0.196
A_05     WITH A_04                 3.564    -0.057
A_06     WITH A_02                22.708     0.166
A_06     WITH A_03                46.025    -0.218
A_06     WITH A_04                29.637     0.180
A_06     WITH A_05                11.023    -0.141
B_01     WITH IA                   6.569     0.078
B_01     WITH SA                  12.304     0.014
B_01     WITH IB                  10.007    -0.046
B_01     WITH SB                   3.157    -0.004
B_01     WITH A_04                 4.208     0.060
B_02     WITH A_02                 5.114     0.033
B_02     WITH A_04                 4.590    -0.033
B_04     WITH IA                   6.284    -0.040
B_04     WITH IB                   3.320     0.016
B_04     WITH B_02                14.297     0.036
B_05     WITH B_04                 4.102    -0.324
B_06     WITH IA                   3.153     0.046
B_06     WITH IB                   8.109    -0.037
B_06     WITH SB                   6.943    -0.010
B_06     WITH B_02                 4.510    -0.024

Means/Intercepts/Thresholds

[ A_03     ]                      34.801     0.099
[ A_04     ]                      20.633    -0.078
[ A_05     ]                       9.071    -0.056
[ A_06     ]                      11.895     0.079
[ B_01     ]                      32.307    -0.106
[ B_04     ]                      26.218     0.052
[ B_06     ]                      21.704    -0.075


TECHNICAL 1 OUTPUT


     PARAMETER SPECIFICATION


           NU
              A_01          A_02          A_03          A_04          A_05
              ________      ________      ________      ________      ________
 1                  0             0             0             0             0


           NU
              A_06          B_01          B_02          B_03          B_04
              ________      ________      ________      ________      ________
 1                  0             0             0             0             0


           NU
              B_05          B_06          A
              ________      ________      ________
 1                  0             0             1


           LAMBDA
              IA            SA            IB            SB            A_01
              ________      ________      ________      ________      ________
 A_01               0             0             0             0             0
 A_02               0             0             0             0             0
 A_03               0             0             0             0             0
 A_04               0             0             0             0             0
 A_05               0             0             0             0             0
 A_06               0             0             0             0             0
 B_01               0             0             0             0             0
 B_02               0             0             0             0             0
 B_03               0             0             0             0             0
 B_04               0             0             0             0             0
 B_05               0             0             0             0             0
 B_06               0             0             0             0             0
 A                  0             0             0             0             0


           LAMBDA
              A_02          A_03          A_04          A_05          A_06
              ________      ________      ________      ________      ________
 A_01               0             0             0             0             0
 A_02               0             0             0             0             0
 A_03               0             0             0             0             0
 A_04               0             0             0             0             0
 A_05               0             0             0             0             0
 A_06               0             0             0             0             0
 B_01               0             0             0             0             0
 B_02               0             0             0             0             0
 B_03               0             0             0             0             0
 B_04               0             0             0             0             0
 B_05               0             0             0             0             0
 B_06               0             0             0             0             0
 A                  0             0             0             0             0


           LAMBDA
              B_01          B_02          B_03          B_04          B_05
              ________      ________      ________      ________      ________
 A_01               0             0             0             0             0
 A_02               0             0             0             0             0
 A_03               0             0             0             0             0
 A_04               0             0             0             0             0
 A_05               0             0             0             0             0
 A_06               0             0             0             0             0
 B_01               0             0             0             0             0
 B_02               0             0             0             0             0
 B_03               0             0             0             0             0
 B_04               0             0             0             0             0
 B_05               0             0             0             0             0
 B_06               0             0             0             0             0
 A                  0             0             0             0             0


           LAMBDA
              B_06
              ________
 A_01               0
 A_02               0
 A_03               0
 A_04               0
 A_05               0
 A_06               0
 B_01               0
 B_02               0
 B_03               0
 B_04               0
 B_05               0
 B_06               0
 A                  0


           THETA
              A_01          A_02          A_03          A_04          A_05
              ________      ________      ________      ________      ________
 A_01               0
 A_02               0             0
 A_03               0             0             0
 A_04               0             0             0             0
 A_05               0             0             0             0             0
 A_06               0             0             0             0             0
 B_01               0             0             0             0             0
 B_02               0             0             0             0             0
 B_03               0             0             0             0             0
 B_04               0             0             0             0             0
 B_05               0             0             0             0             0
 B_06               0             0             0             0             0
 A                  0             0             0             0             0


           THETA
              A_06          B_01          B_02          B_03          B_04
              ________      ________      ________      ________      ________
 A_06               0
 B_01               0             0
 B_02               0             0             0
 B_03               0             0             0             0
 B_04               0             0             0             0             0
 B_05               0             0             0             0             0
 B_06               0             0             0             0             0
 A                  0             0             0             0             0


           THETA
              B_05          B_06          A
              ________      ________      ________
 B_05               0
 B_06               0             0
 A                  0             0             2


           ALPHA
              IA            SA            IB            SB            A_01
              ________      ________      ________      ________      ________
 1                  3             4             5             6             0


           ALPHA
              A_02          A_03          A_04          A_05          A_06
              ________      ________      ________      ________      ________
 1                  0             0             0             0             0


           ALPHA
              B_01          B_02          B_03          B_04          B_05
              ________      ________      ________      ________      ________
 1                  0             0             0             0             0


           ALPHA
              B_06
              ________
 1                  0


           BETA
              IA            SA            IB            SB            A_01
              ________      ________      ________      ________      ________
 IA                 0             0             0             0             0
 SA                 0             0             0             0             0
 IB                 0             0             0             0             0
 SB                 0             0             0             0             0
 A_01               0             0             0             0             0
 A_02               0             0             0             0             0
 A_03               0             0             0             0             0
 A_04               0             0             0             0             0
 A_05               0             0             0             0             0
 A_06               0             0             0             0             0
 B_01               0             0             0             0             0
 B_02               0             0             0             0             0
 B_03               0             0             0             0             0
 B_04               0             0             0             0             0
 B_05               0             0             0             0             0
 B_06               0             0             0             0             0


           BETA
              A_02          A_03          A_04          A_05          A_06
              ________      ________      ________      ________      ________
 IA                 0             0             0             0             0
 SA                 0             0             0             0             0
 IB                 0             0             0             0             0
 SB                 0             0             0             0             0
 A_01               0             0             0             0             0
 A_02               0             0             0             0             0
 A_03               0             0             0             0             0
 A_04               0             0             0             0             0
 A_05               0             0             0             0             0
 A_06               0             0             0             0             0
 B_01               0             0             0             0             0
 B_02               0             0             0             0             0
 B_03               0             0             0             0             0
 B_04               0             0             0             0             0
 B_05               0             0             0             0             0
 B_06               0             0             0             0             0


           BETA
              B_01          B_02          B_03          B_04          B_05
              ________      ________      ________      ________      ________
 IA                 0             0             0             0             0
 SA                 0             0             0             0             0
 IB                 0             0             0             0             0
 SB                 0             0             0             0             0
 A_01               0             0             0             0             0
 A_02               0             0             0             0             0
 A_03               0             0             0             0             0
 A_04               0             0             0             0             0
 A_05               0             0             0             0             0
 A_06               0             0             0             0             0
 B_01               0             0             0             0             0
 B_02               0             0             0             0             0
 B_03               0             0             0             0             0
 B_04               0             0             0             0             0
 B_05               0             0             0             0             0
 B_06               0             0             0             0             0


           BETA
              B_06
              ________
 IA                 0
 SA                 0
 IB                 0
 SB                 0
 A_01               0
 A_02               0
 A_03               0
 A_04               0
 A_05               0
 A_06               0
 B_01               0
 B_02               0
 B_03               0
 B_04               0
 B_05               0
 B_06               0


           PSI
              IA            SA            IB            SB            A_01
              ________      ________      ________      ________      ________
 IA                 7
 SA                 8             9
 IB                10            11            12
 SB                13            14            15            16
 A_01               0             0             0             0            17
 A_02               0             0             0             0             0
 A_03               0             0             0             0             0
 A_04               0             0             0             0             0
 A_05               0             0             0             0             0
 A_06               0             0             0             0             0
 B_01               0             0             0             0            23
 B_02               0             0             0             0             0
 B_03               0             0             0             0             0
 B_04               0             0             0             0             0
 B_05               0             0             0             0             0
 B_06               0             0             0             0             0


           PSI
              A_02          A_03          A_04          A_05          A_06
              ________      ________      ________      ________      ________
 A_02              18
 A_03               0            19
 A_04               0             0            20
 A_05               0             0             0            21
 A_06               0             0             0             0            22
 B_01               0             0             0             0             0
 B_02               0             0             0             0             0
 B_03               0             0             0             0             0
 B_04               0             0             0             0             0
 B_05               0             0             0             0             0
 B_06               0             0             0             0             0


           PSI
              B_01          B_02          B_03          B_04          B_05
              ________      ________      ________      ________      ________
 B_01              24
 B_02               0            25
 B_03               0             0            26
 B_04               0             0             0            27
 B_05               0             0             0             0            28
 B_06               0             0             0             0             0


           PSI
              B_06
              ________
 B_06              29


     STARTING VALUES


           NU
              A_01          A_02          A_03          A_04          A_05
              ________      ________      ________      ________      ________
 1              0.000         0.000         0.000         0.000         0.000


           NU
              A_06          B_01          B_02          B_03          B_04
              ________      ________      ________      ________      ________
 1              0.000         0.000         0.000         0.000         0.000


           NU
              B_05          B_06          A
              ________      ________      ________
 1              0.000         0.000         0.000


           LAMBDA
              IA            SA            IB            SB            A_01
              ________      ________      ________      ________      ________
 A_01           0.000         0.000         0.000         0.000         1.000
 A_02           0.000         0.000         0.000         0.000         0.000
 A_03           0.000         0.000         0.000         0.000         0.000
 A_04           0.000         0.000         0.000         0.000         0.000
 A_05           0.000         0.000         0.000         0.000         0.000
 A_06           0.000         0.000         0.000         0.000         0.000
 B_01           0.000         0.000         0.000         0.000         0.000
 B_02           0.000         0.000         0.000         0.000         0.000
 B_03           0.000         0.000         0.000         0.000         0.000
 B_04           0.000         0.000         0.000         0.000         0.000
 B_05           0.000         0.000         0.000         0.000         0.000
 B_06           0.000         0.000         0.000         0.000         0.000
 A              0.000         0.000         0.000         0.000         0.000


           LAMBDA
              A_02          A_03          A_04          A_05          A_06
              ________      ________      ________      ________      ________
 A_01           0.000         0.000         0.000         0.000         0.000
 A_02           1.000         0.000         0.000         0.000         0.000
 A_03           0.000         1.000         0.000         0.000         0.000
 A_04           0.000         0.000         1.000         0.000         0.000
 A_05           0.000         0.000         0.000         1.000         0.000
 A_06           0.000         0.000         0.000         0.000         1.000
 B_01           0.000         0.000         0.000         0.000         0.000
 B_02           0.000         0.000         0.000         0.000         0.000
 B_03           0.000         0.000         0.000         0.000         0.000
 B_04           0.000         0.000         0.000         0.000         0.000
 B_05           0.000         0.000         0.000         0.000         0.000
 B_06           0.000         0.000         0.000         0.000         0.000
 A              0.000         0.000         0.000         0.000         0.000


           LAMBDA
              B_01          B_02          B_03          B_04          B_05
              ________      ________      ________      ________      ________
 A_01           0.000         0.000         0.000         0.000         0.000
 A_02           0.000         0.000         0.000         0.000         0.000
 A_03           0.000         0.000         0.000         0.000         0.000
 A_04           0.000         0.000         0.000         0.000         0.000
 A_05           0.000         0.000         0.000         0.000         0.000
 A_06           0.000         0.000         0.000         0.000         0.000
 B_01           1.000         0.000         0.000         0.000         0.000
 B_02           0.000         1.000         0.000         0.000         0.000
 B_03           0.000         0.000         1.000         0.000         0.000
 B_04           0.000         0.000         0.000         1.000         0.000
 B_05           0.000         0.000         0.000         0.000         1.000
 B_06           0.000         0.000         0.000         0.000         0.000
 A              0.000         0.000         0.000         0.000         0.000


           LAMBDA
              B_06
              ________
 A_01           0.000
 A_02           0.000
 A_03           0.000
 A_04           0.000
 A_05           0.000
 A_06           0.000
 B_01           0.000
 B_02           0.000
 B_03           0.000
 B_04           0.000
 B_05           0.000
 B_06           1.000
 A              0.000


           THETA
              A_01          A_02          A_03          A_04          A_05
              ________      ________      ________      ________      ________
 A_01           0.000
 A_02           0.000         0.000
 A_03           0.000         0.000         0.000
 A_04           0.000         0.000         0.000         0.000
 A_05           0.000         0.000         0.000         0.000         0.000
 A_06           0.000         0.000         0.000         0.000         0.000
 B_01           0.000         0.000         0.000         0.000         0.000
 B_02           0.000         0.000         0.000         0.000         0.000
 B_03           0.000         0.000         0.000         0.000         0.000
 B_04           0.000         0.000         0.000         0.000         0.000
 B_05           0.000         0.000         0.000         0.000         0.000
 B_06           0.000         0.000         0.000         0.000         0.000
 A              0.000         0.000         0.000         0.000         0.000


           THETA
              A_06          B_01          B_02          B_03          B_04
              ________      ________      ________      ________      ________
 A_06           0.000
 B_01           0.000         0.000
 B_02           0.000         0.000         0.000
 B_03           0.000         0.000         0.000         0.000
 B_04           0.000         0.000         0.000         0.000         0.000
 B_05           0.000         0.000         0.000         0.000         0.000
 B_06           0.000         0.000         0.000         0.000         0.000
 A              0.000         0.000         0.000         0.000         0.000


           THETA
              B_05          B_06          A
              ________      ________      ________
 B_05           0.000
 B_06           0.000         0.000
 A              0.000         0.000        20.605


           ALPHA
              IA            SA            IB            SB            A_01
              ________      ________      ________      ________      ________
 1              3.764        -0.169         3.366        -0.020         0.000


           ALPHA
              A_02          A_03          A_04          A_05          A_06
              ________      ________      ________      ________      ________
 1              0.000         0.000         0.000         0.000         0.000


           ALPHA
              B_01          B_02          B_03          B_04          B_05
              ________      ________      ________      ________      ________
 1              0.000         0.000         0.000         0.000         0.000


           ALPHA
              B_06
              ________
 1              0.000


           BETA
              IA            SA            IB            SB            A_01
              ________      ________      ________      ________      ________
 IA             0.000         0.000         0.000         0.000         0.000
 SA             0.000         0.000         0.000         0.000         0.000
 IB             0.000         0.000         0.000         0.000         0.000
 SB             0.000         0.000         0.000         0.000         0.000
 A_01           1.000         0.000         0.000         0.000         0.000
 A_02           1.000         2.000         0.000         0.000         0.000
 A_03           1.000         4.000         0.000         0.000         0.000
 A_04           1.000         6.000         0.000         0.000         0.000
 A_05           1.000         8.000         0.000         0.000         0.000
 A_06           1.000        10.000         0.000         0.000         0.000
 B_01           0.000         0.000         1.000         0.000         0.000
 B_02           0.000         0.000         1.000         2.000         0.000
 B_03           0.000         0.000         1.000         4.000         0.000
 B_04           0.000         0.000         1.000         6.000         0.000
 B_05           0.000         0.000         1.000         8.000         0.000
 B_06           0.000         0.000         1.000        10.000         0.000


           BETA
              A_02          A_03          A_04          A_05          A_06
              ________      ________      ________      ________      ________
 IA             0.000         0.000         0.000         0.000         0.000
 SA             0.000         0.000         0.000         0.000         0.000
 IB             0.000         0.000         0.000         0.000         0.000
 SB             0.000         0.000         0.000         0.000         0.000
 A_01           0.000         0.000         0.000         0.000         0.000
 A_02           0.000         0.000         0.000         0.000         0.000
 A_03           0.000         0.000         0.000         0.000         0.000
 A_04           0.000         0.000         0.000         0.000         0.000
 A_05           0.000         0.000         0.000         0.000         0.000
 A_06           0.000         0.000         0.000         0.000         0.000
 B_01           0.000         0.000         0.000         0.000         0.000
 B_02           0.000         0.000         0.000         0.000         0.000
 B_03           0.000         0.000         0.000         0.000         0.000
 B_04           0.000         0.000         0.000         0.000         0.000
 B_05           0.000         0.000         0.000         0.000         0.000
 B_06           0.000         0.000         0.000         0.000         0.000


           BETA
              B_01          B_02          B_03          B_04          B_05
              ________      ________      ________      ________      ________
 IA             0.000         0.000         0.000         0.000         0.000
 SA             0.000         0.000         0.000         0.000         0.000
 IB             0.000         0.000         0.000         0.000         0.000
 SB             0.000         0.000         0.000         0.000         0.000
 A_01           0.000         0.000         0.000         0.000         0.000
 A_02           0.000         0.000         0.000         0.000         0.000
 A_03           0.000         0.000         0.000         0.000         0.000
 A_04           0.000         0.000         0.000         0.000         0.000
 A_05           0.000         0.000         0.000         0.000         0.000
 A_06           0.000         0.000         0.000         0.000         0.000
 B_01           0.000         0.000         0.000         0.000         0.000
 B_02           0.000         0.000         0.000         0.000         0.000
 B_03           0.000         0.000         0.000         0.000         0.000
 B_04           0.000         0.000         0.000         0.000         0.000
 B_05           0.000         0.000         0.000         0.000         0.000
 B_06           0.000         0.000         0.000         0.000         0.000


           BETA
              B_06
              ________
 IA             0.000
 SA             0.000
 IB             0.000
 SB             0.000
 A_01           0.000
 A_02           0.000
 A_03           0.000
 A_04           0.000
 A_05           0.000
 A_06           0.000
 B_01           0.000
 B_02           0.000
 B_03           0.000
 B_04           0.000
 B_05           0.000
 B_06           0.000


           PSI
              IA            SA            IB            SB            A_01
              ________      ________      ________      ________      ________
 IA             3.760
 SA             0.000         0.317
 IB             0.000         0.000         0.821
 SB             0.000         0.000         0.000         0.062
 A_01           0.000         0.000         0.000         0.000         1.799
 A_02           0.000         0.000         0.000         0.000         0.000
 A_03           0.000         0.000         0.000         0.000         0.000
 A_04           0.000         0.000         0.000         0.000         0.000
 A_05           0.000         0.000         0.000         0.000         0.000
 A_06           0.000         0.000         0.000         0.000         0.000
 B_01           0.000         0.000         0.000         0.000         0.000
 B_02           0.000         0.000         0.000         0.000         0.000
 B_03           0.000         0.000         0.000         0.000         0.000
 B_04           0.000         0.000         0.000         0.000         0.000
 B_05           0.000         0.000         0.000         0.000         0.000
 B_06           0.000         0.000         0.000         0.000         0.000


           PSI
              A_02          A_03          A_04          A_05          A_06
              ________      ________      ________      ________      ________
 A_02           1.952
 A_03           0.000         1.981
 A_04           0.000         0.000         2.076
 A_05           0.000         0.000         0.000         2.109
 A_06           0.000         0.000         0.000         0.000         2.103
 B_01           0.000         0.000         0.000         0.000         0.000
 B_02           0.000         0.000         0.000         0.000         0.000
 B_03           0.000         0.000         0.000         0.000         0.000
 B_04           0.000         0.000         0.000         0.000         0.000
 B_05           0.000         0.000         0.000         0.000         0.000
 B_06           0.000         0.000         0.000         0.000         0.000


           PSI
              B_01          B_02          B_03          B_04          B_05
              ________      ________      ________      ________      ________
 B_01           0.301
 B_02           0.000         0.281
 B_03           0.000         0.000         0.314
 B_04           0.000         0.000         0.000         0.299
 B_05           0.000         0.000         0.000         0.000         0.342
 B_06           0.000         0.000         0.000         0.000         0.000


           PSI
              B_06
              ________
 B_06           0.372


TECHNICAL 2 OUTPUT


     DERIVATIVES


           Derivatives With Respect to NU
              A_01          A_02          A_03          A_04          A_05
              ________      ________      ________      ________      ________
 1          0.000E+00     0.000E+00     0.000E+00     0.000E+00     0.000E+00


           Derivatives With Respect to NU
              A_06          B_01          B_02          B_03          B_04
              ________      ________      ________      ________      ________
 1          0.000E+00     0.000E+00     0.000E+00     0.000E+00     0.000E+00


           Derivatives With Respect to NU
              B_05          B_06          A
              ________      ________      ________
 1          0.000E+00     0.000E+00     0.480E-11


           Derivatives With Respect to LAMBDA
              IA            SA            IB            SB            A_01
              ________      ________      ________      ________      ________
 A_01       0.000E+00     0.000E+00     0.000E+00     0.000E+00     0.000E+00
 A_02       0.000E+00     0.000E+00     0.000E+00     0.000E+00     0.000E+00
 A_03       0.000E+00     0.000E+00     0.000E+00     0.000E+00     0.000E+00
 A_04       0.000E+00     0.000E+00     0.000E+00     0.000E+00     0.000E+00
 A_05       0.000E+00     0.000E+00     0.000E+00     0.000E+00     0.000E+00
 A_06       0.000E+00     0.000E+00     0.000E+00     0.000E+00     0.000E+00
 B_01       0.000E+00     0.000E+00     0.000E+00     0.000E+00     0.000E+00
 B_02       0.000E+00     0.000E+00     0.000E+00     0.000E+00     0.000E+00
 B_03       0.000E+00     0.000E+00     0.000E+00     0.000E+00     0.000E+00
 B_04       0.000E+00     0.000E+00     0.000E+00     0.000E+00     0.000E+00
 B_05       0.000E+00     0.000E+00     0.000E+00     0.000E+00     0.000E+00
 B_06       0.000E+00     0.000E+00     0.000E+00     0.000E+00     0.000E+00
 A          0.000E+00     0.000E+00     0.000E+00     0.000E+00     0.000E+00


           Derivatives With Respect to LAMBDA
              A_02          A_03          A_04          A_05          A_06
              ________      ________      ________      ________      ________
 A_01       0.000E+00     0.000E+00     0.000E+00     0.000E+00     0.000E+00
 A_02       0.000E+00     0.000E+00     0.000E+00     0.000E+00     0.000E+00
 A_03       0.000E+00     0.000E+00     0.000E+00     0.000E+00     0.000E+00
 A_04       0.000E+00     0.000E+00     0.000E+00     0.000E+00     0.000E+00
 A_05       0.000E+00     0.000E+00     0.000E+00     0.000E+00     0.000E+00
 A_06       0.000E+00     0.000E+00     0.000E+00     0.000E+00     0.000E+00
 B_01       0.000E+00     0.000E+00     0.000E+00     0.000E+00     0.000E+00
 B_02       0.000E+00     0.000E+00     0.000E+00     0.000E+00     0.000E+00
 B_03       0.000E+00     0.000E+00     0.000E+00     0.000E+00     0.000E+00
 B_04       0.000E+00     0.000E+00     0.000E+00     0.000E+00     0.000E+00
 B_05       0.000E+00     0.000E+00     0.000E+00     0.000E+00     0.000E+00
 B_06       0.000E+00     0.000E+00     0.000E+00     0.000E+00     0.000E+00
 A          0.000E+00     0.000E+00     0.000E+00     0.000E+00     0.000E+00


           Derivatives With Respect to LAMBDA
              B_01          B_02          B_03          B_04          B_05
              ________      ________      ________      ________      ________
 A_01       0.000E+00     0.000E+00     0.000E+00     0.000E+00     0.000E+00
 A_02       0.000E+00     0.000E+00     0.000E+00     0.000E+00     0.000E+00
 A_03       0.000E+00     0.000E+00     0.000E+00     0.000E+00     0.000E+00
 A_04       0.000E+00     0.000E+00     0.000E+00     0.000E+00     0.000E+00
 A_05       0.000E+00     0.000E+00     0.000E+00     0.000E+00     0.000E+00
 A_06       0.000E+00     0.000E+00     0.000E+00     0.000E+00     0.000E+00
 B_01       0.000E+00     0.000E+00     0.000E+00     0.000E+00     0.000E+00
 B_02       0.000E+00     0.000E+00     0.000E+00     0.000E+00     0.000E+00
 B_03       0.000E+00     0.000E+00     0.000E+00     0.000E+00     0.000E+00
 B_04       0.000E+00     0.000E+00     0.000E+00     0.000E+00     0.000E+00
 B_05       0.000E+00     0.000E+00     0.000E+00     0.000E+00     0.000E+00
 B_06       0.000E+00     0.000E+00     0.000E+00     0.000E+00     0.000E+00
 A          0.000E+00     0.000E+00     0.000E+00     0.000E+00     0.000E+00


           Derivatives With Respect to LAMBDA
              B_06
              ________
 A_01       0.000E+00
 A_02       0.000E+00
 A_03       0.000E+00
 A_04       0.000E+00
 A_05       0.000E+00
 A_06       0.000E+00
 B_01       0.000E+00
 B_02       0.000E+00
 B_03       0.000E+00
 B_04       0.000E+00
 B_05       0.000E+00
 B_06       0.000E+00
 A          0.000E+00


           Derivatives With Respect to THETA
              A_01          A_02          A_03          A_04          A_05
              ________      ________      ________      ________      ________
 A_01       0.000E+00
 A_02       0.000E+00     0.000E+00
 A_03       0.000E+00     0.000E+00     0.000E+00
 A_04       0.000E+00     0.000E+00     0.000E+00     0.000E+00
 A_05       0.000E+00     0.000E+00     0.000E+00     0.000E+00     0.000E+00
 A_06       0.000E+00     0.000E+00     0.000E+00     0.000E+00     0.000E+00
 B_01       0.000E+00     0.000E+00     0.000E+00     0.000E+00     0.000E+00
 B_02       0.000E+00     0.000E+00     0.000E+00     0.000E+00     0.000E+00
 B_03       0.000E+00     0.000E+00     0.000E+00     0.000E+00     0.000E+00
 B_04       0.000E+00     0.000E+00     0.000E+00     0.000E+00     0.000E+00
 B_05       0.000E+00     0.000E+00     0.000E+00     0.000E+00     0.000E+00
 B_06       0.000E+00     0.000E+00     0.000E+00     0.000E+00     0.000E+00
 A          0.000E+00     0.000E+00     0.000E+00     0.000E+00     0.000E+00


           Derivatives With Respect to THETA
              A_06          B_01          B_02          B_03          B_04
              ________      ________      ________      ________      ________
 A_06       0.000E+00
 B_01       0.000E+00     0.000E+00
 B_02       0.000E+00     0.000E+00     0.000E+00
 B_03       0.000E+00     0.000E+00     0.000E+00     0.000E+00
 B_04       0.000E+00     0.000E+00     0.000E+00     0.000E+00     0.000E+00
 B_05       0.000E+00     0.000E+00     0.000E+00     0.000E+00     0.000E+00
 B_06       0.000E+00     0.000E+00     0.000E+00     0.000E+00     0.000E+00
 A          0.000E+00     0.000E+00     0.000E+00     0.000E+00     0.000E+00


           Derivatives With Respect to THETA
              B_05          B_06          A
              ________      ________      ________
 B_05       0.000E+00
 B_06       0.000E+00     0.000E+00
 A          0.000E+00     0.000E+00     0.194E-11


           Derivatives With Respect to ALPHA
              IA            SA            IB            SB            A_01
              ________      ________      ________      ________      ________
 1          0.400E-08    -0.740E-07    -0.866E-07     0.523E-05     0.000E+00


           Derivatives With Respect to ALPHA
              A_02          A_03          A_04          A_05          A_06
              ________      ________      ________      ________      ________
 1          0.000E+00     0.000E+00     0.000E+00     0.000E+00     0.000E+00


           Derivatives With Respect to ALPHA
              B_01          B_02          B_03          B_04          B_05
              ________      ________      ________      ________      ________
 1          0.000E+00     0.000E+00     0.000E+00     0.000E+00     0.000E+00


           Derivatives With Respect to ALPHA
              B_06
              ________
 1          0.000E+00


           Derivatives With Respect to BETA
              IA            SA            IB            SB            A_01
              ________      ________      ________      ________      ________
 IA         0.000E+00     0.000E+00     0.000E+00     0.000E+00     0.000E+00
 SA         0.000E+00     0.000E+00     0.000E+00     0.000E+00     0.000E+00
 IB         0.000E+00     0.000E+00     0.000E+00     0.000E+00     0.000E+00
 SB         0.000E+00     0.000E+00     0.000E+00     0.000E+00     0.000E+00
 A_01       0.000E+00     0.000E+00     0.000E+00     0.000E+00     0.000E+00
 A_02       0.000E+00     0.000E+00     0.000E+00     0.000E+00     0.000E+00
 A_03       0.000E+00     0.000E+00     0.000E+00     0.000E+00     0.000E+00
 A_04       0.000E+00     0.000E+00     0.000E+00     0.000E+00     0.000E+00
 A_05       0.000E+00     0.000E+00     0.000E+00     0.000E+00     0.000E+00
 A_06       0.000E+00     0.000E+00     0.000E+00     0.000E+00     0.000E+00
 B_01       0.000E+00     0.000E+00     0.000E+00     0.000E+00     0.000E+00
 B_02       0.000E+00     0.000E+00     0.000E+00     0.000E+00     0.000E+00
 B_03       0.000E+00     0.000E+00     0.000E+00     0.000E+00     0.000E+00
 B_04       0.000E+00     0.000E+00     0.000E+00     0.000E+00     0.000E+00
 B_05       0.000E+00     0.000E+00     0.000E+00     0.000E+00     0.000E+00
 B_06       0.000E+00     0.000E+00     0.000E+00     0.000E+00     0.000E+00


           Derivatives With Respect to BETA
              A_02          A_03          A_04          A_05          A_06
              ________      ________      ________      ________      ________
 IA         0.000E+00     0.000E+00     0.000E+00     0.000E+00     0.000E+00
 SA         0.000E+00     0.000E+00     0.000E+00     0.000E+00     0.000E+00
 IB         0.000E+00     0.000E+00     0.000E+00     0.000E+00     0.000E+00
 SB         0.000E+00     0.000E+00     0.000E+00     0.000E+00     0.000E+00
 A_01       0.000E+00     0.000E+00     0.000E+00     0.000E+00     0.000E+00
 A_02       0.000E+00     0.000E+00     0.000E+00     0.000E+00     0.000E+00
 A_03       0.000E+00     0.000E+00     0.000E+00     0.000E+00     0.000E+00
 A_04       0.000E+00     0.000E+00     0.000E+00     0.000E+00     0.000E+00
 A_05       0.000E+00     0.000E+00     0.000E+00     0.000E+00     0.000E+00
 A_06       0.000E+00     0.000E+00     0.000E+00     0.000E+00     0.000E+00
 B_01       0.000E+00     0.000E+00     0.000E+00     0.000E+00     0.000E+00
 B_02       0.000E+00     0.000E+00     0.000E+00     0.000E+00     0.000E+00
 B_03       0.000E+00     0.000E+00     0.000E+00     0.000E+00     0.000E+00
 B_04       0.000E+00     0.000E+00     0.000E+00     0.000E+00     0.000E+00
 B_05       0.000E+00     0.000E+00     0.000E+00     0.000E+00     0.000E+00
 B_06       0.000E+00     0.000E+00     0.000E+00     0.000E+00     0.000E+00


           Derivatives With Respect to BETA
              B_01          B_02          B_03          B_04          B_05
              ________      ________      ________      ________      ________
 IA         0.000E+00     0.000E+00     0.000E+00     0.000E+00     0.000E+00
 SA         0.000E+00     0.000E+00     0.000E+00     0.000E+00     0.000E+00
 IB         0.000E+00     0.000E+00     0.000E+00     0.000E+00     0.000E+00
 SB         0.000E+00     0.000E+00     0.000E+00     0.000E+00     0.000E+00
 A_01       0.000E+00     0.000E+00     0.000E+00     0.000E+00     0.000E+00
 A_02       0.000E+00     0.000E+00     0.000E+00     0.000E+00     0.000E+00
 A_03       0.000E+00     0.000E+00     0.000E+00     0.000E+00     0.000E+00
 A_04       0.000E+00     0.000E+00     0.000E+00     0.000E+00     0.000E+00
 A_05       0.000E+00     0.000E+00     0.000E+00     0.000E+00     0.000E+00
 A_06       0.000E+00     0.000E+00     0.000E+00     0.000E+00     0.000E+00
 B_01       0.000E+00     0.000E+00     0.000E+00     0.000E+00     0.000E+00
 B_02       0.000E+00     0.000E+00     0.000E+00     0.000E+00     0.000E+00
 B_03       0.000E+00     0.000E+00     0.000E+00     0.000E+00     0.000E+00
 B_04       0.000E+00     0.000E+00     0.000E+00     0.000E+00     0.000E+00
 B_05       0.000E+00     0.000E+00     0.000E+00     0.000E+00     0.000E+00
 B_06       0.000E+00     0.000E+00     0.000E+00     0.000E+00     0.000E+00


           Derivatives With Respect to BETA
              B_06
              ________
 IA         0.000E+00
 SA         0.000E+00
 IB         0.000E+00
 SB         0.000E+00
 A_01       0.000E+00
 A_02       0.000E+00
 A_03       0.000E+00
 A_04       0.000E+00
 A_05       0.000E+00
 A_06       0.000E+00
 B_01       0.000E+00
 B_02       0.000E+00
 B_03       0.000E+00
 B_04       0.000E+00
 B_05       0.000E+00
 B_06       0.000E+00


           Derivatives With Respect to PSI
              IA            SA            IB            SB            A_01
              ________      ________      ________      ________      ________
 IA         0.132E-07
 SA        -0.171E-06     0.791E-06
 IB        -0.199E-06     0.177E-05     0.692E-06
 SB         0.359E-05    -0.366E-04    -0.322E-04    -0.962E-04
 A_01       0.000E+00     0.000E+00     0.000E+00     0.000E+00     0.552E-07
 A_02       0.000E+00     0.000E+00     0.000E+00     0.000E+00     0.000E+00
 A_03       0.000E+00     0.000E+00     0.000E+00     0.000E+00     0.000E+00
 A_04       0.000E+00     0.000E+00     0.000E+00     0.000E+00     0.000E+00
 A_05       0.000E+00     0.000E+00     0.000E+00     0.000E+00     0.000E+00
 A_06       0.000E+00     0.000E+00     0.000E+00     0.000E+00     0.000E+00
 B_01       0.000E+00     0.000E+00     0.000E+00     0.000E+00    -0.249E-05
 B_02       0.000E+00     0.000E+00     0.000E+00     0.000E+00     0.000E+00
 B_03       0.000E+00     0.000E+00     0.000E+00     0.000E+00     0.000E+00
 B_04       0.000E+00     0.000E+00     0.000E+00     0.000E+00     0.000E+00
 B_05       0.000E+00     0.000E+00     0.000E+00     0.000E+00     0.000E+00
 B_06       0.000E+00     0.000E+00     0.000E+00     0.000E+00     0.000E+00


           Derivatives With Respect to PSI
              A_02          A_03          A_04          A_05          A_06
              ________      ________      ________      ________      ________
 A_02      -0.267E-09
 A_03       0.000E+00     0.879E-09
 A_04       0.000E+00     0.000E+00     0.988E-09
 A_05       0.000E+00     0.000E+00     0.000E+00     0.140E-08
 A_06       0.000E+00     0.000E+00     0.000E+00     0.000E+00     0.134E-08
 B_01       0.000E+00     0.000E+00     0.000E+00     0.000E+00     0.000E+00
 B_02       0.000E+00     0.000E+00     0.000E+00     0.000E+00     0.000E+00
 B_03       0.000E+00     0.000E+00     0.000E+00     0.000E+00     0.000E+00
 B_04       0.000E+00     0.000E+00     0.000E+00     0.000E+00     0.000E+00
 B_05       0.000E+00     0.000E+00     0.000E+00     0.000E+00     0.000E+00
 B_06       0.000E+00     0.000E+00     0.000E+00     0.000E+00     0.000E+00


           Derivatives With Respect to PSI
              B_01          B_02          B_03          B_04          B_05
              ________      ________      ________      ________      ________
 B_01      -0.201E-04
 B_02       0.000E+00    -0.159E-04
 B_03       0.000E+00     0.000E+00    -0.585E-05
 B_04       0.000E+00     0.000E+00     0.000E+00     0.152E-05
 B_05       0.000E+00     0.000E+00     0.000E+00     0.000E+00     0.282E-05
 B_06       0.000E+00     0.000E+00     0.000E+00     0.000E+00     0.000E+00


           Derivatives With Respect to PSI
              B_06
              ________
 B_06       0.772E-06


TECHNICAL 3 OUTPUT


           ESTIMATED COVARIANCE MATRIX FOR PARAMETER ESTIMATES
                     1             2             3             4             5
              ________      ________      ________      ________      ________
        1   0.457612D-02
        2   0.323295D-01  0.446416D+00
        3  -0.403293D-03 -0.316697D-02  0.352672D-03
        4  -0.262180D-04 -0.628953D-04 -0.212987D-04  0.525043D-05
        5  -0.907674D-04 -0.119244D-02  0.192225D-04 -0.396626D-07  0.103570D-03
        6  -0.656534D-05  0.167586D-04  0.538630D-06  0.184376D-06 -0.989587D-05
        7   0.247027D-03  0.405546D-02 -0.701739D-04  0.347313D-05 -0.311421D-04
        8   0.406763D-06 -0.210107D-04  0.102292D-04 -0.162907D-05  0.235566D-05
        9   0.398244D-05  0.218944D-04 -0.162696D-05  0.385832D-07 -0.396051D-06
       10   0.356759D-04  0.127952D-02 -0.164289D-04  0.174190D-05 -0.264093D-04
       11   0.163665D-05  0.236744D-04  0.132500D-05 -0.489607D-06  0.103631D-05
       12   0.327979D-04  0.533806D-03 -0.740877D-05  0.181862D-06 -0.628802D-04
       13   0.978930D-06 -0.476317D-04  0.212881D-05 -0.317532D-06  0.406336D-05
       14  -0.845489D-08 -0.131631D-06 -0.193594D-06  0.447788D-07 -0.117691D-06
       15  -0.120067D-05 -0.146803D-04  0.522672D-06 -0.398365D-07  0.398438D-05
       16   0.769058D-07 -0.206067D-05 -0.598895D-07  0.581597D-08 -0.207299D-06
       17   0.218334D-04  0.166543D-03  0.118106D-04 -0.340408D-05  0.640150D-05
       18  -0.326378D-04 -0.602087D-03 -0.316636D-05  0.404264D-06 -0.213463D-05
       19  -0.222171D-04 -0.492145D-03 -0.526176D-04  0.554741D-05  0.209504D-06
       20  -0.751433D-04 -0.768755D-03  0.348639D-05  0.374859D-05  0.129307D-05
       21  -0.836173D-04 -0.175433D-03  0.193738D-04  0.590038D-06 -0.149874D-05
       22  -0.130779D-03 -0.511928D-03  0.555010D-04 -0.496810D-05  0.892741D-05
       23   0.131358D-05  0.954953D-04  0.244149D-04 -0.489420D-05  0.632970D-05
       24   0.787524D-05  0.133870D-03 -0.303802D-05 -0.957968D-06  0.446357D-05
       25   0.218305D-04  0.237667D-03 -0.980053D-05 -0.273220D-06 -0.158819D-04
       26   0.169122D-04  0.100358D-03 -0.139979D-04  0.567382D-06 -0.132817D-04
       27   0.296894D-04  0.173576D-03 -0.756361D-05 -0.647984D-06  0.253397D-07
       28   0.272050D-04  0.215838D-03 -0.720703D-05 -0.847415D-06  0.826255D-05
       29   0.157184D-04  0.930254D-04 -0.141714D-04 -0.665260D-06  0.195914D-04


           ESTIMATED COVARIANCE MATRIX FOR PARAMETER ESTIMATES
                     6             7             8             9            10
              ________      ________      ________      ________      ________
        6   0.210070D-05
        7   0.103501D-05  0.262443D-02
        8  -0.186566D-06 -0.181567D-03  0.293876D-04
        9   0.242506D-07  0.133570D-04 -0.354230D-05  0.816801D-06
       10   0.465975D-05  0.126874D-03 -0.223526D-05 -0.597673D-06  0.374946D-03
       11  -0.998900D-07 -0.889489D-05  0.104228D-05  0.568102D-07 -0.211520D-04
       12   0.671163D-05  0.220748D-04 -0.116240D-05  0.859498D-07  0.547311D-04
       13  -0.116712D-05 -0.236790D-05  0.592689D-06 -0.612092D-07 -0.395530D-04
       14   0.532649D-08  0.241755D-06 -0.851099D-07  0.125963D-07  0.209129D-05
       15  -0.631180D-06 -0.576328D-06  0.802420D-07 -0.150427D-07 -0.272757D-05
       16   0.120385D-07 -0.723891D-07 -0.454026D-08  0.188675D-08 -0.230160D-06
       17  -0.984159D-06 -0.754350D-03  0.111655D-03 -0.154648D-04 -0.105071D-04
       18  -0.858745D-06 -0.435693D-03  0.347156D-04 -0.327441D-05 -0.390946D-05
       19  -0.334121D-06 -0.139508D-03 -0.112178D-05  0.503304D-06 -0.160491D-04
       20  -0.165316D-06 -0.708551D-04 -0.996183D-05 -0.546846D-06  0.105432D-04
       21  -0.132494D-05  0.564672D-04 -0.110378D-04 -0.378709D-05 -0.100239D-04
       22  -0.131614D-05 -0.844726D-04  0.410465D-04 -0.182664D-04  0.295115D-04
       23  -0.549446D-06 -0.435432D-05 -0.502076D-06  0.605662D-06 -0.847017D-04
       24  -0.137415D-05  0.150308D-05  0.145746D-05 -0.278070D-06 -0.111900D-04
       25   0.136877D-05  0.918013D-05 -0.983827D-06  0.284191D-06  0.993112D-05
       26  -0.276822D-06  0.853625D-05 -0.495263D-07  0.199886D-07  0.281126D-05
       27  -0.264688D-05  0.107005D-04 -0.209651D-06  0.471093D-07 -0.942233D-05
       28  -0.342206D-05  0.959937D-06 -0.357175D-07  0.223678D-07  0.333425D-05
       29  -0.442460D-05 -0.388995D-05  0.635203D-06 -0.157112D-06  0.174956D-04


           ESTIMATED COVARIANCE MATRIX FOR PARAMETER ESTIMATES
                    11            12            13            14            15
              ________      ________      ________      ________      ________
       11   0.571914D-05
       12   0.793138D-07  0.426502D-03
       13   0.205102D-05 -0.657343D-05  0.855051D-05
       14  -0.546564D-06 -0.351592D-07 -0.442790D-06  0.102144D-06
       15   0.308018D-06 -0.475390D-04  0.610873D-06 -0.350842D-07  0.716462D-05
       16  -0.807563D-07  0.566911D-05  0.353006D-07  0.126659D-07 -0.108511D-05
       17   0.179911D-05 -0.152007D-04  0.213578D-05 -0.320333D-06  0.210757D-05
       18  -0.184302D-06 -0.694764D-05 -0.156872D-05  0.109961D-06  0.234517D-05
       19   0.110641D-05 -0.104764D-04  0.196648D-06 -0.418935D-08  0.187021D-05
       20  -0.236706D-05 -0.476725D-05 -0.145739D-05  0.309904D-06  0.152661D-05
       21  -0.591610D-06  0.711390D-05  0.240175D-06 -0.325126D-07  0.900748D-07
       22  -0.525784D-05  0.371115D-05 -0.150199D-05  0.194289D-06  0.435348D-06
       23   0.141566D-04 -0.331165D-04  0.134422D-04 -0.218052D-05  0.329603D-05
       24   0.170191D-05 -0.235925D-03  0.102862D-05 -0.193968D-06  0.362111D-04
       25   0.208149D-06 -0.165649D-03 -0.127532D-05  0.648219D-07  0.190940D-04
       26  -0.644815D-06 -0.862373D-04  0.704936D-06  0.785105D-07  0.654888D-05
       27   0.175891D-06  0.480194D-05  0.233724D-05  0.354180D-08 -0.235382D-05
       28   0.671309D-06 -0.167591D-04 -0.638798D-06 -0.121252D-06  0.663869D-05
       29   0.127707D-06 -0.850675D-04 -0.376539D-05 -0.838008D-07  0.232358D-04


           ESTIMATED COVARIANCE MATRIX FOR PARAMETER ESTIMATES
                    16            17            18            19            20
              ________      ________      ________      ________      ________
       16   0.223319D-06
       17  -0.298253D-06  0.227658D-02
       18  -0.465915D-06  0.226889D-03  0.173618D-02
       19  -0.337221D-06  0.536894D-05  0.263073D-04  0.155822D-02
       20  -0.245724D-06  0.156119D-05  0.167890D-03  0.577324D-04  0.169000D-02
       21  -0.106218D-06  0.296782D-04 -0.797115D-06  0.150855D-03  0.540872D-04
       22   0.179208D-07  0.279961D-03  0.136708D-03 -0.546750D-04  0.172402D-03
       23  -0.370142D-06  0.522012D-04 -0.377237D-04 -0.697485D-05  0.667792D-05
       24  -0.581850D-05  0.342141D-04  0.742203D-05 -0.141130D-04  0.111763D-04
       25  -0.227043D-05 -0.646606D-05  0.666578D-05  0.266630D-05  0.729940D-05
       26  -0.364249D-06  0.542787D-05  0.165206D-07  0.648186D-05 -0.739831D-05
       27   0.238465D-06  0.502644D-05  0.534227D-05  0.446425D-06 -0.272497D-05
       28  -0.304595D-05  0.286723D-05  0.761291D-05  0.775162D-05  0.445182D-05
       29  -0.705348D-05  0.228100D-04  0.503502D-05  0.108606D-04 -0.179926D-05


           ESTIMATED COVARIANCE MATRIX FOR PARAMETER ESTIMATES
                    21            22            23            24            25
              ________      ________      ________      ________      ________
       21   0.198872D-02
       22   0.150787D-03  0.247665D-02
       23  -0.723607D-05 -0.186763D-04  0.800680D-03
       24  -0.293025D-05  0.151163D-05  0.262335D-03  0.909526D-03
       25  -0.267699D-05 -0.257404D-05  0.145016D-04  0.998677D-04  0.183207D-03
       26  -0.596581D-05 -0.114667D-04 -0.213676D-05  0.254370D-04  0.300003D-04
       27   0.301046D-05 -0.305621D-05  0.477603D-05 -0.241261D-04  0.671595D-06
       28  -0.123352D-05 -0.362971D-05  0.859683D-05  0.434297D-04  0.276202D-05
       29   0.158023D-04  0.226403D-05  0.873227D-06  0.154125D-03  0.322732D-04


           ESTIMATED COVARIANCE MATRIX FOR PARAMETER ESTIMATES
                    26            27            28            29
              ________      ________      ________      ________
       26   0.209142D-03
       27   0.151252D-05  0.129550D-03
       28  -0.489883D-05  0.733841D-05  0.319618D-03
       29  -0.991089D-05  0.630493D-05  0.146191D-03  0.601289D-03


           ESTIMATED CORRELATION MATRIX FOR PARAMETER ESTIMATES
                     1             2             3             4             5
              ________      ________      ________      ________      ________
        1       1.000
        2       0.715         1.000
        3      -0.317        -0.252         1.000
        4      -0.169        -0.041        -0.495         1.000
        5      -0.132        -0.175         0.101        -0.002         1.000
        6      -0.067         0.017         0.020         0.056        -0.671
        7       0.071         0.118        -0.073         0.030        -0.060
        8       0.001        -0.006         0.100        -0.131         0.043
        9       0.065         0.036        -0.096         0.019        -0.043
       10       0.027         0.099        -0.045         0.039        -0.134
       11       0.010         0.015         0.030        -0.089         0.043
       12       0.023         0.039        -0.019         0.004        -0.299
       13       0.005        -0.024         0.039        -0.047         0.137
       14       0.000        -0.001        -0.032         0.061        -0.036
       15      -0.007        -0.008         0.010        -0.006         0.146
       16       0.002        -0.007        -0.007         0.005        -0.043
       17       0.007         0.005         0.013        -0.031         0.013
       18      -0.012        -0.022        -0.004         0.004        -0.005
       19      -0.008        -0.019        -0.071         0.061         0.001
       20      -0.027        -0.028         0.005         0.040         0.003
       21      -0.028        -0.006         0.023         0.006        -0.003
       22      -0.039        -0.015         0.059        -0.044         0.018
       23       0.001         0.005         0.046        -0.075         0.022
       24       0.004         0.007        -0.005        -0.014         0.015
       25       0.024         0.026        -0.039        -0.009        -0.115
       26       0.017         0.010        -0.052         0.017        -0.090
       27       0.039         0.023        -0.035        -0.025         0.000
       28       0.022         0.018        -0.021        -0.021         0.045
       29       0.009         0.006        -0.031        -0.012         0.079


           ESTIMATED CORRELATION MATRIX FOR PARAMETER ESTIMATES
                     6             7             8             9            10
              ________      ________      ________      ________      ________
        6       1.000
        7       0.014         1.000
        8      -0.024        -0.654         1.000
        9       0.019         0.288        -0.723         1.000
       10       0.166         0.128        -0.021        -0.034         1.000
       11      -0.029        -0.073         0.080         0.026        -0.457
       12       0.224         0.021        -0.010         0.005         0.137
       13      -0.275        -0.016         0.037        -0.023        -0.699
       14       0.011         0.015        -0.049         0.044         0.338
       15      -0.163        -0.004         0.006        -0.006        -0.053
       16       0.018        -0.003        -0.002         0.004        -0.025
       17      -0.014        -0.309         0.432        -0.359        -0.011
       18      -0.014        -0.204         0.154        -0.087        -0.005
       19      -0.006        -0.069        -0.005         0.014        -0.021
       20      -0.003        -0.034        -0.045        -0.015         0.013
       21      -0.020         0.025        -0.046        -0.094        -0.012
       22      -0.018        -0.033         0.152        -0.406         0.031
       23      -0.013        -0.003        -0.003         0.024        -0.155
       24      -0.031         0.001         0.009        -0.010        -0.019
       25       0.070         0.013        -0.013         0.023         0.038
       26      -0.013         0.012        -0.001         0.002         0.010
       27      -0.160         0.018        -0.003         0.005        -0.043
       28      -0.132         0.001         0.000         0.001         0.010
       29      -0.124        -0.003         0.005        -0.007         0.037


           ESTIMATED CORRELATION MATRIX FOR PARAMETER ESTIMATES
                    11            12            13            14            15
              ________      ________      ________      ________      ________
       11       1.000
       12       0.002         1.000
       13       0.293        -0.109         1.000
       14      -0.715        -0.005        -0.474         1.000
       15       0.048        -0.860         0.078        -0.041         1.000
       16      -0.071         0.581         0.026         0.084        -0.858
       17       0.016        -0.015         0.015        -0.021         0.017
       18      -0.002        -0.008        -0.013         0.008         0.021
       19       0.012        -0.013         0.002         0.000         0.018
       20      -0.024        -0.006        -0.012         0.024         0.014
       21      -0.006         0.008         0.002        -0.002         0.001
       22      -0.044         0.004        -0.010         0.012         0.003
       23       0.209        -0.057         0.162        -0.241         0.044
       24       0.024        -0.379         0.012        -0.020         0.449
       25       0.006        -0.593        -0.032         0.015         0.527
       26      -0.019        -0.289         0.017         0.017         0.169
       27       0.006         0.020         0.070         0.001        -0.077
       28       0.016        -0.045        -0.012        -0.021         0.139
       29       0.002        -0.168        -0.053        -0.011         0.354


           ESTIMATED CORRELATION MATRIX FOR PARAMETER ESTIMATES
                    16            17            18            19            20
              ________      ________      ________      ________      ________
       16       1.000
       17      -0.013         1.000
       18      -0.024         0.114         1.000
       19      -0.018         0.003         0.016         1.000
       20      -0.013         0.001         0.098         0.036         1.000
       21      -0.005         0.014         0.000         0.086         0.030
       22       0.001         0.118         0.066        -0.028         0.084
       23      -0.028         0.039        -0.032        -0.006         0.006
       24      -0.408         0.024         0.006        -0.012         0.009
       25      -0.355        -0.010         0.012         0.005         0.013
       26      -0.053         0.008         0.000         0.011        -0.012
       27       0.044         0.009         0.011         0.001        -0.006
       28      -0.361         0.003         0.010         0.011         0.006
       29      -0.609         0.019         0.005         0.011        -0.002


           ESTIMATED CORRELATION MATRIX FOR PARAMETER ESTIMATES
                    21            22            23            24            25
              ________      ________      ________      ________      ________
       21       1.000
       22       0.068         1.000
       23      -0.006        -0.013         1.000
       24      -0.002         0.001         0.307         1.000
       25      -0.004        -0.004         0.038         0.245         1.000
       26      -0.009        -0.016        -0.005         0.058         0.153
       27       0.006        -0.005         0.015        -0.070         0.004
       28      -0.002        -0.004         0.017         0.081         0.011
       29       0.014         0.002         0.001         0.208         0.097


           ESTIMATED CORRELATION MATRIX FOR PARAMETER ESTIMATES
                    26            27            28            29
              ________      ________      ________      ________
       26       1.000
       27       0.009         1.000
       28      -0.019         0.036         1.000
       29      -0.028         0.023         0.333         1.000


     Beginning Time:  11:18:03
        Ending Time:  11:38:03
       Elapsed Time:  00:20:00



MUTHEN & MUTHEN
3463 Stoner Ave.
Los Angeles, CA  90066

Tel: (310) 391-9971
Fax: (310) 391-8971
Web: www.StatModel.com
Support: Support@StatModel.com

Copyright (c) 1998-2015 Muthen & Muthen
