Mplus VERSION 7.4 (Mac)
MUTHEN & MUTHEN
01/07/2018   5:50 PM

INPUT INSTRUCTIONS

  TITLE:
  LGM
  DATA:
  File = wide-dataset-b.dat ;
  VARIABLE:
  NAMES are
   id hhid male birthyr_rand birthmo_rand race_rand hispanic_rand cohort
      raedyrs raedegrm memoryproblems_baseline memory_disease_ever age_baseline
      age_baseline_65 health_conditions_baseline healthcond_mean activity_mean_2004
      activity_mean_2006 activity_mean_2008 activity_mean_2010 activity_mean_2012
      activity_mean_2014 activity_sum_2004 activity_sum_2006 activity_sum_2008
      activity_sum_2010 activity_sum_2012 activity_sum_2014 close_social_network_2004
      close_social_network_2006 close_social_network_2008 close_social_network_2010
      close_social_network_2012 close_social_network_2014 countb20r_2004
      countb20r_2006 countb20r_2008 countb20r_2010 countb20r_2012 countb20r_2014
      crp_adj_2004 crp_adj_2006 crp_adj_2008 crp_adj_2010 crp_adj_2012 crp_adj_2014
      dep_total_2004 dep_total_2006 dep_total_2008 dep_total_2010 dep_total_2012
      dep_total_2014 exercise_2004 exercise_2006 exercise_2008 exercise_2010
      exercise_2012 exercise_2014 healthcond_2004 healthcond_2006 healthcond_2008
      healthcond_2010 healthcond_2012 healthcond_2014 hhres_2004 hhres_2006
      hhres_2008 hhres_2010 hhres_2012 hhres_2014 hrs_tscore_2004 hrs_tscore_2006
      hrs_tscore_2008 hrs_tscore_2010 hrs_tscore_2012 hrs_tscore_2014 intage_r_2004
      intage_r_2006 intage_r_2008 intage_r_2010 intage_r_2012 intage_r_2014
      interview_date_2004 interview_date_2006 interview_date_2008 interview_date_2010
      interview_date_2012 interview_date_2014 lb_65_wave_2004 lb_65_wave_2006
      lb_65_wave_2008 lb_65_wave_2010 lb_65_wave_2012 lb_65_wave_2014 lb_wave_2004
      lb_wave_2006 lb_wave_2008 lb_wave_2010 lb_wave_2012 lb_wave_2014 listassi_2004
      listassi_2006 listassi_2008 listassi_2010 listassi_2012 listassi_2014
      mentalstatus_tot_2004 mentalstatus_tot_2006 mentalstatus_tot_2008
      mentalstatus_tot_2010 mentalstatus_tot_2012 mentalstatus_tot_2014 proxy_2004
      proxy_2006 proxy_2008 proxy_2010 proxy_2012 proxy_2014 responded_2004
      responded_2006 responded_2008 responded_2010 responded_2012 responded_2014
      rmaritalst_2004 rmaritalst_2006 rmaritalst_2008 rmaritalst_2010 rmaritalst_2012
      rmaritalst_2014 rpartst_2004 rpartst_2006 rpartst_2008 rpartst_2010
      rpartst_2012 rpartst_2014 score_loneliness_11_2004 score_loneliness_11_2006
      score_loneliness_11_2008 score_loneliness_11_2010 score_loneliness_11_2012
      score_loneliness_11_2014 score_loneliness_3_2004 score_loneliness_3_2006
      score_loneliness_3_2008 score_loneliness_3_2010 score_loneliness_3_2012
      score_loneliness_3_2014 shhidpnr_2004 shhidpnr_2006 shhidpnr_2008 shhidpnr_2010
      shhidpnr_2012 shhidpnr_2014 snchild_2004 snchild_2006 snchild_2008 snchild_2010
      snchild_2012 snchild_2014 snfamily_2004 snfamily_2006 snfamily_2008
      snfamily_2010 snfamily_2012 snfamily_2014 snfriends_2004 snfriends_2006
      snfriends_2008 snfriends_2010 snfriends_2012 snfriends_2014 snspouse_2004
      snspouse_2006 snspouse_2008 snspouse_2010 snspouse_2012 snspouse_2014
      social_contact_total_2004 social_contact_total_2006 social_contact_total_2008
      social_contact_total_2010 social_contact_total_2012 social_contact_total_2014
      social_strain_mean_2004 social_strain_mean_2006 social_strain_mean_2008
      social_strain_mean_2010 social_strain_mean_2012 social_strain_mean_2014
      social_support_mean_2004 social_support_mean_2006 social_support_mean_2008
      social_support_mean_2010 social_support_mean_2012 social_support_mean_2014
      socialnetwork_total_2004 socialnetwork_total_2006 socialnetwork_total_2008
      socialnetwork_total_2010 socialnetwork_total_2012 socialnetwork_total_2014
      srmemory_2004 srmemory_2006 srmemory_2008 srmemory_2010 srmemory_2012
      srmemory_2014 srmemoryp_2004 srmemoryp_2006 srmemoryp_2008 srmemoryp_2010
      srmemoryp_2012 srmemoryp_2014 vocab_total_2004 vocab_total_2006 vocab_total_2008
      vocab_total_2010 vocab_total_2012 vocab_total_2014 wrectotd_2004 wrectotd_2006
      wrectotd_2008 wrectotd_2010 wrectotd_2012 wrectotd_2014 wrectoti_2004
      wrectoti_2006 wrectoti_2008 wrectoti_2010 wrectoti_2012 wrectoti_2014
  	;
  Missing are all(9999);
  USEVARIABLES are
  	!define the variables used in the analysis
  	!estimated time points
  a_01
  a_02
  a_03
  a_04
  a_05
  a_06
  	! covariates used in the model
   	;
  SUBPOPULATION are
  	!select a subset of observations
  age_baseline > 64 AND
  memory_disease_ever EQ 0
  ;
  CLUSTER = hhid;
  DEFINE:
    ! centre baseline age
  a = age_baseline - 69;
  	! assign variables to the process (A)
  a_01=wrectoti_2004;
  a_02=wrectoti_2006;
  a_03=wrectoti_2008;
  a_04=wrectoti_2010;
  a_05=wrectoti_2012;
  a_06=wrectoti_2014;
  ANALYSIS:
  TYPE = COMPLEX RANDOM;
  COVERAGE=.00;
  H1ITERATIONS = 10000;
  MODEL:
  	!LGM
  	! assign process (A) to time points
  ia sa | a_02@0 a_03@2 a_04@4 a_05@6 a_06@8;
  	! assign process (B) to time points
  	
  OUTPUT: SAMPSTAT MODINDICES (3.0); TECH1 TECH2 TECH3;;



*** WARNING in MODEL command
  Variable is uncorrelated with all other variables:  A_01
*** WARNING in MODEL command
  At least one variable is uncorrelated with all other variables in the model.
  Check that this is what is intended.
   2 WARNING(S) FOUND IN THE INPUT INSTRUCTIONS




LGM

SUMMARY OF ANALYSIS

Number of groups                                                 1
Number of observations                                        5952

Number of dependent variables                                    6
Number of independent variables                                  0
Number of continuous latent variables                            2

Observed dependent variables

  Continuous
   A_01        A_02        A_03        A_04        A_05        A_06

Continuous latent variables
   IA          SA

Variables with special functions

  Cluster variable      HHID

Estimator                                                      MLR
Information matrix                                        OBSERVED
Maximum number of iterations                                   100
Convergence criterion                                    0.100D-05
Maximum number of EM iterations                                500
Convergence criteria for the EM algorithm
  Loglikelihood change                                   0.100D-02
  Relative loglikelihood change                          0.100D-05
  Derivative                                             0.100D-03
Minimum variance                                         0.100D-03
Maximum number of steepest descent iterations                   20
Maximum number of iterations for H1                          10000
Convergence criterion for H1                             0.100D-03
Optimization algorithm                                         EMA

Input data file(s)
  wide-dataset-b.dat
Input data format  FREE


SUMMARY OF DATA

     Number of missing data patterns            62
     Number of clusters        4882



SAMPLE STATISTICS


     ESTIMATED SAMPLE STATISTICS


           Means
              A_01          A_02          A_03          A_04          A_05
              ________      ________      ________      ________      ________
 1              5.434         5.305         5.168         4.832         4.665


           Means
              A_06
              ________
 1              4.483


           Covariances
              A_01          A_02          A_03          A_04          A_05
              ________      ________      ________      ________      ________
 A_01           2.264
 A_02           1.074         2.359
 A_03           1.089         1.087         2.390
 A_04           1.053         1.199         1.152         2.706
 A_05           1.132         1.089         1.239         1.317         2.688
 A_06           1.055         1.242         1.177         1.369         1.385


           Covariances
              A_06
              ________
 A_06           2.809


           Correlations
              A_01          A_02          A_03          A_04          A_05
              ________      ________      ________      ________      ________
 A_01           1.000
 A_02           0.464         1.000
 A_03           0.468         0.458         1.000
 A_04           0.425         0.474         0.453         1.000
 A_05           0.459         0.433         0.489         0.488         1.000
 A_06           0.418         0.482         0.454         0.497         0.504


           Correlations
              A_06
              ________
 A_06           1.000


     MAXIMUM LOG-LIKELIHOOD VALUE FOR THE UNRESTRICTED (H1) MODEL IS -55543.887


UNIVARIATE SAMPLE STATISTICS


     UNIVARIATE HIGHER-ORDER MOMENT DESCRIPTIVE STATISTICS

         Variable/         Mean/     Skewness/   Minimum/ % with                Percentiles
        Sample Size      Variance    Kurtosis    Maximum  Min/Max      20%/60%    40%/80%    Median

     A_01                  5.450      -0.108       0.000    0.36%       4.000      5.000      5.000
            5496.000       2.255       0.367      10.000    0.38%       6.000      7.000
     A_02                  5.312      -0.013       0.000    0.25%       4.000      5.000      5.000
            5681.000       2.347       0.206      10.000    0.42%       6.000      7.000
     A_03                  5.177      -0.071       0.000    0.36%       4.000      5.000      5.000
            5775.000       2.383       0.197      10.000    0.23%       6.000      6.000
     A_04                  4.856      -0.123       0.000    1.04%       4.000      5.000      5.000
            5669.000       2.683       0.277      10.000    0.19%       5.000      6.000
     A_05                  4.743      -0.175       0.000    1.46%       3.000      4.000      5.000
            5132.000       2.642       0.389      10.000    0.19%       5.000      6.000
     A_06                  4.626      -0.096       0.000    1.38%       3.000      4.000      5.000
            4429.000       2.729       0.239      10.000    0.09%       5.000      6.000


THE MODEL ESTIMATION TERMINATED NORMALLY



MODEL FIT INFORMATION

Number of Free Parameters                       12

Loglikelihood

          H0 Value                      -56732.006
          H0 Scaling Correction Factor      1.2757
            for MLR
          H1 Value                      -55543.887
          H1 Scaling Correction Factor      1.1920
            for MLR

Information Criteria

          Akaike (AIC)                  113488.012
          Bayesian (BIC)                113568.310
          Sample-Size Adjusted BIC      113530.177
            (n* = (n + 2) / 24)

Chi-Square Test of Model Fit

          Value                           2111.987*
          Degrees of Freedom                    15
          P-Value                           0.0000
          Scaling Correction Factor         1.1251
            for MLR

*   The chi-square value for MLM, MLMV, MLR, ULSMV, WLSM and WLSMV cannot be used
    for chi-square difference testing in the regular way.  MLM, MLR and WLSM
    chi-square difference testing is described on the Mplus website.  MLMV, WLSMV,
    and ULSMV difference testing is done using the DIFFTEST option.

RMSEA (Root Mean Square Error Of Approximation)

          Estimate                           0.153

CFI/TLI

          CFI                                0.723
          TLI                                0.723

Chi-Square Test of Model Fit for the Baseline Model

          Value                           7582.095
          Degrees of Freedom                    15
          P-Value                           0.0000

SRMR (Standardized Root Mean Square Residual)

          Value                              0.219



MODEL RESULTS

                                                    Two-Tailed
                    Estimate       S.E.  Est./S.E.    P-Value

 IA       |
    A_02               1.000      0.000    999.000    999.000
    A_03               1.000      0.000    999.000    999.000
    A_04               1.000      0.000    999.000    999.000
    A_05               1.000      0.000    999.000    999.000
    A_06               1.000      0.000    999.000    999.000

 SA       |
    A_02               0.000      0.000    999.000    999.000
    A_03               2.000      0.000    999.000    999.000
    A_04               4.000      0.000    999.000    999.000
    A_05               6.000      0.000    999.000    999.000
    A_06               8.000      0.000    999.000    999.000

 SA       WITH
    IA                 0.015      0.005      2.911      0.004

 Means
    A_01               5.450      0.021    263.901      0.000
    IA                 5.324      0.018    293.514      0.000
    SA                -0.108      0.003    -39.669      0.000

 Intercepts
    A_02               0.000      0.000    999.000    999.000
    A_03               0.000      0.000    999.000    999.000
    A_04               0.000      0.000    999.000    999.000
    A_05               0.000      0.000    999.000    999.000
    A_06               0.000      0.000    999.000    999.000

 Variances
    A_01               2.255      0.047     48.282      0.000
    IA                 1.067      0.040     26.897      0.000
    SA                 0.003      0.001      2.564      0.010

 Residual Variances
    A_02               1.275      0.042     30.494      0.000
    A_03               1.299      0.034     38.039      0.000
    A_04               1.426      0.042     33.547      0.000
    A_05               1.359      0.047     29.045      0.000
    A_06               1.341      0.050     26.885      0.000


QUALITY OF NUMERICAL RESULTS

     Condition Number for the Information Matrix              0.229E-02
       (ratio of smallest to largest eigenvalue)


MODEL MODIFICATION INDICES

NOTE:  Modification indices for direct effects of observed dependent variables
regressed on covariates may not be included.  To include these, request
MODINDICES (ALL).

Minimum M.I. value for printing the modification index     3.000

                                   M.I.     E.P.C.


BY Statements

IA       BY A_01                1620.756     0.950
IA       BY A_03                  18.047     0.015
IA       BY A_04                  12.901    -0.013
IA       BY A_06                   3.123     0.009
SA       BY A_01                1099.760    30.944
SA       BY A_02                   3.870     0.462
SA       BY A_03                  24.002    -0.851
SA       BY A_04                  17.078     0.713
SA       BY A_06                   3.519    -0.482

WITH Statements

A_02     WITH A_01               145.633     0.327
A_03     WITH A_01               126.712     0.307
A_04     WITH A_01                50.275     0.204
A_04     WITH A_02                 6.523     0.066
A_04     WITH A_03                 4.989    -0.057
A_05     WITH A_01                79.396     0.266
A_05     WITH A_02                22.796    -0.131
A_05     WITH A_03                11.603     0.091
A_06     WITH A_01                18.039     0.138
A_06     WITH A_02                12.649     0.124
A_06     WITH A_03                10.386    -0.095

Means/Intercepts/Thresholds

[ A_02     ]                       3.280    -0.047
[ A_03     ]                      21.123     0.088
[ A_04     ]                      15.338    -0.074
[ A_06     ]                       3.160     0.050


TECHNICAL 1 OUTPUT


     PARAMETER SPECIFICATION


           NU
              A_01          A_02          A_03          A_04          A_05
              ________      ________      ________      ________      ________
 1                  1             0             0             0             0


           NU
              A_06
              ________
 1                  0


           LAMBDA
              IA            SA
              ________      ________
 A_01               0             0
 A_02               0             0
 A_03               0             0
 A_04               0             0
 A_05               0             0
 A_06               0             0


           THETA
              A_01          A_02          A_03          A_04          A_05
              ________      ________      ________      ________      ________
 A_01               2
 A_02               0             3
 A_03               0             0             4
 A_04               0             0             0             5
 A_05               0             0             0             0             6
 A_06               0             0             0             0             0


           THETA
              A_06
              ________
 A_06               7


           ALPHA
              IA            SA
              ________      ________
 1                  8             9


           BETA
              IA            SA
              ________      ________
 IA                 0             0
 SA                 0             0


           PSI
              IA            SA
              ________      ________
 IA                10
 SA                11            12


     STARTING VALUES


           NU
              A_01          A_02          A_03          A_04          A_05
              ________      ________      ________      ________      ________
 1              0.000         0.000         0.000         0.000         0.000


           NU
              A_06
              ________
 1              0.000


           LAMBDA
              IA            SA
              ________      ________
 A_01           0.000         0.000
 A_02           1.000         0.000
 A_03           1.000         2.000
 A_04           1.000         4.000
 A_05           1.000         6.000
 A_06           1.000         8.000


           THETA
              A_01          A_02          A_03          A_04          A_05
              ________      ________      ________      ________      ________
 A_01           1.127
 A_02           0.000         1.173
 A_03           0.000         0.000         1.191
 A_04           0.000         0.000         0.000         1.342
 A_05           0.000         0.000         0.000         0.000         1.321
 A_06           0.000         0.000         0.000         0.000         0.000


           THETA
              A_06
              ________
 A_06           1.364


           ALPHA
              IA            SA
              ________      ________
 1              5.169        -0.144


           BETA
              IA            SA
              ________      ________
 IA             0.000         0.000
 SA             0.000         0.000


           PSI
              IA            SA
              ________      ________
 IA             2.065
 SA             0.000         0.124


TECHNICAL 2 OUTPUT


     DERIVATIVES


           Derivatives With Respect to NU
              A_01          A_02          A_03          A_04          A_05
              ________      ________      ________      ________      ________
 1          0.793E-11     0.000E+00     0.000E+00     0.000E+00     0.000E+00


           Derivatives With Respect to NU
              A_06
              ________
 1          0.000E+00


           Derivatives With Respect to LAMBDA
              IA            SA
              ________      ________
 A_01       0.000E+00     0.000E+00
 A_02       0.000E+00     0.000E+00
 A_03       0.000E+00     0.000E+00
 A_04       0.000E+00     0.000E+00
 A_05       0.000E+00     0.000E+00
 A_06       0.000E+00     0.000E+00


           Derivatives With Respect to THETA
              A_01          A_02          A_03          A_04          A_05
              ________      ________      ________      ________      ________
 A_01      -0.177E-10
 A_02       0.000E+00    -0.219E-06
 A_03       0.000E+00     0.000E+00    -0.266E-08
 A_04       0.000E+00     0.000E+00     0.000E+00     0.298E-06
 A_05       0.000E+00     0.000E+00     0.000E+00     0.000E+00     0.372E-06
 A_06       0.000E+00     0.000E+00     0.000E+00     0.000E+00     0.000E+00


           Derivatives With Respect to THETA
              A_06
              ________
 A_06      -0.496E-06


           Derivatives With Respect to ALPHA
              IA            SA
              ________      ________
 1          0.327E-06     0.107E-04


           Derivatives With Respect to BETA
              IA            SA
              ________      ________
 IA         0.000E+00     0.000E+00
 SA         0.000E+00     0.000E+00


           Derivatives With Respect to PSI
              IA            SA
              ________      ________
 IA        -0.298E-06
 SA        -0.130E-04    -0.900E-04


TECHNICAL 3 OUTPUT


           ESTIMATED COVARIANCE MATRIX FOR PARAMETER ESTIMATES
                     1             2             3             4             5
              ________      ________      ________      ________      ________
        1   0.426486D-03
        2  -0.904872D-04  0.218092D-02
        3   0.273857D-04  0.339944D-04  0.174690D-02
        4   0.235278D-04  0.666233D-04  0.137390D-03  0.116684D-02
        5   0.445505D-04  0.185212D-04  0.847672D-04 -0.371312D-04  0.180609D-02
        6   0.202328D-04 -0.400562D-05 -0.191530D-04  0.437748D-04 -0.318745D-04
        7   0.444636D-04  0.116810D-04  0.432780D-03  0.446501D-04  0.628476D-04
        8   0.188466D-03 -0.247487D-04  0.793875D-05 -0.973348D-05  0.988638D-05
        9   0.521951D-06 -0.209682D-05  0.230591D-05  0.362614D-05  0.211570D-05
       10  -0.488665D-04  0.407960D-03 -0.668227D-03 -0.223305D-03 -0.737191D-04
       11   0.463501D-05  0.350479D-05  0.111065D-03  0.287194D-04 -0.490459D-05
       12  -0.775520D-06  0.379423D-06 -0.193531D-04 -0.388824D-05  0.419840D-06


           ESTIMATED COVARIANCE MATRIX FOR PARAMETER ESTIMATES
                     6             7             8             9            10
              ________      ________      ________      ________      ________
        6   0.218786D-02
        7   0.298617D-03  0.248738D-02
        8   0.361027D-04  0.594867D-04  0.329065D-03
        9  -0.913835D-05 -0.101531D-04 -0.216431D-04  0.739718D-05
       10  -0.129640D-04 -0.179655D-03 -0.248515D-04 -0.171346D-05  0.157306D-02
       11   0.394812D-05  0.563822D-04  0.106877D-06  0.981173D-08 -0.135065D-03
       12  -0.872329D-05 -0.249954D-04  0.119330D-07 -0.219234D-06  0.151340D-04


           ESTIMATED COVARIANCE MATRIX FOR PARAMETER ESTIMATES
                    11            12
              ________      ________
       11   0.262055D-04
       12  -0.378571D-05  0.113068D-05


           ESTIMATED CORRELATION MATRIX FOR PARAMETER ESTIMATES
                     1             2             3             4             5
              ________      ________      ________      ________      ________
        1       1.000
        2      -0.094         1.000
        3       0.032         0.017         1.000
        4       0.033         0.042         0.096         1.000
        5       0.051         0.009         0.048        -0.026         1.000
        6       0.021        -0.002        -0.010         0.027        -0.016
        7       0.043         0.005         0.208         0.026         0.030
        8       0.503        -0.029         0.010        -0.016         0.013
        9       0.009        -0.017         0.020         0.039         0.018
       10      -0.060         0.220        -0.403        -0.165        -0.044
       11       0.044         0.015         0.519         0.164        -0.023
       12      -0.035         0.008        -0.435        -0.107         0.009


           ESTIMATED CORRELATION MATRIX FOR PARAMETER ESTIMATES
                     6             7             8             9            10
              ________      ________      ________      ________      ________
        6       1.000
        7       0.128         1.000
        8       0.043         0.066         1.000
        9      -0.072        -0.075        -0.439         1.000
       10      -0.007        -0.091        -0.035        -0.016         1.000
       11       0.016         0.221         0.001         0.001        -0.665
       12      -0.175        -0.471         0.001        -0.076         0.359


           ESTIMATED CORRELATION MATRIX FOR PARAMETER ESTIMATES
                    11            12
              ________      ________
       11       1.000
       12      -0.695         1.000


     Beginning Time:  17:50:16
        Ending Time:  17:50:20
       Elapsed Time:  00:00:04



MUTHEN & MUTHEN
3463 Stoner Ave.
Los Angeles, CA  90066

Tel: (310) 391-9971
Fax: (310) 391-8971
Web: www.StatModel.com
Support: Support@StatModel.com

Copyright (c) 1998-2015 Muthen & Muthen
