Mplus VERSION 7.4 (Mac)
MUTHEN & MUTHEN
01/07/2018   5:20 PM

INPUT INSTRUCTIONS

  TITLE:
  LGM, nested in ALT
  DATA:
  File = wide-dataset-b.dat ;
  VARIABLE:
  NAMES are
   id hhid male birthyr_rand birthmo_rand race_rand hispanic_rand cohort
      raedyrs raedegrm memoryproblems_baseline memory_disease_ever age_baseline
      age_baseline_65 health_conditions_baseline healthcond_mean activity_mean_2004
      activity_mean_2006 activity_mean_2008 activity_mean_2010 activity_mean_2012
      activity_mean_2014 activity_sum_2004 activity_sum_2006 activity_sum_2008
      activity_sum_2010 activity_sum_2012 activity_sum_2014 close_social_network_2004
      close_social_network_2006 close_social_network_2008 close_social_network_2010
      close_social_network_2012 close_social_network_2014 countb20r_2004
      countb20r_2006 countb20r_2008 countb20r_2010 countb20r_2012 countb20r_2014
      crp_adj_2004 crp_adj_2006 crp_adj_2008 crp_adj_2010 crp_adj_2012 crp_adj_2014
      dep_total_2004 dep_total_2006 dep_total_2008 dep_total_2010 dep_total_2012
      dep_total_2014 exercise_2004 exercise_2006 exercise_2008 exercise_2010
      exercise_2012 exercise_2014 healthcond_2004 healthcond_2006 healthcond_2008
      healthcond_2010 healthcond_2012 healthcond_2014 hhres_2004 hhres_2006
      hhres_2008 hhres_2010 hhres_2012 hhres_2014 hrs_tscore_2004 hrs_tscore_2006
      hrs_tscore_2008 hrs_tscore_2010 hrs_tscore_2012 hrs_tscore_2014 intage_r_2004
      intage_r_2006 intage_r_2008 intage_r_2010 intage_r_2012 intage_r_2014
      interview_date_2004 interview_date_2006 interview_date_2008 interview_date_2010
      interview_date_2012 interview_date_2014 lb_65_wave_2004 lb_65_wave_2006
      lb_65_wave_2008 lb_65_wave_2010 lb_65_wave_2012 lb_65_wave_2014 lb_wave_2004
      lb_wave_2006 lb_wave_2008 lb_wave_2010 lb_wave_2012 lb_wave_2014 listassi_2004
      listassi_2006 listassi_2008 listassi_2010 listassi_2012 listassi_2014
      mentalstatus_tot_2004 mentalstatus_tot_2006 mentalstatus_tot_2008
      mentalstatus_tot_2010 mentalstatus_tot_2012 mentalstatus_tot_2014 proxy_2004
      proxy_2006 proxy_2008 proxy_2010 proxy_2012 proxy_2014 responded_2004
      responded_2006 responded_2008 responded_2010 responded_2012 responded_2014
      rmaritalst_2004 rmaritalst_2006 rmaritalst_2008 rmaritalst_2010 rmaritalst_2012
      rmaritalst_2014 rpartst_2004 rpartst_2006 rpartst_2008 rpartst_2010
      rpartst_2012 rpartst_2014 score_loneliness_11_2004 score_loneliness_11_2006
      score_loneliness_11_2008 score_loneliness_11_2010 score_loneliness_11_2012
      score_loneliness_11_2014 score_loneliness_3_2004 score_loneliness_3_2006
      score_loneliness_3_2008 score_loneliness_3_2010 score_loneliness_3_2012
      score_loneliness_3_2014 shhidpnr_2004 shhidpnr_2006 shhidpnr_2008 shhidpnr_2010
      shhidpnr_2012 shhidpnr_2014 snchild_2004 snchild_2006 snchild_2008 snchild_2010
      snchild_2012 snchild_2014 snfamily_2004 snfamily_2006 snfamily_2008
      snfamily_2010 snfamily_2012 snfamily_2014 snfriends_2004 snfriends_2006
      snfriends_2008 snfriends_2010 snfriends_2012 snfriends_2014 snspouse_2004
      snspouse_2006 snspouse_2008 snspouse_2010 snspouse_2012 snspouse_2014
      social_contact_total_2004 social_contact_total_2006 social_contact_total_2008
      social_contact_total_2010 social_contact_total_2012 social_contact_total_2014
      social_strain_mean_2004 social_strain_mean_2006 social_strain_mean_2008
      social_strain_mean_2010 social_strain_mean_2012 social_strain_mean_2014
      social_support_mean_2004 social_support_mean_2006 social_support_mean_2008
      social_support_mean_2010 social_support_mean_2012 social_support_mean_2014
      socialnetwork_total_2004 socialnetwork_total_2006 socialnetwork_total_2008
      socialnetwork_total_2010 socialnetwork_total_2012 socialnetwork_total_2014
      srmemory_2004 srmemory_2006 srmemory_2008 srmemory_2010 srmemory_2012
      srmemory_2014 srmemoryp_2004 srmemoryp_2006 srmemoryp_2008 srmemoryp_2010
      srmemoryp_2012 srmemoryp_2014 vocab_total_2004 vocab_total_2006 vocab_total_2008
      vocab_total_2010 vocab_total_2012 vocab_total_2014 wrectotd_2004 wrectotd_2006
      wrectotd_2008 wrectotd_2010 wrectotd_2012 wrectotd_2014 wrectoti_2004
      wrectoti_2006 wrectoti_2008 wrectoti_2010 wrectoti_2012 wrectoti_2014
  	;
  Missing are all(9999);
  USEVARIABLES are
  	!define the variables used in the analysis
  	!estimated time points
  a_01
  a_02
  a_03
  a_04
  a_05
  a_06
  	! covariates used in the model
   	;
  SUBPOPULATION are
  	!select a subset of observations
  age_baseline > 64 AND
  memory_disease_ever EQ 0
  ;
  CLUSTER = hhid;
  DEFINE:
    ! centre baseline age
  a = age_baseline - 69;
  	! assign variables to the process (A)
  a_01=wrectoti_2004;
  a_02=wrectoti_2006;
  a_03=wrectoti_2008;
  a_04=wrectoti_2010;
  a_05=wrectoti_2012;
  a_06=wrectoti_2014;
  ANALYSIS:
  TYPE = COMPLEX RANDOM;
  COVERAGE=.00;
  H1ITERATIONS = 10000;
  MODEL:
  	!LGM part
  	! assign process (A) to time points
  ia sa | a_02@0 a_03@2 a_04@4 a_05@6 a_06@8;
  	! assign process (B) to time points
  	!autoregressive part
  a_01;
  a_02 ON a_01@0;
  a_03 ON a_02@0;
  a_04 ON a_03@0;
  a_05 ON a_04@0;
  a_06 ON a_05@0;
  	
  OUTPUT: SAMPSTAT MODINDICES (3.0); TECH1 TECH2 TECH3;;



INPUT READING TERMINATED NORMALLY




LGM, nested in ALT

SUMMARY OF ANALYSIS

Number of groups                                                 1
Number of observations                                        5952

Number of dependent variables                                    5
Number of independent variables                                  1
Number of continuous latent variables                            2

Observed dependent variables

  Continuous
   A_02        A_03        A_04        A_05        A_06

Observed independent variables
   A_01

Continuous latent variables
   IA          SA

Variables with special functions

  Cluster variable      HHID

Estimator                                                      MLR
Information matrix                                        OBSERVED
Maximum number of iterations                                   100
Convergence criterion                                    0.100D-05
Maximum number of EM iterations                                500
Convergence criteria for the EM algorithm
  Loglikelihood change                                   0.100D-02
  Relative loglikelihood change                          0.100D-05
  Derivative                                             0.100D-03
Minimum variance                                         0.100D-03
Maximum number of steepest descent iterations                   20
Maximum number of iterations for H1                          10000
Convergence criterion for H1                             0.100D-03
Optimization algorithm                                         EMA

Input data file(s)
  wide-dataset-b.dat
Input data format  FREE


SUMMARY OF DATA

     Number of missing data patterns            62
     Number of clusters        4882



SAMPLE STATISTICS


     ESTIMATED SAMPLE STATISTICS


           Means
              A_02          A_03          A_04          A_05          A_06
              ________      ________      ________      ________      ________
 1              5.305         5.168         4.832         4.665         4.483


           Means
              A_01
              ________
 1              5.434


           Covariances
              A_02          A_03          A_04          A_05          A_06
              ________      ________      ________      ________      ________
 A_02           2.359
 A_03           1.087         2.390
 A_04           1.199         1.152         2.706
 A_05           1.089         1.239         1.317         2.688
 A_06           1.242         1.177         1.369         1.385         2.809
 A_01           1.074         1.089         1.053         1.132         1.055


           Covariances
              A_01
              ________
 A_01           2.264


           Correlations
              A_02          A_03          A_04          A_05          A_06
              ________      ________      ________      ________      ________
 A_02           1.000
 A_03           0.458         1.000
 A_04           0.474         0.453         1.000
 A_05           0.433         0.489         0.488         1.000
 A_06           0.482         0.454         0.497         0.504         1.000
 A_01           0.464         0.468         0.425         0.459         0.418


           Correlations
              A_01
              ________
 A_01           1.000


     MAXIMUM LOG-LIKELIHOOD VALUE FOR THE UNRESTRICTED (H1) MODEL IS -55543.887


UNIVARIATE SAMPLE STATISTICS


     UNIVARIATE HIGHER-ORDER MOMENT DESCRIPTIVE STATISTICS

         Variable/         Mean/     Skewness/   Minimum/ % with                Percentiles
        Sample Size      Variance    Kurtosis    Maximum  Min/Max      20%/60%    40%/80%    Median

     A_02                  5.312      -0.013       0.000    0.25%       4.000      5.000      5.000
            5681.000       2.347       0.206      10.000    0.42%       6.000      7.000
     A_03                  5.177      -0.071       0.000    0.36%       4.000      5.000      5.000
            5775.000       2.383       0.197      10.000    0.23%       6.000      6.000
     A_04                  4.856      -0.123       0.000    1.04%       4.000      5.000      5.000
            5669.000       2.683       0.277      10.000    0.19%       5.000      6.000
     A_05                  4.743      -0.175       0.000    1.46%       3.000      4.000      5.000
            5132.000       2.642       0.389      10.000    0.19%       5.000      6.000
     A_06                  4.626      -0.096       0.000    1.38%       3.000      4.000      5.000
            4429.000       2.729       0.239      10.000    0.09%       5.000      6.000
     A_01                  5.450      -0.108       0.000    0.36%       4.000      5.000      5.000
            5496.000       2.255       0.367      10.000    0.38%       6.000      7.000


THE MODEL ESTIMATION TERMINATED NORMALLY



MODEL FIT INFORMATION

Number of Free Parameters                       14

Loglikelihood

          H0 Value                      -55592.121
          H0 Scaling Correction Factor      1.2981
            for MLR
          H1 Value                      -55543.887
          H1 Scaling Correction Factor      1.1920
            for MLR

Information Criteria

          Akaike (AIC)                  111212.242
          Bayesian (BIC)                111305.923
          Sample-Size Adjusted BIC      111261.435
            (n* = (n + 2) / 24)

Chi-Square Test of Model Fit

          Value                             89.504*
          Degrees of Freedom                    13
          P-Value                           0.0000
          Scaling Correction Factor         1.0778
            for MLR

*   The chi-square value for MLM, MLMV, MLR, ULSMV, WLSM and WLSMV cannot be used
    for chi-square difference testing in the regular way.  MLM, MLR and WLSM
    chi-square difference testing is described on the Mplus website.  MLMV, WLSMV,
    and ULSMV difference testing is done using the DIFFTEST option.

RMSEA (Root Mean Square Error Of Approximation)

          Estimate                           0.031

CFI/TLI

          CFI                                0.990
          TLI                                0.988

Chi-Square Test of Model Fit for the Baseline Model

          Value                           7582.095
          Degrees of Freedom                    15
          P-Value                           0.0000

SRMR (Standardized Root Mean Square Residual)

          Value                              0.014



MODEL RESULTS

                                                    Two-Tailed
                    Estimate       S.E.  Est./S.E.    P-Value

 IA       |
    A_02               1.000      0.000    999.000    999.000
    A_03               1.000      0.000    999.000    999.000
    A_04               1.000      0.000    999.000    999.000
    A_05               1.000      0.000    999.000    999.000
    A_06               1.000      0.000    999.000    999.000

 SA       |
    A_02               0.000      0.000    999.000    999.000
    A_03               2.000      0.000    999.000    999.000
    A_04               4.000      0.000    999.000    999.000
    A_05               6.000      0.000    999.000    999.000
    A_06               8.000      0.000    999.000    999.000

 A_02       ON
    A_01               0.000      0.000    999.000    999.000

 A_03       ON
    A_02               0.000      0.000    999.000    999.000

 A_04       ON
    A_03               0.000      0.000    999.000    999.000

 A_05       ON
    A_04               0.000      0.000    999.000    999.000

 A_06       ON
    A_05               0.000      0.000    999.000    999.000

 SA       WITH
    IA                 0.015      0.005      2.998      0.003

 A_01     WITH
    IA                 1.078      0.032     33.839      0.000
    SA                 0.001      0.004      0.278      0.781

 Means
    A_01               5.434      0.020    265.846      0.000
    IA                 5.323      0.018    293.108      0.000
    SA                -0.108      0.003    -39.835      0.000

 Intercepts
    A_02               0.000      0.000    999.000    999.000
    A_03               0.000      0.000    999.000    999.000
    A_04               0.000      0.000    999.000    999.000
    A_05               0.000      0.000    999.000    999.000
    A_06               0.000      0.000    999.000    999.000

 Variances
    A_01               2.265      0.047     48.422      0.000
    IA                 1.068      0.040     26.943      0.000
    SA                 0.003      0.001      2.449      0.014

 Residual Variances
    A_02               1.282      0.041     30.919      0.000
    A_03               1.286      0.033     38.853      0.000
    A_04               1.446      0.043     33.774      0.000
    A_05               1.340      0.046     29.140      0.000
    A_06               1.353      0.050     27.086      0.000


QUALITY OF NUMERICAL RESULTS

     Condition Number for the Information Matrix              0.534E-03
       (ratio of smallest to largest eigenvalue)


MODEL MODIFICATION INDICES

NOTE:  Modification indices for direct effects of observed dependent variables
regressed on covariates may not be included.  To include these, request
MODINDICES (ALL).

Minimum M.I. value for printing the modification index     3.000

                                   M.I.     E.P.C.


ON/BY Statements

A_02     ON IA       /
IA       BY A_02                   3.148    -0.008
A_02     ON SA       /
SA       BY A_02                   4.480     0.483
A_03     ON IA       /
IA       BY A_03                  19.712     0.015
A_03     ON SA       /
SA       BY A_03                  26.427    -0.866
A_04     ON IA       /
IA       BY A_04                  14.307    -0.013
A_04     ON SA       /
SA       BY A_04                  19.618     0.747
A_06     ON SA       /
SA       BY A_06                   3.009    -0.434

ON Statements

IA       ON A_03                   6.077    -0.042
IA       ON A_04                   8.856     0.042
IA       ON A_05                   5.714    -0.039
SA       ON A_03                   5.498    -0.006
A_02     ON A_02                   3.148    -0.008
A_02     ON A_03                   3.227    -0.009
A_02     ON A_05                   9.297    -0.015
A_02     ON A_01                   3.554    -0.008
A_03     ON A_02                  18.864     0.015
A_03     ON A_03                  19.337     0.016
A_03     ON A_04                  14.423     0.014
A_03     ON A_05                  21.394     0.018
A_03     ON A_06                  12.230     0.014
A_03     ON A_01                  21.623     0.015
A_04     ON A_02                   9.584    -0.010
A_04     ON A_03                  16.025    -0.014
A_04     ON A_04                  13.719    -0.014
A_04     ON A_05                  11.550    -0.013
A_04     ON A_06                  10.413    -0.013
A_04     ON A_01                  17.349    -0.014
A_06     ON A_02                   5.870     0.012
A_06     ON A_04                   4.078     0.011
A_01     ON A_04                   7.435    -0.046
A_01     ON A_05                   9.594     0.061
A_01     ON A_06                   3.026    -0.046

WITH Statements

A_03     WITH IA                   6.077    -0.054
A_03     WITH SA                   5.499    -0.008
A_04     WITH IA                   8.855     0.061
A_04     WITH A_02                11.679     0.084
A_04     WITH A_03                 3.461    -0.044
A_05     WITH IA                   5.714    -0.052
A_05     WITH A_02                28.824    -0.138
A_05     WITH A_03                 5.175     0.057
A_06     WITH A_02                16.233     0.134
A_06     WITH A_03                10.124    -0.089
A_01     WITH A_04                 7.435    -0.066
A_01     WITH A_05                 9.594     0.082
A_01     WITH A_06                 3.026    -0.062

Means/Intercepts/Thresholds

[ A_02     ]                       3.564    -0.048
[ A_03     ]                      22.057     0.088
[ A_04     ]                      15.808    -0.074
[ A_06     ]                       3.225     0.049


TECHNICAL 1 OUTPUT


     PARAMETER SPECIFICATION


           NU
              A_02          A_03          A_04          A_05          A_06
              ________      ________      ________      ________      ________
 1                  0             0             0             0             0


           NU
              A_01
              ________
 1                  0


           LAMBDA
              IA            SA            A_02          A_03          A_04
              ________      ________      ________      ________      ________
 A_02               0             0             0             0             0
 A_03               0             0             0             0             0
 A_04               0             0             0             0             0
 A_05               0             0             0             0             0
 A_06               0             0             0             0             0
 A_01               0             0             0             0             0


           LAMBDA
              A_05          A_06          A_01
              ________      ________      ________
 A_02               0             0             0
 A_03               0             0             0
 A_04               0             0             0
 A_05               0             0             0
 A_06               0             0             0
 A_01               0             0             0


           THETA
              A_02          A_03          A_04          A_05          A_06
              ________      ________      ________      ________      ________
 A_02               0
 A_03               0             0
 A_04               0             0             0
 A_05               0             0             0             0
 A_06               0             0             0             0             0
 A_01               0             0             0             0             0


           THETA
              A_01
              ________
 A_01               0


           ALPHA
              IA            SA            A_02          A_03          A_04
              ________      ________      ________      ________      ________
 1                  1             2             0             0             0


           ALPHA
              A_05          A_06          A_01
              ________      ________      ________
 1                  0             0             3


           BETA
              IA            SA            A_02          A_03          A_04
              ________      ________      ________      ________      ________
 IA                 0             0             0             0             0
 SA                 0             0             0             0             0
 A_02               0             0             0             0             0
 A_03               0             0             0             0             0
 A_04               0             0             0             0             0
 A_05               0             0             0             0             0
 A_06               0             0             0             0             0
 A_01               0             0             0             0             0


           BETA
              A_05          A_06          A_01
              ________      ________      ________
 IA                 0             0             0
 SA                 0             0             0
 A_02               0             0             0
 A_03               0             0             0
 A_04               0             0             0
 A_05               0             0             0
 A_06               0             0             0
 A_01               0             0             0


           PSI
              IA            SA            A_02          A_03          A_04
              ________      ________      ________      ________      ________
 IA                 4
 SA                 5             6
 A_02               0             0             7
 A_03               0             0             0             8
 A_04               0             0             0             0             9
 A_05               0             0             0             0             0
 A_06               0             0             0             0             0
 A_01              12            13             0             0             0


           PSI
              A_05          A_06          A_01
              ________      ________      ________
 A_05              10
 A_06               0            11
 A_01               0             0            14


     STARTING VALUES


           NU
              A_02          A_03          A_04          A_05          A_06
              ________      ________      ________      ________      ________
 1              0.000         0.000         0.000         0.000         0.000


           NU
              A_01
              ________
 1              0.000


           LAMBDA
              IA            SA            A_02          A_03          A_04
              ________      ________      ________      ________      ________
 A_02           0.000         0.000         1.000         0.000         0.000
 A_03           0.000         0.000         0.000         1.000         0.000
 A_04           0.000         0.000         0.000         0.000         1.000
 A_05           0.000         0.000         0.000         0.000         0.000
 A_06           0.000         0.000         0.000         0.000         0.000
 A_01           0.000         0.000         0.000         0.000         0.000


           LAMBDA
              A_05          A_06          A_01
              ________      ________      ________
 A_02           0.000         0.000         0.000
 A_03           0.000         0.000         0.000
 A_04           0.000         0.000         0.000
 A_05           1.000         0.000         0.000
 A_06           0.000         1.000         0.000
 A_01           0.000         0.000         1.000


           THETA
              A_02          A_03          A_04          A_05          A_06
              ________      ________      ________      ________      ________
 A_02           0.000
 A_03           0.000         0.000
 A_04           0.000         0.000         0.000
 A_05           0.000         0.000         0.000         0.000
 A_06           0.000         0.000         0.000         0.000         0.000
 A_01           0.000         0.000         0.000         0.000         0.000


           THETA
              A_01
              ________
 A_01           0.000


           ALPHA
              IA            SA            A_02          A_03          A_04
              ________      ________      ________      ________      ________
 1              5.169        -0.144         0.000         0.000         0.000


           ALPHA
              A_05          A_06          A_01
              ________      ________      ________
 1              0.000         0.000         5.450


           BETA
              IA            SA            A_02          A_03          A_04
              ________      ________      ________      ________      ________
 IA             0.000         0.000         0.000         0.000         0.000
 SA             0.000         0.000         0.000         0.000         0.000
 A_02           1.000         0.000         0.000         0.000         0.000
 A_03           1.000         2.000         0.000         0.000         0.000
 A_04           1.000         4.000         0.000         0.000         0.000
 A_05           1.000         6.000         0.000         0.000         0.000
 A_06           1.000         8.000         0.000         0.000         0.000
 A_01           0.000         0.000         0.000         0.000         0.000


           BETA
              A_05          A_06          A_01
              ________      ________      ________
 IA             0.000         0.000         0.000
 SA             0.000         0.000         0.000
 A_02           0.000         0.000         0.000
 A_03           0.000         0.000         0.000
 A_04           0.000         0.000         0.000
 A_05           0.000         0.000         0.000
 A_06           0.000         0.000         0.000
 A_01           0.000         0.000         0.000


           PSI
              IA            SA            A_02          A_03          A_04
              ________      ________      ________      ________      ________
 IA             2.065
 SA             0.000         0.124
 A_02           0.000         0.000         1.173
 A_03           0.000         0.000         0.000         1.191
 A_04           0.000         0.000         0.000         0.000         1.342
 A_05           0.000         0.000         0.000         0.000         0.000
 A_06           0.000         0.000         0.000         0.000         0.000
 A_01           0.000         0.000         0.000         0.000         0.000


           PSI
              A_05          A_06          A_01
              ________      ________      ________
 A_05           1.321
 A_06           0.000         1.364
 A_01           0.000         0.000         1.127


TECHNICAL 2 OUTPUT


     DERIVATIVES


           Derivatives With Respect to NU
              A_02          A_03          A_04          A_05          A_06
              ________      ________      ________      ________      ________
 1          0.000E+00     0.000E+00     0.000E+00     0.000E+00     0.000E+00


           Derivatives With Respect to NU
              A_01
              ________
 1          0.000E+00


           Derivatives With Respect to LAMBDA
              IA            SA            A_02          A_03          A_04
              ________      ________      ________      ________      ________
 A_02       0.000E+00     0.000E+00     0.000E+00     0.000E+00     0.000E+00
 A_03       0.000E+00     0.000E+00     0.000E+00     0.000E+00     0.000E+00
 A_04       0.000E+00     0.000E+00     0.000E+00     0.000E+00     0.000E+00
 A_05       0.000E+00     0.000E+00     0.000E+00     0.000E+00     0.000E+00
 A_06       0.000E+00     0.000E+00     0.000E+00     0.000E+00     0.000E+00
 A_01       0.000E+00     0.000E+00     0.000E+00     0.000E+00     0.000E+00


           Derivatives With Respect to LAMBDA
              A_05          A_06          A_01
              ________      ________      ________
 A_02       0.000E+00     0.000E+00     0.000E+00
 A_03       0.000E+00     0.000E+00     0.000E+00
 A_04       0.000E+00     0.000E+00     0.000E+00
 A_05       0.000E+00     0.000E+00     0.000E+00
 A_06       0.000E+00     0.000E+00     0.000E+00
 A_01       0.000E+00     0.000E+00     0.000E+00


           Derivatives With Respect to THETA
              A_02          A_03          A_04          A_05          A_06
              ________      ________      ________      ________      ________
 A_02       0.000E+00
 A_03       0.000E+00     0.000E+00
 A_04       0.000E+00     0.000E+00     0.000E+00
 A_05       0.000E+00     0.000E+00     0.000E+00     0.000E+00
 A_06       0.000E+00     0.000E+00     0.000E+00     0.000E+00     0.000E+00
 A_01       0.000E+00     0.000E+00     0.000E+00     0.000E+00     0.000E+00


           Derivatives With Respect to THETA
              A_01
              ________
 A_01       0.000E+00


           Derivatives With Respect to ALPHA
              IA            SA            A_02          A_03          A_04
              ________      ________      ________      ________      ________
 1          0.201E-06     0.396E-05     0.000E+00     0.000E+00     0.000E+00


           Derivatives With Respect to ALPHA
              A_05          A_06          A_01
              ________      ________      ________
 1          0.000E+00     0.000E+00    -0.118E-06


           Derivatives With Respect to BETA
              IA            SA            A_02          A_03          A_04
              ________      ________      ________      ________      ________
 IA         0.000E+00     0.000E+00     0.000E+00     0.000E+00     0.000E+00
 SA         0.000E+00     0.000E+00     0.000E+00     0.000E+00     0.000E+00
 A_02       0.000E+00     0.000E+00     0.000E+00     0.000E+00     0.000E+00
 A_03       0.000E+00     0.000E+00     0.000E+00     0.000E+00     0.000E+00
 A_04       0.000E+00     0.000E+00     0.000E+00     0.000E+00     0.000E+00
 A_05       0.000E+00     0.000E+00     0.000E+00     0.000E+00     0.000E+00
 A_06       0.000E+00     0.000E+00     0.000E+00     0.000E+00     0.000E+00
 A_01       0.000E+00     0.000E+00     0.000E+00     0.000E+00     0.000E+00


           Derivatives With Respect to BETA
              A_05          A_06          A_01
              ________      ________      ________
 IA         0.000E+00     0.000E+00     0.000E+00
 SA         0.000E+00     0.000E+00     0.000E+00
 A_02       0.000E+00     0.000E+00     0.000E+00
 A_03       0.000E+00     0.000E+00     0.000E+00
 A_04       0.000E+00     0.000E+00     0.000E+00
 A_05       0.000E+00     0.000E+00     0.000E+00
 A_06       0.000E+00     0.000E+00     0.000E+00
 A_01       0.000E+00     0.000E+00     0.000E+00


           Derivatives With Respect to PSI
              IA            SA            A_02          A_03          A_04
              ________      ________      ________      ________      ________
 IA        -0.236E-06
 SA        -0.642E-05    -0.333E-04
 A_02       0.000E+00     0.000E+00    -0.475E-07
 A_03       0.000E+00     0.000E+00     0.000E+00     0.123E-07
 A_04       0.000E+00     0.000E+00     0.000E+00     0.000E+00     0.971E-07
 A_05       0.000E+00     0.000E+00     0.000E+00     0.000E+00     0.000E+00
 A_06       0.000E+00     0.000E+00     0.000E+00     0.000E+00     0.000E+00
 A_01       0.194E-06     0.206E-05     0.000E+00     0.000E+00     0.000E+00


           Derivatives With Respect to PSI
              A_05          A_06          A_01
              ________      ________      ________
 A_05       0.118E-06
 A_06       0.000E+00    -0.139E-06
 A_01       0.000E+00     0.000E+00    -0.280E-07


TECHNICAL 3 OUTPUT


           ESTIMATED COVARIANCE MATRIX FOR PARAMETER ESTIMATES
                     1             2             3             4             5
              ________      ________      ________      ________      ________
        1   0.329841D-03
        2  -0.216568D-04  0.736225D-05
        3   0.192419D-03  0.470730D-06  0.417746D-03
        4  -0.273601D-04 -0.178643D-05 -0.581136D-04  0.157088D-02
        5   0.268011D-06  0.326409D-07  0.463227D-05 -0.133228D-03  0.257006D-04
        6  -0.473387D-08 -0.212418D-06 -0.708897D-06  0.149000D-04 -0.370976D-05
        7   0.852616D-05  0.236029D-05  0.275982D-04 -0.657146D-03  0.107818D-03
        8  -0.902029D-05  0.329034D-05  0.228045D-04 -0.225366D-03  0.294167D-04
        9   0.958351D-05  0.251688D-05  0.474507D-04 -0.721370D-04 -0.313736D-05
       10   0.353777D-04 -0.100561D-04  0.201344D-04 -0.214116D-04  0.510631D-05
       11   0.612221D-04 -0.102622D-04  0.391945D-04 -0.171906D-03  0.540971D-04
       12  -0.441698D-04  0.131902D-05 -0.338203D-04  0.737629D-03 -0.208385D-04
       13   0.271030D-05 -0.353563D-06 -0.804807D-07 -0.403237D-04  0.732389D-05
       14  -0.255328D-04 -0.206779D-05 -0.945562D-04  0.418355D-03  0.597855D-05


           ESTIMATED COVARIANCE MATRIX FOR PARAMETER ESTIMATES
                     6             7             8             9            10
              ________      ________      ________      ________      ________
        6   0.111512D-05
        7  -0.189365D-04  0.172029D-02
        8  -0.384895D-05  0.154515D-03  0.109601D-02
        9   0.699465D-07  0.101960D-03 -0.185252D-04  0.183419D-02
       10  -0.898880D-05 -0.748134D-06  0.311611D-04 -0.210950D-04  0.211388D-02
       11  -0.244662D-04  0.409917D-03  0.416467D-04  0.818038D-04  0.304488D-03
       12  -0.212145D-06 -0.389620D-04 -0.412275D-04 -0.368108D-04 -0.925524D-05
       13   0.346429D-07  0.150163D-05  0.433865D-05  0.176540D-05 -0.111987D-04
       14  -0.201656D-06  0.651633D-04  0.419055D-04  0.204477D-04 -0.228909D-04


           ESTIMATED COVARIANCE MATRIX FOR PARAMETER ESTIMATES
                    11            12            13            14
              ________      ________      ________      ________
       11   0.249652D-02
       12   0.271163D-04  0.101409D-02
       13  -0.795360D-05 -0.530700D-04  0.189658D-04
       14   0.361489D-04  0.856751D-03 -0.281911D-05  0.218755D-02


           ESTIMATED CORRELATION MATRIX FOR PARAMETER ESTIMATES
                     1             2             3             4             5
              ________      ________      ________      ________      ________
        1       1.000
        2      -0.439         1.000
        3       0.518         0.008         1.000
        4      -0.038        -0.017        -0.072         1.000
        5       0.003         0.002         0.045        -0.663         1.000
        6       0.000        -0.074        -0.033         0.356        -0.693
        7       0.011         0.021         0.033        -0.400         0.513
        8      -0.015         0.037         0.034        -0.172         0.175
        9       0.012         0.022         0.054        -0.042        -0.014
       10       0.042        -0.081         0.021        -0.012         0.022
       11       0.067        -0.076         0.038        -0.087         0.214
       12      -0.076         0.015        -0.052         0.584        -0.129
       13       0.034        -0.030        -0.001        -0.234         0.332
       14      -0.030        -0.016        -0.099         0.226         0.025


           ESTIMATED CORRELATION MATRIX FOR PARAMETER ESTIMATES
                     6             7             8             9            10
              ________      ________      ________      ________      ________
        6       1.000
        7      -0.432         1.000
        8      -0.110         0.113         1.000
        9       0.002         0.057        -0.013         1.000
       10      -0.185         0.000         0.020        -0.011         1.000
       11      -0.464         0.198         0.025         0.038         0.133
       12      -0.006        -0.029        -0.039        -0.027        -0.006
       13       0.008         0.008         0.030         0.009        -0.056
       14      -0.004         0.034         0.027         0.010        -0.011


           ESTIMATED CORRELATION MATRIX FOR PARAMETER ESTIMATES
                    11            12            13            14
              ________      ________      ________      ________
       11       1.000
       12       0.017         1.000
       13      -0.037        -0.383         1.000
       14       0.015         0.575        -0.014         1.000


     Beginning Time:  17:20:42
        Ending Time:  17:20:55
       Elapsed Time:  00:00:13



MUTHEN & MUTHEN
3463 Stoner Ave.
Los Angeles, CA  90066

Tel: (310) 391-9971
Fax: (310) 391-8971
Web: www.StatModel.com
Support: Support@StatModel.com

Copyright (c) 1998-2015 Muthen & Muthen
