Mplus VERSION 7.4 (Mac)
MUTHEN & MUTHEN
07/11/2017  12:12 PM

INPUT INSTRUCTIONS

  TITLE:
  LGM, nested in ALT
  DATA:
  File = wide-dataset-b.dat ;
  VARIABLE:
  NAMES are
   id hhid male birthyr_rand birthmo_rand race_rand hispanic_rand cohort
      raedyrs raedegrm memoryproblems_baseline memory_disease_ever age_baseline
      age_baseline_65 health_conditions_baseline healthcond_mean activity_mean_2004
      activity_mean_2006 activity_mean_2008 activity_mean_2010 activity_mean_2012
      activity_mean_2014 activity_sum_2004 activity_sum_2006 activity_sum_2008
      activity_sum_2010 activity_sum_2012 activity_sum_2014 close_social_network_2004
      close_social_network_2006 close_social_network_2008 close_social_network_2010
      close_social_network_2012 close_social_network_2014 countb20r_2004
      countb20r_2006 countb20r_2008 countb20r_2010 countb20r_2012 countb20r_2014
      crp_adj_2004 crp_adj_2006 crp_adj_2008 crp_adj_2010 crp_adj_2012 crp_adj_2014
      dep_total_2004 dep_total_2006 dep_total_2008 dep_total_2010 dep_total_2012
      dep_total_2014 exercise_2004 exercise_2006 exercise_2008 exercise_2010
      exercise_2012 exercise_2014 healthcond_2004 healthcond_2006 healthcond_2008
      healthcond_2010 healthcond_2012 healthcond_2014 hhres_2004 hhres_2006
      hhres_2008 hhres_2010 hhres_2012 hhres_2014 hrs_tscore_2004 hrs_tscore_2006
      hrs_tscore_2008 hrs_tscore_2010 hrs_tscore_2012 hrs_tscore_2014 intage_r_2004
      intage_r_2006 intage_r_2008 intage_r_2010 intage_r_2012 intage_r_2014
      interview_date_2004 interview_date_2006 interview_date_2008 interview_date_2010
      interview_date_2012 interview_date_2014 lb_65_wave_2004 lb_65_wave_2006
      lb_65_wave_2008 lb_65_wave_2010 lb_65_wave_2012 lb_65_wave_2014 lb_wave_2004
      lb_wave_2006 lb_wave_2008 lb_wave_2010 lb_wave_2012 lb_wave_2014 listassi_2004
      listassi_2006 listassi_2008 listassi_2010 listassi_2012 listassi_2014
      mentalstatus_tot_2004 mentalstatus_tot_2006 mentalstatus_tot_2008
      mentalstatus_tot_2010 mentalstatus_tot_2012 mentalstatus_tot_2014 proxy_2004
      proxy_2006 proxy_2008 proxy_2010 proxy_2012 proxy_2014 responded_2004
      responded_2006 responded_2008 responded_2010 responded_2012 responded_2014
      rmaritalst_2004 rmaritalst_2006 rmaritalst_2008 rmaritalst_2010 rmaritalst_2012
      rmaritalst_2014 rpartst_2004 rpartst_2006 rpartst_2008 rpartst_2010
      rpartst_2012 rpartst_2014 score_loneliness_11_2004 score_loneliness_11_2006
      score_loneliness_11_2008 score_loneliness_11_2010 score_loneliness_11_2012
      score_loneliness_11_2014 score_loneliness_3_2004 score_loneliness_3_2006
      score_loneliness_3_2008 score_loneliness_3_2010 score_loneliness_3_2012
      score_loneliness_3_2014 shhidpnr_2004 shhidpnr_2006 shhidpnr_2008 shhidpnr_2010
      shhidpnr_2012 shhidpnr_2014 snchild_2004 snchild_2006 snchild_2008 snchild_2010
      snchild_2012 snchild_2014 snfamily_2004 snfamily_2006 snfamily_2008
      snfamily_2010 snfamily_2012 snfamily_2014 snfriends_2004 snfriends_2006
      snfriends_2008 snfriends_2010 snfriends_2012 snfriends_2014 snspouse_2004
      snspouse_2006 snspouse_2008 snspouse_2010 snspouse_2012 snspouse_2014
      social_contact_total_2004 social_contact_total_2006 social_contact_total_2008
      social_contact_total_2010 social_contact_total_2012 social_contact_total_2014
      social_strain_mean_2004 social_strain_mean_2006 social_strain_mean_2008
      social_strain_mean_2010 social_strain_mean_2012 social_strain_mean_2014
      social_support_mean_2004 social_support_mean_2006 social_support_mean_2008
      social_support_mean_2010 social_support_mean_2012 social_support_mean_2014
      socialnetwork_total_2004 socialnetwork_total_2006 socialnetwork_total_2008
      socialnetwork_total_2010 socialnetwork_total_2012 socialnetwork_total_2014
      srmemory_2004 srmemory_2006 srmemory_2008 srmemory_2010 srmemory_2012
      srmemory_2014 srmemoryp_2004 srmemoryp_2006 srmemoryp_2008 srmemoryp_2010
      srmemoryp_2012 srmemoryp_2014 vocab_total_2004 vocab_total_2006 vocab_total_2008
      vocab_total_2010 vocab_total_2012 vocab_total_2014 wrectotd_2004 wrectotd_2006
      wrectotd_2008 wrectotd_2010 wrectotd_2012 wrectotd_2014 wrectoti_2004
      wrectoti_2006 wrectoti_2008 wrectoti_2010 wrectoti_2012 wrectoti_2014
  	;
  Missing are all(9999);
  USEVARIABLES are
  	!define the variables used in the analysis
  	!estimated time points
  a_01
  a_02
  a_03
  a_04
  a_05
  a_06
  	! covariates used in the model
   	;
  SUBPOPULATION are
  	!select a subset of observations
  age_baseline > 64 AND
  memoryproblems_baseline EQ 0
  ;
  CLUSTER = hhid;
  DEFINE:
    ! centre baseline age
  a = age_baseline - 69;
  	! assign variables to the process (A)
  a_01=wrectotd_2004;
  a_02=wrectotd_2006;
  a_03=wrectotd_2008;
  a_04=wrectotd_2010;
  a_05=wrectotd_2012;
  a_06=wrectotd_2014;
  ANALYSIS:
  TYPE = COMPLEX RANDOM;
  COVERAGE=.00;
  H1ITERATIONS = 10000;
  MODEL:
  	!LGM part
  	! assign process (A) to time points
  ia sa | a_01@0
  a_02@2
  a_03@4
  a_04@6
  a_05@8
  a_06@10 ;
  	! assign process (B) to time points
  	!autoregressive part
  a_01;
  a_02 ON a_01@0;
  a_03 ON a_02@0;
  a_04 ON a_03@0;
  a_05 ON a_04@0;
  a_06 ON a_05@0;
  	
  OUTPUT: SAMPSTAT MODINDICES (3.0); TECH1 TECH2 TECH3;;



INPUT READING TERMINATED NORMALLY




LGM, nested in ALT

SUMMARY OF ANALYSIS

Number of groups                                                 1
Number of observations                                        7829

Number of dependent variables                                    6
Number of independent variables                                  0
Number of continuous latent variables                            2

Observed dependent variables

  Continuous
   A_01        A_02        A_03        A_04        A_05        A_06

Continuous latent variables
   IA          SA

Variables with special functions

  Cluster variable      HHID

Estimator                                                      MLR
Information matrix                                        OBSERVED
Maximum number of iterations                                   100
Convergence criterion                                    0.100D-05
Maximum number of EM iterations                                500
Convergence criteria for the EM algorithm
  Loglikelihood change                                   0.100D-02
  Relative loglikelihood change                          0.100D-05
  Derivative                                             0.100D-03
Minimum variance                                         0.100D-03
Maximum number of steepest descent iterations                   20
Maximum number of iterations for H1                          10000
Convergence criterion for H1                             0.100D-03
Optimization algorithm                                         EMA

Input data file(s)
  wide-dataset-b.dat
Input data format  FREE


SUMMARY OF DATA

     Number of missing data patterns            62
     Number of clusters        6118



SAMPLE STATISTICS


     ESTIMATED SAMPLE STATISTICS


           Means
              A_01          A_02          A_03          A_04          A_05
              ________      ________      ________      ________      ________
 1              4.139         3.930         3.791         3.408         3.184


           Means
              A_06
              ________
 1              3.001


           Covariances
              A_01          A_02          A_03          A_04          A_05
              ________      ________      ________      ________      ________
 A_01           3.609
 A_02           1.975         3.888
 A_03           1.903         2.004         3.950
 A_04           1.834         2.105         2.165         4.178
 A_05           1.944         2.008         2.307         2.393         4.347
 A_06           1.812         2.132         2.042         2.467         2.569


           Covariances
              A_06
              ________
 A_06           4.340


           Correlations
              A_01          A_02          A_03          A_04          A_05
              ________      ________      ________      ________      ________
 A_01           1.000
 A_02           0.527         1.000
 A_03           0.504         0.511         1.000
 A_04           0.472         0.522         0.533         1.000
 A_05           0.491         0.488         0.557         0.561         1.000
 A_06           0.458         0.519         0.493         0.579         0.591


           Correlations
              A_06
              ________
 A_06           1.000


     MAXIMUM LOG-LIKELIHOOD VALUE FOR THE UNRESTRICTED (H1) MODEL IS -73931.071


UNIVARIATE SAMPLE STATISTICS


     UNIVARIATE HIGHER-ORDER MOMENT DESCRIPTIVE STATISTICS

         Variable/         Mean/     Skewness/   Minimum/ % with                Percentiles
        Sample Size      Variance    Kurtosis    Maximum  Min/Max      20%/60%    40%/80%    Median

     A_01                  4.168      -0.154       0.000    5.23%       3.000      4.000      4.000
            7186.000       3.597       0.011      10.000    0.24%       5.000      6.000
     A_02                  3.945      -0.107       0.000    7.03%       2.000      4.000      4.000
            7469.000       3.867      -0.136      10.000    0.31%       5.000      6.000
     A_03                  3.842      -0.148       0.000    8.11%       2.000      4.000      4.000
            7262.000       3.915      -0.305      10.000    0.12%       4.000      5.000
     A_04                  3.575      -0.059       0.000   10.53%       2.000      3.000      4.000
            6227.000       4.045      -0.423      10.000    0.10%       4.000      5.000
     A_05                  3.451      -0.047       0.000   12.33%       2.000      3.000      4.000
            5556.000       4.130      -0.511      10.000    0.11%       4.000      5.000
     A_06                  3.380      -0.016       0.000   12.54%       2.000      3.000      4.000
            4681.000       4.023      -0.489      10.000    0.06%       4.000      5.000


THE MODEL ESTIMATION TERMINATED NORMALLY



MODEL FIT INFORMATION

Number of Free Parameters                       11

Loglikelihood

          H0 Value                      -74002.604
          H0 Scaling Correction Factor      1.1836
            for MLR
          H1 Value                      -73931.071
          H1 Scaling Correction Factor      1.1329
            for MLR

Information Criteria

          Akaike (AIC)                  148027.209
          Bayesian (BIC)                148103.830
          Sample-Size Adjusted BIC      148068.875
            (n* = (n + 2) / 24)

Chi-Square Test of Model Fit

          Value                            130.298*
          Degrees of Freedom                    16
          P-Value                           0.0000
          Scaling Correction Factor         1.0980
            for MLR

*   The chi-square value for MLM, MLMV, MLR, ULSMV, WLSM and WLSMV cannot be used
    for chi-square difference testing in the regular way.  MLM, MLR and WLSM
    chi-square difference testing is described on the Mplus website.  MLMV, WLSMV,
    and ULSMV difference testing is done using the DIFFTEST option.

RMSEA (Root Mean Square Error Of Approximation)

          Estimate                           0.030

CFI/TLI

          CFI                                0.989
          TLI                                0.990

Chi-Square Test of Model Fit for the Baseline Model

          Value                          10505.371
          Degrees of Freedom                    15
          P-Value                           0.0000

SRMR (Standardized Root Mean Square Residual)

          Value                              0.014



MODEL RESULTS

                                                    Two-Tailed
                    Estimate       S.E.  Est./S.E.    P-Value

 IA       |
    A_01               1.000      0.000    999.000    999.000
    A_02               1.000      0.000    999.000    999.000
    A_03               1.000      0.000    999.000    999.000
    A_04               1.000      0.000    999.000    999.000
    A_05               1.000      0.000    999.000    999.000
    A_06               1.000      0.000    999.000    999.000

 SA       |
    A_01               0.000      0.000    999.000    999.000
    A_02               2.000      0.000    999.000    999.000
    A_03               4.000      0.000    999.000    999.000
    A_04               6.000      0.000    999.000    999.000
    A_05               8.000      0.000    999.000    999.000
    A_06              10.000      0.000    999.000    999.000

 A_02       ON
    A_01               0.000      0.000    999.000    999.000

 A_03       ON
    A_02               0.000      0.000    999.000    999.000

 A_04       ON
    A_03               0.000      0.000    999.000    999.000

 A_05       ON
    A_04               0.000      0.000    999.000    999.000

 A_06       ON
    A_05               0.000      0.000    999.000    999.000

 SA       WITH
    IA                -0.009      0.006     -1.669      0.095

 Means
    IA                 4.169      0.021    203.088      0.000
    SA                -0.118      0.003    -45.654      0.000

 Intercepts
    A_01               0.000      0.000    999.000    999.000
    A_02               0.000      0.000    999.000    999.000
    A_03               0.000      0.000    999.000    999.000
    A_04               0.000      0.000    999.000    999.000
    A_05               0.000      0.000    999.000    999.000
    A_06               0.000      0.000    999.000    999.000

 Variances
    IA                 1.974      0.052     37.953      0.000
    SA                 0.010      0.001     10.673      0.000

 Residual Variances
    A_01               1.674      0.048     34.998      0.000
    A_02               1.864      0.044     42.407      0.000
    A_03               1.925      0.044     43.539      0.000
    A_04               1.892      0.047     40.585      0.000
    A_05               1.817      0.049     36.956      0.000
    A_06               1.654      0.058     28.345      0.000


QUALITY OF NUMERICAL RESULTS

     Condition Number for the Information Matrix              0.257E-04
       (ratio of smallest to largest eigenvalue)


MODEL MODIFICATION INDICES

NOTE:  Modification indices for direct effects of observed dependent variables
regressed on covariates may not be included.  To include these, request
MODINDICES (ALL).

Minimum M.I. value for printing the modification index     3.000

                                   M.I.     E.P.C.


ON/BY Statements

A_01     ON IA       /
IA       BY A_01                  10.107    -0.018
A_01     ON SA       /
SA       BY A_01                   5.113     0.444
A_03     ON IA       /
IA       BY A_03                  34.527     0.026
A_03     ON SA       /
SA       BY A_03                  37.862    -0.918
A_04     ON IA       /
IA       BY A_04                   6.785    -0.012
A_04     ON SA       /
SA       BY A_04                  14.033     0.601

ON Statements

SA       ON A_04                   8.793     0.006
SA       ON A_06                   6.473    -0.012
A_01     ON A_01                  10.107    -0.018
A_01     ON A_02                   7.299    -0.015
A_01     ON A_03                   9.405    -0.018
A_01     ON A_04                  18.757    -0.026
A_01     ON A_05                   5.510    -0.015
A_01     ON A_06                   9.731    -0.022
A_03     ON A_01                  30.974     0.023
A_03     ON A_02                  29.261     0.024
A_03     ON A_03                  32.632     0.028
A_03     ON A_04                  30.394     0.027
A_03     ON A_05                  41.700     0.033
A_03     ON A_06                  12.578     0.019
A_04     ON A_01                  11.353    -0.015
A_04     ON A_02                   3.665    -0.009
A_04     ON A_03                   3.908    -0.010
A_04     ON A_04                   5.184    -0.013
A_04     ON A_05                   4.312    -0.011
A_05     ON A_02                   7.480    -0.014
A_06     ON A_03                   4.317    -0.014

WITH Statements

A_04     WITH SA                   8.792     0.012
A_04     WITH A_01                14.626    -0.124
A_05     WITH A_01                 3.925     0.069
A_05     WITH A_02                21.794    -0.159
A_05     WITH A_03                23.676     0.165
A_06     WITH SA                   6.474    -0.020
A_06     WITH A_02                15.059     0.147
A_06     WITH A_03                35.919    -0.222
A_06     WITH A_04                 5.286     0.091

Means/Intercepts/Thresholds

[ A_01     ]                       8.103    -0.070
[ A_03     ]                      37.916     0.118
[ A_04     ]                       7.799    -0.057
[ A_05     ]                       3.473    -0.043


TECHNICAL 1 OUTPUT


     PARAMETER SPECIFICATION


           NU
              A_01          A_02          A_03          A_04          A_05
              ________      ________      ________      ________      ________
 1                  0             0             0             0             0


           NU
              A_06
              ________
 1                  0


           LAMBDA
              IA            SA            A_01          A_02          A_03
              ________      ________      ________      ________      ________
 A_01               0             0             0             0             0
 A_02               0             0             0             0             0
 A_03               0             0             0             0             0
 A_04               0             0             0             0             0
 A_05               0             0             0             0             0
 A_06               0             0             0             0             0


           LAMBDA
              A_04          A_05          A_06
              ________      ________      ________
 A_01               0             0             0
 A_02               0             0             0
 A_03               0             0             0
 A_04               0             0             0
 A_05               0             0             0
 A_06               0             0             0


           THETA
              A_01          A_02          A_03          A_04          A_05
              ________      ________      ________      ________      ________
 A_01               0
 A_02               0             0
 A_03               0             0             0
 A_04               0             0             0             0
 A_05               0             0             0             0             0
 A_06               0             0             0             0             0


           THETA
              A_06
              ________
 A_06               0


           ALPHA
              IA            SA            A_01          A_02          A_03
              ________      ________      ________      ________      ________
 1                  1             2             0             0             0


           ALPHA
              A_04          A_05          A_06
              ________      ________      ________
 1                  0             0             0


           BETA
              IA            SA            A_01          A_02          A_03
              ________      ________      ________      ________      ________
 IA                 0             0             0             0             0
 SA                 0             0             0             0             0
 A_01               0             0             0             0             0
 A_02               0             0             0             0             0
 A_03               0             0             0             0             0
 A_04               0             0             0             0             0
 A_05               0             0             0             0             0
 A_06               0             0             0             0             0


           BETA
              A_04          A_05          A_06
              ________      ________      ________
 IA                 0             0             0
 SA                 0             0             0
 A_01               0             0             0
 A_02               0             0             0
 A_03               0             0             0
 A_04               0             0             0
 A_05               0             0             0
 A_06               0             0             0


           PSI
              IA            SA            A_01          A_02          A_03
              ________      ________      ________      ________      ________
 IA                 3
 SA                 4             5
 A_01               0             0             6
 A_02               0             0             0             7
 A_03               0             0             0             0             8
 A_04               0             0             0             0             0
 A_05               0             0             0             0             0
 A_06               0             0             0             0             0


           PSI
              A_04          A_05          A_06
              ________      ________      ________
 A_04               9
 A_05               0            10
 A_06               0             0            11


     STARTING VALUES


           NU
              A_01          A_02          A_03          A_04          A_05
              ________      ________      ________      ________      ________
 1              0.000         0.000         0.000         0.000         0.000


           NU
              A_06
              ________
 1              0.000


           LAMBDA
              IA            SA            A_01          A_02          A_03
              ________      ________      ________      ________      ________
 A_01           0.000         0.000         1.000         0.000         0.000
 A_02           0.000         0.000         0.000         1.000         0.000
 A_03           0.000         0.000         0.000         0.000         1.000
 A_04           0.000         0.000         0.000         0.000         0.000
 A_05           0.000         0.000         0.000         0.000         0.000
 A_06           0.000         0.000         0.000         0.000         0.000


           LAMBDA
              A_04          A_05          A_06
              ________      ________      ________
 A_01           0.000         0.000         0.000
 A_02           0.000         0.000         0.000
 A_03           0.000         0.000         0.000
 A_04           1.000         0.000         0.000
 A_05           0.000         1.000         0.000
 A_06           0.000         0.000         1.000


           THETA
              A_01          A_02          A_03          A_04          A_05
              ________      ________      ________      ________      ________
 A_01           0.000
 A_02           0.000         0.000
 A_03           0.000         0.000         0.000
 A_04           0.000         0.000         0.000         0.000
 A_05           0.000         0.000         0.000         0.000         0.000
 A_06           0.000         0.000         0.000         0.000         0.000


           THETA
              A_06
              ________
 A_06           0.000


           ALPHA
              IA            SA            A_01          A_02          A_03
              ________      ________      ________      ________      ________
 1              3.707        -0.173         0.000         0.000         0.000


           ALPHA
              A_04          A_05          A_06
              ________      ________      ________
 1              0.000         0.000         0.000


           BETA
              IA            SA            A_01          A_02          A_03
              ________      ________      ________      ________      ________
 IA             0.000         0.000         0.000         0.000         0.000
 SA             0.000         0.000         0.000         0.000         0.000
 A_01           1.000         0.000         0.000         0.000         0.000
 A_02           1.000         2.000         0.000         0.000         0.000
 A_03           1.000         4.000         0.000         0.000         0.000
 A_04           1.000         6.000         0.000         0.000         0.000
 A_05           1.000         8.000         0.000         0.000         0.000
 A_06           1.000        10.000         0.000         0.000         0.000


           BETA
              A_04          A_05          A_06
              ________      ________      ________
 IA             0.000         0.000         0.000
 SA             0.000         0.000         0.000
 A_01           0.000         0.000         0.000
 A_02           0.000         0.000         0.000
 A_03           0.000         0.000         0.000
 A_04           0.000         0.000         0.000
 A_05           0.000         0.000         0.000
 A_06           0.000         0.000         0.000


           PSI
              IA            SA            A_01          A_02          A_03
              ________      ________      ________      ________      ________
 IA             3.520
 SA             0.000         0.321
 A_01           0.000         0.000         1.799
 A_02           0.000         0.000         0.000         1.933
 A_03           0.000         0.000         0.000         0.000         1.957
 A_04           0.000         0.000         0.000         0.000         0.000
 A_05           0.000         0.000         0.000         0.000         0.000
 A_06           0.000         0.000         0.000         0.000         0.000


           PSI
              A_04          A_05          A_06
              ________      ________      ________
 A_04           2.022
 A_05           0.000         2.065
 A_06           0.000         0.000         2.012


TECHNICAL 2 OUTPUT


     DERIVATIVES


           Derivatives With Respect to NU
              A_01          A_02          A_03          A_04          A_05
              ________      ________      ________      ________      ________
 1          0.000E+00     0.000E+00     0.000E+00     0.000E+00     0.000E+00


           Derivatives With Respect to NU
              A_06
              ________
 1          0.000E+00


           Derivatives With Respect to LAMBDA
              IA            SA            A_01          A_02          A_03
              ________      ________      ________      ________      ________
 A_01       0.000E+00     0.000E+00     0.000E+00     0.000E+00     0.000E+00
 A_02       0.000E+00     0.000E+00     0.000E+00     0.000E+00     0.000E+00
 A_03       0.000E+00     0.000E+00     0.000E+00     0.000E+00     0.000E+00
 A_04       0.000E+00     0.000E+00     0.000E+00     0.000E+00     0.000E+00
 A_05       0.000E+00     0.000E+00     0.000E+00     0.000E+00     0.000E+00
 A_06       0.000E+00     0.000E+00     0.000E+00     0.000E+00     0.000E+00


           Derivatives With Respect to LAMBDA
              A_04          A_05          A_06
              ________      ________      ________
 A_01       0.000E+00     0.000E+00     0.000E+00
 A_02       0.000E+00     0.000E+00     0.000E+00
 A_03       0.000E+00     0.000E+00     0.000E+00
 A_04       0.000E+00     0.000E+00     0.000E+00
 A_05       0.000E+00     0.000E+00     0.000E+00
 A_06       0.000E+00     0.000E+00     0.000E+00


           Derivatives With Respect to THETA
              A_01          A_02          A_03          A_04          A_05
              ________      ________      ________      ________      ________
 A_01       0.000E+00
 A_02       0.000E+00     0.000E+00
 A_03       0.000E+00     0.000E+00     0.000E+00
 A_04       0.000E+00     0.000E+00     0.000E+00     0.000E+00
 A_05       0.000E+00     0.000E+00     0.000E+00     0.000E+00     0.000E+00
 A_06       0.000E+00     0.000E+00     0.000E+00     0.000E+00     0.000E+00


           Derivatives With Respect to THETA
              A_06
              ________
 A_06       0.000E+00


           Derivatives With Respect to ALPHA
              IA            SA            A_01          A_02          A_03
              ________      ________      ________      ________      ________
 1          0.285E-06     0.129E-04     0.000E+00     0.000E+00     0.000E+00


           Derivatives With Respect to ALPHA
              A_04          A_05          A_06
              ________      ________      ________
 1          0.000E+00     0.000E+00     0.000E+00


           Derivatives With Respect to BETA
              IA            SA            A_01          A_02          A_03
              ________      ________      ________      ________      ________
 IA         0.000E+00     0.000E+00     0.000E+00     0.000E+00     0.000E+00
 SA         0.000E+00     0.000E+00     0.000E+00     0.000E+00     0.000E+00
 A_01       0.000E+00     0.000E+00     0.000E+00     0.000E+00     0.000E+00
 A_02       0.000E+00     0.000E+00     0.000E+00     0.000E+00     0.000E+00
 A_03       0.000E+00     0.000E+00     0.000E+00     0.000E+00     0.000E+00
 A_04       0.000E+00     0.000E+00     0.000E+00     0.000E+00     0.000E+00
 A_05       0.000E+00     0.000E+00     0.000E+00     0.000E+00     0.000E+00
 A_06       0.000E+00     0.000E+00     0.000E+00     0.000E+00     0.000E+00


           Derivatives With Respect to BETA
              A_04          A_05          A_06
              ________      ________      ________
 IA         0.000E+00     0.000E+00     0.000E+00
 SA         0.000E+00     0.000E+00     0.000E+00
 A_01       0.000E+00     0.000E+00     0.000E+00
 A_02       0.000E+00     0.000E+00     0.000E+00
 A_03       0.000E+00     0.000E+00     0.000E+00
 A_04       0.000E+00     0.000E+00     0.000E+00
 A_05       0.000E+00     0.000E+00     0.000E+00
 A_06       0.000E+00     0.000E+00     0.000E+00


           Derivatives With Respect to PSI
              IA            SA            A_01          A_02          A_03
              ________      ________      ________      ________      ________
 IA        -0.214E-06
 SA        -0.113E-04    -0.836E-04
 A_01       0.000E+00     0.000E+00    -0.654E-07
 A_02       0.000E+00     0.000E+00     0.000E+00     0.339E-07
 A_03       0.000E+00     0.000E+00     0.000E+00     0.000E+00     0.128E-06
 A_04       0.000E+00     0.000E+00     0.000E+00     0.000E+00     0.000E+00
 A_05       0.000E+00     0.000E+00     0.000E+00     0.000E+00     0.000E+00
 A_06       0.000E+00     0.000E+00     0.000E+00     0.000E+00     0.000E+00


           Derivatives With Respect to PSI
              A_04          A_05          A_06
              ________      ________      ________
 A_04       0.227E-06
 A_05       0.000E+00     0.211E-06
 A_06       0.000E+00     0.000E+00    -0.405E-06


TECHNICAL 3 OUTPUT


           ESTIMATED COVARIANCE MATRIX FOR PARAMETER ESTIMATES
                     1             2             3             4             5
              ________      ________      ________      ________      ________
        1   0.421441D-03
        2  -0.228264D-04  0.670945D-05
        3  -0.165278D-03  0.136383D-04  0.270601D-02
        4   0.107439D-04 -0.133853D-05 -0.186868D-03  0.322326D-04
        5  -0.292340D-07 -0.261315D-06  0.145350D-04 -0.377974D-05  0.890797D-06
        6   0.966511D-05 -0.403395D-05 -0.804496D-03  0.119459D-03 -0.161721D-04
        7   0.167346D-04 -0.201015D-05 -0.413240D-03  0.295493D-04 -0.284397D-05
        8  -0.430528D-04  0.499207D-05 -0.123603D-03 -0.101971D-04  0.122456D-05
        9   0.294335D-04  0.423764D-05 -0.244689D-04 -0.181213D-04 -0.106089D-05
       10   0.315526D-04  0.277394D-05  0.598561D-04 -0.140006D-04 -0.615968D-05
       11   0.435626D-04  0.468618D-05 -0.116459D-03  0.512054D-04 -0.221182D-04


           ESTIMATED COVARIANCE MATRIX FOR PARAMETER ESTIMATES
                     6             7             8             9            10
              ________      ________      ________      ________      ________
        6   0.228778D-02
        7   0.212338D-03  0.193240D-02
        8  -0.146789D-04  0.230466D-04  0.195410D-02
        9  -0.698158D-05  0.232932D-03  0.111397D-03  0.217422D-02
       10   0.502268D-04  0.818366D-05  0.151307D-03  0.124379D-03  0.241721D-02
       11   0.334525D-03  0.157666D-03 -0.774003D-04  0.243270D-03  0.294819D-03


           ESTIMATED COVARIANCE MATRIX FOR PARAMETER ESTIMATES
                    11
              ________
       11   0.340434D-02


           ESTIMATED CORRELATION MATRIX FOR PARAMETER ESTIMATES
                     1             2             3             4             5
              ________      ________      ________      ________      ________
        1       1.000
        2      -0.429         1.000
        3      -0.155         0.101         1.000
        4       0.092        -0.091        -0.633         1.000
        5      -0.002        -0.107         0.296        -0.705         1.000
        6       0.010        -0.033        -0.323         0.440        -0.358
        7       0.019        -0.018        -0.181         0.118        -0.069
        8      -0.047         0.044        -0.054        -0.041         0.029
        9       0.031         0.035        -0.010        -0.068        -0.024
       10       0.031         0.022         0.023        -0.050        -0.133
       11       0.036         0.031        -0.038         0.155        -0.402


           ESTIMATED CORRELATION MATRIX FOR PARAMETER ESTIMATES
                     6             7             8             9            10
              ________      ________      ________      ________      ________
        6       1.000
        7       0.101         1.000
        8      -0.007         0.012         1.000
        9      -0.003         0.114         0.054         1.000
       10       0.021         0.004         0.070         0.054         1.000
       11       0.120         0.061        -0.030         0.089         0.103


           ESTIMATED CORRELATION MATRIX FOR PARAMETER ESTIMATES
                    11
              ________
       11       1.000


     Beginning Time:  12:12:53
        Ending Time:  12:13:09
       Elapsed Time:  00:00:16



MUTHEN & MUTHEN
3463 Stoner Ave.
Los Angeles, CA  90066

Tel: (310) 391-9971
Fax: (310) 391-8971
Web: www.StatModel.com
Support: Support@StatModel.com

Copyright (c) 1998-2015 Muthen & Muthen
