Mplus VERSION 7.4 (Mac)
MUTHEN & MUTHEN
11/20/2017   9:43 PM

INPUT INSTRUCTIONS

  TITLE:
  9d - Predetermined ALT, no social slope, no time-correlations
  DATA:
  File = wide-dataset-b.dat;
  VARIABLE:
  NAMES are
   id hhid male birthyr_rand birthmo_rand race_rand hispanic_rand cohort
      raedyrs raedegrm memoryproblems_baseline memory_disease_ever age_baseline
      age_baseline_65 health_conditions_baseline healthcond_mean activity_mean_2004
      activity_mean_2006 activity_mean_2008 activity_mean_2010 activity_mean_2012
      activity_mean_2014 activity_sum_2004 activity_sum_2006 activity_sum_2008
      activity_sum_2010 activity_sum_2012 activity_sum_2014 close_social_network_2004
      close_social_network_2006 close_social_network_2008 close_social_network_2010
      close_social_network_2012 close_social_network_2014 countb20r_2004
      countb20r_2006 countb20r_2008 countb20r_2010 countb20r_2012 countb20r_2014
      crp_adj_2004 crp_adj_2006 crp_adj_2008 crp_adj_2010 crp_adj_2012 crp_adj_2014
      dep_total_2004 dep_total_2006 dep_total_2008 dep_total_2010 dep_total_2012
      dep_total_2014 exercise_2004 exercise_2006 exercise_2008 exercise_2010
      exercise_2012 exercise_2014 healthcond_2004 healthcond_2006 healthcond_2008
      healthcond_2010 healthcond_2012 healthcond_2014 hhres_2004 hhres_2006
      hhres_2008 hhres_2010 hhres_2012 hhres_2014 hrs_tscore_2004 hrs_tscore_2006
      hrs_tscore_2008 hrs_tscore_2010 hrs_tscore_2012 hrs_tscore_2014 intage_r_2004
      intage_r_2006 intage_r_2008 intage_r_2010 intage_r_2012 intage_r_2014
      interview_date_2004 interview_date_2006 interview_date_2008 interview_date_2010
      interview_date_2012 interview_date_2014 lb_65_wave_2004 lb_65_wave_2006
      lb_65_wave_2008 lb_65_wave_2010 lb_65_wave_2012 lb_65_wave_2014 lb_wave_2004
      lb_wave_2006 lb_wave_2008 lb_wave_2010 lb_wave_2012 lb_wave_2014 listassi_2004
      listassi_2006 listassi_2008 listassi_2010 listassi_2012 listassi_2014
      mentalstatus_tot_2004 mentalstatus_tot_2006 mentalstatus_tot_2008
      mentalstatus_tot_2010 mentalstatus_tot_2012 mentalstatus_tot_2014 proxy_2004
      proxy_2006 proxy_2008 proxy_2010 proxy_2012 proxy_2014 responded_2004
      responded_2006 responded_2008 responded_2010 responded_2012 responded_2014
      rmaritalst_2004 rmaritalst_2006 rmaritalst_2008 rmaritalst_2010 rmaritalst_2012
      rmaritalst_2014 rpartst_2004 rpartst_2006 rpartst_2008 rpartst_2010
      rpartst_2012 rpartst_2014 score_loneliness_11_2004 score_loneliness_11_2006
      score_loneliness_11_2008 score_loneliness_11_2010 score_loneliness_11_2012
      score_loneliness_11_2014 score_loneliness_3_2004 score_loneliness_3_2006
      score_loneliness_3_2008 score_loneliness_3_2010 score_loneliness_3_2012
      score_loneliness_3_2014 shhidpnr_2004 shhidpnr_2006 shhidpnr_2008 shhidpnr_2010
      shhidpnr_2012 shhidpnr_2014 snchild_2004 snchild_2006 snchild_2008 snchild_2010
      snchild_2012 snchild_2014 snfamily_2004 snfamily_2006 snfamily_2008
      snfamily_2010 snfamily_2012 snfamily_2014 snfriends_2004 snfriends_2006
      snfriends_2008 snfriends_2010 snfriends_2012 snfriends_2014 snspouse_2004
      snspouse_2006 snspouse_2008 snspouse_2010 snspouse_2012 snspouse_2014
      social_contact_total_2004 social_contact_total_2006 social_contact_total_2008
      social_contact_total_2010 social_contact_total_2012 social_contact_total_2014
      social_strain_mean_2004 social_strain_mean_2006 social_strain_mean_2008
      social_strain_mean_2010 social_strain_mean_2012 social_strain_mean_2014
      social_support_mean_2004 social_support_mean_2006 social_support_mean_2008
      social_support_mean_2010 social_support_mean_2012 social_support_mean_2014
      socialnetwork_total_2004 socialnetwork_total_2006 socialnetwork_total_2008
      socialnetwork_total_2010 socialnetwork_total_2012 socialnetwork_total_2014
      srmemory_2004 srmemory_2006 srmemory_2008 srmemory_2010 srmemory_2012
      srmemory_2014 srmemoryp_2004 srmemoryp_2006 srmemoryp_2008 srmemoryp_2010
      srmemoryp_2012 srmemoryp_2014 vocab_total_2004 vocab_total_2006 vocab_total_2008
      vocab_total_2010 vocab_total_2012 vocab_total_2014 wrectotd_2004 wrectotd_2006
      wrectotd_2008 wrectotd_2010 wrectotd_2012 wrectotd_2014 wrectoti_2004
      wrectoti_2006 wrectoti_2008 wrectoti_2010 wrectoti_2012 wrectoti_2014
  	;
  Missing are all(9999);
  USEVARIABLES are
  	!define the variables used in the analysis
  	!estimated time points
  a_01
  a_02
  a_03
  a_04
  a_05
  a_06
  	!modelled time points of process (B)
  b_01
  b_02
  b_03
  b_04
  b_05
  b_06
  	! covariates used in the model
  	;
  SUBPOPULATION are
  	!select a subset of observations
  age_baseline > 64 AND
  memory_disease_ever EQ 0
  ;
  CLUSTER = hhid;
  DEFINE:
    ! centre baseline age
  a = age_baseline - 69;
  	! assign variables to the process (A)
  a_01=wrectotd_2004;
  a_02=wrectotd_2006;
  a_03=wrectotd_2008;
  a_04=wrectotd_2010;
  a_05=wrectotd_2012;
  a_06=wrectotd_2014;
  	! assign variables to the process (B)
  b_01=social_support_mean_2004;
  b_02=social_support_mean_2006;
  b_03=social_support_mean_2008;
  b_04=social_support_mean_2010;
  b_05=social_support_mean_2012;
  b_06=social_support_mean_2014;
  ANALYSIS:
  TYPE = COMPLEX RANDOM;
  model=nocovariances;
  COVERAGE=.00;
  H1ITERATIONS = 10000;
  MODEL:
  	!LGM part
  	! assign process (A) to time points
  ia BY a_02@1 a_03@1 a_04@1 a_05@1 a_06@1;
  sa BY a_02@0 a_03@2 a_04@4 a_05@6 a_06@8;
  	! assign process (B) to time points
  ib BY b_02@1 b_03@1 b_04@1 b_05@1 b_06@1;
  !sb BY b_02@0 b_03@2 b_04@4 b_05@6 b_06@8;
  	!correlations between the first measurement points
  	!autoregressive part
  a_01 a_02 a_03 a_04 a_05 a_06;
  a_02 ON a_01;
  a_03 ON a_02;
  a_04 ON a_03;
  a_05 ON a_04;
  a_06 ON a_05;
  b_01 b_02 b_03 b_04 b_05 b_06;
  b_02 ON b_01;
  b_03 ON b_02;
  b_04 ON b_03;
  b_05 ON b_04;
  b_06 ON b_05;
  	!Cross lagged part
  a_02 ON b_01;
  a_03 ON b_02;
  a_04 ON b_03;
  a_05 ON b_04;
  a_06 ON b_05;
  b_02 ON a_01;
  b_03 ON a_02;
  b_04 ON a_03;
  b_05 ON a_04;
  b_06 ON a_05;
  ia;
  sa;
  ib;
  !sb;
  ia with sa;
  !ib with sb;
  ia with a_01;
  sa with a_01;
  ib with b_01;
  !sb with b_01;
  ia with ib;
  a_01 with b_02;
  !sa with sb;
  ! Time specific correlations
  !b_02 WITH a_02;
  !b_03 WITH a_03;
  !b_04 WITH a_04;
  !b_05 WITH a_05;
  !b_06 WITH a_06;
  [a_02@0 a_03@0 a_04@0 a_05@0 a_06@0];
  [b_02@0 b_03@0 b_04@0 b_05@0 b_06@0];
  [ia];
  [ib];
  [sa];
  ![sb];
  [a_01];
  [b_01];
  	
  OUTPUT: SAMPSTAT MODINDICES (3.0); TECH1; TECH4;



*** WARNING in OUTPUT command
  TECH4 option for TYPE=RANDOM requires ALGORITHM=INTEGRATION.
  Request for TECH4 is ignored.
   1 WARNING(S) FOUND IN THE INPUT INSTRUCTIONS




9d - Predetermined ALT, no social slope, no time-correlations

SUMMARY OF ANALYSIS

Number of groups                                                 1
Number of observations                                        5952

Number of dependent variables                                   10
Number of independent variables                                  2
Number of continuous latent variables                            3

Observed dependent variables

  Continuous
   A_02        A_03        A_04        A_05        A_06        B_02
   B_03        B_04        B_05        B_06

Observed independent variables
   A_01        B_01

Continuous latent variables
   IA          SA          IB

Variables with special functions

  Cluster variable      HHID

Estimator                                                      MLR
Information matrix                                        OBSERVED
Maximum number of iterations                                   100
Convergence criterion                                    0.100D-05
Maximum number of EM iterations                                500
Convergence criteria for the EM algorithm
  Loglikelihood change                                   0.100D-02
  Relative loglikelihood change                          0.100D-05
  Derivative                                             0.100D-03
Minimum variance                                         0.100D-03
Maximum number of steepest descent iterations                   20
Maximum number of iterations for H1                          10000
Convergence criterion for H1                             0.100D-03
Optimization algorithm                                         EMA

Input data file(s)
  wide-dataset-b.dat
Input data format  FREE


SUMMARY OF DATA

     Number of missing data patterns           275
     Number of clusters        4882



SAMPLE STATISTICS


     ESTIMATED SAMPLE STATISTICS


           Means
              A_02          A_03          A_04          A_05          A_06
              ________      ________      ________      ________      ________
 1              4.216         4.111         3.723         3.507         3.316


           Means
              B_02          B_03          B_04          B_05          B_06
              ________      ________      ________      ________      ________
 1              9.574         9.550         9.578         9.602         9.569


           Means
              A_01          B_01
              ________      ________
 1              4.374         9.775


           Covariances
              A_02          A_03          A_04          A_05          A_06
              ________      ________      ________      ________      ________
 A_02           3.591
 A_03           1.659         3.524
 A_04           1.802         1.792         3.811
 A_05           1.722         1.935         1.992         3.966
 A_06           1.871         1.708         2.106         2.180         3.991
 B_02           0.027         0.021        -0.004         0.020        -0.025
 B_03           0.105        -0.072         0.140         0.003         0.018
 B_04           0.024         0.069         0.051         0.042        -0.009
 B_05           0.115         0.006         0.119         0.029         0.008
 B_06           0.054         0.031         0.007         0.005        -0.113
 A_01           1.739         1.665         1.599         1.710         1.604
 B_01           0.163         0.057         0.120         0.059         0.041


           Covariances
              B_02          B_03          B_04          B_05          B_06
              ________      ________      ________      ________      ________
 B_02           2.325
 B_03           0.580         2.543
 B_04           1.397         0.680         2.455
 B_05           0.543         1.548         0.739         2.557
 B_06           1.369         0.290         1.481         0.350         2.635
 A_01           0.001         0.044         0.054         0.059         0.033
 B_01           1.575         1.437         1.424         1.062         1.383


           Covariances
              A_01          B_01
              ________      ________
 A_01           3.403
 B_01           0.037         2.359


           Correlations
              A_02          A_03          A_04          A_05          A_06
              ________      ________      ________      ________      ________
 A_02           1.000
 A_03           0.466         1.000
 A_04           0.487         0.489         1.000
 A_05           0.456         0.518         0.512         1.000
 A_06           0.494         0.456         0.540         0.548         1.000
 B_02           0.009         0.007        -0.001         0.007        -0.008
 B_03           0.035        -0.024         0.045         0.001         0.006
 B_04           0.008         0.024         0.017         0.014        -0.003
 B_05           0.038         0.002         0.038         0.009         0.003
 B_06           0.018         0.010         0.002         0.001        -0.035
 A_01           0.498         0.481         0.444         0.466         0.435
 B_01           0.056         0.020         0.040         0.019         0.014


           Correlations
              B_02          B_03          B_04          B_05          B_06
              ________      ________      ________      ________      ________
 B_02           1.000
 B_03           0.238         1.000
 B_04           0.585         0.272         1.000
 B_05           0.223         0.607         0.295         1.000
 B_06           0.553         0.112         0.582         0.135         1.000
 A_01           0.000         0.015         0.019         0.020         0.011
 B_01           0.673         0.587         0.592         0.433         0.555


           Correlations
              A_01          B_01
              ________      ________
 A_01           1.000
 B_01           0.013         1.000


     MAXIMUM LOG-LIKELIHOOD VALUE FOR THE UNRESTRICTED (H1) MODEL IS -84657.534


UNIVARIATE SAMPLE STATISTICS


     UNIVARIATE HIGHER-ORDER MOMENT DESCRIPTIVE STATISTICS

         Variable/         Mean/     Skewness/   Minimum/ % with                Percentiles
        Sample Size      Variance    Kurtosis    Maximum  Min/Max      20%/60%    40%/80%    Median

     A_02                  4.227      -0.154       0.000    4.88%       3.000      4.000      4.000
            5671.000       3.575       0.108      10.000    0.37%       5.000      6.000
     A_03                  4.123      -0.205       0.000    5.40%       3.000      4.000      4.000
            5775.000       3.519      -0.027      10.000    0.14%       5.000      6.000
     A_04                  3.750      -0.101       0.000    8.11%       2.000      3.000      4.000
            5669.000       3.793      -0.258      10.000    0.11%       4.000      5.000
     A_05                  3.607      -0.083       0.000    9.78%       2.000      3.000      4.000
            5132.000       3.896      -0.361      10.000    0.12%       4.000      5.000
     A_06                  3.492      -0.040       0.000   10.50%       2.000      3.000      4.000
            4429.000       3.860      -0.393      10.000    0.07%       4.000      5.000
     B_02                  9.578      -0.541       3.000    0.11%       8.333      9.250      9.667
            2787.000       2.311       0.122      12.000    5.63%      10.000     11.000
     B_03                  9.558      -0.590       3.000    0.07%       8.250      9.250      9.667
            2737.000       2.553       0.220      12.000    6.94%      10.000     11.000
     B_04                  9.580      -0.584       3.000    0.04%       8.250      9.333      9.750
            2646.000       2.432       0.067      12.000    6.20%      10.250     11.000
     B_05                  9.610      -0.664       3.000    0.04%       8.333      9.333      9.750
            2235.000       2.541       0.256      12.000    6.67%      10.250     11.000
     B_06                  9.579      -0.596       3.000    0.15%       8.250      9.333      9.667
            2031.000       2.584       0.117      12.000    7.04%      10.250     11.000
     A_01                  4.400      -0.160       0.000    3.69%       3.000      4.000      4.000
            5478.000       3.390       0.175      10.000    0.31%       5.000      6.000
     B_01                  9.811      -0.654       4.333    0.09%       8.500      9.667     10.000
            1061.000       2.338       0.097      12.000    8.48%      10.333     11.250


THE MODEL ESTIMATION TERMINATED NORMALLY



MODEL FIT INFORMATION

Number of Free Parameters                       46

Loglikelihood

          H0 Value                      -84728.536
          H0 Scaling Correction Factor      1.1986
            for MLR
          H1 Value                      -84657.534
          H1 Scaling Correction Factor      1.1016
            for MLR

Information Criteria

          Akaike (AIC)                  169549.071
          Bayesian (BIC)                169856.880
          Sample-Size Adjusted BIC      169710.704
            (n* = (n + 2) / 24)

Chi-Square Test of Model Fit

          Value                            141.967*
          Degrees of Freedom                    44
          P-Value                           0.0000
          Scaling Correction Factor         1.0003
            for MLR

*   The chi-square value for MLM, MLMV, MLR, ULSMV, WLSM and WLSMV cannot be used
    for chi-square difference testing in the regular way.  MLM, MLR and WLSM
    chi-square difference testing is described on the Mplus website.  MLMV, WLSMV,
    and ULSMV difference testing is done using the DIFFTEST option.

RMSEA (Root Mean Square Error Of Approximation)

          Estimate                           0.019

CFI/TLI

          CFI                                0.992
          TLI                                0.988

Chi-Square Test of Model Fit for the Baseline Model

          Value                          12583.629
          Degrees of Freedom                    66
          P-Value                           0.0000

SRMR (Standardized Root Mean Square Residual)

          Value                              0.122



MODEL RESULTS

                                                    Two-Tailed
                    Estimate       S.E.  Est./S.E.    P-Value

 IA       BY
    A_02               1.000      0.000    999.000    999.000
    A_03               1.000      0.000    999.000    999.000
    A_04               1.000      0.000    999.000    999.000
    A_05               1.000      0.000    999.000    999.000
    A_06               1.000      0.000    999.000    999.000

 SA       BY
    A_02               0.000      0.000    999.000    999.000
    A_03               2.000      0.000    999.000    999.000
    A_04               4.000      0.000    999.000    999.000
    A_05               6.000      0.000    999.000    999.000
    A_06               8.000      0.000    999.000    999.000

 IB       BY
    B_02               1.000      0.000    999.000    999.000
    B_03               1.000      0.000    999.000    999.000
    B_04               1.000      0.000    999.000    999.000
    B_05               1.000      0.000    999.000    999.000
    B_06               1.000      0.000    999.000    999.000

 A_02       ON
    A_01               0.011      0.022      0.484      0.628
    B_01               0.036      0.020      1.846      0.065

 A_03       ON
    A_02              -0.020      0.019     -1.090      0.276
    B_02               0.050      0.018      2.836      0.005

 A_04       ON
    A_03              -0.013      0.015     -0.859      0.391
    B_03               0.019      0.016      1.147      0.251

 A_05       ON
    A_04              -0.020      0.020     -1.032      0.302
    B_04               0.009      0.017      0.518      0.605

 A_06       ON
    A_05              -0.037      0.031     -1.206      0.228
    B_05               0.005      0.019      0.242      0.809

 B_02       ON
    B_01               0.290      0.060      4.861      0.000
    A_01              -0.002      0.024     -0.075      0.940

 B_03       ON
    B_02               0.288      0.060      4.813      0.000
    A_02               0.015      0.015      1.014      0.311

 B_04       ON
    B_03               0.287      0.060      4.770      0.000
    A_03               0.022      0.015      1.418      0.156

 B_05       ON
    B_04               0.293      0.061      4.826      0.000
    A_04               0.017      0.016      1.064      0.287

 B_06       ON
    B_05               0.294      0.060      4.874      0.000
    A_05               0.001      0.017      0.066      0.947

 IA       WITH
    SA                 0.015      0.013      1.138      0.255
    A_01               1.692      0.077     21.830      0.000
    IB                -0.040      0.030     -1.349      0.177

 SA       WITH
    A_01              -0.001      0.014     -0.086      0.932

 IB       WITH
    B_01               0.909      0.108      8.411      0.000

 A_01     WITH
    B_02               0.001      0.067      0.015      0.988

 Means
    A_01               4.374      0.025    175.160      0.000
    B_01               9.781      0.040    246.355      0.000
    IA                 3.814      0.210     18.144      0.000
    SA                -0.052      0.032     -1.614      0.106
    IB                 6.740      0.575     11.730      0.000

 Intercepts
    A_02               0.000      0.000    999.000    999.000
    A_03               0.000      0.000    999.000    999.000
    A_04               0.000      0.000    999.000    999.000
    A_05               0.000      0.000    999.000    999.000
    A_06               0.000      0.000    999.000    999.000
    B_02               0.000      0.000    999.000    999.000
    B_03               0.000      0.000    999.000    999.000
    B_04               0.000      0.000    999.000    999.000
    B_05               0.000      0.000    999.000    999.000
    B_06               0.000      0.000    999.000    999.000

 Variances
    A_01               3.404      0.068     50.146      0.000
    B_01               2.350      0.093     25.129      0.000
    IA                 1.706      0.123     13.853      0.000
    SA                 0.009      0.002      3.701      0.000
    IB                 0.709      0.136      5.214      0.000

 Residual Variances
    A_02               1.831      0.072     25.381      0.000
    A_03               1.827      0.053     34.646      0.000
    A_04               1.872      0.051     36.349      0.000
    A_05               1.784      0.070     25.388      0.000
    A_06               1.664      0.072     22.986      0.000
    B_02               0.932      0.051     18.407      0.000
    B_03               1.016      0.065     15.544      0.000
    B_04               1.012      0.062     16.228      0.000
    B_05               1.044      0.065     15.958      0.000
    B_06               1.116      0.072     15.539      0.000


QUALITY OF NUMERICAL RESULTS

     Condition Number for the Information Matrix              0.157E-05
       (ratio of smallest to largest eigenvalue)


MODEL MODIFICATION INDICES

NOTE:  Modification indices for direct effects of observed dependent variables
regressed on covariates may not be included.  To include these, request
MODINDICES (ALL).

Minimum M.I. value for printing the modification index     3.000

                                   M.I.     E.P.C.


ON/BY Statements

A_02     ON SA       /
SA       BY A_02                   6.460     2.385
A_03     ON IA       /
IA       BY A_03                   3.756     0.076
A_03     ON SA       /
SA       BY A_03                  14.132    -1.875
A_03     ON IB       /
IB       BY A_03                   8.855     0.181
A_04     ON IA       /
IA       BY A_04                   6.134    -0.084
A_04     ON SA       /
SA       BY A_04                   8.835     1.759
A_04     ON IB       /
IB       BY A_04                  10.124    -0.191
A_06     ON SA       /
SA       BY A_06                   6.840    -3.558
B_06     ON SA       /
SA       BY B_06                   3.269    -1.235
IB       ON IB       /
IB       BY IB                   999.000     0.000

ON Statements

IA       ON A_03                   7.395    -0.073
IA       ON A_04                  15.502     0.083
IA       ON A_01                   3.915  -198.479
SA       ON A_02                   9.059     0.019
SA       ON A_03                  10.309    -0.010
SA       ON A_04                   3.398     0.007
SA       ON A_05                   8.987     0.023
SA       ON A_06                  10.529    -0.040
IB       ON A_03                   5.567    -0.026
IB       ON A_04                   3.949     0.021
IB       ON B_05                   9.226     0.206
IB       ON B_01                 999.000     0.000
A_02     ON A_04                   8.916     0.106
A_02     ON A_05                  15.918    -0.069
A_02     ON A_06                  22.226     0.104
A_03     ON A_05                  10.583     0.050
A_03     ON A_06                  24.495    -0.077
A_03     ON B_05                   3.337     0.047
A_03     ON B_06                   4.669     0.050
A_03     ON A_01                   8.433     0.065
A_03     ON B_01                   4.501     0.079
A_04     ON B_02                   4.627    -0.071
A_04     ON B_05                   4.953    -0.073
A_04     ON B_06                   3.936    -0.053
A_04     ON A_01                  13.479    -0.052
A_04     ON B_01                   3.884    -0.057
A_05     ON A_02                   8.639    -0.042
A_05     ON A_03                  16.290     0.063
A_05     ON A_01                   3.597     0.028
A_06     ON A_02                  30.179     0.142
A_06     ON A_03                  42.010    -0.125
A_06     ON A_04                   3.657     0.052
A_06     ON B_03                   3.128     0.047
B_02     ON A_03                   7.549    -0.062
B_02     ON B_03                   3.242    -0.121
B_03     ON A_03                   5.522    -0.037
B_03     ON A_04                   6.350     0.046
B_03     ON B_05                   7.349     0.130
B_03     ON B_01                   9.404     0.251
B_05     ON B_03                   5.096     0.158
B_05     ON B_01                  24.332    -0.379
B_06     ON A_06                   3.179    -0.031
A_01     ON A_03                   3.479     0.054
A_01     ON A_04                  11.742    -0.062
A_01     ON A_05                   4.432     0.042
B_01     ON B_03                   4.680     0.162
B_01     ON B_05                  16.153    -0.350

WITH Statements

A_02     WITH SA                   8.761     0.034
A_03     WITH IA                   7.650    -0.137
A_03     WITH SA                  10.667    -0.018
A_03     WITH IB                   9.317    -0.075
A_03     WITH A_02                 4.159    -0.144
A_04     WITH IA                  15.395     0.156
A_04     WITH SA                   3.201     0.012
A_04     WITH IB                   4.308     0.048
A_04     WITH A_02                 4.953     0.113
A_04     WITH A_03                 5.100     0.141
A_05     WITH SA                   9.832     0.045
A_05     WITH A_02                21.783    -0.165
A_05     WITH A_03                20.930     0.179
A_06     WITH SA                  10.282    -0.069
A_06     WITH A_02                38.616     0.331
A_06     WITH A_03                48.546    -0.270
A_06     WITH A_04                 7.394     0.186
B_02     WITH A_03                 8.409    -0.120
B_03     WITH A_03                 9.448    -0.116
B_03     WITH A_04                10.242     0.145
B_03     WITH B_02                 7.040    -0.341
B_05     WITH IB                   8.727     0.174
B_05     WITH A_06                 3.306    -0.096
B_05     WITH B_02                 4.339     0.318
B_05     WITH B_03                 8.201     0.203
B_06     WITH SA                   4.622    -0.015
B_06     WITH A_06                 4.580    -0.093
A_01     WITH A_03                 3.530     0.100
A_01     WITH A_04                11.767    -0.116
A_01     WITH A_05                 4.194     0.073
B_01     WITH B_03                 3.958     0.146
B_01     WITH B_05                16.460    -0.343

Means/Intercepts/Thresholds

[ A_02     ]                       3.136    -0.439
[ A_03     ]                      17.164     0.736
[ A_04     ]                       8.311    -0.447
[ B_03     ]                       3.208    -0.694


TECHNICAL 1 OUTPUT


     PARAMETER SPECIFICATION


           NU
              A_02          A_03          A_04          A_05          A_06
              ________      ________      ________      ________      ________
 1                  0             0             0             0             0


           NU
              B_02          B_03          B_04          B_05          B_06
              ________      ________      ________      ________      ________
 1                  0             0             0             0             0


           NU
              A_01          B_01
              ________      ________
 1                  0             0


           LAMBDA
              IA            SA            IB            A_02          A_03
              ________      ________      ________      ________      ________
 A_02               0             0             0             0             0
 A_03               0             0             0             0             0
 A_04               0             0             0             0             0
 A_05               0             0             0             0             0
 A_06               0             0             0             0             0
 B_02               0             0             0             0             0
 B_03               0             0             0             0             0
 B_04               0             0             0             0             0
 B_05               0             0             0             0             0
 B_06               0             0             0             0             0
 A_01               0             0             0             0             0
 B_01               0             0             0             0             0


           LAMBDA
              A_04          A_05          A_06          B_02          B_03
              ________      ________      ________      ________      ________
 A_02               0             0             0             0             0
 A_03               0             0             0             0             0
 A_04               0             0             0             0             0
 A_05               0             0             0             0             0
 A_06               0             0             0             0             0
 B_02               0             0             0             0             0
 B_03               0             0             0             0             0
 B_04               0             0             0             0             0
 B_05               0             0             0             0             0
 B_06               0             0             0             0             0
 A_01               0             0             0             0             0
 B_01               0             0             0             0             0


           LAMBDA
              B_04          B_05          B_06          A_01          B_01
              ________      ________      ________      ________      ________
 A_02               0             0             0             0             0
 A_03               0             0             0             0             0
 A_04               0             0             0             0             0
 A_05               0             0             0             0             0
 A_06               0             0             0             0             0
 B_02               0             0             0             0             0
 B_03               0             0             0             0             0
 B_04               0             0             0             0             0
 B_05               0             0             0             0             0
 B_06               0             0             0             0             0
 A_01               0             0             0             0             0
 B_01               0             0             0             0             0


           THETA
              A_02          A_03          A_04          A_05          A_06
              ________      ________      ________      ________      ________
 A_02               0
 A_03               0             0
 A_04               0             0             0
 A_05               0             0             0             0
 A_06               0             0             0             0             0
 B_02               0             0             0             0             0
 B_03               0             0             0             0             0
 B_04               0             0             0             0             0
 B_05               0             0             0             0             0
 B_06               0             0             0             0             0
 A_01               0             0             0             0             0
 B_01               0             0             0             0             0


           THETA
              B_02          B_03          B_04          B_05          B_06
              ________      ________      ________      ________      ________
 B_02               0
 B_03               0             0
 B_04               0             0             0
 B_05               0             0             0             0
 B_06               0             0             0             0             0
 A_01               0             0             0             0             0
 B_01               0             0             0             0             0


           THETA
              A_01          B_01
              ________      ________
 A_01               0
 B_01               0             0


           ALPHA
              IA            SA            IB            A_02          A_03
              ________      ________      ________      ________      ________
 1                  1             2             3             0             0


           ALPHA
              A_04          A_05          A_06          B_02          B_03
              ________      ________      ________      ________      ________
 1                  0             0             0             0             0


           ALPHA
              B_04          B_05          B_06          A_01          B_01
              ________      ________      ________      ________      ________
 1                  0             0             0             4             5


           BETA
              IA            SA            IB            A_02          A_03
              ________      ________      ________      ________      ________
 IA                 0             0             0             0             0
 SA                 0             0             0             0             0
 IB                 0             0             0             0             0
 A_02               0             0             0             0             0
 A_03               0             0             0             8             0
 A_04               0             0             0             0            10
 A_05               0             0             0             0             0
 A_06               0             0             0             0             0
 B_02               0             0             0             0             0
 B_03               0             0             0            18             0
 B_04               0             0             0             0            20
 B_05               0             0             0             0             0
 B_06               0             0             0             0             0
 A_01               0             0             0             0             0
 B_01               0             0             0             0             0


           BETA
              A_04          A_05          A_06          B_02          B_03
              ________      ________      ________      ________      ________
 IA                 0             0             0             0             0
 SA                 0             0             0             0             0
 IB                 0             0             0             0             0
 A_02               0             0             0             0             0
 A_03               0             0             0             9             0
 A_04               0             0             0             0            11
 A_05              12             0             0             0             0
 A_06               0            14             0             0             0
 B_02               0             0             0             0             0
 B_03               0             0             0            19             0
 B_04               0             0             0             0            21
 B_05              22             0             0             0             0
 B_06               0            24             0             0             0
 A_01               0             0             0             0             0
 B_01               0             0             0             0             0


           BETA
              B_04          B_05          B_06          A_01          B_01
              ________      ________      ________      ________      ________
 IA                 0             0             0             0             0
 SA                 0             0             0             0             0
 IB                 0             0             0             0             0
 A_02               0             0             0             6             7
 A_03               0             0             0             0             0
 A_04               0             0             0             0             0
 A_05              13             0             0             0             0
 A_06               0            15             0             0             0
 B_02               0             0             0            16            17
 B_03               0             0             0             0             0
 B_04               0             0             0             0             0
 B_05              23             0             0             0             0
 B_06               0            25             0             0             0
 A_01               0             0             0             0             0
 B_01               0             0             0             0             0


           PSI
              IA            SA            IB            A_02          A_03
              ________      ________      ________      ________      ________
 IA                26
 SA                27            28
 IB                29             0            30
 A_02               0             0             0            31
 A_03               0             0             0             0            32
 A_04               0             0             0             0             0
 A_05               0             0             0             0             0
 A_06               0             0             0             0             0
 B_02               0             0             0             0             0
 B_03               0             0             0             0             0
 B_04               0             0             0             0             0
 B_05               0             0             0             0             0
 B_06               0             0             0             0             0
 A_01              41            42             0             0             0
 B_01               0             0            45             0             0


           PSI
              A_04          A_05          A_06          B_02          B_03
              ________      ________      ________      ________      ________
 A_04              33
 A_05               0            34
 A_06               0             0            35
 B_02               0             0             0            36
 B_03               0             0             0             0            37
 B_04               0             0             0             0             0
 B_05               0             0             0             0             0
 B_06               0             0             0             0             0
 A_01               0             0             0            43             0
 B_01               0             0             0             0             0


           PSI
              B_04          B_05          B_06          A_01          B_01
              ________      ________      ________      ________      ________
 B_04              38
 B_05               0            39
 B_06               0             0            40
 A_01               0             0             0            44
 B_01               0             0             0             0            46


     STARTING VALUES


           NU
              A_02          A_03          A_04          A_05          A_06
              ________      ________      ________      ________      ________
 1              0.000         0.000         0.000         0.000         0.000


           NU
              B_02          B_03          B_04          B_05          B_06
              ________      ________      ________      ________      ________
 1              0.000         0.000         0.000         0.000         0.000


           NU
              A_01          B_01
              ________      ________
 1              0.000         0.000


           LAMBDA
              IA            SA            IB            A_02          A_03
              ________      ________      ________      ________      ________
 A_02           0.000         0.000         0.000         1.000         0.000
 A_03           0.000         0.000         0.000         0.000         1.000
 A_04           0.000         0.000         0.000         0.000         0.000
 A_05           0.000         0.000         0.000         0.000         0.000
 A_06           0.000         0.000         0.000         0.000         0.000
 B_02           0.000         0.000         0.000         0.000         0.000
 B_03           0.000         0.000         0.000         0.000         0.000
 B_04           0.000         0.000         0.000         0.000         0.000
 B_05           0.000         0.000         0.000         0.000         0.000
 B_06           0.000         0.000         0.000         0.000         0.000
 A_01           0.000         0.000         0.000         0.000         0.000
 B_01           0.000         0.000         0.000         0.000         0.000


           LAMBDA
              A_04          A_05          A_06          B_02          B_03
              ________      ________      ________      ________      ________
 A_02           0.000         0.000         0.000         0.000         0.000
 A_03           0.000         0.000         0.000         0.000         0.000
 A_04           1.000         0.000         0.000         0.000         0.000
 A_05           0.000         1.000         0.000         0.000         0.000
 A_06           0.000         0.000         1.000         0.000         0.000
 B_02           0.000         0.000         0.000         1.000         0.000
 B_03           0.000         0.000         0.000         0.000         1.000
 B_04           0.000         0.000         0.000         0.000         0.000
 B_05           0.000         0.000         0.000         0.000         0.000
 B_06           0.000         0.000         0.000         0.000         0.000
 A_01           0.000         0.000         0.000         0.000         0.000
 B_01           0.000         0.000         0.000         0.000         0.000


           LAMBDA
              B_04          B_05          B_06          A_01          B_01
              ________      ________      ________      ________      ________
 A_02           0.000         0.000         0.000         0.000         0.000
 A_03           0.000         0.000         0.000         0.000         0.000
 A_04           0.000         0.000         0.000         0.000         0.000
 A_05           0.000         0.000         0.000         0.000         0.000
 A_06           0.000         0.000         0.000         0.000         0.000
 B_02           0.000         0.000         0.000         0.000         0.000
 B_03           0.000         0.000         0.000         0.000         0.000
 B_04           1.000         0.000         0.000         0.000         0.000
 B_05           0.000         1.000         0.000         0.000         0.000
 B_06           0.000         0.000         1.000         0.000         0.000
 A_01           0.000         0.000         0.000         1.000         0.000
 B_01           0.000         0.000         0.000         0.000         1.000


           THETA
              A_02          A_03          A_04          A_05          A_06
              ________      ________      ________      ________      ________
 A_02           0.000
 A_03           0.000         0.000
 A_04           0.000         0.000         0.000
 A_05           0.000         0.000         0.000         0.000
 A_06           0.000         0.000         0.000         0.000         0.000
 B_02           0.000         0.000         0.000         0.000         0.000
 B_03           0.000         0.000         0.000         0.000         0.000
 B_04           0.000         0.000         0.000         0.000         0.000
 B_05           0.000         0.000         0.000         0.000         0.000
 B_06           0.000         0.000         0.000         0.000         0.000
 A_01           0.000         0.000         0.000         0.000         0.000
 B_01           0.000         0.000         0.000         0.000         0.000


           THETA
              B_02          B_03          B_04          B_05          B_06
              ________      ________      ________      ________      ________
 B_02           0.000
 B_03           0.000         0.000
 B_04           0.000         0.000         0.000
 B_05           0.000         0.000         0.000         0.000
 B_06           0.000         0.000         0.000         0.000         0.000
 A_01           0.000         0.000         0.000         0.000         0.000
 B_01           0.000         0.000         0.000         0.000         0.000


           THETA
              A_01          B_01
              ________      ________
 A_01           0.000
 B_01           0.000         0.000


           ALPHA
              IA            SA            IB            A_02          A_03
              ________      ________      ________      ________      ________
 1              0.000         0.000         0.000         0.000         0.000


           ALPHA
              A_04          A_05          A_06          B_02          B_03
              ________      ________      ________      ________      ________
 1              0.000         0.000         0.000         0.000         0.000


           ALPHA
              B_04          B_05          B_06          A_01          B_01
              ________      ________      ________      ________      ________
 1              0.000         0.000         0.000         0.000         0.000


           BETA
              IA            SA            IB            A_02          A_03
              ________      ________      ________      ________      ________
 IA             0.000         0.000         0.000         0.000         0.000
 SA             0.000         0.000         0.000         0.000         0.000
 IB             0.000         0.000         0.000         0.000         0.000
 A_02           1.000         0.000         0.000         0.000         0.000
 A_03           1.000         2.000         0.000         0.000         0.000
 A_04           1.000         4.000         0.000         0.000         0.000
 A_05           1.000         6.000         0.000         0.000         0.000
 A_06           1.000         8.000         0.000         0.000         0.000
 B_02           0.000         0.000         1.000         0.000         0.000
 B_03           0.000         0.000         1.000         0.000         0.000
 B_04           0.000         0.000         1.000         0.000         0.000
 B_05           0.000         0.000         1.000         0.000         0.000
 B_06           0.000         0.000         1.000         0.000         0.000
 A_01           0.000         0.000         0.000         0.000         0.000
 B_01           0.000         0.000         0.000         0.000         0.000


           BETA
              A_04          A_05          A_06          B_02          B_03
              ________      ________      ________      ________      ________
 IA             0.000         0.000         0.000         0.000         0.000
 SA             0.000         0.000         0.000         0.000         0.000
 IB             0.000         0.000         0.000         0.000         0.000
 A_02           0.000         0.000         0.000         0.000         0.000
 A_03           0.000         0.000         0.000         0.000         0.000
 A_04           0.000         0.000         0.000         0.000         0.000
 A_05           0.000         0.000         0.000         0.000         0.000
 A_06           0.000         0.000         0.000         0.000         0.000
 B_02           0.000         0.000         0.000         0.000         0.000
 B_03           0.000         0.000         0.000         0.000         0.000
 B_04           0.000         0.000         0.000         0.000         0.000
 B_05           0.000         0.000         0.000         0.000         0.000
 B_06           0.000         0.000         0.000         0.000         0.000
 A_01           0.000         0.000         0.000         0.000         0.000
 B_01           0.000         0.000         0.000         0.000         0.000


           BETA
              B_04          B_05          B_06          A_01          B_01
              ________      ________      ________      ________      ________
 IA             0.000         0.000         0.000         0.000         0.000
 SA             0.000         0.000         0.000         0.000         0.000
 IB             0.000         0.000         0.000         0.000         0.000
 A_02           0.000         0.000         0.000         0.000         0.000
 A_03           0.000         0.000         0.000         0.000         0.000
 A_04           0.000         0.000         0.000         0.000         0.000
 A_05           0.000         0.000         0.000         0.000         0.000
 A_06           0.000         0.000         0.000         0.000         0.000
 B_02           0.000         0.000         0.000         0.000         0.000
 B_03           0.000         0.000         0.000         0.000         0.000
 B_04           0.000         0.000         0.000         0.000         0.000
 B_05           0.000         0.000         0.000         0.000         0.000
 B_06           0.000         0.000         0.000         0.000         0.000
 A_01           0.000         0.000         0.000         0.000         0.000
 B_01           0.000         0.000         0.000         0.000         0.000


           PSI
              IA            SA            IB            A_02          A_03
              ________      ________      ________      ________      ________
 IA             0.050
 SA             0.000         0.050
 IB             0.000         0.000         0.050
 A_02           0.000         0.000         0.000         1.787
 A_03           0.000         0.000         0.000         0.000         1.760
 A_04           0.000         0.000         0.000         0.000         0.000
 A_05           0.000         0.000         0.000         0.000         0.000
 A_06           0.000         0.000         0.000         0.000         0.000
 B_02           0.000         0.000         0.000         0.000         0.000
 B_03           0.000         0.000         0.000         0.000         0.000
 B_04           0.000         0.000         0.000         0.000         0.000
 B_05           0.000         0.000         0.000         0.000         0.000
 B_06           0.000         0.000         0.000         0.000         0.000
 A_01           0.000         0.000         0.000         0.000         0.000
 B_01           0.000         0.000         0.000         0.000         0.000


           PSI
              A_04          A_05          A_06          B_02          B_03
              ________      ________      ________      ________      ________
 A_04           1.896
 A_05           0.000         1.948
 A_06           0.000         0.000         1.930
 B_02           0.000         0.000         0.000         1.155
 B_03           0.000         0.000         0.000         0.000         1.277
 B_04           0.000         0.000         0.000         0.000         0.000
 B_05           0.000         0.000         0.000         0.000         0.000
 B_06           0.000         0.000         0.000         0.000         0.000
 A_01           0.000         0.000         0.000         0.000         0.000
 B_01           0.000         0.000         0.000         0.000         0.000


           PSI
              B_04          B_05          B_06          A_01          B_01
              ________      ________      ________      ________      ________
 B_04           1.216
 B_05           0.000         1.271
 B_06           0.000         0.000         1.292
 A_01           0.000         0.000         0.000         1.695
 B_01           0.000         0.000         0.000         0.000         1.169


     Beginning Time:  21:43:24
        Ending Time:  21:47:30
       Elapsed Time:  00:04:06



MUTHEN & MUTHEN
3463 Stoner Ave.
Los Angeles, CA  90066

Tel: (310) 391-9971
Fax: (310) 391-8971
Web: www.StatModel.com
Support: Support@StatModel.com

Copyright (c) 1998-2015 Muthen & Muthen
