Mplus VERSION 7.4 (Mac)
MUTHEN & MUTHEN
07/11/2017   1:15 PM

INPUT INSTRUCTIONS

  TITLE:
  Autoregressive, univariate
  DATA:
  File = wide-dataset-b.dat ;
  VARIABLE:
  NAMES are
   id hhid male birthyr_rand birthmo_rand race_rand hispanic_rand cohort
      raedyrs raedegrm memoryproblems_baseline memory_disease_ever age_baseline
      age_baseline_65 health_conditions_baseline healthcond_mean activity_mean_2004
      activity_mean_2006 activity_mean_2008 activity_mean_2010 activity_mean_2012
      activity_mean_2014 activity_sum_2004 activity_sum_2006 activity_sum_2008
      activity_sum_2010 activity_sum_2012 activity_sum_2014 close_social_network_2004
      close_social_network_2006 close_social_network_2008 close_social_network_2010
      close_social_network_2012 close_social_network_2014 countb20r_2004
      countb20r_2006 countb20r_2008 countb20r_2010 countb20r_2012 countb20r_2014
      crp_adj_2004 crp_adj_2006 crp_adj_2008 crp_adj_2010 crp_adj_2012 crp_adj_2014
      dep_total_2004 dep_total_2006 dep_total_2008 dep_total_2010 dep_total_2012
      dep_total_2014 exercise_2004 exercise_2006 exercise_2008 exercise_2010
      exercise_2012 exercise_2014 healthcond_2004 healthcond_2006 healthcond_2008
      healthcond_2010 healthcond_2012 healthcond_2014 hhres_2004 hhres_2006
      hhres_2008 hhres_2010 hhres_2012 hhres_2014 hrs_tscore_2004 hrs_tscore_2006
      hrs_tscore_2008 hrs_tscore_2010 hrs_tscore_2012 hrs_tscore_2014 intage_r_2004
      intage_r_2006 intage_r_2008 intage_r_2010 intage_r_2012 intage_r_2014
      interview_date_2004 interview_date_2006 interview_date_2008 interview_date_2010
      interview_date_2012 interview_date_2014 lb_65_wave_2004 lb_65_wave_2006
      lb_65_wave_2008 lb_65_wave_2010 lb_65_wave_2012 lb_65_wave_2014 lb_wave_2004
      lb_wave_2006 lb_wave_2008 lb_wave_2010 lb_wave_2012 lb_wave_2014 listassi_2004
      listassi_2006 listassi_2008 listassi_2010 listassi_2012 listassi_2014
      mentalstatus_tot_2004 mentalstatus_tot_2006 mentalstatus_tot_2008
      mentalstatus_tot_2010 mentalstatus_tot_2012 mentalstatus_tot_2014 proxy_2004
      proxy_2006 proxy_2008 proxy_2010 proxy_2012 proxy_2014 responded_2004
      responded_2006 responded_2008 responded_2010 responded_2012 responded_2014
      rmaritalst_2004 rmaritalst_2006 rmaritalst_2008 rmaritalst_2010 rmaritalst_2012
      rmaritalst_2014 rpartst_2004 rpartst_2006 rpartst_2008 rpartst_2010
      rpartst_2012 rpartst_2014 score_loneliness_11_2004 score_loneliness_11_2006
      score_loneliness_11_2008 score_loneliness_11_2010 score_loneliness_11_2012
      score_loneliness_11_2014 score_loneliness_3_2004 score_loneliness_3_2006
      score_loneliness_3_2008 score_loneliness_3_2010 score_loneliness_3_2012
      score_loneliness_3_2014 shhidpnr_2004 shhidpnr_2006 shhidpnr_2008 shhidpnr_2010
      shhidpnr_2012 shhidpnr_2014 snchild_2004 snchild_2006 snchild_2008 snchild_2010
      snchild_2012 snchild_2014 snfamily_2004 snfamily_2006 snfamily_2008
      snfamily_2010 snfamily_2012 snfamily_2014 snfriends_2004 snfriends_2006
      snfriends_2008 snfriends_2010 snfriends_2012 snfriends_2014 snspouse_2004
      snspouse_2006 snspouse_2008 snspouse_2010 snspouse_2012 snspouse_2014
      social_contact_total_2004 social_contact_total_2006 social_contact_total_2008
      social_contact_total_2010 social_contact_total_2012 social_contact_total_2014
      social_strain_mean_2004 social_strain_mean_2006 social_strain_mean_2008
      social_strain_mean_2010 social_strain_mean_2012 social_strain_mean_2014
      social_support_mean_2004 social_support_mean_2006 social_support_mean_2008
      social_support_mean_2010 social_support_mean_2012 social_support_mean_2014
      socialnetwork_total_2004 socialnetwork_total_2006 socialnetwork_total_2008
      socialnetwork_total_2010 socialnetwork_total_2012 socialnetwork_total_2014
      srmemory_2004 srmemory_2006 srmemory_2008 srmemory_2010 srmemory_2012
      srmemory_2014 srmemoryp_2004 srmemoryp_2006 srmemoryp_2008 srmemoryp_2010
      srmemoryp_2012 srmemoryp_2014 vocab_total_2004 vocab_total_2006 vocab_total_2008
      vocab_total_2010 vocab_total_2012 vocab_total_2014 wrectotd_2004 wrectotd_2006
      wrectotd_2008 wrectotd_2010 wrectotd_2012 wrectotd_2014 wrectoti_2004
      wrectoti_2006 wrectoti_2008 wrectoti_2010 wrectoti_2012 wrectoti_2014
  	;
  Missing are all(9999);
  USEVARIABLES are
  	!define the variables used in the analysis
  	!estimated time points
  a_01
  a_02
  a_03
  a_04
  a_05
  a_06
  	! covariates used in the model
   	;
  SUBPOPULATION are
  	!select a subset of observations

  memoryproblems_baseline EQ 0
  ;
  CLUSTER = hhid;
  DEFINE:
    ! centre baseline age
  a = age_baseline - 69;
  	! assign variables to the process (A)
  a_01=wrectoti_2004;
  a_02=wrectoti_2006;
  a_03=wrectoti_2008;
  a_04=wrectoti_2010;
  a_05=wrectoti_2012;
  a_06=wrectoti_2014;
  ANALYSIS:
  TYPE = COMPLEX RANDOM;
  COVERAGE=.00;
  H1ITERATIONS = 10000;
  MODEL:
  	!autoregressive part
  a_01;
  a_02 ON a_01;
  a_03 ON a_02;
  a_04 ON a_03;
  a_05 ON a_04;
  a_06 ON a_05;
  	
  OUTPUT: SAMPSTAT MODINDICES (3.0); TECH1 TECH2 TECH3;;



INPUT READING TERMINATED NORMALLY




Autoregressive, univariate

SUMMARY OF ANALYSIS

Number of groups                                                 1
Number of observations                                       11556

Number of dependent variables                                    5
Number of independent variables                                  1
Number of continuous latent variables                            0

Observed dependent variables

  Continuous
   A_02        A_03        A_04        A_05        A_06

Observed independent variables
   A_01

Variables with special functions

  Cluster variable      HHID

Estimator                                                      MLR
Information matrix                                        OBSERVED
Maximum number of iterations                                   100
Convergence criterion                                    0.100D-05
Maximum number of EM iterations                                500
Convergence criteria for the EM algorithm
  Loglikelihood change                                   0.100D-02
  Relative loglikelihood change                          0.100D-05
  Derivative                                             0.100D-03
Minimum variance                                         0.100D-03
Maximum number of steepest descent iterations                   20
Maximum number of iterations for H1                          10000
Convergence criterion for H1                             0.100D-03
Optimization algorithm                                         EMA

Input data file(s)
  wide-dataset-b.dat
Input data format  FREE


SUMMARY OF DATA

     Number of missing data patterns            62
     Number of clusters        8479



SAMPLE STATISTICS


     ESTIMATED SAMPLE STATISTICS


           Means
              A_02          A_03          A_04          A_05          A_06
              ________      ________      ________      ________      ________
 1              5.313         5.185         4.905         4.761         4.672


           Means
              A_01
              ________
 1              5.450


           Covariances
              A_02          A_03          A_04          A_05          A_06
              ________      ________      ________      ________      ________
 A_02           2.646
 A_03           1.379         2.765
 A_04           1.458         1.442         3.011
 A_05           1.321         1.551         1.574         3.123
 A_06           1.520         1.499         1.713         1.683         3.213
 A_01           1.301         1.320         1.262         1.341         1.279


           Covariances
              A_01
              ________
 A_01           2.474


           Correlations
              A_02          A_03          A_04          A_05          A_06
              ________      ________      ________      ________      ________
 A_02           1.000
 A_03           0.510         1.000
 A_04           0.517         0.500         1.000
 A_05           0.459         0.528         0.513         1.000
 A_06           0.521         0.503         0.551         0.531         1.000
 A_01           0.508         0.505         0.462         0.482         0.454


           Correlations
              A_01
              ________
 A_01           1.000


     MAXIMUM LOG-LIKELIHOOD VALUE FOR THE UNRESTRICTED (H1) MODEL IS -89720.326


UNIVARIATE SAMPLE STATISTICS


     UNIVARIATE HIGHER-ORDER MOMENT DESCRIPTIVE STATISTICS

         Variable/         Mean/     Skewness/   Minimum/ % with                Percentiles
        Sample Size      Variance    Kurtosis    Maximum  Min/Max      20%/60%    40%/80%    Median

     A_02                  5.171      -0.064       0.000    0.43%       4.000      5.000      5.000
            8651.000       2.597       0.149      10.000    0.35%       6.000      6.000
     A_03                  5.125      -0.121       0.000    0.66%       4.000      5.000      5.000
            9254.000       2.712       0.186      10.000    0.29%       6.000      6.000
     A_04                  4.969      -0.196       0.000    1.25%       4.000      5.000      5.000
            8803.000       2.893       0.262      10.000    0.32%       5.000      6.000
     A_05                  4.922      -0.228       0.000    1.64%       4.000      5.000      5.000
            8604.000       2.970       0.322      10.000    0.30%       5.000      6.000
     A_06                  4.939      -0.129       0.000    1.20%       4.000      5.000      5.000
            7904.000       2.978       0.238      10.000    0.35%       5.000      6.000
     A_01                  5.264      -0.140       0.000    0.49%       4.000      5.000      5.000
            7215.000       2.416       0.318      10.000    0.30%       6.000      7.000


THE MODEL ESTIMATION TERMINATED NORMALLY



MODEL FIT INFORMATION

Number of Free Parameters                       17

Loglikelihood

          H0 Value                      -92003.387
          H0 Scaling Correction Factor      1.2113
            for MLR
          H1 Value                      -89720.326
          H1 Scaling Correction Factor      1.2049
            for MLR

Information Criteria

          Akaike (AIC)                  184040.774
          Bayesian (BIC)                184165.808
          Sample-Size Adjusted BIC      184111.784
            (n* = (n + 2) / 24)

Chi-Square Test of Model Fit

          Value                           3824.151*
          Degrees of Freedom                    10
          P-Value                           0.0000
          Scaling Correction Factor         1.1940
            for MLR

*   The chi-square value for MLM, MLMV, MLR, ULSMV, WLSM and WLSMV cannot be used
    for chi-square difference testing in the regular way.  MLM, MLR and WLSM
    chi-square difference testing is described on the Mplus website.  MLMV, WLSMV,
    and ULSMV difference testing is done using the DIFFTEST option.

RMSEA (Root Mean Square Error Of Approximation)

          Estimate                           0.182

CFI/TLI

          CFI                                0.671
          TLI                                0.506

Chi-Square Test of Model Fit for the Baseline Model

          Value                          11601.996
          Degrees of Freedom                    15
          P-Value                           0.0000

SRMR (Standardized Root Mean Square Residual)

          Value                              0.243



MODEL RESULTS

                                                    Two-Tailed
                    Estimate       S.E.  Est./S.E.    P-Value

 A_02       ON
    A_01               0.521      0.012     43.709      0.000

 A_03       ON
    A_02               0.516      0.011     49.041      0.000

 A_04       ON
    A_03               0.513      0.011     46.511      0.000

 A_05       ON
    A_04               0.504      0.012     43.343      0.000

 A_06       ON
    A_05               0.507      0.013     39.939      0.000

 Means
    A_01               5.321      0.018    292.302      0.000

 Intercepts
    A_02               2.447      0.066     37.128      0.000
    A_03               2.447      0.058     42.190      0.000
    A_04               2.281      0.061     37.228      0.000
    A_05               2.369      0.062     37.940      0.000
    A_06               2.371      0.069     34.465      0.000

 Variances
    A_01               2.432      0.044     55.868      0.000

 Residual Variances
    A_02               1.961      0.036     54.498      0.000
    A_03               2.044      0.035     59.160      0.000
    A_04               2.245      0.041     55.219      0.000
    A_05               2.277      0.044     51.493      0.000
    A_06               2.261      0.042     53.699      0.000


QUALITY OF NUMERICAL RESULTS

     Condition Number for the Information Matrix              0.257E-02
       (ratio of smallest to largest eigenvalue)


MODEL MODIFICATION INDICES

NOTE:  Modification indices for direct effects of observed dependent variables
regressed on covariates may not be included.  To include these, request
MODINDICES (ALL).

Minimum M.I. value for printing the modification index     3.000

                                   M.I.     E.P.C.


ON Statements

A_02     ON A_03                 567.843    -0.619
A_02     ON A_04                 128.133     0.152
A_02     ON A_05                 182.010     0.160
A_02     ON A_06                 468.564     0.261
A_03     ON A_04                 666.061    -0.637
A_03     ON A_05                 127.567     0.150
A_03     ON A_06                 171.171     0.158
A_03     ON A_01                 567.404     0.336
A_04     ON A_02                 666.294     0.361
A_04     ON A_05                 662.913    -0.670
A_04     ON A_06                 122.631     0.159
A_04     ON A_01                 351.933     0.261
A_05     ON A_02                 286.473     0.221
A_05     ON A_03                 662.830     0.348
A_05     ON A_06                 696.381    -0.705
A_05     ON A_01                 353.623     0.271
A_06     ON A_02                 443.659     0.288
A_06     ON A_03                 316.643     0.229
A_06     ON A_04                 696.157     0.353
A_06     ON A_06                 999.000     0.000
A_06     ON A_01                 206.779     0.222
A_01     ON A_02                 999.000     0.000
A_01     ON A_03                 568.096     0.400
A_01     ON A_04                 727.518     0.369
A_01     ON A_05                 872.536     0.394
A_01     ON A_06                 777.666     0.391
A_01     ON A_01                 999.000     0.000

WITH Statements

A_03     WITH A_02               567.286    -1.265
A_04     WITH A_02               335.645     0.574
A_04     WITH A_03               666.177    -1.429
A_05     WITH A_02                90.016     0.287
A_05     WITH A_03               362.495     0.600
A_05     WITH A_04               662.712    -1.525
A_06     WITH A_02               296.349     0.550
A_06     WITH A_03                79.231     0.275
A_06     WITH A_04               362.599     0.643
A_06     WITH A_05               696.148    -1.595
A_01     WITH A_03               567.333     0.817
A_01     WITH A_04               352.020     0.636
A_01     WITH A_05               353.717     0.658
A_01     WITH A_06               207.396     0.541


TECHNICAL 1 OUTPUT


     PARAMETER SPECIFICATION


           NU
              A_02          A_03          A_04          A_05          A_06
              ________      ________      ________      ________      ________
 1                  0             0             0             0             0


           NU
              A_01
              ________
 1                  0


           LAMBDA
              A_02          A_03          A_04          A_05          A_06
              ________      ________      ________      ________      ________
 A_02               0             0             0             0             0
 A_03               0             0             0             0             0
 A_04               0             0             0             0             0
 A_05               0             0             0             0             0
 A_06               0             0             0             0             0
 A_01               0             0             0             0             0


           LAMBDA
              A_01
              ________
 A_02               0
 A_03               0
 A_04               0
 A_05               0
 A_06               0
 A_01               0


           THETA
              A_02          A_03          A_04          A_05          A_06
              ________      ________      ________      ________      ________
 A_02               0
 A_03               0             0
 A_04               0             0             0
 A_05               0             0             0             0
 A_06               0             0             0             0             0
 A_01               0             0             0             0             0


           THETA
              A_01
              ________
 A_01               0


           ALPHA
              A_02          A_03          A_04          A_05          A_06
              ________      ________      ________      ________      ________
 1                  1             2             3             4             5


           ALPHA
              A_01
              ________
 1                  6


           BETA
              A_02          A_03          A_04          A_05          A_06
              ________      ________      ________      ________      ________
 A_02               0             0             0             0             0
 A_03               8             0             0             0             0
 A_04               0             9             0             0             0
 A_05               0             0            10             0             0
 A_06               0             0             0            11             0
 A_01               0             0             0             0             0


           BETA
              A_01
              ________
 A_02               7
 A_03               0
 A_04               0
 A_05               0
 A_06               0
 A_01               0


           PSI
              A_02          A_03          A_04          A_05          A_06
              ________      ________      ________      ________      ________
 A_02              12
 A_03               0            13
 A_04               0             0            14
 A_05               0             0             0            15
 A_06               0             0             0             0            16
 A_01               0             0             0             0             0


           PSI
              A_01
              ________
 A_01              17


     STARTING VALUES


           NU
              A_02          A_03          A_04          A_05          A_06
              ________      ________      ________      ________      ________
 1              0.000         0.000         0.000         0.000         0.000


           NU
              A_01
              ________
 1              0.000


           LAMBDA
              A_02          A_03          A_04          A_05          A_06
              ________      ________      ________      ________      ________
 A_02           1.000         0.000         0.000         0.000         0.000
 A_03           0.000         1.000         0.000         0.000         0.000
 A_04           0.000         0.000         1.000         0.000         0.000
 A_05           0.000         0.000         0.000         1.000         0.000
 A_06           0.000         0.000         0.000         0.000         1.000
 A_01           0.000         0.000         0.000         0.000         0.000


           LAMBDA
              A_01
              ________
 A_02           0.000
 A_03           0.000
 A_04           0.000
 A_05           0.000
 A_06           0.000
 A_01           1.000


           THETA
              A_02          A_03          A_04          A_05          A_06
              ________      ________      ________      ________      ________
 A_02           0.000
 A_03           0.000         0.000
 A_04           0.000         0.000         0.000
 A_05           0.000         0.000         0.000         0.000
 A_06           0.000         0.000         0.000         0.000         0.000
 A_01           0.000         0.000         0.000         0.000         0.000


           THETA
              A_01
              ________
 A_01           0.000


           ALPHA
              A_02          A_03          A_04          A_05          A_06
              ________      ________      ________      ________      ________
 1              5.171         5.125         4.969         4.922         4.939


           ALPHA
              A_01
              ________
 1              5.264


           BETA
              A_02          A_03          A_04          A_05          A_06
              ________      ________      ________      ________      ________
 A_02           0.000         0.000         0.000         0.000         0.000
 A_03           0.000         0.000         0.000         0.000         0.000
 A_04           0.000         0.000         0.000         0.000         0.000
 A_05           0.000         0.000         0.000         0.000         0.000
 A_06           0.000         0.000         0.000         0.000         0.000
 A_01           0.000         0.000         0.000         0.000         0.000


           BETA
              A_01
              ________
 A_02           0.000
 A_03           0.000
 A_04           0.000
 A_05           0.000
 A_06           0.000
 A_01           0.000


           PSI
              A_02          A_03          A_04          A_05          A_06
              ________      ________      ________      ________      ________
 A_02           1.299
 A_03           0.000         1.356
 A_04           0.000         0.000         1.446
 A_05           0.000         0.000         0.000         1.485
 A_06           0.000         0.000         0.000         0.000         1.489
 A_01           0.000         0.000         0.000         0.000         0.000


           PSI
              A_01
              ________
 A_01           1.208


TECHNICAL 2 OUTPUT


     DERIVATIVES


           Derivatives With Respect to NU
              A_02          A_03          A_04          A_05          A_06
              ________      ________      ________      ________      ________
 1          0.000E+00     0.000E+00     0.000E+00     0.000E+00     0.000E+00


           Derivatives With Respect to NU
              A_01
              ________
 1          0.000E+00


           Derivatives With Respect to LAMBDA
              A_02          A_03          A_04          A_05          A_06
              ________      ________      ________      ________      ________
 A_02       0.000E+00     0.000E+00     0.000E+00     0.000E+00     0.000E+00
 A_03       0.000E+00     0.000E+00     0.000E+00     0.000E+00     0.000E+00
 A_04       0.000E+00     0.000E+00     0.000E+00     0.000E+00     0.000E+00
 A_05       0.000E+00     0.000E+00     0.000E+00     0.000E+00     0.000E+00
 A_06       0.000E+00     0.000E+00     0.000E+00     0.000E+00     0.000E+00
 A_01       0.000E+00     0.000E+00     0.000E+00     0.000E+00     0.000E+00


           Derivatives With Respect to LAMBDA
              A_01
              ________
 A_02       0.000E+00
 A_03       0.000E+00
 A_04       0.000E+00
 A_05       0.000E+00
 A_06       0.000E+00
 A_01       0.000E+00


           Derivatives With Respect to THETA
              A_02          A_03          A_04          A_05          A_06
              ________      ________      ________      ________      ________
 A_02       0.000E+00
 A_03       0.000E+00     0.000E+00
 A_04       0.000E+00     0.000E+00     0.000E+00
 A_05       0.000E+00     0.000E+00     0.000E+00     0.000E+00
 A_06       0.000E+00     0.000E+00     0.000E+00     0.000E+00     0.000E+00
 A_01       0.000E+00     0.000E+00     0.000E+00     0.000E+00     0.000E+00


           Derivatives With Respect to THETA
              A_01
              ________
 A_01       0.000E+00


           Derivatives With Respect to ALPHA
              A_02          A_03          A_04          A_05          A_06
              ________      ________      ________      ________      ________
 1         -0.706E-05     0.207E-05    -0.321E-05    -0.338E-05    -0.269E-04


           Derivatives With Respect to ALPHA
              A_01
              ________
 1          0.157E-04


           Derivatives With Respect to BETA
              A_02          A_03          A_04          A_05          A_06
              ________      ________      ________      ________      ________
 A_02       0.000E+00     0.000E+00     0.000E+00     0.000E+00     0.000E+00
 A_03       0.146E-04     0.000E+00     0.000E+00     0.000E+00     0.000E+00
 A_04       0.000E+00     0.836E-06     0.000E+00     0.000E+00     0.000E+00
 A_05       0.000E+00     0.000E+00     0.126E-05     0.000E+00     0.000E+00
 A_06       0.000E+00     0.000E+00     0.000E+00    -0.630E-04     0.000E+00
 A_01       0.000E+00     0.000E+00     0.000E+00     0.000E+00     0.000E+00


           Derivatives With Respect to BETA
              A_01
              ________
 A_02      -0.146E-04
 A_03       0.000E+00
 A_04       0.000E+00
 A_05       0.000E+00
 A_06       0.000E+00
 A_01       0.000E+00


           Derivatives With Respect to PSI
              A_02          A_03          A_04          A_05          A_06
              ________      ________      ________      ________      ________
 A_02      -0.814E-05
 A_03       0.000E+00    -0.836E-06
 A_04       0.000E+00     0.000E+00    -0.195E-05
 A_05       0.000E+00     0.000E+00     0.000E+00    -0.230E-05
 A_06       0.000E+00     0.000E+00     0.000E+00     0.000E+00    -0.370E-05
 A_01       0.000E+00     0.000E+00     0.000E+00     0.000E+00     0.000E+00


           Derivatives With Respect to PSI
              A_01
              ________
 A_01       0.640E-05


TECHNICAL 3 OUTPUT


           ESTIMATED COVARIANCE MATRIX FOR PARAMETER ESTIMATES
                     1             2             3             4             5
              ________      ________      ________      ________      ________
        1   0.434318D-02
        2   0.569256D-03  0.336315D-02
        3   0.462773D-03  0.629400D-03  0.375583D-02
        4   0.297945D-03  0.410777D-03  0.564370D-03  0.389911D-02
        5   0.265476D-03  0.246688D-03  0.396560D-03  0.725395D-03  0.473141D-02
        6  -0.108410D-03  0.848117D-04  0.101115D-03  0.974156D-04  0.824714D-04
        7  -0.763298D-03 -0.119447D-03 -0.820167D-04 -0.499528D-04 -0.352805D-04
        8  -0.108946D-03 -0.588019D-03 -0.125981D-03 -0.686567D-04 -0.355090D-04
        9  -0.837396D-04 -0.118223D-03 -0.651340D-03 -0.125436D-03 -0.610892D-04
       10  -0.571214D-04 -0.734751D-04 -0.108450D-03 -0.698583D-03 -0.171716D-03
       11  -0.521520D-04 -0.503411D-04 -0.744593D-04 -0.134540D-03 -0.844735D-03
       12   0.632779D-03  0.523527D-03 -0.266228D-04  0.226715D-04 -0.175446D-04
       13   0.208200D-03  0.301818D-03  0.447869D-03 -0.420296D-04 -0.142005D-04
       14  -0.353396D-04  0.214431D-03  0.234891D-03  0.849949D-03 -0.963365D-04
       15  -0.284692D-04 -0.125106D-03  0.170446D-03  0.422314D-03  0.126290D-02
       16  -0.773086D-04  0.133045D-05 -0.869080D-04  0.186138D-03  0.609994D-03
       17   0.397353D-03 -0.317743D-03 -0.242343D-03 -0.216669D-03 -0.185201D-03


           ESTIMATED COVARIANCE MATRIX FOR PARAMETER ESTIMATES
                     6             7             8             9            10
              ________      ________      ________      ________      ________
        6   0.331426D-03
        7   0.147661D-04  0.142064D-03
        8  -0.458252D-05  0.211450D-04  0.110545D-03
        9  -0.101622D-04  0.162697D-04  0.220811D-04  0.121644D-03
       10  -0.881828D-05  0.101688D-04  0.138016D-04  0.224519D-04  0.134948D-03
       11  -0.817640D-05  0.851701D-05  0.808204D-05  0.134339D-04  0.303132D-04
       12  -0.446097D-04 -0.113878D-03 -0.982996D-04  0.721293D-05 -0.283916D-05
       13  -0.241638D-04 -0.438437D-04 -0.572681D-04 -0.868221D-04  0.123383D-04
       14   0.616837D-05  0.537989D-05 -0.454930D-04 -0.542776D-04 -0.161092D-03
       15  -0.421771D-05  0.525264D-05  0.266467D-04 -0.424646D-04 -0.102356D-03
       16   0.917445D-05  0.172991D-04 -0.847742D-06  0.200938D-04 -0.522368D-04
       17  -0.519966D-04 -0.728389D-04  0.584531D-04  0.457469D-04  0.459268D-04


           ESTIMATED COVARIANCE MATRIX FOR PARAMETER ESTIMATES
                    11            12            13            14            15
              ________      ________      ________      ________      ________
       11   0.161143D-03
       12   0.695400D-05  0.129484D-02
       13   0.179868D-05  0.131039D-03  0.119345D-02
       14   0.238545D-04  0.738086D-04  0.999080D-04  0.165331D-02
       15  -0.236179D-03  0.151668D-04  0.774282D-04  0.191939D-03  0.195540D-02
       16  -0.114765D-03  0.698353D-04  0.553253D-04  0.920953D-04  0.421183D-03
       17   0.402581D-04  0.135286D-03  0.115016D-03  0.825033D-04  0.783075D-04


           ESTIMATED COVARIANCE MATRIX FOR PARAMETER ESTIMATES
                    16            17
              ________      ________
       16   0.177349D-02
       17   0.487060D-04  0.189483D-02


           ESTIMATED CORRELATION MATRIX FOR PARAMETER ESTIMATES
                     1             2             3             4             5
              ________      ________      ________      ________      ________
        1       1.000
        2       0.149         1.000
        3       0.115         0.177         1.000
        4       0.072         0.113         0.147         1.000
        5       0.059         0.062         0.094         0.169         1.000
        6      -0.090         0.080         0.091         0.086         0.066
        7      -0.972        -0.173        -0.112        -0.067        -0.043
        8      -0.157        -0.964        -0.196        -0.105        -0.049
        9      -0.115        -0.185        -0.964        -0.182        -0.081
       10      -0.075        -0.109        -0.152        -0.963        -0.215
       11      -0.062        -0.068        -0.096        -0.170        -0.967
       12       0.267         0.251        -0.012         0.010        -0.007
       13       0.091         0.151         0.212        -0.019        -0.006
       14      -0.013         0.091         0.094         0.335        -0.034
       15      -0.010        -0.049         0.063         0.153         0.415
       16      -0.028         0.001        -0.034         0.071         0.211
       17       0.139        -0.126        -0.091        -0.080        -0.062


           ESTIMATED CORRELATION MATRIX FOR PARAMETER ESTIMATES
                     6             7             8             9            10
              ________      ________      ________      ________      ________
        6       1.000
        7       0.068         1.000
        8      -0.024         0.169         1.000
        9      -0.051         0.124         0.190         1.000
       10      -0.042         0.073         0.113         0.175         1.000
       11      -0.035         0.056         0.061         0.096         0.206
       12      -0.068        -0.266        -0.260         0.018        -0.007
       13      -0.038        -0.106        -0.158        -0.228         0.031
       14       0.008         0.011        -0.106        -0.121        -0.341
       15      -0.005         0.010         0.057        -0.087        -0.199
       16       0.012         0.034        -0.002         0.043        -0.107
       17      -0.066        -0.140         0.128         0.095         0.091


           ESTIMATED CORRELATION MATRIX FOR PARAMETER ESTIMATES
                    11            12            13            14            15
              ________      ________      ________      ________      ________
       11       1.000
       12       0.015         1.000
       13       0.004         0.105         1.000
       14       0.046         0.050         0.071         1.000
       15      -0.421         0.010         0.051         0.107         1.000
       16      -0.215         0.046         0.038         0.054         0.226
       17       0.073         0.086         0.076         0.047         0.041


           ESTIMATED CORRELATION MATRIX FOR PARAMETER ESTIMATES
                    16            17
              ________      ________
       16       1.000
       17       0.027         1.000


     Beginning Time:  13:15:56
        Ending Time:  13:16:13
       Elapsed Time:  00:00:17



MUTHEN & MUTHEN
3463 Stoner Ave.
Los Angeles, CA  90066

Tel: (310) 391-9971
Fax: (310) 391-8971
Web: www.StatModel.com
Support: Support@StatModel.com

Copyright (c) 1998-2015 Muthen & Muthen
