Mplus VERSION 7.4 (Mac)
MUTHEN & MUTHEN
07/11/2017   1:16 PM

INPUT INSTRUCTIONS

  TITLE:
  LGM, quadratic
  DATA:
  File = wide-dataset-b.dat ;
  VARIABLE:
  NAMES are
   id hhid male birthyr_rand birthmo_rand race_rand hispanic_rand cohort
      raedyrs raedegrm memoryproblems_baseline memory_disease_ever age_baseline
      age_baseline_65 health_conditions_baseline healthcond_mean activity_mean_2004
      activity_mean_2006 activity_mean_2008 activity_mean_2010 activity_mean_2012
      activity_mean_2014 activity_sum_2004 activity_sum_2006 activity_sum_2008
      activity_sum_2010 activity_sum_2012 activity_sum_2014 close_social_network_2004
      close_social_network_2006 close_social_network_2008 close_social_network_2010
      close_social_network_2012 close_social_network_2014 countb20r_2004
      countb20r_2006 countb20r_2008 countb20r_2010 countb20r_2012 countb20r_2014
      crp_adj_2004 crp_adj_2006 crp_adj_2008 crp_adj_2010 crp_adj_2012 crp_adj_2014
      dep_total_2004 dep_total_2006 dep_total_2008 dep_total_2010 dep_total_2012
      dep_total_2014 exercise_2004 exercise_2006 exercise_2008 exercise_2010
      exercise_2012 exercise_2014 healthcond_2004 healthcond_2006 healthcond_2008
      healthcond_2010 healthcond_2012 healthcond_2014 hhres_2004 hhres_2006
      hhres_2008 hhres_2010 hhres_2012 hhres_2014 hrs_tscore_2004 hrs_tscore_2006
      hrs_tscore_2008 hrs_tscore_2010 hrs_tscore_2012 hrs_tscore_2014 intage_r_2004
      intage_r_2006 intage_r_2008 intage_r_2010 intage_r_2012 intage_r_2014
      interview_date_2004 interview_date_2006 interview_date_2008 interview_date_2010
      interview_date_2012 interview_date_2014 lb_65_wave_2004 lb_65_wave_2006
      lb_65_wave_2008 lb_65_wave_2010 lb_65_wave_2012 lb_65_wave_2014 lb_wave_2004
      lb_wave_2006 lb_wave_2008 lb_wave_2010 lb_wave_2012 lb_wave_2014 listassi_2004
      listassi_2006 listassi_2008 listassi_2010 listassi_2012 listassi_2014
      mentalstatus_tot_2004 mentalstatus_tot_2006 mentalstatus_tot_2008
      mentalstatus_tot_2010 mentalstatus_tot_2012 mentalstatus_tot_2014 proxy_2004
      proxy_2006 proxy_2008 proxy_2010 proxy_2012 proxy_2014 responded_2004
      responded_2006 responded_2008 responded_2010 responded_2012 responded_2014
      rmaritalst_2004 rmaritalst_2006 rmaritalst_2008 rmaritalst_2010 rmaritalst_2012
      rmaritalst_2014 rpartst_2004 rpartst_2006 rpartst_2008 rpartst_2010
      rpartst_2012 rpartst_2014 score_loneliness_11_2004 score_loneliness_11_2006
      score_loneliness_11_2008 score_loneliness_11_2010 score_loneliness_11_2012
      score_loneliness_11_2014 score_loneliness_3_2004 score_loneliness_3_2006
      score_loneliness_3_2008 score_loneliness_3_2010 score_loneliness_3_2012
      score_loneliness_3_2014 shhidpnr_2004 shhidpnr_2006 shhidpnr_2008 shhidpnr_2010
      shhidpnr_2012 shhidpnr_2014 snchild_2004 snchild_2006 snchild_2008 snchild_2010
      snchild_2012 snchild_2014 snfamily_2004 snfamily_2006 snfamily_2008
      snfamily_2010 snfamily_2012 snfamily_2014 snfriends_2004 snfriends_2006
      snfriends_2008 snfriends_2010 snfriends_2012 snfriends_2014 snspouse_2004
      snspouse_2006 snspouse_2008 snspouse_2010 snspouse_2012 snspouse_2014
      social_contact_total_2004 social_contact_total_2006 social_contact_total_2008
      social_contact_total_2010 social_contact_total_2012 social_contact_total_2014
      social_strain_mean_2004 social_strain_mean_2006 social_strain_mean_2008
      social_strain_mean_2010 social_strain_mean_2012 social_strain_mean_2014
      social_support_mean_2004 social_support_mean_2006 social_support_mean_2008
      social_support_mean_2010 social_support_mean_2012 social_support_mean_2014
      socialnetwork_total_2004 socialnetwork_total_2006 socialnetwork_total_2008
      socialnetwork_total_2010 socialnetwork_total_2012 socialnetwork_total_2014
      srmemory_2004 srmemory_2006 srmemory_2008 srmemory_2010 srmemory_2012
      srmemory_2014 srmemoryp_2004 srmemoryp_2006 srmemoryp_2008 srmemoryp_2010
      srmemoryp_2012 srmemoryp_2014 vocab_total_2004 vocab_total_2006 vocab_total_2008
      vocab_total_2010 vocab_total_2012 vocab_total_2014 wrectotd_2004 wrectotd_2006
      wrectotd_2008 wrectotd_2010 wrectotd_2012 wrectotd_2014 wrectoti_2004
      wrectoti_2006 wrectoti_2008 wrectoti_2010 wrectoti_2012 wrectoti_2014
  	;
  Missing are all(9999);
  USEVARIABLES are
  	!define the variables used in the analysis
  	!estimated time points
  a_01
  a_02
  a_03
  a_04
  a_05
  a_06
  	! covariates used in the model
   	;
  SUBPOPULATION are
  	!select a subset of observations

  memoryproblems_baseline EQ 0
  ;
  CLUSTER = hhid;
  DEFINE:
    ! centre baseline age
  a = age_baseline - 69;
  	! assign variables to the process (A)
  a_01=wrectoti_2004;
  a_02=wrectoti_2006;
  a_03=wrectoti_2008;
  a_04=wrectoti_2010;
  a_05=wrectoti_2012;
  a_06=wrectoti_2014;
  ANALYSIS:
  TYPE = COMPLEX RANDOM;
  COVERAGE=.00;
  H1ITERATIONS = 10000;
  MODEL:
  	!LGM
  	! assign process (A) to time points
  ia sa qa | a_01@0
  a_02@2
  a_03@4
  a_04@6
  a_05@8
  a_06@10 ;
  	! assign process (B) to time points
  qa@0
  	
  OUTPUT: SAMPSTAT MODINDICES (3.0); TECH1 TECH2 TECH3;;



*** WARNING in MODEL command
  All continuous latent variable covariances involving QA have been fixed to 0
  because the variance of QA is fixed at 0.
   1 WARNING(S) FOUND IN THE INPUT INSTRUCTIONS




LGM, quadratic

SUMMARY OF ANALYSIS

Number of groups                                                 1
Number of observations                                       11556

Number of dependent variables                                    6
Number of independent variables                                  0
Number of continuous latent variables                            3

Observed dependent variables

  Continuous
   A_01        A_02        A_03        A_04        A_05        A_06

Continuous latent variables
   IA          SA          QA

Variables with special functions

  Cluster variable      HHID

Estimator                                                      MLR
Information matrix                                        OBSERVED
Maximum number of iterations                                   100
Convergence criterion                                    0.100D-05
Maximum number of EM iterations                                500
Convergence criteria for the EM algorithm
  Loglikelihood change                                   0.100D-02
  Relative loglikelihood change                          0.100D-05
  Derivative                                             0.100D-03
Minimum variance                                         0.100D-03
Maximum number of steepest descent iterations                   20
Maximum number of iterations for H1                          10000
Convergence criterion for H1                             0.100D-03
Optimization algorithm                                         EMA

Input data file(s)
  wide-dataset-b.dat
Input data format  FREE


SUMMARY OF DATA

     Number of missing data patterns            62
     Number of clusters        8479



SAMPLE STATISTICS


     ESTIMATED SAMPLE STATISTICS


           Means
              A_01          A_02          A_03          A_04          A_05
              ________      ________      ________      ________      ________
 1              5.450         5.313         5.185         4.905         4.761


           Means
              A_06
              ________
 1              4.672


           Covariances
              A_01          A_02          A_03          A_04          A_05
              ________      ________      ________      ________      ________
 A_01           2.474
 A_02           1.301         2.646
 A_03           1.320         1.379         2.765
 A_04           1.262         1.458         1.442         3.011
 A_05           1.341         1.321         1.551         1.574         3.123
 A_06           1.279         1.520         1.499         1.713         1.683


           Covariances
              A_06
              ________
 A_06           3.213


           Correlations
              A_01          A_02          A_03          A_04          A_05
              ________      ________      ________      ________      ________
 A_01           1.000
 A_02           0.508         1.000
 A_03           0.505         0.510         1.000
 A_04           0.462         0.517         0.500         1.000
 A_05           0.482         0.459         0.528         0.513         1.000
 A_06           0.454         0.521         0.503         0.551         0.531


           Correlations
              A_06
              ________
 A_06           1.000


     MAXIMUM LOG-LIKELIHOOD VALUE FOR THE UNRESTRICTED (H1) MODEL IS -89720.326


UNIVARIATE SAMPLE STATISTICS


     UNIVARIATE HIGHER-ORDER MOMENT DESCRIPTIVE STATISTICS

         Variable/         Mean/     Skewness/   Minimum/ % with                Percentiles
        Sample Size      Variance    Kurtosis    Maximum  Min/Max      20%/60%    40%/80%    Median

     A_01                  5.264      -0.140       0.000    0.49%       4.000      5.000      5.000
            7215.000       2.416       0.318      10.000    0.30%       6.000      7.000
     A_02                  5.171      -0.064       0.000    0.43%       4.000      5.000      5.000
            8651.000       2.597       0.149      10.000    0.35%       6.000      6.000
     A_03                  5.125      -0.121       0.000    0.66%       4.000      5.000      5.000
            9254.000       2.712       0.186      10.000    0.29%       6.000      6.000
     A_04                  4.969      -0.196       0.000    1.25%       4.000      5.000      5.000
            8803.000       2.893       0.262      10.000    0.32%       5.000      6.000
     A_05                  4.922      -0.228       0.000    1.64%       4.000      5.000      5.000
            8604.000       2.970       0.322      10.000    0.30%       5.000      6.000
     A_06                  4.939      -0.129       0.000    1.20%       4.000      5.000      5.000
            7904.000       2.978       0.238      10.000    0.35%       5.000      6.000


THE MODEL ESTIMATION TERMINATED NORMALLY



MODEL FIT INFORMATION

Number of Free Parameters                       12

Loglikelihood

          H0 Value                      -89799.324
          H0 Scaling Correction Factor      1.3445
            for MLR
          H1 Value                      -89720.326
          H1 Scaling Correction Factor      1.2049
            for MLR

Information Criteria

          Akaike (AIC)                  179622.647
          Bayesian (BIC)                179710.907
          Sample-Size Adjusted BIC      179672.772
            (n* = (n + 2) / 24)

Chi-Square Test of Model Fit

          Value                            144.521*
          Degrees of Freedom                    15
          P-Value                           0.0000
          Scaling Correction Factor         1.0932
            for MLR

*   The chi-square value for MLM, MLMV, MLR, ULSMV, WLSM and WLSMV cannot be used
    for chi-square difference testing in the regular way.  MLM, MLR and WLSM
    chi-square difference testing is described on the Mplus website.  MLMV, WLSMV,
    and ULSMV difference testing is done using the DIFFTEST option.

RMSEA (Root Mean Square Error Of Approximation)

          Estimate                           0.027

CFI/TLI

          CFI                                0.989
          TLI                                0.989

Chi-Square Test of Model Fit for the Baseline Model

          Value                          11601.996
          Degrees of Freedom                    15
          P-Value                           0.0000

SRMR (Standardized Root Mean Square Residual)

          Value                              0.014



MODEL RESULTS

                                                    Two-Tailed
                    Estimate       S.E.  Est./S.E.    P-Value

 IA       |
    A_01               1.000      0.000    999.000    999.000
    A_02               1.000      0.000    999.000    999.000
    A_03               1.000      0.000    999.000    999.000
    A_04               1.000      0.000    999.000    999.000
    A_05               1.000      0.000    999.000    999.000
    A_06               1.000      0.000    999.000    999.000

 SA       |
    A_01               0.000      0.000    999.000    999.000
    A_02               2.000      0.000    999.000    999.000
    A_03               4.000      0.000    999.000    999.000
    A_04               6.000      0.000    999.000    999.000
    A_05               8.000      0.000    999.000    999.000
    A_06              10.000      0.000    999.000    999.000

 QA       |
    A_01               0.000      0.000    999.000    999.000
    A_02               4.000      0.000    999.000    999.000
    A_03              16.000      0.000    999.000    999.000
    A_04              36.000      0.000    999.000    999.000
    A_05              64.000      0.000    999.000    999.000
    A_06             100.000      0.000    999.000    999.000

 SA       WITH
    IA                 0.004      0.004      1.077      0.281

 Means
    IA                 5.477      0.017    321.168      0.000
    SA                -0.091      0.006    -15.748      0.000
    QA                 0.001      0.001      1.351      0.177

 Intercepts
    A_01               0.000      0.000    999.000    999.000
    A_02               0.000      0.000    999.000    999.000
    A_03               0.000      0.000    999.000    999.000
    A_04               0.000      0.000    999.000    999.000
    A_05               0.000      0.000    999.000    999.000
    A_06               0.000      0.000    999.000    999.000

 Variances
    IA                 1.298      0.034     37.964      0.000
    SA                 0.005      0.001      7.314      0.000
    QA                 0.000      0.000    999.000    999.000

 Residual Variances
    A_01               1.205      0.036     33.676      0.000
    A_02               1.289      0.029     43.865      0.000
    A_03               1.355      0.028     49.005      0.000
    A_04               1.467      0.036     40.803      0.000
    A_05               1.508      0.043     35.460      0.000
    A_06               1.378      0.038     35.964      0.000


QUALITY OF NUMERICAL RESULTS

     Condition Number for the Information Matrix              0.348E-03
       (ratio of smallest to largest eigenvalue)


MODEL MODIFICATION INDICES

NOTE:  Modification indices for direct effects of observed dependent variables
regressed on covariates may not be included.  To include these, request
MODINDICES (ALL).

Minimum M.I. value for printing the modification index     3.000

                                   M.I.     E.P.C.


BY Statements

IA       BY A_01                  15.485    -0.022
IA       BY A_03                  35.676     0.018
IA       BY A_04                  22.629    -0.015
IA       BY A_05                  10.830    -0.010
IA       BY A_06                  27.806     0.030
SA       BY A_01                   8.466     0.917
SA       BY A_03                  36.212    -1.024
SA       BY A_04                  32.649     1.011
SA       BY A_05                   5.057     0.402
SA       BY A_06                  24.092    -1.668
QA       BY A_01                  14.589  -162.371
QA       BY A_03                  36.519   134.463
QA       BY A_04                  24.438  -113.671
QA       BY A_05                   9.254   -68.699
QA       BY A_06                  27.222   230.393

WITH Statements

A_04     WITH A_01                 9.741    -0.073
A_04     WITH A_02                 7.205     0.058
A_04     WITH A_03                 6.264    -0.053
A_05     WITH A_01                 6.864     0.068
A_05     WITH A_02                36.222    -0.142
A_05     WITH A_03                18.159     0.096
A_06     WITH A_01                 3.380    -0.056
A_06     WITH A_02                17.271     0.107
A_06     WITH A_03                 9.560    -0.074
A_06     WITH A_04                16.125     0.101
A_06     WITH A_05                 9.820    -0.101

Variances/Residual Variances

QA                                 3.376     0.000

Means/Intercepts/Thresholds

[ A_01     ]                      14.589    -0.120
[ A_03     ]                      36.519     0.100
[ A_04     ]                      24.438    -0.084
[ A_05     ]                       9.254    -0.051
[ A_06     ]                      27.222     0.171


TECHNICAL 1 OUTPUT


     PARAMETER SPECIFICATION


           NU
              A_01          A_02          A_03          A_04          A_05
              ________      ________      ________      ________      ________
 1                  0             0             0             0             0


           NU
              A_06
              ________
 1                  0


           LAMBDA
              IA            SA            QA
              ________      ________      ________
 A_01               0             0             0
 A_02               0             0             0
 A_03               0             0             0
 A_04               0             0             0
 A_05               0             0             0
 A_06               0             0             0


           THETA
              A_01          A_02          A_03          A_04          A_05
              ________      ________      ________      ________      ________
 A_01               1
 A_02               0             2
 A_03               0             0             3
 A_04               0             0             0             4
 A_05               0             0             0             0             5
 A_06               0             0             0             0             0


           THETA
              A_06
              ________
 A_06               6


           ALPHA
              IA            SA            QA
              ________      ________      ________
 1                  7             8             9


           BETA
              IA            SA            QA
              ________      ________      ________
 IA                 0             0             0
 SA                 0             0             0
 QA                 0             0             0


           PSI
              IA            SA            QA
              ________      ________      ________
 IA                10
 SA                11            12
 QA                 0             0             0


     STARTING VALUES


           NU
              A_01          A_02          A_03          A_04          A_05
              ________      ________      ________      ________      ________
 1              0.000         0.000         0.000         0.000         0.000


           NU
              A_06
              ________
 1              0.000


           LAMBDA
              IA            SA            QA
              ________      ________      ________
 A_01           1.000         0.000         0.000
 A_02           1.000         2.000         4.000
 A_03           1.000         4.000        16.000
 A_04           1.000         6.000        36.000
 A_05           1.000         8.000        64.000
 A_06           1.000        10.000       100.000


           THETA
              A_01          A_02          A_03          A_04          A_05
              ________      ________      ________      ________      ________
 A_01           1.208
 A_02           0.000         1.299
 A_03           0.000         0.000         1.356
 A_04           0.000         0.000         0.000         1.446
 A_05           0.000         0.000         0.000         0.000         1.485
 A_06           0.000         0.000         0.000         0.000         0.000


           THETA
              A_06
              ________
 A_06           1.489


           ALPHA
              IA            SA            QA
              ________      ________      ________
 1              4.914        -0.135         0.000


           BETA
              IA            SA            QA
              ________      ________      ________
 IA             0.000         0.000         0.000
 SA             0.000         0.000         0.000
 QA             0.000         0.000         0.000


           PSI
              IA            SA            QA
              ________      ________      ________
 IA             2.536
 SA             0.000         1.612
 QA             0.000         0.000         0.000


TECHNICAL 2 OUTPUT


     DERIVATIVES


           Derivatives With Respect to NU
              A_01          A_02          A_03          A_04          A_05
              ________      ________      ________      ________      ________
 1          0.000E+00     0.000E+00     0.000E+00     0.000E+00     0.000E+00


           Derivatives With Respect to NU
              A_06
              ________
 1          0.000E+00


           Derivatives With Respect to LAMBDA
              IA            SA            QA
              ________      ________      ________
 A_01       0.000E+00     0.000E+00     0.000E+00
 A_02       0.000E+00     0.000E+00     0.000E+00
 A_03       0.000E+00     0.000E+00     0.000E+00
 A_04       0.000E+00     0.000E+00     0.000E+00
 A_05       0.000E+00     0.000E+00     0.000E+00
 A_06       0.000E+00     0.000E+00     0.000E+00


           Derivatives With Respect to THETA
              A_01          A_02          A_03          A_04          A_05
              ________      ________      ________      ________      ________
 A_01      -0.329E-06
 A_02       0.000E+00    -0.121E-06
 A_03       0.000E+00     0.000E+00    -0.667E-08
 A_04       0.000E+00     0.000E+00     0.000E+00     0.407E-07
 A_05       0.000E+00     0.000E+00     0.000E+00     0.000E+00    -0.710E-07
 A_06       0.000E+00     0.000E+00     0.000E+00     0.000E+00     0.000E+00


           Derivatives With Respect to THETA
              A_06
              ________
 A_06      -0.303E-06


           Derivatives With Respect to ALPHA
              IA            SA            QA
              ________      ________      ________
 1          0.270E-06    -0.833E-05    -0.785E-04


           Derivatives With Respect to BETA
              IA            SA            QA
              ________      ________      ________
 IA         0.000E+00     0.000E+00     0.000E+00
 SA         0.000E+00     0.000E+00     0.000E+00
 QA         0.000E+00     0.000E+00     0.000E+00


           Derivatives With Respect to PSI
              IA            SA            QA
              ________      ________      ________
 IA         0.264E-06
 SA         0.510E-05    -0.829E-04
 QA         0.000E+00     0.000E+00     0.000E+00


TECHNICAL 3 OUTPUT


           ESTIMATED COVARIANCE MATRIX FOR PARAMETER ESTIMATES
                     1             2             3             4             5
              ________      ________      ________      ________      ________
        1   0.127999D-02
        2   0.963002D-04  0.862846D-03
        3   0.409893D-04  0.122792D-04  0.764045D-03
        4   0.254811D-05  0.580890D-04 -0.158845D-04  0.129313D-02
        5   0.400036D-04 -0.497584D-04  0.730009D-04 -0.259334D-04  0.180740D-02
        6   0.143856D-03  0.825078D-04 -0.943067D-06  0.742862D-04  0.494066D-04
        7  -0.121510D-05 -0.119457D-04  0.549321D-06  0.208859D-04  0.334120D-04
        8   0.675536D-05  0.641223D-05 -0.643904D-05 -0.153774D-04 -0.118070D-04
        9  -0.734334D-06 -0.360771D-06  0.851844D-06  0.177444D-05  0.989675D-06
       10  -0.341063D-03 -0.168312D-03 -0.695193D-04 -0.137679D-04  0.552929D-05
       11   0.494203D-04  0.154340D-04  0.316944D-05 -0.416517D-05  0.391410D-06
       12  -0.716679D-05 -0.183095D-05 -0.215030D-06 -0.692151D-06 -0.313821D-05


           ESTIMATED COVARIANCE MATRIX FOR PARAMETER ESTIMATES
                     6             7             8             9            10
              ________      ________      ________      ________      ________
        6   0.146751D-02
        7   0.338459D-04  0.290812D-03
        8  -0.179706D-05 -0.562327D-04  0.332545D-04
        9  -0.402281D-06  0.423308D-05 -0.298593D-05  0.300655D-06
       10  -0.502541D-04  0.174356D-05 -0.139548D-04  0.129396D-05  0.116947D-02
       11   0.211521D-04  0.345221D-05 -0.325129D-06 -0.588886D-07 -0.780188D-04
       12  -0.842232D-05 -0.142466D-05  0.362301D-06 -0.313522D-07  0.587406D-05


           ESTIMATED COVARIANCE MATRIX FOR PARAMETER ESTIMATES
                    11            12
              ________      ________
       11   0.132383D-04
       12  -0.159683D-05  0.394015D-06


           ESTIMATED CORRELATION MATRIX FOR PARAMETER ESTIMATES
                     1             2             3             4             5
              ________      ________      ________      ________      ________
        1       1.000
        2       0.092         1.000
        3       0.041         0.015         1.000
        4       0.002         0.055        -0.016         1.000
        5       0.026        -0.040         0.062        -0.017         1.000
        6       0.105         0.073        -0.001         0.054         0.030
        7      -0.002        -0.024         0.001         0.034         0.046
        8       0.033         0.038        -0.040        -0.074        -0.048
        9      -0.037        -0.022         0.056         0.090         0.042
       10      -0.279        -0.168        -0.074        -0.011         0.004
       11       0.380         0.144         0.032        -0.032         0.003
       12      -0.319        -0.099        -0.012        -0.031        -0.118


           ESTIMATED CORRELATION MATRIX FOR PARAMETER ESTIMATES
                     6             7             8             9            10
              ________      ________      ________      ________      ________
        6       1.000
        7       0.052         1.000
        8      -0.008        -0.572         1.000
        9      -0.019         0.453        -0.944         1.000
       10      -0.038         0.003        -0.071         0.069         1.000
       11       0.152         0.056        -0.015        -0.030        -0.627
       12      -0.350        -0.133         0.100        -0.091         0.274


           ESTIMATED CORRELATION MATRIX FOR PARAMETER ESTIMATES
                    11            12
              ________      ________
       11       1.000
       12      -0.699         1.000


     Beginning Time:  13:16:23
        Ending Time:  13:16:34
       Elapsed Time:  00:00:11



MUTHEN & MUTHEN
3463 Stoner Ave.
Los Angeles, CA  90066

Tel: (310) 391-9971
Fax: (310) 391-8971
Web: www.StatModel.com
Support: Support@StatModel.com

Copyright (c) 1998-2015 Muthen & Muthen
