Mplus VERSION 7.4 (Mac)
MUTHEN & MUTHEN
01/14/2018   1:29 PM

INPUT INSTRUCTIONS

  TITLE:
  ALT, fixed regressions
  DATA:
  File = wide-dataset-b.dat ;
  VARIABLE:
  NAMES are
   id hhid male birthyr_rand birthmo_rand race_rand hispanic_rand cohort
      raedyrs raedegrm memoryproblems_baseline memory_disease_ever age_baseline
      age_baseline_65 health_conditions_baseline healthcond_mean activity_mean_2004
      activity_mean_2006 activity_mean_2008 activity_mean_2010 activity_mean_2012
      activity_mean_2014 activity_sum_2004 activity_sum_2006 activity_sum_2008
      activity_sum_2010 activity_sum_2012 activity_sum_2014 close_social_network_2004
      close_social_network_2006 close_social_network_2008 close_social_network_2010
      close_social_network_2012 close_social_network_2014 countb20r_2004
      countb20r_2006 countb20r_2008 countb20r_2010 countb20r_2012 countb20r_2014
      crp_adj_2004 crp_adj_2006 crp_adj_2008 crp_adj_2010 crp_adj_2012 crp_adj_2014
      dep_total_2004 dep_total_2006 dep_total_2008 dep_total_2010 dep_total_2012
      dep_total_2014 exercise_2004 exercise_2006 exercise_2008 exercise_2010
      exercise_2012 exercise_2014 healthcond_2004 healthcond_2006 healthcond_2008
      healthcond_2010 healthcond_2012 healthcond_2014 hhres_2004 hhres_2006
      hhres_2008 hhres_2010 hhres_2012 hhres_2014 hrs_tscore_2004 hrs_tscore_2006
      hrs_tscore_2008 hrs_tscore_2010 hrs_tscore_2012 hrs_tscore_2014 intage_r_2004
      intage_r_2006 intage_r_2008 intage_r_2010 intage_r_2012 intage_r_2014
      interview_date_2004 interview_date_2006 interview_date_2008 interview_date_2010
      interview_date_2012 interview_date_2014 lb_65_wave_2004 lb_65_wave_2006
      lb_65_wave_2008 lb_65_wave_2010 lb_65_wave_2012 lb_65_wave_2014 lb_wave_2004
      lb_wave_2006 lb_wave_2008 lb_wave_2010 lb_wave_2012 lb_wave_2014 listassi_2004
      listassi_2006 listassi_2008 listassi_2010 listassi_2012 listassi_2014
      mentalstatus_tot_2004 mentalstatus_tot_2006 mentalstatus_tot_2008
      mentalstatus_tot_2010 mentalstatus_tot_2012 mentalstatus_tot_2014 proxy_2004
      proxy_2006 proxy_2008 proxy_2010 proxy_2012 proxy_2014 responded_2004
      responded_2006 responded_2008 responded_2010 responded_2012 responded_2014
      rmaritalst_2004 rmaritalst_2006 rmaritalst_2008 rmaritalst_2010 rmaritalst_2012
      rmaritalst_2014 rpartst_2004 rpartst_2006 rpartst_2008 rpartst_2010
      rpartst_2012 rpartst_2014 score_loneliness_11_2004 score_loneliness_11_2006
      score_loneliness_11_2008 score_loneliness_11_2010 score_loneliness_11_2012
      score_loneliness_11_2014 score_loneliness_3_2004 score_loneliness_3_2006
      score_loneliness_3_2008 score_loneliness_3_2010 score_loneliness_3_2012
      score_loneliness_3_2014 shhidpnr_2004 shhidpnr_2006 shhidpnr_2008 shhidpnr_2010
      shhidpnr_2012 shhidpnr_2014 snchild_2004 snchild_2006 snchild_2008 snchild_2010
      snchild_2012 snchild_2014 snfamily_2004 snfamily_2006 snfamily_2008
      snfamily_2010 snfamily_2012 snfamily_2014 snfriends_2004 snfriends_2006
      snfriends_2008 snfriends_2010 snfriends_2012 snfriends_2014 snspouse_2004
      snspouse_2006 snspouse_2008 snspouse_2010 snspouse_2012 snspouse_2014
      social_contact_total_2004 social_contact_total_2006 social_contact_total_2008
      social_contact_total_2010 social_contact_total_2012 social_contact_total_2014
      social_strain_mean_2004 social_strain_mean_2006 social_strain_mean_2008
      social_strain_mean_2010 social_strain_mean_2012 social_strain_mean_2014
      social_support_mean_2004 social_support_mean_2006 social_support_mean_2008
      social_support_mean_2010 social_support_mean_2012 social_support_mean_2014
      socialnetwork_total_2004 socialnetwork_total_2006 socialnetwork_total_2008
      socialnetwork_total_2010 socialnetwork_total_2012 socialnetwork_total_2014
      srmemory_2004 srmemory_2006 srmemory_2008 srmemory_2010 srmemory_2012
      srmemory_2014 srmemoryp_2004 srmemoryp_2006 srmemoryp_2008 srmemoryp_2010
      srmemoryp_2012 srmemoryp_2014 vocab_total_2004 vocab_total_2006 vocab_total_2008
      vocab_total_2010 vocab_total_2012 vocab_total_2014 wrectotd_2004 wrectotd_2006
      wrectotd_2008 wrectotd_2010 wrectotd_2012 wrectotd_2014 wrectoti_2004
      wrectoti_2006 wrectoti_2008 wrectoti_2010 wrectoti_2012 wrectoti_2014
  	;
  Missing are all(9999);
  USEVARIABLES are
  	!define the variables used in the analysis
  	!estimated time points
  a_01
  a_02
  a_03
  a_04
  a_05
  a_06
  	! covariates used in the model
   	;
  SUBPOPULATION are
  	!select a subset of observations
  age_baseline > 64 AND
  memory_disease_ever EQ 0
  ;
  CLUSTER = hhid;
  DEFINE:
    ! centre baseline age
  a = age_baseline - 69;
  	! assign variables to the process (A)
  a_01=score_loneliness_3_2004;
  a_02=score_loneliness_3_2006;
  a_03=score_loneliness_3_2008;
  a_04=score_loneliness_3_2010;
  a_05=score_loneliness_3_2012;
  a_06=score_loneliness_3_2014;
  ANALYSIS:
  TYPE = COMPLEX RANDOM;
  COVERAGE=.00;
  H1ITERATIONS = 10000;
  MODEL:
  	!LGM part
  	! assign process (A) to time points
  ia sa | a_02@0 a_03@2 a_04@4 a_05@6 a_06@8;
  	!autoregressive part
  a_01;
  a_02 ON a_01(1);
  a_03 ON a_02(1);
  a_04 ON a_03(1);
  a_05 ON a_04(1);
  a_06 ON a_05(1);
  	
  OUTPUT: SAMPSTAT MODINDICES (3.0); TECH1 TECH2 TECH3;;



INPUT READING TERMINATED NORMALLY




ALT, fixed regressions

SUMMARY OF ANALYSIS

Number of groups                                                 1
Number of observations                                        5952

Number of dependent variables                                    5
Number of independent variables                                  1
Number of continuous latent variables                            2

Observed dependent variables

  Continuous
   A_02        A_03        A_04        A_05        A_06

Observed independent variables
   A_01

Continuous latent variables
   IA          SA

Variables with special functions

  Cluster variable      HHID

Estimator                                                      MLR
Information matrix                                        OBSERVED
Maximum number of iterations                                   100
Convergence criterion                                    0.100D-05
Maximum number of EM iterations                                500
Convergence criteria for the EM algorithm
  Loglikelihood change                                   0.100D-02
  Relative loglikelihood change                          0.100D-05
  Derivative                                             0.100D-03
Minimum variance                                         0.100D-03
Maximum number of steepest descent iterations                   20
Maximum number of iterations for H1                          10000
Convergence criterion for H1                             0.100D-03
Optimization algorithm                                         EMA

Input data file(s)
  wide-dataset-b.dat
Input data format  FREE


SUMMARY OF DATA

     Number of missing data patterns            28
     Number of clusters        4882



SAMPLE STATISTICS


     ESTIMATED SAMPLE STATISTICS


           Means
              A_02          A_03          A_04          A_05          A_06
              ________      ________      ________      ________      ________
 1              1.434         1.439         1.438         1.468         1.454


           Means
              A_01
              ________
 1              1.379


           Covariances
              A_02          A_03          A_04          A_05          A_06
              ________      ________      ________      ________      ________
 A_02           0.258
 A_03           0.091         0.266
 A_04           0.143         0.063         0.262
 A_05           0.064         0.148         0.004         0.256
 A_06           0.133         0.132         0.148         0.089         0.264
 A_01           0.142         0.123         0.113         0.121         0.114


           Covariances
              A_01
              ________
 A_01           0.230


           Correlations
              A_02          A_03          A_04          A_05          A_06
              ________      ________      ________      ________      ________
 A_02           1.000
 A_03           0.349         1.000
 A_04           0.548         0.239         1.000
 A_05           0.251         0.567         0.014         1.000
 A_06           0.510         0.498         0.564         0.342         1.000
 A_01           0.582         0.498         0.460         0.498         0.461


           Correlations
              A_01
              ________
 A_01           1.000


     MAXIMUM LOG-LIKELIHOOD VALUE FOR THE UNRESTRICTED (H1) MODEL IS -8463.679


UNIVARIATE SAMPLE STATISTICS


     UNIVARIATE HIGHER-ORDER MOMENT DESCRIPTIVE STATISTICS

         Variable/         Mean/     Skewness/   Minimum/ % with                Percentiles
        Sample Size      Variance    Kurtosis    Maximum  Min/Max      20%/60%    40%/80%    Median

     A_02                  1.432       1.083       1.000   45.40%       1.000      1.000      1.333
            2771.000       0.259       0.516       3.000    2.24%       1.333      2.000
     A_03                  1.437       1.063       1.000   45.38%       1.000      1.000      1.333
            2719.000       0.265       0.388       3.000    2.02%       1.333      2.000
     A_04                  1.428       1.148       1.000   45.05%       1.000      1.000      1.333
            2617.000       0.260       0.655       3.000    2.25%       1.333      2.000
     A_05                  1.455       0.975       1.000   41.23%       1.000      1.000      1.333
            2219.000       0.251       0.285       3.000    1.89%       1.333      2.000
     A_06                  1.429       1.081       1.000   44.93%       1.000      1.000      1.333
            2010.000       0.256       0.406       3.000    1.74%       1.333      2.000
     A_01                  1.353       1.282       1.000   53.05%       1.000      1.000      1.000
            1050.000       0.223       0.886       3.000    1.05%       1.333      1.667


THE MODEL ESTIMATION TERMINATED NORMALLY



MODEL FIT INFORMATION

Number of Free Parameters                       15

Loglikelihood

          H0 Value                       -8472.144
          H0 Scaling Correction Factor      1.5401
            for MLR
          H1 Value                       -8463.679
          H1 Scaling Correction Factor      1.2476
            for MLR

Information Criteria

          Akaike (AIC)                   16974.288
          Bayesian (BIC)                 17074.661
          Sample-Size Adjusted BIC       17026.995
            (n* = (n + 2) / 24)

Chi-Square Test of Model Fit

          Value                             19.197*
          Degrees of Freedom                    12
          P-Value                           0.0839
          Scaling Correction Factor         0.8820
            for MLR

*   The chi-square value for MLM, MLMV, MLR, ULSMV, WLSM and WLSMV cannot be used
    for chi-square difference testing in the regular way.  MLM, MLR and WLSM
    chi-square difference testing is described on the Mplus website.  MLMV, WLSMV,
    and ULSMV difference testing is done using the DIFFTEST option.

RMSEA (Root Mean Square Error Of Approximation)

          Estimate                           0.010

CFI/TLI

          CFI                                0.997
          TLI                                0.996

Chi-Square Test of Model Fit for the Baseline Model

          Value                           2152.497
          Degrees of Freedom                    15
          P-Value                           0.0000

SRMR (Standardized Root Mean Square Residual)

          Value                              0.176



MODEL RESULTS

                                                    Two-Tailed
                    Estimate       S.E.  Est./S.E.    P-Value

 IA       |
    A_02               1.000      0.000    999.000    999.000
    A_03               1.000      0.000    999.000    999.000
    A_04               1.000      0.000    999.000    999.000
    A_05               1.000      0.000    999.000    999.000
    A_06               1.000      0.000    999.000    999.000

 SA       |
    A_02               0.000      0.000    999.000    999.000
    A_03               2.000      0.000    999.000    999.000
    A_04               4.000      0.000    999.000    999.000
    A_05               6.000      0.000    999.000    999.000
    A_06               8.000      0.000    999.000    999.000

 A_02       ON
    A_01               0.020      0.173      0.114      0.909

 A_03       ON
    A_02               0.020      0.173      0.114      0.909

 A_04       ON
    A_03               0.020      0.173      0.114      0.909

 A_05       ON
    A_04               0.020      0.173      0.114      0.909

 A_06       ON
    A_05               0.020      0.173      0.114      0.909

 SA       WITH
    IA                -0.003      0.002     -1.212      0.225

 A_01     WITH
    IA                 0.131      0.036      3.684      0.000
    SA                -0.003      0.003     -1.029      0.304

 Means
    A_01               1.379      0.014    100.176      0.000
    IA                 1.406      0.242      5.801      0.000
    SA                 0.003      0.002      1.857      0.063

 Intercepts
    A_02               0.000      0.000    999.000    999.000
    A_03               0.000      0.000    999.000    999.000
    A_04               0.000      0.000    999.000    999.000
    A_05               0.000      0.000    999.000    999.000
    A_06               0.000      0.000    999.000    999.000

 Variances
    A_01               0.230      0.011     20.209      0.000
    IA                 0.149      0.054      2.746      0.006
    SA                 0.001      0.001      1.436      0.151

 Residual Variances
    A_02               0.103      0.013      8.203      0.000
    A_03               0.117      0.008     15.213      0.000
    A_04               0.118      0.007     17.127      0.000
    A_05               0.098      0.009     11.459      0.000
    A_06               0.098      0.013      7.405      0.000


QUALITY OF NUMERICAL RESULTS

     Condition Number for the Information Matrix              0.641E-04
       (ratio of smallest to largest eigenvalue)


MODEL MODIFICATION INDICES

NOTE:  Modification indices for direct effects of observed dependent variables
regressed on covariates may not be included.  To include these, request
MODINDICES (ALL).

Minimum M.I. value for printing the modification index     3.000

                                   M.I.     E.P.C.


ON/BY Statements

A_02     ON SA       /
SA       BY A_02                   3.209    -7.866
A_05     ON IA       /
IA       BY A_05                   4.338     0.015

ON Statements

A_05     ON A_02                   4.344     0.014
A_05     ON A_03                   4.608     0.014
A_05     ON A_04                   4.058     0.028
A_05     ON A_05                   4.271     0.014
A_05     ON A_06                   4.219     0.014
A_05     ON A_01                   4.440     0.015
A_01     ON A_02                  14.047     0.708

WITH Statements

A_05     WITH A_04                23.745    -0.322
A_01     WITH A_02                14.035     0.073

Means/Intercepts/Thresholds

[ A_05     ]                       3.972     0.020


TECHNICAL 1 OUTPUT


     PARAMETER SPECIFICATION


           NU
              A_02          A_03          A_04          A_05          A_06
              ________      ________      ________      ________      ________
 1                  0             0             0             0             0


           NU
              A_01
              ________
 1                  0


           LAMBDA
              IA            SA            A_02          A_03          A_04
              ________      ________      ________      ________      ________
 A_02               0             0             0             0             0
 A_03               0             0             0             0             0
 A_04               0             0             0             0             0
 A_05               0             0             0             0             0
 A_06               0             0             0             0             0
 A_01               0             0             0             0             0


           LAMBDA
              A_05          A_06          A_01
              ________      ________      ________
 A_02               0             0             0
 A_03               0             0             0
 A_04               0             0             0
 A_05               0             0             0
 A_06               0             0             0
 A_01               0             0             0


           THETA
              A_02          A_03          A_04          A_05          A_06
              ________      ________      ________      ________      ________
 A_02               0
 A_03               0             0
 A_04               0             0             0
 A_05               0             0             0             0
 A_06               0             0             0             0             0
 A_01               0             0             0             0             0


           THETA
              A_01
              ________
 A_01               0


           ALPHA
              IA            SA            A_02          A_03          A_04
              ________      ________      ________      ________      ________
 1                  1             2             0             0             0


           ALPHA
              A_05          A_06          A_01
              ________      ________      ________
 1                  0             0             3


           BETA
              IA            SA            A_02          A_03          A_04
              ________      ________      ________      ________      ________
 IA                 0             0             0             0             0
 SA                 0             0             0             0             0
 A_02               0             0             0             0             0
 A_03               0             0             4             0             0
 A_04               0             0             0             4             0
 A_05               0             0             0             0             4
 A_06               0             0             0             0             0
 A_01               0             0             0             0             0


           BETA
              A_05          A_06          A_01
              ________      ________      ________
 IA                 0             0             0
 SA                 0             0             0
 A_02               0             0             4
 A_03               0             0             0
 A_04               0             0             0
 A_05               0             0             0
 A_06               4             0             0
 A_01               0             0             0


           PSI
              IA            SA            A_02          A_03          A_04
              ________      ________      ________      ________      ________
 IA                 5
 SA                 6             7
 A_02               0             0             8
 A_03               0             0             0             9
 A_04               0             0             0             0            10
 A_05               0             0             0             0             0
 A_06               0             0             0             0             0
 A_01              13            14             0             0             0


           PSI
              A_05          A_06          A_01
              ________      ________      ________
 A_05              11
 A_06               0            12
 A_01               0             0            15


     STARTING VALUES


           NU
              A_02          A_03          A_04          A_05          A_06
              ________      ________      ________      ________      ________
 1              0.000         0.000         0.000         0.000         0.000


           NU
              A_01
              ________
 1              0.000


           LAMBDA
              IA            SA            A_02          A_03          A_04
              ________      ________      ________      ________      ________
 A_02           0.000         0.000         1.000         0.000         0.000
 A_03           0.000         0.000         0.000         1.000         0.000
 A_04           0.000         0.000         0.000         0.000         1.000
 A_05           0.000         0.000         0.000         0.000         0.000
 A_06           0.000         0.000         0.000         0.000         0.000
 A_01           0.000         0.000         0.000         0.000         0.000


           LAMBDA
              A_05          A_06          A_01
              ________      ________      ________
 A_02           0.000         0.000         0.000
 A_03           0.000         0.000         0.000
 A_04           0.000         0.000         0.000
 A_05           1.000         0.000         0.000
 A_06           0.000         1.000         0.000
 A_01           0.000         0.000         1.000


           THETA
              A_02          A_03          A_04          A_05          A_06
              ________      ________      ________      ________      ________
 A_02           0.000
 A_03           0.000         0.000
 A_04           0.000         0.000         0.000
 A_05           0.000         0.000         0.000         0.000
 A_06           0.000         0.000         0.000         0.000         0.000
 A_01           0.000         0.000         0.000         0.000         0.000


           THETA
              A_01
              ________
 A_01           0.000


           ALPHA
              IA            SA            A_02          A_03          A_04
              ________      ________      ________      ________      ________
 1              1.440         0.006         0.000         0.000         0.000


           ALPHA
              A_05          A_06          A_01
              ________      ________      ________
 1              0.000         0.000         1.353


           BETA
              IA            SA            A_02          A_03          A_04
              ________      ________      ________      ________      ________
 IA             0.000         0.000         0.000         0.000         0.000
 SA             0.000         0.000         0.000         0.000         0.000
 A_02           1.000         0.000         0.000         0.000         0.000
 A_03           1.000         2.000         0.000         0.000         0.000
 A_04           1.000         4.000         0.000         0.000         0.000
 A_05           1.000         6.000         0.000         0.000         0.000
 A_06           1.000         8.000         0.000         0.000         0.000
 A_01           0.000         0.000         0.000         0.000         0.000


           BETA
              A_05          A_06          A_01
              ________      ________      ________
 IA             0.000         0.000         0.000
 SA             0.000         0.000         0.000
 A_02           0.000         0.000         0.000
 A_03           0.000         0.000         0.000
 A_04           0.000         0.000         0.000
 A_05           0.000         0.000         0.000
 A_06           0.000         0.000         0.000
 A_01           0.000         0.000         0.000


           PSI
              IA            SA            A_02          A_03          A_04
              ________      ________      ________      ________      ________
 IA             0.299
 SA             0.000         0.013
 A_02           0.000         0.000         0.129
 A_03           0.000         0.000         0.000         0.132
 A_04           0.000         0.000         0.000         0.000         0.130
 A_05           0.000         0.000         0.000         0.000         0.000
 A_06           0.000         0.000         0.000         0.000         0.000
 A_01           0.000         0.000         0.000         0.000         0.000


           PSI
              A_05          A_06          A_01
              ________      ________      ________
 A_05           0.126
 A_06           0.000         0.128
 A_01           0.000         0.000         0.111


TECHNICAL 2 OUTPUT


     DERIVATIVES


           Derivatives With Respect to NU
              A_02          A_03          A_04          A_05          A_06
              ________      ________      ________      ________      ________
 1          0.000E+00     0.000E+00     0.000E+00     0.000E+00     0.000E+00


           Derivatives With Respect to NU
              A_01
              ________
 1          0.000E+00


           Derivatives With Respect to LAMBDA
              IA            SA            A_02          A_03          A_04
              ________      ________      ________      ________      ________
 A_02       0.000E+00     0.000E+00     0.000E+00     0.000E+00     0.000E+00
 A_03       0.000E+00     0.000E+00     0.000E+00     0.000E+00     0.000E+00
 A_04       0.000E+00     0.000E+00     0.000E+00     0.000E+00     0.000E+00
 A_05       0.000E+00     0.000E+00     0.000E+00     0.000E+00     0.000E+00
 A_06       0.000E+00     0.000E+00     0.000E+00     0.000E+00     0.000E+00
 A_01       0.000E+00     0.000E+00     0.000E+00     0.000E+00     0.000E+00


           Derivatives With Respect to LAMBDA
              A_05          A_06          A_01
              ________      ________      ________
 A_02       0.000E+00     0.000E+00     0.000E+00
 A_03       0.000E+00     0.000E+00     0.000E+00
 A_04       0.000E+00     0.000E+00     0.000E+00
 A_05       0.000E+00     0.000E+00     0.000E+00
 A_06       0.000E+00     0.000E+00     0.000E+00
 A_01       0.000E+00     0.000E+00     0.000E+00


           Derivatives With Respect to THETA
              A_02          A_03          A_04          A_05          A_06
              ________      ________      ________      ________      ________
 A_02       0.000E+00
 A_03       0.000E+00     0.000E+00
 A_04       0.000E+00     0.000E+00     0.000E+00
 A_05       0.000E+00     0.000E+00     0.000E+00     0.000E+00
 A_06       0.000E+00     0.000E+00     0.000E+00     0.000E+00     0.000E+00
 A_01       0.000E+00     0.000E+00     0.000E+00     0.000E+00     0.000E+00


           Derivatives With Respect to THETA
              A_01
              ________
 A_01       0.000E+00


           Derivatives With Respect to ALPHA
              IA            SA            A_02          A_03          A_04
              ________      ________      ________      ________      ________
 1         -0.358E-07    -0.170E-06     0.000E+00     0.000E+00     0.000E+00


           Derivatives With Respect to ALPHA
              A_05          A_06          A_01
              ________      ________      ________
 1          0.000E+00     0.000E+00     0.115E-06


           Derivatives With Respect to BETA
              IA            SA            A_02          A_03          A_04
              ________      ________      ________      ________      ________
 IA         0.000E+00     0.000E+00     0.000E+00     0.000E+00     0.000E+00
 SA         0.000E+00     0.000E+00     0.000E+00     0.000E+00     0.000E+00
 A_02       0.000E+00     0.000E+00     0.000E+00     0.000E+00     0.000E+00
 A_03       0.000E+00     0.000E+00    -0.509E-05     0.000E+00     0.000E+00
 A_04       0.000E+00     0.000E+00     0.000E+00    -0.509E-05     0.000E+00
 A_05       0.000E+00     0.000E+00     0.000E+00     0.000E+00    -0.509E-05
 A_06       0.000E+00     0.000E+00     0.000E+00     0.000E+00     0.000E+00
 A_01       0.000E+00     0.000E+00     0.000E+00     0.000E+00     0.000E+00


           Derivatives With Respect to BETA
              A_05          A_06          A_01
              ________      ________      ________
 IA         0.000E+00     0.000E+00     0.000E+00
 SA         0.000E+00     0.000E+00     0.000E+00
 A_02       0.000E+00     0.000E+00    -0.509E-05
 A_03       0.000E+00     0.000E+00     0.000E+00
 A_04       0.000E+00     0.000E+00     0.000E+00
 A_05       0.000E+00     0.000E+00     0.000E+00
 A_06      -0.509E-05     0.000E+00     0.000E+00
 A_01       0.000E+00     0.000E+00     0.000E+00


           Derivatives With Respect to PSI
              IA            SA            A_02          A_03          A_04
              ________      ________      ________      ________      ________
 IA        -0.963E-05
 SA         0.622E-04     0.972E-04
 A_02       0.000E+00     0.000E+00    -0.285E-06
 A_03       0.000E+00     0.000E+00     0.000E+00     0.543E-05
 A_04       0.000E+00     0.000E+00     0.000E+00     0.000E+00     0.379E-05
 A_05       0.000E+00     0.000E+00     0.000E+00     0.000E+00     0.000E+00
 A_06       0.000E+00     0.000E+00     0.000E+00     0.000E+00     0.000E+00
 A_01       0.154E-04    -0.865E-04     0.000E+00     0.000E+00     0.000E+00


           Derivatives With Respect to PSI
              A_05          A_06          A_01
              ________      ________      ________
 A_05       0.162E-05
 A_06       0.000E+00    -0.209E-07
 A_01       0.000E+00     0.000E+00    -0.546E-05


TECHNICAL 3 OUTPUT


           ESTIMATED COVARIANCE MATRIX FOR PARAMETER ESTIMATES
                     1             2             3             4             5
              ________      ________      ________      ________      ________
        1   0.587250D-01
        2   0.308803D-03  0.321126D-05
        3  -0.675261D-03 -0.425249D-05  0.189521D-03
        4  -0.417837D-01 -0.223795D-03  0.497885D-03  0.297582D-01
        5   0.129595D-01  0.669564D-04 -0.143657D-03 -0.921466D-02  0.295890D-02
        6  -0.327004D-03 -0.144674D-05  0.336201D-05  0.232015D-03 -0.864561D-04
        7   0.106995D-03  0.598446D-06 -0.115638D-05 -0.762059D-04  0.258615D-04
        8  -0.170769D-02 -0.985913D-05  0.254071D-04  0.122172D-02 -0.459738D-03
        9   0.239282D-03  0.792954D-06 -0.313792D-05 -0.164022D-03  0.616207D-05
       10   0.543625D-03  0.269960D-05 -0.518094D-05 -0.381865D-03  0.120809D-03
       11  -0.688627D-03 -0.397001D-05  0.859419D-05  0.492732D-03 -0.153480D-03
       12  -0.127999D-02 -0.636062D-05  0.164816D-04  0.912659D-03 -0.310896D-03
       13   0.838304D-02  0.434796D-04 -0.555449D-04 -0.596002D-02  0.186841D-02
       14  -0.588715D-03 -0.281928D-05  0.860538D-05  0.418336D-03 -0.132112D-03
       15  -0.344946D-03 -0.200980D-05  0.115517D-03  0.254073D-03 -0.705625D-04


           ESTIMATED COVARIANCE MATRIX FOR PARAMETER ESTIMATES
                     6             7             8             9            10
              ________      ________      ________      ________      ________
        6   0.432875D-05
        7  -0.104835D-05  0.318016D-06
        8   0.230489D-04 -0.564306D-05  0.157656D-03
        9   0.509732D-05 -0.481542D-06  0.291818D-04  0.594252D-04
       10  -0.385841D-05  0.107551D-05 -0.172141D-04  0.343530D-07  0.476764D-04
       11   0.464654D-05 -0.240551D-05  0.264669D-04 -0.648011D-05 -0.355610D-05
       12   0.142725D-04 -0.544232D-05  0.812751D-04  0.299260D-05 -0.104181D-04
       13  -0.485710D-04  0.154803D-04 -0.253522D-03  0.292200D-04  0.787803D-04
       14   0.364858D-05 -0.109077D-05  0.186130D-04 -0.180976D-05 -0.587151D-05
       15   0.177305D-05 -0.574337D-06  0.135415D-04 -0.181753D-05 -0.288642D-05


           ESTIMATED COVARIANCE MATRIX FOR PARAMETER ESTIMATES
                    11            12            13            14            15
              ________      ________      ________      ________      ________
       11   0.733631D-04
       12   0.615997D-04  0.176517D-03
       13  -0.980160D-04 -0.183809D-03  0.126926D-02
       14   0.643100D-05  0.118755D-04 -0.908892D-04  0.809966D-05
       15   0.362199D-05  0.636863D-05 -0.393334D-05  0.475422D-05  0.129510D-03


           ESTIMATED CORRELATION MATRIX FOR PARAMETER ESTIMATES
                     1             2             3             4             5
              ________      ________      ________      ________      ________
        1       1.000
        2       0.711         1.000
        3      -0.202        -0.172         1.000
        4      -1.000        -0.724         0.210         1.000
        5       0.983         0.687        -0.192        -0.982         1.000
        6      -0.649        -0.388         0.117         0.646        -0.764
        7       0.783         0.592        -0.149        -0.783         0.843
        8      -0.561        -0.438         0.147         0.564        -0.673
        9       0.128         0.057        -0.030        -0.123         0.015
       10       0.325         0.218        -0.055        -0.321         0.322
       11      -0.332        -0.259         0.073         0.333        -0.329
       12      -0.398        -0.267         0.090         0.398        -0.430
       13       0.971         0.681        -0.113        -0.970         0.964
       14      -0.854        -0.553         0.220         0.852        -0.853
       15      -0.125        -0.099         0.737         0.129        -0.114


           ESTIMATED CORRELATION MATRIX FOR PARAMETER ESTIMATES
                     6             7             8             9            10
              ________      ________      ________      ________      ________
        6       1.000
        7      -0.894         1.000
        8       0.882        -0.797         1.000
        9       0.318        -0.111         0.301         1.000
       10      -0.269         0.276        -0.199         0.001         1.000
       11       0.261        -0.498         0.246        -0.098        -0.060
       12       0.516        -0.726         0.487         0.029        -0.114
       13      -0.655         0.771        -0.567         0.106         0.320
       14       0.616        -0.680         0.521        -0.082        -0.299
       15       0.075        -0.089         0.095        -0.021        -0.037


           ESTIMATED CORRELATION MATRIX FOR PARAMETER ESTIMATES
                    11            12            13            14            15
              ________      ________      ________      ________      ________
       11       1.000
       12       0.541         1.000
       13      -0.321        -0.388         1.000
       14       0.264         0.314        -0.896         1.000
       15       0.037         0.042        -0.010         0.147         1.000


     Beginning Time:  13:29:37
        Ending Time:  13:30:41
       Elapsed Time:  00:01:04



MUTHEN & MUTHEN
3463 Stoner Ave.
Los Angeles, CA  90066

Tel: (310) 391-9971
Fax: (310) 391-8971
Web: www.StatModel.com
Support: Support@StatModel.com

Copyright (c) 1998-2015 Muthen & Muthen
