Mplus VERSION 7.4 (Mac)
MUTHEN & MUTHEN
07/18/2017  11:59 AM

INPUT INSTRUCTIONS

  TITLE:
  ALT, fixed regressions
  DATA:
  File = wide-dataset-b.dat ;
  VARIABLE:
  NAMES are
   id hhid male birthyr_rand birthmo_rand race_rand hispanic_rand cohort
      raedyrs raedegrm memoryproblems_baseline memory_disease_ever age_baseline
      age_baseline_65 health_conditions_baseline healthcond_mean activity_mean_2004
      activity_mean_2006 activity_mean_2008 activity_mean_2010 activity_mean_2012
      activity_mean_2014 activity_sum_2004 activity_sum_2006 activity_sum_2008
      activity_sum_2010 activity_sum_2012 activity_sum_2014 close_social_network_2004
      close_social_network_2006 close_social_network_2008 close_social_network_2010
      close_social_network_2012 close_social_network_2014 countb20r_2004
      countb20r_2006 countb20r_2008 countb20r_2010 countb20r_2012 countb20r_2014
      crp_adj_2004 crp_adj_2006 crp_adj_2008 crp_adj_2010 crp_adj_2012 crp_adj_2014
      dep_total_2004 dep_total_2006 dep_total_2008 dep_total_2010 dep_total_2012
      dep_total_2014 exercise_2004 exercise_2006 exercise_2008 exercise_2010
      exercise_2012 exercise_2014 healthcond_2004 healthcond_2006 healthcond_2008
      healthcond_2010 healthcond_2012 healthcond_2014 hhres_2004 hhres_2006
      hhres_2008 hhres_2010 hhres_2012 hhres_2014 hrs_tscore_2004 hrs_tscore_2006
      hrs_tscore_2008 hrs_tscore_2010 hrs_tscore_2012 hrs_tscore_2014 intage_r_2004
      intage_r_2006 intage_r_2008 intage_r_2010 intage_r_2012 intage_r_2014
      interview_date_2004 interview_date_2006 interview_date_2008 interview_date_2010
      interview_date_2012 interview_date_2014 lb_65_wave_2004 lb_65_wave_2006
      lb_65_wave_2008 lb_65_wave_2010 lb_65_wave_2012 lb_65_wave_2014 lb_wave_2004
      lb_wave_2006 lb_wave_2008 lb_wave_2010 lb_wave_2012 lb_wave_2014 listassi_2004
      listassi_2006 listassi_2008 listassi_2010 listassi_2012 listassi_2014
      mentalstatus_tot_2004 mentalstatus_tot_2006 mentalstatus_tot_2008
      mentalstatus_tot_2010 mentalstatus_tot_2012 mentalstatus_tot_2014 proxy_2004
      proxy_2006 proxy_2008 proxy_2010 proxy_2012 proxy_2014 responded_2004
      responded_2006 responded_2008 responded_2010 responded_2012 responded_2014
      rmaritalst_2004 rmaritalst_2006 rmaritalst_2008 rmaritalst_2010 rmaritalst_2012
      rmaritalst_2014 rpartst_2004 rpartst_2006 rpartst_2008 rpartst_2010
      rpartst_2012 rpartst_2014 score_loneliness_11_2004 score_loneliness_11_2006
      score_loneliness_11_2008 score_loneliness_11_2010 score_loneliness_11_2012
      score_loneliness_11_2014 score_loneliness_3_2004 score_loneliness_3_2006
      score_loneliness_3_2008 score_loneliness_3_2010 score_loneliness_3_2012
      score_loneliness_3_2014 shhidpnr_2004 shhidpnr_2006 shhidpnr_2008 shhidpnr_2010
      shhidpnr_2012 shhidpnr_2014 snchild_2004 snchild_2006 snchild_2008 snchild_2010
      snchild_2012 snchild_2014 snfamily_2004 snfamily_2006 snfamily_2008
      snfamily_2010 snfamily_2012 snfamily_2014 snfriends_2004 snfriends_2006
      snfriends_2008 snfriends_2010 snfriends_2012 snfriends_2014 snspouse_2004
      snspouse_2006 snspouse_2008 snspouse_2010 snspouse_2012 snspouse_2014
      social_contact_total_2004 social_contact_total_2006 social_contact_total_2008
      social_contact_total_2010 social_contact_total_2012 social_contact_total_2014
      social_strain_mean_2004 social_strain_mean_2006 social_strain_mean_2008
      social_strain_mean_2010 social_strain_mean_2012 social_strain_mean_2014
      social_support_mean_2004 social_support_mean_2006 social_support_mean_2008
      social_support_mean_2010 social_support_mean_2012 social_support_mean_2014
      socialnetwork_total_2004 socialnetwork_total_2006 socialnetwork_total_2008
      socialnetwork_total_2010 socialnetwork_total_2012 socialnetwork_total_2014
      srmemory_2004 srmemory_2006 srmemory_2008 srmemory_2010 srmemory_2012
      srmemory_2014 srmemoryp_2004 srmemoryp_2006 srmemoryp_2008 srmemoryp_2010
      srmemoryp_2012 srmemoryp_2014 vocab_total_2004 vocab_total_2006 vocab_total_2008
      vocab_total_2010 vocab_total_2012 vocab_total_2014 wrectotd_2004 wrectotd_2006
      wrectotd_2008 wrectotd_2010 wrectotd_2012 wrectotd_2014 wrectoti_2004
      wrectoti_2006 wrectoti_2008 wrectoti_2010 wrectoti_2012 wrectoti_2014
  	;
  Missing are all(9999);
  USEVARIABLES are
  	!define the variables used in the analysis
  	!estimated time points
  a_01
  a_02
  a_03
  a_04
  a_05
  a_06
  	! covariates used in the model
   	;
  SUBPOPULATION are
  	!select a subset of observations

  memoryproblems_baseline EQ 0
  ;
  CLUSTER = hhid;
  DEFINE:
    ! centre baseline age
  a = age_baseline - 69;
  	! assign variables to the process (A)
  a_01=social_contact_total_2004;
  a_02=social_contact_total_2006;
  a_03=social_contact_total_2008;
  a_04=social_contact_total_2010;
  a_05=social_contact_total_2012;
  a_06=social_contact_total_2014;
  ANALYSIS:
  TYPE = COMPLEX RANDOM;
  COVERAGE=.00;
  H1ITERATIONS = 10000;
  MODEL:
  	!LGM part
  	! assign process (A) to time points
  ia sa | a_01@0
  a_02@2
  a_03@4
  a_04@6
  a_05@8
  a_06@10 ;
  	!autoregressive part
  a_01;
  a_02 ON a_01(1);
  a_03 ON a_02(1);
  a_04 ON a_03(1);
  a_05 ON a_04(1);
  a_06 ON a_05(1);
  	
  OUTPUT: SAMPSTAT MODINDICES (3.0); TECH1 TECH2 TECH3;;



INPUT READING TERMINATED NORMALLY




ALT, fixed regressions

SUMMARY OF ANALYSIS

Number of groups                                                 1
Number of observations                                       11556

Number of dependent variables                                    6
Number of independent variables                                  0
Number of continuous latent variables                            2

Observed dependent variables

  Continuous
   A_01        A_02        A_03        A_04        A_05        A_06

Continuous latent variables
   IA          SA

Variables with special functions

  Cluster variable      HHID

Estimator                                                      MLR
Information matrix                                        OBSERVED
Maximum number of iterations                                   100
Convergence criterion                                    0.100D-05
Maximum number of EM iterations                                500
Convergence criteria for the EM algorithm
  Loglikelihood change                                   0.100D-02
  Relative loglikelihood change                          0.100D-05
  Derivative                                             0.100D-03
Minimum variance                                         0.100D-03
Maximum number of steepest descent iterations                   20
Maximum number of iterations for H1                          10000
Convergence criterion for H1                             0.100D-03
Optimization algorithm                                         EMA

Input data file(s)
  wide-dataset-b.dat
Input data format  FREE


SUMMARY OF DATA

     Number of missing data patterns            31
     Number of clusters        8479



SAMPLE STATISTICS


     ESTIMATED SAMPLE STATISTICS


           Means
              A_01          A_02          A_03          A_04          A_05
              ________      ________      ________      ________      ________
 1             30.343        29.425        29.566        29.514        29.044


           Means
              A_06
              ________
 1             28.638


           Covariances
              A_01          A_02          A_03          A_04          A_05
              ________      ________      ________      ________      ________
 A_01          73.011
 A_02          38.523        71.016
 A_03          40.248        44.600        77.078
 A_04          36.436        44.670        31.709        76.271
 A_05          40.606        54.125        48.681        39.848        81.216
 A_06          39.177        41.000        62.923        49.995        41.948


           Covariances
              A_06
              ________
 A_06          80.915


           Correlations
              A_01          A_02          A_03          A_04          A_05
              ________      ________      ________      ________      ________
 A_01           1.000
 A_02           0.535         1.000
 A_03           0.537         0.603         1.000
 A_04           0.488         0.607         0.414         1.000
 A_05           0.527         0.713         0.615         0.506         1.000
 A_06           0.510         0.541         0.797         0.636         0.517


           Correlations
              A_06
              ________
 A_06           1.000


     MAXIMUM LOG-LIKELIHOOD VALUE FOR THE UNRESTRICTED (H1) MODEL IS -76782.817


UNIVARIATE SAMPLE STATISTICS


     UNIVARIATE HIGHER-ORDER MOMENT DESCRIPTIVE STATISTICS

         Variable/         Mean/     Skewness/   Minimum/ % with                Percentiles
        Sample Size      Variance    Kurtosis    Maximum  Min/Max      20%/60%    40%/80%    Median

     A_01                 30.206      -0.251       3.000    0.07%      23.000     29.000     31.000
            1345.000      71.228       0.020      53.000    0.07%      33.000     37.000
     A_02                 29.120      -0.291       3.000    0.07%      22.000     28.000     30.000
            4434.000      70.345       0.068      54.000    0.11%      32.000     36.000
     A_03                 29.447      -0.244       3.000    0.16%      22.000     28.000     30.000
            4439.000      76.347      -0.053      54.000    0.11%      32.000     37.000
     A_04                 29.775      -0.250       3.000    0.05%      23.000     28.000     30.000
            4160.000      75.053      -0.113      54.000    0.05%      32.000     37.000
     A_05                 29.495      -0.215       3.000    0.03%      22.000     28.000     30.000
            3767.000      79.069      -0.166      54.000    0.08%      32.000     37.000
     A_06                 29.391      -0.244       3.000    0.15%      22.000     28.000     30.000
            3962.000      79.035      -0.146      54.000    0.10%      32.000     37.000


THE MODEL ESTIMATION TERMINATED NORMALLY



MODEL FIT INFORMATION

Number of Free Parameters                       12

Loglikelihood

          H0 Value                      -76808.797
          H0 Scaling Correction Factor      1.3112
            for MLR
          H1 Value                      -76782.817
          H1 Scaling Correction Factor      1.1122
            for MLR

Information Criteria

          Akaike (AIC)                  153641.593
          Bayesian (BIC)                153729.853
          Sample-Size Adjusted BIC      153691.718
            (n* = (n + 2) / 24)

Chi-Square Test of Model Fit

          Value                             54.518*
          Degrees of Freedom                    15
          P-Value                           0.0000
          Scaling Correction Factor         0.9531
            for MLR

*   The chi-square value for MLM, MLMV, MLR, ULSMV, WLSM and WLSMV cannot be used
    for chi-square difference testing in the regular way.  MLM, MLR and WLSM
    chi-square difference testing is described on the Mplus website.  MLMV, WLSMV,
    and ULSMV difference testing is done using the DIFFTEST option.

RMSEA (Root Mean Square Error Of Approximation)

          Estimate                           0.015

CFI/TLI

          CFI                                0.990
          TLI                                0.990

Chi-Square Test of Model Fit for the Baseline Model

          Value                           4156.830
          Degrees of Freedom                    15
          P-Value                           0.0000

SRMR (Standardized Root Mean Square Residual)

          Value                              0.080



MODEL RESULTS

                                                    Two-Tailed
                    Estimate       S.E.  Est./S.E.    P-Value

 IA       |
    A_01               1.000      0.000    999.000    999.000
    A_02               1.000      0.000    999.000    999.000
    A_03               1.000      0.000    999.000    999.000
    A_04               1.000      0.000    999.000    999.000
    A_05               1.000      0.000    999.000    999.000
    A_06               1.000      0.000    999.000    999.000

 SA       |
    A_01               0.000      0.000    999.000    999.000
    A_02               2.000      0.000    999.000    999.000
    A_03               4.000      0.000    999.000    999.000
    A_04               6.000      0.000    999.000    999.000
    A_05               8.000      0.000    999.000    999.000
    A_06              10.000      0.000    999.000    999.000

 A_02       ON
    A_01              -0.015      0.008     -2.038      0.042

 A_03       ON
    A_02              -0.015      0.008     -2.038      0.042

 A_04       ON
    A_03              -0.015      0.008     -2.038      0.042

 A_05       ON
    A_04              -0.015      0.008     -2.038      0.042

 A_06       ON
    A_05              -0.015      0.008     -2.038      0.042

 SA       WITH
    IA                -0.315      0.282     -1.114      0.265

 Means
    IA                30.345      0.217    140.051      0.000
    SA                -0.109      0.016     -6.773      0.000

 Intercepts
    A_01               0.000      0.000    999.000    999.000
    A_02               0.000      0.000    999.000    999.000
    A_03               0.000      0.000    999.000    999.000
    A_04               0.000      0.000    999.000    999.000
    A_05               0.000      0.000    999.000    999.000
    A_06               0.000      0.000    999.000    999.000

 Variances
    IA                44.987      2.300     19.557      0.000
    SA                 0.207      0.051      4.085      0.000

 Residual Variances
    A_01              33.188      2.834     11.709      0.000
    A_02              28.329      1.594     17.771      0.000
    A_03              31.433      1.402     22.413      0.000
    A_04              28.505      1.169     24.382      0.000
    A_05              27.496      1.709     16.093      0.000
    A_06              25.692      2.062     12.459      0.000


QUALITY OF NUMERICAL RESULTS

     Condition Number for the Information Matrix              0.590E-04
       (ratio of smallest to largest eigenvalue)


MODEL MODIFICATION INDICES

NOTE:  Modification indices for direct effects of observed dependent variables
regressed on covariates may not be included.  To include these, request
MODINDICES (ALL).

Minimum M.I. value for printing the modification index     3.000

                                   M.I.     E.P.C.


ON/BY Statements

A_01     ON IA       /
IA       BY A_01                   8.773    -0.192
A_02     ON IA       /
IA       BY A_02                  18.895    -0.022
A_04     ON IA       /
IA       BY A_04                  22.417     0.016
A_04     ON SA       /
SA       BY A_04                  15.351    -3.104
A_06     ON IA       /
IA       BY A_06                  18.049    -0.022
A_06     ON SA       /
SA       BY A_06                   4.097     2.665
SA       ON IA       /
IA       BY SA                   999.000     0.000

ON Statements

IA       ON A_01                   8.977    -0.161
IA       ON A_04                   4.232     0.074
IA       ON A_05                   4.263     0.112
IA       ON A_06                  16.120    -0.226
SA       ON A_03                   4.478     0.013
SA       ON A_05                   3.949     0.027
SA       ON A_06                  15.011    -0.065
A_01     ON A_01                   8.653    -0.190
A_01     ON A_02                   6.362    -0.094
A_01     ON A_03                  13.922    -0.235
A_01     ON A_04                  16.614    -0.203
A_01     ON A_05                   3.677    -0.082
A_02     ON A_01                  19.879    -0.003
A_02     ON A_02                  18.955    -0.023
A_02     ON A_03                  19.164    -0.023
A_02     ON A_04                  14.092    -0.020
A_02     ON A_05                  19.280    -0.023
A_02     ON A_06                  22.481    -0.025
A_04     ON A_01                  20.951     0.015
A_04     ON A_02                  25.446     0.017
A_04     ON A_03                  22.266     0.014
A_04     ON A_04                  22.405     0.016
A_04     ON A_05                  22.357     0.016
A_04     ON A_06                  21.805     0.016
A_06     ON A_01                  16.861    -0.021
A_06     ON A_02                  21.442    -0.024
A_06     ON A_03                  18.119    -0.023
A_06     ON A_04                  18.919    -0.024
A_06     ON A_05                  18.482    -0.032
A_06     ON A_06                  18.612    -0.024

WITH Statements

A_01     WITH IA                   8.767    -5.276
A_02     WITH A_01                 3.373    -4.330
A_03     WITH SA                   4.527     0.414
A_04     WITH IA                   4.431     2.155
A_04     WITH A_01                 5.548    -4.434
A_04     WITH A_02                18.547     4.769
A_05     WITH IA                   4.664     3.251
A_05     WITH SA                   4.346     0.795
A_05     WITH A_02                 3.050    61.944
A_05     WITH A_03                 4.430     3.278
A_06     WITH IA                  15.909    -5.822
A_06     WITH SA                  14.791    -1.694
A_06     WITH A_01                 3.398     4.508
A_06     WITH A_02                14.814    -4.823

Means/Intercepts/Thresholds

[ A_02     ]                      19.067    -0.678
[ A_04     ]                      20.041     0.456
[ A_06     ]                      13.401    -0.588


TECHNICAL 1 OUTPUT


     PARAMETER SPECIFICATION


           NU
              A_01          A_02          A_03          A_04          A_05
              ________      ________      ________      ________      ________
 1                  0             0             0             0             0


           NU
              A_06
              ________
 1                  0


           LAMBDA
              IA            SA            A_01          A_02          A_03
              ________      ________      ________      ________      ________
 A_01               0             0             0             0             0
 A_02               0             0             0             0             0
 A_03               0             0             0             0             0
 A_04               0             0             0             0             0
 A_05               0             0             0             0             0
 A_06               0             0             0             0             0


           LAMBDA
              A_04          A_05          A_06
              ________      ________      ________
 A_01               0             0             0
 A_02               0             0             0
 A_03               0             0             0
 A_04               0             0             0
 A_05               0             0             0
 A_06               0             0             0


           THETA
              A_01          A_02          A_03          A_04          A_05
              ________      ________      ________      ________      ________
 A_01               0
 A_02               0             0
 A_03               0             0             0
 A_04               0             0             0             0
 A_05               0             0             0             0             0
 A_06               0             0             0             0             0


           THETA
              A_06
              ________
 A_06               0


           ALPHA
              IA            SA            A_01          A_02          A_03
              ________      ________      ________      ________      ________
 1                  1             2             0             0             0


           ALPHA
              A_04          A_05          A_06
              ________      ________      ________
 1                  0             0             0


           BETA
              IA            SA            A_01          A_02          A_03
              ________      ________      ________      ________      ________
 IA                 0             0             0             0             0
 SA                 0             0             0             0             0
 A_01               0             0             0             0             0
 A_02               0             0             3             0             0
 A_03               0             0             0             3             0
 A_04               0             0             0             0             3
 A_05               0             0             0             0             0
 A_06               0             0             0             0             0


           BETA
              A_04          A_05          A_06
              ________      ________      ________
 IA                 0             0             0
 SA                 0             0             0
 A_01               0             0             0
 A_02               0             0             0
 A_03               0             0             0
 A_04               0             0             0
 A_05               3             0             0
 A_06               0             3             0


           PSI
              IA            SA            A_01          A_02          A_03
              ________      ________      ________      ________      ________
 IA                 4
 SA                 5             6
 A_01               0             0             7
 A_02               0             0             0             8
 A_03               0             0             0             0             9
 A_04               0             0             0             0             0
 A_05               0             0             0             0             0
 A_06               0             0             0             0             0


           PSI
              A_04          A_05          A_06
              ________      ________      ________
 A_04              10
 A_05               0            11
 A_06               0             0            12


     STARTING VALUES


           NU
              A_01          A_02          A_03          A_04          A_05
              ________      ________      ________      ________      ________
 1              0.000         0.000         0.000         0.000         0.000


           NU
              A_06
              ________
 1              0.000


           LAMBDA
              IA            SA            A_01          A_02          A_03
              ________      ________      ________      ________      ________
 A_01           0.000         0.000         1.000         0.000         0.000
 A_02           0.000         0.000         0.000         1.000         0.000
 A_03           0.000         0.000         0.000         0.000         1.000
 A_04           0.000         0.000         0.000         0.000         0.000
 A_05           0.000         0.000         0.000         0.000         0.000
 A_06           0.000         0.000         0.000         0.000         0.000


           LAMBDA
              A_04          A_05          A_06
              ________      ________      ________
 A_01           0.000         0.000         0.000
 A_02           0.000         0.000         0.000
 A_03           0.000         0.000         0.000
 A_04           1.000         0.000         0.000
 A_05           0.000         1.000         0.000
 A_06           0.000         0.000         1.000


           THETA
              A_01          A_02          A_03          A_04          A_05
              ________      ________      ________      ________      ________
 A_01           0.000
 A_02           0.000         0.000
 A_03           0.000         0.000         0.000
 A_04           0.000         0.000         0.000         0.000
 A_05           0.000         0.000         0.000         0.000         0.000
 A_06           0.000         0.000         0.000         0.000         0.000


           THETA
              A_06
              ________
 A_06           0.000


           ALPHA
              IA            SA            A_01          A_02          A_03
              ________      ________      ________      ________      ________
 1             29.457        -0.318         0.000         0.000         0.000


           ALPHA
              A_04          A_05          A_06
              ________      ________      ________
 1              0.000         0.000         0.000


           BETA
              IA            SA            A_01          A_02          A_03
              ________      ________      ________      ________      ________
 IA             0.000         0.000         0.000         0.000         0.000
 SA             0.000         0.000         0.000         0.000         0.000
 A_01           1.000         0.000         0.000         0.000         0.000
 A_02           1.000         2.000         0.000         0.000         0.000
 A_03           1.000         4.000         0.000         0.000         0.000
 A_04           1.000         6.000         0.000         0.000         0.000
 A_05           1.000         8.000         0.000         0.000         0.000
 A_06           1.000        10.000         0.000         0.000         0.000


           BETA
              A_04          A_05          A_06
              ________      ________      ________
 IA             0.000         0.000         0.000
 SA             0.000         0.000         0.000
 A_01           0.000         0.000         0.000
 A_02           0.000         0.000         0.000
 A_03           0.000         0.000         0.000
 A_04           0.000         0.000         0.000
 A_05           0.000         0.000         0.000
 A_06           0.000         0.000         0.000


           PSI
              IA            SA            A_01          A_02          A_03
              ________      ________      ________      ________      ________
 IA            92.585
 SA             0.000         8.702
 A_01           0.000         0.000        35.614
 A_02           0.000         0.000         0.000        35.172
 A_03           0.000         0.000         0.000         0.000        38.174
 A_04           0.000         0.000         0.000         0.000         0.000
 A_05           0.000         0.000         0.000         0.000         0.000
 A_06           0.000         0.000         0.000         0.000         0.000


           PSI
              A_04          A_05          A_06
              ________      ________      ________
 A_04          37.527
 A_05           0.000        39.535
 A_06           0.000         0.000        39.518


TECHNICAL 2 OUTPUT


     DERIVATIVES


           Derivatives With Respect to NU
              A_01          A_02          A_03          A_04          A_05
              ________      ________      ________      ________      ________
 1          0.000E+00     0.000E+00     0.000E+00     0.000E+00     0.000E+00


           Derivatives With Respect to NU
              A_06
              ________
 1          0.000E+00


           Derivatives With Respect to LAMBDA
              IA            SA            A_01          A_02          A_03
              ________      ________      ________      ________      ________
 A_01       0.000E+00     0.000E+00     0.000E+00     0.000E+00     0.000E+00
 A_02       0.000E+00     0.000E+00     0.000E+00     0.000E+00     0.000E+00
 A_03       0.000E+00     0.000E+00     0.000E+00     0.000E+00     0.000E+00
 A_04       0.000E+00     0.000E+00     0.000E+00     0.000E+00     0.000E+00
 A_05       0.000E+00     0.000E+00     0.000E+00     0.000E+00     0.000E+00
 A_06       0.000E+00     0.000E+00     0.000E+00     0.000E+00     0.000E+00


           Derivatives With Respect to LAMBDA
              A_04          A_05          A_06
              ________      ________      ________
 A_01       0.000E+00     0.000E+00     0.000E+00
 A_02       0.000E+00     0.000E+00     0.000E+00
 A_03       0.000E+00     0.000E+00     0.000E+00
 A_04       0.000E+00     0.000E+00     0.000E+00
 A_05       0.000E+00     0.000E+00     0.000E+00
 A_06       0.000E+00     0.000E+00     0.000E+00


           Derivatives With Respect to THETA
              A_01          A_02          A_03          A_04          A_05
              ________      ________      ________      ________      ________
 A_01       0.000E+00
 A_02       0.000E+00     0.000E+00
 A_03       0.000E+00     0.000E+00     0.000E+00
 A_04       0.000E+00     0.000E+00     0.000E+00     0.000E+00
 A_05       0.000E+00     0.000E+00     0.000E+00     0.000E+00     0.000E+00
 A_06       0.000E+00     0.000E+00     0.000E+00     0.000E+00     0.000E+00


           Derivatives With Respect to THETA
              A_06
              ________
 A_06       0.000E+00


           Derivatives With Respect to ALPHA
              IA            SA            A_01          A_02          A_03
              ________      ________      ________      ________      ________
 1         -0.185E-05    -0.108E-04     0.000E+00     0.000E+00     0.000E+00


           Derivatives With Respect to ALPHA
              A_04          A_05          A_06
              ________      ________      ________
 1          0.000E+00     0.000E+00     0.000E+00


           Derivatives With Respect to BETA
              IA            SA            A_01          A_02          A_03
              ________      ________      ________      ________      ________
 IA         0.000E+00     0.000E+00     0.000E+00     0.000E+00     0.000E+00
 SA         0.000E+00     0.000E+00     0.000E+00     0.000E+00     0.000E+00
 A_01       0.000E+00     0.000E+00     0.000E+00     0.000E+00     0.000E+00
 A_02       0.000E+00     0.000E+00    -0.816E-04     0.000E+00     0.000E+00
 A_03       0.000E+00     0.000E+00     0.000E+00    -0.816E-04     0.000E+00
 A_04       0.000E+00     0.000E+00     0.000E+00     0.000E+00    -0.816E-04
 A_05       0.000E+00     0.000E+00     0.000E+00     0.000E+00     0.000E+00
 A_06       0.000E+00     0.000E+00     0.000E+00     0.000E+00     0.000E+00


           Derivatives With Respect to BETA
              A_04          A_05          A_06
              ________      ________      ________
 IA         0.000E+00     0.000E+00     0.000E+00
 SA         0.000E+00     0.000E+00     0.000E+00
 A_01       0.000E+00     0.000E+00     0.000E+00
 A_02       0.000E+00     0.000E+00     0.000E+00
 A_03       0.000E+00     0.000E+00     0.000E+00
 A_04       0.000E+00     0.000E+00     0.000E+00
 A_05      -0.816E-04     0.000E+00     0.000E+00
 A_06       0.000E+00    -0.816E-04     0.000E+00


           Derivatives With Respect to PSI
              IA            SA            A_01          A_02          A_03
              ________      ________      ________      ________      ________
 IA         0.226E-07
 SA         0.421E-07     0.146E-04
 A_01       0.000E+00     0.000E+00     0.391E-06
 A_02       0.000E+00     0.000E+00     0.000E+00     0.699E-06
 A_03       0.000E+00     0.000E+00     0.000E+00     0.000E+00     0.242E-06
 A_04       0.000E+00     0.000E+00     0.000E+00     0.000E+00     0.000E+00
 A_05       0.000E+00     0.000E+00     0.000E+00     0.000E+00     0.000E+00
 A_06       0.000E+00     0.000E+00     0.000E+00     0.000E+00     0.000E+00


           Derivatives With Respect to PSI
              A_04          A_05          A_06
              ________      ________      ________
 A_04       0.618E-06
 A_05       0.000E+00     0.176E-06
 A_06       0.000E+00     0.000E+00     0.239E-06


TECHNICAL 3 OUTPUT


           ESTIMATED COVARIANCE MATRIX FOR PARAMETER ESTIMATES
                     1             2             3             4             5
              ________      ________      ________      ________      ________
        1   0.469476D-01
        2  -0.262518D-03  0.260495D-03
        3  -0.139147D-02 -0.392212D-04  0.569643D-04
        4   0.547570D-01  0.441898D-02 -0.308691D-02  0.529155D+01
        5   0.382482D-02 -0.203313D-03 -0.103769D-03 -0.530349D+00  0.797495D-01
        6   0.318858D-03 -0.104718D-04 -0.108236D-04  0.637749D-01 -0.122115D-01
        7  -0.864909D-01 -0.230245D-02  0.334927D-02 -0.300734D+01  0.405062D+00
        8   0.392820D-01  0.286125D-03 -0.148195D-02 -0.219845D+01  0.281933D+00
        9   0.177157D-01  0.211011D-02 -0.114248D-02 -0.945046D+00  0.667071D-01
       10   0.119889D-02  0.339363D-03 -0.253683D-03 -0.107289D+00 -0.232144D-01
       11  -0.472799D-02  0.110944D-02 -0.395614D-04 -0.272386D+00  0.906214D-01
       12  -0.586986D-02  0.125046D-02 -0.566302D-05 -0.101990D+01  0.264063D+00


           ESTIMATED COVARIANCE MATRIX FOR PARAMETER ESTIMATES
                     6             7             8             9            10
              ________      ________      ________      ________      ________
        6   0.257927D-02
        7  -0.658522D-01  0.803362D+01
        8  -0.376974D-01  0.146974D+01  0.254120D+01
        9  -0.237672D-02  0.220872D+00  0.379864D+00  0.196686D+01
       10   0.725729D-02 -0.226070D+00  0.725217D-01  0.840215D-01  0.136687D+01
       11  -0.373510D-01  0.597704D+00  0.231886D+00 -0.330169D-01 -0.105206D+00
       12  -0.741009D-01  0.153645D+01  0.731715D+00 -0.899734D-01 -0.354579D+00


           ESTIMATED COVARIANCE MATRIX FOR PARAMETER ESTIMATES
                    11            12
              ________      ________
       11   0.291934D+01
       12   0.145218D+01  0.425200D+01


           ESTIMATED CORRELATION MATRIX FOR PARAMETER ESTIMATES
                     1             2             3             4             5
              ________      ________      ________      ________      ________
        1       1.000
        2      -0.075         1.000
        3      -0.851        -0.322         1.000
        4       0.110         0.119        -0.178         1.000
        5       0.063        -0.045        -0.049        -0.816         1.000
        6       0.029        -0.013        -0.028         0.546        -0.851
        7      -0.141        -0.050         0.157        -0.461         0.506
        8       0.114         0.011        -0.123        -0.600         0.626
        9       0.058         0.093        -0.108        -0.293         0.168
       10       0.005         0.018        -0.029        -0.040        -0.070
       11      -0.013         0.040        -0.003        -0.069         0.188
       12      -0.013         0.038         0.000        -0.215         0.453


           ESTIMATED CORRELATION MATRIX FOR PARAMETER ESTIMATES
                     6             7             8             9            10
              ________      ________      ________      ________      ________
        6       1.000
        7      -0.457         1.000
        8      -0.466         0.325         1.000
        9      -0.033         0.056         0.170         1.000
       10       0.122        -0.068         0.039         0.051         1.000
       11      -0.430         0.123         0.085        -0.014        -0.053
       12      -0.708         0.263         0.223        -0.031        -0.147


           ESTIMATED CORRELATION MATRIX FOR PARAMETER ESTIMATES
                    11            12
              ________      ________
       11       1.000
       12       0.412         1.000


     Beginning Time:  11:59:49
        Ending Time:  12:12:34
       Elapsed Time:  00:12:45



MUTHEN & MUTHEN
3463 Stoner Ave.
Los Angeles, CA  90066

Tel: (310) 391-9971
Fax: (310) 391-8971
Web: www.StatModel.com
Support: Support@StatModel.com

Copyright (c) 1998-2015 Muthen & Muthen
