Mplus VERSION 7.4 (Mac)
MUTHEN & MUTHEN
10/15/2017   1:23 AM

INPUT INSTRUCTIONS

  TITLE:
  6 - Predetermined ALT, no cognitive slope
  DATA:
  File = wide-dataset-b.dat;
  VARIABLE:
  NAMES are
   id hhid male birthyr_rand birthmo_rand race_rand hispanic_rand cohort
      raedyrs raedegrm memoryproblems_baseline memory_disease_ever age_baseline
      age_baseline_65 health_conditions_baseline healthcond_mean activity_mean_2004
      activity_mean_2006 activity_mean_2008 activity_mean_2010 activity_mean_2012
      activity_mean_2014 activity_sum_2004 activity_sum_2006 activity_sum_2008
      activity_sum_2010 activity_sum_2012 activity_sum_2014 close_social_network_2004
      close_social_network_2006 close_social_network_2008 close_social_network_2010
      close_social_network_2012 close_social_network_2014 countb20r_2004
      countb20r_2006 countb20r_2008 countb20r_2010 countb20r_2012 countb20r_2014
      crp_adj_2004 crp_adj_2006 crp_adj_2008 crp_adj_2010 crp_adj_2012 crp_adj_2014
      dep_total_2004 dep_total_2006 dep_total_2008 dep_total_2010 dep_total_2012
      dep_total_2014 exercise_2004 exercise_2006 exercise_2008 exercise_2010
      exercise_2012 exercise_2014 healthcond_2004 healthcond_2006 healthcond_2008
      healthcond_2010 healthcond_2012 healthcond_2014 hhres_2004 hhres_2006
      hhres_2008 hhres_2010 hhres_2012 hhres_2014 hrs_tscore_2004 hrs_tscore_2006
      hrs_tscore_2008 hrs_tscore_2010 hrs_tscore_2012 hrs_tscore_2014 intage_r_2004
      intage_r_2006 intage_r_2008 intage_r_2010 intage_r_2012 intage_r_2014
      interview_date_2004 interview_date_2006 interview_date_2008 interview_date_2010
      interview_date_2012 interview_date_2014 lb_65_wave_2004 lb_65_wave_2006
      lb_65_wave_2008 lb_65_wave_2010 lb_65_wave_2012 lb_65_wave_2014 lb_wave_2004
      lb_wave_2006 lb_wave_2008 lb_wave_2010 lb_wave_2012 lb_wave_2014 listassi_2004
      listassi_2006 listassi_2008 listassi_2010 listassi_2012 listassi_2014
      mentalstatus_tot_2004 mentalstatus_tot_2006 mentalstatus_tot_2008
      mentalstatus_tot_2010 mentalstatus_tot_2012 mentalstatus_tot_2014 proxy_2004
      proxy_2006 proxy_2008 proxy_2010 proxy_2012 proxy_2014 responded_2004
      responded_2006 responded_2008 responded_2010 responded_2012 responded_2014
      rmaritalst_2004 rmaritalst_2006 rmaritalst_2008 rmaritalst_2010 rmaritalst_2012
      rmaritalst_2014 rpartst_2004 rpartst_2006 rpartst_2008 rpartst_2010
      rpartst_2012 rpartst_2014 score_loneliness_11_2004 score_loneliness_11_2006
      score_loneliness_11_2008 score_loneliness_11_2010 score_loneliness_11_2012
      score_loneliness_11_2014 score_loneliness_3_2004 score_loneliness_3_2006
      score_loneliness_3_2008 score_loneliness_3_2010 score_loneliness_3_2012
      score_loneliness_3_2014 shhidpnr_2004 shhidpnr_2006 shhidpnr_2008 shhidpnr_2010
      shhidpnr_2012 shhidpnr_2014 snchild_2004 snchild_2006 snchild_2008 snchild_2010
      snchild_2012 snchild_2014 snfamily_2004 snfamily_2006 snfamily_2008
      snfamily_2010 snfamily_2012 snfamily_2014 snfriends_2004 snfriends_2006
      snfriends_2008 snfriends_2010 snfriends_2012 snfriends_2014 snspouse_2004
      snspouse_2006 snspouse_2008 snspouse_2010 snspouse_2012 snspouse_2014
      social_contact_total_2004 social_contact_total_2006 social_contact_total_2008
      social_contact_total_2010 social_contact_total_2012 social_contact_total_2014
      social_strain_mean_2004 social_strain_mean_2006 social_strain_mean_2008
      social_strain_mean_2010 social_strain_mean_2012 social_strain_mean_2014
      social_support_mean_2004 social_support_mean_2006 social_support_mean_2008
      social_support_mean_2010 social_support_mean_2012 social_support_mean_2014
      socialnetwork_total_2004 socialnetwork_total_2006 socialnetwork_total_2008
      socialnetwork_total_2010 socialnetwork_total_2012 socialnetwork_total_2014
      srmemory_2004 srmemory_2006 srmemory_2008 srmemory_2010 srmemory_2012
      srmemory_2014 srmemoryp_2004 srmemoryp_2006 srmemoryp_2008 srmemoryp_2010
      srmemoryp_2012 srmemoryp_2014 vocab_total_2004 vocab_total_2006 vocab_total_2008
      vocab_total_2010 vocab_total_2012 vocab_total_2014 wrectotd_2004 wrectotd_2006
      wrectotd_2008 wrectotd_2010 wrectotd_2012 wrectotd_2014 wrectoti_2004
      wrectoti_2006 wrectoti_2008 wrectoti_2010 wrectoti_2012 wrectoti_2014
  	;
  Missing are all(9999);
  USEVARIABLES are
  	!define the variables used in the analysis
  	!estimated time points
  a_01
  a_02
  a_03
  a_04
  a_05
  a_06
  	!modelled time points of process (B)
  b_01
  b_02
  b_03
  b_04
  b_05
  b_06
  	! covariates used in the model
  	;
  SUBPOPULATION are
  	!select a subset of observations
  age_baseline > 64 AND
  memory_disease_ever EQ 0
  ;
  CLUSTER = hhid;
  DEFINE:
    ! centre baseline age
  a = age_baseline - 69;
  	! assign variables to the process (A)
  a_01=wrectotd_2004;
  a_02=wrectotd_2006;
  a_03=wrectotd_2008;
  a_04=wrectotd_2010;
  a_05=wrectotd_2012;
  a_06=wrectotd_2014;
  	! assign variables to the process (B)
  b_01=score_loneliness_3_2004;
  b_02=score_loneliness_3_2006;
  b_03=score_loneliness_3_2008;
  b_04=score_loneliness_3_2010;
  b_05=score_loneliness_3_2012;
  b_06=score_loneliness_3_2014;
  ANALYSIS:
  TYPE = COMPLEX RANDOM;
  model=nocovariances;
  COVERAGE=.00;
  H1ITERATIONS = 10000;
  MODEL:
  	!LGM part
  	! assign process (A) to time points
  ia BY a_02@1 a_03@1 a_04@1 a_05@1 a_06@1;
  	! assign process (B) to time points
  ib BY b_02@1 b_03@1 b_04@1 b_05@1 b_06@1;
  sb BY b_02@0 b_03@2 b_04@4 b_05@6 b_06@8;
  	!correlations between the first measurement points
  	!autoregressive part
  a_01 a_02 a_03 a_04 a_05 a_06;
  a_02 ON a_01;
  a_03 ON a_02;
  a_04 ON a_03;
  a_05 ON a_04;
  a_06 ON a_05;
  b_01 b_02 b_03 b_04 b_05 b_06;
  b_02 ON b_01;
  b_03 ON b_02;
  b_04 ON b_03;
  b_05 ON b_04;
  b_06 ON b_05;
  	!Cross lagged part
  a_02 ON b_01;
  a_03 ON b_02;
  a_04 ON b_03;
  a_05 ON b_04;
  a_06 ON b_05;
  b_02 ON a_01;
  b_03 ON a_02;
  b_04 ON a_03;
  b_05 ON a_04;
  b_06 ON a_05;
  ia;
  !sa;
  ib;
  sb;
  !ia with sa;
  ib with sb;
  ia with a_01;
  !sa with a_01;
  ib with b_01;
  sb with b_01;
  ia with ib;
  !sa with sb;
  ! Time specific correlations
  b_02 WITH a_02;
  b_03 WITH a_03;
  b_04 WITH a_04;
  b_05 WITH a_05;
  b_06 WITH a_06;
  [a_02@0 a_03@0 a_04@0 a_05@0 a_06@0];
  [b_02@0 b_03@0 b_04@0 b_05@0 b_06@0];
  [ia];
  [ib];
  ![sa];
  [sb];
  [a_01];
  [b_01];
  	
  OUTPUT: SAMPSTAT MODINDICES (3.0); TECH1; TECH4;



*** WARNING in OUTPUT command
  TECH4 option for TYPE=RANDOM requires ALGORITHM=INTEGRATION.
  Request for TECH4 is ignored.
   1 WARNING(S) FOUND IN THE INPUT INSTRUCTIONS




6 - Predetermined ALT, no cognitive slope

SUMMARY OF ANALYSIS

Number of groups                                                 1
Number of observations                                        5952

Number of dependent variables                                   10
Number of independent variables                                  2
Number of continuous latent variables                            3

Observed dependent variables

  Continuous
   A_02        A_03        A_04        A_05        A_06        B_02
   B_03        B_04        B_05        B_06

Observed independent variables
   A_01        B_01

Continuous latent variables
   IA          IB          SB

Variables with special functions

  Cluster variable      HHID

Estimator                                                      MLR
Information matrix                                        OBSERVED
Maximum number of iterations                                   100
Convergence criterion                                    0.100D-05
Maximum number of EM iterations                                500
Convergence criteria for the EM algorithm
  Loglikelihood change                                   0.100D-02
  Relative loglikelihood change                          0.100D-05
  Derivative                                             0.100D-03
Minimum variance                                         0.100D-03
Maximum number of steepest descent iterations                   20
Maximum number of iterations for H1                          10000
Convergence criterion for H1                             0.100D-03
Optimization algorithm                                         EMA

Input data file(s)
  wide-dataset-b.dat
Input data format  FREE


SUMMARY OF DATA

     Number of missing data patterns           274
     Number of clusters        4882



SAMPLE STATISTICS


     ESTIMATED SAMPLE STATISTICS


           Means
              A_02          A_03          A_04          A_05          A_06
              ________      ________      ________      ________      ________
 1              4.216         4.110         3.722         3.506         3.314


           Means
              B_02          B_03          B_04          B_05          B_06
              ________      ________      ________      ________      ________
 1              1.433         1.440         1.439         1.469         1.458


           Means
              A_01          B_01
              ________      ________
 1              4.374         1.380


           Covariances
              A_02          A_03          A_04          A_05          A_06
              ________      ________      ________      ________      ________
 A_02           3.591
 A_03           1.660         3.524
 A_04           1.801         1.792         3.811
 A_05           1.723         1.937         1.993         3.968
 A_06           1.873         1.710         2.108         2.184         3.995
 B_02          -0.106        -0.074        -0.094        -0.090        -0.105
 B_03          -0.112        -0.096        -0.105        -0.120        -0.127
 B_04          -0.082        -0.068        -0.089        -0.101        -0.102
 B_05          -0.073        -0.046        -0.059        -0.108        -0.080
 B_06          -0.088        -0.061        -0.107        -0.103        -0.101
 A_01           1.740         1.664         1.599         1.712         1.605
 B_01          -0.095        -0.065        -0.077        -0.063        -0.130


           Covariances
              B_02          B_03          B_04          B_05          B_06
              ________      ________      ________      ________      ________
 B_02           0.258
 B_03           0.087         0.266
 B_04           0.143         0.064         0.262
 B_05           0.066         0.148         0.008         0.256
 B_06           0.134         0.136         0.149         0.095         0.265
 A_01          -0.098        -0.107        -0.088        -0.092        -0.092
 B_01           0.142         0.123         0.114         0.122         0.115


           Covariances
              A_01          B_01
              ________      ________
 A_01           3.403
 B_01          -0.106         0.230


           Correlations
              A_02          A_03          A_04          A_05          A_06
              ________      ________      ________      ________      ________
 A_02           1.000
 A_03           0.467         1.000
 A_04           0.487         0.489         1.000
 A_05           0.456         0.518         0.513         1.000
 A_06           0.494         0.456         0.540         0.548         1.000
 B_02          -0.110        -0.078        -0.095        -0.089        -0.103
 B_03          -0.114        -0.100        -0.104        -0.117        -0.123
 B_04          -0.085        -0.071        -0.089        -0.099        -0.100
 B_05          -0.076        -0.049        -0.060        -0.107        -0.079
 B_06          -0.090        -0.063        -0.106        -0.100        -0.099
 A_01           0.498         0.481         0.444         0.466         0.435
 B_01          -0.105        -0.072        -0.082        -0.066        -0.135


           Correlations
              B_02          B_03          B_04          B_05          B_06
              ________      ________      ________      ________      ________
 B_02           1.000
 B_03           0.333         1.000
 B_04           0.549         0.242         1.000
 B_05           0.255         0.567         0.032         1.000
 B_06           0.511         0.512         0.565         0.364         1.000
 A_01          -0.105        -0.113        -0.093        -0.098        -0.097
 B_01           0.584         0.498         0.463         0.501         0.464


           Correlations
              A_01          B_01
              ________      ________
 A_01           1.000
 B_01          -0.120         1.000


     MAXIMUM LOG-LIKELIHOOD VALUE FOR THE UNRESTRICTED (H1) MODEL IS -69567.858


UNIVARIATE SAMPLE STATISTICS


     UNIVARIATE HIGHER-ORDER MOMENT DESCRIPTIVE STATISTICS

         Variable/         Mean/     Skewness/   Minimum/ % with                Percentiles
        Sample Size      Variance    Kurtosis    Maximum  Min/Max      20%/60%    40%/80%    Median

     A_02                  4.227      -0.154       0.000    4.88%       3.000      4.000      4.000
            5671.000       3.575       0.108      10.000    0.37%       5.000      6.000
     A_03                  4.123      -0.205       0.000    5.40%       3.000      4.000      4.000
            5775.000       3.519      -0.027      10.000    0.14%       5.000      6.000
     A_04                  3.750      -0.101       0.000    8.11%       2.000      3.000      4.000
            5669.000       3.793      -0.258      10.000    0.11%       4.000      5.000
     A_05                  3.607      -0.083       0.000    9.78%       2.000      3.000      4.000
            5132.000       3.896      -0.361      10.000    0.12%       4.000      5.000
     A_06                  3.492      -0.040       0.000   10.50%       2.000      3.000      4.000
            4429.000       3.860      -0.393      10.000    0.07%       4.000      5.000
     B_02                  1.432       1.083       1.000   45.40%       1.000      1.000      1.333
            2771.000       0.259       0.516       3.000    2.24%       1.333      2.000
     B_03                  1.437       1.063       1.000   45.38%       1.000      1.000      1.333
            2719.000       0.265       0.388       3.000    2.02%       1.333      2.000
     B_04                  1.428       1.148       1.000   45.05%       1.000      1.000      1.333
            2617.000       0.260       0.655       3.000    2.25%       1.333      2.000
     B_05                  1.455       0.975       1.000   41.23%       1.000      1.000      1.333
            2219.000       0.251       0.285       3.000    1.89%       1.333      2.000
     B_06                  1.429       1.081       1.000   44.93%       1.000      1.000      1.333
            2010.000       0.256       0.406       3.000    1.74%       1.333      2.000
     A_01                  4.400      -0.160       0.000    3.69%       3.000      4.000      4.000
            5478.000       3.390       0.175      10.000    0.31%       5.000      6.000
     B_01                  1.353       1.282       1.000   53.05%       1.000      1.000      1.000
            1050.000       0.223       0.886       3.000    1.05%       1.333      1.667


THE MODEL ESTIMATION TERMINATED NORMALLY



MODEL FIT INFORMATION

Number of Free Parameters                       50

Loglikelihood

          H0 Value                      -69716.984
          H0 Scaling Correction Factor      1.2397
            for MLR
          H1 Value                      -69567.858
          H1 Scaling Correction Factor      1.1394
            for MLR

Information Criteria

          Akaike (AIC)                  139533.969
          Bayesian (BIC)                139868.543
          Sample-Size Adjusted BIC      139709.657
            (n* = (n + 2) / 24)

Chi-Square Test of Model Fit

          Value                            294.111*
          Degrees of Freedom                    40
          P-Value                           0.0000
          Scaling Correction Factor         1.0141
            for MLR

*   The chi-square value for MLM, MLMV, MLR, ULSMV, WLSM and WLSMV cannot be used
    for chi-square difference testing in the regular way.  MLM, MLR and WLSM
    chi-square difference testing is described on the Mplus website.  MLMV, WLSMV,
    and ULSMV difference testing is done using the DIFFTEST option.

RMSEA (Root Mean Square Error Of Approximation)

          Estimate                           0.033

CFI/TLI

          CFI                                0.978
          TLI                                0.964

Chi-Square Test of Model Fit for the Baseline Model

          Value                          11700.643
          Degrees of Freedom                    66
          P-Value                           0.0000

SRMR (Standardized Root Mean Square Residual)

          Value                              0.077



MODEL RESULTS

                                                    Two-Tailed
                    Estimate       S.E.  Est./S.E.    P-Value

 IA       BY
    A_02               1.000      0.000    999.000    999.000
    A_03               1.000      0.000    999.000    999.000
    A_04               1.000      0.000    999.000    999.000
    A_05               1.000      0.000    999.000    999.000
    A_06               1.000      0.000    999.000    999.000

 IB       BY
    B_02               1.000      0.000    999.000    999.000
    B_03               1.000      0.000    999.000    999.000
    B_04               1.000      0.000    999.000    999.000
    B_05               1.000      0.000    999.000    999.000
    B_06               1.000      0.000    999.000    999.000

 SB       BY
    B_02               0.000      0.000    999.000    999.000
    B_03               2.000      0.000    999.000    999.000
    B_04               4.000      0.000    999.000    999.000
    B_05               6.000      0.000    999.000    999.000
    B_06               8.000      0.000    999.000    999.000

 A_02       ON
    A_01               0.069      0.013      5.385      0.000
    B_01               0.078      0.068      1.151      0.250

 A_03       ON
    A_02               0.021      0.013      1.656      0.098
    B_02               0.147      0.060      2.473      0.013

 A_04       ON
    A_03               0.029      0.012      2.333      0.020
    B_03              -0.131      0.058     -2.270      0.023

 A_05       ON
    A_04               0.040      0.014      2.937      0.003
    B_04              -0.291      0.059     -4.905      0.000

 A_06       ON
    A_05               0.055      0.014      3.989      0.000
    B_05              -0.432      0.060     -7.263      0.000

 B_02       ON
    B_01               0.187      0.145      1.286      0.199
    A_01              -0.016      0.005     -3.423      0.001

 B_03       ON
    B_02               0.033      0.118      0.282      0.778
    A_02              -0.019      0.004     -4.296      0.000

 B_04       ON
    B_03              -0.150      0.118     -1.265      0.206
    A_03              -0.012      0.004     -2.747      0.006

 B_05       ON
    B_04              -0.308      0.139     -2.221      0.026
    A_04              -0.006      0.005     -1.264      0.206

 B_06       ON
    B_05              -0.441      0.162     -2.725      0.006
    A_05              -0.017      0.005     -3.119      0.002

 IB       WITH
    SB                 0.005      0.003      1.917      0.055
    B_01               0.097      0.029      3.312      0.001

 IA       WITH
    A_01               1.559      0.048     32.258      0.000
    IB                -0.015      0.014     -1.018      0.309

 SB       WITH
    B_01               0.008      0.005      1.865      0.062

 B_02     WITH
    A_02              -0.024      0.013     -1.843      0.065

 B_03     WITH
    A_03              -0.032      0.015     -2.210      0.027

 B_04     WITH
    A_04              -0.002      0.014     -0.129      0.897

 B_05     WITH
    A_05              -0.043      0.016     -2.716      0.007

 B_06     WITH
    A_06               0.002      0.020      0.091      0.927

 Means
    A_01               4.375      0.025    175.165      0.000
    B_01               1.377      0.014    101.732      0.000
    IA                 3.794      0.093     40.829      0.000
    IB                 1.245      0.198      6.286      0.000
    SB                 0.115      0.037      3.119      0.002

 Intercepts
    A_02               0.000      0.000    999.000    999.000
    A_03               0.000      0.000    999.000    999.000
    A_04               0.000      0.000    999.000    999.000
    A_05               0.000      0.000    999.000    999.000
    A_06               0.000      0.000    999.000    999.000
    B_02               0.000      0.000    999.000    999.000
    B_03               0.000      0.000    999.000    999.000
    B_04               0.000      0.000    999.000    999.000
    B_05               0.000      0.000    999.000    999.000
    B_06               0.000      0.000    999.000    999.000

 Variances
    A_01               3.403      0.068     50.157      0.000
    B_01               0.229      0.011     20.237      0.000
    IA                 1.661      0.058     28.864      0.000
    IB                 0.120      0.033      3.663      0.000
    SB                 0.001      0.001      1.830      0.067

 Residual Variances
    A_02               1.882      0.051     36.785      0.000
    A_03               1.848      0.050     36.991      0.000
    A_04               1.945      0.051     38.307      0.000
    A_05               1.993      0.052     38.262      0.000
    A_06               1.980      0.054     36.513      0.000
    B_02               0.093      0.014      6.810      0.000
    B_03               0.105      0.012      8.527      0.000
    B_04               0.126      0.011     11.847      0.000
    B_05               0.110      0.008     13.086      0.000
    B_06               0.107      0.010     10.990      0.000


QUALITY OF NUMERICAL RESULTS

     Condition Number for the Information Matrix              0.771E-05
       (ratio of smallest to largest eigenvalue)


MODEL MODIFICATION INDICES

NOTE:  Modification indices for direct effects of observed dependent variables
regressed on covariates may not be included.  To include these, request
MODINDICES (ALL).

Minimum M.I. value for printing the modification index     3.000

                                   M.I.     E.P.C.


ON/BY Statements

A_02     ON IA       /
IA       BY A_02                  12.762    -0.112
A_02     ON IB       /
IB       BY A_02                   4.590     0.372
A_02     ON SB       /
SB       BY A_02                   3.812     3.953
A_03     ON IA       /
IA       BY A_03                  20.294     0.122
A_03     ON IB       /
IB       BY A_03                  35.710     1.165
A_03     ON SB       /
SB       BY A_03                  32.578     7.093
A_04     ON IA       /
IA       BY A_04                   6.983     0.071
A_05     ON IB       /
IB       BY A_05                   3.614    -0.285
A_05     ON SB       /
SB       BY A_05                   5.659    -3.780
A_06     ON IA       /
IA       BY A_06                  25.860    -0.162
A_06     ON IB       /
IB       BY A_06                  36.277    -0.941
A_06     ON SB       /
SB       BY A_06                  51.717   -13.251
B_02     ON IA       /
IA       BY B_02                   3.520    -0.026
B_03     ON IA       /
IA       BY B_03                   4.763    -0.027
A_01     ON IA       /
IA       BY A_01                  29.794     5.342
A_01     ON IB       /
IB       BY A_01                  37.582    -0.598
A_01     ON SB       /
SB       BY A_01                  36.539    -7.364
B_01     ON IA       /
IA       BY B_01                  14.097    -0.042
B_01     ON IB       /
IB       BY B_01                   5.563     2.582
IB       ON IA       /
IA       BY IB                    29.791    -0.050
SB       ON IA       /
IA       BY SB                     8.716    -0.005
SB       ON IB       /
IB       BY SB                     3.801    -0.281

ON Statements

IA       ON A_02                  38.872    -0.108
IA       ON A_03                  33.243    -0.105
IA       ON A_04                  23.528     0.088
IA       ON A_05                   6.973     0.048
IA       ON A_06                  33.009     0.112
IA       ON B_02                   4.543    -0.195
IA       ON B_01                   3.581    -0.139
IB       ON A_02                  27.697    -0.029
IB       ON A_03                  45.259    -0.038
IB       ON A_04                   8.096    -0.015
IB       ON B_02                   9.662     0.481
IB       ON B_03                  10.672     0.314
IB       ON A_01                  29.791    -0.023
SB       ON A_02                  16.157    -0.003
SB       ON A_04                   4.765    -0.002
SB       ON B_02                   5.276     0.060
SB       ON B_03                   3.431     0.025
SB       ON A_01                  23.449    -0.004
A_02     ON A_02                  12.762    -0.112
A_02     ON A_03                  24.842    -0.077
A_02     ON A_05                  36.522    -0.091
A_02     ON B_02                   4.590     0.372
A_02     ON B_03                  11.533     0.365
A_02     ON B_06                   4.549     0.180
A_03     ON A_03                  20.294     0.122
A_03     ON A_05                  37.121     0.081
A_03     ON B_03                  35.401     0.889
A_03     ON B_04                  24.880     0.492
A_03     ON B_05                   4.440     0.193
A_03     ON B_06                  17.213     0.300
A_03     ON A_01                  39.443     0.084
A_03     ON B_01                  14.153     0.420
A_04     ON A_02                   3.962     0.027
A_04     ON A_04                   6.983     0.071
A_04     ON A_06                  38.361     0.084
A_05     ON A_02                  14.426    -0.054
A_05     ON A_03                  16.894     0.060
A_05     ON A_06                   7.807     0.046
A_05     ON B_03                   3.767    -0.168
A_05     ON B_05                   4.832    -0.223
A_06     ON A_02                   3.438    -0.028
A_06     ON A_03                  45.773    -0.105
A_06     ON A_04                   7.707     0.042
A_06     ON A_06                  25.860    -0.162
A_06     ON B_02                   9.884    -0.309
A_06     ON B_03                  16.781    -0.342
A_06     ON B_04                  30.967    -0.481
A_06     ON B_06                  47.854    -0.686
A_06     ON A_01                  36.729    -0.089
A_06     ON B_01                  31.838    -0.606
B_02     ON A_02                   3.520    -0.026
B_02     ON A_03                  22.058    -0.028
B_02     ON B_04                   3.730     0.221
B_02     ON B_05                   4.342    -0.318
B_03     ON A_03                   4.763    -0.027
B_03     ON A_05                   3.592    -0.011
B_03     ON A_06                   4.378    -0.012
B_03     ON A_01                   3.321    -0.010
B_04     ON A_06                  10.156    -0.021
B_04     ON B_02                   5.377     0.371
B_04     ON A_01                   3.978    -0.010
B_05     ON A_02                   7.078    -0.014
B_05     ON A_03                   3.083    -0.011
B_05     ON A_06                  23.531     0.031
B_05     ON A_01                   3.627    -0.010
A_01     ON A_02                   5.484     0.072
A_01     ON A_03                  23.195     0.090
A_01     ON A_04                   5.639    -0.043
A_01     ON A_06                  11.585    -0.065
A_01     ON B_02                  31.907    -0.451
A_01     ON B_03                  32.568    -0.362
A_01     ON B_04                  28.535    -0.319
A_01     ON B_05                  28.863    -0.352
A_01     ON B_06                  21.428    -0.286
A_01     ON B_01                  26.124    -0.377
B_01     ON A_02                  17.232    -0.031
B_01     ON A_03                  11.295    -0.023
B_01     ON A_04                   4.188    -0.013
B_01     ON A_06                  10.320    -0.022
B_01     ON B_02                  11.392     0.893
B_01     ON A_01                   8.663    -0.020

WITH Statements

SB       WITH IA                   3.779     0.004
A_02     WITH IA                  39.288    -0.205
A_02     WITH IB                   3.978    -0.026
A_02     WITH SB                   9.637    -0.007
A_03     WITH IA                  30.707    -0.186
A_03     WITH IB                  16.878    -0.054
A_03     WITH A_02                25.736    -0.231
A_04     WITH IA                  24.526     0.173
A_04     WITH A_03                 6.746    -0.123
A_05     WITH IA                   6.199     0.089
A_05     WITH IB                   3.324     0.022
A_05     WITH SB                   5.743     0.007
A_05     WITH A_02                29.691    -0.204
A_05     WITH A_03                30.248     0.203
A_06     WITH IA                  30.220     0.208
A_06     WITH IB                  12.300     0.044
A_06     WITH SB                  31.670     0.019
A_06     WITH A_03                30.447    -0.206
A_06     WITH A_04                46.220     0.258
A_06     WITH A_05                20.770     0.273
B_02     WITH IA                   3.928    -0.026
B_02     WITH A_03                26.940    -0.078
B_02     WITH A_06                 3.561     0.031
B_03     WITH A_02                 4.798     0.045
B_04     WITH A_05                 6.593     0.045
B_04     WITH A_06                13.269    -0.075
B_05     WITH IA                   3.255     0.025
B_05     WITH A_02                 8.844    -0.041
B_05     WITH A_06                54.257     0.128
A_01     WITH IB                  29.791    -0.079
A_01     WITH SB                  22.335    -0.010
A_01     WITH A_02                 5.677     0.138
A_01     WITH A_03                23.215     0.166
A_01     WITH A_04                 7.870    -0.098
A_01     WITH A_06                18.144    -0.162
A_01     WITH B_02                 3.351     0.052
A_01     WITH B_04                 3.242    -0.024
A_01     WITH B_05                 4.023    -0.026
B_01     WITH IA                   5.534    -0.038
B_01     WITH A_02                 5.018    -0.049

Means/Intercepts/Thresholds

[ A_02     ]                      16.248     0.448
[ A_03     ]                      30.938     0.537
[ A_05     ]                      10.915    -0.338
[ A_06     ]                      41.941    -0.716


TECHNICAL 1 OUTPUT


     PARAMETER SPECIFICATION


           NU
              A_02          A_03          A_04          A_05          A_06
              ________      ________      ________      ________      ________
 1                  0             0             0             0             0


           NU
              B_02          B_03          B_04          B_05          B_06
              ________      ________      ________      ________      ________
 1                  0             0             0             0             0


           NU
              A_01          B_01
              ________      ________
 1                  0             0


           LAMBDA
              IA            IB            SB            A_02          A_03
              ________      ________      ________      ________      ________
 A_02               0             0             0             0             0
 A_03               0             0             0             0             0
 A_04               0             0             0             0             0
 A_05               0             0             0             0             0
 A_06               0             0             0             0             0
 B_02               0             0             0             0             0
 B_03               0             0             0             0             0
 B_04               0             0             0             0             0
 B_05               0             0             0             0             0
 B_06               0             0             0             0             0
 A_01               0             0             0             0             0
 B_01               0             0             0             0             0


           LAMBDA
              A_04          A_05          A_06          B_02          B_03
              ________      ________      ________      ________      ________
 A_02               0             0             0             0             0
 A_03               0             0             0             0             0
 A_04               0             0             0             0             0
 A_05               0             0             0             0             0
 A_06               0             0             0             0             0
 B_02               0             0             0             0             0
 B_03               0             0             0             0             0
 B_04               0             0             0             0             0
 B_05               0             0             0             0             0
 B_06               0             0             0             0             0
 A_01               0             0             0             0             0
 B_01               0             0             0             0             0


           LAMBDA
              B_04          B_05          B_06          A_01          B_01
              ________      ________      ________      ________      ________
 A_02               0             0             0             0             0
 A_03               0             0             0             0             0
 A_04               0             0             0             0             0
 A_05               0             0             0             0             0
 A_06               0             0             0             0             0
 B_02               0             0             0             0             0
 B_03               0             0             0             0             0
 B_04               0             0             0             0             0
 B_05               0             0             0             0             0
 B_06               0             0             0             0             0
 A_01               0             0             0             0             0
 B_01               0             0             0             0             0


           THETA
              A_02          A_03          A_04          A_05          A_06
              ________      ________      ________      ________      ________
 A_02               0
 A_03               0             0
 A_04               0             0             0
 A_05               0             0             0             0
 A_06               0             0             0             0             0
 B_02               0             0             0             0             0
 B_03               0             0             0             0             0
 B_04               0             0             0             0             0
 B_05               0             0             0             0             0
 B_06               0             0             0             0             0
 A_01               0             0             0             0             0
 B_01               0             0             0             0             0


           THETA
              B_02          B_03          B_04          B_05          B_06
              ________      ________      ________      ________      ________
 B_02               0
 B_03               0             0
 B_04               0             0             0
 B_05               0             0             0             0
 B_06               0             0             0             0             0
 A_01               0             0             0             0             0
 B_01               0             0             0             0             0


           THETA
              A_01          B_01
              ________      ________
 A_01               0
 B_01               0             0


           ALPHA
              IA            IB            SB            A_02          A_03
              ________      ________      ________      ________      ________
 1                  1             2             3             0             0


           ALPHA
              A_04          A_05          A_06          B_02          B_03
              ________      ________      ________      ________      ________
 1                  0             0             0             0             0


           ALPHA
              B_04          B_05          B_06          A_01          B_01
              ________      ________      ________      ________      ________
 1                  0             0             0             4             5


           BETA
              IA            IB            SB            A_02          A_03
              ________      ________      ________      ________      ________
 IA                 0             0             0             0             0
 IB                 0             0             0             0             0
 SB                 0             0             0             0             0
 A_02               0             0             0             0             0
 A_03               0             0             0             8             0
 A_04               0             0             0             0            10
 A_05               0             0             0             0             0
 A_06               0             0             0             0             0
 B_02               0             0             0             0             0
 B_03               0             0             0            18             0
 B_04               0             0             0             0            20
 B_05               0             0             0             0             0
 B_06               0             0             0             0             0
 A_01               0             0             0             0             0
 B_01               0             0             0             0             0


           BETA
              A_04          A_05          A_06          B_02          B_03
              ________      ________      ________      ________      ________
 IA                 0             0             0             0             0
 IB                 0             0             0             0             0
 SB                 0             0             0             0             0
 A_02               0             0             0             0             0
 A_03               0             0             0             9             0
 A_04               0             0             0             0            11
 A_05              12             0             0             0             0
 A_06               0            14             0             0             0
 B_02               0             0             0             0             0
 B_03               0             0             0            19             0
 B_04               0             0             0             0            21
 B_05              22             0             0             0             0
 B_06               0            24             0             0             0
 A_01               0             0             0             0             0
 B_01               0             0             0             0             0


           BETA
              B_04          B_05          B_06          A_01          B_01
              ________      ________      ________      ________      ________
 IA                 0             0             0             0             0
 IB                 0             0             0             0             0
 SB                 0             0             0             0             0
 A_02               0             0             0             6             7
 A_03               0             0             0             0             0
 A_04               0             0             0             0             0
 A_05              13             0             0             0             0
 A_06               0            15             0             0             0
 B_02               0             0             0            16            17
 B_03               0             0             0             0             0
 B_04               0             0             0             0             0
 B_05              23             0             0             0             0
 B_06               0            25             0             0             0
 A_01               0             0             0             0             0
 B_01               0             0             0             0             0


           PSI
              IA            IB            SB            A_02          A_03
              ________      ________      ________      ________      ________
 IA                26
 IB                27            28
 SB                 0            29            30
 A_02               0             0             0            31
 A_03               0             0             0             0            32
 A_04               0             0             0             0             0
 A_05               0             0             0             0             0
 A_06               0             0             0             0             0
 B_02               0             0             0            36             0
 B_03               0             0             0             0            38
 B_04               0             0             0             0             0
 B_05               0             0             0             0             0
 B_06               0             0             0             0             0
 A_01              46             0             0             0             0
 B_01               0            48            49             0             0


           PSI
              A_04          A_05          A_06          B_02          B_03
              ________      ________      ________      ________      ________
 A_04              33
 A_05               0            34
 A_06               0             0            35
 B_02               0             0             0            37
 B_03               0             0             0             0            39
 B_04              40             0             0             0             0
 B_05               0            42             0             0             0
 B_06               0             0            44             0             0
 A_01               0             0             0             0             0
 B_01               0             0             0             0             0


           PSI
              B_04          B_05          B_06          A_01          B_01
              ________      ________      ________      ________      ________
 B_04              41
 B_05               0            43
 B_06               0             0            45
 A_01               0             0             0            47
 B_01               0             0             0             0            50


     STARTING VALUES


           NU
              A_02          A_03          A_04          A_05          A_06
              ________      ________      ________      ________      ________
 1              0.000         0.000         0.000         0.000         0.000


           NU
              B_02          B_03          B_04          B_05          B_06
              ________      ________      ________      ________      ________
 1              0.000         0.000         0.000         0.000         0.000


           NU
              A_01          B_01
              ________      ________
 1              0.000         0.000


           LAMBDA
              IA            IB            SB            A_02          A_03
              ________      ________      ________      ________      ________
 A_02           0.000         0.000         0.000         1.000         0.000
 A_03           0.000         0.000         0.000         0.000         1.000
 A_04           0.000         0.000         0.000         0.000         0.000
 A_05           0.000         0.000         0.000         0.000         0.000
 A_06           0.000         0.000         0.000         0.000         0.000
 B_02           0.000         0.000         0.000         0.000         0.000
 B_03           0.000         0.000         0.000         0.000         0.000
 B_04           0.000         0.000         0.000         0.000         0.000
 B_05           0.000         0.000         0.000         0.000         0.000
 B_06           0.000         0.000         0.000         0.000         0.000
 A_01           0.000         0.000         0.000         0.000         0.000
 B_01           0.000         0.000         0.000         0.000         0.000


           LAMBDA
              A_04          A_05          A_06          B_02          B_03
              ________      ________      ________      ________      ________
 A_02           0.000         0.000         0.000         0.000         0.000
 A_03           0.000         0.000         0.000         0.000         0.000
 A_04           1.000         0.000         0.000         0.000         0.000
 A_05           0.000         1.000         0.000         0.000         0.000
 A_06           0.000         0.000         1.000         0.000         0.000
 B_02           0.000         0.000         0.000         1.000         0.000
 B_03           0.000         0.000         0.000         0.000         1.000
 B_04           0.000         0.000         0.000         0.000         0.000
 B_05           0.000         0.000         0.000         0.000         0.000
 B_06           0.000         0.000         0.000         0.000         0.000
 A_01           0.000         0.000         0.000         0.000         0.000
 B_01           0.000         0.000         0.000         0.000         0.000


           LAMBDA
              B_04          B_05          B_06          A_01          B_01
              ________      ________      ________      ________      ________
 A_02           0.000         0.000         0.000         0.000         0.000
 A_03           0.000         0.000         0.000         0.000         0.000
 A_04           0.000         0.000         0.000         0.000         0.000
 A_05           0.000         0.000         0.000         0.000         0.000
 A_06           0.000         0.000         0.000         0.000         0.000
 B_02           0.000         0.000         0.000         0.000         0.000
 B_03           0.000         0.000         0.000         0.000         0.000
 B_04           1.000         0.000         0.000         0.000         0.000
 B_05           0.000         1.000         0.000         0.000         0.000
 B_06           0.000         0.000         1.000         0.000         0.000
 A_01           0.000         0.000         0.000         1.000         0.000
 B_01           0.000         0.000         0.000         0.000         1.000


           THETA
              A_02          A_03          A_04          A_05          A_06
              ________      ________      ________      ________      ________
 A_02           0.000
 A_03           0.000         0.000
 A_04           0.000         0.000         0.000
 A_05           0.000         0.000         0.000         0.000
 A_06           0.000         0.000         0.000         0.000         0.000
 B_02           0.000         0.000         0.000         0.000         0.000
 B_03           0.000         0.000         0.000         0.000         0.000
 B_04           0.000         0.000         0.000         0.000         0.000
 B_05           0.000         0.000         0.000         0.000         0.000
 B_06           0.000         0.000         0.000         0.000         0.000
 A_01           0.000         0.000         0.000         0.000         0.000
 B_01           0.000         0.000         0.000         0.000         0.000


           THETA
              B_02          B_03          B_04          B_05          B_06
              ________      ________      ________      ________      ________
 B_02           0.000
 B_03           0.000         0.000
 B_04           0.000         0.000         0.000
 B_05           0.000         0.000         0.000         0.000
 B_06           0.000         0.000         0.000         0.000         0.000
 A_01           0.000         0.000         0.000         0.000         0.000
 B_01           0.000         0.000         0.000         0.000         0.000


           THETA
              A_01          B_01
              ________      ________
 A_01           0.000
 B_01           0.000         0.000


           ALPHA
              IA            IB            SB            A_02          A_03
              ________      ________      ________      ________      ________
 1              0.000         0.000         0.000         0.000         0.000


           ALPHA
              A_04          A_05          A_06          B_02          B_03
              ________      ________      ________      ________      ________
 1              0.000         0.000         0.000         0.000         0.000


           ALPHA
              B_04          B_05          B_06          A_01          B_01
              ________      ________      ________      ________      ________
 1              0.000         0.000         0.000         0.000         0.000


           BETA
              IA            IB            SB            A_02          A_03
              ________      ________      ________      ________      ________
 IA             0.000         0.000         0.000         0.000         0.000
 IB             0.000         0.000         0.000         0.000         0.000
 SB             0.000         0.000         0.000         0.000         0.000
 A_02           1.000         0.000         0.000         0.000         0.000
 A_03           1.000         0.000         0.000         0.000         0.000
 A_04           1.000         0.000         0.000         0.000         0.000
 A_05           1.000         0.000         0.000         0.000         0.000
 A_06           1.000         0.000         0.000         0.000         0.000
 B_02           0.000         1.000         0.000         0.000         0.000
 B_03           0.000         1.000         2.000         0.000         0.000
 B_04           0.000         1.000         4.000         0.000         0.000
 B_05           0.000         1.000         6.000         0.000         0.000
 B_06           0.000         1.000         8.000         0.000         0.000
 A_01           0.000         0.000         0.000         0.000         0.000
 B_01           0.000         0.000         0.000         0.000         0.000


           BETA
              A_04          A_05          A_06          B_02          B_03
              ________      ________      ________      ________      ________
 IA             0.000         0.000         0.000         0.000         0.000
 IB             0.000         0.000         0.000         0.000         0.000
 SB             0.000         0.000         0.000         0.000         0.000
 A_02           0.000         0.000         0.000         0.000         0.000
 A_03           0.000         0.000         0.000         0.000         0.000
 A_04           0.000         0.000         0.000         0.000         0.000
 A_05           0.000         0.000         0.000         0.000         0.000
 A_06           0.000         0.000         0.000         0.000         0.000
 B_02           0.000         0.000         0.000         0.000         0.000
 B_03           0.000         0.000         0.000         0.000         0.000
 B_04           0.000         0.000         0.000         0.000         0.000
 B_05           0.000         0.000         0.000         0.000         0.000
 B_06           0.000         0.000         0.000         0.000         0.000
 A_01           0.000         0.000         0.000         0.000         0.000
 B_01           0.000         0.000         0.000         0.000         0.000


           BETA
              B_04          B_05          B_06          A_01          B_01
              ________      ________      ________      ________      ________
 IA             0.000         0.000         0.000         0.000         0.000
 IB             0.000         0.000         0.000         0.000         0.000
 SB             0.000         0.000         0.000         0.000         0.000
 A_02           0.000         0.000         0.000         0.000         0.000
 A_03           0.000         0.000         0.000         0.000         0.000
 A_04           0.000         0.000         0.000         0.000         0.000
 A_05           0.000         0.000         0.000         0.000         0.000
 A_06           0.000         0.000         0.000         0.000         0.000
 B_02           0.000         0.000         0.000         0.000         0.000
 B_03           0.000         0.000         0.000         0.000         0.000
 B_04           0.000         0.000         0.000         0.000         0.000
 B_05           0.000         0.000         0.000         0.000         0.000
 B_06           0.000         0.000         0.000         0.000         0.000
 A_01           0.000         0.000         0.000         0.000         0.000
 B_01           0.000         0.000         0.000         0.000         0.000


           PSI
              IA            IB            SB            A_02          A_03
              ________      ________      ________      ________      ________
 IA             0.050
 IB             0.000         0.050
 SB             0.000         0.000         0.050
 A_02           0.000         0.000         0.000         1.787
 A_03           0.000         0.000         0.000         0.000         1.760
 A_04           0.000         0.000         0.000         0.000         0.000
 A_05           0.000         0.000         0.000         0.000         0.000
 A_06           0.000         0.000         0.000         0.000         0.000
 B_02           0.000         0.000         0.000         0.000         0.000
 B_03           0.000         0.000         0.000         0.000         0.000
 B_04           0.000         0.000         0.000         0.000         0.000
 B_05           0.000         0.000         0.000         0.000         0.000
 B_06           0.000         0.000         0.000         0.000         0.000
 A_01           0.000         0.000         0.000         0.000         0.000
 B_01           0.000         0.000         0.000         0.000         0.000


           PSI
              A_04          A_05          A_06          B_02          B_03
              ________      ________      ________      ________      ________
 A_04           1.896
 A_05           0.000         1.948
 A_06           0.000         0.000         1.930
 B_02           0.000         0.000         0.000         0.129
 B_03           0.000         0.000         0.000         0.000         0.132
 B_04           0.000         0.000         0.000         0.000         0.000
 B_05           0.000         0.000         0.000         0.000         0.000
 B_06           0.000         0.000         0.000         0.000         0.000
 A_01           0.000         0.000         0.000         0.000         0.000
 B_01           0.000         0.000         0.000         0.000         0.000


           PSI
              B_04          B_05          B_06          A_01          B_01
              ________      ________      ________      ________      ________
 B_04           0.130
 B_05           0.000         0.126
 B_06           0.000         0.000         0.128
 A_01           0.000         0.000         0.000         1.695
 B_01           0.000         0.000         0.000         0.000         0.111


     Beginning Time:  01:23:32
        Ending Time:  01:28:02
       Elapsed Time:  00:04:30



MUTHEN & MUTHEN
3463 Stoner Ave.
Los Angeles, CA  90066

Tel: (310) 391-9971
Fax: (310) 391-8971
Web: www.StatModel.com
Support: Support@StatModel.com

Copyright (c) 1998-2015 Muthen & Muthen
