Mplus VERSION 7.4 (Mac)
MUTHEN & MUTHEN
10/30/2017   7:24 PM

INPUT INSTRUCTIONS

  TITLE:
  13b - Predetermined ALT, no social slope, no time-correlations.
  stationary cognitive and social
  DATA:
  File = wide-dataset-b.dat;
  VARIABLE:
  NAMES are
   id hhid male birthyr_rand birthmo_rand race_rand hispanic_rand cohort
      raedyrs raedegrm memoryproblems_baseline memory_disease_ever age_baseline
      age_baseline_65 health_conditions_baseline healthcond_mean activity_mean_2004
      activity_mean_2006 activity_mean_2008 activity_mean_2010 activity_mean_2012
      activity_mean_2014 activity_sum_2004 activity_sum_2006 activity_sum_2008
      activity_sum_2010 activity_sum_2012 activity_sum_2014 close_social_network_2004
      close_social_network_2006 close_social_network_2008 close_social_network_2010
      close_social_network_2012 close_social_network_2014 countb20r_2004
      countb20r_2006 countb20r_2008 countb20r_2010 countb20r_2012 countb20r_2014
      crp_adj_2004 crp_adj_2006 crp_adj_2008 crp_adj_2010 crp_adj_2012 crp_adj_2014
      dep_total_2004 dep_total_2006 dep_total_2008 dep_total_2010 dep_total_2012
      dep_total_2014 exercise_2004 exercise_2006 exercise_2008 exercise_2010
      exercise_2012 exercise_2014 healthcond_2004 healthcond_2006 healthcond_2008
      healthcond_2010 healthcond_2012 healthcond_2014 hhres_2004 hhres_2006
      hhres_2008 hhres_2010 hhres_2012 hhres_2014 hrs_tscore_2004 hrs_tscore_2006
      hrs_tscore_2008 hrs_tscore_2010 hrs_tscore_2012 hrs_tscore_2014 intage_r_2004
      intage_r_2006 intage_r_2008 intage_r_2010 intage_r_2012 intage_r_2014
      interview_date_2004 interview_date_2006 interview_date_2008 interview_date_2010
      interview_date_2012 interview_date_2014 lb_65_wave_2004 lb_65_wave_2006
      lb_65_wave_2008 lb_65_wave_2010 lb_65_wave_2012 lb_65_wave_2014 lb_wave_2004
      lb_wave_2006 lb_wave_2008 lb_wave_2010 lb_wave_2012 lb_wave_2014 listassi_2004
      listassi_2006 listassi_2008 listassi_2010 listassi_2012 listassi_2014
      mentalstatus_tot_2004 mentalstatus_tot_2006 mentalstatus_tot_2008
      mentalstatus_tot_2010 mentalstatus_tot_2012 mentalstatus_tot_2014 proxy_2004
      proxy_2006 proxy_2008 proxy_2010 proxy_2012 proxy_2014 responded_2004
      responded_2006 responded_2008 responded_2010 responded_2012 responded_2014
      rmaritalst_2004 rmaritalst_2006 rmaritalst_2008 rmaritalst_2010 rmaritalst_2012
      rmaritalst_2014 rpartst_2004 rpartst_2006 rpartst_2008 rpartst_2010
      rpartst_2012 rpartst_2014 score_loneliness_11_2004 score_loneliness_11_2006
      score_loneliness_11_2008 score_loneliness_11_2010 score_loneliness_11_2012
      score_loneliness_11_2014 score_loneliness_3_2004 score_loneliness_3_2006
      score_loneliness_3_2008 score_loneliness_3_2010 score_loneliness_3_2012
      score_loneliness_3_2014 shhidpnr_2004 shhidpnr_2006 shhidpnr_2008 shhidpnr_2010
      shhidpnr_2012 shhidpnr_2014 snchild_2004 snchild_2006 snchild_2008 snchild_2010
      snchild_2012 snchild_2014 snfamily_2004 snfamily_2006 snfamily_2008
      snfamily_2010 snfamily_2012 snfamily_2014 snfriends_2004 snfriends_2006
      snfriends_2008 snfriends_2010 snfriends_2012 snfriends_2014 snspouse_2004
      snspouse_2006 snspouse_2008 snspouse_2010 snspouse_2012 snspouse_2014
      social_contact_total_2004 social_contact_total_2006 social_contact_total_2008
      social_contact_total_2010 social_contact_total_2012 social_contact_total_2014
      social_strain_mean_2004 social_strain_mean_2006 social_strain_mean_2008
      social_strain_mean_2010 social_strain_mean_2012 social_strain_mean_2014
      social_support_mean_2004 social_support_mean_2006 social_support_mean_2008
      social_support_mean_2010 social_support_mean_2012 social_support_mean_2014
      socialnetwork_total_2004 socialnetwork_total_2006 socialnetwork_total_2008
      socialnetwork_total_2010 socialnetwork_total_2012 socialnetwork_total_2014
      srmemory_2004 srmemory_2006 srmemory_2008 srmemory_2010 srmemory_2012
      srmemory_2014 srmemoryp_2004 srmemoryp_2006 srmemoryp_2008 srmemoryp_2010
      srmemoryp_2012 srmemoryp_2014 vocab_total_2004 vocab_total_2006 vocab_total_2008
      vocab_total_2010 vocab_total_2012 vocab_total_2014 wrectotd_2004 wrectotd_2006
      wrectotd_2008 wrectotd_2010 wrectotd_2012 wrectotd_2014 wrectoti_2004
      wrectoti_2006 wrectoti_2008 wrectoti_2010 wrectoti_2012 wrectoti_2014
  	;
  Missing are all(9999);
  USEVARIABLES are
  	!define the variables used in the analysis
  	!estimated time points
  a_01
  a_02
  a_03
  a_04
  a_05
  a_06
  	!modelled time points of process (B)
  b_01
  b_02
  b_03
  b_04
  b_05
  b_06
  	! covariates used in the model
  	;
  SUBPOPULATION are
  	!select a subset of observations
  age_baseline > 64 AND
  memory_disease_ever EQ 0
  ;
  CLUSTER = hhid;
  DEFINE:
    ! centre baseline age
  a = age_baseline - 69;
  	! assign variables to the process (A)
  a_01=wrectotd_2004;
  a_02=wrectotd_2006;
  a_03=wrectotd_2008;
  a_04=wrectotd_2010;
  a_05=wrectotd_2012;
  a_06=wrectotd_2014;
  	! assign variables to the process (B)
  b_01=score_loneliness_3_2004;
  b_02=score_loneliness_3_2006;
  b_03=score_loneliness_3_2008;
  b_04=score_loneliness_3_2010;
  b_05=score_loneliness_3_2012;
  b_06=score_loneliness_3_2014;
  ANALYSIS:
  TYPE = COMPLEX RANDOM;
  model=nocovariances;
  COVERAGE=.00;
  H1ITERATIONS = 10000;
  MODEL:
  	!LGM part
  	! assign process (A) to time points
  ia BY a_02@1 a_03@1 a_04@1 a_05@1 a_06@1;
  sa BY a_02@0 a_03@2 a_04@4 a_05@6 a_06@8;
  	! assign process (B) to time points
  ib BY b_02@1 b_03@1 b_04@1 b_05@1 b_06@1;
  !sb BY b_02@0 b_03@2 b_04@4 b_05@6 b_06@8;
  	!correlations between the first measurement points
  	!autoregressive part
  a_01 a_02 a_03 a_04 a_05 a_06;
  a_02 ON a_01(1);
  a_03 ON a_02(1);
  a_04 ON a_03(1);
  a_05 ON a_04(1);
  a_06 ON a_05(1);
  b_01 b_02 b_03 b_04 b_05 b_06;
  b_02 ON b_01(2);
  b_03 ON b_02(2);
  b_04 ON b_03(2);
  b_05 ON b_04(2);
  b_06 ON b_05(2);
  	!Cross lagged part
  a_02 ON b_01;
  a_03 ON b_02;
  a_04 ON b_03;
  a_05 ON b_04;
  a_06 ON b_05;
  b_02 ON a_01;
  b_03 ON a_02;
  b_04 ON a_03;
  b_05 ON a_04;
  b_06 ON a_05;
  ia;
  sa;
  ib;
  !sb;
  ia with sa;
  !ib with sb;
  ia with a_01;
  sa with a_01;
  ib with b_01;
  a_01 with b_01;
  !sb with b_01;
  ia with ib;
  !sa with sb;
  ! Time specific correlations
  !b_02 WITH a_02;
  !b_03 WITH a_03;
  !b_04 WITH a_04;
  !b_05 WITH a_05;
  !b_06 WITH a_06;
  [a_02@0 a_03@0 a_04@0 a_05@0 a_06@0];
  [b_02@0 b_03@0 b_04@0 b_05@0 b_06@0];
  [ia];
  [ib];
  [sa];
  ![sb];
  [a_01];
  [b_01];
  	
  OUTPUT: SAMPSTAT MODINDICES (3.0); TECH1; TECH4;



*** WARNING in OUTPUT command
  TECH4 option for TYPE=RANDOM requires ALGORITHM=INTEGRATION.
  Request for TECH4 is ignored.
   1 WARNING(S) FOUND IN THE INPUT INSTRUCTIONS




13b - Predetermined ALT, no social slope, no time-correlations.
stationary cognitive and social

SUMMARY OF ANALYSIS

Number of groups                                                 1
Number of observations                                        5952

Number of dependent variables                                   10
Number of independent variables                                  2
Number of continuous latent variables                            3

Observed dependent variables

  Continuous
   A_02        A_03        A_04        A_05        A_06        B_02
   B_03        B_04        B_05        B_06

Observed independent variables
   A_01        B_01

Continuous latent variables
   IA          SA          IB

Variables with special functions

  Cluster variable      HHID

Estimator                                                      MLR
Information matrix                                        OBSERVED
Maximum number of iterations                                   100
Convergence criterion                                    0.100D-05
Maximum number of EM iterations                                500
Convergence criteria for the EM algorithm
  Loglikelihood change                                   0.100D-02
  Relative loglikelihood change                          0.100D-05
  Derivative                                             0.100D-03
Minimum variance                                         0.100D-03
Maximum number of steepest descent iterations                   20
Maximum number of iterations for H1                          10000
Convergence criterion for H1                             0.100D-03
Optimization algorithm                                         EMA

Input data file(s)
  wide-dataset-b.dat
Input data format  FREE


SUMMARY OF DATA

     Number of missing data patterns           274
     Number of clusters        4882



SAMPLE STATISTICS


     ESTIMATED SAMPLE STATISTICS


           Means
              A_02          A_03          A_04          A_05          A_06
              ________      ________      ________      ________      ________
 1              4.216         4.110         3.722         3.506         3.314


           Means
              B_02          B_03          B_04          B_05          B_06
              ________      ________      ________      ________      ________
 1              1.433         1.440         1.439         1.469         1.458


           Means
              A_01          B_01
              ________      ________
 1              4.374         1.380


           Covariances
              A_02          A_03          A_04          A_05          A_06
              ________      ________      ________      ________      ________
 A_02           3.591
 A_03           1.660         3.524
 A_04           1.801         1.792         3.811
 A_05           1.723         1.937         1.993         3.968
 A_06           1.873         1.710         2.108         2.184         3.995
 B_02          -0.106        -0.074        -0.094        -0.090        -0.105
 B_03          -0.112        -0.096        -0.105        -0.120        -0.127
 B_04          -0.082        -0.068        -0.089        -0.101        -0.102
 B_05          -0.073        -0.046        -0.059        -0.108        -0.080
 B_06          -0.088        -0.061        -0.107        -0.103        -0.101
 A_01           1.740         1.664         1.599         1.712         1.605
 B_01          -0.095        -0.065        -0.077        -0.063        -0.130


           Covariances
              B_02          B_03          B_04          B_05          B_06
              ________      ________      ________      ________      ________
 B_02           0.258
 B_03           0.087         0.266
 B_04           0.143         0.064         0.262
 B_05           0.066         0.148         0.008         0.256
 B_06           0.134         0.136         0.149         0.095         0.265
 A_01          -0.098        -0.107        -0.088        -0.092        -0.092
 B_01           0.142         0.123         0.114         0.122         0.115


           Covariances
              A_01          B_01
              ________      ________
 A_01           3.403
 B_01          -0.106         0.230


           Correlations
              A_02          A_03          A_04          A_05          A_06
              ________      ________      ________      ________      ________
 A_02           1.000
 A_03           0.467         1.000
 A_04           0.487         0.489         1.000
 A_05           0.456         0.518         0.513         1.000
 A_06           0.494         0.456         0.540         0.548         1.000
 B_02          -0.110        -0.078        -0.095        -0.089        -0.103
 B_03          -0.114        -0.100        -0.104        -0.117        -0.123
 B_04          -0.085        -0.071        -0.089        -0.099        -0.100
 B_05          -0.076        -0.049        -0.060        -0.107        -0.079
 B_06          -0.090        -0.063        -0.106        -0.100        -0.099
 A_01           0.498         0.481         0.444         0.466         0.435
 B_01          -0.105        -0.072        -0.082        -0.066        -0.135


           Correlations
              B_02          B_03          B_04          B_05          B_06
              ________      ________      ________      ________      ________
 B_02           1.000
 B_03           0.333         1.000
 B_04           0.549         0.242         1.000
 B_05           0.255         0.567         0.032         1.000
 B_06           0.511         0.512         0.565         0.364         1.000
 A_01          -0.105        -0.113        -0.093        -0.098        -0.097
 B_01           0.584         0.498         0.463         0.501         0.464


           Correlations
              A_01          B_01
              ________      ________
 A_01           1.000
 B_01          -0.120         1.000


     MAXIMUM LOG-LIKELIHOOD VALUE FOR THE UNRESTRICTED (H1) MODEL IS -69567.858


UNIVARIATE SAMPLE STATISTICS


     UNIVARIATE HIGHER-ORDER MOMENT DESCRIPTIVE STATISTICS

         Variable/         Mean/     Skewness/   Minimum/ % with                Percentiles
        Sample Size      Variance    Kurtosis    Maximum  Min/Max      20%/60%    40%/80%    Median

     A_02                  4.227      -0.154       0.000    4.88%       3.000      4.000      4.000
            5671.000       3.575       0.108      10.000    0.37%       5.000      6.000
     A_03                  4.123      -0.205       0.000    5.40%       3.000      4.000      4.000
            5775.000       3.519      -0.027      10.000    0.14%       5.000      6.000
     A_04                  3.750      -0.101       0.000    8.11%       2.000      3.000      4.000
            5669.000       3.793      -0.258      10.000    0.11%       4.000      5.000
     A_05                  3.607      -0.083       0.000    9.78%       2.000      3.000      4.000
            5132.000       3.896      -0.361      10.000    0.12%       4.000      5.000
     A_06                  3.492      -0.040       0.000   10.50%       2.000      3.000      4.000
            4429.000       3.860      -0.393      10.000    0.07%       4.000      5.000
     B_02                  1.432       1.083       1.000   45.40%       1.000      1.000      1.333
            2771.000       0.259       0.516       3.000    2.24%       1.333      2.000
     B_03                  1.437       1.063       1.000   45.38%       1.000      1.000      1.333
            2719.000       0.265       0.388       3.000    2.02%       1.333      2.000
     B_04                  1.428       1.148       1.000   45.05%       1.000      1.000      1.333
            2617.000       0.260       0.655       3.000    2.25%       1.333      2.000
     B_05                  1.455       0.975       1.000   41.23%       1.000      1.000      1.333
            2219.000       0.251       0.285       3.000    1.89%       1.333      2.000
     B_06                  1.429       1.081       1.000   44.93%       1.000      1.000      1.333
            2010.000       0.256       0.406       3.000    1.74%       1.333      2.000
     A_01                  4.400      -0.160       0.000    3.69%       3.000      4.000      4.000
            5478.000       3.390       0.175      10.000    0.31%       5.000      6.000
     B_01                  1.353       1.282       1.000   53.05%       1.000      1.000      1.000
            1050.000       0.223       0.886       3.000    1.05%       1.333      1.667


THE MODEL ESTIMATION TERMINATED NORMALLY



MODEL FIT INFORMATION

Number of Free Parameters                       38

Loglikelihood

          H0 Value                      -69655.520
          H0 Scaling Correction Factor      1.2498
            for MLR
          H1 Value                      -69567.858
          H1 Scaling Correction Factor      1.1394
            for MLR

Information Criteria

          Akaike (AIC)                  139387.040
          Bayesian (BIC)                139641.316
          Sample-Size Adjusted BIC      139520.563
            (n* = (n + 2) / 24)

Chi-Square Test of Model Fit

          Value                            165.587*
          Degrees of Freedom                    52
          P-Value                           0.0000
          Scaling Correction Factor         1.0588
            for MLR

*   The chi-square value for MLM, MLMV, MLR, ULSMV, WLSM and WLSMV cannot be used
    for chi-square difference testing in the regular way.  MLM, MLR and WLSM
    chi-square difference testing is described on the Mplus website.  MLMV, WLSMV,
    and ULSMV difference testing is done using the DIFFTEST option.

RMSEA (Root Mean Square Error Of Approximation)

          Estimate                           0.019

CFI/TLI

          CFI                                0.990
          TLI                                0.988

Chi-Square Test of Model Fit for the Baseline Model

          Value                          11700.643
          Degrees of Freedom                    66
          P-Value                           0.0000

SRMR (Standardized Root Mean Square Residual)

          Value                              0.106



MODEL RESULTS

                                                    Two-Tailed
                    Estimate       S.E.  Est./S.E.    P-Value

 IA       BY
    A_02               1.000      0.000    999.000    999.000
    A_03               1.000      0.000    999.000    999.000
    A_04               1.000      0.000    999.000    999.000
    A_05               1.000      0.000    999.000    999.000
    A_06               1.000      0.000    999.000    999.000

 SA       BY
    A_02               0.000      0.000    999.000    999.000
    A_03               2.000      0.000    999.000    999.000
    A_04               4.000      0.000    999.000    999.000
    A_05               6.000      0.000    999.000    999.000
    A_06               8.000      0.000    999.000    999.000

 IB       BY
    B_02               1.000      0.000    999.000    999.000
    B_03               1.000      0.000    999.000    999.000
    B_04               1.000      0.000    999.000    999.000
    B_05               1.000      0.000    999.000    999.000
    B_06               1.000      0.000    999.000    999.000

 A_02       ON
    A_01              -0.009      0.014     -0.633      0.527
    B_01              -0.211      0.072     -2.922      0.003

 A_03       ON
    A_02              -0.009      0.014     -0.633      0.527
    B_02              -0.119      0.060     -1.974      0.048

 A_04       ON
    A_03              -0.009      0.014     -0.633      0.527
    B_03              -0.231      0.056     -4.102      0.000

 A_05       ON
    A_04              -0.009      0.014     -0.633      0.527
    B_04              -0.234      0.058     -4.076      0.000

 A_06       ON
    A_05              -0.009      0.014     -0.633      0.527
    B_05              -0.211      0.062     -3.405      0.001

 B_02       ON
    B_01               0.243      0.066      3.704      0.000
    A_01              -0.013      0.003     -4.177      0.000

 B_03       ON
    B_02               0.243      0.066      3.704      0.000
    A_02              -0.015      0.003     -4.638      0.000

 B_04       ON
    B_03               0.243      0.066      3.704      0.000
    A_03              -0.014      0.003     -4.325      0.000

 B_05       ON
    B_04               0.243      0.066      3.704      0.000
    A_04              -0.009      0.004     -2.397      0.017

 B_06       ON
    B_05               0.243      0.066      3.704      0.000
    A_05              -0.014      0.004     -3.804      0.000

 IA       WITH
    SA                 0.011      0.009      1.241      0.214
    A_01               1.716      0.061     27.986      0.000
    IB                 0.008      0.011      0.712      0.476

 SA       WITH
    A_01              -0.013      0.007     -1.887      0.059

 IB       WITH
    B_01               0.085      0.011      8.068      0.000

 A_01     WITH
    B_01              -0.047      0.021     -2.265      0.024

 Means
    A_01               4.374      0.025    175.111      0.000
    B_01               1.379      0.013    104.377      0.000
    IA                 4.540      0.116     39.167      0.000
    SA                -0.111      0.013     -8.476      0.000
    IB                 1.153      0.093     12.401      0.000

 Intercepts
    A_02               0.000      0.000    999.000    999.000
    A_03               0.000      0.000    999.000    999.000
    A_04               0.000      0.000    999.000    999.000
    A_05               0.000      0.000    999.000    999.000
    A_06               0.000      0.000    999.000    999.000
    B_02               0.000      0.000    999.000    999.000
    B_03               0.000      0.000    999.000    999.000
    B_04               0.000      0.000    999.000    999.000
    B_05               0.000      0.000    999.000    999.000
    B_06               0.000      0.000    999.000    999.000

 Variances
    A_01               3.400      0.068     50.141      0.000
    B_01               0.229      0.011     20.920      0.000
    IA                 1.704      0.099     17.260      0.000
    SA                 0.007      0.002      3.294      0.001
    IB                 0.080      0.016      5.072      0.000

 Residual Variances
    A_02               1.864      0.067     28.010      0.000
    A_03               1.831      0.053     34.804      0.000
    A_04               1.881      0.050     37.621      0.000
    A_05               1.822      0.055     33.170      0.000
    A_06               1.714      0.070     24.658      0.000
    B_02               0.122      0.006     19.465      0.000
    B_03               0.120      0.007     17.493      0.000
    B_04               0.115      0.007     16.463      0.000
    B_05               0.108      0.007     16.389      0.000
    B_06               0.118      0.007     15.791      0.000


QUALITY OF NUMERICAL RESULTS

     Condition Number for the Information Matrix              0.336E-04
       (ratio of smallest to largest eigenvalue)


MODEL MODIFICATION INDICES

NOTE:  Modification indices for direct effects of observed dependent variables
regressed on covariates may not be included.  To include these, request
MODINDICES (ALL).

Minimum M.I. value for printing the modification index     3.000

                                   M.I.     E.P.C.


ON/BY Statements

A_02     ON IA       /
IA       BY A_02                   3.080     0.032
A_03     ON SA       /
SA       BY A_03                   3.037    -0.752
A_04     ON SA       /
SA       BY A_04                   9.526     1.303
A_06     ON IB       /
IB       BY A_06                   7.067    -0.541
B_02     ON SA       /
SA       BY B_02                   6.247    -0.367
B_03     ON SA       /
SA       BY B_03                   4.142    -0.291
B_04     ON IA       /
IA       BY B_04                   3.410    -0.013
B_05     ON SA       /
SA       BY B_05                   5.332     0.305
A_01     ON IA       /
IA       BY A_01                  35.024    -8.236
A_01     ON IB       /
IB       BY A_01                  35.044    -0.818
B_01     ON IA       /
IA       BY B_01                   9.471    -0.037
B_01     ON SA       /
SA       BY B_01                   8.700    -1.029
B_01     ON IB       /
IB       BY B_01                   8.722    -7.831
IA       ON IB       /
IB       BY IA                     9.251    -0.746
SA       ON IB       /
IB       BY SA                    10.439    -0.099
IB       ON IA       /
IA       BY IB                    35.443    -0.038

ON Statements

IA       ON A_03                   3.171    -0.032
IA       ON A_04                  10.639     0.049
IA       ON B_02                  15.962    -0.294
IA       ON B_03                  10.884    -0.284
IA       ON A_01                   9.249     1.354
IA       ON B_01                   9.252    -0.278
SA       ON A_03                   7.009    -0.007
SA       ON A_04                   3.940     0.005
SA       ON A_06                   4.254    -0.017
SA       ON B_02                   9.253    -0.033
SA       ON B_03                  13.343    -0.040
SA       ON B_04                   3.570    -0.026
SA       ON A_01                   7.446     0.163
SA       ON B_01                  13.407    -0.054
IB       ON A_02                  18.693    -0.016
IB       ON A_03                   5.985    -0.009
IB       ON A_04                   3.895    -0.007
IB       ON A_05                  19.916    -0.017
IB       ON A_06                  16.460    -0.017
IB       ON A_01                  34.776    -0.019
IB       ON B_01                  34.893     1.380
A_02     ON A_02                   3.061     0.032
A_02     ON A_04                   5.698     0.032
A_02     ON A_06                  13.590     0.052
A_02     ON A_01                   4.272     0.022
A_03     ON A_02                   4.040    -0.022
A_03     ON A_06                  21.344    -0.048
A_04     ON A_01                   6.271    -0.024
A_05     ON A_03                  11.272     0.035
A_05     ON A_01                   4.907     0.023
A_06     ON A_02                   5.594     0.034
A_06     ON A_03                  18.845    -0.057
A_06     ON B_02                   6.016    -0.201
A_06     ON B_03                  13.223    -0.301
A_06     ON B_04                   5.254    -0.251
A_06     ON B_01                  11.905    -0.350
B_02     ON A_02                   3.295    -0.009
B_02     ON A_05                   3.977    -0.011
B_02     ON A_06                   4.099    -0.011
B_03     ON A_06                   9.428    -0.017
B_04     ON A_01                   8.847    -0.014
B_05     ON A_02                   4.911    -0.012
B_05     ON A_05                   3.601    -0.010
B_05     ON A_01                   8.203    -0.014
A_01     ON A_02                   3.821     0.058
A_01     ON A_04                  11.466    -0.060
A_01     ON A_05                   6.473     0.051
A_01     ON B_02                  15.684    -0.338
A_01     ON B_03                  20.663    -0.309
A_01     ON B_04                  27.919    -0.332
A_01     ON B_05                  30.601    -0.372
A_01     ON B_06                  26.478    -0.349
A_01     ON B_01                  35.046    -0.763
B_01     ON A_02                   5.615    -0.020
B_01     ON A_03                   4.507    -0.015
B_01     ON A_04                   5.256    -0.015
B_01     ON A_06                  15.168    -0.026
B_01     ON A_01                   8.931    -0.038

WITH Statements

A_03     WITH IA                   3.634    -0.063
A_03     WITH SA                   7.498    -0.014
A_04     WITH IA                   9.771     0.089
A_04     WITH SA                   3.173     0.009
A_04     WITH A_02                 3.501     0.076
A_05     WITH A_02                17.172    -0.150
A_05     WITH A_03                17.764     0.155
A_06     WITH SA                   4.306    -0.030
A_06     WITH A_02                21.992     0.231
A_06     WITH A_03                42.312    -0.250
A_06     WITH A_04                 5.766     0.108
B_02     WITH IA                   9.739    -0.035
B_02     WITH SA                   3.186    -0.003
B_03     WITH SA                   6.101    -0.005
B_03     WITH A_06                 7.363    -0.042
B_04     WITH IA                   5.070     0.026
B_04     WITH A_03                 3.287     0.026
B_05     WITH IA                   3.724     0.024
B_05     WITH SA                   7.179     0.006
B_05     WITH A_05                 3.360    -0.025
B_05     WITH A_06                 9.935     0.056
A_01     WITH IB                  35.044    -0.065
A_01     WITH A_02                 3.216     0.100
A_01     WITH A_04                12.981    -0.121
A_01     WITH A_05                 4.924     0.081
A_01     WITH B_04                 7.802    -0.036
A_01     WITH B_05                 7.325    -0.038
B_01     WITH IA                   9.253    -0.064
B_01     WITH SA                   7.452    -0.008
B_01     WITH A_06                 9.818    -0.066


TECHNICAL 1 OUTPUT


     PARAMETER SPECIFICATION


           NU
              A_02          A_03          A_04          A_05          A_06
              ________      ________      ________      ________      ________
 1                  0             0             0             0             0


           NU
              B_02          B_03          B_04          B_05          B_06
              ________      ________      ________      ________      ________
 1                  0             0             0             0             0


           NU
              A_01          B_01
              ________      ________
 1                  0             0


           LAMBDA
              IA            SA            IB            A_02          A_03
              ________      ________      ________      ________      ________
 A_02               0             0             0             0             0
 A_03               0             0             0             0             0
 A_04               0             0             0             0             0
 A_05               0             0             0             0             0
 A_06               0             0             0             0             0
 B_02               0             0             0             0             0
 B_03               0             0             0             0             0
 B_04               0             0             0             0             0
 B_05               0             0             0             0             0
 B_06               0             0             0             0             0
 A_01               0             0             0             0             0
 B_01               0             0             0             0             0


           LAMBDA
              A_04          A_05          A_06          B_02          B_03
              ________      ________      ________      ________      ________
 A_02               0             0             0             0             0
 A_03               0             0             0             0             0
 A_04               0             0             0             0             0
 A_05               0             0             0             0             0
 A_06               0             0             0             0             0
 B_02               0             0             0             0             0
 B_03               0             0             0             0             0
 B_04               0             0             0             0             0
 B_05               0             0             0             0             0
 B_06               0             0             0             0             0
 A_01               0             0             0             0             0
 B_01               0             0             0             0             0


           LAMBDA
              B_04          B_05          B_06          A_01          B_01
              ________      ________      ________      ________      ________
 A_02               0             0             0             0             0
 A_03               0             0             0             0             0
 A_04               0             0             0             0             0
 A_05               0             0             0             0             0
 A_06               0             0             0             0             0
 B_02               0             0             0             0             0
 B_03               0             0             0             0             0
 B_04               0             0             0             0             0
 B_05               0             0             0             0             0
 B_06               0             0             0             0             0
 A_01               0             0             0             0             0
 B_01               0             0             0             0             0


           THETA
              A_02          A_03          A_04          A_05          A_06
              ________      ________      ________      ________      ________
 A_02               0
 A_03               0             0
 A_04               0             0             0
 A_05               0             0             0             0
 A_06               0             0             0             0             0
 B_02               0             0             0             0             0
 B_03               0             0             0             0             0
 B_04               0             0             0             0             0
 B_05               0             0             0             0             0
 B_06               0             0             0             0             0
 A_01               0             0             0             0             0
 B_01               0             0             0             0             0


           THETA
              B_02          B_03          B_04          B_05          B_06
              ________      ________      ________      ________      ________
 B_02               0
 B_03               0             0
 B_04               0             0             0
 B_05               0             0             0             0
 B_06               0             0             0             0             0
 A_01               0             0             0             0             0
 B_01               0             0             0             0             0


           THETA
              A_01          B_01
              ________      ________
 A_01               0
 B_01               0             0


           ALPHA
              IA            SA            IB            A_02          A_03
              ________      ________      ________      ________      ________
 1                  1             2             3             0             0


           ALPHA
              A_04          A_05          A_06          B_02          B_03
              ________      ________      ________      ________      ________
 1                  0             0             0             0             0


           ALPHA
              B_04          B_05          B_06          A_01          B_01
              ________      ________      ________      ________      ________
 1                  0             0             0             4             5


           BETA
              IA            SA            IB            A_02          A_03
              ________      ________      ________      ________      ________
 IA                 0             0             0             0             0
 SA                 0             0             0             0             0
 IB                 0             0             0             0             0
 A_02               0             0             0             0             0
 A_03               0             0             0             6             0
 A_04               0             0             0             0             6
 A_05               0             0             0             0             0
 A_06               0             0             0             0             0
 B_02               0             0             0             0             0
 B_03               0             0             0            14             0
 B_04               0             0             0             0            15
 B_05               0             0             0             0             0
 B_06               0             0             0             0             0
 A_01               0             0             0             0             0
 B_01               0             0             0             0             0


           BETA
              A_04          A_05          A_06          B_02          B_03
              ________      ________      ________      ________      ________
 IA                 0             0             0             0             0
 SA                 0             0             0             0             0
 IB                 0             0             0             0             0
 A_02               0             0             0             0             0
 A_03               0             0             0             8             0
 A_04               0             0             0             0             9
 A_05               6             0             0             0             0
 A_06               0             6             0             0             0
 B_02               0             0             0             0             0
 B_03               0             0             0            13             0
 B_04               0             0             0             0            13
 B_05              16             0             0             0             0
 B_06               0            17             0             0             0
 A_01               0             0             0             0             0
 B_01               0             0             0             0             0


           BETA
              B_04          B_05          B_06          A_01          B_01
              ________      ________      ________      ________      ________
 IA                 0             0             0             0             0
 SA                 0             0             0             0             0
 IB                 0             0             0             0             0
 A_02               0             0             0             6             7
 A_03               0             0             0             0             0
 A_04               0             0             0             0             0
 A_05              10             0             0             0             0
 A_06               0            11             0             0             0
 B_02               0             0             0            12            13
 B_03               0             0             0             0             0
 B_04               0             0             0             0             0
 B_05              13             0             0             0             0
 B_06               0            13             0             0             0
 A_01               0             0             0             0             0
 B_01               0             0             0             0             0


           PSI
              IA            SA            IB            A_02          A_03
              ________      ________      ________      ________      ________
 IA                18
 SA                19            20
 IB                21             0            22
 A_02               0             0             0            23
 A_03               0             0             0             0            24
 A_04               0             0             0             0             0
 A_05               0             0             0             0             0
 A_06               0             0             0             0             0
 B_02               0             0             0             0             0
 B_03               0             0             0             0             0
 B_04               0             0             0             0             0
 B_05               0             0             0             0             0
 B_06               0             0             0             0             0
 A_01              33            34             0             0             0
 B_01               0             0            36             0             0


           PSI
              A_04          A_05          A_06          B_02          B_03
              ________      ________      ________      ________      ________
 A_04              25
 A_05               0            26
 A_06               0             0            27
 B_02               0             0             0            28
 B_03               0             0             0             0            29
 B_04               0             0             0             0             0
 B_05               0             0             0             0             0
 B_06               0             0             0             0             0
 A_01               0             0             0             0             0
 B_01               0             0             0             0             0


           PSI
              B_04          B_05          B_06          A_01          B_01
              ________      ________      ________      ________      ________
 B_04              30
 B_05               0            31
 B_06               0             0            32
 A_01               0             0             0            35
 B_01               0             0             0            37            38


     STARTING VALUES


           NU
              A_02          A_03          A_04          A_05          A_06
              ________      ________      ________      ________      ________
 1              0.000         0.000         0.000         0.000         0.000


           NU
              B_02          B_03          B_04          B_05          B_06
              ________      ________      ________      ________      ________
 1              0.000         0.000         0.000         0.000         0.000


           NU
              A_01          B_01
              ________      ________
 1              0.000         0.000


           LAMBDA
              IA            SA            IB            A_02          A_03
              ________      ________      ________      ________      ________
 A_02           0.000         0.000         0.000         1.000         0.000
 A_03           0.000         0.000         0.000         0.000         1.000
 A_04           0.000         0.000         0.000         0.000         0.000
 A_05           0.000         0.000         0.000         0.000         0.000
 A_06           0.000         0.000         0.000         0.000         0.000
 B_02           0.000         0.000         0.000         0.000         0.000
 B_03           0.000         0.000         0.000         0.000         0.000
 B_04           0.000         0.000         0.000         0.000         0.000
 B_05           0.000         0.000         0.000         0.000         0.000
 B_06           0.000         0.000         0.000         0.000         0.000
 A_01           0.000         0.000         0.000         0.000         0.000
 B_01           0.000         0.000         0.000         0.000         0.000


           LAMBDA
              A_04          A_05          A_06          B_02          B_03
              ________      ________      ________      ________      ________
 A_02           0.000         0.000         0.000         0.000         0.000
 A_03           0.000         0.000         0.000         0.000         0.000
 A_04           1.000         0.000         0.000         0.000         0.000
 A_05           0.000         1.000         0.000         0.000         0.000
 A_06           0.000         0.000         1.000         0.000         0.000
 B_02           0.000         0.000         0.000         1.000         0.000
 B_03           0.000         0.000         0.000         0.000         1.000
 B_04           0.000         0.000         0.000         0.000         0.000
 B_05           0.000         0.000         0.000         0.000         0.000
 B_06           0.000         0.000         0.000         0.000         0.000
 A_01           0.000         0.000         0.000         0.000         0.000
 B_01           0.000         0.000         0.000         0.000         0.000


           LAMBDA
              B_04          B_05          B_06          A_01          B_01
              ________      ________      ________      ________      ________
 A_02           0.000         0.000         0.000         0.000         0.000
 A_03           0.000         0.000         0.000         0.000         0.000
 A_04           0.000         0.000         0.000         0.000         0.000
 A_05           0.000         0.000         0.000         0.000         0.000
 A_06           0.000         0.000         0.000         0.000         0.000
 B_02           0.000         0.000         0.000         0.000         0.000
 B_03           0.000         0.000         0.000         0.000         0.000
 B_04           1.000         0.000         0.000         0.000         0.000
 B_05           0.000         1.000         0.000         0.000         0.000
 B_06           0.000         0.000         1.000         0.000         0.000
 A_01           0.000         0.000         0.000         1.000         0.000
 B_01           0.000         0.000         0.000         0.000         1.000


           THETA
              A_02          A_03          A_04          A_05          A_06
              ________      ________      ________      ________      ________
 A_02           0.000
 A_03           0.000         0.000
 A_04           0.000         0.000         0.000
 A_05           0.000         0.000         0.000         0.000
 A_06           0.000         0.000         0.000         0.000         0.000
 B_02           0.000         0.000         0.000         0.000         0.000
 B_03           0.000         0.000         0.000         0.000         0.000
 B_04           0.000         0.000         0.000         0.000         0.000
 B_05           0.000         0.000         0.000         0.000         0.000
 B_06           0.000         0.000         0.000         0.000         0.000
 A_01           0.000         0.000         0.000         0.000         0.000
 B_01           0.000         0.000         0.000         0.000         0.000


           THETA
              B_02          B_03          B_04          B_05          B_06
              ________      ________      ________      ________      ________
 B_02           0.000
 B_03           0.000         0.000
 B_04           0.000         0.000         0.000
 B_05           0.000         0.000         0.000         0.000
 B_06           0.000         0.000         0.000         0.000         0.000
 A_01           0.000         0.000         0.000         0.000         0.000
 B_01           0.000         0.000         0.000         0.000         0.000


           THETA
              A_01          B_01
              ________      ________
 A_01           0.000
 B_01           0.000         0.000


           ALPHA
              IA            SA            IB            A_02          A_03
              ________      ________      ________      ________      ________
 1              0.000         0.000         0.000         0.000         0.000


           ALPHA
              A_04          A_05          A_06          B_02          B_03
              ________      ________      ________      ________      ________
 1              0.000         0.000         0.000         0.000         0.000


           ALPHA
              B_04          B_05          B_06          A_01          B_01
              ________      ________      ________      ________      ________
 1              0.000         0.000         0.000         0.000         0.000


           BETA
              IA            SA            IB            A_02          A_03
              ________      ________      ________      ________      ________
 IA             0.000         0.000         0.000         0.000         0.000
 SA             0.000         0.000         0.000         0.000         0.000
 IB             0.000         0.000         0.000         0.000         0.000
 A_02           1.000         0.000         0.000         0.000         0.000
 A_03           1.000         2.000         0.000         0.000         0.000
 A_04           1.000         4.000         0.000         0.000         0.000
 A_05           1.000         6.000         0.000         0.000         0.000
 A_06           1.000         8.000         0.000         0.000         0.000
 B_02           0.000         0.000         1.000         0.000         0.000
 B_03           0.000         0.000         1.000         0.000         0.000
 B_04           0.000         0.000         1.000         0.000         0.000
 B_05           0.000         0.000         1.000         0.000         0.000
 B_06           0.000         0.000         1.000         0.000         0.000
 A_01           0.000         0.000         0.000         0.000         0.000
 B_01           0.000         0.000         0.000         0.000         0.000


           BETA
              A_04          A_05          A_06          B_02          B_03
              ________      ________      ________      ________      ________
 IA             0.000         0.000         0.000         0.000         0.000
 SA             0.000         0.000         0.000         0.000         0.000
 IB             0.000         0.000         0.000         0.000         0.000
 A_02           0.000         0.000         0.000         0.000         0.000
 A_03           0.000         0.000         0.000         0.000         0.000
 A_04           0.000         0.000         0.000         0.000         0.000
 A_05           0.000         0.000         0.000         0.000         0.000
 A_06           0.000         0.000         0.000         0.000         0.000
 B_02           0.000         0.000         0.000         0.000         0.000
 B_03           0.000         0.000         0.000         0.000         0.000
 B_04           0.000         0.000         0.000         0.000         0.000
 B_05           0.000         0.000         0.000         0.000         0.000
 B_06           0.000         0.000         0.000         0.000         0.000
 A_01           0.000         0.000         0.000         0.000         0.000
 B_01           0.000         0.000         0.000         0.000         0.000


           BETA
              B_04          B_05          B_06          A_01          B_01
              ________      ________      ________      ________      ________
 IA             0.000         0.000         0.000         0.000         0.000
 SA             0.000         0.000         0.000         0.000         0.000
 IB             0.000         0.000         0.000         0.000         0.000
 A_02           0.000         0.000         0.000         0.000         0.000
 A_03           0.000         0.000         0.000         0.000         0.000
 A_04           0.000         0.000         0.000         0.000         0.000
 A_05           0.000         0.000         0.000         0.000         0.000
 A_06           0.000         0.000         0.000         0.000         0.000
 B_02           0.000         0.000         0.000         0.000         0.000
 B_03           0.000         0.000         0.000         0.000         0.000
 B_04           0.000         0.000         0.000         0.000         0.000
 B_05           0.000         0.000         0.000         0.000         0.000
 B_06           0.000         0.000         0.000         0.000         0.000
 A_01           0.000         0.000         0.000         0.000         0.000
 B_01           0.000         0.000         0.000         0.000         0.000


           PSI
              IA            SA            IB            A_02          A_03
              ________      ________      ________      ________      ________
 IA             0.050
 SA             0.000         0.050
 IB             0.000         0.000         0.050
 A_02           0.000         0.000         0.000         1.787
 A_03           0.000         0.000         0.000         0.000         1.760
 A_04           0.000         0.000         0.000         0.000         0.000
 A_05           0.000         0.000         0.000         0.000         0.000
 A_06           0.000         0.000         0.000         0.000         0.000
 B_02           0.000         0.000         0.000         0.000         0.000
 B_03           0.000         0.000         0.000         0.000         0.000
 B_04           0.000         0.000         0.000         0.000         0.000
 B_05           0.000         0.000         0.000         0.000         0.000
 B_06           0.000         0.000         0.000         0.000         0.000
 A_01           0.000         0.000         0.000         0.000         0.000
 B_01           0.000         0.000         0.000         0.000         0.000


           PSI
              A_04          A_05          A_06          B_02          B_03
              ________      ________      ________      ________      ________
 A_04           1.896
 A_05           0.000         1.948
 A_06           0.000         0.000         1.930
 B_02           0.000         0.000         0.000         0.129
 B_03           0.000         0.000         0.000         0.000         0.132
 B_04           0.000         0.000         0.000         0.000         0.000
 B_05           0.000         0.000         0.000         0.000         0.000
 B_06           0.000         0.000         0.000         0.000         0.000
 A_01           0.000         0.000         0.000         0.000         0.000
 B_01           0.000         0.000         0.000         0.000         0.000


           PSI
              B_04          B_05          B_06          A_01          B_01
              ________      ________      ________      ________      ________
 B_04           0.130
 B_05           0.000         0.126
 B_06           0.000         0.000         0.128
 A_01           0.000         0.000         0.000         1.695
 B_01           0.000         0.000         0.000         0.000         0.111


     Beginning Time:  19:24:39
        Ending Time:  19:29:23
       Elapsed Time:  00:04:44



MUTHEN & MUTHEN
3463 Stoner Ave.
Los Angeles, CA  90066

Tel: (310) 391-9971
Fax: (310) 391-8971
Web: www.StatModel.com
Support: Support@StatModel.com

Copyright (c) 1998-2015 Muthen & Muthen
