Mplus VERSION 7.4 (Mac)
MUTHEN & MUTHEN
10/15/2017   1:37 AM

INPUT INSTRUCTIONS

  TITLE:
  9 - Predetermined ALT, no-time-correlations
  DATA:
  File = wide-dataset-b.dat;
  VARIABLE:
  NAMES are
   id hhid male birthyr_rand birthmo_rand race_rand hispanic_rand cohort
      raedyrs raedegrm memoryproblems_baseline memory_disease_ever age_baseline
      age_baseline_65 health_conditions_baseline healthcond_mean activity_mean_2004
      activity_mean_2006 activity_mean_2008 activity_mean_2010 activity_mean_2012
      activity_mean_2014 activity_sum_2004 activity_sum_2006 activity_sum_2008
      activity_sum_2010 activity_sum_2012 activity_sum_2014 close_social_network_2004
      close_social_network_2006 close_social_network_2008 close_social_network_2010
      close_social_network_2012 close_social_network_2014 countb20r_2004
      countb20r_2006 countb20r_2008 countb20r_2010 countb20r_2012 countb20r_2014
      crp_adj_2004 crp_adj_2006 crp_adj_2008 crp_adj_2010 crp_adj_2012 crp_adj_2014
      dep_total_2004 dep_total_2006 dep_total_2008 dep_total_2010 dep_total_2012
      dep_total_2014 exercise_2004 exercise_2006 exercise_2008 exercise_2010
      exercise_2012 exercise_2014 healthcond_2004 healthcond_2006 healthcond_2008
      healthcond_2010 healthcond_2012 healthcond_2014 hhres_2004 hhres_2006
      hhres_2008 hhres_2010 hhres_2012 hhres_2014 hrs_tscore_2004 hrs_tscore_2006
      hrs_tscore_2008 hrs_tscore_2010 hrs_tscore_2012 hrs_tscore_2014 intage_r_2004
      intage_r_2006 intage_r_2008 intage_r_2010 intage_r_2012 intage_r_2014
      interview_date_2004 interview_date_2006 interview_date_2008 interview_date_2010
      interview_date_2012 interview_date_2014 lb_65_wave_2004 lb_65_wave_2006
      lb_65_wave_2008 lb_65_wave_2010 lb_65_wave_2012 lb_65_wave_2014 lb_wave_2004
      lb_wave_2006 lb_wave_2008 lb_wave_2010 lb_wave_2012 lb_wave_2014 listassi_2004
      listassi_2006 listassi_2008 listassi_2010 listassi_2012 listassi_2014
      mentalstatus_tot_2004 mentalstatus_tot_2006 mentalstatus_tot_2008
      mentalstatus_tot_2010 mentalstatus_tot_2012 mentalstatus_tot_2014 proxy_2004
      proxy_2006 proxy_2008 proxy_2010 proxy_2012 proxy_2014 responded_2004
      responded_2006 responded_2008 responded_2010 responded_2012 responded_2014
      rmaritalst_2004 rmaritalst_2006 rmaritalst_2008 rmaritalst_2010 rmaritalst_2012
      rmaritalst_2014 rpartst_2004 rpartst_2006 rpartst_2008 rpartst_2010
      rpartst_2012 rpartst_2014 score_loneliness_11_2004 score_loneliness_11_2006
      score_loneliness_11_2008 score_loneliness_11_2010 score_loneliness_11_2012
      score_loneliness_11_2014 score_loneliness_3_2004 score_loneliness_3_2006
      score_loneliness_3_2008 score_loneliness_3_2010 score_loneliness_3_2012
      score_loneliness_3_2014 shhidpnr_2004 shhidpnr_2006 shhidpnr_2008 shhidpnr_2010
      shhidpnr_2012 shhidpnr_2014 snchild_2004 snchild_2006 snchild_2008 snchild_2010
      snchild_2012 snchild_2014 snfamily_2004 snfamily_2006 snfamily_2008
      snfamily_2010 snfamily_2012 snfamily_2014 snfriends_2004 snfriends_2006
      snfriends_2008 snfriends_2010 snfriends_2012 snfriends_2014 snspouse_2004
      snspouse_2006 snspouse_2008 snspouse_2010 snspouse_2012 snspouse_2014
      social_contact_total_2004 social_contact_total_2006 social_contact_total_2008
      social_contact_total_2010 social_contact_total_2012 social_contact_total_2014
      social_strain_mean_2004 social_strain_mean_2006 social_strain_mean_2008
      social_strain_mean_2010 social_strain_mean_2012 social_strain_mean_2014
      social_support_mean_2004 social_support_mean_2006 social_support_mean_2008
      social_support_mean_2010 social_support_mean_2012 social_support_mean_2014
      socialnetwork_total_2004 socialnetwork_total_2006 socialnetwork_total_2008
      socialnetwork_total_2010 socialnetwork_total_2012 socialnetwork_total_2014
      srmemory_2004 srmemory_2006 srmemory_2008 srmemory_2010 srmemory_2012
      srmemory_2014 srmemoryp_2004 srmemoryp_2006 srmemoryp_2008 srmemoryp_2010
      srmemoryp_2012 srmemoryp_2014 vocab_total_2004 vocab_total_2006 vocab_total_2008
      vocab_total_2010 vocab_total_2012 vocab_total_2014 wrectotd_2004 wrectotd_2006
      wrectotd_2008 wrectotd_2010 wrectotd_2012 wrectotd_2014 wrectoti_2004
      wrectoti_2006 wrectoti_2008 wrectoti_2010 wrectoti_2012 wrectoti_2014
  	;
  Missing are all(9999);
  USEVARIABLES are
  	!define the variables used in the analysis
  	!estimated time points
  a_01
  a_02
  a_03
  a_04
  a_05
  a_06
  	!modelled time points of process (B)
  b_01
  b_02
  b_03
  b_04
  b_05
  b_06
  	! covariates used in the model
  	;
  SUBPOPULATION are
  	!select a subset of observations
  age_baseline > 64 AND
  memory_disease_ever EQ 0
  ;
  CLUSTER = hhid;
  DEFINE:
    ! centre baseline age
  a = age_baseline - 69;
  	! assign variables to the process (A)
  a_01=wrectotd_2004;
  a_02=wrectotd_2006;
  a_03=wrectotd_2008;
  a_04=wrectotd_2010;
  a_05=wrectotd_2012;
  a_06=wrectotd_2014;
  	! assign variables to the process (B)
  b_01=score_loneliness_3_2004;
  b_02=score_loneliness_3_2006;
  b_03=score_loneliness_3_2008;
  b_04=score_loneliness_3_2010;
  b_05=score_loneliness_3_2012;
  b_06=score_loneliness_3_2014;
  ANALYSIS:
  TYPE = COMPLEX RANDOM;
  model=nocovariances;
  COVERAGE=.00;
  H1ITERATIONS = 10000;
  MODEL:
  	!LGM part
  	! assign process (A) to time points
  ia BY a_02@1 a_03@1 a_04@1 a_05@1 a_06@1;
  sa BY a_02@0 a_03@2 a_04@4 a_05@6 a_06@8;
  	! assign process (B) to time points
  ib BY b_02@1 b_03@1 b_04@1 b_05@1 b_06@1;
  sb BY b_02@0 b_03@2 b_04@ b_05@6 b_06@8;
  	!correlations between the first measurement points
  	!autoregressive part
  a_01 a_02 a_03 a_04 a_05 a_06;
  a_02 ON a_01;
  a_03 ON a_02;
  a_04 ON a_03;
  a_05 ON a_04;
  a_06 ON a_05;
  b_01 b_02 b_03 b_04 b_05 b_06;
  b_02 ON b_01;
  b_03 ON b_02;
  b_04 ON b_03;
  b_05 ON b_04;
  b_06 ON b_05;
  	!Cross lagged part
  a_02 ON b_01;
  a_03 ON b_02;
  a_04 ON b_03;
  a_05 ON b_04;
  a_06 ON b_05;
  b_02 ON a_01;
  b_03 ON a_02;
  b_04 ON a_03;
  b_05 ON a_04;
  b_06 ON a_05;
  ia;
  sa;
  ib;
  sb;
  ia with sa;
  ib with sb;
  ia with a_01;
  sa with a_01;
  ib with b_01;
  sb with b_01;
  ia with ib;
  sa with sb;
  ! Time specific correlations
  [a_02@0 a_03@0 a_04@0 a_05@0 a_06@0];
  [b_02@0 b_03@0 b_04@0 b_05@0 b_06@0];
  [ia];
  [ib];
  [sa];
  [sb];
  [a_01];
  [b_01];
  	
  OUTPUT: SAMPSTAT MODINDICES (3.0); TECH1; TECH4;



*** WARNING in OUTPUT command
  TECH4 option for TYPE=RANDOM requires ALGORITHM=INTEGRATION.
  Request for TECH4 is ignored.
   1 WARNING(S) FOUND IN THE INPUT INSTRUCTIONS




9 - Predetermined ALT, no-time-correlations

SUMMARY OF ANALYSIS

Number of groups                                                 1
Number of observations                                        5952

Number of dependent variables                                   10
Number of independent variables                                  2
Number of continuous latent variables                            4

Observed dependent variables

  Continuous
   A_02        A_03        A_04        A_05        A_06        B_02
   B_03        B_04        B_05        B_06

Observed independent variables
   A_01        B_01

Continuous latent variables
   IA          SA          IB          SB

Variables with special functions

  Cluster variable      HHID

Estimator                                                      MLR
Information matrix                                        OBSERVED
Maximum number of iterations                                   100
Convergence criterion                                    0.100D-05
Maximum number of EM iterations                                500
Convergence criteria for the EM algorithm
  Loglikelihood change                                   0.100D-02
  Relative loglikelihood change                          0.100D-05
  Derivative                                             0.100D-03
Minimum variance                                         0.100D-03
Maximum number of steepest descent iterations                   20
Maximum number of iterations for H1                          10000
Convergence criterion for H1                             0.100D-03
Optimization algorithm                                         EMA

Input data file(s)
  wide-dataset-b.dat
Input data format  FREE


SUMMARY OF DATA

     Number of missing data patterns           274
     Number of clusters        4882



SAMPLE STATISTICS


     ESTIMATED SAMPLE STATISTICS


           Means
              A_02          A_03          A_04          A_05          A_06
              ________      ________      ________      ________      ________
 1              4.216         4.110         3.722         3.506         3.314


           Means
              B_02          B_03          B_04          B_05          B_06
              ________      ________      ________      ________      ________
 1              1.433         1.440         1.439         1.469         1.458


           Means
              A_01          B_01
              ________      ________
 1              4.374         1.380


           Covariances
              A_02          A_03          A_04          A_05          A_06
              ________      ________      ________      ________      ________
 A_02           3.591
 A_03           1.660         3.524
 A_04           1.801         1.792         3.811
 A_05           1.723         1.937         1.993         3.968
 A_06           1.873         1.710         2.108         2.184         3.995
 B_02          -0.106        -0.074        -0.094        -0.090        -0.105
 B_03          -0.112        -0.096        -0.105        -0.120        -0.127
 B_04          -0.082        -0.068        -0.089        -0.101        -0.102
 B_05          -0.073        -0.046        -0.059        -0.108        -0.080
 B_06          -0.088        -0.061        -0.107        -0.103        -0.101
 A_01           1.740         1.664         1.599         1.712         1.605
 B_01          -0.095        -0.065        -0.077        -0.063        -0.130


           Covariances
              B_02          B_03          B_04          B_05          B_06
              ________      ________      ________      ________      ________
 B_02           0.258
 B_03           0.087         0.266
 B_04           0.143         0.064         0.262
 B_05           0.066         0.148         0.008         0.256
 B_06           0.134         0.136         0.149         0.095         0.265
 A_01          -0.098        -0.107        -0.088        -0.092        -0.092
 B_01           0.142         0.123         0.114         0.122         0.115


           Covariances
              A_01          B_01
              ________      ________
 A_01           3.403
 B_01          -0.106         0.230


           Correlations
              A_02          A_03          A_04          A_05          A_06
              ________      ________      ________      ________      ________
 A_02           1.000
 A_03           0.467         1.000
 A_04           0.487         0.489         1.000
 A_05           0.456         0.518         0.513         1.000
 A_06           0.494         0.456         0.540         0.548         1.000
 B_02          -0.110        -0.078        -0.095        -0.089        -0.103
 B_03          -0.114        -0.100        -0.104        -0.117        -0.123
 B_04          -0.085        -0.071        -0.089        -0.099        -0.100
 B_05          -0.076        -0.049        -0.060        -0.107        -0.079
 B_06          -0.090        -0.063        -0.106        -0.100        -0.099
 A_01           0.498         0.481         0.444         0.466         0.435
 B_01          -0.105        -0.072        -0.082        -0.066        -0.135


           Correlations
              B_02          B_03          B_04          B_05          B_06
              ________      ________      ________      ________      ________
 B_02           1.000
 B_03           0.333         1.000
 B_04           0.549         0.242         1.000
 B_05           0.255         0.567         0.032         1.000
 B_06           0.511         0.512         0.565         0.364         1.000
 A_01          -0.105        -0.113        -0.093        -0.098        -0.097
 B_01           0.584         0.498         0.463         0.501         0.464


           Correlations
              A_01          B_01
              ________      ________
 A_01           1.000
 B_01          -0.120         1.000


     MAXIMUM LOG-LIKELIHOOD VALUE FOR THE UNRESTRICTED (H1) MODEL IS -69567.858


UNIVARIATE SAMPLE STATISTICS


     UNIVARIATE HIGHER-ORDER MOMENT DESCRIPTIVE STATISTICS

         Variable/         Mean/     Skewness/   Minimum/ % with                Percentiles
        Sample Size      Variance    Kurtosis    Maximum  Min/Max      20%/60%    40%/80%    Median

     A_02                  4.227      -0.154       0.000    4.88%       3.000      4.000      4.000
            5671.000       3.575       0.108      10.000    0.37%       5.000      6.000
     A_03                  4.123      -0.205       0.000    5.40%       3.000      4.000      4.000
            5775.000       3.519      -0.027      10.000    0.14%       5.000      6.000
     A_04                  3.750      -0.101       0.000    8.11%       2.000      3.000      4.000
            5669.000       3.793      -0.258      10.000    0.11%       4.000      5.000
     A_05                  3.607      -0.083       0.000    9.78%       2.000      3.000      4.000
            5132.000       3.896      -0.361      10.000    0.12%       4.000      5.000
     A_06                  3.492      -0.040       0.000   10.50%       2.000      3.000      4.000
            4429.000       3.860      -0.393      10.000    0.07%       4.000      5.000
     B_02                  1.432       1.083       1.000   45.40%       1.000      1.000      1.333
            2771.000       0.259       0.516       3.000    2.24%       1.333      2.000
     B_03                  1.437       1.063       1.000   45.38%       1.000      1.000      1.333
            2719.000       0.265       0.388       3.000    2.02%       1.333      2.000
     B_04                  1.428       1.148       1.000   45.05%       1.000      1.000      1.333
            2617.000       0.260       0.655       3.000    2.25%       1.333      2.000
     B_05                  1.455       0.975       1.000   41.23%       1.000      1.000      1.333
            2219.000       0.251       0.285       3.000    1.89%       1.333      2.000
     B_06                  1.429       1.081       1.000   44.93%       1.000      1.000      1.333
            2010.000       0.256       0.406       3.000    1.74%       1.333      2.000
     A_01                  4.400      -0.160       0.000    3.69%       3.000      4.000      4.000
            5478.000       3.390       0.175      10.000    0.31%       5.000      6.000
     B_01                  1.353       1.282       1.000   53.05%       1.000      1.000      1.000
            1050.000       0.223       0.886       3.000    1.05%       1.333      1.667


THE MODEL ESTIMATION TERMINATED NORMALLY



MODEL FIT INFORMATION

Number of Free Parameters                       50

Loglikelihood

          H0 Value                      -69651.162
          H0 Scaling Correction Factor      1.2819
            for MLR
          H1 Value                      -69567.858
          H1 Scaling Correction Factor      1.1394
            for MLR

Information Criteria

          Akaike (AIC)                  139402.324
          Bayesian (BIC)                139736.899
          Sample-Size Adjusted BIC      139578.013
            (n* = (n + 2) / 24)

Chi-Square Test of Model Fit

          Value                            173.304*
          Degrees of Freedom                    40
          P-Value                           0.0000
          Scaling Correction Factor         0.9614
            for MLR

*   The chi-square value for MLM, MLMV, MLR, ULSMV, WLSM and WLSMV cannot be used
    for chi-square difference testing in the regular way.  MLM, MLR and WLSM
    chi-square difference testing is described on the Mplus website.  MLMV, WLSMV,
    and ULSMV difference testing is done using the DIFFTEST option.

RMSEA (Root Mean Square Error Of Approximation)

          Estimate                           0.024

CFI/TLI

          CFI                                0.989
          TLI                                0.981

Chi-Square Test of Model Fit for the Baseline Model

          Value                          11700.643
          Degrees of Freedom                    66
          P-Value                           0.0000

SRMR (Standardized Root Mean Square Residual)

          Value                              0.089



MODEL RESULTS

                                                    Two-Tailed
                    Estimate       S.E.  Est./S.E.    P-Value

 IA       BY
    A_02               1.000      0.000    999.000    999.000
    A_03               1.000      0.000    999.000    999.000
    A_04               1.000      0.000    999.000    999.000
    A_05               1.000      0.000    999.000    999.000
    A_06               1.000      0.000    999.000    999.000

 SA       BY
    A_02               0.000      0.000    999.000    999.000
    A_03               2.000      0.000    999.000    999.000
    A_04               4.000      0.000    999.000    999.000
    A_05               6.000      0.000    999.000    999.000
    A_06               8.000      0.000    999.000    999.000

 IB       BY
    B_02               1.000      0.000    999.000    999.000
    B_03               1.000      0.000    999.000    999.000
    B_04               1.000      0.000    999.000    999.000
    B_05               1.000      0.000    999.000    999.000
    B_06               1.000      0.000    999.000    999.000

 SB       BY
    B_02               0.000      0.000    999.000    999.000
    B_03               2.000      0.000    999.000    999.000
    B_04               1.000      0.000    999.000    999.000
    B_05               6.000      0.000    999.000    999.000
    B_06               8.000      0.000    999.000    999.000

 A_02       ON
    A_01               0.013      0.022      0.577      0.564
    B_01              -0.134      0.093     -1.446      0.148

 A_03       ON
    A_02              -0.022      0.018     -1.244      0.213
    B_02               0.020      0.090      0.217      0.828

 A_04       ON
    A_03              -0.014      0.015     -0.959      0.338
    B_03              -0.145      0.098     -1.477      0.140

 A_05       ON
    A_04              -0.018      0.020     -0.916      0.360
    B_04              -0.172      0.123     -1.400      0.161

 A_06       ON
    A_05              -0.034      0.030     -1.121      0.262
    B_05              -0.148      0.145     -1.019      0.308

 B_02       ON
    B_01               0.201      0.125      1.614      0.106
    A_01              -0.016      0.005     -3.409      0.001

 B_03       ON
    B_02               0.075      0.160      0.471      0.637
    A_02              -0.015      0.005     -2.791      0.005

 B_04       ON
    B_03               0.111      0.146      0.759      0.448
    A_03              -0.008      0.008     -0.998      0.318

 B_05       ON
    B_04              -0.172      0.278     -0.619      0.536
    A_04              -0.003      0.007     -0.451      0.652

 B_06       ON
    B_05              -0.265      0.340     -0.779      0.436
    A_05              -0.014      0.010     -1.419      0.156

 IA       WITH
    SA                 0.013      0.013      0.981      0.326
    A_01               1.682      0.077     21.750      0.000
    IB                -0.018      0.022     -0.787      0.431

 IB       WITH
    SB                 0.005      0.003      1.486      0.137
    B_01               0.094      0.023      4.016      0.000

 SA       WITH
    A_01              -0.002      0.014     -0.149      0.882
    SB                 0.000      0.001      0.350      0.726

 SB       WITH
    B_01               0.007      0.004      1.653      0.098

 Means
    A_01               4.374      0.025    175.132      0.000
    B_01               1.377      0.013    102.133      0.000
    IA                 4.346      0.149     29.167      0.000
    SA                -0.087      0.029     -3.021      0.003
    IB                 1.227      0.166      7.409      0.000
    SB                 0.083      0.049      1.709      0.087

 Intercepts
    A_02               0.000      0.000    999.000    999.000
    A_03               0.000      0.000    999.000    999.000
    A_04               0.000      0.000    999.000    999.000
    A_05               0.000      0.000    999.000    999.000
    A_06               0.000      0.000    999.000    999.000
    B_02               0.000      0.000    999.000    999.000
    B_03               0.000      0.000    999.000    999.000
    B_04               0.000      0.000    999.000    999.000
    B_05               0.000      0.000    999.000    999.000
    B_06               0.000      0.000    999.000    999.000

 Variances
    A_01               3.404      0.068     50.137      0.000
    B_01               0.230      0.011     20.214      0.000
    IA                 1.703      0.123     13.881      0.000
    SA                 0.009      0.002      3.704      0.000
    IB                 0.099      0.032      3.133      0.002
    SB                 0.002      0.001      1.889      0.059

 Residual Variances
    A_02               1.828      0.071     25.818      0.000
    A_03               1.822      0.052     34.735      0.000
    A_04               1.873      0.051     36.461      0.000
    A_05               1.786      0.069     25.918      0.000
    A_06               1.671      0.073     22.964      0.000
    B_02               0.110      0.011     10.278      0.000
    B_03               0.116      0.008     13.972      0.000
    B_04               0.119      0.012      9.866      0.000
    B_05               0.077      0.020      3.738      0.000
    B_06               0.068      0.031      2.232      0.026


QUALITY OF NUMERICAL RESULTS

     Condition Number for the Information Matrix              0.121E-04
       (ratio of smallest to largest eigenvalue)


MODEL MODIFICATION INDICES

NOTE:  Modification indices for direct effects of observed dependent variables
regressed on covariates may not be included.  To include these, request
MODINDICES (ALL).

Minimum M.I. value for printing the modification index     3.000

                                   M.I.     E.P.C.


ON/BY Statements

A_03     ON SA       /
SA       BY A_03                   9.230    -1.318
A_03     ON IB       /
IB       BY A_03                   4.487     0.346
A_04     ON IA       /
IA       BY A_04                   5.127    -0.061
A_04     ON SA       /
SA       BY A_04                   7.011     1.215
A_06     ON IB       /
IB       BY A_06                   6.193    -0.465
B_02     ON IA       /
IA       BY B_02                   3.119    -0.021
B_03     ON IA       /
IA       BY B_03                   8.009    -0.031
B_05     ON IA       /
IA       BY B_05                   6.873    -0.030
A_01     ON IA       /
IA       BY A_01                  39.933     4.655
A_01     ON SA       /
SA       BY A_01                  15.894   -34.949
A_01     ON IB       /
IB       BY A_01                  49.121    -0.742
A_01     ON SB       /
SB       BY A_01                  33.850    -4.906
B_01     ON IA       /
IA       BY B_01                  10.668    -0.035
SA       ON IB       /
IB       BY SA                     8.324    -0.065
SA       ON SB       /
SB       BY SA                     8.735    -1.190
IB       ON IA       /
IA       BY IB                    40.532    -0.049
SB       ON IA       /
IA       BY SB                    14.937    -0.005

ON Statements

IA       ON A_03                   4.302    -0.049
IA       ON A_04                  12.470     0.065
IA       ON B_02                   5.127    -0.179
SA       ON A_02                   7.281     0.016
SA       ON A_03                   8.941    -0.009
SA       ON A_04                   4.091     0.007
SA       ON A_05                   7.766     0.020
SA       ON A_06                   6.438    -0.028
SA       ON B_02                   3.701    -0.021
SA       ON B_03                   7.509    -0.029
SA       ON B_04                   3.957    -0.022
SA       ON B_05                   5.025    -0.040
SA       ON B_06                   6.709    -0.044
SA       ON B_01                   6.899    -0.035
IB       ON A_02                  11.767    -0.017
IB       ON A_03                  22.230    -0.023
IB       ON A_04                   5.752    -0.011
IB       ON A_05                  20.469    -0.021
IB       ON A_06                  22.994    -0.022
IB       ON B_02                  18.060     0.689
IB       ON A_01                  39.878    -0.024
SB       ON A_02                   4.119    -0.002
SB       ON A_04                   3.890    -0.002
SB       ON A_05                  21.381    -0.005
SB       ON A_06                   3.261    -0.002
SB       ON B_06                   6.085     0.110
SB       ON A_01                  21.933    -0.003
A_02     ON A_04                   5.866     0.080
A_02     ON A_05                  16.990    -0.069
A_02     ON A_06                  21.098     0.097
A_02     ON B_03                   4.626     0.220
A_03     ON A_05                  10.853     0.050
A_03     ON A_06                  24.172    -0.075
A_03     ON B_04                   3.364     0.159
A_03     ON B_05                   3.648     0.141
A_03     ON A_01                   8.221     0.062
A_04     ON A_01                  13.419    -0.050
A_05     ON A_02                   7.757    -0.038
A_05     ON A_03                  16.607     0.061
A_05     ON B_05                   5.925    -0.204
A_05     ON A_01                   3.949     0.027
A_06     ON A_02                  28.937     0.132
A_06     ON A_03                  39.829    -0.116
A_06     ON A_04                   4.566     0.055
A_06     ON B_02                   3.433    -0.173
A_06     ON B_03                   8.379    -0.238
A_06     ON B_04                   4.262    -0.169
A_06     ON B_01                  10.693    -0.371
B_02     ON A_03                   5.241    -0.014
B_02     ON B_04                   3.011     0.304
B_03     ON A_03                   6.379    -0.013
B_03     ON A_06                   8.557    -0.016
B_03     ON A_01                   7.123    -0.014
B_04     ON B_02                   9.394     0.563
B_04     ON A_01                   5.034    -0.012
B_05     ON A_02                   4.195    -0.012
B_05     ON A_05                  13.626    -0.022
B_05     ON B_02                   5.354     0.536
B_05     ON A_01                   6.530    -0.014
A_01     ON A_03                   5.462     0.065
A_01     ON A_04                   9.698    -0.055
A_01     ON A_05                   6.805     0.051
A_01     ON B_02                  33.651    -0.461
A_01     ON B_03                  39.194    -0.382
A_01     ON B_04                  41.178    -0.380
A_01     ON B_05                  37.088    -0.373
A_01     ON B_06                  37.784    -0.366
A_01     ON B_01                  32.648    -0.411
B_01     ON A_02                   8.226    -0.023
B_01     ON A_03                   5.817    -0.016
B_01     ON A_04                   4.362    -0.013
B_01     ON A_06                  14.147    -0.025
B_01     ON B_02                   3.775     0.358
B_01     ON A_01                   8.436    -0.019

WITH Statements

A_02     WITH SA                   6.076     0.026
A_03     WITH IA                   4.371    -0.091
A_03     WITH SA                   9.139    -0.016
A_04     WITH IA                  12.239     0.122
A_04     WITH SA                   3.395     0.012
A_04     WITH A_02                 3.385     0.085
A_04     WITH A_03                 4.181     0.105
A_05     WITH SA                   6.709     0.034
A_05     WITH SB                   3.258    -0.004
A_05     WITH A_02                22.474    -0.163
A_05     WITH A_03                21.619     0.178
A_06     WITH SA                   8.144    -0.054
A_06     WITH A_02                37.427     0.315
A_06     WITH A_03                46.647    -0.256
A_06     WITH A_04                 8.404     0.189
B_02     WITH IA                   3.959    -0.024
B_02     WITH A_03                 3.236    -0.027
B_03     WITH A_02                 8.043     0.056
B_03     WITH A_06                 4.623    -0.032
B_04     WITH IA                   3.138     0.025
B_04     WITH B_02                 5.037     0.101
B_04     WITH B_03                 3.476    -0.068
B_05     WITH A_04                 6.005     0.052
B_05     WITH A_05                12.205    -0.051
B_05     WITH A_06                 4.459     0.035
A_01     WITH IB                  39.932    -0.082
A_01     WITH SB                  15.894    -0.008
A_01     WITH A_03                 4.793     0.111
A_01     WITH A_04                12.276    -0.116
A_01     WITH A_05                 4.381     0.073
A_01     WITH B_02                 3.361     0.040
A_01     WITH B_03                 3.832    -0.027
A_01     WITH B_04                 6.126    -0.032
A_01     WITH B_05                 3.514    -0.025
B_01     WITH A_05                 3.035     0.033
B_01     WITH A_06                 7.307    -0.057


TECHNICAL 1 OUTPUT


     PARAMETER SPECIFICATION


           NU
              A_02          A_03          A_04          A_05          A_06
              ________      ________      ________      ________      ________
 1                  0             0             0             0             0


           NU
              B_02          B_03          B_04          B_05          B_06
              ________      ________      ________      ________      ________
 1                  0             0             0             0             0


           NU
              A_01          B_01
              ________      ________
 1                  0             0


           LAMBDA
              IA            SA            IB            SB            A_02
              ________      ________      ________      ________      ________
 A_02               0             0             0             0             0
 A_03               0             0             0             0             0
 A_04               0             0             0             0             0
 A_05               0             0             0             0             0
 A_06               0             0             0             0             0
 B_02               0             0             0             0             0
 B_03               0             0             0             0             0
 B_04               0             0             0             0             0
 B_05               0             0             0             0             0
 B_06               0             0             0             0             0
 A_01               0             0             0             0             0
 B_01               0             0             0             0             0


           LAMBDA
              A_03          A_04          A_05          A_06          B_02
              ________      ________      ________      ________      ________
 A_02               0             0             0             0             0
 A_03               0             0             0             0             0
 A_04               0             0             0             0             0
 A_05               0             0             0             0             0
 A_06               0             0             0             0             0
 B_02               0             0             0             0             0
 B_03               0             0             0             0             0
 B_04               0             0             0             0             0
 B_05               0             0             0             0             0
 B_06               0             0             0             0             0
 A_01               0             0             0             0             0
 B_01               0             0             0             0             0


           LAMBDA
              B_03          B_04          B_05          B_06          A_01
              ________      ________      ________      ________      ________
 A_02               0             0             0             0             0
 A_03               0             0             0             0             0
 A_04               0             0             0             0             0
 A_05               0             0             0             0             0
 A_06               0             0             0             0             0
 B_02               0             0             0             0             0
 B_03               0             0             0             0             0
 B_04               0             0             0             0             0
 B_05               0             0             0             0             0
 B_06               0             0             0             0             0
 A_01               0             0             0             0             0
 B_01               0             0             0             0             0


           LAMBDA
              B_01
              ________
 A_02               0
 A_03               0
 A_04               0
 A_05               0
 A_06               0
 B_02               0
 B_03               0
 B_04               0
 B_05               0
 B_06               0
 A_01               0
 B_01               0


           THETA
              A_02          A_03          A_04          A_05          A_06
              ________      ________      ________      ________      ________
 A_02               0
 A_03               0             0
 A_04               0             0             0
 A_05               0             0             0             0
 A_06               0             0             0             0             0
 B_02               0             0             0             0             0
 B_03               0             0             0             0             0
 B_04               0             0             0             0             0
 B_05               0             0             0             0             0
 B_06               0             0             0             0             0
 A_01               0             0             0             0             0
 B_01               0             0             0             0             0


           THETA
              B_02          B_03          B_04          B_05          B_06
              ________      ________      ________      ________      ________
 B_02               0
 B_03               0             0
 B_04               0             0             0
 B_05               0             0             0             0
 B_06               0             0             0             0             0
 A_01               0             0             0             0             0
 B_01               0             0             0             0             0


           THETA
              A_01          B_01
              ________      ________
 A_01               0
 B_01               0             0


           ALPHA
              IA            SA            IB            SB            A_02
              ________      ________      ________      ________      ________
 1                  1             2             3             4             0


           ALPHA
              A_03          A_04          A_05          A_06          B_02
              ________      ________      ________      ________      ________
 1                  0             0             0             0             0


           ALPHA
              B_03          B_04          B_05          B_06          A_01
              ________      ________      ________      ________      ________
 1                  0             0             0             0             5


           ALPHA
              B_01
              ________
 1                  6


           BETA
              IA            SA            IB            SB            A_02
              ________      ________      ________      ________      ________
 IA                 0             0             0             0             0
 SA                 0             0             0             0             0
 IB                 0             0             0             0             0
 SB                 0             0             0             0             0
 A_02               0             0             0             0             0
 A_03               0             0             0             0             9
 A_04               0             0             0             0             0
 A_05               0             0             0             0             0
 A_06               0             0             0             0             0
 B_02               0             0             0             0             0
 B_03               0             0             0             0            19
 B_04               0             0             0             0             0
 B_05               0             0             0             0             0
 B_06               0             0             0             0             0
 A_01               0             0             0             0             0
 B_01               0             0             0             0             0


           BETA
              A_03          A_04          A_05          A_06          B_02
              ________      ________      ________      ________      ________
 IA                 0             0             0             0             0
 SA                 0             0             0             0             0
 IB                 0             0             0             0             0
 SB                 0             0             0             0             0
 A_02               0             0             0             0             0
 A_03               0             0             0             0            10
 A_04              11             0             0             0             0
 A_05               0            13             0             0             0
 A_06               0             0            15             0             0
 B_02               0             0             0             0             0
 B_03               0             0             0             0            20
 B_04              21             0             0             0             0
 B_05               0            23             0             0             0
 B_06               0             0            25             0             0
 A_01               0             0             0             0             0
 B_01               0             0             0             0             0


           BETA
              B_03          B_04          B_05          B_06          A_01
              ________      ________      ________      ________      ________
 IA                 0             0             0             0             0
 SA                 0             0             0             0             0
 IB                 0             0             0             0             0
 SB                 0             0             0             0             0
 A_02               0             0             0             0             7
 A_03               0             0             0             0             0
 A_04              12             0             0             0             0
 A_05               0            14             0             0             0
 A_06               0             0            16             0             0
 B_02               0             0             0             0            17
 B_03               0             0             0             0             0
 B_04              22             0             0             0             0
 B_05               0            24             0             0             0
 B_06               0             0            26             0             0
 A_01               0             0             0             0             0
 B_01               0             0             0             0             0


           BETA
              B_01
              ________
 IA                 0
 SA                 0
 IB                 0
 SB                 0
 A_02               8
 A_03               0
 A_04               0
 A_05               0
 A_06               0
 B_02              18
 B_03               0
 B_04               0
 B_05               0
 B_06               0
 A_01               0
 B_01               0


           PSI
              IA            SA            IB            SB            A_02
              ________      ________      ________      ________      ________
 IA                27
 SA                28            29
 IB                30             0            31
 SB                 0            32            33            34
 A_02               0             0             0             0            35
 A_03               0             0             0             0             0
 A_04               0             0             0             0             0
 A_05               0             0             0             0             0
 A_06               0             0             0             0             0
 B_02               0             0             0             0             0
 B_03               0             0             0             0             0
 B_04               0             0             0             0             0
 B_05               0             0             0             0             0
 B_06               0             0             0             0             0
 A_01              45            46             0             0             0
 B_01               0             0            48            49             0


           PSI
              A_03          A_04          A_05          A_06          B_02
              ________      ________      ________      ________      ________
 A_03              36
 A_04               0            37
 A_05               0             0            38
 A_06               0             0             0            39
 B_02               0             0             0             0            40
 B_03               0             0             0             0             0
 B_04               0             0             0             0             0
 B_05               0             0             0             0             0
 B_06               0             0             0             0             0
 A_01               0             0             0             0             0
 B_01               0             0             0             0             0


           PSI
              B_03          B_04          B_05          B_06          A_01
              ________      ________      ________      ________      ________
 B_03              41
 B_04               0            42
 B_05               0             0            43
 B_06               0             0             0            44
 A_01               0             0             0             0            47
 B_01               0             0             0             0             0


           PSI
              B_01
              ________
 B_01              50


     STARTING VALUES


           NU
              A_02          A_03          A_04          A_05          A_06
              ________      ________      ________      ________      ________
 1              0.000         0.000         0.000         0.000         0.000


           NU
              B_02          B_03          B_04          B_05          B_06
              ________      ________      ________      ________      ________
 1              0.000         0.000         0.000         0.000         0.000


           NU
              A_01          B_01
              ________      ________
 1              0.000         0.000


           LAMBDA
              IA            SA            IB            SB            A_02
              ________      ________      ________      ________      ________
 A_02           0.000         0.000         0.000         0.000         1.000
 A_03           0.000         0.000         0.000         0.000         0.000
 A_04           0.000         0.000         0.000         0.000         0.000
 A_05           0.000         0.000         0.000         0.000         0.000
 A_06           0.000         0.000         0.000         0.000         0.000
 B_02           0.000         0.000         0.000         0.000         0.000
 B_03           0.000         0.000         0.000         0.000         0.000
 B_04           0.000         0.000         0.000         0.000         0.000
 B_05           0.000         0.000         0.000         0.000         0.000
 B_06           0.000         0.000         0.000         0.000         0.000
 A_01           0.000         0.000         0.000         0.000         0.000
 B_01           0.000         0.000         0.000         0.000         0.000


           LAMBDA
              A_03          A_04          A_05          A_06          B_02
              ________      ________      ________      ________      ________
 A_02           0.000         0.000         0.000         0.000         0.000
 A_03           1.000         0.000         0.000         0.000         0.000
 A_04           0.000         1.000         0.000         0.000         0.000
 A_05           0.000         0.000         1.000         0.000         0.000
 A_06           0.000         0.000         0.000         1.000         0.000
 B_02           0.000         0.000         0.000         0.000         1.000
 B_03           0.000         0.000         0.000         0.000         0.000
 B_04           0.000         0.000         0.000         0.000         0.000
 B_05           0.000         0.000         0.000         0.000         0.000
 B_06           0.000         0.000         0.000         0.000         0.000
 A_01           0.000         0.000         0.000         0.000         0.000
 B_01           0.000         0.000         0.000         0.000         0.000


           LAMBDA
              B_03          B_04          B_05          B_06          A_01
              ________      ________      ________      ________      ________
 A_02           0.000         0.000         0.000         0.000         0.000
 A_03           0.000         0.000         0.000         0.000         0.000
 A_04           0.000         0.000         0.000         0.000         0.000
 A_05           0.000         0.000         0.000         0.000         0.000
 A_06           0.000         0.000         0.000         0.000         0.000
 B_02           0.000         0.000         0.000         0.000         0.000
 B_03           1.000         0.000         0.000         0.000         0.000
 B_04           0.000         1.000         0.000         0.000         0.000
 B_05           0.000         0.000         1.000         0.000         0.000
 B_06           0.000         0.000         0.000         1.000         0.000
 A_01           0.000         0.000         0.000         0.000         1.000
 B_01           0.000         0.000         0.000         0.000         0.000


           LAMBDA
              B_01
              ________
 A_02           0.000
 A_03           0.000
 A_04           0.000
 A_05           0.000
 A_06           0.000
 B_02           0.000
 B_03           0.000
 B_04           0.000
 B_05           0.000
 B_06           0.000
 A_01           0.000
 B_01           1.000


           THETA
              A_02          A_03          A_04          A_05          A_06
              ________      ________      ________      ________      ________
 A_02           0.000
 A_03           0.000         0.000
 A_04           0.000         0.000         0.000
 A_05           0.000         0.000         0.000         0.000
 A_06           0.000         0.000         0.000         0.000         0.000
 B_02           0.000         0.000         0.000         0.000         0.000
 B_03           0.000         0.000         0.000         0.000         0.000
 B_04           0.000         0.000         0.000         0.000         0.000
 B_05           0.000         0.000         0.000         0.000         0.000
 B_06           0.000         0.000         0.000         0.000         0.000
 A_01           0.000         0.000         0.000         0.000         0.000
 B_01           0.000         0.000         0.000         0.000         0.000


           THETA
              B_02          B_03          B_04          B_05          B_06
              ________      ________      ________      ________      ________
 B_02           0.000
 B_03           0.000         0.000
 B_04           0.000         0.000         0.000
 B_05           0.000         0.000         0.000         0.000
 B_06           0.000         0.000         0.000         0.000         0.000
 A_01           0.000         0.000         0.000         0.000         0.000
 B_01           0.000         0.000         0.000         0.000         0.000


           THETA
              A_01          B_01
              ________      ________
 A_01           0.000
 B_01           0.000         0.000


           ALPHA
              IA            SA            IB            SB            A_02
              ________      ________      ________      ________      ________
 1              0.000         0.000         0.000         0.000         0.000


           ALPHA
              A_03          A_04          A_05          A_06          B_02
              ________      ________      ________      ________      ________
 1              0.000         0.000         0.000         0.000         0.000


           ALPHA
              B_03          B_04          B_05          B_06          A_01
              ________      ________      ________      ________      ________
 1              0.000         0.000         0.000         0.000         0.000


           ALPHA
              B_01
              ________
 1              0.000


           BETA
              IA            SA            IB            SB            A_02
              ________      ________      ________      ________      ________
 IA             0.000         0.000         0.000         0.000         0.000
 SA             0.000         0.000         0.000         0.000         0.000
 IB             0.000         0.000         0.000         0.000         0.000
 SB             0.000         0.000         0.000         0.000         0.000
 A_02           1.000         0.000         0.000         0.000         0.000
 A_03           1.000         2.000         0.000         0.000         0.000
 A_04           1.000         4.000         0.000         0.000         0.000
 A_05           1.000         6.000         0.000         0.000         0.000
 A_06           1.000         8.000         0.000         0.000         0.000
 B_02           0.000         0.000         1.000         0.000         0.000
 B_03           0.000         0.000         1.000         2.000         0.000
 B_04           0.000         0.000         1.000         1.000         0.000
 B_05           0.000         0.000         1.000         6.000         0.000
 B_06           0.000         0.000         1.000         8.000         0.000
 A_01           0.000         0.000         0.000         0.000         0.000
 B_01           0.000         0.000         0.000         0.000         0.000


           BETA
              A_03          A_04          A_05          A_06          B_02
              ________      ________      ________      ________      ________
 IA             0.000         0.000         0.000         0.000         0.000
 SA             0.000         0.000         0.000         0.000         0.000
 IB             0.000         0.000         0.000         0.000         0.000
 SB             0.000         0.000         0.000         0.000         0.000
 A_02           0.000         0.000         0.000         0.000         0.000
 A_03           0.000         0.000         0.000         0.000         0.000
 A_04           0.000         0.000         0.000         0.000         0.000
 A_05           0.000         0.000         0.000         0.000         0.000
 A_06           0.000         0.000         0.000         0.000         0.000
 B_02           0.000         0.000         0.000         0.000         0.000
 B_03           0.000         0.000         0.000         0.000         0.000
 B_04           0.000         0.000         0.000         0.000         0.000
 B_05           0.000         0.000         0.000         0.000         0.000
 B_06           0.000         0.000         0.000         0.000         0.000
 A_01           0.000         0.000         0.000         0.000         0.000
 B_01           0.000         0.000         0.000         0.000         0.000


           BETA
              B_03          B_04          B_05          B_06          A_01
              ________      ________      ________      ________      ________
 IA             0.000         0.000         0.000         0.000         0.000
 SA             0.000         0.000         0.000         0.000         0.000
 IB             0.000         0.000         0.000         0.000         0.000
 SB             0.000         0.000         0.000         0.000         0.000
 A_02           0.000         0.000         0.000         0.000         0.000
 A_03           0.000         0.000         0.000         0.000         0.000
 A_04           0.000         0.000         0.000         0.000         0.000
 A_05           0.000         0.000         0.000         0.000         0.000
 A_06           0.000         0.000         0.000         0.000         0.000
 B_02           0.000         0.000         0.000         0.000         0.000
 B_03           0.000         0.000         0.000         0.000         0.000
 B_04           0.000         0.000         0.000         0.000         0.000
 B_05           0.000         0.000         0.000         0.000         0.000
 B_06           0.000         0.000         0.000         0.000         0.000
 A_01           0.000         0.000         0.000         0.000         0.000
 B_01           0.000         0.000         0.000         0.000         0.000


           BETA
              B_01
              ________
 IA             0.000
 SA             0.000
 IB             0.000
 SB             0.000
 A_02           0.000
 A_03           0.000
 A_04           0.000
 A_05           0.000
 A_06           0.000
 B_02           0.000
 B_03           0.000
 B_04           0.000
 B_05           0.000
 B_06           0.000
 A_01           0.000
 B_01           0.000


           PSI
              IA            SA            IB            SB            A_02
              ________      ________      ________      ________      ________
 IA             0.050
 SA             0.000         0.050
 IB             0.000         0.000         0.050
 SB             0.000         0.000         0.000         0.050
 A_02           0.000         0.000         0.000         0.000         1.787
 A_03           0.000         0.000         0.000         0.000         0.000
 A_04           0.000         0.000         0.000         0.000         0.000
 A_05           0.000         0.000         0.000         0.000         0.000
 A_06           0.000         0.000         0.000         0.000         0.000
 B_02           0.000         0.000         0.000         0.000         0.000
 B_03           0.000         0.000         0.000         0.000         0.000
 B_04           0.000         0.000         0.000         0.000         0.000
 B_05           0.000         0.000         0.000         0.000         0.000
 B_06           0.000         0.000         0.000         0.000         0.000
 A_01           0.000         0.000         0.000         0.000         0.000
 B_01           0.000         0.000         0.000         0.000         0.000


           PSI
              A_03          A_04          A_05          A_06          B_02
              ________      ________      ________      ________      ________
 A_03           1.760
 A_04           0.000         1.896
 A_05           0.000         0.000         1.948
 A_06           0.000         0.000         0.000         1.930
 B_02           0.000         0.000         0.000         0.000         0.129
 B_03           0.000         0.000         0.000         0.000         0.000
 B_04           0.000         0.000         0.000         0.000         0.000
 B_05           0.000         0.000         0.000         0.000         0.000
 B_06           0.000         0.000         0.000         0.000         0.000
 A_01           0.000         0.000         0.000         0.000         0.000
 B_01           0.000         0.000         0.000         0.000         0.000


           PSI
              B_03          B_04          B_05          B_06          A_01
              ________      ________      ________      ________      ________
 B_03           0.132
 B_04           0.000         0.130
 B_05           0.000         0.000         0.126
 B_06           0.000         0.000         0.000         0.128
 A_01           0.000         0.000         0.000         0.000         1.695
 B_01           0.000         0.000         0.000         0.000         0.000


           PSI
              B_01
              ________
 B_01           0.111


     Beginning Time:  01:37:36
        Ending Time:  01:42:37
       Elapsed Time:  00:05:01



MUTHEN & MUTHEN
3463 Stoner Ave.
Los Angeles, CA  90066

Tel: (310) 391-9971
Fax: (310) 391-8971
Web: www.StatModel.com
Support: Support@StatModel.com

Copyright (c) 1998-2015 Muthen & Muthen
