Mplus VERSION 7.4 (Mac)
MUTHEN & MUTHEN
10/14/2017   5:09 PM

INPUT INSTRUCTIONS

  TITLE:
  13 - Predetermined ALT-9 social and cognitive constrained
  DATA:
  File = wide-dataset-b.dat;
  VARIABLE:
  NAMES are
   id hhid male birthyr_rand birthmo_rand race_rand hispanic_rand cohort
      raedyrs raedegrm memoryproblems_baseline memory_disease_ever age_baseline
      age_baseline_65 health_conditions_baseline healthcond_mean activity_mean_2004
      activity_mean_2006 activity_mean_2008 activity_mean_2010 activity_mean_2012
      activity_mean_2014 activity_sum_2004 activity_sum_2006 activity_sum_2008
      activity_sum_2010 activity_sum_2012 activity_sum_2014 close_social_network_2004
      close_social_network_2006 close_social_network_2008 close_social_network_2010
      close_social_network_2012 close_social_network_2014 countb20r_2004
      countb20r_2006 countb20r_2008 countb20r_2010 countb20r_2012 countb20r_2014
      crp_adj_2004 crp_adj_2006 crp_adj_2008 crp_adj_2010 crp_adj_2012 crp_adj_2014
      dep_total_2004 dep_total_2006 dep_total_2008 dep_total_2010 dep_total_2012
      dep_total_2014 exercise_2004 exercise_2006 exercise_2008 exercise_2010
      exercise_2012 exercise_2014 healthcond_2004 healthcond_2006 healthcond_2008
      healthcond_2010 healthcond_2012 healthcond_2014 hhres_2004 hhres_2006
      hhres_2008 hhres_2010 hhres_2012 hhres_2014 hrs_tscore_2004 hrs_tscore_2006
      hrs_tscore_2008 hrs_tscore_2010 hrs_tscore_2012 hrs_tscore_2014 intage_r_2004
      intage_r_2006 intage_r_2008 intage_r_2010 intage_r_2012 intage_r_2014
      interview_date_2004 interview_date_2006 interview_date_2008 interview_date_2010
      interview_date_2012 interview_date_2014 lb_65_wave_2004 lb_65_wave_2006
      lb_65_wave_2008 lb_65_wave_2010 lb_65_wave_2012 lb_65_wave_2014 lb_wave_2004
      lb_wave_2006 lb_wave_2008 lb_wave_2010 lb_wave_2012 lb_wave_2014 listassi_2004
      listassi_2006 listassi_2008 listassi_2010 listassi_2012 listassi_2014
      mentalstatus_tot_2004 mentalstatus_tot_2006 mentalstatus_tot_2008
      mentalstatus_tot_2010 mentalstatus_tot_2012 mentalstatus_tot_2014 proxy_2004
      proxy_2006 proxy_2008 proxy_2010 proxy_2012 proxy_2014 responded_2004
      responded_2006 responded_2008 responded_2010 responded_2012 responded_2014
      rmaritalst_2004 rmaritalst_2006 rmaritalst_2008 rmaritalst_2010 rmaritalst_2012
      rmaritalst_2014 rpartst_2004 rpartst_2006 rpartst_2008 rpartst_2010
      rpartst_2012 rpartst_2014 score_loneliness_11_2004 score_loneliness_11_2006
      score_loneliness_11_2008 score_loneliness_11_2010 score_loneliness_11_2012
      score_loneliness_11_2014 score_loneliness_3_2004 score_loneliness_3_2006
      score_loneliness_3_2008 score_loneliness_3_2010 score_loneliness_3_2012
      score_loneliness_3_2014 shhidpnr_2004 shhidpnr_2006 shhidpnr_2008 shhidpnr_2010
      shhidpnr_2012 shhidpnr_2014 snchild_2004 snchild_2006 snchild_2008 snchild_2010
      snchild_2012 snchild_2014 snfamily_2004 snfamily_2006 snfamily_2008
      snfamily_2010 snfamily_2012 snfamily_2014 snfriends_2004 snfriends_2006
      snfriends_2008 snfriends_2010 snfriends_2012 snfriends_2014 snspouse_2004
      snspouse_2006 snspouse_2008 snspouse_2010 snspouse_2012 snspouse_2014
      social_contact_total_2004 social_contact_total_2006 social_contact_total_2008
      social_contact_total_2010 social_contact_total_2012 social_contact_total_2014
      social_strain_mean_2004 social_strain_mean_2006 social_strain_mean_2008
      social_strain_mean_2010 social_strain_mean_2012 social_strain_mean_2014
      social_support_mean_2004 social_support_mean_2006 social_support_mean_2008
      social_support_mean_2010 social_support_mean_2012 social_support_mean_2014
      socialnetwork_total_2004 socialnetwork_total_2006 socialnetwork_total_2008
      socialnetwork_total_2010 socialnetwork_total_2012 socialnetwork_total_2014
      srmemory_2004 srmemory_2006 srmemory_2008 srmemory_2010 srmemory_2012
      srmemory_2014 srmemoryp_2004 srmemoryp_2006 srmemoryp_2008 srmemoryp_2010
      srmemoryp_2012 srmemoryp_2014 vocab_total_2004 vocab_total_2006 vocab_total_2008
      vocab_total_2010 vocab_total_2012 vocab_total_2014 wrectotd_2004 wrectotd_2006
      wrectotd_2008 wrectotd_2010 wrectotd_2012 wrectotd_2014 wrectoti_2004
      wrectoti_2006 wrectoti_2008 wrectoti_2010 wrectoti_2012 wrectoti_2014
  	;
  Missing are all(9999);
  USEVARIABLES are
  	!define the variables used in the analysis
  	!estimated time points
  a_01
  a_02
  a_03
  a_04
  a_05
  a_06
  	!modelled time points of process (B)
  b_01
  b_02
  b_03
  b_04
  b_05
  b_06
  	! covariates used in the model
  	;
  SUBPOPULATION are
  	!select a subset of observations
  age_baseline > 64 AND
  memory_disease_ever EQ 0
  ;
  CLUSTER = hhid;
  DEFINE:
    ! centre baseline age
  a = age_baseline - 69;
  	! assign variables to the process (A)
  a_01=wrectoti_2004;
  a_02=wrectoti_2006;
  a_03=wrectoti_2008;
  a_04=wrectoti_2010;
  a_05=wrectoti_2012;
  a_06=wrectoti_2014;
  	! assign variables to the process (B)
  b_01=socialnetwork_total_2004;
  b_02=socialnetwork_total_2006;
  b_03=socialnetwork_total_2008;
  b_04=socialnetwork_total_2010;
  b_05=socialnetwork_total_2012;
  b_06=socialnetwork_total_2014;
  ANALYSIS:
  TYPE = COMPLEX RANDOM;
  model=nocovariances;
  COVERAGE=.00;
  H1ITERATIONS = 10000;
  MODEL:
  	!LGM part
  	! assign process (A) to time points
  ia BY a_02@1 a_03@1 a_04@1 a_05@1 a_06@1;
  sa BY a_02@1 a_03@2 a_04@3 a_05@4 a_06@5;
  	! assign process (B) to time points
  ib BY b_02@1 b_03@1 b_04@1 b_05@1 b_06@1;
  sb BY b_02@1 b_03@2 b_04@3 b_05@4 b_06@5;
  	!correlations between the first measurement points
  	!autoregressive part
  a_01 a_02 a_03 a_04 a_05 a_06;
  a_02 ON a_01(1);
  a_03 ON a_02(1);
  a_04 ON a_03(1);
  a_05 ON a_04(1);
  a_06 ON a_05(1);
  b_01 b_02 b_03 b_04 b_05 b_06;
  b_02 ON b_01(2);
  b_03 ON b_02(2);
  b_04 ON b_03(2);
  b_05 ON b_04(2);
  b_06 ON b_05(2);
  	!Cross lagged part
  a_02 ON b_01;
  a_03 ON b_02;
  a_04 ON b_03;
  a_05 ON b_04;
  a_06 ON b_05;
  b_02 ON a_01;
  b_03 ON a_02;
  b_04 ON a_03;
  b_05 ON a_04;
  b_06 ON a_05;
  ia;
  sa;
  ib;
  !sb;
  ia with sa;
  !ib with sb;
  ia with a_01;
  sa with a_01;
  ib with b_01;
  sb with b_01;
  ia with ib;
  sa with sb;
  ! Time specific correlations
  !b_02 WITH a_02(1);
  !b_04 WITH a_04(1);
  !b_05 WITH a_05(1);
  !b_06 WITH a_06(1);
  [a_02@0 a_03@0 a_04@0 a_05@0 a_06@0];
  [b_02@0 b_03@0 b_04@0 b_05@0 b_06@0];
  [ia];
  [ib];
  [sa];
  [sb];
  [a_01];
  [b_01];
  	
  OUTPUT: SAMPSTAT MODINDICES (3.0); TECH1; TECH4;



*** WARNING in OUTPUT command
  TECH4 option for TYPE=RANDOM requires ALGORITHM=INTEGRATION.
  Request for TECH4 is ignored.
   1 WARNING(S) FOUND IN THE INPUT INSTRUCTIONS




13 - Predetermined ALT-9 social and cognitive constrained

SUMMARY OF ANALYSIS

Number of groups                                                 1
Number of observations                                        5952

Number of dependent variables                                   10
Number of independent variables                                  2
Number of continuous latent variables                            4

Observed dependent variables

  Continuous
   A_02        A_03        A_04        A_05        A_06        B_02
   B_03        B_04        B_05        B_06

Observed independent variables
   A_01        B_01

Continuous latent variables
   IA          SA          IB          SB

Variables with special functions

  Cluster variable      HHID

Estimator                                                      MLR
Information matrix                                        OBSERVED
Maximum number of iterations                                   100
Convergence criterion                                    0.100D-05
Maximum number of EM iterations                                500
Convergence criteria for the EM algorithm
  Loglikelihood change                                   0.100D-02
  Relative loglikelihood change                          0.100D-05
  Derivative                                             0.100D-03
Minimum variance                                         0.100D-03
Maximum number of steepest descent iterations                   20
Maximum number of iterations for H1                          10000
Convergence criterion for H1                             0.100D-03
Optimization algorithm                                         EMA

Input data file(s)
  wide-dataset-b.dat
Input data format  FREE


SUMMARY OF DATA

     Number of missing data patterns           272
     Number of clusters        4882



SAMPLE STATISTICS


     ESTIMATED SAMPLE STATISTICS


           Means
              A_02          A_03          A_04          A_05          A_06
              ________      ________      ________      ________      ________
 1              5.305         5.168         4.832         4.663         4.481


           Means
              B_02          B_03          B_04          B_05          B_06
              ________      ________      ________      ________      ________
 1              3.402         3.307         3.228         3.087         2.980


           Means
              A_01          B_01
              ________      ________
 1              5.434         3.386


           Covariances
              A_02          A_03          A_04          A_05          A_06
              ________      ________      ________      ________      ________
 A_02           2.359
 A_03           1.087         2.390
 A_04           1.199         1.152         2.706
 A_05           1.091         1.241         1.320         2.691
 A_06           1.245         1.178         1.371         1.389         2.812
 B_02           0.119         0.080         0.107         0.141         0.139
 B_03           0.094         0.124         0.129         0.170         0.144
 B_04           0.126         0.057         0.126         0.124         0.121
 B_05           0.142         0.186         0.169         0.233         0.222
 B_06           0.136         0.083         0.158         0.217         0.173
 A_01           1.072         1.088         1.052         1.133         1.056
 B_01           0.115         0.098         0.138         0.172         0.140


           Covariances
              B_02          B_03          B_04          B_05          B_06
              ________      ________      ________      ________      ________
 B_02           0.522
 B_03           0.261         0.589
 B_04           0.363         0.150         0.634
 B_05           0.300         0.367         0.349         0.709
 B_06           0.307         0.339         0.375         0.508         0.755
 A_01           0.121         0.112         0.080         0.152         0.167
 B_01           0.365         0.334         0.321         0.325         0.294


           Covariances
              A_01          B_01
              ________      ________
 A_01           2.263
 B_01           0.124         0.588


           Correlations
              A_02          A_03          A_04          A_05          A_06
              ________      ________      ________      ________      ________
 A_02           1.000
 A_03           0.458         1.000
 A_04           0.474         0.453         1.000
 A_05           0.433         0.489         0.489         1.000
 A_06           0.483         0.454         0.497         0.505         1.000
 B_02           0.107         0.071         0.090         0.119         0.115
 B_03           0.080         0.104         0.102         0.135         0.112
 B_04           0.103         0.046         0.096         0.095         0.091
 B_05           0.110         0.143         0.122         0.169         0.157
 B_06           0.102         0.062         0.111         0.152         0.118
 A_01           0.464         0.468         0.425         0.459         0.419
 B_01           0.097         0.083         0.109         0.137         0.109


           Correlations
              B_02          B_03          B_04          B_05          B_06
              ________      ________      ________      ________      ________
 B_02           1.000
 B_03           0.471         1.000
 B_04           0.632         0.246         1.000
 B_05           0.494         0.568         0.521         1.000
 B_06           0.489         0.509         0.542         0.695         1.000
 A_01           0.111         0.097         0.067         0.120         0.128
 B_01           0.660         0.568         0.526         0.503         0.442


           Correlations
              A_01          B_01
              ________      ________
 A_01           1.000
 B_01           0.108         1.000


     MAXIMUM LOG-LIKELIHOOD VALUE FOR THE UNRESTRICTED (H1) MODEL IS -69741.843


UNIVARIATE SAMPLE STATISTICS


     UNIVARIATE HIGHER-ORDER MOMENT DESCRIPTIVE STATISTICS

         Variable/         Mean/     Skewness/   Minimum/ % with                Percentiles
        Sample Size      Variance    Kurtosis    Maximum  Min/Max      20%/60%    40%/80%    Median

     A_02                  5.312      -0.013       0.000    0.25%       4.000      5.000      5.000
            5681.000       2.347       0.206      10.000    0.42%       6.000      7.000
     A_03                  5.177      -0.071       0.000    0.36%       4.000      5.000      5.000
            5775.000       2.383       0.197      10.000    0.23%       6.000      6.000
     A_04                  4.856      -0.123       0.000    1.04%       4.000      5.000      5.000
            5669.000       2.683       0.277      10.000    0.19%       5.000      6.000
     A_05                  4.743      -0.175       0.000    1.46%       3.000      4.000      5.000
            5132.000       2.642       0.389      10.000    0.19%       5.000      6.000
     A_06                  4.626      -0.096       0.000    1.38%       3.000      4.000      5.000
            4429.000       2.729       0.239      10.000    0.09%       5.000      6.000
     B_02                  3.405      -1.091       0.000    0.07%       3.000      3.000      4.000
            2799.000       0.521       0.900       4.000   52.66%       4.000      4.000
     B_03                  3.308      -0.980       0.000    0.26%       3.000      3.000      3.000
            2744.000       0.587       0.764       4.000   46.79%       4.000      4.000
     B_04                  3.253      -0.935       0.000    0.23%       3.000      3.000      3.000
            2655.000       0.624       0.629       4.000   43.58%       4.000      4.000
     B_05                  3.123      -0.839       0.000    0.40%       3.000      3.000      3.000
            2235.000       0.700       0.465       4.000   36.38%       3.000      4.000
     B_06                  3.038      -0.783       0.000    0.79%       2.000      3.000      3.000
            2036.000       0.732       0.509       4.000   31.93%       3.000      4.000
     A_01                  5.450      -0.108       0.000    0.36%       4.000      5.000      5.000
            5496.000       2.255       0.367      10.000    0.38%       6.000      7.000
     B_01                  3.445      -1.333       0.000    0.10%       3.000      3.000      4.000
            1052.000       0.578       1.365       4.000   58.27%       4.000      4.000


THE MODEL ESTIMATION TERMINATED NORMALLY

     WARNING:  THE LATENT VARIABLE COVARIANCE MATRIX (PSI) IS NOT POSITIVE
     DEFINITE.  THIS COULD INDICATE A NEGATIVE VARIANCE/RESIDUAL VARIANCE FOR A
     LATENT VARIABLE, A CORRELATION GREATER OR EQUAL TO ONE BETWEEN TWO LATENT
     VARIABLES, OR A LINEAR DEPENDENCY AMONG MORE THAN TWO LATENT VARIABLES.
     CHECK THE TECH4 OUTPUT FOR MORE INFORMATION.



MODEL FIT INFORMATION

Number of Free Parameters                       41

Loglikelihood

          H0 Value                      -69835.858
          H0 Scaling Correction Factor      1.3811
            for MLR
          H1 Value                      -69741.843
          H1 Scaling Correction Factor      1.1842
            for MLR

Information Criteria

          Akaike (AIC)                  139753.715
          Bayesian (BIC)                140028.066
          Sample-Size Adjusted BIC      139897.780
            (n* = (n + 2) / 24)

Chi-Square Test of Model Fit

          Value                            184.436*
          Degrees of Freedom                    49
          P-Value                           0.0000
          Scaling Correction Factor         1.0195
            for MLR

*   The chi-square value for MLM, MLMV, MLR, ULSMV, WLSM and WLSMV cannot be used
    for chi-square difference testing in the regular way.  MLM, MLR and WLSM
    chi-square difference testing is described on the Mplus website.  MLMV, WLSMV,
    and ULSMV difference testing is done using the DIFFTEST option.

RMSEA (Root Mean Square Error Of Approximation)

          Estimate                           0.022

CFI/TLI

          CFI                                0.988
          TLI                                0.983

Chi-Square Test of Model Fit for the Baseline Model

          Value                          11014.993
          Degrees of Freedom                    66
          P-Value                           0.0000

SRMR (Standardized Root Mean Square Residual)

          Value                              0.073



MODEL RESULTS

                                                    Two-Tailed
                    Estimate       S.E.  Est./S.E.    P-Value

 IA       BY
    A_02               1.000      0.000    999.000    999.000
    A_03               1.000      0.000    999.000    999.000
    A_04               1.000      0.000    999.000    999.000
    A_05               1.000      0.000    999.000    999.000
    A_06               1.000      0.000    999.000    999.000

 SA       BY
    A_02               1.000      0.000    999.000    999.000
    A_03               2.000      0.000    999.000    999.000
    A_04               3.000      0.000    999.000    999.000
    A_05               4.000      0.000    999.000    999.000
    A_06               5.000      0.000    999.000    999.000

 IB       BY
    B_02               1.000      0.000    999.000    999.000
    B_03               1.000      0.000    999.000    999.000
    B_04               1.000      0.000    999.000    999.000
    B_05               1.000      0.000    999.000    999.000
    B_06               1.000      0.000    999.000    999.000

 SB       BY
    B_02               1.000      0.000    999.000    999.000
    B_03               2.000      0.000    999.000    999.000
    B_04               3.000      0.000    999.000    999.000
    B_05               4.000      0.000    999.000    999.000
    B_06               5.000      0.000    999.000    999.000

 A_02       ON
    A_01              -0.014      0.013     -1.093      0.274
    B_01               0.057      0.033      1.737      0.082

 A_03       ON
    A_02              -0.014      0.013     -1.093      0.274
    B_02               0.115      0.029      3.907      0.000

 A_04       ON
    A_03              -0.014      0.013     -1.093      0.274
    B_03               0.122      0.031      3.980      0.000

 A_05       ON
    A_04              -0.014      0.013     -1.093      0.274
    B_04               0.179      0.036      5.003      0.000

 A_06       ON
    A_05              -0.014      0.013     -1.093      0.274
    B_05               0.234      0.045      5.226      0.000

 B_02       ON
    B_01               0.439      0.108      4.049      0.000
    A_01               0.028      0.007      3.908      0.000

 B_03       ON
    B_02               0.439      0.108      4.049      0.000
    A_02               0.026      0.006      4.281      0.000

 B_04       ON
    B_03               0.439      0.108      4.049      0.000
    A_03               0.035      0.006      5.676      0.000

 B_05       ON
    B_04               0.439      0.108      4.049      0.000
    A_04               0.037      0.008      4.580      0.000

 B_06       ON
    B_05               0.439      0.108      4.049      0.000
    A_05               0.047      0.011      4.435      0.000

 IA       WITH
    SA                 0.002      0.017      0.143      0.887
    A_01               1.106      0.045     24.573      0.000
    IB                -0.001      0.012     -0.109      0.913

 SA       WITH
    A_01              -0.006      0.009     -0.611      0.541
    SB                -0.002      0.001     -2.008      0.045

 IB       WITH
    B_01               0.121      0.057      2.125      0.034

 SB       WITH
    B_01               0.011      0.007      1.512      0.131

 Means
    A_01               5.433      0.020    265.886      0.000
    B_01               3.386      0.021    160.131      0.000
    IA                 5.535      0.156     35.456      0.000
    SA                -0.344      0.038     -9.151      0.000
    IB                 1.852      0.402      4.610      0.000
    SB                -0.088      0.019     -4.610      0.000

 Intercepts
    A_02               0.000      0.000    999.000    999.000
    A_03               0.000      0.000    999.000    999.000
    A_04               0.000      0.000    999.000    999.000
    A_05               0.000      0.000    999.000    999.000
    A_06               0.000      0.000    999.000    999.000
    B_02               0.000      0.000    999.000    999.000
    B_03               0.000      0.000    999.000    999.000
    B_04               0.000      0.000    999.000    999.000
    B_05               0.000      0.000    999.000    999.000
    B_06               0.000      0.000    999.000    999.000

 Variances
    A_01               2.265      0.047     48.422      0.000
    B_01               0.577      0.031     18.786      0.000
    IA                 1.102      0.087     12.713      0.000
    SA                 0.015      0.006      2.623      0.009
    IB                 0.105      0.045      2.310      0.021
    SB                -0.001      0.001     -0.742      0.458

 Residual Variances
    A_02               1.254      0.046     27.250      0.000
    A_03               1.270      0.034     37.091      0.000
    A_04               1.433      0.044     32.677      0.000
    A_05               1.324      0.048     27.864      0.000
    A_06               1.324      0.053     24.762      0.000
    B_02               0.195      0.018     11.102      0.000
    B_03               0.240      0.021     11.277      0.000
    B_04               0.245      0.017     14.525      0.000
    B_05               0.339      0.026     13.222      0.000
    B_06               0.394      0.035     11.263      0.000


QUALITY OF NUMERICAL RESULTS

     Condition Number for the Information Matrix              0.100E-04
       (ratio of smallest to largest eigenvalue)


MODEL MODIFICATION INDICES

NOTE:  Modification indices for direct effects of observed dependent variables
regressed on covariates may not be included.  To include these, request
MODINDICES (ALL).

Minimum M.I. value for printing the modification index     3.000

                                   M.I.     E.P.C.


ON/BY Statements

A_03     ON SA       /
SA       BY A_03                   8.827    -0.684
A_04     ON SA       /
SA       BY A_04                   4.566     0.486
A_06     ON IB       /
IB       BY A_06                   3.838     0.250
B_02     ON SA       /
SA       BY B_02                   9.041     0.449
B_02     ON IB       /
IB       BY B_02                  13.070    -0.134
B_04     ON IA       /
IA       BY B_04                  11.473     0.041
B_04     ON SA       /
SA       BY B_04                   9.530    -0.328
B_04     ON IB       /
IB       BY B_04                  16.055     0.099
B_06     ON IB       /
IB       BY B_06                   8.071    -0.110
A_01     ON IA       /
IA       BY A_01                  19.998   -49.501
A_01     ON SA       /
SA       BY A_01                  13.661    -6.462
A_01     ON IB       /
IB       BY A_01                  25.463     0.579
B_01     ON IA       /
IA       BY B_01                  19.980     0.093
B_01     ON SA       /
SA       BY B_01                   4.965     0.854
B_01     ON IB       /
IB       BY B_01                   7.705   -51.653
B_01     ON SB       /
SB       BY B_01                   6.248    -7.814
IA       ON IB       /
IB       BY IA                     6.233     0.485
IA       ON SB       /
SB       BY IA                     5.894     4.848
SA       ON IB       /
IB       BY SA                     6.980     0.099
SA       ON SB       /
SB       BY SA                     6.265     1.432
IB       ON IA       /
IA       BY IB                    19.739     0.056
SB       ON IA       /
IA       BY SB                    15.372     0.014
SB       ON SA       /
SA       BY SB                    10.550    -1.616
SB       ON IB       /
IB       BY SB                     5.761    -0.167

ON Statements

IA       ON A_03                   4.403    -0.036
IA       ON A_04                  11.780     0.048
IA       ON A_05                   5.829    -0.038
IA       ON B_02                   5.522     0.099
IA       ON B_05                   7.439     0.132
IA       ON B_01                   6.073     0.101
SA       ON A_03                   5.338    -0.010
SA       ON A_04                   6.579     0.010
SA       ON B_02                   6.815     0.027
SA       ON B_03                   5.520     0.024
SA       ON B_05                   6.735     0.040
SA       ON B_06                   6.539     0.034
SA       ON B_01                   7.628     0.029
IB       ON A_02                  12.065     0.023
IB       ON A_04                   3.697     0.010
IB       ON A_05                  14.578     0.022
IB       ON A_06                   3.678     0.013
IB       ON B_02                   4.029     0.174
IB       ON B_04                   7.985     0.129
IB       ON A_01                  19.698     0.027
IB       ON B_01                   5.728    -1.644
SB       ON A_02                   6.885     0.004
SB       ON A_04                   3.022     0.003
SB       ON A_05                  14.108     0.007
SB       ON A_01                  16.837     0.007
SB       ON B_01                   5.758    -0.145
A_02     ON A_04                   3.545     0.025
A_02     ON A_05                  16.700    -0.053
A_02     ON A_06                   7.749     0.040
A_02     ON B_05                   3.224     0.078
A_03     ON A_06                   3.611    -0.020
A_03     ON B_04                   5.270    -0.100
A_04     ON A_02                   3.532     0.021
A_05     ON A_02                  15.165    -0.042
A_05     ON B_05                  11.086     0.180
A_05     ON B_06                   5.197     0.100
A_06     ON A_02                   9.875     0.047
A_06     ON A_03                   3.305    -0.025
A_06     ON B_03                   3.584     0.083
B_02     ON B_02                  17.104    -0.084
B_02     ON B_03                  12.467    -0.074
B_02     ON B_04                   5.717    -0.049
B_02     ON B_05                  16.601    -0.093
B_02     ON B_06                  16.599    -0.073
B_02     ON B_01                  20.671    -0.037
B_03     ON B_02                   3.553     0.027
B_03     ON B_01                   3.790     0.031
B_04     ON A_02                  10.157     0.024
B_04     ON A_04                   9.170     0.023
B_04     ON B_02                  20.784     0.057
B_04     ON B_03                  18.213     0.042
B_04     ON B_04                  18.046     0.062
B_04     ON B_05                  19.744     0.065
B_04     ON B_06                  19.783     0.065
B_04     ON A_01                   6.482     0.022
B_04     ON B_01                  19.345     0.056
B_05     ON A_02                   4.222     0.020
B_05     ON A_05                   9.060     0.027
B_05     ON A_01                   4.404     0.020
B_06     ON B_02                  10.476    -0.060
B_06     ON B_03                   9.026    -0.062
B_06     ON B_04                   7.844    -0.061
B_06     ON B_05                   8.022    -0.083
B_06     ON B_06                   8.945    -0.073
B_06     ON B_01                  10.925    -0.066
A_01     ON A_04                   8.203    -0.047
A_01     ON A_05                  12.225     0.067
A_01     ON B_02                  22.048     0.218
A_01     ON B_03                  15.939     0.163
A_01     ON B_04                  11.742     0.125
A_01     ON B_05                  15.309     0.140
A_01     ON B_06                  26.393     0.185
A_01     ON B_01                  15.914     0.157
B_01     ON A_02                  13.014     0.054
B_01     ON A_03                   5.745     0.030
B_01     ON A_04                   9.692     0.036
B_01     ON A_05                  15.974     0.047
B_01     ON A_06                  10.547     0.040
B_01     ON B_02                  10.244    -0.402
B_01     ON B_03                   5.951     0.282
B_01     ON B_04                  20.414     0.360
B_01     ON B_05                   4.936     0.195
B_01     ON B_06                   3.710    -0.205
B_01     ON A_01                  14.649     0.046

WITH Statements

SB       WITH IB                   5.852    -0.018
A_03     WITH IA                   4.966    -0.049
A_03     WITH SA                   5.967    -0.013
A_03     WITH IB                   7.496    -0.022
A_03     WITH SB                   5.148    -0.005
A_04     WITH IA                  11.324     0.068
A_04     WITH SA                   5.935     0.014
A_04     WITH A_02                10.321     0.090
A_05     WITH IA                   5.817    -0.051
A_05     WITH IB                   4.119     0.017
A_05     WITH SB                   3.838     0.005
A_05     WITH A_02                33.261    -0.144
A_05     WITH A_03                 3.284     0.046
A_05     WITH A_04                 3.670     0.056
A_06     WITH A_02                24.258     0.168
A_06     WITH A_03                11.259    -0.091
B_04     WITH IB                   7.707     0.032
B_04     WITH SB                   5.314     0.012
B_04     WITH A_02                 3.407     0.029
B_04     WITH A_03                11.672    -0.057
B_04     WITH A_04                 3.229     0.028
B_04     WITH B_02                 9.465     0.044
B_05     WITH IB                   3.075    -0.023
B_05     WITH A_04                 3.578    -0.041
B_05     WITH A_05                 8.457     0.056
B_05     WITH B_02                 5.003    -0.054
B_06     WITH B_02                 5.103    -0.031
B_06     WITH B_04                 3.109     0.073
A_01     WITH IB                  19.716     0.062
A_01     WITH SB                  13.666     0.013
A_01     WITH A_04                 8.710    -0.070
A_01     WITH A_05                11.094     0.085
A_01     WITH B_05                 3.074     0.035
A_01     WITH B_06                 5.950     0.056
B_01     WITH IA                   6.233     0.059
B_01     WITH SA                   6.266     0.015
B_01     WITH B_02                19.940    -0.116
B_01     WITH B_03                 6.996     0.060
B_01     WITH B_04                11.426     0.064
B_01     WITH B_06                11.183    -0.107
B_01     WITH A_01                 4.723     0.053

Means/Intercepts/Thresholds

[ A_03     ]                       4.981     0.228
[ B_02     ]                       9.245    -0.217
[ B_04     ]                       8.900     0.142
[ B_06     ]                       4.352    -0.158


TECHNICAL 1 OUTPUT


     PARAMETER SPECIFICATION


           NU
              A_02          A_03          A_04          A_05          A_06
              ________      ________      ________      ________      ________
 1                  0             0             0             0             0


           NU
              B_02          B_03          B_04          B_05          B_06
              ________      ________      ________      ________      ________
 1                  0             0             0             0             0


           NU
              A_01          B_01
              ________      ________
 1                  0             0


           LAMBDA
              IA            SA            IB            SB            A_02
              ________      ________      ________      ________      ________
 A_02               0             0             0             0             0
 A_03               0             0             0             0             0
 A_04               0             0             0             0             0
 A_05               0             0             0             0             0
 A_06               0             0             0             0             0
 B_02               0             0             0             0             0
 B_03               0             0             0             0             0
 B_04               0             0             0             0             0
 B_05               0             0             0             0             0
 B_06               0             0             0             0             0
 A_01               0             0             0             0             0
 B_01               0             0             0             0             0


           LAMBDA
              A_03          A_04          A_05          A_06          B_02
              ________      ________      ________      ________      ________
 A_02               0             0             0             0             0
 A_03               0             0             0             0             0
 A_04               0             0             0             0             0
 A_05               0             0             0             0             0
 A_06               0             0             0             0             0
 B_02               0             0             0             0             0
 B_03               0             0             0             0             0
 B_04               0             0             0             0             0
 B_05               0             0             0             0             0
 B_06               0             0             0             0             0
 A_01               0             0             0             0             0
 B_01               0             0             0             0             0


           LAMBDA
              B_03          B_04          B_05          B_06          A_01
              ________      ________      ________      ________      ________
 A_02               0             0             0             0             0
 A_03               0             0             0             0             0
 A_04               0             0             0             0             0
 A_05               0             0             0             0             0
 A_06               0             0             0             0             0
 B_02               0             0             0             0             0
 B_03               0             0             0             0             0
 B_04               0             0             0             0             0
 B_05               0             0             0             0             0
 B_06               0             0             0             0             0
 A_01               0             0             0             0             0
 B_01               0             0             0             0             0


           LAMBDA
              B_01
              ________
 A_02               0
 A_03               0
 A_04               0
 A_05               0
 A_06               0
 B_02               0
 B_03               0
 B_04               0
 B_05               0
 B_06               0
 A_01               0
 B_01               0


           THETA
              A_02          A_03          A_04          A_05          A_06
              ________      ________      ________      ________      ________
 A_02               0
 A_03               0             0
 A_04               0             0             0
 A_05               0             0             0             0
 A_06               0             0             0             0             0
 B_02               0             0             0             0             0
 B_03               0             0             0             0             0
 B_04               0             0             0             0             0
 B_05               0             0             0             0             0
 B_06               0             0             0             0             0
 A_01               0             0             0             0             0
 B_01               0             0             0             0             0


           THETA
              B_02          B_03          B_04          B_05          B_06
              ________      ________      ________      ________      ________
 B_02               0
 B_03               0             0
 B_04               0             0             0
 B_05               0             0             0             0
 B_06               0             0             0             0             0
 A_01               0             0             0             0             0
 B_01               0             0             0             0             0


           THETA
              A_01          B_01
              ________      ________
 A_01               0
 B_01               0             0


           ALPHA
              IA            SA            IB            SB            A_02
              ________      ________      ________      ________      ________
 1                  1             2             3             4             0


           ALPHA
              A_03          A_04          A_05          A_06          B_02
              ________      ________      ________      ________      ________
 1                  0             0             0             0             0


           ALPHA
              B_03          B_04          B_05          B_06          A_01
              ________      ________      ________      ________      ________
 1                  0             0             0             0             5


           ALPHA
              B_01
              ________
 1                  6


           BETA
              IA            SA            IB            SB            A_02
              ________      ________      ________      ________      ________
 IA                 0             0             0             0             0
 SA                 0             0             0             0             0
 IB                 0             0             0             0             0
 SB                 0             0             0             0             0
 A_02               0             0             0             0             0
 A_03               0             0             0             0             7
 A_04               0             0             0             0             0
 A_05               0             0             0             0             0
 A_06               0             0             0             0             0
 B_02               0             0             0             0             0
 B_03               0             0             0             0            15
 B_04               0             0             0             0             0
 B_05               0             0             0             0             0
 B_06               0             0             0             0             0
 A_01               0             0             0             0             0
 B_01               0             0             0             0             0


           BETA
              A_03          A_04          A_05          A_06          B_02
              ________      ________      ________      ________      ________
 IA                 0             0             0             0             0
 SA                 0             0             0             0             0
 IB                 0             0             0             0             0
 SB                 0             0             0             0             0
 A_02               0             0             0             0             0
 A_03               0             0             0             0             9
 A_04               7             0             0             0             0
 A_05               0             7             0             0             0
 A_06               0             0             7             0             0
 B_02               0             0             0             0             0
 B_03               0             0             0             0            14
 B_04              16             0             0             0             0
 B_05               0            17             0             0             0
 B_06               0             0            18             0             0
 A_01               0             0             0             0             0
 B_01               0             0             0             0             0


           BETA
              B_03          B_04          B_05          B_06          A_01
              ________      ________      ________      ________      ________
 IA                 0             0             0             0             0
 SA                 0             0             0             0             0
 IB                 0             0             0             0             0
 SB                 0             0             0             0             0
 A_02               0             0             0             0             7
 A_03               0             0             0             0             0
 A_04              10             0             0             0             0
 A_05               0            11             0             0             0
 A_06               0             0            12             0             0
 B_02               0             0             0             0            13
 B_03               0             0             0             0             0
 B_04              14             0             0             0             0
 B_05               0            14             0             0             0
 B_06               0             0            14             0             0
 A_01               0             0             0             0             0
 B_01               0             0             0             0             0


           BETA
              B_01
              ________
 IA                 0
 SA                 0
 IB                 0
 SB                 0
 A_02               8
 A_03               0
 A_04               0
 A_05               0
 A_06               0
 B_02              14
 B_03               0
 B_04               0
 B_05               0
 B_06               0
 A_01               0
 B_01               0


           PSI
              IA            SA            IB            SB            A_02
              ________      ________      ________      ________      ________
 IA                19
 SA                20            21
 IB                22             0            23
 SB                 0            24             0            25
 A_02               0             0             0             0            26
 A_03               0             0             0             0             0
 A_04               0             0             0             0             0
 A_05               0             0             0             0             0
 A_06               0             0             0             0             0
 B_02               0             0             0             0             0
 B_03               0             0             0             0             0
 B_04               0             0             0             0             0
 B_05               0             0             0             0             0
 B_06               0             0             0             0             0
 A_01              36            37             0             0             0
 B_01               0             0            39            40             0


           PSI
              A_03          A_04          A_05          A_06          B_02
              ________      ________      ________      ________      ________
 A_03              27
 A_04               0            28
 A_05               0             0            29
 A_06               0             0             0            30
 B_02               0             0             0             0            31
 B_03               0             0             0             0             0
 B_04               0             0             0             0             0
 B_05               0             0             0             0             0
 B_06               0             0             0             0             0
 A_01               0             0             0             0             0
 B_01               0             0             0             0             0


           PSI
              B_03          B_04          B_05          B_06          A_01
              ________      ________      ________      ________      ________
 B_03              32
 B_04               0            33
 B_05               0             0            34
 B_06               0             0             0            35
 A_01               0             0             0             0            38
 B_01               0             0             0             0             0


           PSI
              B_01
              ________
 B_01              41


     STARTING VALUES


           NU
              A_02          A_03          A_04          A_05          A_06
              ________      ________      ________      ________      ________
 1              0.000         0.000         0.000         0.000         0.000


           NU
              B_02          B_03          B_04          B_05          B_06
              ________      ________      ________      ________      ________
 1              0.000         0.000         0.000         0.000         0.000


           NU
              A_01          B_01
              ________      ________
 1              0.000         0.000


           LAMBDA
              IA            SA            IB            SB            A_02
              ________      ________      ________      ________      ________
 A_02           0.000         0.000         0.000         0.000         1.000
 A_03           0.000         0.000         0.000         0.000         0.000
 A_04           0.000         0.000         0.000         0.000         0.000
 A_05           0.000         0.000         0.000         0.000         0.000
 A_06           0.000         0.000         0.000         0.000         0.000
 B_02           0.000         0.000         0.000         0.000         0.000
 B_03           0.000         0.000         0.000         0.000         0.000
 B_04           0.000         0.000         0.000         0.000         0.000
 B_05           0.000         0.000         0.000         0.000         0.000
 B_06           0.000         0.000         0.000         0.000         0.000
 A_01           0.000         0.000         0.000         0.000         0.000
 B_01           0.000         0.000         0.000         0.000         0.000


           LAMBDA
              A_03          A_04          A_05          A_06          B_02
              ________      ________      ________      ________      ________
 A_02           0.000         0.000         0.000         0.000         0.000
 A_03           1.000         0.000         0.000         0.000         0.000
 A_04           0.000         1.000         0.000         0.000         0.000
 A_05           0.000         0.000         1.000         0.000         0.000
 A_06           0.000         0.000         0.000         1.000         0.000
 B_02           0.000         0.000         0.000         0.000         1.000
 B_03           0.000         0.000         0.000         0.000         0.000
 B_04           0.000         0.000         0.000         0.000         0.000
 B_05           0.000         0.000         0.000         0.000         0.000
 B_06           0.000         0.000         0.000         0.000         0.000
 A_01           0.000         0.000         0.000         0.000         0.000
 B_01           0.000         0.000         0.000         0.000         0.000


           LAMBDA
              B_03          B_04          B_05          B_06          A_01
              ________      ________      ________      ________      ________
 A_02           0.000         0.000         0.000         0.000         0.000
 A_03           0.000         0.000         0.000         0.000         0.000
 A_04           0.000         0.000         0.000         0.000         0.000
 A_05           0.000         0.000         0.000         0.000         0.000
 A_06           0.000         0.000         0.000         0.000         0.000
 B_02           0.000         0.000         0.000         0.000         0.000
 B_03           1.000         0.000         0.000         0.000         0.000
 B_04           0.000         1.000         0.000         0.000         0.000
 B_05           0.000         0.000         1.000         0.000         0.000
 B_06           0.000         0.000         0.000         1.000         0.000
 A_01           0.000         0.000         0.000         0.000         1.000
 B_01           0.000         0.000         0.000         0.000         0.000


           LAMBDA
              B_01
              ________
 A_02           0.000
 A_03           0.000
 A_04           0.000
 A_05           0.000
 A_06           0.000
 B_02           0.000
 B_03           0.000
 B_04           0.000
 B_05           0.000
 B_06           0.000
 A_01           0.000
 B_01           1.000


           THETA
              A_02          A_03          A_04          A_05          A_06
              ________      ________      ________      ________      ________
 A_02           0.000
 A_03           0.000         0.000
 A_04           0.000         0.000         0.000
 A_05           0.000         0.000         0.000         0.000
 A_06           0.000         0.000         0.000         0.000         0.000
 B_02           0.000         0.000         0.000         0.000         0.000
 B_03           0.000         0.000         0.000         0.000         0.000
 B_04           0.000         0.000         0.000         0.000         0.000
 B_05           0.000         0.000         0.000         0.000         0.000
 B_06           0.000         0.000         0.000         0.000         0.000
 A_01           0.000         0.000         0.000         0.000         0.000
 B_01           0.000         0.000         0.000         0.000         0.000


           THETA
              B_02          B_03          B_04          B_05          B_06
              ________      ________      ________      ________      ________
 B_02           0.000
 B_03           0.000         0.000
 B_04           0.000         0.000         0.000
 B_05           0.000         0.000         0.000         0.000
 B_06           0.000         0.000         0.000         0.000         0.000
 A_01           0.000         0.000         0.000         0.000         0.000
 B_01           0.000         0.000         0.000         0.000         0.000


           THETA
              A_01          B_01
              ________      ________
 A_01           0.000
 B_01           0.000         0.000


           ALPHA
              IA            SA            IB            SB            A_02
              ________      ________      ________      ________      ________
 1              0.000         0.000         0.000         0.000         0.000


           ALPHA
              A_03          A_04          A_05          A_06          B_02
              ________      ________      ________      ________      ________
 1              0.000         0.000         0.000         0.000         0.000


           ALPHA
              B_03          B_04          B_05          B_06          A_01
              ________      ________      ________      ________      ________
 1              0.000         0.000         0.000         0.000         0.000


           ALPHA
              B_01
              ________
 1              0.000


           BETA
              IA            SA            IB            SB            A_02
              ________      ________      ________      ________      ________
 IA             0.000         0.000         0.000         0.000         0.000
 SA             0.000         0.000         0.000         0.000         0.000
 IB             0.000         0.000         0.000         0.000         0.000
 SB             0.000         0.000         0.000         0.000         0.000
 A_02           1.000         1.000         0.000         0.000         0.000
 A_03           1.000         2.000         0.000         0.000         0.000
 A_04           1.000         3.000         0.000         0.000         0.000
 A_05           1.000         4.000         0.000         0.000         0.000
 A_06           1.000         5.000         0.000         0.000         0.000
 B_02           0.000         0.000         1.000         1.000         0.000
 B_03           0.000         0.000         1.000         2.000         0.000
 B_04           0.000         0.000         1.000         3.000         0.000
 B_05           0.000         0.000         1.000         4.000         0.000
 B_06           0.000         0.000         1.000         5.000         0.000
 A_01           0.000         0.000         0.000         0.000         0.000
 B_01           0.000         0.000         0.000         0.000         0.000


           BETA
              A_03          A_04          A_05          A_06          B_02
              ________      ________      ________      ________      ________
 IA             0.000         0.000         0.000         0.000         0.000
 SA             0.000         0.000         0.000         0.000         0.000
 IB             0.000         0.000         0.000         0.000         0.000
 SB             0.000         0.000         0.000         0.000         0.000
 A_02           0.000         0.000         0.000         0.000         0.000
 A_03           0.000         0.000         0.000         0.000         0.000
 A_04           0.000         0.000         0.000         0.000         0.000
 A_05           0.000         0.000         0.000         0.000         0.000
 A_06           0.000         0.000         0.000         0.000         0.000
 B_02           0.000         0.000         0.000         0.000         0.000
 B_03           0.000         0.000         0.000         0.000         0.000
 B_04           0.000         0.000         0.000         0.000         0.000
 B_05           0.000         0.000         0.000         0.000         0.000
 B_06           0.000         0.000         0.000         0.000         0.000
 A_01           0.000         0.000         0.000         0.000         0.000
 B_01           0.000         0.000         0.000         0.000         0.000


           BETA
              B_03          B_04          B_05          B_06          A_01
              ________      ________      ________      ________      ________
 IA             0.000         0.000         0.000         0.000         0.000
 SA             0.000         0.000         0.000         0.000         0.000
 IB             0.000         0.000         0.000         0.000         0.000
 SB             0.000         0.000         0.000         0.000         0.000
 A_02           0.000         0.000         0.000         0.000         0.000
 A_03           0.000         0.000         0.000         0.000         0.000
 A_04           0.000         0.000         0.000         0.000         0.000
 A_05           0.000         0.000         0.000         0.000         0.000
 A_06           0.000         0.000         0.000         0.000         0.000
 B_02           0.000         0.000         0.000         0.000         0.000
 B_03           0.000         0.000         0.000         0.000         0.000
 B_04           0.000         0.000         0.000         0.000         0.000
 B_05           0.000         0.000         0.000         0.000         0.000
 B_06           0.000         0.000         0.000         0.000         0.000
 A_01           0.000         0.000         0.000         0.000         0.000
 B_01           0.000         0.000         0.000         0.000         0.000


           BETA
              B_01
              ________
 IA             0.000
 SA             0.000
 IB             0.000
 SB             0.000
 A_02           0.000
 A_03           0.000
 A_04           0.000
 A_05           0.000
 A_06           0.000
 B_02           0.000
 B_03           0.000
 B_04           0.000
 B_05           0.000
 B_06           0.000
 A_01           0.000
 B_01           0.000


           PSI
              IA            SA            IB            SB            A_02
              ________      ________      ________      ________      ________
 IA             0.050
 SA             0.000         0.050
 IB             0.000         0.000         0.050
 SB             0.000         0.000         0.000         0.050
 A_02           0.000         0.000         0.000         0.000         1.173
 A_03           0.000         0.000         0.000         0.000         0.000
 A_04           0.000         0.000         0.000         0.000         0.000
 A_05           0.000         0.000         0.000         0.000         0.000
 A_06           0.000         0.000         0.000         0.000         0.000
 B_02           0.000         0.000         0.000         0.000         0.000
 B_03           0.000         0.000         0.000         0.000         0.000
 B_04           0.000         0.000         0.000         0.000         0.000
 B_05           0.000         0.000         0.000         0.000         0.000
 B_06           0.000         0.000         0.000         0.000         0.000
 A_01           0.000         0.000         0.000         0.000         0.000
 B_01           0.000         0.000         0.000         0.000         0.000


           PSI
              A_03          A_04          A_05          A_06          B_02
              ________      ________      ________      ________      ________
 A_03           1.191
 A_04           0.000         1.342
 A_05           0.000         0.000         1.321
 A_06           0.000         0.000         0.000         1.364
 B_02           0.000         0.000         0.000         0.000         0.261
 B_03           0.000         0.000         0.000         0.000         0.000
 B_04           0.000         0.000         0.000         0.000         0.000
 B_05           0.000         0.000         0.000         0.000         0.000
 B_06           0.000         0.000         0.000         0.000         0.000
 A_01           0.000         0.000         0.000         0.000         0.000
 B_01           0.000         0.000         0.000         0.000         0.000


           PSI
              B_03          B_04          B_05          B_06          A_01
              ________      ________      ________      ________      ________
 B_03           0.294
 B_04           0.000         0.312
 B_05           0.000         0.000         0.350
 B_06           0.000         0.000         0.000         0.366
 A_01           0.000         0.000         0.000         0.000         1.127
 B_01           0.000         0.000         0.000         0.000         0.000


           PSI
              B_01
              ________
 B_01           0.289


     Beginning Time:  17:09:20
        Ending Time:  17:16:30
       Elapsed Time:  00:07:10



MUTHEN & MUTHEN
3463 Stoner Ave.
Los Angeles, CA  90066

Tel: (310) 391-9971
Fax: (310) 391-8971
Web: www.StatModel.com
Support: Support@StatModel.com

Copyright (c) 1998-2015 Muthen & Muthen
