Mplus VERSION 7.4 (Mac)
MUTHEN & MUTHEN
07/18/2017   9:58 AM

INPUT INSTRUCTIONS

  TITLE:
  ALT, no slope variance
  DATA:
  File = wide-dataset-b.dat ;
  VARIABLE:
  NAMES are
   id hhid male birthyr_rand birthmo_rand race_rand hispanic_rand cohort
      raedyrs raedegrm memoryproblems_baseline memory_disease_ever age_baseline
      age_baseline_65 health_conditions_baseline healthcond_mean activity_mean_2004
      activity_mean_2006 activity_mean_2008 activity_mean_2010 activity_mean_2012
      activity_mean_2014 activity_sum_2004 activity_sum_2006 activity_sum_2008
      activity_sum_2010 activity_sum_2012 activity_sum_2014 close_social_network_2004
      close_social_network_2006 close_social_network_2008 close_social_network_2010
      close_social_network_2012 close_social_network_2014 countb20r_2004
      countb20r_2006 countb20r_2008 countb20r_2010 countb20r_2012 countb20r_2014
      crp_adj_2004 crp_adj_2006 crp_adj_2008 crp_adj_2010 crp_adj_2012 crp_adj_2014
      dep_total_2004 dep_total_2006 dep_total_2008 dep_total_2010 dep_total_2012
      dep_total_2014 exercise_2004 exercise_2006 exercise_2008 exercise_2010
      exercise_2012 exercise_2014 healthcond_2004 healthcond_2006 healthcond_2008
      healthcond_2010 healthcond_2012 healthcond_2014 hhres_2004 hhres_2006
      hhres_2008 hhres_2010 hhres_2012 hhres_2014 hrs_tscore_2004 hrs_tscore_2006
      hrs_tscore_2008 hrs_tscore_2010 hrs_tscore_2012 hrs_tscore_2014 intage_r_2004
      intage_r_2006 intage_r_2008 intage_r_2010 intage_r_2012 intage_r_2014
      interview_date_2004 interview_date_2006 interview_date_2008 interview_date_2010
      interview_date_2012 interview_date_2014 lb_65_wave_2004 lb_65_wave_2006
      lb_65_wave_2008 lb_65_wave_2010 lb_65_wave_2012 lb_65_wave_2014 lb_wave_2004
      lb_wave_2006 lb_wave_2008 lb_wave_2010 lb_wave_2012 lb_wave_2014 listassi_2004
      listassi_2006 listassi_2008 listassi_2010 listassi_2012 listassi_2014
      mentalstatus_tot_2004 mentalstatus_tot_2006 mentalstatus_tot_2008
      mentalstatus_tot_2010 mentalstatus_tot_2012 mentalstatus_tot_2014 proxy_2004
      proxy_2006 proxy_2008 proxy_2010 proxy_2012 proxy_2014 responded_2004
      responded_2006 responded_2008 responded_2010 responded_2012 responded_2014
      rmaritalst_2004 rmaritalst_2006 rmaritalst_2008 rmaritalst_2010 rmaritalst_2012
      rmaritalst_2014 rpartst_2004 rpartst_2006 rpartst_2008 rpartst_2010
      rpartst_2012 rpartst_2014 score_loneliness_11_2004 score_loneliness_11_2006
      score_loneliness_11_2008 score_loneliness_11_2010 score_loneliness_11_2012
      score_loneliness_11_2014 score_loneliness_3_2004 score_loneliness_3_2006
      score_loneliness_3_2008 score_loneliness_3_2010 score_loneliness_3_2012
      score_loneliness_3_2014 shhidpnr_2004 shhidpnr_2006 shhidpnr_2008 shhidpnr_2010
      shhidpnr_2012 shhidpnr_2014 snchild_2004 snchild_2006 snchild_2008 snchild_2010
      snchild_2012 snchild_2014 snfamily_2004 snfamily_2006 snfamily_2008
      snfamily_2010 snfamily_2012 snfamily_2014 snfriends_2004 snfriends_2006
      snfriends_2008 snfriends_2010 snfriends_2012 snfriends_2014 snspouse_2004
      snspouse_2006 snspouse_2008 snspouse_2010 snspouse_2012 snspouse_2014
      social_contact_total_2004 social_contact_total_2006 social_contact_total_2008
      social_contact_total_2010 social_contact_total_2012 social_contact_total_2014
      social_strain_mean_2004 social_strain_mean_2006 social_strain_mean_2008
      social_strain_mean_2010 social_strain_mean_2012 social_strain_mean_2014
      social_support_mean_2004 social_support_mean_2006 social_support_mean_2008
      social_support_mean_2010 social_support_mean_2012 social_support_mean_2014
      socialnetwork_total_2004 socialnetwork_total_2006 socialnetwork_total_2008
      socialnetwork_total_2010 socialnetwork_total_2012 socialnetwork_total_2014
      srmemory_2004 srmemory_2006 srmemory_2008 srmemory_2010 srmemory_2012
      srmemory_2014 srmemoryp_2004 srmemoryp_2006 srmemoryp_2008 srmemoryp_2010
      srmemoryp_2012 srmemoryp_2014 vocab_total_2004 vocab_total_2006 vocab_total_2008
      vocab_total_2010 vocab_total_2012 vocab_total_2014 wrectotd_2004 wrectotd_2006
      wrectotd_2008 wrectotd_2010 wrectotd_2012 wrectotd_2014 wrectoti_2004
      wrectoti_2006 wrectoti_2008 wrectoti_2010 wrectoti_2012 wrectoti_2014
  	;
  Missing are all(9999);
  USEVARIABLES are
  	!define the variables used in the analysis
  	!estimated time points
  a_01
  a_02
  a_03
  a_04
  a_05
  a_06
  	! covariates used in the model
   	;
  SUBPOPULATION are
  	!select a subset of observations

  memoryproblems_baseline EQ 0
  ;
  CLUSTER = hhid;
  DEFINE:
    ! centre baseline age
  a = age_baseline - 69;
  	! assign variables to the process (A)
  a_01=score_loneliness_3_2004;
  a_02=score_loneliness_3_2006;
  a_03=score_loneliness_3_2008;
  a_04=score_loneliness_3_2010;
  a_05=score_loneliness_3_2012;
  a_06=score_loneliness_3_2014;
  ANALYSIS:
  TYPE = COMPLEX RANDOM;
  COVERAGE=.00;
  H1ITERATIONS = 10000;
  MODEL:
  	!LGM part
  	! assign process (A) to time points
  ia sa | a_01@0
  a_02@2
  a_03@4
  a_04@6
  a_05@8
  a_06@10 ;
  sa@0;
  	! assign process (B) to time points
  	!autoregressive part
  a_01;
  a_02 ON a_01;
  a_03 ON a_02;
  a_04 ON a_03;
  a_05 ON a_04;
  a_06 ON a_05;
  	
  OUTPUT: SAMPSTAT MODINDICES (3.0); TECH1 TECH2 TECH3;;



*** WARNING in MODEL command
  All continuous latent variable covariances involving SA have been fixed to 0
  because the variance of SA is fixed at 0.
   1 WARNING(S) FOUND IN THE INPUT INSTRUCTIONS




ALT, no slope variance

SUMMARY OF ANALYSIS

Number of groups                                                 1
Number of observations                                       11556

Number of dependent variables                                    6
Number of independent variables                                  0
Number of continuous latent variables                            2

Observed dependent variables

  Continuous
   A_01        A_02        A_03        A_04        A_05        A_06

Continuous latent variables
   IA          SA

Variables with special functions

  Cluster variable      HHID

Estimator                                                      MLR
Information matrix                                        OBSERVED
Maximum number of iterations                                   100
Convergence criterion                                    0.100D-05
Maximum number of EM iterations                                500
Convergence criteria for the EM algorithm
  Loglikelihood change                                   0.100D-02
  Relative loglikelihood change                          0.100D-05
  Derivative                                             0.100D-03
Minimum variance                                         0.100D-03
Maximum number of steepest descent iterations                   20
Maximum number of iterations for H1                          10000
Convergence criterion for H1                             0.100D-03
Optimization algorithm                                         EMA

Input data file(s)
  wide-dataset-b.dat
Input data format  FREE


SUMMARY OF DATA

     Number of missing data patterns            32
     Number of clusters        8479



SAMPLE STATISTICS


     ESTIMATED SAMPLE STATISTICS


           Means
              A_01          A_02          A_03          A_04          A_05
              ________      ________      ________      ________      ________
 1              1.399         1.463         1.459         1.456         1.472


           Means
              A_06
              ________
 1              1.460


           Covariances
              A_01          A_02          A_03          A_04          A_05
              ________      ________      ________      ________      ________
 A_01           0.248
 A_02           0.156         0.280
 A_03           0.137         0.145         0.280
 A_04           0.128         0.155         0.081         0.274
 A_05           0.133         0.079         0.159         0.011         0.274
 A_06           0.124         0.144         0.099         0.157         0.040


           Covariances
              A_06
              ________
 A_06           0.273


           Correlations
              A_01          A_02          A_03          A_04          A_05
              ________      ________      ________      ________      ________
 A_01           1.000
 A_02           0.592         1.000
 A_03           0.520         0.518         1.000
 A_04           0.489         0.560         0.292         1.000
 A_05           0.511         0.285         0.574         0.041         1.000
 A_06           0.477         0.521         0.358         0.576         0.147


           Correlations
              A_06
              ________
 A_06           1.000


     MAXIMUM LOG-LIKELIHOOD VALUE FOR THE UNRESTRICTED (H1) MODEL IS -14799.248


UNIVARIATE SAMPLE STATISTICS


     UNIVARIATE HIGHER-ORDER MOMENT DESCRIPTIVE STATISTICS

         Variable/         Mean/     Skewness/   Minimum/ % with                Percentiles
        Sample Size      Variance    Kurtosis    Maximum  Min/Max      20%/60%    40%/80%    Median

     A_01                  1.387       1.179       1.000   50.15%       1.000      1.000      1.000
            1334.000       0.242       0.629       3.000    1.42%       1.333      2.000
     A_02                  1.466       0.990       1.000   43.25%       1.000      1.000      1.333
            4412.000       0.279       0.211       3.000    2.52%       1.333      2.000
     A_03                  1.459       1.002       1.000   44.02%       1.000      1.000      1.333
            4409.000       0.278       0.199       3.000    2.25%       1.333      2.000
     A_04                  1.436       1.136       1.000   44.97%       1.000      1.000      1.333
            4116.000       0.269       0.596       3.000    2.53%       1.333      2.000
     A_05                  1.454       1.024       1.000   43.18%       1.000      1.000      1.333
            3740.000       0.269       0.297       3.000    2.19%       1.333      2.000
     A_06                  1.436       1.087       1.000   45.35%       1.000      1.000      1.333
            3934.000       0.266       0.436       3.000    2.14%       1.333      2.000


THE MODEL ESTIMATION TERMINATED NORMALLY



MODEL FIT INFORMATION

Number of Free Parameters                       14

Loglikelihood

          H0 Value                      -14816.967
          H0 Scaling Correction Factor      1.4210
            for MLR
          H1 Value                      -14799.248
          H1 Scaling Correction Factor      1.2359
            for MLR

Information Criteria

          Akaike (AIC)                   29661.934
          Bayesian (BIC)                 29764.904
          Sample-Size Adjusted BIC       29720.413
            (n* = (n + 2) / 24)

Chi-Square Test of Model Fit

          Value                             34.186*
          Degrees of Freedom                    13
          P-Value                           0.0011
          Scaling Correction Factor         1.0366
            for MLR

*   The chi-square value for MLM, MLMV, MLR, ULSMV, WLSM and WLSMV cannot be used
    for chi-square difference testing in the regular way.  MLM, MLR and WLSM
    chi-square difference testing is described on the Mplus website.  MLMV, WLSMV,
    and ULSMV difference testing is done using the DIFFTEST option.

RMSEA (Root Mean Square Error Of Approximation)

          Estimate                           0.012

CFI/TLI

          CFI                                0.993
          TLI                                0.992

Chi-Square Test of Model Fit for the Baseline Model

          Value                           3104.882
          Degrees of Freedom                    15
          P-Value                           0.0000

SRMR (Standardized Root Mean Square Residual)

          Value                              0.188



MODEL RESULTS

                                                    Two-Tailed
                    Estimate       S.E.  Est./S.E.    P-Value

 IA       |
    A_01               1.000      0.000    999.000    999.000
    A_02               1.000      0.000    999.000    999.000
    A_03               1.000      0.000    999.000    999.000
    A_04               1.000      0.000    999.000    999.000
    A_05               1.000      0.000    999.000    999.000
    A_06               1.000      0.000    999.000    999.000

 SA       |
    A_01               0.000      0.000    999.000    999.000
    A_02               2.000      0.000    999.000    999.000
    A_03               4.000      0.000    999.000    999.000
    A_04               6.000      0.000    999.000    999.000
    A_05               8.000      0.000    999.000    999.000
    A_06              10.000      0.000    999.000    999.000

 A_02       ON
    A_01               0.058      0.014      4.042      0.000

 A_03       ON
    A_02               0.059      0.020      2.931      0.003

 A_04       ON
    A_03               0.064      0.027      2.337      0.019

 A_05       ON
    A_04               0.080      0.035      2.272      0.023

 A_06       ON
    A_05               0.078      0.043      1.825      0.068

 Means
    IA                 1.391      0.013    108.680      0.000
    SA                -0.005      0.006     -0.792      0.428

 Intercepts
    A_01               0.000      0.000    999.000    999.000
    A_02               0.000      0.000    999.000    999.000
    A_03               0.000      0.000    999.000    999.000
    A_04               0.000      0.000    999.000    999.000
    A_05               0.000      0.000    999.000    999.000
    A_06               0.000      0.000    999.000    999.000

 Variances
    IA                 0.134      0.008     16.130      0.000
    SA                 0.000      0.000    999.000    999.000

 Residual Variances
    A_01               0.124      0.009     14.169      0.000
    A_02               0.130      0.006     21.342      0.000
    A_03               0.126      0.005     23.187      0.000
    A_04               0.117      0.005     22.958      0.000
    A_05               0.114      0.006     18.634      0.000
    A_06               0.120      0.007     18.370      0.000


QUALITY OF NUMERICAL RESULTS

     Condition Number for the Information Matrix              0.584E-03
       (ratio of smallest to largest eigenvalue)


MODEL MODIFICATION INDICES

NOTE:  Modification indices for direct effects of observed dependent variables
regressed on covariates may not be included.  To include these, request
MODINDICES (ALL).

Minimum M.I. value for printing the modification index     3.000

                                   M.I.     E.P.C.


ON/BY Statements

A_01     ON IA       /
IA       BY A_01                   6.334     0.134
A_01     ON SA       /
SA       BY A_01                  11.503   -40.180
A_02     ON IA       /
IA       BY A_02                   6.640    -0.142
A_06     ON SA       /
SA       BY A_06                   5.088   -26.052

ON Statements

IA       ON A_01                   3.511    -0.094
IA       ON A_06                   5.670    -0.107
SA       ON A_01                  10.354    -0.017
SA       ON A_02                   5.127    -0.007
SA       ON A_04                   7.107     0.016
A_01     ON A_01                   6.336     0.134
A_01     ON A_02                   6.544     0.067
A_01     ON A_03                   3.074     0.069
A_02     ON A_02                   6.639    -0.143
A_02     ON A_03                   5.310    -0.117
A_02     ON A_05                   6.191    -0.122
A_02     ON A_06                  11.451    -0.090
A_04     ON A_01                   3.519    -0.111
A_04     ON A_06                   6.022     0.117
A_05     ON A_03                   3.213     0.087
A_06     ON A_01                   3.121    -0.114
A_06     ON A_02                   7.542    -0.087
A_06     ON A_04                   7.818     0.161

WITH Statements

A_01     WITH IA                   3.499    -0.012
A_01     WITH SA                  10.304    -0.002
A_02     WITH SA                   4.570    -0.001
A_02     WITH A_01                 6.609     0.018
A_03     WITH SA                   3.038     0.001
A_04     WITH SA                   6.796     0.002
A_04     WITH A_01                 3.441    -0.014
A_05     WITH A_02                 3.576    -0.091
A_05     WITH A_04                 6.624    -0.134
A_06     WITH IA                   5.293    -0.012
A_06     WITH A_01                 3.332    -0.015
A_06     WITH A_02                 7.502    -0.012
A_06     WITH A_04                 7.101     0.017

Variances/Residual Variances

SA                                15.613     0.001

Means/Intercepts/Thresholds

[ A_01     ]                      11.503     0.184
[ A_06     ]                       5.088     0.119


TECHNICAL 1 OUTPUT


     PARAMETER SPECIFICATION


           NU
              A_01          A_02          A_03          A_04          A_05
              ________      ________      ________      ________      ________
 1                  0             0             0             0             0


           NU
              A_06
              ________
 1                  0


           LAMBDA
              IA            SA            A_01          A_02          A_03
              ________      ________      ________      ________      ________
 A_01               0             0             0             0             0
 A_02               0             0             0             0             0
 A_03               0             0             0             0             0
 A_04               0             0             0             0             0
 A_05               0             0             0             0             0
 A_06               0             0             0             0             0


           LAMBDA
              A_04          A_05          A_06
              ________      ________      ________
 A_01               0             0             0
 A_02               0             0             0
 A_03               0             0             0
 A_04               0             0             0
 A_05               0             0             0
 A_06               0             0             0


           THETA
              A_01          A_02          A_03          A_04          A_05
              ________      ________      ________      ________      ________
 A_01               0
 A_02               0             0
 A_03               0             0             0
 A_04               0             0             0             0
 A_05               0             0             0             0             0
 A_06               0             0             0             0             0


           THETA
              A_06
              ________
 A_06               0


           ALPHA
              IA            SA            A_01          A_02          A_03
              ________      ________      ________      ________      ________
 1                  1             2             0             0             0


           ALPHA
              A_04          A_05          A_06
              ________      ________      ________
 1                  0             0             0


           BETA
              IA            SA            A_01          A_02          A_03
              ________      ________      ________      ________      ________
 IA                 0             0             0             0             0
 SA                 0             0             0             0             0
 A_01               0             0             0             0             0
 A_02               0             0             3             0             0
 A_03               0             0             0             4             0
 A_04               0             0             0             0             5
 A_05               0             0             0             0             0
 A_06               0             0             0             0             0


           BETA
              A_04          A_05          A_06
              ________      ________      ________
 IA                 0             0             0
 SA                 0             0             0
 A_01               0             0             0
 A_02               0             0             0
 A_03               0             0             0
 A_04               0             0             0
 A_05               6             0             0
 A_06               0             7             0


           PSI
              IA            SA            A_01          A_02          A_03
              ________      ________      ________      ________      ________
 IA                 8
 SA                 0             0
 A_01               0             0             9
 A_02               0             0             0            10
 A_03               0             0             0             0            11
 A_04               0             0             0             0             0
 A_05               0             0             0             0             0
 A_06               0             0             0             0             0


           PSI
              A_04          A_05          A_06
              ________      ________      ________
 A_04              12
 A_05               0            13
 A_06               0             0            14


     STARTING VALUES


           NU
              A_01          A_02          A_03          A_04          A_05
              ________      ________      ________      ________      ________
 1              0.000         0.000         0.000         0.000         0.000


           NU
              A_06
              ________
 1              0.000


           LAMBDA
              IA            SA            A_01          A_02          A_03
              ________      ________      ________      ________      ________
 A_01           0.000         0.000         1.000         0.000         0.000
 A_02           0.000         0.000         0.000         1.000         0.000
 A_03           0.000         0.000         0.000         0.000         1.000
 A_04           0.000         0.000         0.000         0.000         0.000
 A_05           0.000         0.000         0.000         0.000         0.000
 A_06           0.000         0.000         0.000         0.000         0.000


           LAMBDA
              A_04          A_05          A_06
              ________      ________      ________
 A_01           0.000         0.000         0.000
 A_02           0.000         0.000         0.000
 A_03           0.000         0.000         0.000
 A_04           1.000         0.000         0.000
 A_05           0.000         1.000         0.000
 A_06           0.000         0.000         1.000


           THETA
              A_01          A_02          A_03          A_04          A_05
              ________      ________      ________      ________      ________
 A_01           0.000
 A_02           0.000         0.000
 A_03           0.000         0.000         0.000
 A_04           0.000         0.000         0.000         0.000
 A_05           0.000         0.000         0.000         0.000         0.000
 A_06           0.000         0.000         0.000         0.000         0.000


           THETA
              A_06
              ________
 A_06           0.000


           ALPHA
              IA            SA            A_01          A_02          A_03
              ________      ________      ________      ________      ________
 1              1.458         0.016         0.000         0.000         0.000


           ALPHA
              A_04          A_05          A_06
              ________      ________      ________
 1              0.000         0.000         0.000


           BETA
              IA            SA            A_01          A_02          A_03
              ________      ________      ________      ________      ________
 IA             0.000         0.000         0.000         0.000         0.000
 SA             0.000         0.000         0.000         0.000         0.000
 A_01           1.000         0.000         0.000         0.000         0.000
 A_02           1.000         2.000         0.000         0.000         0.000
 A_03           1.000         4.000         0.000         0.000         0.000
 A_04           1.000         6.000         0.000         0.000         0.000
 A_05           1.000         8.000         0.000         0.000         0.000
 A_06           1.000        10.000         0.000         0.000         0.000


           BETA
              A_04          A_05          A_06
              ________      ________      ________
 IA             0.000         0.000         0.000
 SA             0.000         0.000         0.000
 A_01           0.000         0.000         0.000
 A_02           0.000         0.000         0.000
 A_03           0.000         0.000         0.000
 A_04           0.000         0.000         0.000
 A_05           0.000         0.000         0.000
 A_06           0.000         0.000         0.000


           PSI
              IA            SA            A_01          A_02          A_03
              ________      ________      ________      ________      ________
 IA             0.350
 SA             0.000         0.000
 A_01           0.000         0.000         0.121
 A_02           0.000         0.000         0.000         0.140
 A_03           0.000         0.000         0.000         0.000         0.139
 A_04           0.000         0.000         0.000         0.000         0.000
 A_05           0.000         0.000         0.000         0.000         0.000
 A_06           0.000         0.000         0.000         0.000         0.000


           PSI
              A_04          A_05          A_06
              ________      ________      ________
 A_04           0.135
 A_05           0.000         0.135
 A_06           0.000         0.000         0.133


TECHNICAL 2 OUTPUT


     DERIVATIVES


           Derivatives With Respect to NU
              A_01          A_02          A_03          A_04          A_05
              ________      ________      ________      ________      ________
 1          0.000E+00     0.000E+00     0.000E+00     0.000E+00     0.000E+00


           Derivatives With Respect to NU
              A_06
              ________
 1          0.000E+00


           Derivatives With Respect to LAMBDA
              IA            SA            A_01          A_02          A_03
              ________      ________      ________      ________      ________
 A_01       0.000E+00     0.000E+00     0.000E+00     0.000E+00     0.000E+00
 A_02       0.000E+00     0.000E+00     0.000E+00     0.000E+00     0.000E+00
 A_03       0.000E+00     0.000E+00     0.000E+00     0.000E+00     0.000E+00
 A_04       0.000E+00     0.000E+00     0.000E+00     0.000E+00     0.000E+00
 A_05       0.000E+00     0.000E+00     0.000E+00     0.000E+00     0.000E+00
 A_06       0.000E+00     0.000E+00     0.000E+00     0.000E+00     0.000E+00


           Derivatives With Respect to LAMBDA
              A_04          A_05          A_06
              ________      ________      ________
 A_01       0.000E+00     0.000E+00     0.000E+00
 A_02       0.000E+00     0.000E+00     0.000E+00
 A_03       0.000E+00     0.000E+00     0.000E+00
 A_04       0.000E+00     0.000E+00     0.000E+00
 A_05       0.000E+00     0.000E+00     0.000E+00
 A_06       0.000E+00     0.000E+00     0.000E+00


           Derivatives With Respect to THETA
              A_01          A_02          A_03          A_04          A_05
              ________      ________      ________      ________      ________
 A_01       0.000E+00
 A_02       0.000E+00     0.000E+00
 A_03       0.000E+00     0.000E+00     0.000E+00
 A_04       0.000E+00     0.000E+00     0.000E+00     0.000E+00
 A_05       0.000E+00     0.000E+00     0.000E+00     0.000E+00     0.000E+00
 A_06       0.000E+00     0.000E+00     0.000E+00     0.000E+00     0.000E+00


           Derivatives With Respect to THETA
              A_06
              ________
 A_06       0.000E+00


           Derivatives With Respect to ALPHA
              IA            SA            A_01          A_02          A_03
              ________      ________      ________      ________      ________
 1         -0.173E-05    -0.189E-04     0.000E+00     0.000E+00     0.000E+00


           Derivatives With Respect to ALPHA
              A_04          A_05          A_06
              ________      ________      ________
 1          0.000E+00     0.000E+00     0.000E+00


           Derivatives With Respect to BETA
              IA            SA            A_01          A_02          A_03
              ________      ________      ________      ________      ________
 IA         0.000E+00     0.000E+00     0.000E+00     0.000E+00     0.000E+00
 SA         0.000E+00     0.000E+00     0.000E+00     0.000E+00     0.000E+00
 A_01       0.000E+00     0.000E+00     0.000E+00     0.000E+00     0.000E+00
 A_02       0.000E+00     0.000E+00    -0.971E-05     0.000E+00     0.000E+00
 A_03       0.000E+00     0.000E+00     0.000E+00    -0.177E-05     0.000E+00
 A_04       0.000E+00     0.000E+00     0.000E+00     0.000E+00    -0.903E-06
 A_05       0.000E+00     0.000E+00     0.000E+00     0.000E+00     0.000E+00
 A_06       0.000E+00     0.000E+00     0.000E+00     0.000E+00     0.000E+00


           Derivatives With Respect to BETA
              A_04          A_05          A_06
              ________      ________      ________
 IA         0.000E+00     0.000E+00     0.000E+00
 SA         0.000E+00     0.000E+00     0.000E+00
 A_01       0.000E+00     0.000E+00     0.000E+00
 A_02       0.000E+00     0.000E+00     0.000E+00
 A_03       0.000E+00     0.000E+00     0.000E+00
 A_04       0.000E+00     0.000E+00     0.000E+00
 A_05      -0.140E-06     0.000E+00     0.000E+00
 A_06       0.000E+00    -0.200E-05     0.000E+00


           Derivatives With Respect to PSI
              IA            SA            A_01          A_02          A_03
              ________      ________      ________      ________      ________
 IA        -0.130E-04
 SA         0.000E+00     0.000E+00
 A_01       0.000E+00     0.000E+00     0.340E-05
 A_02       0.000E+00     0.000E+00     0.000E+00     0.438E-05
 A_03       0.000E+00     0.000E+00     0.000E+00     0.000E+00     0.746E-05
 A_04       0.000E+00     0.000E+00     0.000E+00     0.000E+00     0.000E+00
 A_05       0.000E+00     0.000E+00     0.000E+00     0.000E+00     0.000E+00
 A_06       0.000E+00     0.000E+00     0.000E+00     0.000E+00     0.000E+00


           Derivatives With Respect to PSI
              A_04          A_05          A_06
              ________      ________      ________
 A_04       0.921E-05
 A_05       0.000E+00    -0.742E-07
 A_06       0.000E+00     0.000E+00    -0.431E-05


TECHNICAL 3 OUTPUT


           ESTIMATED COVARIANCE MATRIX FOR PARAMETER ESTIMATES
                     1             2             3             4             5
              ________      ________      ________      ________      ________
        1   0.163925D-03
        2   0.157945D-04  0.332697D-04
        3  -0.136788D-03 -0.574187D-04  0.209419D-03
        4  -0.144961D-03 -0.101639D-03  0.240146D-03  0.402176D-03
        5  -0.169233D-03 -0.147148D-03  0.337742D-03  0.506914D-03  0.747070D-03
        6  -0.191478D-03 -0.194699D-03  0.403260D-03  0.672035D-03  0.918924D-03
        7  -0.210905D-03 -0.240023D-03  0.493641D-03  0.790034D-03  0.113763D-02
        8   0.555832D-04  0.419256D-04 -0.961205D-04 -0.148912D-03 -0.206162D-03
        9   0.139810D-04 -0.216210D-04  0.227831D-04  0.518356D-04  0.807133D-04
       10  -0.313273D-05 -0.207595D-04  0.393325D-04  0.591477D-04  0.889280D-04
       11  -0.591432D-05 -0.127680D-04  0.227969D-04  0.475228D-04  0.561559D-04
       12   0.753153D-06  0.190334D-06  0.192985D-05 -0.669092D-06  0.858594D-05
       13   0.805898D-05  0.177967D-04 -0.301462D-04 -0.534738D-04 -0.778390D-04
       14   0.100572D-04  0.236330D-04 -0.390388D-04 -0.709374D-04 -0.101902D-03


           ESTIMATED COVARIANCE MATRIX FOR PARAMETER ESTIMATES
                     6             7             8             9            10
              ________      ________      ________      ________      ________
        6   0.123858D-02
        7   0.146033D-02  0.182439D-02
        8  -0.266299D-03 -0.322965D-03  0.687130D-04
        9   0.111580D-03  0.139024D-03 -0.237582D-04  0.770016D-04
       10   0.116987D-03  0.145733D-03 -0.284208D-04  0.144118D-04  0.371694D-04
       11   0.751797D-04  0.922250D-04 -0.206294D-04  0.958536D-05  0.919607D-05
       12  -0.226029D-05  0.117346D-06 -0.309985D-05  0.979885D-06  0.346056D-05
       13  -0.948091D-04 -0.127920D-03  0.177198D-04 -0.119694D-04 -0.939308D-05
       14  -0.136774D-03 -0.160194D-03  0.261960D-04 -0.134006D-04 -0.128633D-04


           ESTIMATED COVARIANCE MATRIX FOR PARAMETER ESTIMATES
                    11            12            13            14
              ________      ________      ________      ________
       11   0.295509D-04
       12   0.994815D-06  0.259929D-04
       13  -0.297346D-05  0.156302D-05  0.375659D-04
       14  -0.774079D-05  0.156200D-05  0.131741D-04  0.429440D-04


           ESTIMATED CORRELATION MATRIX FOR PARAMETER ESTIMATES
                     1             2             3             4             5
              ________      ________      ________      ________      ________
        1       1.000
        2       0.214         1.000
        3      -0.738        -0.688         1.000
        4      -0.565        -0.879         0.827         1.000
        5      -0.484        -0.933         0.854         0.925         1.000
        6      -0.425        -0.959         0.792         0.952         0.955
        7      -0.386        -0.974         0.799         0.922         0.974
        8       0.524         0.877        -0.801        -0.896        -0.910
        9       0.124        -0.427         0.179         0.295         0.337
       10      -0.040        -0.590         0.446         0.484         0.534
       11      -0.085        -0.407         0.290         0.436         0.378
       12       0.012         0.006         0.026        -0.007         0.062
       13       0.103         0.503        -0.340        -0.435        -0.465
       14       0.120         0.625        -0.412        -0.540        -0.569


           ESTIMATED CORRELATION MATRIX FOR PARAMETER ESTIMATES
                     6             7             8             9            10
              ________      ________      ________      ________      ________
        6       1.000
        7       0.971         1.000
        8      -0.913        -0.912         1.000
        9       0.361         0.371        -0.327         1.000
       10       0.545         0.560        -0.562         0.269         1.000
       11       0.393         0.397        -0.458         0.201         0.277
       12      -0.013         0.001        -0.073         0.022         0.111
       13      -0.440        -0.489         0.349        -0.223        -0.251
       14      -0.593        -0.572         0.482        -0.233        -0.322


           ESTIMATED CORRELATION MATRIX FOR PARAMETER ESTIMATES
                    11            12            13            14
              ________      ________      ________      ________
       11       1.000
       12       0.036         1.000
       13      -0.089         0.050         1.000
       14      -0.217         0.047         0.328         1.000


     Beginning Time:  09:58:57
        Ending Time:  10:00:57
       Elapsed Time:  00:02:00



MUTHEN & MUTHEN
3463 Stoner Ave.
Los Angeles, CA  90066

Tel: (310) 391-9971
Fax: (310) 391-8971
Web: www.StatModel.com
Support: Support@StatModel.com

Copyright (c) 1998-2015 Muthen & Muthen
