Mplus VERSION 7.4 (Mac)
MUTHEN & MUTHEN
07/11/2017  12:10 PM

INPUT INSTRUCTIONS

  TITLE:
  ALT, full model
  DATA:
  File = wide-dataset-b.dat ;
  VARIABLE:
  NAMES are
   id hhid male birthyr_rand birthmo_rand race_rand hispanic_rand cohort
      raedyrs raedegrm memoryproblems_baseline memory_disease_ever age_baseline
      age_baseline_65 health_conditions_baseline healthcond_mean activity_mean_2004
      activity_mean_2006 activity_mean_2008 activity_mean_2010 activity_mean_2012
      activity_mean_2014 activity_sum_2004 activity_sum_2006 activity_sum_2008
      activity_sum_2010 activity_sum_2012 activity_sum_2014 close_social_network_2004
      close_social_network_2006 close_social_network_2008 close_social_network_2010
      close_social_network_2012 close_social_network_2014 countb20r_2004
      countb20r_2006 countb20r_2008 countb20r_2010 countb20r_2012 countb20r_2014
      crp_adj_2004 crp_adj_2006 crp_adj_2008 crp_adj_2010 crp_adj_2012 crp_adj_2014
      dep_total_2004 dep_total_2006 dep_total_2008 dep_total_2010 dep_total_2012
      dep_total_2014 exercise_2004 exercise_2006 exercise_2008 exercise_2010
      exercise_2012 exercise_2014 healthcond_2004 healthcond_2006 healthcond_2008
      healthcond_2010 healthcond_2012 healthcond_2014 hhres_2004 hhres_2006
      hhres_2008 hhres_2010 hhres_2012 hhres_2014 hrs_tscore_2004 hrs_tscore_2006
      hrs_tscore_2008 hrs_tscore_2010 hrs_tscore_2012 hrs_tscore_2014 intage_r_2004
      intage_r_2006 intage_r_2008 intage_r_2010 intage_r_2012 intage_r_2014
      interview_date_2004 interview_date_2006 interview_date_2008 interview_date_2010
      interview_date_2012 interview_date_2014 lb_65_wave_2004 lb_65_wave_2006
      lb_65_wave_2008 lb_65_wave_2010 lb_65_wave_2012 lb_65_wave_2014 lb_wave_2004
      lb_wave_2006 lb_wave_2008 lb_wave_2010 lb_wave_2012 lb_wave_2014 listassi_2004
      listassi_2006 listassi_2008 listassi_2010 listassi_2012 listassi_2014
      mentalstatus_tot_2004 mentalstatus_tot_2006 mentalstatus_tot_2008
      mentalstatus_tot_2010 mentalstatus_tot_2012 mentalstatus_tot_2014 proxy_2004
      proxy_2006 proxy_2008 proxy_2010 proxy_2012 proxy_2014 responded_2004
      responded_2006 responded_2008 responded_2010 responded_2012 responded_2014
      rmaritalst_2004 rmaritalst_2006 rmaritalst_2008 rmaritalst_2010 rmaritalst_2012
      rmaritalst_2014 rpartst_2004 rpartst_2006 rpartst_2008 rpartst_2010
      rpartst_2012 rpartst_2014 score_loneliness_11_2004 score_loneliness_11_2006
      score_loneliness_11_2008 score_loneliness_11_2010 score_loneliness_11_2012
      score_loneliness_11_2014 score_loneliness_3_2004 score_loneliness_3_2006
      score_loneliness_3_2008 score_loneliness_3_2010 score_loneliness_3_2012
      score_loneliness_3_2014 shhidpnr_2004 shhidpnr_2006 shhidpnr_2008 shhidpnr_2010
      shhidpnr_2012 shhidpnr_2014 snchild_2004 snchild_2006 snchild_2008 snchild_2010
      snchild_2012 snchild_2014 snfamily_2004 snfamily_2006 snfamily_2008
      snfamily_2010 snfamily_2012 snfamily_2014 snfriends_2004 snfriends_2006
      snfriends_2008 snfriends_2010 snfriends_2012 snfriends_2014 snspouse_2004
      snspouse_2006 snspouse_2008 snspouse_2010 snspouse_2012 snspouse_2014
      social_contact_total_2004 social_contact_total_2006 social_contact_total_2008
      social_contact_total_2010 social_contact_total_2012 social_contact_total_2014
      social_strain_mean_2004 social_strain_mean_2006 social_strain_mean_2008
      social_strain_mean_2010 social_strain_mean_2012 social_strain_mean_2014
      social_support_mean_2004 social_support_mean_2006 social_support_mean_2008
      social_support_mean_2010 social_support_mean_2012 social_support_mean_2014
      socialnetwork_total_2004 socialnetwork_total_2006 socialnetwork_total_2008
      socialnetwork_total_2010 socialnetwork_total_2012 socialnetwork_total_2014
      srmemory_2004 srmemory_2006 srmemory_2008 srmemory_2010 srmemory_2012
      srmemory_2014 srmemoryp_2004 srmemoryp_2006 srmemoryp_2008 srmemoryp_2010
      srmemoryp_2012 srmemoryp_2014 vocab_total_2004 vocab_total_2006 vocab_total_2008
      vocab_total_2010 vocab_total_2012 vocab_total_2014 wrectotd_2004 wrectotd_2006
      wrectotd_2008 wrectotd_2010 wrectotd_2012 wrectotd_2014 wrectoti_2004
      wrectoti_2006 wrectoti_2008 wrectoti_2010 wrectoti_2012 wrectoti_2014
  	;
  Missing are all(9999);
  USEVARIABLES are
  	!define the variables used in the analysis
  	!estimated time points
  a_01
  a_02
  a_03
  a_04
  a_05
  a_06
  	! covariates used in the model
   	;
  SUBPOPULATION are
  	!select a subset of observations
  age_baseline > 64 AND
  memoryproblems_baseline EQ 0
  ;
  CLUSTER = hhid;
  DEFINE:
    ! centre baseline age
  a = age_baseline - 69;
  	! assign variables to the process (A)
  a_01=wrectoti_2004;
  a_02=wrectoti_2006;
  a_03=wrectoti_2008;
  a_04=wrectoti_2010;
  a_05=wrectoti_2012;
  a_06=wrectoti_2014;
  ANALYSIS:
  TYPE = COMPLEX RANDOM;
  COVERAGE=.00;
  H1ITERATIONS = 10000;
  MODEL:
  	!LGM part
  	! assign process (A) to time points
  ia sa | a_01@0
  a_02@2
  a_03@4
  a_04@6
  a_05@8
  a_06@10 ;
  	! assign process (B) to time points
  	!autoregressive part
  a_01;
  a_02 ON a_01;
  a_03 ON a_02;
  a_04 ON a_03;
  a_05 ON a_04;
  a_06 ON a_05;
  	
  OUTPUT: SAMPSTAT MODINDICES (3.0); TECH1 TECH2 TECH3;;



INPUT READING TERMINATED NORMALLY




ALT, full model

SUMMARY OF ANALYSIS

Number of groups                                                 1
Number of observations                                        7829

Number of dependent variables                                    6
Number of independent variables                                  0
Number of continuous latent variables                            2

Observed dependent variables

  Continuous
   A_01        A_02        A_03        A_04        A_05        A_06

Continuous latent variables
   IA          SA

Variables with special functions

  Cluster variable      HHID

Estimator                                                      MLR
Information matrix                                        OBSERVED
Maximum number of iterations                                   100
Convergence criterion                                    0.100D-05
Maximum number of EM iterations                                500
Convergence criteria for the EM algorithm
  Loglikelihood change                                   0.100D-02
  Relative loglikelihood change                          0.100D-05
  Derivative                                             0.100D-03
Minimum variance                                         0.100D-03
Maximum number of steepest descent iterations                   20
Maximum number of iterations for H1                          10000
Convergence criterion for H1                             0.100D-03
Optimization algorithm                                         EMA

Input data file(s)
  wide-dataset-b.dat
Input data format  FREE


SUMMARY OF DATA

     Number of missing data patterns            62
     Number of clusters        6118



SAMPLE STATISTICS


     ESTIMATED SAMPLE STATISTICS


           Means
              A_01          A_02          A_03          A_04          A_05
              ________      ________      ________      ________      ________
 1              5.245         5.076         4.914         4.587         4.405


           Means
              A_06
              ________
 1              4.224


           Covariances
              A_01          A_02          A_03          A_04          A_05
              ________      ________      ________      ________      ________
 A_01           2.429
 A_02           1.246         2.567
 A_03           1.263         1.311         2.692
 A_04           1.232         1.412         1.396         2.981
 A_05           1.303         1.300         1.486         1.600         2.998
 A_06           1.225         1.437         1.411         1.626         1.662


           Covariances
              A_06
              ________
 A_06           3.073


           Correlations
              A_01          A_02          A_03          A_04          A_05
              ________      ________      ________      ________      ________
 A_01           1.000
 A_02           0.499         1.000
 A_03           0.494         0.499         1.000
 A_04           0.458         0.510         0.493         1.000
 A_05           0.483         0.468         0.523         0.535         1.000
 A_06           0.448         0.512         0.491         0.537         0.548


           Correlations
              A_06
              ________
 A_06           1.000


     MAXIMUM LOG-LIKELIHOOD VALUE FOR THE UNRESTRICTED (H1) MODEL IS -67377.867


UNIVARIATE SAMPLE STATISTICS


     UNIVARIATE HIGHER-ORDER MOMENT DESCRIPTIVE STATISTICS

         Variable/         Mean/     Skewness/   Minimum/ % with                Percentiles
        Sample Size      Variance    Kurtosis    Maximum  Min/Max      20%/60%    40%/80%    Median

     A_01                  5.264      -0.140       0.000    0.49%       4.000      5.000      5.000
            7215.000       2.416       0.318      10.000    0.30%       6.000      7.000
     A_02                  5.083      -0.052       0.000    0.43%       4.000      5.000      5.000
            7492.000       2.556       0.158      10.000    0.33%       5.000      6.000
     A_03                  4.956      -0.147       0.000    0.83%       4.000      5.000      5.000
            7262.000       2.660       0.215      10.000    0.19%       5.000      6.000
     A_04                  4.727      -0.150       0.000    1.45%       3.000      4.000      5.000
            6227.000       2.870       0.217      10.000    0.19%       5.000      6.000
     A_05                  4.619      -0.207       0.000    1.94%       3.000      4.000      5.000
            5556.000       2.842       0.277      10.000    0.18%       5.000      6.000
     A_06                  4.536      -0.112       0.000    1.73%       3.000      4.000      5.000
            4681.000       2.841       0.199      10.000    0.09%       5.000      6.000


THE MODEL ESTIMATION TERMINATED NORMALLY



MODEL FIT INFORMATION

Number of Free Parameters                       16

Loglikelihood

          H0 Value                      -67412.479
          H0 Scaling Correction Factor      1.2542
            for MLR
          H1 Value                      -67377.867
          H1 Scaling Correction Factor      1.1820
            for MLR

Information Criteria

          Akaike (AIC)                  134856.958
          Bayesian (BIC)                134968.407
          Sample-Size Adjusted BIC      134917.563
            (n* = (n + 2) / 24)

Chi-Square Test of Model Fit

          Value                             64.273*
          Degrees of Freedom                    11
          P-Value                           0.0000
          Scaling Correction Factor         1.0770
            for MLR

*   The chi-square value for MLM, MLMV, MLR, ULSMV, WLSM and WLSMV cannot be used
    for chi-square difference testing in the regular way.  MLM, MLR and WLSM
    chi-square difference testing is described on the Mplus website.  MLMV, WLSMV,
    and ULSMV difference testing is done using the DIFFTEST option.

RMSEA (Root Mean Square Error Of Approximation)

          Estimate                           0.025

CFI/TLI

          CFI                                0.994
          TLI                                0.992

Chi-Square Test of Model Fit for the Baseline Model

          Value                           9613.593
          Degrees of Freedom                    15
          P-Value                           0.0000

SRMR (Standardized Root Mean Square Residual)

          Value                              0.013



MODEL RESULTS

                                                    Two-Tailed
                    Estimate       S.E.  Est./S.E.    P-Value

 IA       |
    A_01               1.000      0.000    999.000    999.000
    A_02               1.000      0.000    999.000    999.000
    A_03               1.000      0.000    999.000    999.000
    A_04               1.000      0.000    999.000    999.000
    A_05               1.000      0.000    999.000    999.000
    A_06               1.000      0.000    999.000    999.000

 SA       |
    A_01               0.000      0.000    999.000    999.000
    A_02               2.000      0.000    999.000    999.000
    A_03               4.000      0.000    999.000    999.000
    A_04               6.000      0.000    999.000    999.000
    A_05               8.000      0.000    999.000    999.000
    A_06              10.000      0.000    999.000    999.000

 A_02       ON
    A_01               0.004      0.004      0.905      0.366

 A_03       ON
    A_02               0.009      0.007      1.243      0.214

 A_04       ON
    A_03              -0.016      0.010     -1.591      0.112

 A_05       ON
    A_04              -0.015      0.014     -1.026      0.305

 A_06       ON
    A_05              -0.019      0.019     -1.020      0.308

 SA       WITH
    IA                 0.007      0.004      1.828      0.068

 Means
    IA                 5.245      0.019    283.318      0.000
    SA                -0.095      0.009    -11.150      0.000

 Intercepts
    A_01               0.000      0.000    999.000    999.000
    A_02               0.000      0.000    999.000    999.000
    A_03               0.000      0.000    999.000    999.000
    A_04               0.000      0.000    999.000    999.000
    A_05               0.000      0.000    999.000    999.000
    A_06               0.000      0.000    999.000    999.000

 Variances
    IA                 1.223      0.036     34.413      0.000
    SA                 0.005      0.001      6.076      0.000

 Residual Variances
    A_01               1.209      0.037     32.831      0.000
    A_02               1.280      0.031     41.797      0.000
    A_03               1.341      0.031     42.786      0.000
    A_04               1.447      0.043     33.672      0.000
    A_05               1.347      0.048     28.155      0.000
    A_06               1.302      0.048     27.132      0.000


QUALITY OF NUMERICAL RESULTS

     Condition Number for the Information Matrix              0.141E-03
       (ratio of smallest to largest eigenvalue)


MODEL MODIFICATION INDICES

NOTE:  Modification indices for direct effects of observed dependent variables
regressed on covariates may not be included.  To include these, request
MODINDICES (ALL).

Minimum M.I. value for printing the modification index     3.000

                                   M.I.     E.P.C.


ON/BY Statements

A_03     ON SA       /
SA       BY A_03                   5.541    -0.736
A_04     ON SA       /
SA       BY A_04                   5.511     0.767
A_05     ON IA       /
IA       BY A_05                   5.970    -0.041
A_06     ON IA       /
IA       BY A_06                   3.092     0.039
A_06     ON SA       /
SA       BY A_06                   4.200    -0.940

ON Statements

IA       ON A_04                   3.364     0.030
SA       ON A_03                   5.526    -0.005
SA       ON A_04                   8.535     0.006
SA       ON A_06                   4.828    -0.010
A_01     ON A_04                   9.139    -0.046
A_02     ON A_04                   6.135     0.030
A_02     ON A_05                  13.393    -0.048
A_02     ON A_06                   8.564     0.040
A_03     ON A_06                   4.590    -0.027
A_04     ON A_02                   5.886     0.030
A_04     ON A_05                   5.417     0.029
A_04     ON A_06                   3.266     0.031
A_05     ON A_02                  27.651    -0.066
A_05     ON A_05                   5.824    -0.050
A_05     ON A_06                   4.225    -0.028
A_06     ON A_02                  15.135     0.060

WITH Statements

A_03     WITH SA                   5.524    -0.006
A_04     WITH IA                   3.318     0.043
A_04     WITH SA                   8.392     0.009
A_04     WITH A_01                 7.785    -0.065
A_04     WITH A_02                 9.379     0.072
A_05     WITH A_01                 6.034     0.061
A_05     WITH A_02                29.521    -0.134
A_05     WITH A_03                 5.074     0.063
A_05     WITH A_04                 6.152     0.072
A_06     WITH SA                   4.869    -0.014
A_06     WITH A_02                14.714     0.104
A_06     WITH A_03                11.027    -0.091

Means/Intercepts/Thresholds

[ A_05     ]                       3.697    -0.118
[ A_06     ]                       3.335     0.139


TECHNICAL 1 OUTPUT


     PARAMETER SPECIFICATION


           NU
              A_01          A_02          A_03          A_04          A_05
              ________      ________      ________      ________      ________
 1                  0             0             0             0             0


           NU
              A_06
              ________
 1                  0


           LAMBDA
              IA            SA            A_01          A_02          A_03
              ________      ________      ________      ________      ________
 A_01               0             0             0             0             0
 A_02               0             0             0             0             0
 A_03               0             0             0             0             0
 A_04               0             0             0             0             0
 A_05               0             0             0             0             0
 A_06               0             0             0             0             0


           LAMBDA
              A_04          A_05          A_06
              ________      ________      ________
 A_01               0             0             0
 A_02               0             0             0
 A_03               0             0             0
 A_04               0             0             0
 A_05               0             0             0
 A_06               0             0             0


           THETA
              A_01          A_02          A_03          A_04          A_05
              ________      ________      ________      ________      ________
 A_01               0
 A_02               0             0
 A_03               0             0             0
 A_04               0             0             0             0
 A_05               0             0             0             0             0
 A_06               0             0             0             0             0


           THETA
              A_06
              ________
 A_06               0


           ALPHA
              IA            SA            A_01          A_02          A_03
              ________      ________      ________      ________      ________
 1                  1             2             0             0             0


           ALPHA
              A_04          A_05          A_06
              ________      ________      ________
 1                  0             0             0


           BETA
              IA            SA            A_01          A_02          A_03
              ________      ________      ________      ________      ________
 IA                 0             0             0             0             0
 SA                 0             0             0             0             0
 A_01               0             0             0             0             0
 A_02               0             0             3             0             0
 A_03               0             0             0             4             0
 A_04               0             0             0             0             5
 A_05               0             0             0             0             0
 A_06               0             0             0             0             0


           BETA
              A_04          A_05          A_06
              ________      ________      ________
 IA                 0             0             0
 SA                 0             0             0
 A_01               0             0             0
 A_02               0             0             0
 A_03               0             0             0
 A_04               0             0             0
 A_05               6             0             0
 A_06               0             7             0


           PSI
              IA            SA            A_01          A_02          A_03
              ________      ________      ________      ________      ________
 IA                 8
 SA                 9            10
 A_01               0             0            11
 A_02               0             0             0            12
 A_03               0             0             0             0            13
 A_04               0             0             0             0             0
 A_05               0             0             0             0             0
 A_06               0             0             0             0             0


           PSI
              A_04          A_05          A_06
              ________      ________      ________
 A_04              14
 A_05               0            15
 A_06               0             0            16


     STARTING VALUES


           NU
              A_01          A_02          A_03          A_04          A_05
              ________      ________      ________      ________      ________
 1              0.000         0.000         0.000         0.000         0.000


           NU
              A_06
              ________
 1              0.000


           LAMBDA
              IA            SA            A_01          A_02          A_03
              ________      ________      ________      ________      ________
 A_01           0.000         0.000         1.000         0.000         0.000
 A_02           0.000         0.000         0.000         1.000         0.000
 A_03           0.000         0.000         0.000         0.000         1.000
 A_04           0.000         0.000         0.000         0.000         0.000
 A_05           0.000         0.000         0.000         0.000         0.000
 A_06           0.000         0.000         0.000         0.000         0.000


           LAMBDA
              A_04          A_05          A_06
              ________      ________      ________
 A_01           0.000         0.000         0.000
 A_02           0.000         0.000         0.000
 A_03           0.000         0.000         0.000
 A_04           1.000         0.000         0.000
 A_05           0.000         1.000         0.000
 A_06           0.000         0.000         1.000


           THETA
              A_01          A_02          A_03          A_04          A_05
              ________      ________      ________      ________      ________
 A_01           0.000
 A_02           0.000         0.000
 A_03           0.000         0.000         0.000
 A_04           0.000         0.000         0.000         0.000
 A_05           0.000         0.000         0.000         0.000         0.000
 A_06           0.000         0.000         0.000         0.000         0.000


           THETA
              A_06
              ________
 A_06           0.000


           ALPHA
              IA            SA            A_01          A_02          A_03
              ________      ________      ________      ________      ________
 1              4.878        -0.142         0.000         0.000         0.000


           ALPHA
              A_04          A_05          A_06
              ________      ________      ________
 1              0.000         0.000         0.000


           BETA
              IA            SA            A_01          A_02          A_03
              ________      ________      ________      ________      ________
 IA             0.000         0.000         0.000         0.000         0.000
 SA             0.000         0.000         0.000         0.000         0.000
 A_01           1.000         0.000         0.000         0.000         0.000
 A_02           1.000         2.000         0.000         0.000         0.000
 A_03           1.000         4.000         0.000         0.000         0.000
 A_04           1.000         6.000         0.000         0.000         0.000
 A_05           1.000         8.000         0.000         0.000         0.000
 A_06           1.000        10.000         0.000         0.000         0.000


           BETA
              A_04          A_05          A_06
              ________      ________      ________
 IA             0.000         0.000         0.000
 SA             0.000         0.000         0.000
 A_01           0.000         0.000         0.000
 A_02           0.000         0.000         0.000
 A_03           0.000         0.000         0.000
 A_04           0.000         0.000         0.000
 A_05           0.000         0.000         0.000
 A_06           0.000         0.000         0.000


           PSI
              IA            SA            A_01          A_02          A_03
              ________      ________      ________      ________      ________
 IA             2.403
 SA             0.000         0.265
 A_01           0.000         0.000         1.208
 A_02           0.000         0.000         0.000         1.278
 A_03           0.000         0.000         0.000         0.000         1.330
 A_04           0.000         0.000         0.000         0.000         0.000
 A_05           0.000         0.000         0.000         0.000         0.000
 A_06           0.000         0.000         0.000         0.000         0.000


           PSI
              A_04          A_05          A_06
              ________      ________      ________
 A_04           1.435
 A_05           0.000         1.421
 A_06           0.000         0.000         1.421


TECHNICAL 2 OUTPUT


     DERIVATIVES


           Derivatives With Respect to NU
              A_01          A_02          A_03          A_04          A_05
              ________      ________      ________      ________      ________
 1          0.000E+00     0.000E+00     0.000E+00     0.000E+00     0.000E+00


           Derivatives With Respect to NU
              A_06
              ________
 1          0.000E+00


           Derivatives With Respect to LAMBDA
              IA            SA            A_01          A_02          A_03
              ________      ________      ________      ________      ________
 A_01       0.000E+00     0.000E+00     0.000E+00     0.000E+00     0.000E+00
 A_02       0.000E+00     0.000E+00     0.000E+00     0.000E+00     0.000E+00
 A_03       0.000E+00     0.000E+00     0.000E+00     0.000E+00     0.000E+00
 A_04       0.000E+00     0.000E+00     0.000E+00     0.000E+00     0.000E+00
 A_05       0.000E+00     0.000E+00     0.000E+00     0.000E+00     0.000E+00
 A_06       0.000E+00     0.000E+00     0.000E+00     0.000E+00     0.000E+00


           Derivatives With Respect to LAMBDA
              A_04          A_05          A_06
              ________      ________      ________
 A_01       0.000E+00     0.000E+00     0.000E+00
 A_02       0.000E+00     0.000E+00     0.000E+00
 A_03       0.000E+00     0.000E+00     0.000E+00
 A_04       0.000E+00     0.000E+00     0.000E+00
 A_05       0.000E+00     0.000E+00     0.000E+00
 A_06       0.000E+00     0.000E+00     0.000E+00


           Derivatives With Respect to THETA
              A_01          A_02          A_03          A_04          A_05
              ________      ________      ________      ________      ________
 A_01       0.000E+00
 A_02       0.000E+00     0.000E+00
 A_03       0.000E+00     0.000E+00     0.000E+00
 A_04       0.000E+00     0.000E+00     0.000E+00     0.000E+00
 A_05       0.000E+00     0.000E+00     0.000E+00     0.000E+00     0.000E+00
 A_06       0.000E+00     0.000E+00     0.000E+00     0.000E+00     0.000E+00


           Derivatives With Respect to THETA
              A_06
              ________
 A_06       0.000E+00


           Derivatives With Respect to ALPHA
              IA            SA            A_01          A_02          A_03
              ________      ________      ________      ________      ________
 1          0.266E-06     0.151E-04     0.000E+00     0.000E+00     0.000E+00


           Derivatives With Respect to ALPHA
              A_04          A_05          A_06
              ________      ________      ________
 1          0.000E+00     0.000E+00     0.000E+00


           Derivatives With Respect to BETA
              IA            SA            A_01          A_02          A_03
              ________      ________      ________      ________      ________
 IA         0.000E+00     0.000E+00     0.000E+00     0.000E+00     0.000E+00
 SA         0.000E+00     0.000E+00     0.000E+00     0.000E+00     0.000E+00
 A_01       0.000E+00     0.000E+00     0.000E+00     0.000E+00     0.000E+00
 A_02       0.000E+00     0.000E+00    -0.229E-05     0.000E+00     0.000E+00
 A_03       0.000E+00     0.000E+00     0.000E+00    -0.212E-05     0.000E+00
 A_04       0.000E+00     0.000E+00     0.000E+00     0.000E+00    -0.110E-05
 A_05       0.000E+00     0.000E+00     0.000E+00     0.000E+00     0.000E+00
 A_06       0.000E+00     0.000E+00     0.000E+00     0.000E+00     0.000E+00


           Derivatives With Respect to BETA
              A_04          A_05          A_06
              ________      ________      ________
 IA         0.000E+00     0.000E+00     0.000E+00
 SA         0.000E+00     0.000E+00     0.000E+00
 A_01       0.000E+00     0.000E+00     0.000E+00
 A_02       0.000E+00     0.000E+00     0.000E+00
 A_03       0.000E+00     0.000E+00     0.000E+00
 A_04       0.000E+00     0.000E+00     0.000E+00
 A_05       0.880E-06     0.000E+00     0.000E+00
 A_06       0.000E+00     0.516E-05     0.000E+00


           Derivatives With Respect to PSI
              IA            SA            A_01          A_02          A_03
              ________      ________      ________      ________      ________
 IA        -0.222E-06
 SA        -0.137E-04    -0.938E-04
 A_01       0.000E+00     0.000E+00    -0.134E-06
 A_02       0.000E+00     0.000E+00     0.000E+00     0.710E-07
 A_03       0.000E+00     0.000E+00     0.000E+00     0.000E+00     0.258E-06
 A_04       0.000E+00     0.000E+00     0.000E+00     0.000E+00     0.000E+00
 A_05       0.000E+00     0.000E+00     0.000E+00     0.000E+00     0.000E+00
 A_06       0.000E+00     0.000E+00     0.000E+00     0.000E+00     0.000E+00


           Derivatives With Respect to PSI
              A_04          A_05          A_06
              ________      ________      ________
 A_04       0.326E-06
 A_05       0.000E+00     0.130E-06
 A_06       0.000E+00     0.000E+00    -0.129E-06


TECHNICAL 3 OUTPUT


           ESTIMATED COVARIANCE MATRIX FOR PARAMETER ESTIMATES
                     1             2             3             4             5
              ________      ________      ________      ________      ________
        1   0.342726D-03
        2  -0.211336D-04  0.728613D-04
        3  -0.235924D-04 -0.232030D-04  0.193476D-04
        4  -0.153212D-04 -0.515230D-04  0.221508D-04  0.493555D-04
        5  -0.844397D-05 -0.785247D-04  0.315873D-04  0.623169D-04  0.101103D-03
        6   0.309292D-05 -0.116457D-03  0.432423D-04  0.897777D-04  0.134396D-03
        7   0.872264D-05 -0.154670D-03  0.572927D-04  0.117696D-03  0.177483D-03
        8   0.511675D-05  0.380546D-04 -0.366607D-04 -0.473107D-04 -0.578313D-04
        9  -0.355423D-05  0.916493D-05 -0.124485D-05 -0.624960D-05 -0.104321D-04
       10   0.218335D-06  0.459122D-05 -0.198304D-05 -0.367665D-05 -0.547150D-05
       11  -0.716392D-04 -0.408733D-04  0.409745D-04  0.483410D-04  0.610591D-04
       12  -0.136413D-05 -0.280525D-04  0.977113D-05  0.294774D-04  0.367153D-04
       13   0.210926D-05 -0.311357D-04  0.144698D-04  0.199206D-04  0.425791D-04
       14   0.307009D-04 -0.120009D-03  0.430553D-04  0.908577D-04  0.116308D-03
       15   0.123558D-04 -0.146582D-03  0.587288D-04  0.116957D-03  0.171009D-03
       16   0.256372D-04 -0.124094D-03  0.528541D-04  0.941270D-04  0.144886D-03


           ESTIMATED COVARIANCE MATRIX FOR PARAMETER ESTIMATES
                     6             7             8             9            10
              ________      ________      ________      ________      ________
        6   0.206758D-03
        7   0.260045D-03  0.357093D-03
        8  -0.687401D-04 -0.895299D-04  0.126317D-02
        9  -0.161856D-04 -0.212071D-04 -0.728143D-04  0.156524D-04
       10  -0.816965D-05 -0.110752D-04  0.921604D-05 -0.936060D-06  0.770995D-06
       11   0.803423D-04  0.109748D-03 -0.446982D-03  0.494053D-04 -0.108673D-04
       12   0.533515D-04  0.658260D-04 -0.175265D-03  0.994272D-05 -0.381667D-05
       13   0.547723D-04  0.727966D-04 -0.709133D-04 -0.281552D-05 -0.238471D-05
       14   0.215511D-03  0.279801D-03 -0.728685D-04 -0.223393D-04 -0.959157D-05
       15   0.214695D-03  0.347150D-03 -0.117534D-03 -0.138082D-04 -0.153001D-04
       16   0.213831D-03  0.270059D-03 -0.166022D-03  0.109702D-04 -0.185216D-04


           ESTIMATED COVARIANCE MATRIX FOR PARAMETER ESTIMATES
                    11            12            13            14            15
              ________      ________      ________      ________      ________
       11   0.135592D-02
       12   0.127411D-03  0.937657D-03
       13   0.705536D-04  0.119084D-04  0.981761D-03
       14   0.872713D-04  0.122397D-03  0.375759D-04  0.184670D-02
       15   0.171143D-03  0.155478D-04  0.870637D-04  0.281185D-03  0.228743D-02
       16   0.271029D-03  0.164979D-03  0.560450D-04  0.304361D-03  0.391226D-03


           ESTIMATED COVARIANCE MATRIX FOR PARAMETER ESTIMATES
                    16
              ________
       16   0.230185D-02


           ESTIMATED CORRELATION MATRIX FOR PARAMETER ESTIMATES
                     1             2             3             4             5
              ________      ________      ________      ________      ________
        1       1.000
        2      -0.134         1.000
        3      -0.290        -0.618         1.000
        4      -0.118        -0.859         0.717         1.000
        5      -0.045        -0.915         0.714         0.882         1.000
        6       0.012        -0.949         0.684         0.889         0.930
        7       0.025        -0.959         0.689         0.887         0.934
        8       0.008         0.125        -0.235        -0.189        -0.162
        9      -0.049         0.271        -0.072        -0.225        -0.262
       10       0.013         0.613        -0.513        -0.596        -0.620
       11      -0.105        -0.130         0.253         0.187         0.165
       12      -0.002        -0.107         0.073         0.137         0.119
       13       0.004        -0.116         0.105         0.090         0.135
       14       0.039        -0.327         0.228         0.301         0.269
       15       0.014        -0.359         0.279         0.348         0.356
       16       0.029        -0.303         0.250         0.279         0.300


           ESTIMATED CORRELATION MATRIX FOR PARAMETER ESTIMATES
                     6             7             8             9            10
              ________      ________      ________      ________      ________
        6       1.000
        7       0.957         1.000
        8      -0.135        -0.133         1.000
        9      -0.285        -0.284        -0.518         1.000
       10      -0.647        -0.667         0.295        -0.269         1.000
       11       0.152         0.158        -0.342         0.339        -0.336
       12       0.121         0.114        -0.161         0.082        -0.142
       13       0.122         0.123        -0.064        -0.023        -0.087
       14       0.349         0.345        -0.048        -0.131        -0.254
       15       0.312         0.384        -0.069        -0.073        -0.364
       16       0.310         0.298        -0.097         0.058        -0.440


           ESTIMATED CORRELATION MATRIX FOR PARAMETER ESTIMATES
                    11            12            13            14            15
              ________      ________      ________      ________      ________
       11       1.000
       12       0.113         1.000
       13       0.061         0.012         1.000
       14       0.055         0.093         0.028         1.000
       15       0.097         0.011         0.058         0.137         1.000
       16       0.153         0.112         0.037         0.148         0.170


           ESTIMATED CORRELATION MATRIX FOR PARAMETER ESTIMATES
                    16
              ________
       16       1.000


     Beginning Time:  12:10:54
        Ending Time:  12:11:09
       Elapsed Time:  00:00:15



MUTHEN & MUTHEN
3463 Stoner Ave.
Los Angeles, CA  90066

Tel: (310) 391-9971
Fax: (310) 391-8971
Web: www.StatModel.com
Support: Support@StatModel.com

Copyright (c) 1998-2015 Muthen & Muthen
