Mplus VERSION 7.4 (Mac)
MUTHEN & MUTHEN
10/18/2017   7:41 AM

INPUT INSTRUCTIONS

  TITLE:
  10b - Predetermined ALT, fixed cognitive slope, fixed time correlations
  DATA:
  File = wide-dataset-b.dat;
  VARIABLE:
  NAMES are
   id hhid male birthyr_rand birthmo_rand race_rand hispanic_rand cohort
      raedyrs raedegrm memoryproblems_baseline memory_disease_ever age_baseline
      age_baseline_65 health_conditions_baseline healthcond_mean activity_mean_2004
      activity_mean_2006 activity_mean_2008 activity_mean_2010 activity_mean_2012
      activity_mean_2014 activity_sum_2004 activity_sum_2006 activity_sum_2008
      activity_sum_2010 activity_sum_2012 activity_sum_2014 close_social_network_2004
      close_social_network_2006 close_social_network_2008 close_social_network_2010
      close_social_network_2012 close_social_network_2014 countb20r_2004
      countb20r_2006 countb20r_2008 countb20r_2010 countb20r_2012 countb20r_2014
      crp_adj_2004 crp_adj_2006 crp_adj_2008 crp_adj_2010 crp_adj_2012 crp_adj_2014
      dep_total_2004 dep_total_2006 dep_total_2008 dep_total_2010 dep_total_2012
      dep_total_2014 exercise_2004 exercise_2006 exercise_2008 exercise_2010
      exercise_2012 exercise_2014 healthcond_2004 healthcond_2006 healthcond_2008
      healthcond_2010 healthcond_2012 healthcond_2014 hhres_2004 hhres_2006
      hhres_2008 hhres_2010 hhres_2012 hhres_2014 hrs_tscore_2004 hrs_tscore_2006
      hrs_tscore_2008 hrs_tscore_2010 hrs_tscore_2012 hrs_tscore_2014 intage_r_2004
      intage_r_2006 intage_r_2008 intage_r_2010 intage_r_2012 intage_r_2014
      interview_date_2004 interview_date_2006 interview_date_2008 interview_date_2010
      interview_date_2012 interview_date_2014 lb_65_wave_2004 lb_65_wave_2006
      lb_65_wave_2008 lb_65_wave_2010 lb_65_wave_2012 lb_65_wave_2014 lb_wave_2004
      lb_wave_2006 lb_wave_2008 lb_wave_2010 lb_wave_2012 lb_wave_2014 listassi_2004
      listassi_2006 listassi_2008 listassi_2010 listassi_2012 listassi_2014
      mentalstatus_tot_2004 mentalstatus_tot_2006 mentalstatus_tot_2008
      mentalstatus_tot_2010 mentalstatus_tot_2012 mentalstatus_tot_2014 proxy_2004
      proxy_2006 proxy_2008 proxy_2010 proxy_2012 proxy_2014 responded_2004
      responded_2006 responded_2008 responded_2010 responded_2012 responded_2014
      rmaritalst_2004 rmaritalst_2006 rmaritalst_2008 rmaritalst_2010 rmaritalst_2012
      rmaritalst_2014 rpartst_2004 rpartst_2006 rpartst_2008 rpartst_2010
      rpartst_2012 rpartst_2014 score_loneliness_11_2004 score_loneliness_11_2006
      score_loneliness_11_2008 score_loneliness_11_2010 score_loneliness_11_2012
      score_loneliness_11_2014 score_loneliness_3_2004 score_loneliness_3_2006
      score_loneliness_3_2008 score_loneliness_3_2010 score_loneliness_3_2012
      score_loneliness_3_2014 shhidpnr_2004 shhidpnr_2006 shhidpnr_2008 shhidpnr_2010
      shhidpnr_2012 shhidpnr_2014 snchild_2004 snchild_2006 snchild_2008 snchild_2010
      snchild_2012 snchild_2014 snfamily_2004 snfamily_2006 snfamily_2008
      snfamily_2010 snfamily_2012 snfamily_2014 snfriends_2004 snfriends_2006
      snfriends_2008 snfriends_2010 snfriends_2012 snfriends_2014 snspouse_2004
      snspouse_2006 snspouse_2008 snspouse_2010 snspouse_2012 snspouse_2014
      social_contact_total_2004 social_contact_total_2006 social_contact_total_2008
      social_contact_total_2010 social_contact_total_2012 social_contact_total_2014
      social_strain_mean_2004 social_strain_mean_2006 social_strain_mean_2008
      social_strain_mean_2010 social_strain_mean_2012 social_strain_mean_2014
      social_support_mean_2004 social_support_mean_2006 social_support_mean_2008
      social_support_mean_2010 social_support_mean_2012 social_support_mean_2014
      socialnetwork_total_2004 socialnetwork_total_2006 socialnetwork_total_2008
      socialnetwork_total_2010 socialnetwork_total_2012 socialnetwork_total_2014
      srmemory_2004 srmemory_2006 srmemory_2008 srmemory_2010 srmemory_2012
      srmemory_2014 srmemoryp_2004 srmemoryp_2006 srmemoryp_2008 srmemoryp_2010
      srmemoryp_2012 srmemoryp_2014 vocab_total_2004 vocab_total_2006 vocab_total_2008
      vocab_total_2010 vocab_total_2012 vocab_total_2014 wrectotd_2004 wrectotd_2006
      wrectotd_2008 wrectotd_2010 wrectotd_2012 wrectotd_2014 wrectoti_2004
      wrectoti_2006 wrectoti_2008 wrectoti_2010 wrectoti_2012 wrectoti_2014
  	;
  Missing are all(9999);
  USEVARIABLES are
  	!define the variables used in the analysis
  	!estimated time points
  a_01
  a_02
  a_03
  a_04
  a_05
  a_06
  	!modelled time points of process (B)
  b_01
  b_02
  b_03
  b_04
  b_05
  b_06
  	! covariates used in the model
  	;
  SUBPOPULATION are
  	!select a subset of observations
  age_baseline > 64 AND
  memory_disease_ever EQ 0
  ;
  CLUSTER = hhid;
  DEFINE:
    ! centre baseline age
  a = age_baseline - 69;
  	! assign variables to the process (A)
  a_01=wrectoti_2004;
  a_02=wrectoti_2006;
  a_03=wrectoti_2008;
  a_04=wrectoti_2010;
  a_05=wrectoti_2012;
  a_06=wrectoti_2014;
  	! assign variables to the process (B)
  b_01=score_loneliness_3_2004;
  b_02=score_loneliness_3_2006;
  b_03=score_loneliness_3_2008;
  b_04=score_loneliness_3_2010;
  b_05=score_loneliness_3_2012;
  b_06=score_loneliness_3_2014;
  ANALYSIS:
  TYPE = COMPLEX RANDOM;
  model=nocovariances;
  COVERAGE=.00;
  H1ITERATIONS = 10000;
  MODEL:
  	!LGM part
  	! assign process (A) to time points
  ia BY a_02@1 a_03@1 a_04@1 a_05@1 a_06@1;
  sa BY a_02@0 a_03@2 a_04@4 a_05@6 a_06@8;
  sa@0
  	! assign process (B) to time points
  ib BY b_02@1 b_03@1 b_04@1 b_05@1 b_06@1;
  sb BY b_02@0 b_03@2 b_04@4 b_05@6 b_06@8;
  	!correlations between the first measurement points
  	!autoregressive part
  a_01 a_02 a_03 a_04 a_05 a_06;
  a_02 ON a_01;
  a_03 ON a_02;
  a_04 ON a_03;
  a_05 ON a_04;
  a_06 ON a_05;
  b_01 b_02 b_03 b_04 b_05 b_06;
  b_02 ON b_01;
  b_03 ON b_02;
  b_04 ON b_03;
  b_05 ON b_04;
  b_06 ON b_05;
  	!Cross lagged part
  a_02 ON b_01;
  a_03 ON b_02;
  a_04 ON b_03;
  a_05 ON b_04;
  a_06 ON b_05;
  b_02 ON a_01;
  b_03 ON a_02;
  b_04 ON a_03;
  b_05 ON a_04;
  b_06 ON a_05;
  ia;
  sa;
  ib;
  sb;
  ia with sa;
  ib with sb;
  ia with a_01;
  sa with a_01;
  ib with b_01;
  sb with b_01;
  ia with ib;
  sa with sb;
  ! Time specific correlations
  b_02 WITH a_02(1);
  b_03 WITH a_03(1);
  b_04 WITH a_04(1);
  b_05 WITH a_05(1);
  b_06 WITH a_06(1);
  [a_02@0 a_03@0 a_04@0 a_05@0 a_06@0];
  [b_02@0 b_03@0 b_04@0 b_05@0 b_06@0];
  [ia];
  [ib];
  [sa];
  [sb];
  [a_01];
  [b_01];
  	
  OUTPUT: SAMPSTAT MODINDICES (3.0); TECH1; TECH4;



*** WARNING in OUTPUT command
  TECH4 option for TYPE=RANDOM requires ALGORITHM=INTEGRATION.
  Request for TECH4 is ignored.
   1 WARNING(S) FOUND IN THE INPUT INSTRUCTIONS




10b - Predetermined ALT, fixed cognitive slope, fixed time correlations

SUMMARY OF ANALYSIS

Number of groups                                                 1
Number of observations                                        5952

Number of dependent variables                                   10
Number of independent variables                                  2
Number of continuous latent variables                            4

Observed dependent variables

  Continuous
   A_02        A_03        A_04        A_05        A_06        B_02
   B_03        B_04        B_05        B_06

Observed independent variables
   A_01        B_01

Continuous latent variables
   IA          SA          IB          SB

Variables with special functions

  Cluster variable      HHID

Estimator                                                      MLR
Information matrix                                        OBSERVED
Maximum number of iterations                                   100
Convergence criterion                                    0.100D-05
Maximum number of EM iterations                                500
Convergence criteria for the EM algorithm
  Loglikelihood change                                   0.100D-02
  Relative loglikelihood change                          0.100D-05
  Derivative                                             0.100D-03
Minimum variance                                         0.100D-03
Maximum number of steepest descent iterations                   20
Maximum number of iterations for H1                          10000
Convergence criterion for H1                             0.100D-03
Optimization algorithm                                         EMA

Input data file(s)
  wide-dataset-b.dat
Input data format  FREE


SUMMARY OF DATA

     Number of missing data patterns           275
     Number of clusters        4882



SAMPLE STATISTICS


     ESTIMATED SAMPLE STATISTICS


           Means
              A_02          A_03          A_04          A_05          A_06
              ________      ________      ________      ________      ________
 1              5.305         5.168         4.832         4.664         4.482


           Means
              B_02          B_03          B_04          B_05          B_06
              ________      ________      ________      ________      ________
 1              1.435         1.439         1.441         1.470         1.460


           Means
              A_01          B_01
              ________      ________
 1              5.434         1.381


           Covariances
              A_02          A_03          A_04          A_05          A_06
              ________      ________      ________      ________      ________
 A_02           2.360
 A_03           1.087         2.391
 A_04           1.199         1.152         2.706
 A_05           1.091         1.241         1.319         2.690
 A_06           1.244         1.177         1.370         1.386         2.809
 B_02          -0.073        -0.055        -0.076        -0.077        -0.076
 B_03          -0.082        -0.079        -0.072        -0.093        -0.095
 B_04          -0.082        -0.040        -0.092        -0.082        -0.057
 B_05          -0.046        -0.051        -0.060        -0.090        -0.086
 B_06          -0.089        -0.043        -0.095        -0.086        -0.067
 A_01           1.074         1.089         1.052         1.133         1.055
 B_01          -0.066        -0.056        -0.075        -0.083        -0.101


           Covariances
              B_02          B_03          B_04          B_05          B_06
              ________      ________      ________      ________      ________
 B_02           0.258
 B_03           0.087         0.266
 B_04           0.143         0.058         0.262
 B_05           0.064         0.148         0.008         0.256
 B_06           0.134         0.134         0.149         0.088         0.266
 A_01          -0.069        -0.091        -0.055        -0.072        -0.052
 B_01           0.142         0.124         0.114         0.121         0.115


           Covariances
              A_01          B_01
              ________      ________
 A_01           2.264
 B_01          -0.061         0.230


           Correlations
              A_02          A_03          A_04          A_05          A_06
              ________      ________      ________      ________      ________
 A_02           1.000
 A_03           0.458         1.000
 A_04           0.474         0.453         1.000
 A_05           0.433         0.489         0.489         1.000
 A_06           0.483         0.454         0.497         0.504         1.000
 B_02          -0.093        -0.069        -0.092        -0.093        -0.089
 B_03          -0.104        -0.099        -0.085        -0.110        -0.110
 B_04          -0.104        -0.050        -0.109        -0.098        -0.067
 B_05          -0.059        -0.066        -0.072        -0.108        -0.101
 B_06          -0.113        -0.054        -0.111        -0.102        -0.077
 A_01           0.465         0.468         0.425         0.459         0.418
 B_01          -0.090        -0.075        -0.095        -0.105        -0.126


           Correlations
              B_02          B_03          B_04          B_05          B_06
              ________      ________      ________      ________      ________
 B_02           1.000
 B_03           0.333         1.000
 B_04           0.549         0.221         1.000
 B_05           0.249         0.567         0.030         1.000
 B_06           0.512         0.502         0.566         0.336         1.000
 A_01          -0.091        -0.117        -0.071        -0.095        -0.067
 B_01           0.581         0.502         0.464         0.499         0.465


           Correlations
              A_01          B_01
              ________      ________
 A_01           1.000
 B_01          -0.084         1.000


     MAXIMUM LOG-LIKELIHOOD VALUE FOR THE UNRESTRICTED (H1) MODEL IS -63932.927


UNIVARIATE SAMPLE STATISTICS


     UNIVARIATE HIGHER-ORDER MOMENT DESCRIPTIVE STATISTICS

         Variable/         Mean/     Skewness/   Minimum/ % with                Percentiles
        Sample Size      Variance    Kurtosis    Maximum  Min/Max      20%/60%    40%/80%    Median

     A_02                  5.312      -0.013       0.000    0.25%       4.000      5.000      5.000
            5681.000       2.347       0.206      10.000    0.42%       6.000      7.000
     A_03                  5.177      -0.071       0.000    0.36%       4.000      5.000      5.000
            5775.000       2.383       0.197      10.000    0.23%       6.000      6.000
     A_04                  4.856      -0.123       0.000    1.04%       4.000      5.000      5.000
            5669.000       2.683       0.277      10.000    0.19%       5.000      6.000
     A_05                  4.743      -0.175       0.000    1.46%       3.000      4.000      5.000
            5132.000       2.642       0.389      10.000    0.19%       5.000      6.000
     A_06                  4.626      -0.096       0.000    1.38%       3.000      4.000      5.000
            4429.000       2.729       0.239      10.000    0.09%       5.000      6.000
     B_02                  1.432       1.083       1.000   45.40%       1.000      1.000      1.333
            2771.000       0.259       0.516       3.000    2.24%       1.333      2.000
     B_03                  1.437       1.063       1.000   45.38%       1.000      1.000      1.333
            2719.000       0.265       0.388       3.000    2.02%       1.333      2.000
     B_04                  1.428       1.148       1.000   45.05%       1.000      1.000      1.333
            2617.000       0.260       0.655       3.000    2.25%       1.333      2.000
     B_05                  1.455       0.975       1.000   41.23%       1.000      1.000      1.333
            2219.000       0.251       0.285       3.000    1.89%       1.333      2.000
     B_06                  1.429       1.081       1.000   44.93%       1.000      1.000      1.333
            2010.000       0.256       0.406       3.000    1.74%       1.333      2.000
     A_01                  5.450      -0.108       0.000    0.36%       4.000      5.000      5.000
            5496.000       2.255       0.367      10.000    0.38%       6.000      7.000
     B_01                  1.353       1.282       1.000   53.05%       1.000      1.000      1.000
            1050.000       0.223       0.886       3.000    1.05%       1.333      1.667


THE MODEL ESTIMATION TERMINATED NORMALLY

     WARNING:  THE LATENT VARIABLE COVARIANCE MATRIX (PSI) IS NOT POSITIVE
     DEFINITE.  THIS COULD INDICATE A NEGATIVE VARIANCE/RESIDUAL VARIANCE FOR A
     LATENT VARIABLE, A CORRELATION GREATER OR EQUAL TO ONE BETWEEN TWO LATENT
     VARIABLES, OR A LINEAR DEPENDENCY AMONG MORE THAN TWO LATENT VARIABLES.
     CHECK THE TECH4 OUTPUT FOR MORE INFORMATION.



MODEL FIT INFORMATION

Number of Free Parameters                       51

Loglikelihood

          H0 Value                      -63994.791
          H0 Scaling Correction Factor      1.3029
            for MLR
          H1 Value                      -63932.927
          H1 Scaling Correction Factor      1.1544
            for MLR

Information Criteria

          Akaike (AIC)                  128091.583
          Bayesian (BIC)                128432.848
          Sample-Size Adjusted BIC      128270.785
            (n* = (n + 2) / 24)

Chi-Square Test of Model Fit

          Value                            128.845*
          Degrees of Freedom                    39
          P-Value                           0.0000
          Scaling Correction Factor         0.9603
            for MLR

*   The chi-square value for MLM, MLMV, MLR, ULSMV, WLSM and WLSMV cannot be used
    for chi-square difference testing in the regular way.  MLM, MLR and WLSM
    chi-square difference testing is described on the Mplus website.  MLMV, WLSMV,
    and ULSMV difference testing is done using the DIFFTEST option.

RMSEA (Root Mean Square Error Of Approximation)

          Estimate                           0.020

CFI/TLI

          CFI                                0.992
          TLI                                0.986

Chi-Square Test of Model Fit for the Baseline Model

          Value                          10820.047
          Degrees of Freedom                    66
          P-Value                           0.0000

SRMR (Standardized Root Mean Square Residual)

          Value                              0.116



MODEL RESULTS

                                                    Two-Tailed
                    Estimate       S.E.  Est./S.E.    P-Value

 IA       BY
    A_02               1.000      0.000    999.000    999.000
    A_03               1.000      0.000    999.000    999.000
    A_04               1.000      0.000    999.000    999.000
    A_05               1.000      0.000    999.000    999.000
    A_06               1.000      0.000    999.000    999.000

 SA       BY
    A_02               0.000      0.000    999.000    999.000
    A_03               2.000      0.000    999.000    999.000
    A_04               4.000      0.000    999.000    999.000
    A_05               6.000      0.000    999.000    999.000
    A_06               8.000      0.000    999.000    999.000

 IB       BY
    B_02               1.000      0.000    999.000    999.000
    B_03               1.000      0.000    999.000    999.000
    B_04               1.000      0.000    999.000    999.000
    B_05               1.000      0.000    999.000    999.000
    B_06               1.000      0.000    999.000    999.000

 SB       BY
    B_02               0.000      0.000    999.000    999.000
    B_03               2.000      0.000    999.000    999.000
    B_04               4.000      0.000    999.000    999.000
    B_05               6.000      0.000    999.000    999.000
    B_06               8.000      0.000    999.000    999.000

 A_02       ON
    A_01              -0.015      0.023     -0.654      0.513
    B_01              -0.083      0.068     -1.231      0.218

 A_03       ON
    A_02              -0.021      0.018     -1.184      0.236
    B_02              -0.066      0.048     -1.395      0.163

 A_04       ON
    A_03              -0.027      0.014     -1.892      0.059
    B_03              -0.187      0.055     -3.397      0.001

 A_05       ON
    A_04              -0.007      0.019     -0.380      0.704
    B_04              -0.285      0.073     -3.905      0.000

 A_06       ON
    A_05              -0.018      0.030     -0.595      0.552
    B_05              -0.287      0.094     -3.065      0.002

 B_02       ON
    B_01               0.284      0.143      1.989      0.047
    A_01              -0.029      0.006     -5.155      0.000

 B_03       ON
    B_02               0.467      0.147      3.167      0.002
    A_02              -0.028      0.005     -5.147      0.000

 B_04       ON
    B_03               0.573      0.194      2.950      0.003
    A_03              -0.002      0.012     -0.141      0.888

 B_05       ON
    B_04               0.812      0.311      2.608      0.009
    A_04              -0.009      0.011     -0.811      0.417

 B_06       ON
    B_05               1.012      0.412      2.457      0.014
    A_05              -0.016      0.015     -1.077      0.281

 IA       WITH
    SA                 0.007      0.009      0.792      0.429
    A_01               1.107      0.052     21.161      0.000
    IB                 0.005      0.005      0.980      0.327

 IB       WITH
    SB                -0.007      0.006     -1.239      0.215
    B_01               0.075      0.028      2.731      0.006

 SA       WITH
    A_01              -0.003      0.010     -0.352      0.725
    SB                 0.000      0.000      0.929      0.353

 SB       WITH
    B_01              -0.009      0.007     -1.247      0.212

 B_02     WITH
    A_02              -0.021      0.007     -2.989      0.003

 B_03     WITH
    A_03              -0.021      0.007     -2.989      0.003

 B_04     WITH
    A_04              -0.021      0.007     -2.989      0.003

 B_05     WITH
    A_05              -0.021      0.007     -2.989      0.003

 B_06     WITH
    A_06              -0.021      0.007     -2.989      0.003

 Means
    A_01               5.434      0.020    265.876      0.000
    B_01               1.377      0.013    102.089      0.000
    IA                 5.501      0.147     37.390      0.000
    SA                -0.065      0.032     -2.059      0.039
    IB                 1.203      0.199      6.035      0.000
    SB                -0.144      0.089     -1.616      0.106

 Intercepts
    A_02               0.000      0.000    999.000    999.000
    A_03               0.000      0.000    999.000    999.000
    A_04               0.000      0.000    999.000    999.000
    A_05               0.000      0.000    999.000    999.000
    A_06               0.000      0.000    999.000    999.000
    B_02               0.000      0.000    999.000    999.000
    B_03               0.000      0.000    999.000    999.000
    B_04               0.000      0.000    999.000    999.000
    B_05               0.000      0.000    999.000    999.000
    B_06               0.000      0.000    999.000    999.000

 Variances
    A_01               2.265      0.047     48.421      0.000
    B_01               0.229      0.011     20.332      0.000
    IA                 1.143      0.082     13.956      0.000
    SA                 0.004      0.002      2.466      0.014
    IB                 0.053      0.039      1.375      0.169
    SB                 0.000      0.001     -0.357      0.721

 Residual Variances
    A_02               1.246      0.049     25.265      0.000
    A_03               1.261      0.035     36.459      0.000
    A_04               1.438      0.045     31.765      0.000
    A_05               1.321      0.055     24.071      0.000
    A_06               1.330      0.059     22.444      0.000
    B_02               0.140      0.023      6.037      0.000
    B_03               0.132      0.018      7.475      0.000
    B_04               0.145      0.022      6.629      0.000
    B_05               0.159      0.047      3.413      0.001
    B_06               0.263      0.179      1.474      0.141


QUALITY OF NUMERICAL RESULTS

     Condition Number for the Information Matrix              0.461E-06
       (ratio of smallest to largest eigenvalue)


MODEL MODIFICATION INDICES

NOTE:  Modification indices for direct effects of observed dependent variables
regressed on covariates may not be included.  To include these, request
MODINDICES (ALL).

Minimum M.I. value for printing the modification index     3.000

                                   M.I.     E.P.C.


ON/BY Statements

A_03     ON SA       /
SA       BY A_03                   4.044    -1.214
A_04     ON SA       /
SA       BY A_04                   6.854     1.571
A_04     ON SB       /
SB       BY A_04                   3.793     1.469
B_02     ON IB       /
IB       BY B_02                   4.759     0.791
B_04     ON IA       /
IA       BY B_04                   4.227    -0.030
B_05     ON SA       /
SA       BY B_05                   3.682    -0.984
B_05     ON IB       /
IB       BY B_05                   9.113     0.609
B_05     ON SB       /
SB       BY B_05                   4.448    -4.013
A_01     ON IB       /
IB       BY A_01                   8.899    -0.533
B_01     ON IA       /
IA       BY B_01                  14.367    -0.051
B_01     ON SA       /
SA       BY B_01                   5.319    -1.063
B_01     ON IB       /
IB       BY B_01                   6.379    -6.964
B_01     ON SB       /
SB       BY B_01                   5.619   -15.896
IA       ON SA       /
SA       BY IA                     3.453   -10.112
IA       ON SB       /
SB       BY IA                     7.254     4.050
SA       ON IB       /
IB       BY SA                     3.774    -0.060
SA       ON SB       /
SB       BY SA                     3.333     0.453
SB       ON IB       /
IB       BY SB                     3.468    -0.682

ON Statements

IA       ON A_03                   4.430    -0.048
IA       ON A_04                  16.670     0.064
IA       ON A_05                  13.613    -0.066
IA       ON B_06                   5.560    -0.272
IA       ON B_01                   4.297    -0.138
SA       ON A_03                   5.043    -0.007
SA       ON A_04                   5.215     0.006
SA       ON A_06                   7.509    -0.025
SA       ON B_06                   3.965    -0.032
SA       ON B_01                   6.049    -0.029
IB       ON B_05                   3.196    -0.098
IB       ON B_06                   3.299     0.145
SB       ON B_05                   6.554    -0.090
A_02     ON A_04                  19.903     0.127
A_02     ON A_05                  31.023    -0.093
A_02     ON A_06                  19.646     0.090
A_03     ON A_06                   9.175    -0.046
A_04     ON A_02                   6.025     0.042
A_04     ON A_06                   3.902     0.041
A_04     ON B_06                   4.011    -0.180
A_04     ON A_01                   4.747    -0.030
A_05     ON A_02                  25.456    -0.068
A_06     ON A_02                  34.808     0.149
A_06     ON A_03                   6.674    -0.048
A_06     ON A_04                   4.211     0.045
B_02     ON B_04                   6.714     0.321
B_03     ON B_03                   3.310    -0.457
B_03     ON A_01                   4.132    -0.014
B_04     ON A_02                   3.463    -0.013
B_04     ON A_01                   4.995    -0.016
B_05     ON B_05                  20.518     2.402
B_05     ON B_01                   5.054     0.242
B_06     ON B_02                   5.853    -0.448
B_06     ON B_04                   7.592     0.708
B_06     ON B_06                  10.664    -1.579
B_06     ON B_01                   4.834    -0.275
A_01     ON A_04                   8.264    -0.046
A_01     ON A_05                  13.301     0.069
A_01     ON B_02                   5.638    -0.207
A_01     ON B_03                  10.799    -0.200
A_01     ON B_04                  10.394    -0.176
A_01     ON B_05                   9.066    -0.197
A_01     ON B_01                   4.634    -0.146
B_01     ON A_02                  10.791    -0.037
B_01     ON A_03                   7.540    -0.023
B_01     ON A_04                   6.983    -0.021
B_01     ON A_05                   6.827    -0.021
B_01     ON A_06                  13.903    -0.031
B_01     ON B_04                   5.026     0.273
B_01     ON B_05                   3.862     0.175
B_01     ON A_01                   8.138    -0.023

WITH Statements

SB       WITH IA                   3.453    -0.004
A_03     WITH IA                   4.207    -0.059
A_03     WITH SA                   5.157    -0.008
A_04     WITH IA                  17.235     0.095
A_04     WITH SA                   5.188     0.009
A_04     WITH A_02                11.389     0.105
A_05     WITH IA                  13.077    -0.085
A_05     WITH A_02                38.801    -0.153
A_05     WITH A_03                 4.814     0.059
A_06     WITH SA                   8.594    -0.036
A_06     WITH A_02                32.744     0.208
A_06     WITH A_03                12.906    -0.096
A_06     WITH A_04                 3.155     0.080
B_03     WITH IA                   4.651     0.028
B_04     WITH SA                   3.076     0.004
B_04     WITH A_03                 3.616     0.036
B_04     WITH B_02                 4.552     0.043
B_05     WITH IB                   6.394    -0.026
B_05     WITH SB                  25.091    -0.037
B_05     WITH B_02                 5.755    -0.100
B_05     WITH B_04                 3.388    -0.032
B_06     WITH IA                   3.916    -0.034
B_06     WITH IB                   3.496     0.017
B_06     WITH SB                   6.984     0.013
B_06     WITH B_03                11.817     0.129
B_06     WITH B_04                10.136     0.092
A_01     WITH A_04                 9.549    -0.072
A_01     WITH A_05                11.172     0.084
A_01     WITH B_03                 6.139    -0.031
A_01     WITH B_06                 5.381     0.038
B_01     WITH IA                   6.365    -0.037
B_01     WITH SA                   5.622    -0.006
B_01     WITH A_06                 3.326    -0.035
B_01     WITH B_02                 4.877    -0.086

Means/Intercepts/Thresholds

[ B_05     ]                       4.193     0.242


TECHNICAL 1 OUTPUT


     PARAMETER SPECIFICATION


           NU
              A_02          A_03          A_04          A_05          A_06
              ________      ________      ________      ________      ________
 1                  0             0             0             0             0


           NU
              B_02          B_03          B_04          B_05          B_06
              ________      ________      ________      ________      ________
 1                  0             0             0             0             0


           NU
              A_01          B_01
              ________      ________
 1                  0             0


           LAMBDA
              IA            SA            IB            SB            A_02
              ________      ________      ________      ________      ________
 A_02               0             0             0             0             0
 A_03               0             0             0             0             0
 A_04               0             0             0             0             0
 A_05               0             0             0             0             0
 A_06               0             0             0             0             0
 B_02               0             0             0             0             0
 B_03               0             0             0             0             0
 B_04               0             0             0             0             0
 B_05               0             0             0             0             0
 B_06               0             0             0             0             0
 A_01               0             0             0             0             0
 B_01               0             0             0             0             0


           LAMBDA
              A_03          A_04          A_05          A_06          B_02
              ________      ________      ________      ________      ________
 A_02               0             0             0             0             0
 A_03               0             0             0             0             0
 A_04               0             0             0             0             0
 A_05               0             0             0             0             0
 A_06               0             0             0             0             0
 B_02               0             0             0             0             0
 B_03               0             0             0             0             0
 B_04               0             0             0             0             0
 B_05               0             0             0             0             0
 B_06               0             0             0             0             0
 A_01               0             0             0             0             0
 B_01               0             0             0             0             0


           LAMBDA
              B_03          B_04          B_05          B_06          A_01
              ________      ________      ________      ________      ________
 A_02               0             0             0             0             0
 A_03               0             0             0             0             0
 A_04               0             0             0             0             0
 A_05               0             0             0             0             0
 A_06               0             0             0             0             0
 B_02               0             0             0             0             0
 B_03               0             0             0             0             0
 B_04               0             0             0             0             0
 B_05               0             0             0             0             0
 B_06               0             0             0             0             0
 A_01               0             0             0             0             0
 B_01               0             0             0             0             0


           LAMBDA
              B_01
              ________
 A_02               0
 A_03               0
 A_04               0
 A_05               0
 A_06               0
 B_02               0
 B_03               0
 B_04               0
 B_05               0
 B_06               0
 A_01               0
 B_01               0


           THETA
              A_02          A_03          A_04          A_05          A_06
              ________      ________      ________      ________      ________
 A_02               0
 A_03               0             0
 A_04               0             0             0
 A_05               0             0             0             0
 A_06               0             0             0             0             0
 B_02               0             0             0             0             0
 B_03               0             0             0             0             0
 B_04               0             0             0             0             0
 B_05               0             0             0             0             0
 B_06               0             0             0             0             0
 A_01               0             0             0             0             0
 B_01               0             0             0             0             0


           THETA
              B_02          B_03          B_04          B_05          B_06
              ________      ________      ________      ________      ________
 B_02               0
 B_03               0             0
 B_04               0             0             0
 B_05               0             0             0             0
 B_06               0             0             0             0             0
 A_01               0             0             0             0             0
 B_01               0             0             0             0             0


           THETA
              A_01          B_01
              ________      ________
 A_01               0
 B_01               0             0


           ALPHA
              IA            SA            IB            SB            A_02
              ________      ________      ________      ________      ________
 1                  1             2             3             4             0


           ALPHA
              A_03          A_04          A_05          A_06          B_02
              ________      ________      ________      ________      ________
 1                  0             0             0             0             0


           ALPHA
              B_03          B_04          B_05          B_06          A_01
              ________      ________      ________      ________      ________
 1                  0             0             0             0             5


           ALPHA
              B_01
              ________
 1                  6


           BETA
              IA            SA            IB            SB            A_02
              ________      ________      ________      ________      ________
 IA                 0             0             0             0             0
 SA                 0             0             0             0             0
 IB                 0             0             0             0             0
 SB                 0             0             0             0             0
 A_02               0             0             0             0             0
 A_03               0             0             0             0             9
 A_04               0             0             0             0             0
 A_05               0             0             0             0             0
 A_06               0             0             0             0             0
 B_02               0             0             0             0             0
 B_03               0             0             0             0            19
 B_04               0             0             0             0             0
 B_05               0             0             0             0             0
 B_06               0             0             0             0             0
 A_01               0             0             0             0             0
 B_01               0             0             0             0             0


           BETA
              A_03          A_04          A_05          A_06          B_02
              ________      ________      ________      ________      ________
 IA                 0             0             0             0             0
 SA                 0             0             0             0             0
 IB                 0             0             0             0             0
 SB                 0             0             0             0             0
 A_02               0             0             0             0             0
 A_03               0             0             0             0            10
 A_04              11             0             0             0             0
 A_05               0            13             0             0             0
 A_06               0             0            15             0             0
 B_02               0             0             0             0             0
 B_03               0             0             0             0            20
 B_04              21             0             0             0             0
 B_05               0            23             0             0             0
 B_06               0             0            25             0             0
 A_01               0             0             0             0             0
 B_01               0             0             0             0             0


           BETA
              B_03          B_04          B_05          B_06          A_01
              ________      ________      ________      ________      ________
 IA                 0             0             0             0             0
 SA                 0             0             0             0             0
 IB                 0             0             0             0             0
 SB                 0             0             0             0             0
 A_02               0             0             0             0             7
 A_03               0             0             0             0             0
 A_04              12             0             0             0             0
 A_05               0            14             0             0             0
 A_06               0             0            16             0             0
 B_02               0             0             0             0            17
 B_03               0             0             0             0             0
 B_04              22             0             0             0             0
 B_05               0            24             0             0             0
 B_06               0             0            26             0             0
 A_01               0             0             0             0             0
 B_01               0             0             0             0             0


           BETA
              B_01
              ________
 IA                 0
 SA                 0
 IB                 0
 SB                 0
 A_02               8
 A_03               0
 A_04               0
 A_05               0
 A_06               0
 B_02              18
 B_03               0
 B_04               0
 B_05               0
 B_06               0
 A_01               0
 B_01               0


           PSI
              IA            SA            IB            SB            A_02
              ________      ________      ________      ________      ________
 IA                27
 SA                28            29
 IB                30             0            31
 SB                 0            32            33            34
 A_02               0             0             0             0            35
 A_03               0             0             0             0             0
 A_04               0             0             0             0             0
 A_05               0             0             0             0             0
 A_06               0             0             0             0             0
 B_02               0             0             0             0            40
 B_03               0             0             0             0             0
 B_04               0             0             0             0             0
 B_05               0             0             0             0             0
 B_06               0             0             0             0             0
 A_01              46            47             0             0             0
 B_01               0             0            49            50             0


           PSI
              A_03          A_04          A_05          A_06          B_02
              ________      ________      ________      ________      ________
 A_03              36
 A_04               0            37
 A_05               0             0            38
 A_06               0             0             0            39
 B_02               0             0             0             0            41
 B_03              40             0             0             0             0
 B_04               0            40             0             0             0
 B_05               0             0            40             0             0
 B_06               0             0             0            40             0
 A_01               0             0             0             0             0
 B_01               0             0             0             0             0


           PSI
              B_03          B_04          B_05          B_06          A_01
              ________      ________      ________      ________      ________
 B_03              42
 B_04               0            43
 B_05               0             0            44
 B_06               0             0             0            45
 A_01               0             0             0             0            48
 B_01               0             0             0             0             0


           PSI
              B_01
              ________
 B_01              51


     STARTING VALUES


           NU
              A_02          A_03          A_04          A_05          A_06
              ________      ________      ________      ________      ________
 1              0.000         0.000         0.000         0.000         0.000


           NU
              B_02          B_03          B_04          B_05          B_06
              ________      ________      ________      ________      ________
 1              0.000         0.000         0.000         0.000         0.000


           NU
              A_01          B_01
              ________      ________
 1              0.000         0.000


           LAMBDA
              IA            SA            IB            SB            A_02
              ________      ________      ________      ________      ________
 A_02           0.000         0.000         0.000         0.000         1.000
 A_03           0.000         0.000         0.000         0.000         0.000
 A_04           0.000         0.000         0.000         0.000         0.000
 A_05           0.000         0.000         0.000         0.000         0.000
 A_06           0.000         0.000         0.000         0.000         0.000
 B_02           0.000         0.000         0.000         0.000         0.000
 B_03           0.000         0.000         0.000         0.000         0.000
 B_04           0.000         0.000         0.000         0.000         0.000
 B_05           0.000         0.000         0.000         0.000         0.000
 B_06           0.000         0.000         0.000         0.000         0.000
 A_01           0.000         0.000         0.000         0.000         0.000
 B_01           0.000         0.000         0.000         0.000         0.000


           LAMBDA
              A_03          A_04          A_05          A_06          B_02
              ________      ________      ________      ________      ________
 A_02           0.000         0.000         0.000         0.000         0.000
 A_03           1.000         0.000         0.000         0.000         0.000
 A_04           0.000         1.000         0.000         0.000         0.000
 A_05           0.000         0.000         1.000         0.000         0.000
 A_06           0.000         0.000         0.000         1.000         0.000
 B_02           0.000         0.000         0.000         0.000         1.000
 B_03           0.000         0.000         0.000         0.000         0.000
 B_04           0.000         0.000         0.000         0.000         0.000
 B_05           0.000         0.000         0.000         0.000         0.000
 B_06           0.000         0.000         0.000         0.000         0.000
 A_01           0.000         0.000         0.000         0.000         0.000
 B_01           0.000         0.000         0.000         0.000         0.000


           LAMBDA
              B_03          B_04          B_05          B_06          A_01
              ________      ________      ________      ________      ________
 A_02           0.000         0.000         0.000         0.000         0.000
 A_03           0.000         0.000         0.000         0.000         0.000
 A_04           0.000         0.000         0.000         0.000         0.000
 A_05           0.000         0.000         0.000         0.000         0.000
 A_06           0.000         0.000         0.000         0.000         0.000
 B_02           0.000         0.000         0.000         0.000         0.000
 B_03           1.000         0.000         0.000         0.000         0.000
 B_04           0.000         1.000         0.000         0.000         0.000
 B_05           0.000         0.000         1.000         0.000         0.000
 B_06           0.000         0.000         0.000         1.000         0.000
 A_01           0.000         0.000         0.000         0.000         1.000
 B_01           0.000         0.000         0.000         0.000         0.000


           LAMBDA
              B_01
              ________
 A_02           0.000
 A_03           0.000
 A_04           0.000
 A_05           0.000
 A_06           0.000
 B_02           0.000
 B_03           0.000
 B_04           0.000
 B_05           0.000
 B_06           0.000
 A_01           0.000
 B_01           1.000


           THETA
              A_02          A_03          A_04          A_05          A_06
              ________      ________      ________      ________      ________
 A_02           0.000
 A_03           0.000         0.000
 A_04           0.000         0.000         0.000
 A_05           0.000         0.000         0.000         0.000
 A_06           0.000         0.000         0.000         0.000         0.000
 B_02           0.000         0.000         0.000         0.000         0.000
 B_03           0.000         0.000         0.000         0.000         0.000
 B_04           0.000         0.000         0.000         0.000         0.000
 B_05           0.000         0.000         0.000         0.000         0.000
 B_06           0.000         0.000         0.000         0.000         0.000
 A_01           0.000         0.000         0.000         0.000         0.000
 B_01           0.000         0.000         0.000         0.000         0.000


           THETA
              B_02          B_03          B_04          B_05          B_06
              ________      ________      ________      ________      ________
 B_02           0.000
 B_03           0.000         0.000
 B_04           0.000         0.000         0.000
 B_05           0.000         0.000         0.000         0.000
 B_06           0.000         0.000         0.000         0.000         0.000
 A_01           0.000         0.000         0.000         0.000         0.000
 B_01           0.000         0.000         0.000         0.000         0.000


           THETA
              A_01          B_01
              ________      ________
 A_01           0.000
 B_01           0.000         0.000


           ALPHA
              IA            SA            IB            SB            A_02
              ________      ________      ________      ________      ________
 1              0.000         0.000         0.000         0.000         0.000


           ALPHA
              A_03          A_04          A_05          A_06          B_02
              ________      ________      ________      ________      ________
 1              0.000         0.000         0.000         0.000         0.000


           ALPHA
              B_03          B_04          B_05          B_06          A_01
              ________      ________      ________      ________      ________
 1              0.000         0.000         0.000         0.000         0.000


           ALPHA
              B_01
              ________
 1              0.000


           BETA
              IA            SA            IB            SB            A_02
              ________      ________      ________      ________      ________
 IA             0.000         0.000         0.000         0.000         0.000
 SA             0.000         0.000         0.000         0.000         0.000
 IB             0.000         0.000         0.000         0.000         0.000
 SB             0.000         0.000         0.000         0.000         0.000
 A_02           1.000         0.000         0.000         0.000         0.000
 A_03           1.000         2.000         0.000         0.000         0.000
 A_04           1.000         4.000         0.000         0.000         0.000
 A_05           1.000         6.000         0.000         0.000         0.000
 A_06           1.000         8.000         0.000         0.000         0.000
 B_02           0.000         0.000         1.000         0.000         0.000
 B_03           0.000         0.000         1.000         2.000         0.000
 B_04           0.000         0.000         1.000         4.000         0.000
 B_05           0.000         0.000         1.000         6.000         0.000
 B_06           0.000         0.000         1.000         8.000         0.000
 A_01           0.000         0.000         0.000         0.000         0.000
 B_01           0.000         0.000         0.000         0.000         0.000


           BETA
              A_03          A_04          A_05          A_06          B_02
              ________      ________      ________      ________      ________
 IA             0.000         0.000         0.000         0.000         0.000
 SA             0.000         0.000         0.000         0.000         0.000
 IB             0.000         0.000         0.000         0.000         0.000
 SB             0.000         0.000         0.000         0.000         0.000
 A_02           0.000         0.000         0.000         0.000         0.000
 A_03           0.000         0.000         0.000         0.000         0.000
 A_04           0.000         0.000         0.000         0.000         0.000
 A_05           0.000         0.000         0.000         0.000         0.000
 A_06           0.000         0.000         0.000         0.000         0.000
 B_02           0.000         0.000         0.000         0.000         0.000
 B_03           0.000         0.000         0.000         0.000         0.000
 B_04           0.000         0.000         0.000         0.000         0.000
 B_05           0.000         0.000         0.000         0.000         0.000
 B_06           0.000         0.000         0.000         0.000         0.000
 A_01           0.000         0.000         0.000         0.000         0.000
 B_01           0.000         0.000         0.000         0.000         0.000


           BETA
              B_03          B_04          B_05          B_06          A_01
              ________      ________      ________      ________      ________
 IA             0.000         0.000         0.000         0.000         0.000
 SA             0.000         0.000         0.000         0.000         0.000
 IB             0.000         0.000         0.000         0.000         0.000
 SB             0.000         0.000         0.000         0.000         0.000
 A_02           0.000         0.000         0.000         0.000         0.000
 A_03           0.000         0.000         0.000         0.000         0.000
 A_04           0.000         0.000         0.000         0.000         0.000
 A_05           0.000         0.000         0.000         0.000         0.000
 A_06           0.000         0.000         0.000         0.000         0.000
 B_02           0.000         0.000         0.000         0.000         0.000
 B_03           0.000         0.000         0.000         0.000         0.000
 B_04           0.000         0.000         0.000         0.000         0.000
 B_05           0.000         0.000         0.000         0.000         0.000
 B_06           0.000         0.000         0.000         0.000         0.000
 A_01           0.000         0.000         0.000         0.000         0.000
 B_01           0.000         0.000         0.000         0.000         0.000


           BETA
              B_01
              ________
 IA             0.000
 SA             0.000
 IB             0.000
 SB             0.000
 A_02           0.000
 A_03           0.000
 A_04           0.000
 A_05           0.000
 A_06           0.000
 B_02           0.000
 B_03           0.000
 B_04           0.000
 B_05           0.000
 B_06           0.000
 A_01           0.000
 B_01           0.000


           PSI
              IA            SA            IB            SB            A_02
              ________      ________      ________      ________      ________
 IA             0.050
 SA             0.000         0.000
 IB             0.000         0.000         0.050
 SB             0.000         0.000         0.000         0.050
 A_02           0.000         0.000         0.000         0.000         1.173
 A_03           0.000         0.000         0.000         0.000         0.000
 A_04           0.000         0.000         0.000         0.000         0.000
 A_05           0.000         0.000         0.000         0.000         0.000
 A_06           0.000         0.000         0.000         0.000         0.000
 B_02           0.000         0.000         0.000         0.000         0.000
 B_03           0.000         0.000         0.000         0.000         0.000
 B_04           0.000         0.000         0.000         0.000         0.000
 B_05           0.000         0.000         0.000         0.000         0.000
 B_06           0.000         0.000         0.000         0.000         0.000
 A_01           0.000         0.000         0.000         0.000         0.000
 B_01           0.000         0.000         0.000         0.000         0.000


           PSI
              A_03          A_04          A_05          A_06          B_02
              ________      ________      ________      ________      ________
 A_03           1.191
 A_04           0.000         1.342
 A_05           0.000         0.000         1.321
 A_06           0.000         0.000         0.000         1.364
 B_02           0.000         0.000         0.000         0.000         0.129
 B_03           0.000         0.000         0.000         0.000         0.000
 B_04           0.000         0.000         0.000         0.000         0.000
 B_05           0.000         0.000         0.000         0.000         0.000
 B_06           0.000         0.000         0.000         0.000         0.000
 A_01           0.000         0.000         0.000         0.000         0.000
 B_01           0.000         0.000         0.000         0.000         0.000


           PSI
              B_03          B_04          B_05          B_06          A_01
              ________      ________      ________      ________      ________
 B_03           0.132
 B_04           0.000         0.130
 B_05           0.000         0.000         0.126
 B_06           0.000         0.000         0.000         0.128
 A_01           0.000         0.000         0.000         0.000         1.127
 B_01           0.000         0.000         0.000         0.000         0.000


           PSI
              B_01
              ________
 B_01           0.111


     Beginning Time:  07:41:28
        Ending Time:  07:47:03
       Elapsed Time:  00:05:35



MUTHEN & MUTHEN
3463 Stoner Ave.
Los Angeles, CA  90066

Tel: (310) 391-9971
Fax: (310) 391-8971
Web: www.StatModel.com
Support: Support@StatModel.com

Copyright (c) 1998-2015 Muthen & Muthen
