Mplus VERSION 7.4 (Mac)
MUTHEN & MUTHEN
12/03/2017   9:34 PM

INPUT INSTRUCTIONS

  TITLE:
  10b - Predetermined ALT fixed social slope, constrained time-specific correlations
  DATA:
  File = wide-dataset-b.dat;
  VARIABLE:
  NAMES are
   id hhid male birthyr_rand birthmo_rand race_rand hispanic_rand cohort
      raedyrs raedegrm memoryproblems_baseline memory_disease_ever age_baseline
      age_baseline_65 health_conditions_baseline healthcond_mean activity_mean_2004
      activity_mean_2006 activity_mean_2008 activity_mean_2010 activity_mean_2012
      activity_mean_2014 activity_sum_2004 activity_sum_2006 activity_sum_2008
      activity_sum_2010 activity_sum_2012 activity_sum_2014 close_social_network_2004
      close_social_network_2006 close_social_network_2008 close_social_network_2010
      close_social_network_2012 close_social_network_2014 countb20r_2004
      countb20r_2006 countb20r_2008 countb20r_2010 countb20r_2012 countb20r_2014
      crp_adj_2004 crp_adj_2006 crp_adj_2008 crp_adj_2010 crp_adj_2012 crp_adj_2014
      dep_total_2004 dep_total_2006 dep_total_2008 dep_total_2010 dep_total_2012
      dep_total_2014 exercise_2004 exercise_2006 exercise_2008 exercise_2010
      exercise_2012 exercise_2014 healthcond_2004 healthcond_2006 healthcond_2008
      healthcond_2010 healthcond_2012 healthcond_2014 hhres_2004 hhres_2006
      hhres_2008 hhres_2010 hhres_2012 hhres_2014 hrs_tscore_2004 hrs_tscore_2006
      hrs_tscore_2008 hrs_tscore_2010 hrs_tscore_2012 hrs_tscore_2014 intage_r_2004
      intage_r_2006 intage_r_2008 intage_r_2010 intage_r_2012 intage_r_2014
      interview_date_2004 interview_date_2006 interview_date_2008 interview_date_2010
      interview_date_2012 interview_date_2014 lb_65_wave_2004 lb_65_wave_2006
      lb_65_wave_2008 lb_65_wave_2010 lb_65_wave_2012 lb_65_wave_2014 lb_wave_2004
      lb_wave_2006 lb_wave_2008 lb_wave_2010 lb_wave_2012 lb_wave_2014 listassi_2004
      listassi_2006 listassi_2008 listassi_2010 listassi_2012 listassi_2014
      mentalstatus_tot_2004 mentalstatus_tot_2006 mentalstatus_tot_2008
      mentalstatus_tot_2010 mentalstatus_tot_2012 mentalstatus_tot_2014 proxy_2004
      proxy_2006 proxy_2008 proxy_2010 proxy_2012 proxy_2014 responded_2004
      responded_2006 responded_2008 responded_2010 responded_2012 responded_2014
      rmaritalst_2004 rmaritalst_2006 rmaritalst_2008 rmaritalst_2010 rmaritalst_2012
      rmaritalst_2014 rpartst_2004 rpartst_2006 rpartst_2008 rpartst_2010
      rpartst_2012 rpartst_2014 score_loneliness_11_2004 score_loneliness_11_2006
      score_loneliness_11_2008 score_loneliness_11_2010 score_loneliness_11_2012
      score_loneliness_11_2014 score_loneliness_3_2004 score_loneliness_3_2006
      score_loneliness_3_2008 score_loneliness_3_2010 score_loneliness_3_2012
      score_loneliness_3_2014 shhidpnr_2004 shhidpnr_2006 shhidpnr_2008 shhidpnr_2010
      shhidpnr_2012 shhidpnr_2014 snchild_2004 snchild_2006 snchild_2008 snchild_2010
      snchild_2012 snchild_2014 snfamily_2004 snfamily_2006 snfamily_2008
      snfamily_2010 snfamily_2012 snfamily_2014 snfriends_2004 snfriends_2006
      snfriends_2008 snfriends_2010 snfriends_2012 snfriends_2014 snspouse_2004
      snspouse_2006 snspouse_2008 snspouse_2010 snspouse_2012 snspouse_2014
      social_contact_total_2004 social_contact_total_2006 social_contact_total_2008
      social_contact_total_2010 social_contact_total_2012 social_contact_total_2014
      social_strain_mean_2004 social_strain_mean_2006 social_strain_mean_2008
      social_strain_mean_2010 social_strain_mean_2012 social_strain_mean_2014
      social_support_mean_2004 social_support_mean_2006 social_support_mean_2008
      social_support_mean_2010 social_support_mean_2012 social_support_mean_2014
      socialnetwork_total_2004 socialnetwork_total_2006 socialnetwork_total_2008
      socialnetwork_total_2010 socialnetwork_total_2012 socialnetwork_total_2014
      srmemory_2004 srmemory_2006 srmemory_2008 srmemory_2010 srmemory_2012
      srmemory_2014 srmemoryp_2004 srmemoryp_2006 srmemoryp_2008 srmemoryp_2010
      srmemoryp_2012 srmemoryp_2014 vocab_total_2004 vocab_total_2006 vocab_total_2008
      vocab_total_2010 vocab_total_2012 vocab_total_2014 wrectotd_2004 wrectotd_2006
      wrectotd_2008 wrectotd_2010 wrectotd_2012 wrectotd_2014 wrectoti_2004
      wrectoti_2006 wrectoti_2008 wrectoti_2010 wrectoti_2012 wrectoti_2014
  	;
  Missing are all(9999);
  USEVARIABLES are
  	!define the variables used in the analysis
  	!estimated time points
  a_01
  a_02
  a_03
  a_04
  a_05
  a_06
  	!modelled time points of process (B)
  b_01
  b_02
  b_03
  b_04
  b_05
  b_06
  	! covariates used in the model
  	;
  SUBPOPULATION are
  	!select a subset of observations
  age_baseline > 64 AND
  memory_disease_ever EQ 0
  ;
  CLUSTER = hhid;
  DEFINE:
    ! centre baseline age
  a = age_baseline - 69;
  	! assign variables to the process (A)
  a_01=wrectotd_2004;
  a_02=wrectotd_2006;
  a_03=wrectotd_2008;
  a_04=wrectotd_2010;
  a_05=wrectotd_2012;
  a_06=wrectotd_2014;
  	! assign variables to the process (B)
  b_01=socialnetwork_total_2004;
  b_02=socialnetwork_total_2006;
  b_03=socialnetwork_total_2008;
  b_04=socialnetwork_total_2010;
  b_05=socialnetwork_total_2012;
  b_06=socialnetwork_total_2014;
  ANALYSIS:
  TYPE = COMPLEX RANDOM;
  model=nocovariances;
  COVERAGE=.00;
  H1ITERATIONS = 10000;
  MODEL:
  	!LGM part
  	! assign process (A) to time points
  ia BY a_02@1 a_03@1 a_04@1 a_05@1 a_06@1;
  sa BY a_02@0 a_03@2 a_04@4 a_05@6 a_06@8;
  	! assign process (B) to time points
  ib BY b_02@1 b_03@1 b_04@1 b_05@1 b_06@1;
  sb BY b_02@0 b_03@2 b_04@4 b_05@6 b_06@8;
  sb@0;
  	!correlations between the first measurement points
  	!autoregressive part
  a_01 a_02 a_03 a_04 a_05 a_06;
  a_02 ON a_01;
  a_03 ON a_02;
  a_04 ON a_03;
  a_05 ON a_04;
  a_06 ON a_05;
  b_01 b_02 b_03 b_04 b_05 b_06;
  b_02 ON b_01;
  b_03 ON b_02;
  b_04 ON b_03;
  b_05 ON b_04;
  b_06 ON b_05;
  	!Cross lagged part
  a_02 ON b_01;
  a_03 ON b_02;
  a_04 ON b_03;
  a_05 ON b_04;
  a_06 ON b_05;
  b_02 ON a_01;
  b_03 ON a_02;
  b_04 ON a_03;
  b_05 ON a_04;
  b_06 ON a_05;
  ia;
  sa;
  ib;
  !sb;
  ia with sa;
  !ib with sb;
  ia with a_01;
  sa with a_01;
  ib with b_01;
  sb with b_01;
  ia with ib;
  sa with sb;
  ! Time specific correlations
  b_02 WITH a_02(1);
  b_03 WITH a_03(1);
  b_04 WITH a_04(1);
  b_05 WITH a_05(1);
  b_06 WITH a_06(1);
  [a_02@0 a_03@0 a_04@0 a_05@0 a_06@0];
  [b_02@0 b_03@0 b_04@0 b_05@0 b_06@0];
  [ia];
  [ib];
  [sa];
  [sb];
  [a_01];
  [b_01];
  	
  OUTPUT: SAMPSTAT MODINDICES (3.0); TECH1; TECH4;



*** WARNING in OUTPUT command
  TECH4 option for TYPE=RANDOM requires ALGORITHM=INTEGRATION.
  Request for TECH4 is ignored.
   1 WARNING(S) FOUND IN THE INPUT INSTRUCTIONS




10b - Predetermined ALT fixed social slope, constrained time-specific correlations

SUMMARY OF ANALYSIS

Number of groups                                                 1
Number of observations                                        5952

Number of dependent variables                                   10
Number of independent variables                                  2
Number of continuous latent variables                            4

Observed dependent variables

  Continuous
   A_02        A_03        A_04        A_05        A_06        B_02
   B_03        B_04        B_05        B_06

Observed independent variables
   A_01        B_01

Continuous latent variables
   IA          SA          IB          SB

Variables with special functions

  Cluster variable      HHID

Estimator                                                      MLR
Information matrix                                        OBSERVED
Maximum number of iterations                                   100
Convergence criterion                                    0.100D-05
Maximum number of EM iterations                                500
Convergence criteria for the EM algorithm
  Loglikelihood change                                   0.100D-02
  Relative loglikelihood change                          0.100D-05
  Derivative                                             0.100D-03
Minimum variance                                         0.100D-03
Maximum number of steepest descent iterations                   20
Maximum number of iterations for H1                          10000
Convergence criterion for H1                             0.100D-03
Optimization algorithm                                         EMA

Input data file(s)
  wide-dataset-b.dat
Input data format  FREE


SUMMARY OF DATA

     Number of missing data patterns           273
     Number of clusters        4882



SAMPLE STATISTICS


     ESTIMATED SAMPLE STATISTICS


           Means
              A_02          A_03          A_04          A_05          A_06
              ________      ________      ________      ________      ________
 1              4.216         4.110         3.723         3.505         3.312


           Means
              B_02          B_03          B_04          B_05          B_06
              ________      ________      ________      ________      ________
 1              3.404         3.308         3.231         3.089         2.979


           Means
              A_01          B_01
              ________      ________
 1              4.374         3.385


           Covariances
              A_02          A_03          A_04          A_05          A_06
              ________      ________      ________      ________      ________
 A_02           3.590
 A_03           1.659         3.524
 A_04           1.801         1.791         3.810
 A_05           1.723         1.937         1.996         3.971
 A_06           1.873         1.712         2.112         2.186         3.998
 B_02           0.168         0.109         0.129         0.171         0.176
 B_03           0.134         0.118         0.167         0.216         0.197
 B_04           0.096         0.073         0.142         0.141         0.170
 B_05           0.200         0.198         0.216         0.273         0.267
 B_06           0.159         0.151         0.205         0.241         0.227
 A_01           1.738         1.664         1.599         1.711         1.606
 B_01           0.144         0.131         0.203         0.223         0.243


           Covariances
              B_02          B_03          B_04          B_05          B_06
              ________      ________      ________      ________      ________
 B_02           0.522
 B_03           0.254         0.589
 B_04           0.364         0.151         0.634
 B_05           0.294         0.367         0.338         0.708
 B_06           0.308         0.338         0.376         0.499         0.756
 A_01           0.130         0.134         0.081         0.147         0.164
 B_01           0.368         0.337         0.322         0.324         0.294


           Covariances
              A_01          B_01
              ________      ________
 A_01           3.403
 B_01           0.185         0.590


           Correlations
              A_02          A_03          A_04          A_05          A_06
              ________      ________      ________      ________      ________
 A_02           1.000
 A_03           0.466         1.000
 A_04           0.487         0.489         1.000
 A_05           0.456         0.518         0.513         1.000
 A_06           0.494         0.456         0.541         0.549         1.000
 B_02           0.122         0.080         0.091         0.119         0.122
 B_03           0.092         0.082         0.112         0.141         0.129
 B_04           0.064         0.049         0.091         0.089         0.107
 B_05           0.125         0.125         0.131         0.163         0.159
 B_06           0.096         0.093         0.121         0.139         0.131
 A_01           0.497         0.481         0.444         0.465         0.435
 B_01           0.099         0.091         0.136         0.146         0.158


           Correlations
              B_02          B_03          B_04          B_05          B_06
              ________      ________      ________      ________      ________
 B_02           1.000
 B_03           0.458         1.000
 B_04           0.632         0.248         1.000
 B_05           0.484         0.568         0.505         1.000
 B_06           0.489         0.506         0.543         0.681         1.000
 A_01           0.097         0.095         0.055         0.095         0.102
 B_01           0.662         0.572         0.527         0.501         0.440


           Correlations
              A_01          B_01
              ________      ________
 A_01           1.000
 B_01           0.130         1.000


     MAXIMUM LOG-LIKELIHOOD VALUE FOR THE UNRESTRICTED (H1) MODEL IS -75380.446


UNIVARIATE SAMPLE STATISTICS


     UNIVARIATE HIGHER-ORDER MOMENT DESCRIPTIVE STATISTICS

         Variable/         Mean/     Skewness/   Minimum/ % with                Percentiles
        Sample Size      Variance    Kurtosis    Maximum  Min/Max      20%/60%    40%/80%    Median

     A_02                  4.227      -0.154       0.000    4.88%       3.000      4.000      4.000
            5671.000       3.575       0.108      10.000    0.37%       5.000      6.000
     A_03                  4.123      -0.205       0.000    5.40%       3.000      4.000      4.000
            5775.000       3.519      -0.027      10.000    0.14%       5.000      6.000
     A_04                  3.750      -0.101       0.000    8.11%       2.000      3.000      4.000
            5669.000       3.793      -0.258      10.000    0.11%       4.000      5.000
     A_05                  3.607      -0.083       0.000    9.78%       2.000      3.000      4.000
            5132.000       3.896      -0.361      10.000    0.12%       4.000      5.000
     A_06                  3.492      -0.040       0.000   10.50%       2.000      3.000      4.000
            4429.000       3.860      -0.393      10.000    0.07%       4.000      5.000
     B_02                  3.405      -1.091       0.000    0.07%       3.000      3.000      4.000
            2799.000       0.521       0.900       4.000   52.66%       4.000      4.000
     B_03                  3.308      -0.980       0.000    0.26%       3.000      3.000      3.000
            2744.000       0.587       0.764       4.000   46.79%       4.000      4.000
     B_04                  3.253      -0.935       0.000    0.23%       3.000      3.000      3.000
            2655.000       0.624       0.629       4.000   43.58%       4.000      4.000
     B_05                  3.123      -0.839       0.000    0.40%       3.000      3.000      3.000
            2235.000       0.700       0.465       4.000   36.38%       3.000      4.000
     B_06                  3.038      -0.783       0.000    0.79%       2.000      3.000      3.000
            2036.000       0.732       0.509       4.000   31.93%       3.000      4.000
     A_01                  4.400      -0.160       0.000    3.69%       3.000      4.000      4.000
            5478.000       3.390       0.175      10.000    0.31%       5.000      6.000
     B_01                  3.445      -1.333       0.000    0.10%       3.000      3.000      4.000
            1052.000       0.578       1.365       4.000   58.27%       4.000      4.000


THE MODEL ESTIMATION TERMINATED NORMALLY

     WARNING:  THE LATENT VARIABLE COVARIANCE MATRIX (PSI) IS NOT POSITIVE
     DEFINITE.  THIS COULD INDICATE A NEGATIVE VARIANCE/RESIDUAL VARIANCE FOR A
     LATENT VARIABLE, A CORRELATION GREATER OR EQUAL TO ONE BETWEEN TWO LATENT
     VARIABLES, OR A LINEAR DEPENDENCY AMONG MORE THAN TWO LATENT VARIABLES.
     CHECK THE TECH4 OUTPUT FOR MORE INFORMATION.



MODEL FIT INFORMATION

Number of Free Parameters                       49

Loglikelihood

          H0 Value                      -75483.670
          H0 Scaling Correction Factor      1.3146
            for MLR
          H1 Value                      -75380.446
          H1 Scaling Correction Factor      1.1736
            for MLR

Information Criteria

          Akaike (AIC)                  151065.340
          Bayesian (BIC)                151393.223
          Sample-Size Adjusted BIC      151237.514
            (n* = (n + 2) / 24)

Chi-Square Test of Model Fit

          Value                            205.404*
          Degrees of Freedom                    41
          P-Value                           0.0000
          Scaling Correction Factor         1.0051
            for MLR

*   The chi-square value for MLM, MLMV, MLR, ULSMV, WLSM and WLSMV cannot be used
    for chi-square difference testing in the regular way.  MLM, MLR and WLSM
    chi-square difference testing is described on the Mplus website.  MLMV, WLSMV,
    and ULSMV difference testing is done using the DIFFTEST option.

RMSEA (Root Mean Square Error Of Approximation)

          Estimate                           0.026

CFI/TLI

          CFI                                0.986
          TLI                                0.977

Chi-Square Test of Model Fit for the Baseline Model

          Value                          11813.090
          Degrees of Freedom                    66
          P-Value                           0.0000

SRMR (Standardized Root Mean Square Residual)

          Value                              0.111



MODEL RESULTS

                                                    Two-Tailed
                    Estimate       S.E.  Est./S.E.    P-Value

 IA       BY
    A_02               1.000      0.000    999.000    999.000
    A_03               1.000      0.000    999.000    999.000
    A_04               1.000      0.000    999.000    999.000
    A_05               1.000      0.000    999.000    999.000
    A_06               1.000      0.000    999.000    999.000

 SA       BY
    A_02               0.000      0.000    999.000    999.000
    A_03               2.000      0.000    999.000    999.000
    A_04               4.000      0.000    999.000    999.000
    A_05               6.000      0.000    999.000    999.000
    A_06               8.000      0.000    999.000    999.000

 IB       BY
    B_02               1.000      0.000    999.000    999.000
    B_03               1.000      0.000    999.000    999.000
    B_04               1.000      0.000    999.000    999.000
    B_05               1.000      0.000    999.000    999.000
    B_06               1.000      0.000    999.000    999.000

 SB       BY
    B_02               0.000      0.000    999.000    999.000
    B_03               2.000      0.000    999.000    999.000
    B_04               4.000      0.000    999.000    999.000
    B_05               6.000      0.000    999.000    999.000
    B_06               8.000      0.000    999.000    999.000

 A_02       ON
    A_01               0.009      0.023      0.397      0.691
    B_01              -0.064      0.043     -1.480      0.139

 A_03       ON
    A_02              -0.019      0.019     -0.994      0.320
    B_02               0.027      0.040      0.672      0.502

 A_04       ON
    A_03              -0.009      0.016     -0.571      0.568
    B_03              -0.006      0.035     -0.163      0.871

 A_05       ON
    A_04              -0.022      0.020     -1.081      0.280
    B_04               0.036      0.037      0.989      0.323

 A_06       ON
    A_05              -0.042      0.031     -1.334      0.182
    B_05               0.094      0.042      2.234      0.025

 B_02       ON
    B_01              -0.252      0.062     -4.093      0.000
    A_01               0.014      0.007      2.112      0.035

 B_03       ON
    B_02              -0.337      0.048     -7.017      0.000
    A_02               0.018      0.007      2.412      0.016

 B_04       ON
    B_03              -0.405      0.037    -10.852      0.000
    A_03               0.002      0.007      0.270      0.787

 B_05       ON
    B_04              -0.526      0.042    -12.615      0.000
    A_04               0.015      0.008      1.762      0.078

 B_06       ON
    B_05              -0.665      0.062    -10.727      0.000
    A_05               0.035      0.011      3.212      0.001

 IA       WITH
    SA                 0.014      0.014      1.057      0.290
    A_01               1.686      0.077     21.808      0.000
    IB                 0.069      0.020      3.417      0.001

 SA       WITH
    A_01              -0.003      0.014     -0.197      0.844
    SB                 0.001      0.001      1.586      0.113

 IB       WITH
    B_01               0.493      0.041     12.174      0.000

 SB       WITH
    B_01              -0.006      0.006     -1.052      0.293

 B_02     WITH
    A_02               0.023      0.010      2.249      0.025

 B_03     WITH
    A_03               0.023      0.010      2.249      0.025

 B_04     WITH
    A_04               0.023      0.010      2.249      0.025

 B_05     WITH
    A_05               0.023      0.010      2.249      0.025

 B_06     WITH
    A_06               0.023      0.010      2.249      0.025

 Means
    A_01               4.374      0.025    175.135      0.000
    B_01               3.397      0.021    159.494      0.000
    IA                 4.398      0.166     26.533      0.000
    SA                -0.154      0.028     -5.475      0.000
    IB                 4.198      0.217     19.391      0.000
    SB                 0.090      0.043      2.105      0.035

 Intercepts
    A_02               0.000      0.000    999.000    999.000
    A_03               0.000      0.000    999.000    999.000
    A_04               0.000      0.000    999.000    999.000
    A_05               0.000      0.000    999.000    999.000
    A_06               0.000      0.000    999.000    999.000
    B_02               0.000      0.000    999.000    999.000
    B_03               0.000      0.000    999.000    999.000
    B_04               0.000      0.000    999.000    999.000
    B_05               0.000      0.000    999.000    999.000
    B_06               0.000      0.000    999.000    999.000

 Variances
    A_01               3.404      0.068     50.147      0.000
    B_01               0.586      0.031     18.769      0.000
    IA                 1.697      0.123     13.783      0.000
    SA                 0.009      0.003      3.636      0.000
    IB                 0.616      0.032     19.551      0.000
    SB                 0.000      0.000    999.000    999.000

 Residual Variances
    A_02               1.833      0.073     25.200      0.000
    A_03               1.835      0.053     34.816      0.000
    A_04               1.873      0.052     36.334      0.000
    A_05               1.779      0.070     25.344      0.000
    A_06               1.657      0.072     22.870      0.000
    B_02               0.115      0.043      2.678      0.007
    B_03               0.252      0.023     10.756      0.000
    B_04               0.291      0.022     13.522      0.000
    B_05               0.333      0.022     15.056      0.000
    B_06               0.344      0.034     10.229      0.000


QUALITY OF NUMERICAL RESULTS

     Condition Number for the Information Matrix              0.622E-05
       (ratio of smallest to largest eigenvalue)


MODEL MODIFICATION INDICES

NOTE:  Modification indices for direct effects of observed dependent variables
regressed on covariates may not be included.  To include these, request
MODINDICES (ALL).

Minimum M.I. value for printing the modification index     3.000

                                   M.I.     E.P.C.


ON/BY Statements

A_02     ON SA       /
SA       BY A_02                  11.202     2.264
A_02     ON SB       /
SB       BY A_02                   3.037    -3.178
A_03     ON IA       /
IA       BY A_03                   4.122     0.077
A_03     ON SA       /
SA       BY A_03                  19.368    -1.833
A_03     ON SB       /
SB       BY A_03                   7.379     3.966
A_04     ON IA       /
IA       BY A_04                   4.325    -0.066
A_04     ON SA       /
SA       BY A_04                   6.770     1.133
A_05     ON IB       /
IB       BY A_05                   5.894     0.126
A_06     ON IB       /
IB       BY A_06                   4.584     0.113
B_02     ON IB       /
IB       BY B_02                  18.996    -0.448
B_02     ON SB       /
SB       BY B_02                  12.100    -4.990
B_03     ON IA       /
IA       BY B_03                   5.444     0.040
B_03     ON IB       /
IB       BY B_03                   8.042    -0.440
B_03     ON SB       /
SB       BY B_03                   5.339     2.489
B_04     ON IB       /
IB       BY B_04                   3.367     0.174
B_04     ON SB       /
SB       BY B_04                   5.657     1.970
B_05     ON IB       /
IB       BY B_05                  12.834     0.365
B_06     ON IA       /
IA       BY B_06                   3.703     0.040
A_01     ON IA       /
IA       BY A_01                  26.970     1.915
A_01     ON SA       /
SA       BY A_01                   4.914     7.736
A_01     ON IB       /
IB       BY A_01                  24.551     0.191
B_01     ON IA       /
IA       BY B_01                  25.706     0.083
B_01     ON SA       /
SA       BY B_01                  13.689     1.320
B_01     ON IB       /
IB       BY B_01                  20.685     1.774
B_01     ON SB       /
SB       BY B_01                  10.378    10.370
IA       ON SA       /
SA       BY IA                     4.132     6.481
IA       ON IB       /
IB       BY IA                    20.578     0.248
IA       ON SB       /
SB       BY IA                    20.568   -20.363
SA       ON IB       /
IB       BY SA                    17.008     0.030
SA       ON SB       /
SB       BY SA                    10.374    -1.968
IB       ON IA       /
IA       BY IB                    27.071     0.078
SB       ON IA       /
IA       BY SB                    23.545     0.012
SB       ON SA       /
SA       BY SB                     5.387     0.507
SB       ON IB       /
IB       BY SB                    13.372     0.045

ON Statements

IA       ON A_03                   7.373    -0.071
IA       ON A_04                  13.736     0.076
IA       ON B_02                  17.820     0.322
IA       ON B_03                   4.651     0.109
IA       ON B_04                   6.173     0.115
IA       ON B_05                  17.025     0.182
IA       ON B_01                  19.522     0.205
SA       ON A_02                   7.700     0.017
SA       ON A_03                   9.352    -0.009
SA       ON A_05                  10.940     0.026
SA       ON A_06                   6.208    -0.029
SA       ON B_02                   9.758     0.026
SA       ON B_03                  12.023     0.023
SA       ON B_04                   7.533     0.018
SA       ON B_05                   4.308     0.014
SA       ON B_01                  20.975     0.034
IB       ON A_02                  23.291     0.046
IB       ON A_04                   6.158     0.020
IB       ON A_05                  20.395     0.037
IB       ON A_06                   9.256     0.028
IB       ON B_03                   5.422     0.180
IB       ON B_04                   4.809    -0.101
IB       ON B_05                   5.128     0.069
IB       ON A_01                  26.933     0.039
IB       ON B_01                  11.355    -4.345
SB       ON A_02                  14.618     0.005
SB       ON A_03                   6.369     0.004
SB       ON A_04                  12.910     0.005
SB       ON A_05                  11.149     0.006
SB       ON A_06                  12.603     0.007
SB       ON B_02                  10.484     0.044
SB       ON B_03                  14.421     0.034
SB       ON B_05                  11.086     0.029
SB       ON A_01                  17.419     0.006
SB       ON B_01                   9.749     0.052
A_02     ON A_04                  10.650     0.113
A_02     ON A_05                  14.921    -0.067
A_02     ON A_06                  24.345     0.108
A_02     ON B_03                   4.966    -0.207
A_03     ON A_05                   9.380     0.047
A_03     ON A_06                  25.655    -0.079
A_03     ON B_05                   3.701     0.101
A_03     ON A_01                   7.497     0.061
A_04     ON B_05                   4.569    -0.132
A_04     ON A_01                  11.967    -0.048
A_05     ON A_02                   8.862    -0.042
A_05     ON A_03                  16.275     0.062
A_05     ON B_02                   4.854     0.118
A_05     ON B_03                   7.261     0.118
A_05     ON B_05                   4.827     0.080
A_05     ON A_01                   3.142     0.025
A_05     ON B_01                   5.641     0.134
A_06     ON A_02                  26.918     0.132
A_06     ON A_03                  40.453    -0.122
A_06     ON B_02                   3.361     0.111
A_06     ON B_04                   6.899     0.121
A_06     ON B_01                   5.932     0.134
B_02     ON A_04                   3.281    -0.014
B_02     ON B_02                  16.494    -0.406
B_02     ON B_03                  14.777    -0.521
B_02     ON B_04                  10.085    -0.171
B_02     ON B_05                  10.228    -0.240
B_02     ON B_06                   5.249    -0.135
B_03     ON A_05                   8.571     0.023
B_03     ON B_03                   8.397    -0.494
B_03     ON B_04                   3.864    -0.144
B_03     ON B_05                   8.286     0.120
B_03     ON B_06                   3.187    -0.092
B_03     ON A_01                   7.549     0.022
B_03     ON B_01                   7.907    -0.153
B_04     ON A_06                   4.766     0.019
B_04     ON B_04                   5.856     0.185
B_04     ON B_06                  11.298     0.329
B_05     ON A_02                   4.879     0.018
B_05     ON A_05                   3.321     0.017
B_05     ON B_02                  14.305     0.536
B_05     ON B_03                  11.216     0.159
B_05     ON B_05                  10.307     0.381
B_05     ON B_06                   4.464     0.389
B_06     ON A_04                   4.717     0.025
B_06     ON A_01                   3.985     0.020
A_01     ON A_02                   5.693     0.150
A_01     ON A_03                   4.041     0.057
A_01     ON A_04                  10.365    -0.058
A_01     ON A_05                   6.616     0.051
A_01     ON B_02                  28.785     0.269
A_01     ON B_03                  22.842     0.180
A_01     ON B_04                   9.640     0.115
A_01     ON B_05                   6.403     0.096
A_01     ON B_06                  14.509     0.134
A_01     ON B_01                  17.988     0.179
B_01     ON A_02                  13.839     0.042
B_01     ON A_03                   9.495     0.029
B_01     ON A_04                  23.245     0.046
B_01     ON A_05                  13.862     0.036
B_01     ON A_06                  20.089     0.043
B_01     ON B_02                  41.743     1.247
B_01     ON B_03                   4.894    -0.121
B_01     ON A_01                   9.088     0.030

WITH Statements

SB       WITH IA                   4.136     0.007
SB       WITH IB                  10.674     0.025
A_02     WITH SA                   8.915     0.034
A_02     WITH IB                   3.110     0.036
A_02     WITH SB                   3.268     0.007
A_03     WITH IA                   7.690    -0.135
A_03     WITH SA                  10.079    -0.017
A_03     WITH IB                  11.949    -0.069
A_03     WITH A_02                 3.977    -0.138
A_04     WITH IA                  13.463     0.142
A_04     WITH A_02                 6.051     0.124
A_04     WITH A_03                 3.264     0.111
A_05     WITH SA                  10.613     0.047
A_05     WITH IB                   4.547     0.040
A_05     WITH A_02                22.051    -0.166
A_05     WITH A_03                20.775     0.178
A_06     WITH SA                   9.090    -0.064
A_06     WITH A_02                37.641     0.327
A_06     WITH A_03                45.782    -0.262
A_06     WITH A_04                 6.519     0.175
B_02     WITH IB                  10.024    -0.105
B_02     WITH SB                   5.464    -0.009
B_03     WITH IB                   4.415     0.045
B_03     WITH SB                   4.475     0.007
B_03     WITH A_02                 5.796    -0.075
B_03     WITH A_03                 7.716    -0.045
B_03     WITH A_05                 6.825     0.055
B_04     WITH IB                   4.663    -0.038
B_04     WITH A_06                 6.005     0.066
B_04     WITH B_03                 5.308    -0.063
B_05     WITH IA                   6.963     0.054
B_05     WITH SB                   3.608     0.011
B_05     WITH A_02                 4.494     0.041
B_05     WITH B_03                 6.478     0.040
B_06     WITH A_05                 3.100    -0.069
A_01     WITH IB                  26.954     0.132
A_01     WITH SB                   4.913     0.009
A_01     WITH A_02                 3.517     0.218
A_01     WITH A_04                12.460    -0.120
A_01     WITH A_05                 4.516     0.076
A_01     WITH B_03                 6.331     0.048
B_01     WITH IA                  20.568     0.122
B_01     WITH SA                  10.372     0.012
B_01     WITH A_04                 4.732     0.055
B_01     WITH B_02                16.931     0.112
B_01     WITH B_03                 8.453    -0.043

Variances/Residual Variances

SB                                16.210     0.009

Means/Intercepts/Thresholds

[ A_02     ]                       6.378    -0.479
[ A_03     ]                      15.533     0.551
[ B_02     ]                       7.592    -0.567
[ B_04     ]                       5.783     0.221


TECHNICAL 1 OUTPUT


     PARAMETER SPECIFICATION


           NU
              A_02          A_03          A_04          A_05          A_06
              ________      ________      ________      ________      ________
 1                  0             0             0             0             0


           NU
              B_02          B_03          B_04          B_05          B_06
              ________      ________      ________      ________      ________
 1                  0             0             0             0             0


           NU
              A_01          B_01
              ________      ________
 1                  0             0


           LAMBDA
              IA            SA            IB            SB            A_02
              ________      ________      ________      ________      ________
 A_02               0             0             0             0             0
 A_03               0             0             0             0             0
 A_04               0             0             0             0             0
 A_05               0             0             0             0             0
 A_06               0             0             0             0             0
 B_02               0             0             0             0             0
 B_03               0             0             0             0             0
 B_04               0             0             0             0             0
 B_05               0             0             0             0             0
 B_06               0             0             0             0             0
 A_01               0             0             0             0             0
 B_01               0             0             0             0             0


           LAMBDA
              A_03          A_04          A_05          A_06          B_02
              ________      ________      ________      ________      ________
 A_02               0             0             0             0             0
 A_03               0             0             0             0             0
 A_04               0             0             0             0             0
 A_05               0             0             0             0             0
 A_06               0             0             0             0             0
 B_02               0             0             0             0             0
 B_03               0             0             0             0             0
 B_04               0             0             0             0             0
 B_05               0             0             0             0             0
 B_06               0             0             0             0             0
 A_01               0             0             0             0             0
 B_01               0             0             0             0             0


           LAMBDA
              B_03          B_04          B_05          B_06          A_01
              ________      ________      ________      ________      ________
 A_02               0             0             0             0             0
 A_03               0             0             0             0             0
 A_04               0             0             0             0             0
 A_05               0             0             0             0             0
 A_06               0             0             0             0             0
 B_02               0             0             0             0             0
 B_03               0             0             0             0             0
 B_04               0             0             0             0             0
 B_05               0             0             0             0             0
 B_06               0             0             0             0             0
 A_01               0             0             0             0             0
 B_01               0             0             0             0             0


           LAMBDA
              B_01
              ________
 A_02               0
 A_03               0
 A_04               0
 A_05               0
 A_06               0
 B_02               0
 B_03               0
 B_04               0
 B_05               0
 B_06               0
 A_01               0
 B_01               0


           THETA
              A_02          A_03          A_04          A_05          A_06
              ________      ________      ________      ________      ________
 A_02               0
 A_03               0             0
 A_04               0             0             0
 A_05               0             0             0             0
 A_06               0             0             0             0             0
 B_02               0             0             0             0             0
 B_03               0             0             0             0             0
 B_04               0             0             0             0             0
 B_05               0             0             0             0             0
 B_06               0             0             0             0             0
 A_01               0             0             0             0             0
 B_01               0             0             0             0             0


           THETA
              B_02          B_03          B_04          B_05          B_06
              ________      ________      ________      ________      ________
 B_02               0
 B_03               0             0
 B_04               0             0             0
 B_05               0             0             0             0
 B_06               0             0             0             0             0
 A_01               0             0             0             0             0
 B_01               0             0             0             0             0


           THETA
              A_01          B_01
              ________      ________
 A_01               0
 B_01               0             0


           ALPHA
              IA            SA            IB            SB            A_02
              ________      ________      ________      ________      ________
 1                  1             2             3             4             0


           ALPHA
              A_03          A_04          A_05          A_06          B_02
              ________      ________      ________      ________      ________
 1                  0             0             0             0             0


           ALPHA
              B_03          B_04          B_05          B_06          A_01
              ________      ________      ________      ________      ________
 1                  0             0             0             0             5


           ALPHA
              B_01
              ________
 1                  6


           BETA
              IA            SA            IB            SB            A_02
              ________      ________      ________      ________      ________
 IA                 0             0             0             0             0
 SA                 0             0             0             0             0
 IB                 0             0             0             0             0
 SB                 0             0             0             0             0
 A_02               0             0             0             0             0
 A_03               0             0             0             0             9
 A_04               0             0             0             0             0
 A_05               0             0             0             0             0
 A_06               0             0             0             0             0
 B_02               0             0             0             0             0
 B_03               0             0             0             0            19
 B_04               0             0             0             0             0
 B_05               0             0             0             0             0
 B_06               0             0             0             0             0
 A_01               0             0             0             0             0
 B_01               0             0             0             0             0


           BETA
              A_03          A_04          A_05          A_06          B_02
              ________      ________      ________      ________      ________
 IA                 0             0             0             0             0
 SA                 0             0             0             0             0
 IB                 0             0             0             0             0
 SB                 0             0             0             0             0
 A_02               0             0             0             0             0
 A_03               0             0             0             0            10
 A_04              11             0             0             0             0
 A_05               0            13             0             0             0
 A_06               0             0            15             0             0
 B_02               0             0             0             0             0
 B_03               0             0             0             0            20
 B_04              21             0             0             0             0
 B_05               0            23             0             0             0
 B_06               0             0            25             0             0
 A_01               0             0             0             0             0
 B_01               0             0             0             0             0


           BETA
              B_03          B_04          B_05          B_06          A_01
              ________      ________      ________      ________      ________
 IA                 0             0             0             0             0
 SA                 0             0             0             0             0
 IB                 0             0             0             0             0
 SB                 0             0             0             0             0
 A_02               0             0             0             0             7
 A_03               0             0             0             0             0
 A_04              12             0             0             0             0
 A_05               0            14             0             0             0
 A_06               0             0            16             0             0
 B_02               0             0             0             0            17
 B_03               0             0             0             0             0
 B_04              22             0             0             0             0
 B_05               0            24             0             0             0
 B_06               0             0            26             0             0
 A_01               0             0             0             0             0
 B_01               0             0             0             0             0


           BETA
              B_01
              ________
 IA                 0
 SA                 0
 IB                 0
 SB                 0
 A_02               8
 A_03               0
 A_04               0
 A_05               0
 A_06               0
 B_02              18
 B_03               0
 B_04               0
 B_05               0
 B_06               0
 A_01               0
 B_01               0


           PSI
              IA            SA            IB            SB            A_02
              ________      ________      ________      ________      ________
 IA                27
 SA                28            29
 IB                30             0            31
 SB                 0            32             0             0
 A_02               0             0             0             0            33
 A_03               0             0             0             0             0
 A_04               0             0             0             0             0
 A_05               0             0             0             0             0
 A_06               0             0             0             0             0
 B_02               0             0             0             0            38
 B_03               0             0             0             0             0
 B_04               0             0             0             0             0
 B_05               0             0             0             0             0
 B_06               0             0             0             0             0
 A_01              44            45             0             0             0
 B_01               0             0            47            48             0


           PSI
              A_03          A_04          A_05          A_06          B_02
              ________      ________      ________      ________      ________
 A_03              34
 A_04               0            35
 A_05               0             0            36
 A_06               0             0             0            37
 B_02               0             0             0             0            39
 B_03              38             0             0             0             0
 B_04               0            38             0             0             0
 B_05               0             0            38             0             0
 B_06               0             0             0            38             0
 A_01               0             0             0             0             0
 B_01               0             0             0             0             0


           PSI
              B_03          B_04          B_05          B_06          A_01
              ________      ________      ________      ________      ________
 B_03              40
 B_04               0            41
 B_05               0             0            42
 B_06               0             0             0            43
 A_01               0             0             0             0            46
 B_01               0             0             0             0             0


           PSI
              B_01
              ________
 B_01              49


     STARTING VALUES


           NU
              A_02          A_03          A_04          A_05          A_06
              ________      ________      ________      ________      ________
 1              0.000         0.000         0.000         0.000         0.000


           NU
              B_02          B_03          B_04          B_05          B_06
              ________      ________      ________      ________      ________
 1              0.000         0.000         0.000         0.000         0.000


           NU
              A_01          B_01
              ________      ________
 1              0.000         0.000


           LAMBDA
              IA            SA            IB            SB            A_02
              ________      ________      ________      ________      ________
 A_02           0.000         0.000         0.000         0.000         1.000
 A_03           0.000         0.000         0.000         0.000         0.000
 A_04           0.000         0.000         0.000         0.000         0.000
 A_05           0.000         0.000         0.000         0.000         0.000
 A_06           0.000         0.000         0.000         0.000         0.000
 B_02           0.000         0.000         0.000         0.000         0.000
 B_03           0.000         0.000         0.000         0.000         0.000
 B_04           0.000         0.000         0.000         0.000         0.000
 B_05           0.000         0.000         0.000         0.000         0.000
 B_06           0.000         0.000         0.000         0.000         0.000
 A_01           0.000         0.000         0.000         0.000         0.000
 B_01           0.000         0.000         0.000         0.000         0.000


           LAMBDA
              A_03          A_04          A_05          A_06          B_02
              ________      ________      ________      ________      ________
 A_02           0.000         0.000         0.000         0.000         0.000
 A_03           1.000         0.000         0.000         0.000         0.000
 A_04           0.000         1.000         0.000         0.000         0.000
 A_05           0.000         0.000         1.000         0.000         0.000
 A_06           0.000         0.000         0.000         1.000         0.000
 B_02           0.000         0.000         0.000         0.000         1.000
 B_03           0.000         0.000         0.000         0.000         0.000
 B_04           0.000         0.000         0.000         0.000         0.000
 B_05           0.000         0.000         0.000         0.000         0.000
 B_06           0.000         0.000         0.000         0.000         0.000
 A_01           0.000         0.000         0.000         0.000         0.000
 B_01           0.000         0.000         0.000         0.000         0.000


           LAMBDA
              B_03          B_04          B_05          B_06          A_01
              ________      ________      ________      ________      ________
 A_02           0.000         0.000         0.000         0.000         0.000
 A_03           0.000         0.000         0.000         0.000         0.000
 A_04           0.000         0.000         0.000         0.000         0.000
 A_05           0.000         0.000         0.000         0.000         0.000
 A_06           0.000         0.000         0.000         0.000         0.000
 B_02           0.000         0.000         0.000         0.000         0.000
 B_03           1.000         0.000         0.000         0.000         0.000
 B_04           0.000         1.000         0.000         0.000         0.000
 B_05           0.000         0.000         1.000         0.000         0.000
 B_06           0.000         0.000         0.000         1.000         0.000
 A_01           0.000         0.000         0.000         0.000         1.000
 B_01           0.000         0.000         0.000         0.000         0.000


           LAMBDA
              B_01
              ________
 A_02           0.000
 A_03           0.000
 A_04           0.000
 A_05           0.000
 A_06           0.000
 B_02           0.000
 B_03           0.000
 B_04           0.000
 B_05           0.000
 B_06           0.000
 A_01           0.000
 B_01           1.000


           THETA
              A_02          A_03          A_04          A_05          A_06
              ________      ________      ________      ________      ________
 A_02           0.000
 A_03           0.000         0.000
 A_04           0.000         0.000         0.000
 A_05           0.000         0.000         0.000         0.000
 A_06           0.000         0.000         0.000         0.000         0.000
 B_02           0.000         0.000         0.000         0.000         0.000
 B_03           0.000         0.000         0.000         0.000         0.000
 B_04           0.000         0.000         0.000         0.000         0.000
 B_05           0.000         0.000         0.000         0.000         0.000
 B_06           0.000         0.000         0.000         0.000         0.000
 A_01           0.000         0.000         0.000         0.000         0.000
 B_01           0.000         0.000         0.000         0.000         0.000


           THETA
              B_02          B_03          B_04          B_05          B_06
              ________      ________      ________      ________      ________
 B_02           0.000
 B_03           0.000         0.000
 B_04           0.000         0.000         0.000
 B_05           0.000         0.000         0.000         0.000
 B_06           0.000         0.000         0.000         0.000         0.000
 A_01           0.000         0.000         0.000         0.000         0.000
 B_01           0.000         0.000         0.000         0.000         0.000


           THETA
              A_01          B_01
              ________      ________
 A_01           0.000
 B_01           0.000         0.000


           ALPHA
              IA            SA            IB            SB            A_02
              ________      ________      ________      ________      ________
 1              0.000         0.000         0.000         0.000         0.000


           ALPHA
              A_03          A_04          A_05          A_06          B_02
              ________      ________      ________      ________      ________
 1              0.000         0.000         0.000         0.000         0.000


           ALPHA
              B_03          B_04          B_05          B_06          A_01
              ________      ________      ________      ________      ________
 1              0.000         0.000         0.000         0.000         0.000


           ALPHA
              B_01
              ________
 1              0.000


           BETA
              IA            SA            IB            SB            A_02
              ________      ________      ________      ________      ________
 IA             0.000         0.000         0.000         0.000         0.000
 SA             0.000         0.000         0.000         0.000         0.000
 IB             0.000         0.000         0.000         0.000         0.000
 SB             0.000         0.000         0.000         0.000         0.000
 A_02           1.000         0.000         0.000         0.000         0.000
 A_03           1.000         2.000         0.000         0.000         0.000
 A_04           1.000         4.000         0.000         0.000         0.000
 A_05           1.000         6.000         0.000         0.000         0.000
 A_06           1.000         8.000         0.000         0.000         0.000
 B_02           0.000         0.000         1.000         0.000         0.000
 B_03           0.000         0.000         1.000         2.000         0.000
 B_04           0.000         0.000         1.000         4.000         0.000
 B_05           0.000         0.000         1.000         6.000         0.000
 B_06           0.000         0.000         1.000         8.000         0.000
 A_01           0.000         0.000         0.000         0.000         0.000
 B_01           0.000         0.000         0.000         0.000         0.000


           BETA
              A_03          A_04          A_05          A_06          B_02
              ________      ________      ________      ________      ________
 IA             0.000         0.000         0.000         0.000         0.000
 SA             0.000         0.000         0.000         0.000         0.000
 IB             0.000         0.000         0.000         0.000         0.000
 SB             0.000         0.000         0.000         0.000         0.000
 A_02           0.000         0.000         0.000         0.000         0.000
 A_03           0.000         0.000         0.000         0.000         0.000
 A_04           0.000         0.000         0.000         0.000         0.000
 A_05           0.000         0.000         0.000         0.000         0.000
 A_06           0.000         0.000         0.000         0.000         0.000
 B_02           0.000         0.000         0.000         0.000         0.000
 B_03           0.000         0.000         0.000         0.000         0.000
 B_04           0.000         0.000         0.000         0.000         0.000
 B_05           0.000         0.000         0.000         0.000         0.000
 B_06           0.000         0.000         0.000         0.000         0.000
 A_01           0.000         0.000         0.000         0.000         0.000
 B_01           0.000         0.000         0.000         0.000         0.000


           BETA
              B_03          B_04          B_05          B_06          A_01
              ________      ________      ________      ________      ________
 IA             0.000         0.000         0.000         0.000         0.000
 SA             0.000         0.000         0.000         0.000         0.000
 IB             0.000         0.000         0.000         0.000         0.000
 SB             0.000         0.000         0.000         0.000         0.000
 A_02           0.000         0.000         0.000         0.000         0.000
 A_03           0.000         0.000         0.000         0.000         0.000
 A_04           0.000         0.000         0.000         0.000         0.000
 A_05           0.000         0.000         0.000         0.000         0.000
 A_06           0.000         0.000         0.000         0.000         0.000
 B_02           0.000         0.000         0.000         0.000         0.000
 B_03           0.000         0.000         0.000         0.000         0.000
 B_04           0.000         0.000         0.000         0.000         0.000
 B_05           0.000         0.000         0.000         0.000         0.000
 B_06           0.000         0.000         0.000         0.000         0.000
 A_01           0.000         0.000         0.000         0.000         0.000
 B_01           0.000         0.000         0.000         0.000         0.000


           BETA
              B_01
              ________
 IA             0.000
 SA             0.000
 IB             0.000
 SB             0.000
 A_02           0.000
 A_03           0.000
 A_04           0.000
 A_05           0.000
 A_06           0.000
 B_02           0.000
 B_03           0.000
 B_04           0.000
 B_05           0.000
 B_06           0.000
 A_01           0.000
 B_01           0.000


           PSI
              IA            SA            IB            SB            A_02
              ________      ________      ________      ________      ________
 IA             0.050
 SA             0.000         0.050
 IB             0.000         0.000         0.050
 SB             0.000         0.000         0.000         0.000
 A_02           0.000         0.000         0.000         0.000         1.787
 A_03           0.000         0.000         0.000         0.000         0.000
 A_04           0.000         0.000         0.000         0.000         0.000
 A_05           0.000         0.000         0.000         0.000         0.000
 A_06           0.000         0.000         0.000         0.000         0.000
 B_02           0.000         0.000         0.000         0.000         0.000
 B_03           0.000         0.000         0.000         0.000         0.000
 B_04           0.000         0.000         0.000         0.000         0.000
 B_05           0.000         0.000         0.000         0.000         0.000
 B_06           0.000         0.000         0.000         0.000         0.000
 A_01           0.000         0.000         0.000         0.000         0.000
 B_01           0.000         0.000         0.000         0.000         0.000


           PSI
              A_03          A_04          A_05          A_06          B_02
              ________      ________      ________      ________      ________
 A_03           1.760
 A_04           0.000         1.896
 A_05           0.000         0.000         1.948
 A_06           0.000         0.000         0.000         1.930
 B_02           0.000         0.000         0.000         0.000         0.261
 B_03           0.000         0.000         0.000         0.000         0.000
 B_04           0.000         0.000         0.000         0.000         0.000
 B_05           0.000         0.000         0.000         0.000         0.000
 B_06           0.000         0.000         0.000         0.000         0.000
 A_01           0.000         0.000         0.000         0.000         0.000
 B_01           0.000         0.000         0.000         0.000         0.000


           PSI
              B_03          B_04          B_05          B_06          A_01
              ________      ________      ________      ________      ________
 B_03           0.294
 B_04           0.000         0.312
 B_05           0.000         0.000         0.350
 B_06           0.000         0.000         0.000         0.366
 A_01           0.000         0.000         0.000         0.000         1.695
 B_01           0.000         0.000         0.000         0.000         0.000


           PSI
              B_01
              ________
 B_01           0.289


     Beginning Time:  21:34:33
        Ending Time:  21:42:22
       Elapsed Time:  00:07:49



MUTHEN & MUTHEN
3463 Stoner Ave.
Los Angeles, CA  90066

Tel: (310) 391-9971
Fax: (310) 391-8971
Web: www.StatModel.com
Support: Support@StatModel.com

Copyright (c) 1998-2015 Muthen & Muthen
