Mplus VERSION 7.4 (Mac)
MUTHEN & MUTHEN
12/03/2017  10:08 PM

INPUT INSTRUCTIONS

  TITLE:
  11b - Predetermined ALT, no social slope, no time-correlations,
  stationary cognitive
  DATA:
  File = wide-dataset-b.dat;
  VARIABLE:
  NAMES are
   id hhid male birthyr_rand birthmo_rand race_rand hispanic_rand cohort
      raedyrs raedegrm memoryproblems_baseline memory_disease_ever age_baseline
      age_baseline_65 health_conditions_baseline healthcond_mean activity_mean_2004
      activity_mean_2006 activity_mean_2008 activity_mean_2010 activity_mean_2012
      activity_mean_2014 activity_sum_2004 activity_sum_2006 activity_sum_2008
      activity_sum_2010 activity_sum_2012 activity_sum_2014 close_social_network_2004
      close_social_network_2006 close_social_network_2008 close_social_network_2010
      close_social_network_2012 close_social_network_2014 countb20r_2004
      countb20r_2006 countb20r_2008 countb20r_2010 countb20r_2012 countb20r_2014
      crp_adj_2004 crp_adj_2006 crp_adj_2008 crp_adj_2010 crp_adj_2012 crp_adj_2014
      dep_total_2004 dep_total_2006 dep_total_2008 dep_total_2010 dep_total_2012
      dep_total_2014 exercise_2004 exercise_2006 exercise_2008 exercise_2010
      exercise_2012 exercise_2014 healthcond_2004 healthcond_2006 healthcond_2008
      healthcond_2010 healthcond_2012 healthcond_2014 hhres_2004 hhres_2006
      hhres_2008 hhres_2010 hhres_2012 hhres_2014 hrs_tscore_2004 hrs_tscore_2006
      hrs_tscore_2008 hrs_tscore_2010 hrs_tscore_2012 hrs_tscore_2014 intage_r_2004
      intage_r_2006 intage_r_2008 intage_r_2010 intage_r_2012 intage_r_2014
      interview_date_2004 interview_date_2006 interview_date_2008 interview_date_2010
      interview_date_2012 interview_date_2014 lb_65_wave_2004 lb_65_wave_2006
      lb_65_wave_2008 lb_65_wave_2010 lb_65_wave_2012 lb_65_wave_2014 lb_wave_2004
      lb_wave_2006 lb_wave_2008 lb_wave_2010 lb_wave_2012 lb_wave_2014 listassi_2004
      listassi_2006 listassi_2008 listassi_2010 listassi_2012 listassi_2014
      mentalstatus_tot_2004 mentalstatus_tot_2006 mentalstatus_tot_2008
      mentalstatus_tot_2010 mentalstatus_tot_2012 mentalstatus_tot_2014 proxy_2004
      proxy_2006 proxy_2008 proxy_2010 proxy_2012 proxy_2014 responded_2004
      responded_2006 responded_2008 responded_2010 responded_2012 responded_2014
      rmaritalst_2004 rmaritalst_2006 rmaritalst_2008 rmaritalst_2010 rmaritalst_2012
      rmaritalst_2014 rpartst_2004 rpartst_2006 rpartst_2008 rpartst_2010
      rpartst_2012 rpartst_2014 score_loneliness_11_2004 score_loneliness_11_2006
      score_loneliness_11_2008 score_loneliness_11_2010 score_loneliness_11_2012
      score_loneliness_11_2014 score_loneliness_3_2004 score_loneliness_3_2006
      score_loneliness_3_2008 score_loneliness_3_2010 score_loneliness_3_2012
      score_loneliness_3_2014 shhidpnr_2004 shhidpnr_2006 shhidpnr_2008 shhidpnr_2010
      shhidpnr_2012 shhidpnr_2014 snchild_2004 snchild_2006 snchild_2008 snchild_2010
      snchild_2012 snchild_2014 snfamily_2004 snfamily_2006 snfamily_2008
      snfamily_2010 snfamily_2012 snfamily_2014 snfriends_2004 snfriends_2006
      snfriends_2008 snfriends_2010 snfriends_2012 snfriends_2014 snspouse_2004
      snspouse_2006 snspouse_2008 snspouse_2010 snspouse_2012 snspouse_2014
      social_contact_total_2004 social_contact_total_2006 social_contact_total_2008
      social_contact_total_2010 social_contact_total_2012 social_contact_total_2014
      social_strain_mean_2004 social_strain_mean_2006 social_strain_mean_2008
      social_strain_mean_2010 social_strain_mean_2012 social_strain_mean_2014
      social_support_mean_2004 social_support_mean_2006 social_support_mean_2008
      social_support_mean_2010 social_support_mean_2012 social_support_mean_2014
      socialnetwork_total_2004 socialnetwork_total_2006 socialnetwork_total_2008
      socialnetwork_total_2010 socialnetwork_total_2012 socialnetwork_total_2014
      srmemory_2004 srmemory_2006 srmemory_2008 srmemory_2010 srmemory_2012
      srmemory_2014 srmemoryp_2004 srmemoryp_2006 srmemoryp_2008 srmemoryp_2010
      srmemoryp_2012 srmemoryp_2014 vocab_total_2004 vocab_total_2006 vocab_total_2008
      vocab_total_2010 vocab_total_2012 vocab_total_2014 wrectotd_2004 wrectotd_2006
      wrectotd_2008 wrectotd_2010 wrectotd_2012 wrectotd_2014 wrectoti_2004
      wrectoti_2006 wrectoti_2008 wrectoti_2010 wrectoti_2012 wrectoti_2014
  	;
  Missing are all(9999);
  USEVARIABLES are
  	!define the variables used in the analysis
  	!estimated time points
  a_01
  a_02
  a_03
  a_04
  a_05
  a_06
  	!modelled time points of process (B)
  b_01
  b_02
  b_03
  b_04
  b_05
  b_06
  	! covariates used in the model
  	;
  SUBPOPULATION are
  	!select a subset of observations
  age_baseline > 64 AND
  memory_disease_ever EQ 0
  ;
  CLUSTER = hhid;
  DEFINE:
    ! centre baseline age
  a = age_baseline - 69;
  	! assign variables to the process (A)
  a_01=wrectotd_2004;
  a_02=wrectotd_2006;
  a_03=wrectotd_2008;
  a_04=wrectotd_2010;
  a_05=wrectotd_2012;
  a_06=wrectotd_2014;
  	! assign variables to the process (B)
  b_01=socialnetwork_total_2004;
  b_02=socialnetwork_total_2006;
  b_03=socialnetwork_total_2008;
  b_04=socialnetwork_total_2010;
  b_05=socialnetwork_total_2012;
  b_06=socialnetwork_total_2014;
  ANALYSIS:
  TYPE = COMPLEX RANDOM;
  model=nocovariances;
  COVERAGE=.00;
  H1ITERATIONS = 10000;
  MODEL:
  	!LGM part
  	! assign process (A) to time points
  ia BY a_02@1 a_03@1 a_04@1 a_05@1 a_06@1;
  sa BY a_02@0 a_03@2 a_04@4 a_05@6 a_06@8;
  	! assign process (B) to time points
  ib BY b_02@1 b_03@1 b_04@1 b_05@1 b_06@1;
  !sb BY b_02@0 b_03@2 b_04@4 b_05@6 b_06@8;
  	!correlations between the first measurement points
  	!autoregressive part
  a_01 a_02 a_03 a_04 a_05 a_06;
  a_02 ON a_01(1);
  a_03 ON a_02(1);
  a_04 ON a_03(1);
  a_05 ON a_04(1);
  a_06 ON a_05(1);
  b_01 b_02 b_03 b_04 b_05 b_06;
  b_02 ON b_01;
  b_03 ON b_02;
  b_04 ON b_03;
  b_05 ON b_04;
  b_06 ON b_05;
  	!Cross lagged part
  a_02 ON b_01;
  a_03 ON b_02;
  a_04 ON b_03;
  a_05 ON b_04;
  a_06 ON b_05;
  b_02 ON a_01;
  b_03 ON a_02;
  b_04 ON a_03;
  b_05 ON a_04;
  b_06 ON a_05;
  ia;
  sa;
  ib;
  !sb;
  ia with sa;
  !ib with sb;
  ia with a_01;
  sa with a_01;
  ib with b_01;
  !sb with b_01;
  ia with ib;
  !sa with sb;
  ! Time specific correlations
  b_02 WITH a_02;
  b_03 WITH a_03;
  b_04 WITH a_04;
  b_05 WITH a_05;
  b_06 WITH a_06;
  [a_02@0 a_03@0 a_04@0 a_05@0 a_06@0];
  [b_02@0 b_03@0 b_04@0 b_05@0 b_06@0];
  [ia];
  [ib];
  [sa];
  ![sb];
  [a_01];
  [b_01];
  	
  OUTPUT: SAMPSTAT MODINDICES (3.0); TECH1; TECH4;



*** WARNING in OUTPUT command
  TECH4 option for TYPE=RANDOM requires ALGORITHM=INTEGRATION.
  Request for TECH4 is ignored.
   1 WARNING(S) FOUND IN THE INPUT INSTRUCTIONS




11b - Predetermined ALT, no social slope, no time-correlations,
stationary cognitive

SUMMARY OF ANALYSIS

Number of groups                                                 1
Number of observations                                        5952

Number of dependent variables                                   10
Number of independent variables                                  2
Number of continuous latent variables                            3

Observed dependent variables

  Continuous
   A_02        A_03        A_04        A_05        A_06        B_02
   B_03        B_04        B_05        B_06

Observed independent variables
   A_01        B_01

Continuous latent variables
   IA          SA          IB

Variables with special functions

  Cluster variable      HHID

Estimator                                                      MLR
Information matrix                                        OBSERVED
Maximum number of iterations                                   100
Convergence criterion                                    0.100D-05
Maximum number of EM iterations                                500
Convergence criteria for the EM algorithm
  Loglikelihood change                                   0.100D-02
  Relative loglikelihood change                          0.100D-05
  Derivative                                             0.100D-03
Minimum variance                                         0.100D-03
Maximum number of steepest descent iterations                   20
Maximum number of iterations for H1                          10000
Convergence criterion for H1                             0.100D-03
Optimization algorithm                                         EMA

Input data file(s)
  wide-dataset-b.dat
Input data format  FREE


SUMMARY OF DATA

     Number of missing data patterns           273
     Number of clusters        4882



SAMPLE STATISTICS


     ESTIMATED SAMPLE STATISTICS


           Means
              A_02          A_03          A_04          A_05          A_06
              ________      ________      ________      ________      ________
 1              4.216         4.110         3.723         3.505         3.312


           Means
              B_02          B_03          B_04          B_05          B_06
              ________      ________      ________      ________      ________
 1              3.404         3.308         3.231         3.089         2.979


           Means
              A_01          B_01
              ________      ________
 1              4.374         3.385


           Covariances
              A_02          A_03          A_04          A_05          A_06
              ________      ________      ________      ________      ________
 A_02           3.590
 A_03           1.659         3.524
 A_04           1.801         1.791         3.810
 A_05           1.723         1.937         1.996         3.971
 A_06           1.873         1.712         2.112         2.186         3.998
 B_02           0.168         0.109         0.129         0.171         0.176
 B_03           0.134         0.118         0.167         0.216         0.197
 B_04           0.096         0.073         0.142         0.141         0.170
 B_05           0.200         0.198         0.216         0.273         0.267
 B_06           0.159         0.151         0.205         0.241         0.227
 A_01           1.738         1.664         1.599         1.711         1.606
 B_01           0.144         0.131         0.203         0.223         0.243


           Covariances
              B_02          B_03          B_04          B_05          B_06
              ________      ________      ________      ________      ________
 B_02           0.522
 B_03           0.254         0.589
 B_04           0.364         0.151         0.634
 B_05           0.294         0.367         0.338         0.708
 B_06           0.308         0.338         0.376         0.499         0.756
 A_01           0.130         0.134         0.081         0.147         0.164
 B_01           0.368         0.337         0.322         0.324         0.294


           Covariances
              A_01          B_01
              ________      ________
 A_01           3.403
 B_01           0.185         0.590


           Correlations
              A_02          A_03          A_04          A_05          A_06
              ________      ________      ________      ________      ________
 A_02           1.000
 A_03           0.466         1.000
 A_04           0.487         0.489         1.000
 A_05           0.456         0.518         0.513         1.000
 A_06           0.494         0.456         0.541         0.549         1.000
 B_02           0.122         0.080         0.091         0.119         0.122
 B_03           0.092         0.082         0.112         0.141         0.129
 B_04           0.064         0.049         0.091         0.089         0.107
 B_05           0.125         0.125         0.131         0.163         0.159
 B_06           0.096         0.093         0.121         0.139         0.131
 A_01           0.497         0.481         0.444         0.465         0.435
 B_01           0.099         0.091         0.136         0.146         0.158


           Correlations
              B_02          B_03          B_04          B_05          B_06
              ________      ________      ________      ________      ________
 B_02           1.000
 B_03           0.458         1.000
 B_04           0.632         0.248         1.000
 B_05           0.484         0.568         0.505         1.000
 B_06           0.489         0.506         0.543         0.681         1.000
 A_01           0.097         0.095         0.055         0.095         0.102
 B_01           0.662         0.572         0.527         0.501         0.440


           Correlations
              A_01          B_01
              ________      ________
 A_01           1.000
 B_01           0.130         1.000


     MAXIMUM LOG-LIKELIHOOD VALUE FOR THE UNRESTRICTED (H1) MODEL IS -75380.446


UNIVARIATE SAMPLE STATISTICS


     UNIVARIATE HIGHER-ORDER MOMENT DESCRIPTIVE STATISTICS

         Variable/         Mean/     Skewness/   Minimum/ % with                Percentiles
        Sample Size      Variance    Kurtosis    Maximum  Min/Max      20%/60%    40%/80%    Median

     A_02                  4.227      -0.154       0.000    4.88%       3.000      4.000      4.000
            5671.000       3.575       0.108      10.000    0.37%       5.000      6.000
     A_03                  4.123      -0.205       0.000    5.40%       3.000      4.000      4.000
            5775.000       3.519      -0.027      10.000    0.14%       5.000      6.000
     A_04                  3.750      -0.101       0.000    8.11%       2.000      3.000      4.000
            5669.000       3.793      -0.258      10.000    0.11%       4.000      5.000
     A_05                  3.607      -0.083       0.000    9.78%       2.000      3.000      4.000
            5132.000       3.896      -0.361      10.000    0.12%       4.000      5.000
     A_06                  3.492      -0.040       0.000   10.50%       2.000      3.000      4.000
            4429.000       3.860      -0.393      10.000    0.07%       4.000      5.000
     B_02                  3.405      -1.091       0.000    0.07%       3.000      3.000      4.000
            2799.000       0.521       0.900       4.000   52.66%       4.000      4.000
     B_03                  3.308      -0.980       0.000    0.26%       3.000      3.000      3.000
            2744.000       0.587       0.764       4.000   46.79%       4.000      4.000
     B_04                  3.253      -0.935       0.000    0.23%       3.000      3.000      3.000
            2655.000       0.624       0.629       4.000   43.58%       4.000      4.000
     B_05                  3.123      -0.839       0.000    0.40%       3.000      3.000      3.000
            2235.000       0.700       0.465       4.000   36.38%       3.000      4.000
     B_06                  3.038      -0.783       0.000    0.79%       2.000      3.000      3.000
            2036.000       0.732       0.509       4.000   31.93%       3.000      4.000
     A_01                  4.400      -0.160       0.000    3.69%       3.000      4.000      4.000
            5478.000       3.390       0.175      10.000    0.31%       5.000      6.000
     B_01                  3.445      -1.333       0.000    0.10%       3.000      3.000      4.000
            1052.000       0.578       1.365       4.000   58.27%       4.000      4.000


THE MODEL ESTIMATION TERMINATED NORMALLY



MODEL FIT INFORMATION

Number of Free Parameters                       46

Loglikelihood

          H0 Value                      -75490.947
          H0 Scaling Correction Factor      1.3872
            for MLR
          H1 Value                      -75380.446
          H1 Scaling Correction Factor      1.1736
            for MLR

Information Criteria

          Akaike (AIC)                  151073.894
          Bayesian (BIC)                151381.702
          Sample-Size Adjusted BIC      151235.527
            (n* = (n + 2) / 24)

Chi-Square Test of Model Fit

          Value                            232.555*
          Degrees of Freedom                    44
          P-Value                           0.0000
          Scaling Correction Factor         0.9503
            for MLR

*   The chi-square value for MLM, MLMV, MLR, ULSMV, WLSM and WLSMV cannot be used
    for chi-square difference testing in the regular way.  MLM, MLR and WLSM
    chi-square difference testing is described on the Mplus website.  MLMV, WLSMV,
    and ULSMV difference testing is done using the DIFFTEST option.

RMSEA (Root Mean Square Error Of Approximation)

          Estimate                           0.027

CFI/TLI

          CFI                                0.984
          TLI                                0.976

Chi-Square Test of Model Fit for the Baseline Model

          Value                          11813.090
          Degrees of Freedom                    66
          P-Value                           0.0000

SRMR (Standardized Root Mean Square Residual)

          Value                              0.083



MODEL RESULTS

                                                    Two-Tailed
                    Estimate       S.E.  Est./S.E.    P-Value

 IA       BY
    A_02               1.000      0.000    999.000    999.000
    A_03               1.000      0.000    999.000    999.000
    A_04               1.000      0.000    999.000    999.000
    A_05               1.000      0.000    999.000    999.000
    A_06               1.000      0.000    999.000    999.000

 SA       BY
    A_02               0.000      0.000    999.000    999.000
    A_03               2.000      0.000    999.000    999.000
    A_04               4.000      0.000    999.000    999.000
    A_05               6.000      0.000    999.000    999.000
    A_06               8.000      0.000    999.000    999.000

 IB       BY
    B_02               1.000      0.000    999.000    999.000
    B_03               1.000      0.000    999.000    999.000
    B_04               1.000      0.000    999.000    999.000
    B_05               1.000      0.000    999.000    999.000
    B_06               1.000      0.000    999.000    999.000

 A_02       ON
    A_01              -0.009      0.013     -0.687      0.492
    B_01              -0.030      0.041     -0.739      0.460

 A_03       ON
    A_02              -0.009      0.013     -0.687      0.492
    B_02               0.045      0.034      1.318      0.188

 A_04       ON
    A_03              -0.009      0.013     -0.687      0.492
    B_03               0.044      0.032      1.381      0.167

 A_05       ON
    A_04              -0.009      0.013     -0.687      0.492
    B_04               0.092      0.033      2.815      0.005

 A_06       ON
    A_05              -0.009      0.013     -0.687      0.492
    B_05               0.151      0.038      3.951      0.000

 B_02       ON
    B_01              -0.242      0.173     -1.399      0.162
    A_01               0.013      0.010      1.372      0.170

 B_03       ON
    B_02              -0.273      0.193     -1.414      0.157
    A_02               0.016      0.010      1.682      0.093

 B_04       ON
    B_03              -0.283      0.195     -1.446      0.148
    A_03              -0.001      0.008     -0.145      0.885

 B_05       ON
    B_04              -0.361      0.196     -1.838      0.066
    A_04               0.024      0.008      2.949      0.003

 B_06       ON
    B_05              -0.436      0.213     -2.044      0.041
    A_05               0.046      0.013      3.613      0.000

 IA       WITH
    SA                 0.010      0.009      1.098      0.272
    A_01               1.727      0.062     28.084      0.000
    IB                 0.056      0.020      2.886      0.004

 SA       WITH
    A_01              -0.015      0.007     -2.115      0.034

 IB       WITH
    B_01               0.457      0.076      5.988      0.000

 B_02     WITH
    A_02               0.052      0.017      3.020      0.003

 B_03     WITH
    A_03              -0.027      0.023     -1.187      0.235

 B_04     WITH
    A_04               0.035      0.019      1.803      0.071

 B_05     WITH
    A_05               0.062      0.024      2.585      0.010

 B_06     WITH
    A_06               0.022      0.026      0.856      0.392

 Means
    A_01               4.374      0.025    175.090      0.000
    B_01               3.393      0.022    152.705      0.000
    IA                 4.361      0.152     28.646      0.000
    SA                -0.186      0.019     -9.712      0.000
    IB                 4.167      0.626      6.655      0.000

 Intercepts
    A_02               0.000      0.000    999.000    999.000
    A_03               0.000      0.000    999.000    999.000
    A_04               0.000      0.000    999.000    999.000
    A_05               0.000      0.000    999.000    999.000
    A_06               0.000      0.000    999.000    999.000
    B_02               0.000      0.000    999.000    999.000
    B_03               0.000      0.000    999.000    999.000
    B_04               0.000      0.000    999.000    999.000
    B_05               0.000      0.000    999.000    999.000
    B_06               0.000      0.000    999.000    999.000

 Variances
    A_01               3.404      0.068     50.149      0.000
    B_01               0.590      0.036     16.203      0.000
    IA                 1.719      0.098     17.468      0.000
    SA                 0.007      0.002      3.207      0.001
    IB                 0.564      0.135      4.177      0.000

 Residual Variances
    A_02               1.866      0.066     28.154      0.000
    A_03               1.832      0.052     34.980      0.000
    A_04               1.884      0.050     37.715      0.000
    A_05               1.832      0.055     33.255      0.000
    A_06               1.711      0.069     24.653      0.000
    B_02               0.145      0.016      9.080      0.000
    B_03               0.235      0.033      7.051      0.000
    B_04               0.275      0.016     17.216      0.000
    B_05               0.348      0.027     12.747      0.000
    B_06               0.401      0.059      6.769      0.000


QUALITY OF NUMERICAL RESULTS

     Condition Number for the Information Matrix              0.379E-04
       (ratio of smallest to largest eigenvalue)


MODEL MODIFICATION INDICES

NOTE:  Modification indices for direct effects of observed dependent variables
regressed on covariates may not be included.  To include these, request
MODINDICES (ALL).

Minimum M.I. value for printing the modification index     3.000

                                   M.I.     E.P.C.


ON/BY Statements

A_03     ON SA       /
SA       BY A_03                  11.794    -1.434
A_04     ON SA       /
SA       BY A_04                   8.150     1.125
A_05     ON IB       /
IB       BY A_05                   3.382     0.112
A_06     ON IB       /
IB       BY A_06                   4.827     0.134
B_02     ON IA       /
IA       BY B_02                   6.822    -0.051
B_02     ON IB       /
IB       BY B_02                  39.705    -0.393
B_03     ON IA       /
IA       BY B_03                  10.480     0.052
B_03     ON IB       /
IB       BY B_03                   5.908    -0.347
B_04     ON IA       /
IA       BY B_04                   3.730     0.031
B_05     ON IB       /
IB       BY B_05                  32.938     0.510
B_06     ON IA       /
IA       BY B_06                   6.477     0.050
B_06     ON IB       /
IB       BY B_06                  20.351     0.502
A_01     ON IA       /
IA       BY A_01                  26.849     2.084
A_01     ON IB       /
IB       BY A_01                  27.196     0.200
B_01     ON IA       /
IA       BY B_01                  22.656     0.074
B_01     ON SA       /
SA       BY B_01                   9.452     1.334
B_01     ON IB       /
IB       BY B_01                  17.450     1.982
IA       ON IB       /
IB       BY IA                    17.608     0.246
SA       ON IB       /
IB       BY SA                    16.418     0.034
IB       ON IA       /
IA       BY IB                    26.909     0.068

ON Statements

IA       ON A_03                   4.217    -0.035
IA       ON A_04                  14.072     0.054
IA       ON B_02                   8.060     0.212
IA       ON B_03                   9.605     0.163
IA       ON B_04                   9.327     0.151
IA       ON B_05                  15.343     0.189
IA       ON B_01                  17.610     0.190
SA       ON A_03                   7.934    -0.007
SA       ON A_04                   4.656     0.005
SA       ON A_06                   4.696    -0.017
SA       ON B_02                   9.170     0.028
SA       ON B_03                  12.439     0.023
SA       ON B_04                   8.983     0.019
SA       ON B_05                   3.736     0.020
SA       ON B_06                   7.475     0.021
SA       ON B_01                  19.550     0.034
IB       ON A_02                  17.155     0.037
IB       ON A_04                   4.677     0.016
IB       ON A_05                  20.095     0.034
IB       ON A_06                   9.766     0.027
IB       ON B_02                  12.892    -0.454
IB       ON B_03                   8.194     0.182
IB       ON B_05                   7.316     0.095
IB       ON A_01                  26.726     0.034
A_02     ON A_04                   3.569     0.026
A_02     ON A_05                   7.388    -0.036
A_02     ON A_06                  10.602     0.048
A_02     ON B_03                   6.468    -0.234
A_03     ON A_06                  23.104    -0.053
A_03     ON B_05                   3.647     0.106
A_04     ON A_06                   3.374     0.021
A_04     ON A_01                   4.745    -0.023
A_05     ON A_02                   4.763    -0.024
A_05     ON A_03                  11.445     0.039
A_05     ON B_03                   5.741     0.120
A_05     ON B_05                   3.312     0.108
A_05     ON A_01                   3.282     0.021
A_06     ON A_02                   6.455     0.039
A_06     ON A_03                  28.763    -0.074
A_06     ON B_04                   8.433     0.134
A_06     ON B_06                   4.004     0.119
A_06     ON B_01                   6.880     0.157
B_02     ON A_02                   6.823    -0.051
B_02     ON A_03                   3.485    -0.015
B_02     ON A_04                   3.621    -0.015
B_02     ON B_02                  39.719    -0.393
B_02     ON B_03                  31.148    -0.454
B_02     ON B_04                  17.657    -0.157
B_02     ON B_05                  17.301    -0.378
B_02     ON B_06                  19.652    -0.110
B_03     ON A_03                  10.124     0.050
B_03     ON A_05                  14.515     0.031
B_03     ON B_03                   5.897    -0.346
B_03     ON B_04                   8.110    -0.255
B_03     ON B_05                  14.375     0.157
B_03     ON B_06                  14.226    -0.206
B_03     ON A_01                   8.522     0.022
B_03     ON B_01                   8.987    -0.154
B_04     ON A_04                   3.640     0.030
B_04     ON A_06                   6.305     0.019
B_04     ON B_05                   8.164    -0.242
B_04     ON B_06                  31.587     0.205
B_05     ON A_02                   7.546     0.024
B_05     ON B_02                  36.875     0.539
B_05     ON B_03                  22.076     0.206
B_05     ON B_05                  32.921     0.510
B_05     ON B_06                  29.057     0.729
B_05     ON B_01                   6.714     0.167
B_06     ON A_04                   6.609     0.027
B_06     ON A_06                   5.248     0.053
B_06     ON B_03                  21.942     0.933
B_06     ON B_04                  24.056     0.200
B_06     ON B_06                  20.350     0.502
B_06     ON A_01                   3.706     0.019
B_06     ON B_01                   6.141     0.205
A_01     ON A_02                   6.234     0.070
A_01     ON A_04                  12.514    -0.060
A_01     ON A_05                   7.974     0.053
A_01     ON B_02                  36.370     0.302
A_01     ON B_03                  23.542     0.178
A_01     ON B_04                  13.326     0.131
A_01     ON B_05                  11.786     0.130
A_01     ON B_06                  16.944     0.143
A_01     ON B_01                  20.435     0.180
B_01     ON A_02                  16.890     0.048
B_01     ON A_03                   7.102     0.025
B_01     ON A_04                  21.941     0.044
B_01     ON A_05                  11.023     0.031
B_01     ON A_06                  18.717     0.041
B_01     ON B_02                  54.093     0.822
B_01     ON B_03                   8.956    -0.175
B_01     ON A_01                   8.872     0.029

WITH Statements

A_03     WITH IA                   4.424    -0.066
A_03     WITH SA                   8.178    -0.014
A_03     WITH A_02                 4.310    -0.100
A_04     WITH IA                  13.722     0.100
A_04     WITH SA                   4.077     0.009
A_04     WITH A_02                 5.154     0.087
A_05     WITH IB                   3.493     0.033
A_05     WITH A_02                20.927    -0.157
A_05     WITH A_03                21.278     0.160
A_06     WITH SA                   6.015    -0.034
A_06     WITH A_02                24.311     0.229
A_06     WITH A_03                49.556    -0.256
A_06     WITH A_04                 6.647     0.110
B_02     WITH IB                  30.979    -0.109
B_03     WITH IB                   3.883     0.033
B_03     WITH A_02                10.785    -0.101
B_03     WITH A_05                 9.356     0.067
B_04     WITH A_03                 3.882    -0.059
B_04     WITH A_06                 6.667     0.056
B_04     WITH B_03                 6.430    -0.094
B_05     WITH IA                   3.049     0.039
B_05     WITH SA                   3.506    -0.008
B_05     WITH IB                   6.124     0.036
B_05     WITH A_02                 7.628     0.060
B_05     WITH B_03                11.774     0.048
B_05     WITH B_04                20.321    -0.171
B_06     WITH A_05                 7.001    -0.111
B_06     WITH B_02                 9.943    -0.041
B_06     WITH B_03                20.946    -0.256
B_06     WITH B_04                26.094     0.085
A_01     WITH IB                  26.827     0.117
A_01     WITH A_02                 4.564     0.112
A_01     WITH A_04                15.064    -0.124
A_01     WITH A_05                 5.799     0.083
A_01     WITH B_02                 6.220     0.092
A_01     WITH B_03                 5.042     0.043
B_01     WITH IA                  17.614     0.112
B_01     WITH SA                   9.312     0.011
B_01     WITH A_04                 5.466     0.058
B_01     WITH B_02                36.183     0.101
B_01     WITH B_03                 9.327    -0.045

Means/Intercepts/Thresholds

[ A_03     ]                       5.885     0.321
[ B_02     ]                       9.454    -0.391


TECHNICAL 1 OUTPUT


     PARAMETER SPECIFICATION


           NU
              A_02          A_03          A_04          A_05          A_06
              ________      ________      ________      ________      ________
 1                  0             0             0             0             0


           NU
              B_02          B_03          B_04          B_05          B_06
              ________      ________      ________      ________      ________
 1                  0             0             0             0             0


           NU
              A_01          B_01
              ________      ________
 1                  0             0


           LAMBDA
              IA            SA            IB            A_02          A_03
              ________      ________      ________      ________      ________
 A_02               0             0             0             0             0
 A_03               0             0             0             0             0
 A_04               0             0             0             0             0
 A_05               0             0             0             0             0
 A_06               0             0             0             0             0
 B_02               0             0             0             0             0
 B_03               0             0             0             0             0
 B_04               0             0             0             0             0
 B_05               0             0             0             0             0
 B_06               0             0             0             0             0
 A_01               0             0             0             0             0
 B_01               0             0             0             0             0


           LAMBDA
              A_04          A_05          A_06          B_02          B_03
              ________      ________      ________      ________      ________
 A_02               0             0             0             0             0
 A_03               0             0             0             0             0
 A_04               0             0             0             0             0
 A_05               0             0             0             0             0
 A_06               0             0             0             0             0
 B_02               0             0             0             0             0
 B_03               0             0             0             0             0
 B_04               0             0             0             0             0
 B_05               0             0             0             0             0
 B_06               0             0             0             0             0
 A_01               0             0             0             0             0
 B_01               0             0             0             0             0


           LAMBDA
              B_04          B_05          B_06          A_01          B_01
              ________      ________      ________      ________      ________
 A_02               0             0             0             0             0
 A_03               0             0             0             0             0
 A_04               0             0             0             0             0
 A_05               0             0             0             0             0
 A_06               0             0             0             0             0
 B_02               0             0             0             0             0
 B_03               0             0             0             0             0
 B_04               0             0             0             0             0
 B_05               0             0             0             0             0
 B_06               0             0             0             0             0
 A_01               0             0             0             0             0
 B_01               0             0             0             0             0


           THETA
              A_02          A_03          A_04          A_05          A_06
              ________      ________      ________      ________      ________
 A_02               0
 A_03               0             0
 A_04               0             0             0
 A_05               0             0             0             0
 A_06               0             0             0             0             0
 B_02               0             0             0             0             0
 B_03               0             0             0             0             0
 B_04               0             0             0             0             0
 B_05               0             0             0             0             0
 B_06               0             0             0             0             0
 A_01               0             0             0             0             0
 B_01               0             0             0             0             0


           THETA
              B_02          B_03          B_04          B_05          B_06
              ________      ________      ________      ________      ________
 B_02               0
 B_03               0             0
 B_04               0             0             0
 B_05               0             0             0             0
 B_06               0             0             0             0             0
 A_01               0             0             0             0             0
 B_01               0             0             0             0             0


           THETA
              A_01          B_01
              ________      ________
 A_01               0
 B_01               0             0


           ALPHA
              IA            SA            IB            A_02          A_03
              ________      ________      ________      ________      ________
 1                  1             2             3             0             0


           ALPHA
              A_04          A_05          A_06          B_02          B_03
              ________      ________      ________      ________      ________
 1                  0             0             0             0             0


           ALPHA
              B_04          B_05          B_06          A_01          B_01
              ________      ________      ________      ________      ________
 1                  0             0             0             4             5


           BETA
              IA            SA            IB            A_02          A_03
              ________      ________      ________      ________      ________
 IA                 0             0             0             0             0
 SA                 0             0             0             0             0
 IB                 0             0             0             0             0
 A_02               0             0             0             0             0
 A_03               0             0             0             6             0
 A_04               0             0             0             0             6
 A_05               0             0             0             0             0
 A_06               0             0             0             0             0
 B_02               0             0             0             0             0
 B_03               0             0             0            14             0
 B_04               0             0             0             0            16
 B_05               0             0             0             0             0
 B_06               0             0             0             0             0
 A_01               0             0             0             0             0
 B_01               0             0             0             0             0


           BETA
              A_04          A_05          A_06          B_02          B_03
              ________      ________      ________      ________      ________
 IA                 0             0             0             0             0
 SA                 0             0             0             0             0
 IB                 0             0             0             0             0
 A_02               0             0             0             0             0
 A_03               0             0             0             8             0
 A_04               0             0             0             0             9
 A_05               6             0             0             0             0
 A_06               0             6             0             0             0
 B_02               0             0             0             0             0
 B_03               0             0             0            15             0
 B_04               0             0             0             0            17
 B_05              18             0             0             0             0
 B_06               0            20             0             0             0
 A_01               0             0             0             0             0
 B_01               0             0             0             0             0


           BETA
              B_04          B_05          B_06          A_01          B_01
              ________      ________      ________      ________      ________
 IA                 0             0             0             0             0
 SA                 0             0             0             0             0
 IB                 0             0             0             0             0
 A_02               0             0             0             6             7
 A_03               0             0             0             0             0
 A_04               0             0             0             0             0
 A_05              10             0             0             0             0
 A_06               0            11             0             0             0
 B_02               0             0             0            12            13
 B_03               0             0             0             0             0
 B_04               0             0             0             0             0
 B_05              19             0             0             0             0
 B_06               0            21             0             0             0
 A_01               0             0             0             0             0
 B_01               0             0             0             0             0


           PSI
              IA            SA            IB            A_02          A_03
              ________      ________      ________      ________      ________
 IA                22
 SA                23            24
 IB                25             0            26
 A_02               0             0             0            27
 A_03               0             0             0             0            28
 A_04               0             0             0             0             0
 A_05               0             0             0             0             0
 A_06               0             0             0             0             0
 B_02               0             0             0            32             0
 B_03               0             0             0             0            34
 B_04               0             0             0             0             0
 B_05               0             0             0             0             0
 B_06               0             0             0             0             0
 A_01              42            43             0             0             0
 B_01               0             0            45             0             0


           PSI
              A_04          A_05          A_06          B_02          B_03
              ________      ________      ________      ________      ________
 A_04              29
 A_05               0            30
 A_06               0             0            31
 B_02               0             0             0            33
 B_03               0             0             0             0            35
 B_04              36             0             0             0             0
 B_05               0            38             0             0             0
 B_06               0             0            40             0             0
 A_01               0             0             0             0             0
 B_01               0             0             0             0             0


           PSI
              B_04          B_05          B_06          A_01          B_01
              ________      ________      ________      ________      ________
 B_04              37
 B_05               0            39
 B_06               0             0            41
 A_01               0             0             0            44
 B_01               0             0             0             0            46


     STARTING VALUES


           NU
              A_02          A_03          A_04          A_05          A_06
              ________      ________      ________      ________      ________
 1              0.000         0.000         0.000         0.000         0.000


           NU
              B_02          B_03          B_04          B_05          B_06
              ________      ________      ________      ________      ________
 1              0.000         0.000         0.000         0.000         0.000


           NU
              A_01          B_01
              ________      ________
 1              0.000         0.000


           LAMBDA
              IA            SA            IB            A_02          A_03
              ________      ________      ________      ________      ________
 A_02           0.000         0.000         0.000         1.000         0.000
 A_03           0.000         0.000         0.000         0.000         1.000
 A_04           0.000         0.000         0.000         0.000         0.000
 A_05           0.000         0.000         0.000         0.000         0.000
 A_06           0.000         0.000         0.000         0.000         0.000
 B_02           0.000         0.000         0.000         0.000         0.000
 B_03           0.000         0.000         0.000         0.000         0.000
 B_04           0.000         0.000         0.000         0.000         0.000
 B_05           0.000         0.000         0.000         0.000         0.000
 B_06           0.000         0.000         0.000         0.000         0.000
 A_01           0.000         0.000         0.000         0.000         0.000
 B_01           0.000         0.000         0.000         0.000         0.000


           LAMBDA
              A_04          A_05          A_06          B_02          B_03
              ________      ________      ________      ________      ________
 A_02           0.000         0.000         0.000         0.000         0.000
 A_03           0.000         0.000         0.000         0.000         0.000
 A_04           1.000         0.000         0.000         0.000         0.000
 A_05           0.000         1.000         0.000         0.000         0.000
 A_06           0.000         0.000         1.000         0.000         0.000
 B_02           0.000         0.000         0.000         1.000         0.000
 B_03           0.000         0.000         0.000         0.000         1.000
 B_04           0.000         0.000         0.000         0.000         0.000
 B_05           0.000         0.000         0.000         0.000         0.000
 B_06           0.000         0.000         0.000         0.000         0.000
 A_01           0.000         0.000         0.000         0.000         0.000
 B_01           0.000         0.000         0.000         0.000         0.000


           LAMBDA
              B_04          B_05          B_06          A_01          B_01
              ________      ________      ________      ________      ________
 A_02           0.000         0.000         0.000         0.000         0.000
 A_03           0.000         0.000         0.000         0.000         0.000
 A_04           0.000         0.000         0.000         0.000         0.000
 A_05           0.000         0.000         0.000         0.000         0.000
 A_06           0.000         0.000         0.000         0.000         0.000
 B_02           0.000         0.000         0.000         0.000         0.000
 B_03           0.000         0.000         0.000         0.000         0.000
 B_04           1.000         0.000         0.000         0.000         0.000
 B_05           0.000         1.000         0.000         0.000         0.000
 B_06           0.000         0.000         1.000         0.000         0.000
 A_01           0.000         0.000         0.000         1.000         0.000
 B_01           0.000         0.000         0.000         0.000         1.000


           THETA
              A_02          A_03          A_04          A_05          A_06
              ________      ________      ________      ________      ________
 A_02           0.000
 A_03           0.000         0.000
 A_04           0.000         0.000         0.000
 A_05           0.000         0.000         0.000         0.000
 A_06           0.000         0.000         0.000         0.000         0.000
 B_02           0.000         0.000         0.000         0.000         0.000
 B_03           0.000         0.000         0.000         0.000         0.000
 B_04           0.000         0.000         0.000         0.000         0.000
 B_05           0.000         0.000         0.000         0.000         0.000
 B_06           0.000         0.000         0.000         0.000         0.000
 A_01           0.000         0.000         0.000         0.000         0.000
 B_01           0.000         0.000         0.000         0.000         0.000


           THETA
              B_02          B_03          B_04          B_05          B_06
              ________      ________      ________      ________      ________
 B_02           0.000
 B_03           0.000         0.000
 B_04           0.000         0.000         0.000
 B_05           0.000         0.000         0.000         0.000
 B_06           0.000         0.000         0.000         0.000         0.000
 A_01           0.000         0.000         0.000         0.000         0.000
 B_01           0.000         0.000         0.000         0.000         0.000


           THETA
              A_01          B_01
              ________      ________
 A_01           0.000
 B_01           0.000         0.000


           ALPHA
              IA            SA            IB            A_02          A_03
              ________      ________      ________      ________      ________
 1              0.000         0.000         0.000         0.000         0.000


           ALPHA
              A_04          A_05          A_06          B_02          B_03
              ________      ________      ________      ________      ________
 1              0.000         0.000         0.000         0.000         0.000


           ALPHA
              B_04          B_05          B_06          A_01          B_01
              ________      ________      ________      ________      ________
 1              0.000         0.000         0.000         0.000         0.000


           BETA
              IA            SA            IB            A_02          A_03
              ________      ________      ________      ________      ________
 IA             0.000         0.000         0.000         0.000         0.000
 SA             0.000         0.000         0.000         0.000         0.000
 IB             0.000         0.000         0.000         0.000         0.000
 A_02           1.000         0.000         0.000         0.000         0.000
 A_03           1.000         2.000         0.000         0.000         0.000
 A_04           1.000         4.000         0.000         0.000         0.000
 A_05           1.000         6.000         0.000         0.000         0.000
 A_06           1.000         8.000         0.000         0.000         0.000
 B_02           0.000         0.000         1.000         0.000         0.000
 B_03           0.000         0.000         1.000         0.000         0.000
 B_04           0.000         0.000         1.000         0.000         0.000
 B_05           0.000         0.000         1.000         0.000         0.000
 B_06           0.000         0.000         1.000         0.000         0.000
 A_01           0.000         0.000         0.000         0.000         0.000
 B_01           0.000         0.000         0.000         0.000         0.000


           BETA
              A_04          A_05          A_06          B_02          B_03
              ________      ________      ________      ________      ________
 IA             0.000         0.000         0.000         0.000         0.000
 SA             0.000         0.000         0.000         0.000         0.000
 IB             0.000         0.000         0.000         0.000         0.000
 A_02           0.000         0.000         0.000         0.000         0.000
 A_03           0.000         0.000         0.000         0.000         0.000
 A_04           0.000         0.000         0.000         0.000         0.000
 A_05           0.000         0.000         0.000         0.000         0.000
 A_06           0.000         0.000         0.000         0.000         0.000
 B_02           0.000         0.000         0.000         0.000         0.000
 B_03           0.000         0.000         0.000         0.000         0.000
 B_04           0.000         0.000         0.000         0.000         0.000
 B_05           0.000         0.000         0.000         0.000         0.000
 B_06           0.000         0.000         0.000         0.000         0.000
 A_01           0.000         0.000         0.000         0.000         0.000
 B_01           0.000         0.000         0.000         0.000         0.000


           BETA
              B_04          B_05          B_06          A_01          B_01
              ________      ________      ________      ________      ________
 IA             0.000         0.000         0.000         0.000         0.000
 SA             0.000         0.000         0.000         0.000         0.000
 IB             0.000         0.000         0.000         0.000         0.000
 A_02           0.000         0.000         0.000         0.000         0.000
 A_03           0.000         0.000         0.000         0.000         0.000
 A_04           0.000         0.000         0.000         0.000         0.000
 A_05           0.000         0.000         0.000         0.000         0.000
 A_06           0.000         0.000         0.000         0.000         0.000
 B_02           0.000         0.000         0.000         0.000         0.000
 B_03           0.000         0.000         0.000         0.000         0.000
 B_04           0.000         0.000         0.000         0.000         0.000
 B_05           0.000         0.000         0.000         0.000         0.000
 B_06           0.000         0.000         0.000         0.000         0.000
 A_01           0.000         0.000         0.000         0.000         0.000
 B_01           0.000         0.000         0.000         0.000         0.000


           PSI
              IA            SA            IB            A_02          A_03
              ________      ________      ________      ________      ________
 IA             0.050
 SA             0.000         0.050
 IB             0.000         0.000         0.050
 A_02           0.000         0.000         0.000         1.787
 A_03           0.000         0.000         0.000         0.000         1.760
 A_04           0.000         0.000         0.000         0.000         0.000
 A_05           0.000         0.000         0.000         0.000         0.000
 A_06           0.000         0.000         0.000         0.000         0.000
 B_02           0.000         0.000         0.000         0.000         0.000
 B_03           0.000         0.000         0.000         0.000         0.000
 B_04           0.000         0.000         0.000         0.000         0.000
 B_05           0.000         0.000         0.000         0.000         0.000
 B_06           0.000         0.000         0.000         0.000         0.000
 A_01           0.000         0.000         0.000         0.000         0.000
 B_01           0.000         0.000         0.000         0.000         0.000


           PSI
              A_04          A_05          A_06          B_02          B_03
              ________      ________      ________      ________      ________
 A_04           1.896
 A_05           0.000         1.948
 A_06           0.000         0.000         1.930
 B_02           0.000         0.000         0.000         0.261
 B_03           0.000         0.000         0.000         0.000         0.294
 B_04           0.000         0.000         0.000         0.000         0.000
 B_05           0.000         0.000         0.000         0.000         0.000
 B_06           0.000         0.000         0.000         0.000         0.000
 A_01           0.000         0.000         0.000         0.000         0.000
 B_01           0.000         0.000         0.000         0.000         0.000


           PSI
              B_04          B_05          B_06          A_01          B_01
              ________      ________      ________      ________      ________
 B_04           0.312
 B_05           0.000         0.350
 B_06           0.000         0.000         0.366
 A_01           0.000         0.000         0.000         1.695
 B_01           0.000         0.000         0.000         0.000         0.289


     Beginning Time:  22:08:32
        Ending Time:  22:14:37
       Elapsed Time:  00:06:05



MUTHEN & MUTHEN
3463 Stoner Ave.
Los Angeles, CA  90066

Tel: (310) 391-9971
Fax: (310) 391-8971
Web: www.StatModel.com
Support: Support@StatModel.com

Copyright (c) 1998-2015 Muthen & Muthen
