Mplus VERSION 7.4 (Mac)
MUTHEN & MUTHEN
11/04/2017   3:03 PM

INPUT INSTRUCTIONS

  TITLE:
  12b - Predetermined ALT, no social slope, no time-correlations
  stationary social
  DATA:
  File = wide-dataset-b.dat;
  VARIABLE:
  NAMES are
   id hhid male birthyr_rand birthmo_rand race_rand hispanic_rand cohort
      raedyrs raedegrm memoryproblems_baseline memory_disease_ever age_baseline
      age_baseline_65 health_conditions_baseline healthcond_mean activity_mean_2004
      activity_mean_2006 activity_mean_2008 activity_mean_2010 activity_mean_2012
      activity_mean_2014 activity_sum_2004 activity_sum_2006 activity_sum_2008
      activity_sum_2010 activity_sum_2012 activity_sum_2014 close_social_network_2004
      close_social_network_2006 close_social_network_2008 close_social_network_2010
      close_social_network_2012 close_social_network_2014 countb20r_2004
      countb20r_2006 countb20r_2008 countb20r_2010 countb20r_2012 countb20r_2014
      crp_adj_2004 crp_adj_2006 crp_adj_2008 crp_adj_2010 crp_adj_2012 crp_adj_2014
      dep_total_2004 dep_total_2006 dep_total_2008 dep_total_2010 dep_total_2012
      dep_total_2014 exercise_2004 exercise_2006 exercise_2008 exercise_2010
      exercise_2012 exercise_2014 healthcond_2004 healthcond_2006 healthcond_2008
      healthcond_2010 healthcond_2012 healthcond_2014 hhres_2004 hhres_2006
      hhres_2008 hhres_2010 hhres_2012 hhres_2014 hrs_tscore_2004 hrs_tscore_2006
      hrs_tscore_2008 hrs_tscore_2010 hrs_tscore_2012 hrs_tscore_2014 intage_r_2004
      intage_r_2006 intage_r_2008 intage_r_2010 intage_r_2012 intage_r_2014
      interview_date_2004 interview_date_2006 interview_date_2008 interview_date_2010
      interview_date_2012 interview_date_2014 lb_65_wave_2004 lb_65_wave_2006
      lb_65_wave_2008 lb_65_wave_2010 lb_65_wave_2012 lb_65_wave_2014 lb_wave_2004
      lb_wave_2006 lb_wave_2008 lb_wave_2010 lb_wave_2012 lb_wave_2014 listassi_2004
      listassi_2006 listassi_2008 listassi_2010 listassi_2012 listassi_2014
      mentalstatus_tot_2004 mentalstatus_tot_2006 mentalstatus_tot_2008
      mentalstatus_tot_2010 mentalstatus_tot_2012 mentalstatus_tot_2014 proxy_2004
      proxy_2006 proxy_2008 proxy_2010 proxy_2012 proxy_2014 responded_2004
      responded_2006 responded_2008 responded_2010 responded_2012 responded_2014
      rmaritalst_2004 rmaritalst_2006 rmaritalst_2008 rmaritalst_2010 rmaritalst_2012
      rmaritalst_2014 rpartst_2004 rpartst_2006 rpartst_2008 rpartst_2010
      rpartst_2012 rpartst_2014 score_loneliness_11_2004 score_loneliness_11_2006
      score_loneliness_11_2008 score_loneliness_11_2010 score_loneliness_11_2012
      score_loneliness_11_2014 score_loneliness_3_2004 score_loneliness_3_2006
      score_loneliness_3_2008 score_loneliness_3_2010 score_loneliness_3_2012
      score_loneliness_3_2014 shhidpnr_2004 shhidpnr_2006 shhidpnr_2008 shhidpnr_2010
      shhidpnr_2012 shhidpnr_2014 snchild_2004 snchild_2006 snchild_2008 snchild_2010
      snchild_2012 snchild_2014 snfamily_2004 snfamily_2006 snfamily_2008
      snfamily_2010 snfamily_2012 snfamily_2014 snfriends_2004 snfriends_2006
      snfriends_2008 snfriends_2010 snfriends_2012 snfriends_2014 snspouse_2004
      snspouse_2006 snspouse_2008 snspouse_2010 snspouse_2012 snspouse_2014
      social_contact_total_2004 social_contact_total_2006 social_contact_total_2008
      social_contact_total_2010 social_contact_total_2012 social_contact_total_2014
      social_strain_mean_2004 social_strain_mean_2006 social_strain_mean_2008
      social_strain_mean_2010 social_strain_mean_2012 social_strain_mean_2014
      social_support_mean_2004 social_support_mean_2006 social_support_mean_2008
      social_support_mean_2010 social_support_mean_2012 social_support_mean_2014
      socialnetwork_total_2004 socialnetwork_total_2006 socialnetwork_total_2008
      socialnetwork_total_2010 socialnetwork_total_2012 socialnetwork_total_2014
      srmemory_2004 srmemory_2006 srmemory_2008 srmemory_2010 srmemory_2012
      srmemory_2014 srmemoryp_2004 srmemoryp_2006 srmemoryp_2008 srmemoryp_2010
      srmemoryp_2012 srmemoryp_2014 vocab_total_2004 vocab_total_2006 vocab_total_2008
      vocab_total_2010 vocab_total_2012 vocab_total_2014 wrectotd_2004 wrectotd_2006
      wrectotd_2008 wrectotd_2010 wrectotd_2012 wrectotd_2014 wrectoti_2004
      wrectoti_2006 wrectoti_2008 wrectoti_2010 wrectoti_2012 wrectoti_2014
  	;
  Missing are all(9999);
  USEVARIABLES are
  	!define the variables used in the analysis
  	!estimated time points
  a_01
  a_02
  a_03
  a_04
  a_05
  a_06
  	!modelled time points of process (B)
  b_01
  b_02
  b_03
  b_04
  b_05
  b_06
  	! covariates used in the model
  	;
  SUBPOPULATION are
  	!select a subset of observations
  age_baseline > 64 AND
  memory_disease_ever EQ 0
  ;
  CLUSTER = hhid;
  DEFINE:
    ! centre baseline age
  a = age_baseline - 69;
  	! assign variables to the process (A)
  a_01=wrectoti_2004;
  a_02=wrectoti_2006;
  a_03=wrectoti_2008;
  a_04=wrectoti_2010;
  a_05=wrectoti_2012;
  a_06=wrectoti_2014;
  	! assign variables to the process (B)
  b_01=social_contact_total_2004;
  b_02=social_contact_total_2006;
  b_03=social_contact_total_2008;
  b_04=social_contact_total_2010;
  b_05=social_contact_total_2012;
  b_06=social_contact_total_2014;
  ANALYSIS:
  TYPE = COMPLEX RANDOM;
  model=nocovariances;
  COVERAGE=.00;
  H1ITERATIONS = 10000;
  MODEL:
  	!LGM part
  	! assign process (A) to time points
  ia BY a_02@1 a_03@1 a_04@1 a_05@1 a_06@1;
  sa BY a_02@0 a_03@2 a_04@4 a_05@6 a_06@8;
  	! assign process (B) to time points
  ib BY b_02@1 b_03@1 b_04@1 b_05@1 b_06@1;
  !sb BY b_02@0 b_03@2 b_04@4 b_05@6 b_06@8;
  	!correlations between the first measurement points
  	!autoregressive part
  a_01 a_02 a_03 a_04 a_05 a_06;
  a_02 ON a_01;
  a_03 ON a_02;
  a_04 ON a_03;
  a_05 ON a_04;
  a_06 ON a_05;
  b_01 b_02 b_03 b_04 b_05 b_06;
  b_02 ON b_01(1);
  b_03 ON b_02(1);
  b_04 ON b_03(1);
  b_05 ON b_04(1);
  b_06 ON b_05(1);
  	!Cross lagged part
  a_02 ON b_01;
  a_03 ON b_02;
  a_04 ON b_03;
  a_05 ON b_04;
  a_06 ON b_05;
  b_02 ON a_01;
  b_03 ON a_02;
  b_04 ON a_03;
  b_05 ON a_04;
  b_06 ON a_05;
  ia;
  sa;
  ib;
  !sb;
  ia with sa;
  !ib with sb;
  ia with a_01;
  sa with a_01;
  ib with b_01;
  !sb with b_01;
  ia with ib;
  a_01 with b_01;
  !sa with sb;
  ! Time specific correlations
  !b_02 WITH a_02;
  !b_03 WITH a_03;
  !b_04 WITH a_04;
  !b_05 WITH a_05;
  !b_06 WITH a_06;
  [a_02@0 a_03@0 a_04@0 a_05@0 a_06@0];
  [b_02@0 b_03@0 b_04@0 b_05@0 b_06@0];
  [ia];
  [ib];
  [sa];
  ![sb];
  [a_01];
  [b_01];
  	
  OUTPUT: SAMPSTAT MODINDICES (3.0); TECH1; TECH4;



*** WARNING in OUTPUT command
  TECH4 option for TYPE=RANDOM requires ALGORITHM=INTEGRATION.
  Request for TECH4 is ignored.
   1 WARNING(S) FOUND IN THE INPUT INSTRUCTIONS




12b - Predetermined ALT, no social slope, no time-correlations
stationary social

SUMMARY OF ANALYSIS

Number of groups                                                 1
Number of observations                                        5952

Number of dependent variables                                   10
Number of independent variables                                  2
Number of continuous latent variables                            3

Observed dependent variables

  Continuous
   A_02        A_03        A_04        A_05        A_06        B_02
   B_03        B_04        B_05        B_06

Observed independent variables
   A_01        B_01

Continuous latent variables
   IA          SA          IB

Variables with special functions

  Cluster variable      HHID

Estimator                                                      MLR
Information matrix                                        OBSERVED
Maximum number of iterations                                   100
Convergence criterion                                    0.100D-05
Maximum number of EM iterations                                500
Convergence criteria for the EM algorithm
  Loglikelihood change                                   0.100D-02
  Relative loglikelihood change                          0.100D-05
  Derivative                                             0.100D-03
Minimum variance                                         0.100D-03
Maximum number of steepest descent iterations                   20
Maximum number of iterations for H1                          10000
Convergence criterion for H1                             0.100D-03
Optimization algorithm                                         EMA

Input data file(s)
  wide-dataset-b.dat
Input data format  FREE


SUMMARY OF DATA

     Number of missing data patterns           272
     Number of clusters        4882



SAMPLE STATISTICS


     ESTIMATED SAMPLE STATISTICS


           Means
              A_02          A_03          A_04          A_05          A_06
              ________      ________      ________      ________      ________
 1              5.305         5.167         4.831         4.663         4.479


           Means
              B_02          B_03          B_04          B_05          B_06
              ________      ________      ________      ________      ________
 1             29.546        29.570        29.190        28.584        27.913


           Means
              A_01          B_01
              ________      ________
 1              5.434        30.292


           Covariances
              A_02          A_03          A_04          A_05          A_06
              ________      ________      ________      ________      ________
 A_02           2.359
 A_03           1.086         2.390
 A_04           1.199         1.152         2.707
 A_05           1.089         1.240         1.319         2.690
 A_06           1.244         1.179         1.372         1.389         2.813
 B_02           2.235         1.976         1.912         2.486         1.954
 B_03           2.521         2.122         2.670         2.601         2.929
 B_04           2.443         2.420         2.311         2.377         2.370
 B_05           2.870         2.866         2.826         3.310         3.293
 B_06           2.144         2.636         2.257         3.032         3.163
 A_01           1.073         1.088         1.053         1.132         1.056
 B_01           1.874         1.893         1.920         2.092         1.568


           Covariances
              B_02          B_03          B_04          B_05          B_06
              ________      ________      ________      ________      ________
 B_02          66.433
 B_03          36.135        74.089
 B_04          41.320        38.893        72.256
 B_05          29.228        45.615        34.288        78.884
 B_06          38.101        45.582        46.097        35.431        77.791
 A_01           2.239         2.392         2.200         2.531         2.216
 B_01          33.826        37.790        33.538        38.939        36.608


           Covariances
              A_01          B_01
              ________      ________
 A_01           2.263
 B_01           1.542        70.490


           Correlations
              A_02          A_03          A_04          A_05          A_06
              ________      ________      ________      ________      ________
 A_02           1.000
 A_03           0.457         1.000
 A_04           0.474         0.453         1.000
 A_05           0.433         0.489         0.489         1.000
 A_06           0.483         0.455         0.497         0.505         1.000
 B_02           0.179         0.157         0.143         0.186         0.143
 B_03           0.191         0.160         0.189         0.184         0.203
 B_04           0.187         0.184         0.165         0.170         0.166
 B_05           0.210         0.209         0.193         0.227         0.221
 B_06           0.158         0.193         0.156         0.210         0.214
 A_01           0.464         0.468         0.425         0.459         0.418
 B_01           0.145         0.146         0.139         0.152         0.111


           Correlations
              B_02          B_03          B_04          B_05          B_06
              ________      ________      ________      ________      ________
 B_02           1.000
 B_03           0.515         1.000
 B_04           0.596         0.532         1.000
 B_05           0.404         0.597         0.454         1.000
 B_06           0.530         0.600         0.615         0.452         1.000
 A_01           0.183         0.185         0.172         0.189         0.167
 B_01           0.494         0.523         0.470         0.522         0.494


           Correlations
              A_01          B_01
              ________      ________
 A_01           1.000
 B_01           0.122         1.000


     MAXIMUM LOG-LIKELIHOOD VALUE FOR THE UNRESTRICTED (H1) MODEL IS -101716.646


UNIVARIATE SAMPLE STATISTICS


     UNIVARIATE HIGHER-ORDER MOMENT DESCRIPTIVE STATISTICS

         Variable/         Mean/     Skewness/   Minimum/ % with                Percentiles
        Sample Size      Variance    Kurtosis    Maximum  Min/Max      20%/60%    40%/80%    Median

     A_02                  5.312      -0.013       0.000    0.25%       4.000      5.000      5.000
            5681.000       2.347       0.206      10.000    0.42%       6.000      7.000
     A_03                  5.177      -0.071       0.000    0.36%       4.000      5.000      5.000
            5775.000       2.383       0.197      10.000    0.23%       6.000      6.000
     A_04                  4.856      -0.123       0.000    1.04%       4.000      5.000      5.000
            5669.000       2.683       0.277      10.000    0.19%       5.000      6.000
     A_05                  4.743      -0.175       0.000    1.46%       3.000      4.000      5.000
            5132.000       2.642       0.389      10.000    0.19%       5.000      6.000
     A_06                  4.626      -0.096       0.000    1.38%       3.000      4.000      5.000
            4429.000       2.729       0.239      10.000    0.09%       5.000      6.000
     B_02                 29.599      -0.258       3.000    0.07%      23.000     28.000     30.000
            2788.000      66.183       0.159      54.000    0.18%      32.000     36.000
     B_03                 29.608      -0.254       2.000    0.04%      23.000     28.000     30.000
            2739.000      73.864       0.073      54.000    0.18%      32.000     37.000
     B_04                 29.406      -0.205       4.000    0.19%      22.000     28.000     30.000
            2647.000      71.988      -0.061      54.000    0.04%      32.000     36.000
     B_05                 28.986      -0.189       3.000    0.04%      22.000     27.000     29.000
            2240.000      77.040      -0.099      54.000    0.13%      32.000     36.000
     B_06                 28.653      -0.229       3.000    0.05%      22.000     27.000     29.000
            2036.000      76.540      -0.202      54.000    0.05%      31.000     36.000
     A_01                  5.450      -0.108       0.000    0.36%       4.000      5.000      5.000
            5496.000       2.255       0.367      10.000    0.38%       6.000      7.000
     B_01                 30.562      -0.258       3.000    0.09%      24.000     29.000     31.000
            1057.000      70.074       0.149      53.000    0.09%      33.000     37.000


THE MODEL ESTIMATION TERMINATED NORMALLY



MODEL FIT INFORMATION

Number of Free Parameters                       42

Loglikelihood

          H0 Value                     -101870.063
          H0 Scaling Correction Factor      1.2497
            for MLR
          H1 Value                     -101716.646
          H1 Scaling Correction Factor      1.2916
            for MLR

Information Criteria

          Akaike (AIC)                  203824.127
          Bayesian (BIC)                204105.169
          Sample-Size Adjusted BIC      203971.705
            (n* = (n + 2) / 24)

Chi-Square Test of Model Fit

          Value                            230.999*
          Degrees of Freedom                    48
          P-Value                           0.0000
          Scaling Correction Factor         1.3283
            for MLR

*   The chi-square value for MLM, MLMV, MLR, ULSMV, WLSM and WLSMV cannot be used
    for chi-square difference testing in the regular way.  MLM, MLR and WLSM
    chi-square difference testing is described on the Mplus website.  MLMV, WLSMV,
    and ULSMV difference testing is done using the DIFFTEST option.

RMSEA (Root Mean Square Error Of Approximation)

          Estimate                           0.025

CFI/TLI

          CFI                                0.981
          TLI                                0.974

Chi-Square Test of Model Fit for the Baseline Model

          Value                           9827.621
          Degrees of Freedom                    66
          P-Value                           0.0000

SRMR (Standardized Root Mean Square Residual)

          Value                              0.073



MODEL RESULTS

                                                    Two-Tailed
                    Estimate       S.E.  Est./S.E.    P-Value

 IA       BY
    A_02               1.000      0.000    999.000    999.000
    A_03               1.000      0.000    999.000    999.000
    A_04               1.000      0.000    999.000    999.000
    A_05               1.000      0.000    999.000    999.000
    A_06               1.000      0.000    999.000    999.000

 SA       BY
    A_02               0.000      0.000    999.000    999.000
    A_03               2.000      0.000    999.000    999.000
    A_04               4.000      0.000    999.000    999.000
    A_05               6.000      0.000    999.000    999.000
    A_06               8.000      0.000    999.000    999.000

 IB       BY
    B_02               1.000      0.000    999.000    999.000
    B_03               1.000      0.000    999.000    999.000
    B_04               1.000      0.000    999.000    999.000
    B_05               1.000      0.000    999.000    999.000
    B_06               1.000      0.000    999.000    999.000

 A_02       ON
    A_01              -0.022      0.023     -0.961      0.337
    B_01               0.010      0.004      2.663      0.008

 A_03       ON
    A_02              -0.007      0.019     -0.363      0.716
    B_02               0.012      0.003      3.548      0.000

 A_04       ON
    A_03              -0.014      0.015     -0.956      0.339
    B_03               0.011      0.003      3.547      0.000

 A_05       ON
    A_04               0.000      0.019      0.019      0.985
    B_04               0.012      0.003      3.736      0.000

 A_06       ON
    A_05              -0.010      0.031     -0.312      0.755
    B_05               0.017      0.003      5.132      0.000

 B_02       ON
    B_01               0.273      0.058      4.687      0.000
    A_01               0.555      0.058      9.504      0.000

 B_03       ON
    B_02               0.273      0.058      4.687      0.000
    A_02               0.593      0.063      9.385      0.000

 B_04       ON
    B_03               0.273      0.058      4.687      0.000
    A_03               0.552      0.064      8.561      0.000

 B_05       ON
    B_04               0.273      0.058      4.687      0.000
    A_04               0.480      0.069      6.951      0.000

 B_06       ON
    B_05               0.273      0.058      4.687      0.000
    A_05               0.416      0.074      5.650      0.000

 IA       WITH
    SA                 0.007      0.009      0.774      0.439
    A_01               1.093      0.053     20.777      0.000
    IB                 0.216      0.167      1.294      0.196

 SA       WITH
    A_01              -0.007      0.010     -0.685      0.493

 IB       WITH
    B_01              22.037      2.714      8.121      0.000

 A_01     WITH
    B_01               0.067      0.338      0.199      0.843

 Means
    A_01               5.433      0.020    265.828      0.000
    B_01              30.360      0.236    128.663      0.000
    IA                 5.123      0.170     30.214      0.000
    SA                -0.137      0.028     -4.810      0.000
    IB                18.288      1.861      9.829      0.000

 Intercepts
    A_02               0.000      0.000    999.000    999.000
    A_03               0.000      0.000    999.000    999.000
    A_04               0.000      0.000    999.000    999.000
    A_05               0.000      0.000    999.000    999.000
    A_06               0.000      0.000    999.000    999.000
    B_02               0.000      0.000    999.000    999.000
    B_03               0.000      0.000    999.000    999.000
    B_04               0.000      0.000    999.000    999.000
    B_05               0.000      0.000    999.000    999.000
    B_06               0.000      0.000    999.000    999.000

 Variances
    A_01               2.264      0.047     48.365      0.000
    B_01              68.935      2.973     23.190      0.000
    IA                 1.097      0.084     13.108      0.000
    SA                 0.003      0.002      1.841      0.066
    IB                21.172      3.859      5.486      0.000

 Residual Variances
    A_02               1.264      0.051     24.878      0.000
    A_03               1.272      0.035     35.998      0.000
    A_04               1.442      0.046     31.660      0.000
    A_05               1.333      0.057     23.583      0.000
    A_06               1.335      0.062     21.710      0.000
    B_02              29.520      1.486     19.867      0.000
    B_03              30.145      1.756     17.164      0.000
    B_04              26.709      1.549     17.248      0.000
    B_05              32.460      1.785     18.184      0.000
    B_06              31.629      1.893     16.705      0.000


QUALITY OF NUMERICAL RESULTS

     Condition Number for the Information Matrix              0.600E-06
       (ratio of smallest to largest eigenvalue)


MODEL MODIFICATION INDICES

NOTE:  Modification indices for direct effects of observed dependent variables
regressed on covariates may not be included.  To include these, request
MODINDICES (ALL).

Minimum M.I. value for printing the modification index     3.000

                                   M.I.     E.P.C.


ON/BY Statements

A_02     ON SA       /
SA       BY A_02                   3.062     1.677
A_03     ON SA       /
SA       BY A_03                   9.694    -1.984
A_04     ON SA       /
SA       BY A_04                   4.433     1.209
A_04     ON IB       /
IB       BY A_04                   8.577    -0.038
A_05     ON IB       /
IB       BY A_05                   4.455     0.027
A_06     ON IB       /
IB       BY A_06                   3.529     0.027
B_02     ON SA       /
SA       BY B_02                   3.078     6.358
B_02     ON IB       /
IB       BY B_02                   6.078    -0.068
B_03     ON IA       /
IA       BY B_03                   9.290     0.550
B_04     ON IA       /
IA       BY B_04                   6.012     0.395
B_04     ON SA       /
SA       BY B_04                   6.236    -7.495
B_04     ON IB       /
IB       BY B_04                   3.253     0.049
B_05     ON IA       /
IA       BY B_05                  13.494     0.595
A_01     ON IA       /
IA       BY A_01                  84.133     6.866
A_01     ON IB       /
IB       BY A_01                  83.681     0.070
B_01     ON IA       /
IA       BY B_01                  18.580     1.253
B_01     ON SA       /
SA       BY B_01                   8.891    34.404
B_01     ON IB       /
IB       BY B_01                  18.782     6.624
IA       ON IB       /
IB       BY IA                    18.878     0.065
SA       ON IB       /
IB       BY SA                     6.299     0.004
IB       ON IA       /
IA       BY IB                    84.365     1.360
IB       ON SA       /
SA       BY IB                     9.088   -27.885

ON Statements

IA       ON A_03                   5.931    -0.067
IA       ON A_04                  15.575     0.075
IA       ON A_05                   8.601    -0.060
IA       ON B_02                  13.531     0.015
IA       ON B_05                  13.502     0.020
IA       ON B_06                   8.442     0.015
IA       ON A_01                  22.188    23.143
IA       ON B_01                  18.871     0.021
SA       ON A_02                   3.175     0.012
SA       ON A_03                   4.371    -0.007
SA       ON A_04                   4.651     0.008
SA       ON A_06                   4.288    -0.023
SA       ON B_02                   6.786     0.002
SA       ON B_03                   8.596     0.002
SA       ON B_06                   3.807     0.001
SA       ON A_01                   7.029     1.789
SA       ON B_01                   8.778     0.002
IB       ON A_02                  42.727     0.593
IB       ON A_03                  19.043     0.394
IB       ON A_04                  13.692     0.327
IB       ON A_05                  47.069     0.642
IB       ON A_06                  43.234     0.670
IB       ON B_02                   3.094     0.064
IB       ON B_03                  11.134     0.208
IB       ON B_04                  15.037     0.205
IB       ON B_05                   5.287     0.153
IB       ON A_01                  83.369     0.650
IB       ON B_01                  97.945    23.814
A_02     ON A_04                  19.645     0.148
A_02     ON A_05                  20.196    -0.088
A_02     ON A_06                  15.013     0.093
A_02     ON B_05                   9.410     0.014
A_03     ON A_06                   7.008    -0.048
A_03     ON B_06                   8.428     0.012
A_03     ON B_01                   8.510     0.018
A_04     ON A_02                   9.268     0.067
A_04     ON A_06                   3.363     0.047
A_04     ON B_05                  13.020    -0.017
A_04     ON B_06                   9.086    -0.014
A_05     ON A_02                  17.933    -0.070
A_05     ON B_02                  12.619     0.016
A_05     ON B_05                   6.301     0.014
A_05     ON B_01                   3.209     0.008
A_06     ON A_02                  21.783     0.139
A_06     ON A_03                   5.691    -0.053
A_06     ON A_04                   3.488     0.051
A_06     ON B_03                   6.301     0.012
A_06     ON B_06                   6.322     0.017
B_02     ON A_05                   9.124     0.334
B_02     ON B_02                   8.287    -0.056
B_02     ON B_03                   5.083    -0.041
B_02     ON B_04                   3.559    -0.030
B_02     ON B_05                   5.491    -0.042
B_02     ON B_06                   5.468    -0.038
B_02     ON B_01                  14.493    -0.014
B_03     ON A_04                  12.161     0.447
B_03     ON A_06                  10.555     0.371
B_03     ON A_01                  15.847     0.434
B_04     ON A_02                   4.809     0.208
B_04     ON B_02                   4.482     0.033
B_04     ON B_03                   4.309     0.029
B_04     ON B_04                   3.567     0.037
B_04     ON B_05                   3.800     0.036
B_04     ON B_06                   3.719     0.033
B_04     ON A_01                  19.938     0.448
B_04     ON B_01                   3.701     0.031
B_05     ON A_02                  23.101     0.550
B_05     ON A_03                  11.112     0.352
B_05     ON A_05                  13.517     0.399
B_05     ON A_06                   3.671     0.260
B_05     ON A_01                  14.369     0.401
B_06     ON A_03                   6.312     0.288
B_06     ON A_06                   3.772     0.222
A_01     ON A_02                   7.694     0.172
A_01     ON A_04                   4.292    -0.040
A_01     ON A_05                  15.888     0.088
A_01     ON B_02                  51.366     0.034
A_01     ON B_03                  65.671     0.031
A_01     ON B_04                  73.987     0.030
A_01     ON B_05                  57.363     0.027
A_01     ON B_06                  57.070     0.027
A_01     ON B_01                  83.712     0.067
B_01     ON A_02                  11.611     0.748
B_01     ON A_03                   8.790     0.511
B_01     ON A_04                  13.393     0.561
B_01     ON A_05                  14.910     0.595
B_01     ON A_06                   5.827     0.378
B_01     ON B_02                  29.058    -0.542
B_01     ON B_04                   6.708     0.228
B_01     ON B_05                  19.413     0.402
B_01     ON B_06                  16.400     0.367
B_01     ON A_01                  19.109     1.359

WITH Statements

A_03     WITH IA                   7.479    -0.097
A_03     WITH SA                   5.257    -0.010
A_04     WITH IA                  15.135     0.108
A_04     WITH SA                   3.900     0.010
A_04     WITH IB                   3.852    -0.295
A_04     WITH A_02                13.458     0.140
A_05     WITH IA                   8.471    -0.080
A_05     WITH A_02                25.324    -0.147
A_06     WITH SA                   5.024    -0.034
A_06     WITH A_02                21.560     0.200
A_06     WITH A_03                 9.730    -0.100
B_02     WITH IA                   3.488     0.308
B_02     WITH A_03                 6.853    -0.646
B_02     WITH A_05                11.720     0.694
B_03     WITH SA                   3.480     0.055
B_03     WITH A_02                 8.546    -0.647
B_03     WITH A_03                 3.369    -0.374
B_03     WITH A_04                 3.871     0.526
B_03     WITH A_06                 4.907     0.532
B_04     WITH IA                   7.466    -0.443
B_04     WITH SA                   8.182    -0.079
B_04     WITH A_03                 5.845    -0.495
B_04     WITH A_05                 3.651    -0.445
B_05     WITH IA                   3.544     0.355
B_05     WITH A_02                12.586     0.813
B_05     WITH A_04                15.352    -0.997
B_05     WITH A_05                 3.564     0.416
B_05     WITH A_06                 3.226    -0.562
B_06     WITH A_03                 9.699     0.690
B_06     WITH A_04                 3.037    -0.399
B_06     WITH A_06                 3.488     0.437
A_01     WITH IB                  83.653     1.476
A_01     WITH A_04                 7.767    -0.078
A_01     WITH A_05                 9.403     0.091
A_01     WITH B_03                12.909     0.759
A_01     WITH B_04                19.688     0.840
A_01     WITH B_05                 5.460     0.511
B_01     WITH IA                  18.864     1.431
B_01     WITH SA                   5.462     0.106
B_01     WITH A_04                 3.330     0.585
B_01     WITH A_05                 4.165     0.669
B_01     WITH B_02                46.539   -21.390
B_01     WITH B_05                 5.783     7.237

Means/Intercepts/Thresholds

[ A_03     ]                       5.815     0.309


TECHNICAL 1 OUTPUT


     PARAMETER SPECIFICATION


           NU
              A_02          A_03          A_04          A_05          A_06
              ________      ________      ________      ________      ________
 1                  0             0             0             0             0


           NU
              B_02          B_03          B_04          B_05          B_06
              ________      ________      ________      ________      ________
 1                  0             0             0             0             0


           NU
              A_01          B_01
              ________      ________
 1                  0             0


           LAMBDA
              IA            SA            IB            A_02          A_03
              ________      ________      ________      ________      ________
 A_02               0             0             0             0             0
 A_03               0             0             0             0             0
 A_04               0             0             0             0             0
 A_05               0             0             0             0             0
 A_06               0             0             0             0             0
 B_02               0             0             0             0             0
 B_03               0             0             0             0             0
 B_04               0             0             0             0             0
 B_05               0             0             0             0             0
 B_06               0             0             0             0             0
 A_01               0             0             0             0             0
 B_01               0             0             0             0             0


           LAMBDA
              A_04          A_05          A_06          B_02          B_03
              ________      ________      ________      ________      ________
 A_02               0             0             0             0             0
 A_03               0             0             0             0             0
 A_04               0             0             0             0             0
 A_05               0             0             0             0             0
 A_06               0             0             0             0             0
 B_02               0             0             0             0             0
 B_03               0             0             0             0             0
 B_04               0             0             0             0             0
 B_05               0             0             0             0             0
 B_06               0             0             0             0             0
 A_01               0             0             0             0             0
 B_01               0             0             0             0             0


           LAMBDA
              B_04          B_05          B_06          A_01          B_01
              ________      ________      ________      ________      ________
 A_02               0             0             0             0             0
 A_03               0             0             0             0             0
 A_04               0             0             0             0             0
 A_05               0             0             0             0             0
 A_06               0             0             0             0             0
 B_02               0             0             0             0             0
 B_03               0             0             0             0             0
 B_04               0             0             0             0             0
 B_05               0             0             0             0             0
 B_06               0             0             0             0             0
 A_01               0             0             0             0             0
 B_01               0             0             0             0             0


           THETA
              A_02          A_03          A_04          A_05          A_06
              ________      ________      ________      ________      ________
 A_02               0
 A_03               0             0
 A_04               0             0             0
 A_05               0             0             0             0
 A_06               0             0             0             0             0
 B_02               0             0             0             0             0
 B_03               0             0             0             0             0
 B_04               0             0             0             0             0
 B_05               0             0             0             0             0
 B_06               0             0             0             0             0
 A_01               0             0             0             0             0
 B_01               0             0             0             0             0


           THETA
              B_02          B_03          B_04          B_05          B_06
              ________      ________      ________      ________      ________
 B_02               0
 B_03               0             0
 B_04               0             0             0
 B_05               0             0             0             0
 B_06               0             0             0             0             0
 A_01               0             0             0             0             0
 B_01               0             0             0             0             0


           THETA
              A_01          B_01
              ________      ________
 A_01               0
 B_01               0             0


           ALPHA
              IA            SA            IB            A_02          A_03
              ________      ________      ________      ________      ________
 1                  1             2             3             0             0


           ALPHA
              A_04          A_05          A_06          B_02          B_03
              ________      ________      ________      ________      ________
 1                  0             0             0             0             0


           ALPHA
              B_04          B_05          B_06          A_01          B_01
              ________      ________      ________      ________      ________
 1                  0             0             0             4             5


           BETA
              IA            SA            IB            A_02          A_03
              ________      ________      ________      ________      ________
 IA                 0             0             0             0             0
 SA                 0             0             0             0             0
 IB                 0             0             0             0             0
 A_02               0             0             0             0             0
 A_03               0             0             0             8             0
 A_04               0             0             0             0            10
 A_05               0             0             0             0             0
 A_06               0             0             0             0             0
 B_02               0             0             0             0             0
 B_03               0             0             0            18             0
 B_04               0             0             0             0            19
 B_05               0             0             0             0             0
 B_06               0             0             0             0             0
 A_01               0             0             0             0             0
 B_01               0             0             0             0             0


           BETA
              A_04          A_05          A_06          B_02          B_03
              ________      ________      ________      ________      ________
 IA                 0             0             0             0             0
 SA                 0             0             0             0             0
 IB                 0             0             0             0             0
 A_02               0             0             0             0             0
 A_03               0             0             0             9             0
 A_04               0             0             0             0            11
 A_05              12             0             0             0             0
 A_06               0            14             0             0             0
 B_02               0             0             0             0             0
 B_03               0             0             0            17             0
 B_04               0             0             0             0            17
 B_05              20             0             0             0             0
 B_06               0            21             0             0             0
 A_01               0             0             0             0             0
 B_01               0             0             0             0             0


           BETA
              B_04          B_05          B_06          A_01          B_01
              ________      ________      ________      ________      ________
 IA                 0             0             0             0             0
 SA                 0             0             0             0             0
 IB                 0             0             0             0             0
 A_02               0             0             0             6             7
 A_03               0             0             0             0             0
 A_04               0             0             0             0             0
 A_05              13             0             0             0             0
 A_06               0            15             0             0             0
 B_02               0             0             0            16            17
 B_03               0             0             0             0             0
 B_04               0             0             0             0             0
 B_05              17             0             0             0             0
 B_06               0            17             0             0             0
 A_01               0             0             0             0             0
 B_01               0             0             0             0             0


           PSI
              IA            SA            IB            A_02          A_03
              ________      ________      ________      ________      ________
 IA                22
 SA                23            24
 IB                25             0            26
 A_02               0             0             0            27
 A_03               0             0             0             0            28
 A_04               0             0             0             0             0
 A_05               0             0             0             0             0
 A_06               0             0             0             0             0
 B_02               0             0             0             0             0
 B_03               0             0             0             0             0
 B_04               0             0             0             0             0
 B_05               0             0             0             0             0
 B_06               0             0             0             0             0
 A_01              37            38             0             0             0
 B_01               0             0            40             0             0


           PSI
              A_04          A_05          A_06          B_02          B_03
              ________      ________      ________      ________      ________
 A_04              29
 A_05               0            30
 A_06               0             0            31
 B_02               0             0             0            32
 B_03               0             0             0             0            33
 B_04               0             0             0             0             0
 B_05               0             0             0             0             0
 B_06               0             0             0             0             0
 A_01               0             0             0             0             0
 B_01               0             0             0             0             0


           PSI
              B_04          B_05          B_06          A_01          B_01
              ________      ________      ________      ________      ________
 B_04              34
 B_05               0            35
 B_06               0             0            36
 A_01               0             0             0            39
 B_01               0             0             0            41            42


     STARTING VALUES


           NU
              A_02          A_03          A_04          A_05          A_06
              ________      ________      ________      ________      ________
 1              0.000         0.000         0.000         0.000         0.000


           NU
              B_02          B_03          B_04          B_05          B_06
              ________      ________      ________      ________      ________
 1              0.000         0.000         0.000         0.000         0.000


           NU
              A_01          B_01
              ________      ________
 1              0.000         0.000


           LAMBDA
              IA            SA            IB            A_02          A_03
              ________      ________      ________      ________      ________
 A_02           0.000         0.000         0.000         1.000         0.000
 A_03           0.000         0.000         0.000         0.000         1.000
 A_04           0.000         0.000         0.000         0.000         0.000
 A_05           0.000         0.000         0.000         0.000         0.000
 A_06           0.000         0.000         0.000         0.000         0.000
 B_02           0.000         0.000         0.000         0.000         0.000
 B_03           0.000         0.000         0.000         0.000         0.000
 B_04           0.000         0.000         0.000         0.000         0.000
 B_05           0.000         0.000         0.000         0.000         0.000
 B_06           0.000         0.000         0.000         0.000         0.000
 A_01           0.000         0.000         0.000         0.000         0.000
 B_01           0.000         0.000         0.000         0.000         0.000


           LAMBDA
              A_04          A_05          A_06          B_02          B_03
              ________      ________      ________      ________      ________
 A_02           0.000         0.000         0.000         0.000         0.000
 A_03           0.000         0.000         0.000         0.000         0.000
 A_04           1.000         0.000         0.000         0.000         0.000
 A_05           0.000         1.000         0.000         0.000         0.000
 A_06           0.000         0.000         1.000         0.000         0.000
 B_02           0.000         0.000         0.000         1.000         0.000
 B_03           0.000         0.000         0.000         0.000         1.000
 B_04           0.000         0.000         0.000         0.000         0.000
 B_05           0.000         0.000         0.000         0.000         0.000
 B_06           0.000         0.000         0.000         0.000         0.000
 A_01           0.000         0.000         0.000         0.000         0.000
 B_01           0.000         0.000         0.000         0.000         0.000


           LAMBDA
              B_04          B_05          B_06          A_01          B_01
              ________      ________      ________      ________      ________
 A_02           0.000         0.000         0.000         0.000         0.000
 A_03           0.000         0.000         0.000         0.000         0.000
 A_04           0.000         0.000         0.000         0.000         0.000
 A_05           0.000         0.000         0.000         0.000         0.000
 A_06           0.000         0.000         0.000         0.000         0.000
 B_02           0.000         0.000         0.000         0.000         0.000
 B_03           0.000         0.000         0.000         0.000         0.000
 B_04           1.000         0.000         0.000         0.000         0.000
 B_05           0.000         1.000         0.000         0.000         0.000
 B_06           0.000         0.000         1.000         0.000         0.000
 A_01           0.000         0.000         0.000         1.000         0.000
 B_01           0.000         0.000         0.000         0.000         1.000


           THETA
              A_02          A_03          A_04          A_05          A_06
              ________      ________      ________      ________      ________
 A_02           0.000
 A_03           0.000         0.000
 A_04           0.000         0.000         0.000
 A_05           0.000         0.000         0.000         0.000
 A_06           0.000         0.000         0.000         0.000         0.000
 B_02           0.000         0.000         0.000         0.000         0.000
 B_03           0.000         0.000         0.000         0.000         0.000
 B_04           0.000         0.000         0.000         0.000         0.000
 B_05           0.000         0.000         0.000         0.000         0.000
 B_06           0.000         0.000         0.000         0.000         0.000
 A_01           0.000         0.000         0.000         0.000         0.000
 B_01           0.000         0.000         0.000         0.000         0.000


           THETA
              B_02          B_03          B_04          B_05          B_06
              ________      ________      ________      ________      ________
 B_02           0.000
 B_03           0.000         0.000
 B_04           0.000         0.000         0.000
 B_05           0.000         0.000         0.000         0.000
 B_06           0.000         0.000         0.000         0.000         0.000
 A_01           0.000         0.000         0.000         0.000         0.000
 B_01           0.000         0.000         0.000         0.000         0.000


           THETA
              A_01          B_01
              ________      ________
 A_01           0.000
 B_01           0.000         0.000


           ALPHA
              IA            SA            IB            A_02          A_03
              ________      ________      ________      ________      ________
 1              0.000         0.000         0.000         0.000         0.000


           ALPHA
              A_04          A_05          A_06          B_02          B_03
              ________      ________      ________      ________      ________
 1              0.000         0.000         0.000         0.000         0.000


           ALPHA
              B_04          B_05          B_06          A_01          B_01
              ________      ________      ________      ________      ________
 1              0.000         0.000         0.000         0.000         0.000


           BETA
              IA            SA            IB            A_02          A_03
              ________      ________      ________      ________      ________
 IA             0.000         0.000         0.000         0.000         0.000
 SA             0.000         0.000         0.000         0.000         0.000
 IB             0.000         0.000         0.000         0.000         0.000
 A_02           1.000         0.000         0.000         0.000         0.000
 A_03           1.000         2.000         0.000         0.000         0.000
 A_04           1.000         4.000         0.000         0.000         0.000
 A_05           1.000         6.000         0.000         0.000         0.000
 A_06           1.000         8.000         0.000         0.000         0.000
 B_02           0.000         0.000         1.000         0.000         0.000
 B_03           0.000         0.000         1.000         0.000         0.000
 B_04           0.000         0.000         1.000         0.000         0.000
 B_05           0.000         0.000         1.000         0.000         0.000
 B_06           0.000         0.000         1.000         0.000         0.000
 A_01           0.000         0.000         0.000         0.000         0.000
 B_01           0.000         0.000         0.000         0.000         0.000


           BETA
              A_04          A_05          A_06          B_02          B_03
              ________      ________      ________      ________      ________
 IA             0.000         0.000         0.000         0.000         0.000
 SA             0.000         0.000         0.000         0.000         0.000
 IB             0.000         0.000         0.000         0.000         0.000
 A_02           0.000         0.000         0.000         0.000         0.000
 A_03           0.000         0.000         0.000         0.000         0.000
 A_04           0.000         0.000         0.000         0.000         0.000
 A_05           0.000         0.000         0.000         0.000         0.000
 A_06           0.000         0.000         0.000         0.000         0.000
 B_02           0.000         0.000         0.000         0.000         0.000
 B_03           0.000         0.000         0.000         0.000         0.000
 B_04           0.000         0.000         0.000         0.000         0.000
 B_05           0.000         0.000         0.000         0.000         0.000
 B_06           0.000         0.000         0.000         0.000         0.000
 A_01           0.000         0.000         0.000         0.000         0.000
 B_01           0.000         0.000         0.000         0.000         0.000


           BETA
              B_04          B_05          B_06          A_01          B_01
              ________      ________      ________      ________      ________
 IA             0.000         0.000         0.000         0.000         0.000
 SA             0.000         0.000         0.000         0.000         0.000
 IB             0.000         0.000         0.000         0.000         0.000
 A_02           0.000         0.000         0.000         0.000         0.000
 A_03           0.000         0.000         0.000         0.000         0.000
 A_04           0.000         0.000         0.000         0.000         0.000
 A_05           0.000         0.000         0.000         0.000         0.000
 A_06           0.000         0.000         0.000         0.000         0.000
 B_02           0.000         0.000         0.000         0.000         0.000
 B_03           0.000         0.000         0.000         0.000         0.000
 B_04           0.000         0.000         0.000         0.000         0.000
 B_05           0.000         0.000         0.000         0.000         0.000
 B_06           0.000         0.000         0.000         0.000         0.000
 A_01           0.000         0.000         0.000         0.000         0.000
 B_01           0.000         0.000         0.000         0.000         0.000


           PSI
              IA            SA            IB            A_02          A_03
              ________      ________      ________      ________      ________
 IA             0.050
 SA             0.000         0.050
 IB             0.000         0.000         0.050
 A_02           0.000         0.000         0.000         1.173
 A_03           0.000         0.000         0.000         0.000         1.191
 A_04           0.000         0.000         0.000         0.000         0.000
 A_05           0.000         0.000         0.000         0.000         0.000
 A_06           0.000         0.000         0.000         0.000         0.000
 B_02           0.000         0.000         0.000         0.000         0.000
 B_03           0.000         0.000         0.000         0.000         0.000
 B_04           0.000         0.000         0.000         0.000         0.000
 B_05           0.000         0.000         0.000         0.000         0.000
 B_06           0.000         0.000         0.000         0.000         0.000
 A_01           0.000         0.000         0.000         0.000         0.000
 B_01           0.000         0.000         0.000         0.000         0.000


           PSI
              A_04          A_05          A_06          B_02          B_03
              ________      ________      ________      ________      ________
 A_04           1.342
 A_05           0.000         1.321
 A_06           0.000         0.000         1.364
 B_02           0.000         0.000         0.000        33.092
 B_03           0.000         0.000         0.000         0.000        36.932
 B_04           0.000         0.000         0.000         0.000         0.000
 B_05           0.000         0.000         0.000         0.000         0.000
 B_06           0.000         0.000         0.000         0.000         0.000
 A_01           0.000         0.000         0.000         0.000         0.000
 B_01           0.000         0.000         0.000         0.000         0.000


           PSI
              B_04          B_05          B_06          A_01          B_01
              ________      ________      ________      ________      ________
 B_04          35.994
 B_05           0.000        38.520
 B_06           0.000         0.000        38.270
 A_01           0.000         0.000         0.000         1.127
 B_01           0.000         0.000         0.000         0.000        35.037


     Beginning Time:  15:03:10
        Ending Time:  15:08:20
       Elapsed Time:  00:05:10



MUTHEN & MUTHEN
3463 Stoner Ave.
Los Angeles, CA  90066

Tel: (310) 391-9971
Fax: (310) 391-8971
Web: www.StatModel.com
Support: Support@StatModel.com

Copyright (c) 1998-2015 Muthen & Muthen
