Mplus VERSION 7.4 (Mac)
MUTHEN & MUTHEN
07/11/2017  12:33 PM

INPUT INSTRUCTIONS

  TITLE:
  LGM, quadratic
  DATA:
  File = wide-dataset-b.dat ;
  VARIABLE:
  NAMES are
   id hhid male birthyr_rand birthmo_rand race_rand hispanic_rand cohort
      raedyrs raedegrm memoryproblems_baseline memory_disease_ever age_baseline
      age_baseline_65 health_conditions_baseline healthcond_mean activity_mean_2004
      activity_mean_2006 activity_mean_2008 activity_mean_2010 activity_mean_2012
      activity_mean_2014 activity_sum_2004 activity_sum_2006 activity_sum_2008
      activity_sum_2010 activity_sum_2012 activity_sum_2014 close_social_network_2004
      close_social_network_2006 close_social_network_2008 close_social_network_2010
      close_social_network_2012 close_social_network_2014 countb20r_2004
      countb20r_2006 countb20r_2008 countb20r_2010 countb20r_2012 countb20r_2014
      crp_adj_2004 crp_adj_2006 crp_adj_2008 crp_adj_2010 crp_adj_2012 crp_adj_2014
      dep_total_2004 dep_total_2006 dep_total_2008 dep_total_2010 dep_total_2012
      dep_total_2014 exercise_2004 exercise_2006 exercise_2008 exercise_2010
      exercise_2012 exercise_2014 healthcond_2004 healthcond_2006 healthcond_2008
      healthcond_2010 healthcond_2012 healthcond_2014 hhres_2004 hhres_2006
      hhres_2008 hhres_2010 hhres_2012 hhres_2014 hrs_tscore_2004 hrs_tscore_2006
      hrs_tscore_2008 hrs_tscore_2010 hrs_tscore_2012 hrs_tscore_2014 intage_r_2004
      intage_r_2006 intage_r_2008 intage_r_2010 intage_r_2012 intage_r_2014
      interview_date_2004 interview_date_2006 interview_date_2008 interview_date_2010
      interview_date_2012 interview_date_2014 lb_65_wave_2004 lb_65_wave_2006
      lb_65_wave_2008 lb_65_wave_2010 lb_65_wave_2012 lb_65_wave_2014 lb_wave_2004
      lb_wave_2006 lb_wave_2008 lb_wave_2010 lb_wave_2012 lb_wave_2014 listassi_2004
      listassi_2006 listassi_2008 listassi_2010 listassi_2012 listassi_2014
      mentalstatus_tot_2004 mentalstatus_tot_2006 mentalstatus_tot_2008
      mentalstatus_tot_2010 mentalstatus_tot_2012 mentalstatus_tot_2014 proxy_2004
      proxy_2006 proxy_2008 proxy_2010 proxy_2012 proxy_2014 responded_2004
      responded_2006 responded_2008 responded_2010 responded_2012 responded_2014
      rmaritalst_2004 rmaritalst_2006 rmaritalst_2008 rmaritalst_2010 rmaritalst_2012
      rmaritalst_2014 rpartst_2004 rpartst_2006 rpartst_2008 rpartst_2010
      rpartst_2012 rpartst_2014 score_loneliness_11_2004 score_loneliness_11_2006
      score_loneliness_11_2008 score_loneliness_11_2010 score_loneliness_11_2012
      score_loneliness_11_2014 score_loneliness_3_2004 score_loneliness_3_2006
      score_loneliness_3_2008 score_loneliness_3_2010 score_loneliness_3_2012
      score_loneliness_3_2014 shhidpnr_2004 shhidpnr_2006 shhidpnr_2008 shhidpnr_2010
      shhidpnr_2012 shhidpnr_2014 snchild_2004 snchild_2006 snchild_2008 snchild_2010
      snchild_2012 snchild_2014 snfamily_2004 snfamily_2006 snfamily_2008
      snfamily_2010 snfamily_2012 snfamily_2014 snfriends_2004 snfriends_2006
      snfriends_2008 snfriends_2010 snfriends_2012 snfriends_2014 snspouse_2004
      snspouse_2006 snspouse_2008 snspouse_2010 snspouse_2012 snspouse_2014
      social_contact_total_2004 social_contact_total_2006 social_contact_total_2008
      social_contact_total_2010 social_contact_total_2012 social_contact_total_2014
      social_strain_mean_2004 social_strain_mean_2006 social_strain_mean_2008
      social_strain_mean_2010 social_strain_mean_2012 social_strain_mean_2014
      social_support_mean_2004 social_support_mean_2006 social_support_mean_2008
      social_support_mean_2010 social_support_mean_2012 social_support_mean_2014
      socialnetwork_total_2004 socialnetwork_total_2006 socialnetwork_total_2008
      socialnetwork_total_2010 socialnetwork_total_2012 socialnetwork_total_2014
      srmemory_2004 srmemory_2006 srmemory_2008 srmemory_2010 srmemory_2012
      srmemory_2014 srmemoryp_2004 srmemoryp_2006 srmemoryp_2008 srmemoryp_2010
      srmemoryp_2012 srmemoryp_2014 vocab_total_2004 vocab_total_2006 vocab_total_2008
      vocab_total_2010 vocab_total_2012 vocab_total_2014 wrectotd_2004 wrectotd_2006
      wrectotd_2008 wrectotd_2010 wrectotd_2012 wrectotd_2014 wrectoti_2004
      wrectoti_2006 wrectoti_2008 wrectoti_2010 wrectoti_2012 wrectoti_2014
  	;
  Missing are all(9999);
  USEVARIABLES are
  	!define the variables used in the analysis
  	!estimated time points
  a_01
  a_02
  a_03
  a_04
  a_05
  a_06
  	! covariates used in the model
   	;
  SUBPOPULATION are
  	!select a subset of observations

  memory_disease_ever EQ 0
  ;
  CLUSTER = hhid;
  DEFINE:
    ! centre baseline age
  a = age_baseline - 69;
  	! assign variables to the process (A)
  a_01=wrectoti_2004;
  a_02=wrectoti_2006;
  a_03=wrectoti_2008;
  a_04=wrectoti_2010;
  a_05=wrectoti_2012;
  a_06=wrectoti_2014;
  ANALYSIS:
  TYPE = COMPLEX RANDOM;
  COVERAGE=.00;
  H1ITERATIONS = 10000;
  MODEL:
  	!LGM
  	! assign process (A) to time points
  ia sa qa | a_01@0
  a_02@2
  a_03@4
  a_04@6
  a_05@8
  a_06@10 ;
  	! assign process (B) to time points
  qa@0
  	
  OUTPUT: SAMPSTAT MODINDICES (3.0); TECH1 TECH2 TECH3;;



*** WARNING in MODEL command
  All continuous latent variable covariances involving QA have been fixed to 0
  because the variance of QA is fixed at 0.
   1 WARNING(S) FOUND IN THE INPUT INSTRUCTIONS




LGM, quadratic

SUMMARY OF ANALYSIS

Number of groups                                                 1
Number of observations                                        9470

Number of dependent variables                                    6
Number of independent variables                                  0
Number of continuous latent variables                            3

Observed dependent variables

  Continuous
   A_01        A_02        A_03        A_04        A_05        A_06

Continuous latent variables
   IA          SA          QA

Variables with special functions

  Cluster variable      HHID

Estimator                                                      MLR
Information matrix                                        OBSERVED
Maximum number of iterations                                   100
Convergence criterion                                    0.100D-05
Maximum number of EM iterations                                500
Convergence criteria for the EM algorithm
  Loglikelihood change                                   0.100D-02
  Relative loglikelihood change                          0.100D-05
  Derivative                                             0.100D-03
Minimum variance                                         0.100D-03
Maximum number of steepest descent iterations                   20
Maximum number of iterations for H1                          10000
Convergence criterion for H1                             0.100D-03
Optimization algorithm                                         EMA

Input data file(s)
  wide-dataset-b.dat
Input data format  FREE


SUMMARY OF DATA

     Number of missing data patterns            62
     Number of clusters        7217



SAMPLE STATISTICS


     ESTIMATED SAMPLE STATISTICS


           Means
              A_01          A_02          A_03          A_04          A_05
              ________      ________      ________      ________      ________
 1              5.627         5.522         5.408         5.114         4.976


           Means
              A_06
              ________
 1              4.888


           Covariances
              A_01          A_02          A_03          A_04          A_05
              ________      ________      ________      ________      ________
 A_01           2.300
 A_02           1.118         2.435
 A_03           1.141         1.144         2.471
 A_04           1.082         1.248         1.195         2.741
 A_05           1.176         1.114         1.307         1.297         2.834
 A_06           1.115         1.332         1.267         1.468         1.417


           Covariances
              A_06
              ________
 A_06           2.957


           Correlations
              A_01          A_02          A_03          A_04          A_05
              ________      ________      ________      ________      ________
 A_01           1.000
 A_02           0.472         1.000
 A_03           0.479         0.466         1.000
 A_04           0.431         0.483         0.459         1.000
 A_05           0.461         0.424         0.494         0.465         1.000
 A_06           0.427         0.496         0.469         0.516         0.490


           Correlations
              A_06
              ________
 A_06           1.000


     MAXIMUM LOG-LIKELIHOOD VALUE FOR THE UNRESTRICTED (H1) MODEL IS -76746.295


UNIVARIATE SAMPLE STATISTICS


     UNIVARIATE HIGHER-ORDER MOMENT DESCRIPTIVE STATISTICS

         Variable/         Mean/     Skewness/   Minimum/ % with                Percentiles
        Sample Size      Variance    Kurtosis    Maximum  Min/Max      20%/60%    40%/80%    Median

     A_01                  5.450      -0.108       0.000    0.36%       4.000      5.000      5.000
            5496.000       2.255       0.367      10.000    0.38%       6.000      7.000
     A_02                  5.385      -0.031       0.000    0.27%       4.000      5.000      5.000
            6700.000       2.392       0.195      10.000    0.43%       6.000      7.000
     A_03                  5.327      -0.043       0.000    0.29%       4.000      5.000      5.000
            7629.000       2.445       0.150      10.000    0.34%       6.000      7.000
     A_04                  5.083      -0.165       0.000    0.94%       4.000      5.000      5.000
            8189.000       2.710       0.316      10.000    0.33%       5.000      6.000
     A_05                  5.026      -0.196       0.000    1.31%       4.000      5.000      5.000
            8117.000       2.787       0.407      10.000    0.32%       5.000      6.000
     A_06                  5.015      -0.109       0.000    0.97%       4.000      5.000      5.000
            7595.000       2.869       0.268      10.000    0.37%       5.000      6.000


THE MODEL ESTIMATION TERMINATED NORMALLY



MODEL FIT INFORMATION

Number of Free Parameters                       12

Loglikelihood

          H0 Value                      -76836.646
          H0 Scaling Correction Factor      1.3635
            for MLR
          H1 Value                      -76746.295
          H1 Scaling Correction Factor      1.2120
            for MLR

Information Criteria

          Akaike (AIC)                  153697.293
          Bayesian (BIC)                153783.164
          Sample-Size Adjusted BIC      153745.029
            (n* = (n + 2) / 24)

Chi-Square Test of Model Fit

          Value                            165.670*
          Degrees of Freedom                    15
          P-Value                           0.0000
          Scaling Correction Factor         1.0907
            for MLR

*   The chi-square value for MLM, MLMV, MLR, ULSMV, WLSM and WLSMV cannot be used
    for chi-square difference testing in the regular way.  MLM, MLR and WLSM
    chi-square difference testing is described on the Mplus website.  MLMV, WLSMV,
    and ULSMV difference testing is done using the DIFFTEST option.

RMSEA (Root Mean Square Error Of Approximation)

          Estimate                           0.033

CFI/TLI

          CFI                                0.984
          TLI                                0.984

Chi-Square Test of Model Fit for the Baseline Model

          Value                           9479.025
          Degrees of Freedom                    15
          P-Value                           0.0000

SRMR (Standardized Root Mean Square Residual)

          Value                              0.016



MODEL RESULTS

                                                    Two-Tailed
                    Estimate       S.E.  Est./S.E.    P-Value

 IA       |
    A_01               1.000      0.000    999.000    999.000
    A_02               1.000      0.000    999.000    999.000
    A_03               1.000      0.000    999.000    999.000
    A_04               1.000      0.000    999.000    999.000
    A_05               1.000      0.000    999.000    999.000
    A_06               1.000      0.000    999.000    999.000

 SA       |
    A_01               0.000      0.000    999.000    999.000
    A_02               2.000      0.000    999.000    999.000
    A_03               4.000      0.000    999.000    999.000
    A_04               6.000      0.000    999.000    999.000
    A_05               8.000      0.000    999.000    999.000
    A_06              10.000      0.000    999.000    999.000

 QA       |
    A_01               0.000      0.000    999.000    999.000
    A_02               4.000      0.000    999.000    999.000
    A_03              16.000      0.000    999.000    999.000
    A_04              36.000      0.000    999.000    999.000
    A_05              64.000      0.000    999.000    999.000
    A_06             100.000      0.000    999.000    999.000

 SA       WITH
    IA                 0.006      0.004      1.706      0.088

 Means
    IA                 5.663      0.018    307.903      0.000
    SA                -0.083      0.006    -13.322      0.000
    QA                 0.000      0.001      0.304      0.761

 Intercepts
    A_01               0.000      0.000    999.000    999.000
    A_02               0.000      0.000    999.000    999.000
    A_03               0.000      0.000    999.000    999.000
    A_04               0.000      0.000    999.000    999.000
    A_05               0.000      0.000    999.000    999.000
    A_06               0.000      0.000    999.000    999.000

 Variances
    IA                 1.096      0.034     31.879      0.000
    SA                 0.003      0.001      5.168      0.000
    QA                 0.000      0.000    999.000    999.000

 Residual Variances
    A_01               1.209      0.040     30.521      0.000
    A_02               1.280      0.034     37.910      0.000
    A_03               1.297      0.029     45.375      0.000
    A_04               1.450      0.037     38.965      0.000
    A_05               1.487      0.043     34.185      0.000
    A_06               1.401      0.039     35.928      0.000


QUALITY OF NUMERICAL RESULTS

     Condition Number for the Information Matrix              0.347E-03
       (ratio of smallest to largest eigenvalue)


MODEL MODIFICATION INDICES

NOTE:  Modification indices for direct effects of observed dependent variables
regressed on covariates may not be included.  To include these, request
MODINDICES (ALL).

Minimum M.I. value for printing the modification index     3.000

                                   M.I.     E.P.C.


BY Statements

IA       BY A_01                  19.875    -0.027
IA       BY A_03                  42.244     0.020
IA       BY A_04                  30.674    -0.017
IA       BY A_05                  11.476    -0.010
IA       BY A_06                  35.819     0.035
SA       BY A_01                  17.263     1.615
SA       BY A_03                  48.653    -1.410
SA       BY A_04                  38.119     1.270
SA       BY A_05                   5.826     0.490
SA       BY A_06                  24.580    -1.948
QA       BY A_03                  46.093   676.170
QA       BY A_04                  32.467  -573.764
QA       BY A_05                   9.975  -307.749

WITH Statements

A_03     WITH A_01                 3.873     0.046
A_04     WITH A_01                 7.026    -0.063
A_04     WITH A_02                 9.394     0.068
A_04     WITH A_03                 8.002    -0.060
A_05     WITH A_01                 9.067     0.080
A_05     WITH A_02                31.098    -0.133
A_05     WITH A_03                17.721     0.094
A_06     WITH A_01                 5.843    -0.074
A_06     WITH A_02                20.363     0.118
A_06     WITH A_03                 9.554    -0.074
A_06     WITH A_04                21.565     0.117
A_06     WITH A_05                 6.960    -0.084

Means/Intercepts/Thresholds

[ A_01     ]                      22.111    -0.163
[ A_03     ]                      46.093     0.119
[ A_04     ]                      32.467    -0.101
[ A_05     ]                       9.975    -0.054
[ A_06     ]                      32.667     0.194


TECHNICAL 1 OUTPUT


     PARAMETER SPECIFICATION


           NU
              A_01          A_02          A_03          A_04          A_05
              ________      ________      ________      ________      ________
 1                  0             0             0             0             0


           NU
              A_06
              ________
 1                  0


           LAMBDA
              IA            SA            QA
              ________      ________      ________
 A_01               0             0             0
 A_02               0             0             0
 A_03               0             0             0
 A_04               0             0             0
 A_05               0             0             0
 A_06               0             0             0


           THETA
              A_01          A_02          A_03          A_04          A_05
              ________      ________      ________      ________      ________
 A_01               1
 A_02               0             2
 A_03               0             0             3
 A_04               0             0             0             4
 A_05               0             0             0             0             5
 A_06               0             0             0             0             0


           THETA
              A_06
              ________
 A_06               6


           ALPHA
              IA            SA            QA
              ________      ________      ________
 1                  7             8             9


           BETA
              IA            SA            QA
              ________      ________      ________
 IA                 0             0             0
 SA                 0             0             0
 QA                 0             0             0


           PSI
              IA            SA            QA
              ________      ________      ________
 IA                10
 SA                11            12
 QA                 0             0             0


     STARTING VALUES


           NU
              A_01          A_02          A_03          A_04          A_05
              ________      ________      ________      ________      ________
 1              0.000         0.000         0.000         0.000         0.000


           NU
              A_06
              ________
 1              0.000


           LAMBDA
              IA            SA            QA
              ________      ________      ________
 A_01           1.000         0.000         0.000
 A_02           1.000         2.000         4.000
 A_03           1.000         4.000        16.000
 A_04           1.000         6.000        36.000
 A_05           1.000         8.000        64.000
 A_06           1.000        10.000       100.000


           THETA
              A_01          A_02          A_03          A_04          A_05
              ________      ________      ________      ________      ________
 A_01           1.127
 A_02           0.000         1.196
 A_03           0.000         0.000         1.223
 A_04           0.000         0.000         0.000         1.355
 A_05           0.000         0.000         0.000         0.000         1.394
 A_06           0.000         0.000         0.000         0.000         0.000


           THETA
              A_06
              ________
 A_06           1.434


           ALPHA
              IA            SA            QA
              ________      ________      ________
 1              5.220        -0.048        -0.013


           BETA
              IA            SA            QA
              ________      ________      ________
 IA             0.000         0.000         0.000
 SA             0.000         0.000         0.000
 QA             0.000         0.000         0.000


           PSI
              IA            SA            QA
              ________      ________      ________
 IA             2.626
 SA             0.000         0.751
 QA             0.000         0.000         0.000


TECHNICAL 2 OUTPUT


     DERIVATIVES


           Derivatives With Respect to NU
              A_01          A_02          A_03          A_04          A_05
              ________      ________      ________      ________      ________
 1          0.000E+00     0.000E+00     0.000E+00     0.000E+00     0.000E+00


           Derivatives With Respect to NU
              A_06
              ________
 1          0.000E+00


           Derivatives With Respect to LAMBDA
              IA            SA            QA
              ________      ________      ________
 A_01       0.000E+00     0.000E+00     0.000E+00
 A_02       0.000E+00     0.000E+00     0.000E+00
 A_03       0.000E+00     0.000E+00     0.000E+00
 A_04       0.000E+00     0.000E+00     0.000E+00
 A_05       0.000E+00     0.000E+00     0.000E+00
 A_06       0.000E+00     0.000E+00     0.000E+00


           Derivatives With Respect to THETA
              A_01          A_02          A_03          A_04          A_05
              ________      ________      ________      ________      ________
 A_01      -0.174E-06
 A_02       0.000E+00    -0.603E-08
 A_03       0.000E+00     0.000E+00     0.227E-07
 A_04       0.000E+00     0.000E+00     0.000E+00     0.201E-07
 A_05       0.000E+00     0.000E+00     0.000E+00     0.000E+00    -0.826E-07
 A_06       0.000E+00     0.000E+00     0.000E+00     0.000E+00     0.000E+00


           Derivatives With Respect to THETA
              A_06
              ________
 A_06      -0.255E-06


           Derivatives With Respect to ALPHA
              IA            SA            QA
              ________      ________      ________
 1          0.498E-06    -0.710E-05    -0.612E-04


           Derivatives With Respect to BETA
              IA            SA            QA
              ________      ________      ________
 IA         0.000E+00     0.000E+00     0.000E+00
 SA         0.000E+00     0.000E+00     0.000E+00
 QA         0.000E+00     0.000E+00     0.000E+00


           Derivatives With Respect to PSI
              IA            SA            QA
              ________      ________      ________
 IA         0.291E-06
 SA         0.203E-05    -0.800E-04
 QA         0.000E+00     0.000E+00     0.000E+00


TECHNICAL 3 OUTPUT


           ESTIMATED COVARIANCE MATRIX FOR PARAMETER ESTIMATES
                     1             2             3             4             5
              ________      ________      ________      ________      ________
        1   0.156944D-02
        2   0.135926D-03  0.113954D-02
        3   0.683030D-04  0.293581D-04  0.817047D-03
        4   0.258400D-04  0.732860D-04 -0.249350D-04  0.138552D-02
        5   0.442939D-04 -0.615426D-04  0.819700D-04 -0.575011D-04  0.189188D-02
        6   0.161457D-03  0.102385D-03 -0.530052D-05  0.884633D-04  0.718531D-04
        7   0.108104D-05 -0.161980D-04  0.935100D-05  0.322781D-04  0.413227D-04
        8   0.618341D-05  0.737258D-05 -0.840893D-05 -0.181742D-04 -0.113525D-04
        9  -0.608866D-06 -0.450628D-06  0.963145D-06  0.183373D-05  0.735183D-06
       10  -0.398860D-03 -0.226637D-03 -0.102588D-03 -0.323478D-04 -0.417408D-05
       11   0.539314D-04  0.224004D-04  0.727517D-05 -0.194316D-05  0.798304D-06
       12  -0.767825D-05 -0.244165D-05 -0.470205D-06 -0.578391D-06 -0.282494D-05


           ESTIMATED COVARIANCE MATRIX FOR PARAMETER ESTIMATES
                     6             7             8             9            10
              ________      ________      ________      ________      ________
        6   0.152141D-02
        7   0.355923D-04  0.338326D-03
        8   0.497734D-06 -0.694214D-04  0.383521D-04
        9  -0.754514D-06  0.520550D-05 -0.341266D-05  0.335362D-06
       10  -0.576163D-04  0.168428D-04 -0.110162D-04  0.728900D-06  0.118148D-02
       11   0.225360D-04  0.263402D-05 -0.173028D-06 -0.116909D-07 -0.797769D-04
       12  -0.869592D-05 -0.134273D-05  0.315526D-06 -0.260500D-07  0.628423D-05


           ESTIMATED COVARIANCE MATRIX FOR PARAMETER ESTIMATES
                    11            12
              ________      ________
       11   0.123852D-04
       12  -0.154656D-05  0.364593D-06


           ESTIMATED CORRELATION MATRIX FOR PARAMETER ESTIMATES
                     1             2             3             4             5
              ________      ________      ________      ________      ________
        1       1.000
        2       0.102         1.000
        3       0.060         0.030         1.000
        4       0.018         0.058        -0.023         1.000
        5       0.026        -0.042         0.066        -0.036         1.000
        6       0.104         0.078        -0.005         0.061         0.042
        7       0.001        -0.026         0.018         0.047         0.052
        8       0.025         0.035        -0.048        -0.079        -0.042
        9      -0.027        -0.023         0.058         0.085         0.029
       10      -0.293        -0.195        -0.104        -0.025        -0.003
       11       0.387         0.189         0.072        -0.015         0.005
       12      -0.321        -0.120        -0.027        -0.026        -0.108


           ESTIMATED CORRELATION MATRIX FOR PARAMETER ESTIMATES
                     6             7             8             9            10
              ________      ________      ________      ________      ________
        6       1.000
        7       0.050         1.000
        8       0.002        -0.609         1.000
        9      -0.033         0.489        -0.952         1.000
       10      -0.043         0.027        -0.052         0.037         1.000
       11       0.164         0.041        -0.008        -0.006        -0.659
       12      -0.369        -0.121         0.084        -0.074         0.303


           ESTIMATED CORRELATION MATRIX FOR PARAMETER ESTIMATES
                    11            12
              ________      ________
       11       1.000
       12      -0.728         1.000


     Beginning Time:  12:33:12
        Ending Time:  12:33:21
       Elapsed Time:  00:00:09



MUTHEN & MUTHEN
3463 Stoner Ave.
Los Angeles, CA  90066

Tel: (310) 391-9971
Fax: (310) 391-8971
Web: www.StatModel.com
Support: Support@StatModel.com

Copyright (c) 1998-2015 Muthen & Muthen
