Mplus VERSION 7.4 (Mac)
MUTHEN & MUTHEN
07/11/2017  12:34 PM

INPUT INSTRUCTIONS

  TITLE:
  ALT, fixed regressions
  DATA:
  File = wide-dataset-b.dat ;
  VARIABLE:
  NAMES are
   id hhid male birthyr_rand birthmo_rand race_rand hispanic_rand cohort
      raedyrs raedegrm memoryproblems_baseline memory_disease_ever age_baseline
      age_baseline_65 health_conditions_baseline healthcond_mean activity_mean_2004
      activity_mean_2006 activity_mean_2008 activity_mean_2010 activity_mean_2012
      activity_mean_2014 activity_sum_2004 activity_sum_2006 activity_sum_2008
      activity_sum_2010 activity_sum_2012 activity_sum_2014 close_social_network_2004
      close_social_network_2006 close_social_network_2008 close_social_network_2010
      close_social_network_2012 close_social_network_2014 countb20r_2004
      countb20r_2006 countb20r_2008 countb20r_2010 countb20r_2012 countb20r_2014
      crp_adj_2004 crp_adj_2006 crp_adj_2008 crp_adj_2010 crp_adj_2012 crp_adj_2014
      dep_total_2004 dep_total_2006 dep_total_2008 dep_total_2010 dep_total_2012
      dep_total_2014 exercise_2004 exercise_2006 exercise_2008 exercise_2010
      exercise_2012 exercise_2014 healthcond_2004 healthcond_2006 healthcond_2008
      healthcond_2010 healthcond_2012 healthcond_2014 hhres_2004 hhres_2006
      hhres_2008 hhres_2010 hhres_2012 hhres_2014 hrs_tscore_2004 hrs_tscore_2006
      hrs_tscore_2008 hrs_tscore_2010 hrs_tscore_2012 hrs_tscore_2014 intage_r_2004
      intage_r_2006 intage_r_2008 intage_r_2010 intage_r_2012 intage_r_2014
      interview_date_2004 interview_date_2006 interview_date_2008 interview_date_2010
      interview_date_2012 interview_date_2014 lb_65_wave_2004 lb_65_wave_2006
      lb_65_wave_2008 lb_65_wave_2010 lb_65_wave_2012 lb_65_wave_2014 lb_wave_2004
      lb_wave_2006 lb_wave_2008 lb_wave_2010 lb_wave_2012 lb_wave_2014 listassi_2004
      listassi_2006 listassi_2008 listassi_2010 listassi_2012 listassi_2014
      mentalstatus_tot_2004 mentalstatus_tot_2006 mentalstatus_tot_2008
      mentalstatus_tot_2010 mentalstatus_tot_2012 mentalstatus_tot_2014 proxy_2004
      proxy_2006 proxy_2008 proxy_2010 proxy_2012 proxy_2014 responded_2004
      responded_2006 responded_2008 responded_2010 responded_2012 responded_2014
      rmaritalst_2004 rmaritalst_2006 rmaritalst_2008 rmaritalst_2010 rmaritalst_2012
      rmaritalst_2014 rpartst_2004 rpartst_2006 rpartst_2008 rpartst_2010
      rpartst_2012 rpartst_2014 score_loneliness_11_2004 score_loneliness_11_2006
      score_loneliness_11_2008 score_loneliness_11_2010 score_loneliness_11_2012
      score_loneliness_11_2014 score_loneliness_3_2004 score_loneliness_3_2006
      score_loneliness_3_2008 score_loneliness_3_2010 score_loneliness_3_2012
      score_loneliness_3_2014 shhidpnr_2004 shhidpnr_2006 shhidpnr_2008 shhidpnr_2010
      shhidpnr_2012 shhidpnr_2014 snchild_2004 snchild_2006 snchild_2008 snchild_2010
      snchild_2012 snchild_2014 snfamily_2004 snfamily_2006 snfamily_2008
      snfamily_2010 snfamily_2012 snfamily_2014 snfriends_2004 snfriends_2006
      snfriends_2008 snfriends_2010 snfriends_2012 snfriends_2014 snspouse_2004
      snspouse_2006 snspouse_2008 snspouse_2010 snspouse_2012 snspouse_2014
      social_contact_total_2004 social_contact_total_2006 social_contact_total_2008
      social_contact_total_2010 social_contact_total_2012 social_contact_total_2014
      social_strain_mean_2004 social_strain_mean_2006 social_strain_mean_2008
      social_strain_mean_2010 social_strain_mean_2012 social_strain_mean_2014
      social_support_mean_2004 social_support_mean_2006 social_support_mean_2008
      social_support_mean_2010 social_support_mean_2012 social_support_mean_2014
      socialnetwork_total_2004 socialnetwork_total_2006 socialnetwork_total_2008
      socialnetwork_total_2010 socialnetwork_total_2012 socialnetwork_total_2014
      srmemory_2004 srmemory_2006 srmemory_2008 srmemory_2010 srmemory_2012
      srmemory_2014 srmemoryp_2004 srmemoryp_2006 srmemoryp_2008 srmemoryp_2010
      srmemoryp_2012 srmemoryp_2014 vocab_total_2004 vocab_total_2006 vocab_total_2008
      vocab_total_2010 vocab_total_2012 vocab_total_2014 wrectotd_2004 wrectotd_2006
      wrectotd_2008 wrectotd_2010 wrectotd_2012 wrectotd_2014 wrectoti_2004
      wrectoti_2006 wrectoti_2008 wrectoti_2010 wrectoti_2012 wrectoti_2014
  	;
  Missing are all(9999);
  USEVARIABLES are
  	!define the variables used in the analysis
  	!estimated time points
  a_01
  a_02
  a_03
  a_04
  a_05
  a_06
  	! covariates used in the model
   	;
  SUBPOPULATION are
  	!select a subset of observations

  memory_disease_ever EQ 0
  ;
  CLUSTER = hhid;
  DEFINE:
    ! centre baseline age
  a = age_baseline - 69;
  	! assign variables to the process (A)
  a_01=wrectoti_2004;
  a_02=wrectoti_2006;
  a_03=wrectoti_2008;
  a_04=wrectoti_2010;
  a_05=wrectoti_2012;
  a_06=wrectoti_2014;
  ANALYSIS:
  TYPE = COMPLEX RANDOM;
  COVERAGE=.00;
  H1ITERATIONS = 10000;
  MODEL:
  	!LGM part
  	! assign process (A) to time points
  ia sa | a_01@0
  a_02@2
  a_03@4
  a_04@6
  a_05@8
  a_06@10 ;
  	!autoregressive part
  a_01;
  a_02 ON a_01(1);
  a_03 ON a_02(1);
  a_04 ON a_03(1);
  a_05 ON a_04(1);
  a_06 ON a_05(1);
  	
  OUTPUT: SAMPSTAT MODINDICES (3.0); TECH1 TECH2 TECH3;;



INPUT READING TERMINATED NORMALLY




ALT, fixed regressions

SUMMARY OF ANALYSIS

Number of groups                                                 1
Number of observations                                        9470

Number of dependent variables                                    6
Number of independent variables                                  0
Number of continuous latent variables                            2

Observed dependent variables

  Continuous
   A_01        A_02        A_03        A_04        A_05        A_06

Continuous latent variables
   IA          SA

Variables with special functions

  Cluster variable      HHID

Estimator                                                      MLR
Information matrix                                        OBSERVED
Maximum number of iterations                                   100
Convergence criterion                                    0.100D-05
Maximum number of EM iterations                                500
Convergence criteria for the EM algorithm
  Loglikelihood change                                   0.100D-02
  Relative loglikelihood change                          0.100D-05
  Derivative                                             0.100D-03
Minimum variance                                         0.100D-03
Maximum number of steepest descent iterations                   20
Maximum number of iterations for H1                          10000
Convergence criterion for H1                             0.100D-03
Optimization algorithm                                         EMA

Input data file(s)
  wide-dataset-b.dat
Input data format  FREE


SUMMARY OF DATA

     Number of missing data patterns            62
     Number of clusters        7217



SAMPLE STATISTICS


     ESTIMATED SAMPLE STATISTICS


           Means
              A_01          A_02          A_03          A_04          A_05
              ________      ________      ________      ________      ________
 1              5.627         5.522         5.408         5.114         4.976


           Means
              A_06
              ________
 1              4.888


           Covariances
              A_01          A_02          A_03          A_04          A_05
              ________      ________      ________      ________      ________
 A_01           2.300
 A_02           1.118         2.435
 A_03           1.141         1.144         2.471
 A_04           1.082         1.248         1.195         2.741
 A_05           1.176         1.114         1.307         1.297         2.834
 A_06           1.115         1.332         1.267         1.468         1.417


           Covariances
              A_06
              ________
 A_06           2.957


           Correlations
              A_01          A_02          A_03          A_04          A_05
              ________      ________      ________      ________      ________
 A_01           1.000
 A_02           0.472         1.000
 A_03           0.479         0.466         1.000
 A_04           0.431         0.483         0.459         1.000
 A_05           0.461         0.424         0.494         0.465         1.000
 A_06           0.427         0.496         0.469         0.516         0.490


           Correlations
              A_06
              ________
 A_06           1.000


     MAXIMUM LOG-LIKELIHOOD VALUE FOR THE UNRESTRICTED (H1) MODEL IS -76746.295


UNIVARIATE SAMPLE STATISTICS


     UNIVARIATE HIGHER-ORDER MOMENT DESCRIPTIVE STATISTICS

         Variable/         Mean/     Skewness/   Minimum/ % with                Percentiles
        Sample Size      Variance    Kurtosis    Maximum  Min/Max      20%/60%    40%/80%    Median

     A_01                  5.450      -0.108       0.000    0.36%       4.000      5.000      5.000
            5496.000       2.255       0.367      10.000    0.38%       6.000      7.000
     A_02                  5.385      -0.031       0.000    0.27%       4.000      5.000      5.000
            6700.000       2.392       0.195      10.000    0.43%       6.000      7.000
     A_03                  5.327      -0.043       0.000    0.29%       4.000      5.000      5.000
            7629.000       2.445       0.150      10.000    0.34%       6.000      7.000
     A_04                  5.083      -0.165       0.000    0.94%       4.000      5.000      5.000
            8189.000       2.710       0.316      10.000    0.33%       5.000      6.000
     A_05                  5.026      -0.196       0.000    1.31%       4.000      5.000      5.000
            8117.000       2.787       0.407      10.000    0.32%       5.000      6.000
     A_06                  5.015      -0.109       0.000    0.97%       4.000      5.000      5.000
            7595.000       2.869       0.268      10.000    0.37%       5.000      6.000


THE MODEL ESTIMATION TERMINATED NORMALLY



MODEL FIT INFORMATION

Number of Free Parameters                       12

Loglikelihood

          H0 Value                      -76836.251
          H0 Scaling Correction Factor      1.3682
            for MLR
          H1 Value                      -76746.295
          H1 Scaling Correction Factor      1.2120
            for MLR

Information Criteria

          Akaike (AIC)                  153696.501
          Bayesian (BIC)                153782.372
          Sample-Size Adjusted BIC      153744.238
            (n* = (n + 2) / 24)

Chi-Square Test of Model Fit

          Value                            165.517*
          Degrees of Freedom                    15
          P-Value                           0.0000
          Scaling Correction Factor         1.0870
            for MLR

*   The chi-square value for MLM, MLMV, MLR, ULSMV, WLSM and WLSMV cannot be used
    for chi-square difference testing in the regular way.  MLM, MLR and WLSM
    chi-square difference testing is described on the Mplus website.  MLMV, WLSMV,
    and ULSMV difference testing is done using the DIFFTEST option.

RMSEA (Root Mean Square Error Of Approximation)

          Estimate                           0.033

CFI/TLI

          CFI                                0.984
          TLI                                0.984

Chi-Square Test of Model Fit for the Baseline Model

          Value                           9479.025
          Degrees of Freedom                    15
          P-Value                           0.0000

SRMR (Standardized Root Mean Square Residual)

          Value                              0.017



MODEL RESULTS

                                                    Two-Tailed
                    Estimate       S.E.  Est./S.E.    P-Value

 IA       |
    A_01               1.000      0.000    999.000    999.000
    A_02               1.000      0.000    999.000    999.000
    A_03               1.000      0.000    999.000    999.000
    A_04               1.000      0.000    999.000    999.000
    A_05               1.000      0.000    999.000    999.000
    A_06               1.000      0.000    999.000    999.000

 SA       |
    A_01               0.000      0.000    999.000    999.000
    A_02               2.000      0.000    999.000    999.000
    A_03               4.000      0.000    999.000    999.000
    A_04               6.000      0.000    999.000    999.000
    A_05               8.000      0.000    999.000    999.000
    A_06              10.000      0.000    999.000    999.000

 A_02       ON
    A_01               0.003      0.003      0.919      0.358

 A_03       ON
    A_02               0.003      0.003      0.919      0.358

 A_04       ON
    A_03               0.003      0.003      0.919      0.358

 A_05       ON
    A_04               0.003      0.003      0.919      0.358

 A_06       ON
    A_05               0.003      0.003      0.919      0.358

 SA       WITH
    IA                 0.006      0.004      1.817      0.069

 Means
    IA                 5.651      0.019    293.273      0.000
    SA                -0.082      0.002    -37.734      0.000

 Intercepts
    A_01               0.000      0.000    999.000    999.000
    A_02               0.000      0.000    999.000    999.000
    A_03               0.000      0.000    999.000    999.000
    A_04               0.000      0.000    999.000    999.000
    A_05               0.000      0.000    999.000    999.000
    A_06               0.000      0.000    999.000    999.000

 Variances
    IA                 1.086      0.036     30.511      0.000
    SA                 0.003      0.001      4.856      0.000

 Residual Variances
    A_01               1.213      0.040     30.026      0.000
    A_02               1.282      0.034     37.923      0.000
    A_03               1.298      0.029     45.436      0.000
    A_04               1.453      0.037     38.914      0.000
    A_05               1.490      0.044     33.991      0.000
    A_06               1.405      0.040     35.576      0.000


QUALITY OF NUMERICAL RESULTS

     Condition Number for the Information Matrix              0.371E-03
       (ratio of smallest to largest eigenvalue)


MODEL MODIFICATION INDICES

NOTE:  Modification indices for direct effects of observed dependent variables
regressed on covariates may not be included.  To include these, request
MODINDICES (ALL).

Minimum M.I. value for printing the modification index     3.000

                                   M.I.     E.P.C.


ON/BY Statements

A_01     ON IA       /
IA       BY A_01                  26.650    -0.056
A_01     ON SA       /
SA       BY A_01                  11.802     1.789
A_03     ON IA       /
IA       BY A_03                  32.102     0.016
A_03     ON SA       /
SA       BY A_03                  37.303    -1.175
A_04     ON IA       /
IA       BY A_04                  27.205    -0.014
A_04     ON SA       /
SA       BY A_04                  33.409     1.076
A_05     ON IA       /
IA       BY A_05                  11.153    -0.010
A_05     ON SA       /
SA       BY A_05                   5.502     0.480
A_06     ON IA       /
IA       BY A_06                  21.545     0.018
A_06     ON SA       /
SA       BY A_06                  14.986    -1.030

ON Statements

IA       ON A_06                   3.573     0.037
SA       ON A_04                   7.518     0.005
SA       ON A_05                  11.677    -0.008
A_01     ON A_01                  26.650    -0.056
A_01     ON A_02                  18.093    -0.040
A_01     ON A_03                  15.755    -0.047
A_01     ON A_04                  36.117    -0.060
A_01     ON A_05                   6.032    -0.023
A_01     ON A_06                  23.515    -0.044
A_02     ON A_04                   4.326     0.008
A_02     ON A_06                   5.555     0.010
A_03     ON A_01                  34.101     0.016
A_03     ON A_02                  28.317     0.008
A_03     ON A_03                  31.399     0.017
A_03     ON A_04                  23.466     0.015
A_03     ON A_05                  38.373     0.019
A_03     ON A_06                  22.387     0.015
A_04     ON A_01                  30.206    -0.015
A_04     ON A_02                  20.867    -0.013
A_04     ON A_03                  31.254    -0.013
A_04     ON A_04                  26.250    -0.015
A_04     ON A_05                  27.711    -0.016
A_04     ON A_06                  16.609    -0.013
A_05     ON A_01                   8.367    -0.009
A_05     ON A_02                  17.488    -0.013
A_05     ON A_03                   6.455    -0.008
A_05     ON A_04                  13.112    -0.012
A_05     ON A_05                  11.849    -0.011
A_05     ON A_06                  14.601    -0.013
A_06     ON A_01                  17.152     0.016
A_06     ON A_02                  29.250     0.021
A_06     ON A_03                  15.081     0.016
A_06     ON A_04                  33.150     0.024
A_06     ON A_05                  15.986     0.022
A_06     ON A_06                  22.252     0.022

WITH Statements

A_03     WITH A_01                 4.838     0.053
A_04     WITH SA                   7.536     0.007
A_04     WITH A_01                 7.056    -0.064
A_04     WITH A_02                10.318     0.071
A_04     WITH A_03                 9.466    -0.066
A_05     WITH SA                  11.705    -0.012
A_05     WITH A_01                 8.694     0.078
A_05     WITH A_02                30.220    -0.132
A_05     WITH A_03                19.325     0.099
A_06     WITH IA                   3.579     0.052
A_06     WITH A_01                 6.708    -0.080
A_06     WITH A_02                20.920     0.119
A_06     WITH A_03                 9.075    -0.072
A_06     WITH A_04                23.925     0.125
A_06     WITH A_05                 7.770    -0.089

Means/Intercepts/Thresholds

[ A_01     ]                      23.804    -0.272
[ A_03     ]                      34.817     0.097
[ A_04     ]                      28.491    -0.084
[ A_05     ]                       9.631    -0.053
[ A_06     ]                      19.080     0.098


TECHNICAL 1 OUTPUT


     PARAMETER SPECIFICATION


           NU
              A_01          A_02          A_03          A_04          A_05
              ________      ________      ________      ________      ________
 1                  0             0             0             0             0


           NU
              A_06
              ________
 1                  0


           LAMBDA
              IA            SA            A_01          A_02          A_03
              ________      ________      ________      ________      ________
 A_01               0             0             0             0             0
 A_02               0             0             0             0             0
 A_03               0             0             0             0             0
 A_04               0             0             0             0             0
 A_05               0             0             0             0             0
 A_06               0             0             0             0             0


           LAMBDA
              A_04          A_05          A_06
              ________      ________      ________
 A_01               0             0             0
 A_02               0             0             0
 A_03               0             0             0
 A_04               0             0             0
 A_05               0             0             0
 A_06               0             0             0


           THETA
              A_01          A_02          A_03          A_04          A_05
              ________      ________      ________      ________      ________
 A_01               0
 A_02               0             0
 A_03               0             0             0
 A_04               0             0             0             0
 A_05               0             0             0             0             0
 A_06               0             0             0             0             0


           THETA
              A_06
              ________
 A_06               0


           ALPHA
              IA            SA            A_01          A_02          A_03
              ________      ________      ________      ________      ________
 1                  1             2             0             0             0


           ALPHA
              A_04          A_05          A_06
              ________      ________      ________
 1                  0             0             0


           BETA
              IA            SA            A_01          A_02          A_03
              ________      ________      ________      ________      ________
 IA                 0             0             0             0             0
 SA                 0             0             0             0             0
 A_01               0             0             0             0             0
 A_02               0             0             3             0             0
 A_03               0             0             0             3             0
 A_04               0             0             0             0             3
 A_05               0             0             0             0             0
 A_06               0             0             0             0             0


           BETA
              A_04          A_05          A_06
              ________      ________      ________
 IA                 0             0             0
 SA                 0             0             0
 A_01               0             0             0
 A_02               0             0             0
 A_03               0             0             0
 A_04               0             0             0
 A_05               3             0             0
 A_06               0             3             0


           PSI
              IA            SA            A_01          A_02          A_03
              ________      ________      ________      ________      ________
 IA                 4
 SA                 5             6
 A_01               0             0             7
 A_02               0             0             0             8
 A_03               0             0             0             0             9
 A_04               0             0             0             0             0
 A_05               0             0             0             0             0
 A_06               0             0             0             0             0


           PSI
              A_04          A_05          A_06
              ________      ________      ________
 A_04              10
 A_05               0            11
 A_06               0             0            12


     STARTING VALUES


           NU
              A_01          A_02          A_03          A_04          A_05
              ________      ________      ________      ________      ________
 1              0.000         0.000         0.000         0.000         0.000


           NU
              A_06
              ________
 1              0.000


           LAMBDA
              IA            SA            A_01          A_02          A_03
              ________      ________      ________      ________      ________
 A_01           0.000         0.000         1.000         0.000         0.000
 A_02           0.000         0.000         0.000         1.000         0.000
 A_03           0.000         0.000         0.000         0.000         1.000
 A_04           0.000         0.000         0.000         0.000         0.000
 A_05           0.000         0.000         0.000         0.000         0.000
 A_06           0.000         0.000         0.000         0.000         0.000


           LAMBDA
              A_04          A_05          A_06
              ________      ________      ________
 A_01           0.000         0.000         0.000
 A_02           0.000         0.000         0.000
 A_03           0.000         0.000         0.000
 A_04           1.000         0.000         0.000
 A_05           0.000         1.000         0.000
 A_06           0.000         0.000         1.000


           THETA
              A_01          A_02          A_03          A_04          A_05
              ________      ________      ________      ________      ________
 A_01           0.000
 A_02           0.000         0.000
 A_03           0.000         0.000         0.000
 A_04           0.000         0.000         0.000         0.000
 A_05           0.000         0.000         0.000         0.000         0.000
 A_06           0.000         0.000         0.000         0.000         0.000


           THETA
              A_06
              ________
 A_06           0.000


           ALPHA
              IA            SA            A_01          A_02          A_03
              ________      ________      ________      ________      ________
 1              5.422        -0.108         0.000         0.000         0.000


           ALPHA
              A_04          A_05          A_06
              ________      ________      ________
 1              0.000         0.000         0.000


           BETA
              IA            SA            A_01          A_02          A_03
              ________      ________      ________      ________      ________
 IA             0.000         0.000         0.000         0.000         0.000
 SA             0.000         0.000         0.000         0.000         0.000
 A_01           1.000         0.000         0.000         0.000         0.000
 A_02           1.000         2.000         0.000         0.000         0.000
 A_03           1.000         4.000         0.000         0.000         0.000
 A_04           1.000         6.000         0.000         0.000         0.000
 A_05           1.000         8.000         0.000         0.000         0.000
 A_06           1.000        10.000         0.000         0.000         0.000


           BETA
              A_04          A_05          A_06
              ________      ________      ________
 IA             0.000         0.000         0.000
 SA             0.000         0.000         0.000
 A_01           0.000         0.000         0.000
 A_02           0.000         0.000         0.000
 A_03           0.000         0.000         0.000
 A_04           0.000         0.000         0.000
 A_05           0.000         0.000         0.000
 A_06           0.000         0.000         0.000


           PSI
              IA            SA            A_01          A_02          A_03
              ________      ________      ________      ________      ________
 IA             2.225
 SA             0.000         0.057
 A_01           0.000         0.000         1.127
 A_02           0.000         0.000         0.000         1.196
 A_03           0.000         0.000         0.000         0.000         1.223
 A_04           0.000         0.000         0.000         0.000         0.000
 A_05           0.000         0.000         0.000         0.000         0.000
 A_06           0.000         0.000         0.000         0.000         0.000


           PSI
              A_04          A_05          A_06
              ________      ________      ________
 A_04           1.355
 A_05           0.000         1.394
 A_06           0.000         0.000         1.434


TECHNICAL 2 OUTPUT


     DERIVATIVES


           Derivatives With Respect to NU
              A_01          A_02          A_03          A_04          A_05
              ________      ________      ________      ________      ________
 1          0.000E+00     0.000E+00     0.000E+00     0.000E+00     0.000E+00


           Derivatives With Respect to NU
              A_06
              ________
 1          0.000E+00


           Derivatives With Respect to LAMBDA
              IA            SA            A_01          A_02          A_03
              ________      ________      ________      ________      ________
 A_01       0.000E+00     0.000E+00     0.000E+00     0.000E+00     0.000E+00
 A_02       0.000E+00     0.000E+00     0.000E+00     0.000E+00     0.000E+00
 A_03       0.000E+00     0.000E+00     0.000E+00     0.000E+00     0.000E+00
 A_04       0.000E+00     0.000E+00     0.000E+00     0.000E+00     0.000E+00
 A_05       0.000E+00     0.000E+00     0.000E+00     0.000E+00     0.000E+00
 A_06       0.000E+00     0.000E+00     0.000E+00     0.000E+00     0.000E+00


           Derivatives With Respect to LAMBDA
              A_04          A_05          A_06
              ________      ________      ________
 A_01       0.000E+00     0.000E+00     0.000E+00
 A_02       0.000E+00     0.000E+00     0.000E+00
 A_03       0.000E+00     0.000E+00     0.000E+00
 A_04       0.000E+00     0.000E+00     0.000E+00
 A_05       0.000E+00     0.000E+00     0.000E+00
 A_06       0.000E+00     0.000E+00     0.000E+00


           Derivatives With Respect to THETA
              A_01          A_02          A_03          A_04          A_05
              ________      ________      ________      ________      ________
 A_01       0.000E+00
 A_02       0.000E+00     0.000E+00
 A_03       0.000E+00     0.000E+00     0.000E+00
 A_04       0.000E+00     0.000E+00     0.000E+00     0.000E+00
 A_05       0.000E+00     0.000E+00     0.000E+00     0.000E+00     0.000E+00
 A_06       0.000E+00     0.000E+00     0.000E+00     0.000E+00     0.000E+00


           Derivatives With Respect to THETA
              A_06
              ________
 A_06       0.000E+00


           Derivatives With Respect to ALPHA
              IA            SA            A_01          A_02          A_03
              ________      ________      ________      ________      ________
 1          0.383E-06    -0.581E-05     0.000E+00     0.000E+00     0.000E+00


           Derivatives With Respect to ALPHA
              A_04          A_05          A_06
              ________      ________      ________
 1          0.000E+00     0.000E+00     0.000E+00


           Derivatives With Respect to BETA
              IA            SA            A_01          A_02          A_03
              ________      ________      ________      ________      ________
 IA         0.000E+00     0.000E+00     0.000E+00     0.000E+00     0.000E+00
 SA         0.000E+00     0.000E+00     0.000E+00     0.000E+00     0.000E+00
 A_01       0.000E+00     0.000E+00     0.000E+00     0.000E+00     0.000E+00
 A_02       0.000E+00     0.000E+00    -0.486E-05     0.000E+00     0.000E+00
 A_03       0.000E+00     0.000E+00     0.000E+00    -0.486E-05     0.000E+00
 A_04       0.000E+00     0.000E+00     0.000E+00     0.000E+00    -0.486E-05
 A_05       0.000E+00     0.000E+00     0.000E+00     0.000E+00     0.000E+00
 A_06       0.000E+00     0.000E+00     0.000E+00     0.000E+00     0.000E+00


           Derivatives With Respect to BETA
              A_04          A_05          A_06
              ________      ________      ________
 IA         0.000E+00     0.000E+00     0.000E+00
 SA         0.000E+00     0.000E+00     0.000E+00
 A_01       0.000E+00     0.000E+00     0.000E+00
 A_02       0.000E+00     0.000E+00     0.000E+00
 A_03       0.000E+00     0.000E+00     0.000E+00
 A_04       0.000E+00     0.000E+00     0.000E+00
 A_05      -0.486E-05     0.000E+00     0.000E+00
 A_06       0.000E+00    -0.486E-05     0.000E+00


           Derivatives With Respect to PSI
              IA            SA            A_01          A_02          A_03
              ________      ________      ________      ________      ________
 IA         0.224E-06
 SA         0.219E-05    -0.613E-04
 A_01       0.000E+00     0.000E+00    -0.163E-06
 A_02       0.000E+00     0.000E+00     0.000E+00     0.336E-08
 A_03       0.000E+00     0.000E+00     0.000E+00     0.000E+00     0.981E-08
 A_04       0.000E+00     0.000E+00     0.000E+00     0.000E+00     0.000E+00
 A_05       0.000E+00     0.000E+00     0.000E+00     0.000E+00     0.000E+00
 A_06       0.000E+00     0.000E+00     0.000E+00     0.000E+00     0.000E+00


           Derivatives With Respect to PSI
              A_04          A_05          A_06
              ________      ________      ________
 A_04       0.945E-08
 A_05       0.000E+00    -0.711E-07
 A_06       0.000E+00     0.000E+00    -0.210E-06


TECHNICAL 3 OUTPUT


           ESTIMATED COVARIANCE MATRIX FOR PARAMETER ESTIMATES
                     1             2             3             4             5
              ________      ________      ________      ________      ________
        1   0.371302D-03
        2  -0.538220D-05  0.468054D-05
        3  -0.367306D-04 -0.353224D-05  0.117505D-04
        4   0.111285D-03  0.645244D-05 -0.337016D-04  0.126750D-02
        5  -0.233315D-05 -0.769451D-06  0.162861D-05 -0.840373D-04  0.125568D-04
        6   0.605383D-06  0.198259D-06 -0.492518D-06  0.774733D-05 -0.161297D-05
        7  -0.845475D-04 -0.760436D-05  0.283529D-04 -0.482230D-03  0.579920D-04
        8  -0.200428D-04  0.135184D-05  0.394126D-05 -0.237037D-03  0.229780D-04
        9  -0.888009D-05  0.964349D-06  0.128031D-05 -0.108599D-03  0.758878D-05
       10  -0.580751D-05 -0.651673D-06  0.364165D-05 -0.471284D-04 -0.102200D-05
       11  -0.291622D-04 -0.953560D-05  0.189953D-04 -0.612814D-04  0.363130D-05
       12  -0.147405D-04 -0.135515D-04  0.200748D-04 -0.113726D-03  0.252991D-04


           ESTIMATED COVARIANCE MATRIX FOR PARAMETER ESTIMATES
                     6             7             8             9            10
              ________      ________      ________      ________      ________
        6   0.382636D-06
        7  -0.891863D-05  0.163278D-02
        8  -0.265303D-05  0.152215D-03  0.114260D-02
        9  -0.473627D-06  0.768788D-04  0.290529D-04  0.815775D-03
       10  -0.677817D-06  0.372315D-04  0.730739D-04 -0.301824D-04  0.139448D-02
       11  -0.359575D-05  0.847682D-04 -0.526762D-04  0.843069D-04 -0.500945D-04
       12  -0.962133D-05  0.209556D-03  0.111129D-03 -0.531543D-06  0.955272D-04


           ESTIMATED COVARIANCE MATRIX FOR PARAMETER ESTIMATES
                    11            12
              ________      ________
       11   0.192226D-02
       12   0.106601D-03  0.156073D-02


           ESTIMATED CORRELATION MATRIX FOR PARAMETER ESTIMATES
                     1             2             3             4             5
              ________      ________      ________      ________      ________
        1       1.000
        2      -0.129         1.000
        3      -0.556        -0.476         1.000
        4       0.162         0.084        -0.276         1.000
        5      -0.034        -0.100         0.134        -0.666         1.000
        6       0.051         0.148        -0.232         0.352        -0.736
        7      -0.109        -0.087         0.205        -0.335         0.405
        8      -0.031         0.018         0.034        -0.197         0.192
        9      -0.016         0.016         0.013        -0.107         0.075
       10      -0.008        -0.008         0.028        -0.035        -0.008
       11      -0.035        -0.101         0.126        -0.039         0.023
       12      -0.019        -0.159         0.148        -0.081         0.181


           ESTIMATED CORRELATION MATRIX FOR PARAMETER ESTIMATES
                     6             7             8             9            10
              ________      ________      ________      ________      ________
        6       1.000
        7      -0.357         1.000
        8      -0.127         0.111         1.000
        9      -0.027         0.067         0.030         1.000
       10      -0.029         0.025         0.058        -0.028         1.000
       11      -0.133         0.048        -0.036         0.067        -0.031
       12      -0.394         0.131         0.083         0.000         0.065


           ESTIMATED CORRELATION MATRIX FOR PARAMETER ESTIMATES
                    11            12
              ________      ________
       11       1.000
       12       0.062         1.000


     Beginning Time:  12:34:34
        Ending Time:  12:34:55
       Elapsed Time:  00:00:21



MUTHEN & MUTHEN
3463 Stoner Ave.
Los Angeles, CA  90066

Tel: (310) 391-9971
Fax: (310) 391-8971
Web: www.StatModel.com
Support: Support@StatModel.com

Copyright (c) 1998-2015 Muthen & Muthen
