Mplus VERSION 7.4 (Mac)
MUTHEN & MUTHEN
07/18/2017  12:51 PM

INPUT INSTRUCTIONS

  TITLE:
  LGM, quadratic
  DATA:
  File = wide-dataset-b.dat ;
  VARIABLE:
  NAMES are
   id hhid male birthyr_rand birthmo_rand race_rand hispanic_rand cohort
      raedyrs raedegrm memoryproblems_baseline memory_disease_ever age_baseline
      age_baseline_65 health_conditions_baseline healthcond_mean activity_mean_2004
      activity_mean_2006 activity_mean_2008 activity_mean_2010 activity_mean_2012
      activity_mean_2014 activity_sum_2004 activity_sum_2006 activity_sum_2008
      activity_sum_2010 activity_sum_2012 activity_sum_2014 close_social_network_2004
      close_social_network_2006 close_social_network_2008 close_social_network_2010
      close_social_network_2012 close_social_network_2014 countb20r_2004
      countb20r_2006 countb20r_2008 countb20r_2010 countb20r_2012 countb20r_2014
      crp_adj_2004 crp_adj_2006 crp_adj_2008 crp_adj_2010 crp_adj_2012 crp_adj_2014
      dep_total_2004 dep_total_2006 dep_total_2008 dep_total_2010 dep_total_2012
      dep_total_2014 exercise_2004 exercise_2006 exercise_2008 exercise_2010
      exercise_2012 exercise_2014 healthcond_2004 healthcond_2006 healthcond_2008
      healthcond_2010 healthcond_2012 healthcond_2014 hhres_2004 hhres_2006
      hhres_2008 hhres_2010 hhres_2012 hhres_2014 hrs_tscore_2004 hrs_tscore_2006
      hrs_tscore_2008 hrs_tscore_2010 hrs_tscore_2012 hrs_tscore_2014 intage_r_2004
      intage_r_2006 intage_r_2008 intage_r_2010 intage_r_2012 intage_r_2014
      interview_date_2004 interview_date_2006 interview_date_2008 interview_date_2010
      interview_date_2012 interview_date_2014 lb_65_wave_2004 lb_65_wave_2006
      lb_65_wave_2008 lb_65_wave_2010 lb_65_wave_2012 lb_65_wave_2014 lb_wave_2004
      lb_wave_2006 lb_wave_2008 lb_wave_2010 lb_wave_2012 lb_wave_2014 listassi_2004
      listassi_2006 listassi_2008 listassi_2010 listassi_2012 listassi_2014
      mentalstatus_tot_2004 mentalstatus_tot_2006 mentalstatus_tot_2008
      mentalstatus_tot_2010 mentalstatus_tot_2012 mentalstatus_tot_2014 proxy_2004
      proxy_2006 proxy_2008 proxy_2010 proxy_2012 proxy_2014 responded_2004
      responded_2006 responded_2008 responded_2010 responded_2012 responded_2014
      rmaritalst_2004 rmaritalst_2006 rmaritalst_2008 rmaritalst_2010 rmaritalst_2012
      rmaritalst_2014 rpartst_2004 rpartst_2006 rpartst_2008 rpartst_2010
      rpartst_2012 rpartst_2014 score_loneliness_11_2004 score_loneliness_11_2006
      score_loneliness_11_2008 score_loneliness_11_2010 score_loneliness_11_2012
      score_loneliness_11_2014 score_loneliness_3_2004 score_loneliness_3_2006
      score_loneliness_3_2008 score_loneliness_3_2010 score_loneliness_3_2012
      score_loneliness_3_2014 shhidpnr_2004 shhidpnr_2006 shhidpnr_2008 shhidpnr_2010
      shhidpnr_2012 shhidpnr_2014 snchild_2004 snchild_2006 snchild_2008 snchild_2010
      snchild_2012 snchild_2014 snfamily_2004 snfamily_2006 snfamily_2008
      snfamily_2010 snfamily_2012 snfamily_2014 snfriends_2004 snfriends_2006
      snfriends_2008 snfriends_2010 snfriends_2012 snfriends_2014 snspouse_2004
      snspouse_2006 snspouse_2008 snspouse_2010 snspouse_2012 snspouse_2014
      social_contact_total_2004 social_contact_total_2006 social_contact_total_2008
      social_contact_total_2010 social_contact_total_2012 social_contact_total_2014
      social_strain_mean_2004 social_strain_mean_2006 social_strain_mean_2008
      social_strain_mean_2010 social_strain_mean_2012 social_strain_mean_2014
      social_support_mean_2004 social_support_mean_2006 social_support_mean_2008
      social_support_mean_2010 social_support_mean_2012 social_support_mean_2014
      socialnetwork_total_2004 socialnetwork_total_2006 socialnetwork_total_2008
      socialnetwork_total_2010 socialnetwork_total_2012 socialnetwork_total_2014
      srmemory_2004 srmemory_2006 srmemory_2008 srmemory_2010 srmemory_2012
      srmemory_2014 srmemoryp_2004 srmemoryp_2006 srmemoryp_2008 srmemoryp_2010
      srmemoryp_2012 srmemoryp_2014 vocab_total_2004 vocab_total_2006 vocab_total_2008
      vocab_total_2010 vocab_total_2012 vocab_total_2014 wrectotd_2004 wrectotd_2006
      wrectotd_2008 wrectotd_2010 wrectotd_2012 wrectotd_2014 wrectoti_2004
      wrectoti_2006 wrectoti_2008 wrectoti_2010 wrectoti_2012 wrectoti_2014
  	;
  Missing are all(9999);
  USEVARIABLES are
  	!define the variables used in the analysis
  	!estimated time points
  a_01
  a_02
  a_03
  a_04
  a_05
  a_06
  	! covariates used in the model
   	;
  SUBPOPULATION are
  	!select a subset of observations
  age_baseline > 64 AND
  memory_disease_ever EQ 0
  ;
  CLUSTER = hhid;
  DEFINE:
    ! centre baseline age
  a = age_baseline - 69;
  	! assign variables to the process (A)
  a_01=social_contact_total_2004;
  a_02=social_contact_total_2006;
  a_03=social_contact_total_2008;
  a_04=social_contact_total_2010;
  a_05=social_contact_total_2012;
  a_06=social_contact_total_2014;
  ANALYSIS:
  TYPE = COMPLEX RANDOM;
  COVERAGE=.00;
  H1ITERATIONS = 10000;
  MODEL:
  	!LGM
  	! assign process (A) to time points
  ia sa qa | a_01@0
  a_02@2
  a_03@4
  a_04@6
  a_05@8
  a_06@10 ;
  	! assign process (B) to time points
  qa@0
  	
  OUTPUT: SAMPSTAT MODINDICES (3.0); TECH1 TECH2 TECH3;;



*** WARNING in MODEL command
  All continuous latent variable covariances involving QA have been fixed to 0
  because the variance of QA is fixed at 0.
   1 WARNING(S) FOUND IN THE INPUT INSTRUCTIONS




LGM, quadratic

SUMMARY OF ANALYSIS

Number of groups                                                 1
Number of observations                                        5952

Number of dependent variables                                    6
Number of independent variables                                  0
Number of continuous latent variables                            3

Observed dependent variables

  Continuous
   A_01        A_02        A_03        A_04        A_05        A_06

Continuous latent variables
   IA          SA          QA

Variables with special functions

  Cluster variable      HHID

Estimator                                                      MLR
Information matrix                                        OBSERVED
Maximum number of iterations                                   100
Convergence criterion                                    0.100D-05
Maximum number of EM iterations                                500
Convergence criteria for the EM algorithm
  Loglikelihood change                                   0.100D-02
  Relative loglikelihood change                          0.100D-05
  Derivative                                             0.100D-03
Minimum variance                                         0.100D-03
Maximum number of steepest descent iterations                   20
Maximum number of iterations for H1                          10000
Convergence criterion for H1                             0.100D-03
Optimization algorithm                                         EMA

Input data file(s)
  wide-dataset-b.dat
Input data format  FREE


SUMMARY OF DATA

     Number of missing data patterns            27
     Number of clusters        4882



SAMPLE STATISTICS


     ESTIMATED SAMPLE STATISTICS


           Means
              A_01          A_02          A_03          A_04          A_05
              ________      ________      ________      ________      ________
 1             30.315        29.548        29.566        29.238        28.710


           Means
              A_06
              ________
 1             28.056


           Covariances
              A_01          A_02          A_03          A_04          A_05
              ________      ________      ________      ________      ________
 A_01          70.744
 A_02          34.153        66.368
 A_03          38.398        36.899        74.304
 A_04          33.448        41.259        41.451        72.156
 A_05          39.494        28.313        45.687        31.721        78.758
 A_06          36.518        37.948        43.774        45.886        34.254


           Covariances
              A_06
              ________
 A_06          77.428


           Correlations
              A_01          A_02          A_03          A_04          A_05
              ________      ________      ________      ________      ________
 A_01           1.000
 A_02           0.498         1.000
 A_03           0.530         0.525         1.000
 A_04           0.468         0.596         0.566         1.000
 A_05           0.529         0.392         0.597         0.421         1.000
 A_06           0.493         0.529         0.577         0.614         0.439


           Correlations
              A_06
              ________
 A_06           1.000


     MAXIMUM LOG-LIKELIHOOD VALUE FOR THE UNRESTRICTED (H1) MODEL IS -46425.066


UNIVARIATE SAMPLE STATISTICS


     UNIVARIATE HIGHER-ORDER MOMENT DESCRIPTIVE STATISTICS

         Variable/         Mean/     Skewness/   Minimum/ % with                Percentiles
        Sample Size      Variance    Kurtosis    Maximum  Min/Max      20%/60%    40%/80%    Median

     A_01                 30.562      -0.258       3.000    0.09%      24.000     29.000     31.000
            1057.000      70.074       0.149      53.000    0.09%      33.000     37.000
     A_02                 29.599      -0.258       3.000    0.07%      23.000     28.000     30.000
            2788.000      66.183       0.159      54.000    0.18%      32.000     36.000
     A_03                 29.608      -0.254       2.000    0.04%      23.000     28.000     30.000
            2739.000      73.864       0.073      54.000    0.18%      32.000     37.000
     A_04                 29.406      -0.205       4.000    0.19%      22.000     28.000     30.000
            2647.000      71.988      -0.061      54.000    0.04%      32.000     36.000
     A_05                 28.986      -0.189       3.000    0.04%      22.000     27.000     29.000
            2240.000      77.040      -0.099      54.000    0.13%      32.000     36.000
     A_06                 28.653      -0.229       3.000    0.05%      22.000     27.000     29.000
            2036.000      76.540      -0.202      54.000    0.05%      31.000     36.000


THE MODEL ESTIMATION TERMINATED NORMALLY



MODEL FIT INFORMATION

Number of Free Parameters                       12

Loglikelihood

          H0 Value                      -46439.560
          H0 Scaling Correction Factor      1.3023
            for MLR
          H1 Value                      -46425.066
          H1 Scaling Correction Factor      1.1254
            for MLR

Information Criteria

          Akaike (AIC)                   92903.121
          Bayesian (BIC)                 92983.419
          Sample-Size Adjusted BIC       92945.286
            (n* = (n + 2) / 24)

Chi-Square Test of Model Fit

          Value                             29.462*
          Degrees of Freedom                    15
          P-Value                           0.0140
          Scaling Correction Factor         0.9839
            for MLR

*   The chi-square value for MLM, MLMV, MLR, ULSMV, WLSM and WLSMV cannot be used
    for chi-square difference testing in the regular way.  MLM, MLR and WLSM
    chi-square difference testing is described on the Mplus website.  MLMV, WLSMV,
    and ULSMV difference testing is done using the DIFFTEST option.

RMSEA (Root Mean Square Error Of Approximation)

          Estimate                           0.013

CFI/TLI

          CFI                                0.995
          TLI                                0.995

Chi-Square Test of Model Fit for the Baseline Model

          Value                           2848.332
          Degrees of Freedom                    15
          P-Value                           0.0000

SRMR (Standardized Root Mean Square Residual)

          Value                              0.076



MODEL RESULTS

                                                    Two-Tailed
                    Estimate       S.E.  Est./S.E.    P-Value

 IA       |
    A_01               1.000      0.000    999.000    999.000
    A_02               1.000      0.000    999.000    999.000
    A_03               1.000      0.000    999.000    999.000
    A_04               1.000      0.000    999.000    999.000
    A_05               1.000      0.000    999.000    999.000
    A_06               1.000      0.000    999.000    999.000

 SA       |
    A_01               0.000      0.000    999.000    999.000
    A_02               2.000      0.000    999.000    999.000
    A_03               4.000      0.000    999.000    999.000
    A_04               6.000      0.000    999.000    999.000
    A_05               8.000      0.000    999.000    999.000
    A_06              10.000      0.000    999.000    999.000

 QA       |
    A_01               0.000      0.000    999.000    999.000
    A_02               4.000      0.000    999.000    999.000
    A_03              16.000      0.000    999.000    999.000
    A_04              36.000      0.000    999.000    999.000
    A_05              64.000      0.000    999.000    999.000
    A_06             100.000      0.000    999.000    999.000

 SA       WITH
    IA                -0.045      0.302     -0.150      0.881

 Means
    IA                29.922      0.184    162.238      0.000
    SA                -0.048      0.069     -0.692      0.489
    QA                -0.013      0.006     -2.159      0.031

 Intercepts
    A_01               0.000      0.000    999.000    999.000
    A_02               0.000      0.000    999.000    999.000
    A_03               0.000      0.000    999.000    999.000
    A_04               0.000      0.000    999.000    999.000
    A_05               0.000      0.000    999.000    999.000
    A_06               0.000      0.000    999.000    999.000

 Variances
    IA                39.009      2.442     15.977      0.000
    SA                 0.153      0.054      2.809      0.005
    QA                 0.000      0.000    999.000    999.000

 Residual Variances
    A_01              35.406      3.177     11.144      0.000
    A_02              27.896      1.842     15.147      0.000
    A_03              31.632      1.683     18.800      0.000
    A_04              27.630      1.421     19.450      0.000
    A_05              28.484      2.051     13.885      0.000
    A_06              27.766      2.460     11.289      0.000


QUALITY OF NUMERICAL RESULTS

     Condition Number for the Information Matrix              0.205E-04
       (ratio of smallest to largest eigenvalue)


MODEL MODIFICATION INDICES

NOTE:  Modification indices for direct effects of observed dependent variables
regressed on covariates may not be included.  To include these, request
MODINDICES (ALL).

Minimum M.I. value for printing the modification index     3.000

                                   M.I.     E.P.C.


BY Statements

IA       BY A_01                   6.393     0.026
IA       BY A_02                   8.529    -0.016
IA       BY A_04                   6.029     0.014
IA       BY A_06                   3.211    -0.019
SA       BY A_06                   3.979    -6.466
QA       BY A_01                   8.939   -71.505
QA       BY A_02                   8.247    34.771
QA       BY A_04                   4.582   -28.137

ON/BY Statements

SA       ON IA       /
IA       BY SA                   999.000     0.000
QA       ON IA       /
IA       BY QA                    10.968    -0.004
QA       ON SA       /
SA       BY QA                     3.599    -0.157

WITH Statements

A_02     WITH A_01                 4.061    -5.378
A_04     WITH A_01                 3.861    -3.915
A_04     WITH A_02                11.686     4.304
A_06     WITH A_02                11.157    -4.745
QA       WITH IA                  10.831    -0.166
QA       WITH SA                   4.126    -0.024

Means/Intercepts/Thresholds

[ A_01     ]                       8.939     0.955
[ A_02     ]                       8.247    -0.464
[ A_04     ]                       4.582     0.376


TECHNICAL 1 OUTPUT


     PARAMETER SPECIFICATION


           NU
              A_01          A_02          A_03          A_04          A_05
              ________      ________      ________      ________      ________
 1                  0             0             0             0             0


           NU
              A_06
              ________
 1                  0


           LAMBDA
              IA            SA            QA
              ________      ________      ________
 A_01               0             0             0
 A_02               0             0             0
 A_03               0             0             0
 A_04               0             0             0
 A_05               0             0             0
 A_06               0             0             0


           THETA
              A_01          A_02          A_03          A_04          A_05
              ________      ________      ________      ________      ________
 A_01               1
 A_02               0             2
 A_03               0             0             3
 A_04               0             0             0             4
 A_05               0             0             0             0             5
 A_06               0             0             0             0             0


           THETA
              A_06
              ________
 A_06               6


           ALPHA
              IA            SA            QA
              ________      ________      ________
 1                  7             8             9


           BETA
              IA            SA            QA
              ________      ________      ________
 IA                 0             0             0
 SA                 0             0             0
 QA                 0             0             0


           PSI
              IA            SA            QA
              ________      ________      ________
 IA                10
 SA                11            12
 QA                 0             0             0


     STARTING VALUES


           NU
              A_01          A_02          A_03          A_04          A_05
              ________      ________      ________      ________      ________
 1              0.000         0.000         0.000         0.000         0.000


           NU
              A_06
              ________
 1              0.000


           LAMBDA
              IA            SA            QA
              ________      ________      ________
 A_01           1.000         0.000         0.000
 A_02           1.000         2.000         4.000
 A_03           1.000         4.000        16.000
 A_04           1.000         6.000        36.000
 A_05           1.000         8.000        64.000
 A_06           1.000        10.000       100.000


           THETA
              A_01          A_02          A_03          A_04          A_05
              ________      ________      ________      ________      ________
 A_01          35.037
 A_02           0.000        33.092
 A_03           0.000         0.000        36.932
 A_04           0.000         0.000         0.000        35.994
 A_05           0.000         0.000         0.000         0.000        38.520
 A_06           0.000         0.000         0.000         0.000         0.000


           THETA
              A_06
              ________
 A_06          38.270


           ALPHA
              IA            SA            QA
              ________      ________      ________
 1             30.689        -0.387         0.029


           BETA
              IA            SA            QA
              ________      ________      ________
 IA             0.000         0.000         0.000
 SA             0.000         0.000         0.000
 QA             0.000         0.000         0.000


           PSI
              IA            SA            QA
              ________      ________      ________
 IA            74.714
 SA             0.000        17.790
 QA             0.000         0.000         0.000


TECHNICAL 2 OUTPUT


     DERIVATIVES


           Derivatives With Respect to NU
              A_01          A_02          A_03          A_04          A_05
              ________      ________      ________      ________      ________
 1          0.000E+00     0.000E+00     0.000E+00     0.000E+00     0.000E+00


           Derivatives With Respect to NU
              A_06
              ________
 1          0.000E+00


           Derivatives With Respect to LAMBDA
              IA            SA            QA
              ________      ________      ________
 A_01       0.000E+00     0.000E+00     0.000E+00
 A_02       0.000E+00     0.000E+00     0.000E+00
 A_03       0.000E+00     0.000E+00     0.000E+00
 A_04       0.000E+00     0.000E+00     0.000E+00
 A_05       0.000E+00     0.000E+00     0.000E+00
 A_06       0.000E+00     0.000E+00     0.000E+00


           Derivatives With Respect to THETA
              A_01          A_02          A_03          A_04          A_05
              ________      ________      ________      ________      ________
 A_01       0.718E-06
 A_02       0.000E+00     0.120E-05
 A_03       0.000E+00     0.000E+00     0.379E-06
 A_04       0.000E+00     0.000E+00     0.000E+00     0.922E-06
 A_05       0.000E+00     0.000E+00     0.000E+00     0.000E+00     0.275E-06
 A_06       0.000E+00     0.000E+00     0.000E+00     0.000E+00     0.000E+00


           Derivatives With Respect to THETA
              A_06
              ________
 A_06       0.256E-06


           Derivatives With Respect to ALPHA
              IA            SA            QA
              ________      ________      ________
 1         -0.287E-05    -0.138E-04    -0.783E-04


           Derivatives With Respect to BETA
              IA            SA            QA
              ________      ________      ________
 IA         0.000E+00     0.000E+00     0.000E+00
 SA         0.000E+00     0.000E+00     0.000E+00
 QA         0.000E+00     0.000E+00     0.000E+00


           Derivatives With Respect to PSI
              IA            SA            QA
              ________      ________      ________
 IA         0.740E-07
 SA         0.447E-06     0.201E-04
 QA         0.000E+00     0.000E+00     0.000E+00


TECHNICAL 3 OUTPUT


           ESTIMATED COVARIANCE MATRIX FOR PARAMETER ESTIMATES
                     1             2             3             4             5
              ________      ________      ________      ________      ________
        1   0.100940D+02
        2   0.232314D+01  0.339166D+01
        3   0.517749D+00  0.440713D+00  0.283120D+01
        4  -0.388452D+00 -0.760788D-02  0.339628D-01  0.201805D+01
        5   0.781958D+00  0.361897D+00 -0.946863D-01 -0.163059D-03  0.420832D+01
        6   0.218725D+01  0.119508D+01 -0.535120D-01 -0.312146D+00  0.180893D+01
        7  -0.722500D-01  0.681211D-02  0.139868D-02  0.285607D-01 -0.460260D-02
        8   0.259999D-01 -0.363966D-02 -0.496450D-02 -0.155778D-01  0.907375D-03
        9  -0.220879D-02  0.198981D-03  0.533684D-03  0.137995D-02  0.537894D-05
       10  -0.369337D+01 -0.282150D+01 -0.122838D+01  0.362502D-01 -0.349592D+00
       11   0.531576D+00  0.367794D+00  0.861315D-01 -0.398725D-01  0.107481D+00
       12  -0.815879D-01 -0.519603D-01 -0.445340D-02  0.570009D-02 -0.460200D-01


           ESTIMATED COVARIANCE MATRIX FOR PARAMETER ESTIMATES
                     6             7             8             9            10
              ________      ________      ________      ________      ________
        6   0.604966D+01
        7  -0.262250D-01  0.340154D-01
        8   0.105533D-01 -0.994903D-02  0.478146D-02
        9  -0.936850D-03  0.776355D-03 -0.412771D-03  0.382332D-04
       10  -0.156092D+01 -0.267052D-01  0.402459D-02 -0.100660D-03  0.596104D+01
       11   0.353996D+00 -0.635378D-03  0.242008D-03 -0.386962D-04 -0.616700D+00
       12  -0.933855D-01  0.493771D-03 -0.132874D-03  0.717970D-05  0.736063D-01


           ESTIMATED COVARIANCE MATRIX FOR PARAMETER ESTIMATES
                    11            12
              ________      ________
       11   0.914666D-01
       12  -0.138804D-01  0.295210D-02


           ESTIMATED CORRELATION MATRIX FOR PARAMETER ESTIMATES
                     1             2             3             4             5
              ________      ________      ________      ________      ________
        1       1.000
        2       0.397         1.000
        3       0.097         0.142         1.000
        4      -0.086        -0.003         0.014         1.000
        5       0.120         0.096        -0.027         0.000         1.000
        6       0.280         0.264        -0.013        -0.089         0.359
        7      -0.123         0.020         0.005         0.109        -0.012
        8       0.118        -0.029        -0.043        -0.159         0.006
        9      -0.112         0.017         0.051         0.157         0.000
       10      -0.476        -0.627        -0.299         0.010        -0.070
       11       0.553         0.660         0.169        -0.093         0.173
       12      -0.473        -0.519        -0.049         0.074        -0.413


           ESTIMATED CORRELATION MATRIX FOR PARAMETER ESTIMATES
                     6             7             8             9            10
              ________      ________      ________      ________      ________
        6       1.000
        7      -0.058         1.000
        8       0.062        -0.780         1.000
        9      -0.062         0.681        -0.965         1.000
       10      -0.260        -0.059         0.024        -0.007         1.000
       11       0.476        -0.011         0.012        -0.021        -0.835
       12      -0.699         0.049        -0.035         0.021         0.555


           ESTIMATED CORRELATION MATRIX FOR PARAMETER ESTIMATES
                    11            12
              ________      ________
       11       1.000
       12      -0.845         1.000


     Beginning Time:  12:51:56
        Ending Time:  12:52:57
       Elapsed Time:  00:01:01



MUTHEN & MUTHEN
3463 Stoner Ave.
Los Angeles, CA  90066

Tel: (310) 391-9971
Fax: (310) 391-8971
Web: www.StatModel.com
Support: Support@StatModel.com

Copyright (c) 1998-2015 Muthen & Muthen
