Mplus VERSION 7.4 (Mac)
MUTHEN & MUTHEN
07/11/2017  12:14 PM

INPUT INSTRUCTIONS

  TITLE:
  ALT, full model
  DATA:
  File = wide-dataset-b.dat ;
  VARIABLE:
  NAMES are
   id hhid male birthyr_rand birthmo_rand race_rand hispanic_rand cohort
      raedyrs raedegrm memoryproblems_baseline memory_disease_ever age_baseline
      age_baseline_65 health_conditions_baseline healthcond_mean activity_mean_2004
      activity_mean_2006 activity_mean_2008 activity_mean_2010 activity_mean_2012
      activity_mean_2014 activity_sum_2004 activity_sum_2006 activity_sum_2008
      activity_sum_2010 activity_sum_2012 activity_sum_2014 close_social_network_2004
      close_social_network_2006 close_social_network_2008 close_social_network_2010
      close_social_network_2012 close_social_network_2014 countb20r_2004
      countb20r_2006 countb20r_2008 countb20r_2010 countb20r_2012 countb20r_2014
      crp_adj_2004 crp_adj_2006 crp_adj_2008 crp_adj_2010 crp_adj_2012 crp_adj_2014
      dep_total_2004 dep_total_2006 dep_total_2008 dep_total_2010 dep_total_2012
      dep_total_2014 exercise_2004 exercise_2006 exercise_2008 exercise_2010
      exercise_2012 exercise_2014 healthcond_2004 healthcond_2006 healthcond_2008
      healthcond_2010 healthcond_2012 healthcond_2014 hhres_2004 hhres_2006
      hhres_2008 hhres_2010 hhres_2012 hhres_2014 hrs_tscore_2004 hrs_tscore_2006
      hrs_tscore_2008 hrs_tscore_2010 hrs_tscore_2012 hrs_tscore_2014 intage_r_2004
      intage_r_2006 intage_r_2008 intage_r_2010 intage_r_2012 intage_r_2014
      interview_date_2004 interview_date_2006 interview_date_2008 interview_date_2010
      interview_date_2012 interview_date_2014 lb_65_wave_2004 lb_65_wave_2006
      lb_65_wave_2008 lb_65_wave_2010 lb_65_wave_2012 lb_65_wave_2014 lb_wave_2004
      lb_wave_2006 lb_wave_2008 lb_wave_2010 lb_wave_2012 lb_wave_2014 listassi_2004
      listassi_2006 listassi_2008 listassi_2010 listassi_2012 listassi_2014
      mentalstatus_tot_2004 mentalstatus_tot_2006 mentalstatus_tot_2008
      mentalstatus_tot_2010 mentalstatus_tot_2012 mentalstatus_tot_2014 proxy_2004
      proxy_2006 proxy_2008 proxy_2010 proxy_2012 proxy_2014 responded_2004
      responded_2006 responded_2008 responded_2010 responded_2012 responded_2014
      rmaritalst_2004 rmaritalst_2006 rmaritalst_2008 rmaritalst_2010 rmaritalst_2012
      rmaritalst_2014 rpartst_2004 rpartst_2006 rpartst_2008 rpartst_2010
      rpartst_2012 rpartst_2014 score_loneliness_11_2004 score_loneliness_11_2006
      score_loneliness_11_2008 score_loneliness_11_2010 score_loneliness_11_2012
      score_loneliness_11_2014 score_loneliness_3_2004 score_loneliness_3_2006
      score_loneliness_3_2008 score_loneliness_3_2010 score_loneliness_3_2012
      score_loneliness_3_2014 shhidpnr_2004 shhidpnr_2006 shhidpnr_2008 shhidpnr_2010
      shhidpnr_2012 shhidpnr_2014 snchild_2004 snchild_2006 snchild_2008 snchild_2010
      snchild_2012 snchild_2014 snfamily_2004 snfamily_2006 snfamily_2008
      snfamily_2010 snfamily_2012 snfamily_2014 snfriends_2004 snfriends_2006
      snfriends_2008 snfriends_2010 snfriends_2012 snfriends_2014 snspouse_2004
      snspouse_2006 snspouse_2008 snspouse_2010 snspouse_2012 snspouse_2014
      social_contact_total_2004 social_contact_total_2006 social_contact_total_2008
      social_contact_total_2010 social_contact_total_2012 social_contact_total_2014
      social_strain_mean_2004 social_strain_mean_2006 social_strain_mean_2008
      social_strain_mean_2010 social_strain_mean_2012 social_strain_mean_2014
      social_support_mean_2004 social_support_mean_2006 social_support_mean_2008
      social_support_mean_2010 social_support_mean_2012 social_support_mean_2014
      socialnetwork_total_2004 socialnetwork_total_2006 socialnetwork_total_2008
      socialnetwork_total_2010 socialnetwork_total_2012 socialnetwork_total_2014
      srmemory_2004 srmemory_2006 srmemory_2008 srmemory_2010 srmemory_2012
      srmemory_2014 srmemoryp_2004 srmemoryp_2006 srmemoryp_2008 srmemoryp_2010
      srmemoryp_2012 srmemoryp_2014 vocab_total_2004 vocab_total_2006 vocab_total_2008
      vocab_total_2010 vocab_total_2012 vocab_total_2014 wrectotd_2004 wrectotd_2006
      wrectotd_2008 wrectotd_2010 wrectotd_2012 wrectotd_2014 wrectoti_2004
      wrectoti_2006 wrectoti_2008 wrectoti_2010 wrectoti_2012 wrectoti_2014
  	;
  Missing are all(9999);
  USEVARIABLES are
  	!define the variables used in the analysis
  	!estimated time points
  a_01
  a_02
  a_03
  a_04
  a_05
  a_06
  	! covariates used in the model
   	;
  SUBPOPULATION are
  	!select a subset of observations
  age_baseline > 64 AND
  memoryproblems_baseline EQ 0
  ;
  CLUSTER = hhid;
  DEFINE:
    ! centre baseline age
  a = age_baseline - 69;
  	! assign variables to the process (A)
  a_01=mentalstatus_tot_2004;
  a_02=mentalstatus_tot_2006;
  a_03=mentalstatus_tot_2008;
  a_04=mentalstatus_tot_2010;
  a_05=mentalstatus_tot_2012;
  a_06=mentalstatus_tot_2014;
  ANALYSIS:
  TYPE = COMPLEX RANDOM;
  COVERAGE=.00;
  H1ITERATIONS = 10000;
  MODEL:
  	!LGM part
  	! assign process (A) to time points
  ia sa | a_01@0
  a_02@2
  a_03@4
  a_04@6
  a_05@8
  a_06@10 ;
  	! assign process (B) to time points
  	!autoregressive part
  a_01;
  a_02 ON a_01;
  a_03 ON a_02;
  a_04 ON a_03;
  a_05 ON a_04;
  a_06 ON a_05;
  	
  OUTPUT: SAMPSTAT MODINDICES (3.0); TECH1 TECH2 TECH3;;



INPUT READING TERMINATED NORMALLY




ALT, full model

SUMMARY OF ANALYSIS

Number of groups                                                 1
Number of observations                                        7829

Number of dependent variables                                    6
Number of independent variables                                  0
Number of continuous latent variables                            2

Observed dependent variables

  Continuous
   A_01        A_02        A_03        A_04        A_05        A_06

Continuous latent variables
   IA          SA

Variables with special functions

  Cluster variable      HHID

Estimator                                                      MLR
Information matrix                                        OBSERVED
Maximum number of iterations                                   100
Convergence criterion                                    0.100D-05
Maximum number of EM iterations                                500
Convergence criteria for the EM algorithm
  Loglikelihood change                                   0.100D-02
  Relative loglikelihood change                          0.100D-05
  Derivative                                             0.100D-03
Minimum variance                                         0.100D-03
Maximum number of steepest descent iterations                   20
Maximum number of iterations for H1                          10000
Convergence criterion for H1                             0.100D-03
Optimization algorithm                                         EMA

Input data file(s)
  wide-dataset-b.dat
Input data format  FREE


SUMMARY OF DATA

     Number of missing data patterns            63
     Number of clusters        6118



SAMPLE STATISTICS


     ESTIMATED SAMPLE STATISTICS


           Means
              A_01          A_02          A_03          A_04          A_05
              ________      ________      ________      ________      ________
 1              8.456         8.384         8.250         7.829         7.748


           Means
              A_06
              ________
 1              7.545


           Covariances
              A_01          A_02          A_03          A_04          A_05
              ________      ________      ________      ________      ________
 A_01           0.757
 A_02           0.477         0.996
 A_03           0.506         0.676         1.397
 A_04           0.550         0.729         0.967         1.883
 A_05           0.583         0.769         1.041         1.466         2.355
 A_06           0.598         0.811         1.092         1.558         1.971


           Covariances
              A_06
              ________
 A_06           2.992


           Correlations
              A_01          A_02          A_03          A_04          A_05
              ________      ________      ________      ________      ________
 A_01           1.000
 A_02           0.550         1.000
 A_03           0.492         0.573         1.000
 A_04           0.460         0.532         0.596         1.000
 A_05           0.437         0.502         0.574         0.696         1.000
 A_06           0.397         0.470         0.534         0.656         0.742


           Correlations
              A_06
              ________
 A_06           1.000


     MAXIMUM LOG-LIKELIHOOD VALUE FOR THE UNRESTRICTED (H1) MODEL IS -52895.237


UNIVARIATE SAMPLE STATISTICS


     UNIVARIATE HIGHER-ORDER MOMENT DESCRIPTIVE STATISTICS

         Variable/         Mean/     Skewness/   Minimum/ % with                Percentiles
        Sample Size      Variance    Kurtosis    Maximum  Min/Max      20%/60%    40%/80%    Median

     A_01                  8.467      -2.131       2.000    0.03%       8.000      9.000      9.000
            7207.000       0.745       6.024       9.000   63.52%       9.000      9.000
     A_02                  8.388      -2.599       0.000    0.03%       8.000      9.000      9.000
            7502.000       0.990      10.174       9.000   60.36%       9.000      9.000
     A_03                  8.282      -2.510       0.000    0.03%       8.000      8.000      9.000
            7272.000       1.316       8.404       9.000   57.48%       9.000      9.000
     A_04                  7.940      -1.931       0.000    0.05%       7.000      8.000      8.000
            6237.000       1.605       5.300       9.000   39.39%       8.000      9.000
     A_05                  7.943      -1.999       0.000    0.07%       7.000      8.000      8.000
            5556.000       1.863       5.220       9.000   43.54%       9.000      9.000
     A_06                  7.855      -1.994       0.000    0.11%       7.000      8.000      8.000
            4673.000       2.168       4.837       9.000   41.75%       9.000      9.000


THE MODEL ESTIMATION TERMINATED NORMALLY



MODEL FIT INFORMATION

Number of Free Parameters                       16

Loglikelihood

          H0 Value                      -52921.858
          H0 Scaling Correction Factor      2.3498
            for MLR
          H1 Value                      -52895.237
          H1 Scaling Correction Factor      2.1720
            for MLR

Information Criteria

          Akaike (AIC)                  105875.716
          Bayesian (BIC)                105987.166
          Sample-Size Adjusted BIC      105936.321
            (n* = (n + 2) / 24)

Chi-Square Test of Model Fit

          Value                             27.826*
          Degrees of Freedom                    11
          P-Value                           0.0034
          Scaling Correction Factor         1.9134
            for MLR

*   The chi-square value for MLM, MLMV, MLR, ULSMV, WLSM and WLSMV cannot be used
    for chi-square difference testing in the regular way.  MLM, MLR and WLSM
    chi-square difference testing is described on the Mplus website.  MLMV, WLSMV,
    and ULSMV difference testing is done using the DIFFTEST option.

RMSEA (Root Mean Square Error Of Approximation)

          Estimate                           0.014

CFI/TLI

          CFI                                0.998
          TLI                                0.997

Chi-Square Test of Model Fit for the Baseline Model

          Value                           7704.947
          Degrees of Freedom                    15
          P-Value                           0.0000

SRMR (Standardized Root Mean Square Residual)

          Value                              0.014



MODEL RESULTS

                                                    Two-Tailed
                    Estimate       S.E.  Est./S.E.    P-Value

 IA       |
    A_01               1.000      0.000    999.000    999.000
    A_02               1.000      0.000    999.000    999.000
    A_03               1.000      0.000    999.000    999.000
    A_04               1.000      0.000    999.000    999.000
    A_05               1.000      0.000    999.000    999.000
    A_06               1.000      0.000    999.000    999.000

 SA       |
    A_01               0.000      0.000    999.000    999.000
    A_02               2.000      0.000    999.000    999.000
    A_03               4.000      0.000    999.000    999.000
    A_04               6.000      0.000    999.000    999.000
    A_05               8.000      0.000    999.000    999.000
    A_06              10.000      0.000    999.000    999.000

 A_02       ON
    A_01               0.053      0.006      8.745      0.000

 A_03       ON
    A_02               0.101      0.012      8.313      0.000

 A_04       ON
    A_03               0.115      0.018      6.338      0.000

 A_05       ON
    A_04               0.177      0.025      7.025      0.000

 A_06       ON
    A_05               0.218      0.032      6.824      0.000

 SA       WITH
    IA                 0.006      0.003      2.067      0.039

 Means
    IA                 8.456      0.011    785.226      0.000
    SA                -0.262      0.025    -10.510      0.000

 Intercepts
    A_01               0.000      0.000    999.000    999.000
    A_02               0.000      0.000    999.000    999.000
    A_03               0.000      0.000    999.000    999.000
    A_04               0.000      0.000    999.000    999.000
    A_05               0.000      0.000    999.000    999.000
    A_06               0.000      0.000    999.000    999.000

 Variances
    IA                 0.432      0.026     16.875      0.000
    SA                 0.010      0.001      9.207      0.000

 Residual Variances
    A_01               0.326      0.015     21.834      0.000
    A_02               0.462      0.020     23.647      0.000
    A_03               0.642      0.027     23.941      0.000
    A_04               0.750      0.030     24.648      0.000
    A_05               0.759      0.040     18.874      0.000
    A_06               0.848      0.048     17.676      0.000


QUALITY OF NUMERICAL RESULTS

     Condition Number for the Information Matrix              0.458E-03
       (ratio of smallest to largest eigenvalue)


MODEL MODIFICATION INDICES

NOTE:  Modification indices for direct effects of observed dependent variables
regressed on covariates may not be included.  To include these, request
MODINDICES (ALL).

Minimum M.I. value for printing the modification index     3.000

                                   M.I.     E.P.C.


ON/BY Statements

A_04     ON SA       /
SA       BY A_04                   6.486     0.470

ON Statements

IA       ON A_04                   3.579     0.035
IA       ON A_06                   3.417    -0.052
SA       ON A_04                   6.970     0.009
A_03     ON A_03                   4.639    -0.066
A_03     ON A_04                   3.393    -0.025
A_03     ON A_06                   6.180    -0.032
A_04     ON A_04                   4.271     0.065
A_04     ON A_05                   4.019     0.030
A_04     ON A_06                  11.623     0.051
A_06     ON A_04                   6.809     0.082

WITH Statements

A_04     WITH IA                   3.360     0.025
A_04     WITH SA                   7.578     0.007
A_06     WITH A_03                 3.896    -0.042
A_06     WITH A_04                 6.218     0.068


TECHNICAL 1 OUTPUT


     PARAMETER SPECIFICATION


           NU
              A_01          A_02          A_03          A_04          A_05
              ________      ________      ________      ________      ________
 1                  0             0             0             0             0


           NU
              A_06
              ________
 1                  0


           LAMBDA
              IA            SA            A_01          A_02          A_03
              ________      ________      ________      ________      ________
 A_01               0             0             0             0             0
 A_02               0             0             0             0             0
 A_03               0             0             0             0             0
 A_04               0             0             0             0             0
 A_05               0             0             0             0             0
 A_06               0             0             0             0             0


           LAMBDA
              A_04          A_05          A_06
              ________      ________      ________
 A_01               0             0             0
 A_02               0             0             0
 A_03               0             0             0
 A_04               0             0             0
 A_05               0             0             0
 A_06               0             0             0


           THETA
              A_01          A_02          A_03          A_04          A_05
              ________      ________      ________      ________      ________
 A_01               0
 A_02               0             0
 A_03               0             0             0
 A_04               0             0             0             0
 A_05               0             0             0             0             0
 A_06               0             0             0             0             0


           THETA
              A_06
              ________
 A_06               0


           ALPHA
              IA            SA            A_01          A_02          A_03
              ________      ________      ________      ________      ________
 1                  1             2             0             0             0


           ALPHA
              A_04          A_05          A_06
              ________      ________      ________
 1                  0             0             0


           BETA
              IA            SA            A_01          A_02          A_03
              ________      ________      ________      ________      ________
 IA                 0             0             0             0             0
 SA                 0             0             0             0             0
 A_01               0             0             0             0             0
 A_02               0             0             3             0             0
 A_03               0             0             0             4             0
 A_04               0             0             0             0             5
 A_05               0             0             0             0             0
 A_06               0             0             0             0             0


           BETA
              A_04          A_05          A_06
              ________      ________      ________
 IA                 0             0             0
 SA                 0             0             0
 A_01               0             0             0
 A_02               0             0             0
 A_03               0             0             0
 A_04               0             0             0
 A_05               6             0             0
 A_06               0             7             0


           PSI
              IA            SA            A_01          A_02          A_03
              ________      ________      ________      ________      ________
 IA                 8
 SA                 9            10
 A_01               0             0            11
 A_02               0             0             0            12
 A_03               0             0             0             0            13
 A_04               0             0             0             0             0
 A_05               0             0             0             0             0
 A_06               0             0             0             0             0


           PSI
              A_04          A_05          A_06
              ________      ________      ________
 A_04              14
 A_05               0            15
 A_06               0             0            16


     STARTING VALUES


           NU
              A_01          A_02          A_03          A_04          A_05
              ________      ________      ________      ________      ________
 1              0.000         0.000         0.000         0.000         0.000


           NU
              A_06
              ________
 1              0.000


           LAMBDA
              IA            SA            A_01          A_02          A_03
              ________      ________      ________      ________      ________
 A_01           0.000         0.000         1.000         0.000         0.000
 A_02           0.000         0.000         0.000         1.000         0.000
 A_03           0.000         0.000         0.000         0.000         1.000
 A_04           0.000         0.000         0.000         0.000         0.000
 A_05           0.000         0.000         0.000         0.000         0.000
 A_06           0.000         0.000         0.000         0.000         0.000


           LAMBDA
              A_04          A_05          A_06
              ________      ________      ________
 A_01           0.000         0.000         0.000
 A_02           0.000         0.000         0.000
 A_03           0.000         0.000         0.000
 A_04           1.000         0.000         0.000
 A_05           0.000         1.000         0.000
 A_06           0.000         0.000         1.000


           THETA
              A_01          A_02          A_03          A_04          A_05
              ________      ________      ________      ________      ________
 A_01           0.000
 A_02           0.000         0.000
 A_03           0.000         0.000         0.000
 A_04           0.000         0.000         0.000         0.000
 A_05           0.000         0.000         0.000         0.000         0.000
 A_06           0.000         0.000         0.000         0.000         0.000


           THETA
              A_06
              ________
 A_06           0.000


           ALPHA
              IA            SA            A_01          A_02          A_03
              ________      ________      ________      ________      ________
 1              8.387        -0.158         0.000         0.000         0.000


           ALPHA
              A_04          A_05          A_06
              ________      ________      ________
 1              0.000         0.000         0.000


           BETA
              IA            SA            A_01          A_02          A_03
              ________      ________      ________      ________      ________
 IA             0.000         0.000         0.000         0.000         0.000
 SA             0.000         0.000         0.000         0.000         0.000
 A_01           1.000         0.000         0.000         0.000         0.000
 A_02           1.000         2.000         0.000         0.000         0.000
 A_03           1.000         4.000         0.000         0.000         0.000
 A_04           1.000         6.000         0.000         0.000         0.000
 A_05           1.000         8.000         0.000         0.000         0.000
 A_06           1.000        10.000         0.000         0.000         0.000


           BETA
              A_04          A_05          A_06
              ________      ________      ________
 IA             0.000         0.000         0.000
 SA             0.000         0.000         0.000
 A_01           0.000         0.000         0.000
 A_02           0.000         0.000         0.000
 A_03           0.000         0.000         0.000
 A_04           0.000         0.000         0.000
 A_05           0.000         0.000         0.000
 A_06           0.000         0.000         0.000


           PSI
              IA            SA            A_01          A_02          A_03
              ________      ________      ________      ________      ________
 IA             1.089
 SA             0.000         0.191
 A_01           0.000         0.000         0.372
 A_02           0.000         0.000         0.000         0.495
 A_03           0.000         0.000         0.000         0.000         0.658
 A_04           0.000         0.000         0.000         0.000         0.000
 A_05           0.000         0.000         0.000         0.000         0.000
 A_06           0.000         0.000         0.000         0.000         0.000


           PSI
              A_04          A_05          A_06
              ________      ________      ________
 A_04           0.802
 A_05           0.000         0.932
 A_06           0.000         0.000         1.084


TECHNICAL 2 OUTPUT


     DERIVATIVES


           Derivatives With Respect to NU
              A_01          A_02          A_03          A_04          A_05
              ________      ________      ________      ________      ________
 1          0.000E+00     0.000E+00     0.000E+00     0.000E+00     0.000E+00


           Derivatives With Respect to NU
              A_06
              ________
 1          0.000E+00


           Derivatives With Respect to LAMBDA
              IA            SA            A_01          A_02          A_03
              ________      ________      ________      ________      ________
 A_01       0.000E+00     0.000E+00     0.000E+00     0.000E+00     0.000E+00
 A_02       0.000E+00     0.000E+00     0.000E+00     0.000E+00     0.000E+00
 A_03       0.000E+00     0.000E+00     0.000E+00     0.000E+00     0.000E+00
 A_04       0.000E+00     0.000E+00     0.000E+00     0.000E+00     0.000E+00
 A_05       0.000E+00     0.000E+00     0.000E+00     0.000E+00     0.000E+00
 A_06       0.000E+00     0.000E+00     0.000E+00     0.000E+00     0.000E+00


           Derivatives With Respect to LAMBDA
              A_04          A_05          A_06
              ________      ________      ________
 A_01       0.000E+00     0.000E+00     0.000E+00
 A_02       0.000E+00     0.000E+00     0.000E+00
 A_03       0.000E+00     0.000E+00     0.000E+00
 A_04       0.000E+00     0.000E+00     0.000E+00
 A_05       0.000E+00     0.000E+00     0.000E+00
 A_06       0.000E+00     0.000E+00     0.000E+00


           Derivatives With Respect to THETA
              A_01          A_02          A_03          A_04          A_05
              ________      ________      ________      ________      ________
 A_01       0.000E+00
 A_02       0.000E+00     0.000E+00
 A_03       0.000E+00     0.000E+00     0.000E+00
 A_04       0.000E+00     0.000E+00     0.000E+00     0.000E+00
 A_05       0.000E+00     0.000E+00     0.000E+00     0.000E+00     0.000E+00
 A_06       0.000E+00     0.000E+00     0.000E+00     0.000E+00     0.000E+00


           Derivatives With Respect to THETA
              A_06
              ________
 A_06       0.000E+00


           Derivatives With Respect to ALPHA
              IA            SA            A_01          A_02          A_03
              ________      ________      ________      ________      ________
 1         -0.156E-07     0.507E-05     0.000E+00     0.000E+00     0.000E+00


           Derivatives With Respect to ALPHA
              A_04          A_05          A_06
              ________      ________      ________
 1          0.000E+00     0.000E+00     0.000E+00


           Derivatives With Respect to BETA
              IA            SA            A_01          A_02          A_03
              ________      ________      ________      ________      ________
 IA         0.000E+00     0.000E+00     0.000E+00     0.000E+00     0.000E+00
 SA         0.000E+00     0.000E+00     0.000E+00     0.000E+00     0.000E+00
 A_01       0.000E+00     0.000E+00     0.000E+00     0.000E+00     0.000E+00
 A_02       0.000E+00     0.000E+00    -0.219E-05     0.000E+00     0.000E+00
 A_03       0.000E+00     0.000E+00     0.000E+00    -0.227E-05     0.000E+00
 A_04       0.000E+00     0.000E+00     0.000E+00     0.000E+00    -0.112E-05
 A_05       0.000E+00     0.000E+00     0.000E+00     0.000E+00     0.000E+00
 A_06       0.000E+00     0.000E+00     0.000E+00     0.000E+00     0.000E+00


           Derivatives With Respect to BETA
              A_04          A_05          A_06
              ________      ________      ________
 IA         0.000E+00     0.000E+00     0.000E+00
 SA         0.000E+00     0.000E+00     0.000E+00
 A_01       0.000E+00     0.000E+00     0.000E+00
 A_02       0.000E+00     0.000E+00     0.000E+00
 A_03       0.000E+00     0.000E+00     0.000E+00
 A_04       0.000E+00     0.000E+00     0.000E+00
 A_05       0.832E-06     0.000E+00     0.000E+00
 A_06       0.000E+00     0.331E-05     0.000E+00


           Derivatives With Respect to PSI
              IA            SA            A_01          A_02          A_03
              ________      ________      ________      ________      ________
 IA        -0.218E-08
 SA        -0.822E-05    -0.727E-04
 A_01       0.000E+00     0.000E+00    -0.148E-06
 A_02       0.000E+00     0.000E+00     0.000E+00     0.210E-06
 A_03       0.000E+00     0.000E+00     0.000E+00     0.000E+00     0.566E-06
 A_04       0.000E+00     0.000E+00     0.000E+00     0.000E+00     0.000E+00
 A_05       0.000E+00     0.000E+00     0.000E+00     0.000E+00     0.000E+00
 A_06       0.000E+00     0.000E+00     0.000E+00     0.000E+00     0.000E+00


           Derivatives With Respect to PSI
              A_04          A_05          A_06
              ________      ________      ________
 A_04       0.437E-06
 A_05       0.000E+00     0.120E-06
 A_06       0.000E+00     0.000E+00     0.103E-07


TECHNICAL 3 OUTPUT


           ESTIMATED COVARIANCE MATRIX FOR PARAMETER ESTIMATES
                     1             2             3             4             5
              ________      ________      ________      ________      ________
        1   0.115965D-03
        2  -0.212116D-05  0.621339D-03
        3  -0.520958D-05 -0.149045D-03  0.372768D-04
        4  -0.433060D-05 -0.299800D-03  0.726838D-04  0.146711D-03
        5  -0.356475D-05 -0.450757D-03  0.109040D-03  0.218668D-03  0.330483D-03
        6  -0.375307D-05 -0.626251D-03  0.151314D-03  0.303816D-03  0.456798D-03
        7  -0.353690D-05 -0.793310D-03  0.191563D-03  0.384759D-03  0.578783D-03
        8  -0.159997D-03  0.489745D-04 -0.126718D-04 -0.216926D-04 -0.315949D-04
        9   0.127485D-05  0.315669D-04 -0.776175D-05 -0.160231D-04 -0.242268D-04
       10   0.209640D-06  0.184999D-04 -0.462003D-05 -0.928085D-05 -0.140577D-04
       11  -0.572936D-04 -0.499514D-04  0.190877D-04  0.284035D-04  0.394635D-04
       12  -0.327543D-04 -0.439400D-04  0.946644D-06  0.210640D-04  0.300980D-04
       13  -0.351181D-04 -0.112109D-03  0.254576D-04  0.363119D-04  0.787951D-04
       14  -0.303280D-04 -0.387483D-03  0.936076D-04  0.188426D-03  0.263867D-03
       15  -0.245439D-04 -0.635731D-03  0.154318D-03  0.308294D-03  0.460603D-03
       16  -0.283408D-04 -0.279977D-03  0.695114D-04  0.138467D-03  0.206163D-03


           ESTIMATED COVARIANCE MATRIX FOR PARAMETER ESTIMATES
                     6             7             8             9            10
              ________      ________      ________      ________      ________
        6   0.636655D-03
        7   0.804181D-03  0.102195D-02
        8  -0.434957D-04 -0.545974D-04  0.656562D-03
        9  -0.335243D-04 -0.425312D-04 -0.205430D-04  0.790914D-05
       10  -0.197402D-04 -0.251346D-04  0.223577D-05  0.843866D-06  0.110819D-05
       11   0.542577D-04  0.668968D-04 -0.946148D-04  0.141659D-04 -0.344395D-05
       12   0.413981D-04  0.522152D-04  0.104536D-03 -0.529490D-05 -0.487695D-07
       13   0.107839D-03  0.137150D-03  0.493208D-04 -0.502699D-05 -0.167755D-05
       14   0.394829D-03  0.496761D-03 -0.385330D-05 -0.197765D-04 -0.125783D-04
       15   0.621240D-03  0.819227D-03 -0.385348D-04 -0.340163D-04 -0.197194D-04
       16   0.286244D-03  0.318797D-03 -0.273644D-04 -0.115178D-04 -0.117020D-04


           ESTIMATED COVARIANCE MATRIX FOR PARAMETER ESTIMATES
                    11            12            13            14            15
              ________      ________      ________      ________      ________
       11   0.223409D-03
       12  -0.437538D-04  0.381540D-03
       13   0.780263D-05  0.180721D-04  0.718694D-03
       14   0.453722D-04  0.523508D-04  0.496094D-04  0.926454D-03
       15   0.747631D-04  0.366185D-04  0.149496D-03  0.349954D-03  0.161559D-02
       16   0.738854D-04  0.537898D-05  0.215546D-04  0.190121D-03  0.913923D-04


           ESTIMATED COVARIANCE MATRIX FOR PARAMETER ESTIMATES
                    16
              ________
       16   0.229930D-02


           ESTIMATED CORRELATION MATRIX FOR PARAMETER ESTIMATES
                     1             2             3             4             5
              ________      ________      ________      ________      ________
        1       1.000
        2      -0.008         1.000
        3      -0.079        -0.979         1.000
        4      -0.033        -0.993         0.983         1.000
        5      -0.018        -0.995         0.982         0.993         1.000
        6      -0.014        -0.996         0.982         0.994         0.996
        7      -0.010        -0.996         0.981         0.994         0.996
        8      -0.580         0.077        -0.081        -0.070        -0.068
        9       0.042         0.450        -0.452        -0.470        -0.474
       10       0.018         0.705        -0.719        -0.728        -0.735
       11      -0.356        -0.134         0.209         0.157         0.145
       12      -0.156        -0.090         0.008         0.089         0.085
       13      -0.122        -0.168         0.156         0.112         0.162
       14      -0.093        -0.511         0.504         0.511         0.477
       15      -0.057        -0.635         0.629         0.633         0.630
       16      -0.055        -0.234         0.237         0.238         0.237


           ESTIMATED CORRELATION MATRIX FOR PARAMETER ESTIMATES
                     6             7             8             9            10
              ________      ________      ________      ________      ________
        6       1.000
        7       0.997         1.000
        8      -0.067        -0.067         1.000
        9      -0.472        -0.473        -0.285         1.000
       10      -0.743        -0.747         0.083         0.285         1.000
       11       0.144         0.140        -0.247         0.337        -0.219
       12       0.084         0.084         0.209        -0.096        -0.002
       13       0.159         0.160         0.072        -0.067        -0.059
       14       0.514         0.511        -0.005        -0.231        -0.393
       15       0.613         0.638        -0.037        -0.301        -0.466
       16       0.237         0.208        -0.022        -0.085        -0.232


           ESTIMATED CORRELATION MATRIX FOR PARAMETER ESTIMATES
                    11            12            13            14            15
              ________      ________      ________      ________      ________
       11       1.000
       12      -0.150         1.000
       13       0.019         0.035         1.000
       14       0.100         0.088         0.061         1.000
       15       0.124         0.047         0.139         0.286         1.000
       16       0.103         0.006         0.017         0.130         0.047


           ESTIMATED CORRELATION MATRIX FOR PARAMETER ESTIMATES
                    16
              ________
       16       1.000


     Beginning Time:  12:14:23
        Ending Time:  12:14:41
       Elapsed Time:  00:00:18



MUTHEN & MUTHEN
3463 Stoner Ave.
Los Angeles, CA  90066

Tel: (310) 391-9971
Fax: (310) 391-8971
Web: www.StatModel.com
Support: Support@StatModel.com

Copyright (c) 1998-2015 Muthen & Muthen
