Mplus VERSION 7.4 (Mac)
MUTHEN & MUTHEN
08/02/2017   2:10 PM

INPUT INSTRUCTIONS

  TITLE:
  15 - ALT-12, plus social on cognitive regressions fixed across time
  DATA:
  File = wide-dataset-b.dat;
  VARIABLE:
  NAMES are
   id hhid male birthyr_rand birthmo_rand race_rand hispanic_rand cohort
      raedyrs raedegrm memoryproblems_baseline memory_disease_ever age_baseline
      age_baseline_65 health_conditions_baseline healthcond_mean activity_mean_2004
      activity_mean_2006 activity_mean_2008 activity_mean_2010 activity_mean_2012
      activity_mean_2014 activity_sum_2004 activity_sum_2006 activity_sum_2008
      activity_sum_2010 activity_sum_2012 activity_sum_2014 close_social_network_2004
      close_social_network_2006 close_social_network_2008 close_social_network_2010
      close_social_network_2012 close_social_network_2014 countb20r_2004
      countb20r_2006 countb20r_2008 countb20r_2010 countb20r_2012 countb20r_2014
      crp_adj_2004 crp_adj_2006 crp_adj_2008 crp_adj_2010 crp_adj_2012 crp_adj_2014
      dep_total_2004 dep_total_2006 dep_total_2008 dep_total_2010 dep_total_2012
      dep_total_2014 exercise_2004 exercise_2006 exercise_2008 exercise_2010
      exercise_2012 exercise_2014 healthcond_2004 healthcond_2006 healthcond_2008
      healthcond_2010 healthcond_2012 healthcond_2014 hhres_2004 hhres_2006
      hhres_2008 hhres_2010 hhres_2012 hhres_2014 hrs_tscore_2004 hrs_tscore_2006
      hrs_tscore_2008 hrs_tscore_2010 hrs_tscore_2012 hrs_tscore_2014 intage_r_2004
      intage_r_2006 intage_r_2008 intage_r_2010 intage_r_2012 intage_r_2014
      interview_date_2004 interview_date_2006 interview_date_2008 interview_date_2010
      interview_date_2012 interview_date_2014 lb_65_wave_2004 lb_65_wave_2006
      lb_65_wave_2008 lb_65_wave_2010 lb_65_wave_2012 lb_65_wave_2014 lb_wave_2004
      lb_wave_2006 lb_wave_2008 lb_wave_2010 lb_wave_2012 lb_wave_2014 listassi_2004
      listassi_2006 listassi_2008 listassi_2010 listassi_2012 listassi_2014
      mentalstatus_tot_2004 mentalstatus_tot_2006 mentalstatus_tot_2008
      mentalstatus_tot_2010 mentalstatus_tot_2012 mentalstatus_tot_2014 proxy_2004
      proxy_2006 proxy_2008 proxy_2010 proxy_2012 proxy_2014 responded_2004
      responded_2006 responded_2008 responded_2010 responded_2012 responded_2014
      rmaritalst_2004 rmaritalst_2006 rmaritalst_2008 rmaritalst_2010 rmaritalst_2012
      rmaritalst_2014 rpartst_2004 rpartst_2006 rpartst_2008 rpartst_2010
      rpartst_2012 rpartst_2014 score_loneliness_11_2004 score_loneliness_11_2006
      score_loneliness_11_2008 score_loneliness_11_2010 score_loneliness_11_2012
      score_loneliness_11_2014 score_loneliness_3_2004 score_loneliness_3_2006
      score_loneliness_3_2008 score_loneliness_3_2010 score_loneliness_3_2012
      score_loneliness_3_2014 shhidpnr_2004 shhidpnr_2006 shhidpnr_2008 shhidpnr_2010
      shhidpnr_2012 shhidpnr_2014 snchild_2004 snchild_2006 snchild_2008 snchild_2010
      snchild_2012 snchild_2014 snfamily_2004 snfamily_2006 snfamily_2008
      snfamily_2010 snfamily_2012 snfamily_2014 snfriends_2004 snfriends_2006
      snfriends_2008 snfriends_2010 snfriends_2012 snfriends_2014 snspouse_2004
      snspouse_2006 snspouse_2008 snspouse_2010 snspouse_2012 snspouse_2014
      social_contact_total_2004 social_contact_total_2006 social_contact_total_2008
      social_contact_total_2010 social_contact_total_2012 social_contact_total_2014
      social_strain_mean_2004 social_strain_mean_2006 social_strain_mean_2008
      social_strain_mean_2010 social_strain_mean_2012 social_strain_mean_2014
      social_support_mean_2004 social_support_mean_2006 social_support_mean_2008
      social_support_mean_2010 social_support_mean_2012 social_support_mean_2014
      socialnetwork_total_2004 socialnetwork_total_2006 socialnetwork_total_2008
      socialnetwork_total_2010 socialnetwork_total_2012 socialnetwork_total_2014
      srmemory_2004 srmemory_2006 srmemory_2008 srmemory_2010 srmemory_2012
      srmemory_2014 srmemoryp_2004 srmemoryp_2006 srmemoryp_2008 srmemoryp_2010
      srmemoryp_2012 srmemoryp_2014 vocab_total_2004 vocab_total_2006 vocab_total_2008
      vocab_total_2010 vocab_total_2012 vocab_total_2014 wrectotd_2004 wrectotd_2006
      wrectotd_2008 wrectotd_2010 wrectotd_2012 wrectotd_2014 wrectoti_2004
      wrectoti_2006 wrectoti_2008 wrectoti_2010 wrectoti_2012 wrectoti_2014
  	;
  Missing are all(9999);
  USEVARIABLES are
  	!define the variables used in the analysis
  	!estimated time points
  a_01
  a_02
  a_03
  a_04
  a_05
  a_06
  	!modelled time points of process (B)
  b_01
  b_02
  b_03
  b_04
  b_05
  b_06
  	! covariates used in the model
  	;
  SUBPOPULATION are
  	!select a subset of observations
  age_baseline > 64 AND
  memory_disease_ever EQ 0
  ;
  CLUSTER = hhid;
  DEFINE:
    ! centre baseline age
  a = age_baseline - 69;
  	! assign variables to the process (A)
  a_01=wrectoti_2004;
  a_02=wrectoti_2006;
  a_03=wrectoti_2008;
  a_04=wrectoti_2010;
  a_05=wrectoti_2012;
  a_06=wrectoti_2014;
  	! assign variables to the process (B)
  b_01=social_support_mean_2004;
  b_02=social_support_mean_2006;
  b_03=social_support_mean_2008;
  b_04=social_support_mean_2010;
  b_05=social_support_mean_2012;
  b_06=social_support_mean_2014;
  ANALYSIS:
  TYPE = COMPLEX RANDOM;
  COVERAGE=.00;
  H1ITERATIONS = 10000;
  MODEL:
  	!LGM part
  	! assign process (A) to time points
  ia sa | a_01@0
  a_02@2
  a_03@4
  a_04@6
  a_05@8
  a_06@10 ;
  	! assign process (B) to time points
  ib sb | b_01@0
  b_02@2
  b_03@4
  b_04@6
  b_05@8
  b_06@10 ;
  	!correlations between the first measurement points
  a_01 WITH b_01;
  	!autoregressive part
  a_01;
  a_02 ON a_01(1);
  a_03 ON a_02(1);
  a_04 ON a_03(1);
  a_05 ON a_04(1);
  a_06 ON a_05(1);
  b_01;
  b_02 ON b_01(2);
  b_03 ON b_02(2);
  b_04 ON b_03(2);
  b_05 ON b_04(2);
  b_06 ON b_05(2);
  	!Cross lagged part
  a_02 ON b_01;
  a_03 ON b_02;
  a_04 ON b_03;
  a_05 ON b_04;
  a_06 ON b_05;
  b_02 ON a_01(3);
  b_03 ON a_02(3);
  b_04 ON a_03(3);
  b_05 ON a_04(3);
  b_06 ON a_05(3);
  ! no time specific correlations
  !SAVEDATA:
  !FILE is   %saved_analysis%_fscores.dat;
  !SAVE = FSCORES;
  !RESULTS are   %saved_analysis%_results.dat;
  	
  OUTPUT: SAMPSTAT MODINDICES (3.0); TECH1 TECH2 TECH3;;



INPUT READING TERMINATED NORMALLY




14 - ALT-12, plus social on cognitive regressions fixed across time

SUMMARY OF ANALYSIS

Number of groups                                                 1
Number of observations                                        5952

Number of dependent variables                                   12
Number of independent variables                                  0
Number of continuous latent variables                            4

Observed dependent variables

  Continuous
   A_01        A_02        A_03        A_04        A_05        A_06
   B_01        B_02        B_03        B_04        B_05        B_06

Continuous latent variables
   IA          SA          IB          SB

Variables with special functions

  Cluster variable      HHID

Estimator                                                      MLR
Information matrix                                        OBSERVED
Maximum number of iterations                                   100
Convergence criterion                                    0.100D-05
Maximum number of EM iterations                                500
Convergence criteria for the EM algorithm
  Loglikelihood change                                   0.100D-02
  Relative loglikelihood change                          0.100D-05
  Derivative                                             0.100D-03
Minimum variance                                         0.100D-03
Maximum number of steepest descent iterations                   20
Maximum number of iterations for H1                          10000
Convergence criterion for H1                             0.100D-03
Optimization algorithm                                         EMA

Input data file(s)
  wide-dataset-b.dat
Input data format  FREE


SUMMARY OF DATA

     Number of missing data patterns           274
     Number of clusters        4882



SAMPLE STATISTICS


     ESTIMATED SAMPLE STATISTICS


           Means
              A_01          A_02          A_03          A_04          A_05
              ________      ________      ________      ________      ________
 1              5.434         5.305         5.168         4.832         4.665


           Means
              A_06          B_01          B_02          B_03          B_04
              ________      ________      ________      ________      ________
 1              4.483         9.779         9.575         9.561         9.580


           Means
              B_05          B_06
              ________      ________
 1              9.606         9.574


           Covariances
              A_01          A_02          A_03          A_04          A_05
              ________      ________      ________      ________      ________
 A_01           2.264
 A_02           1.074         2.360
 A_03           1.089         1.087         2.390
 A_04           1.053         1.198         1.153         2.707
 A_05           1.133         1.090         1.240         1.318         2.688
 A_06           1.054         1.242         1.177         1.369         1.385
 B_01           0.049         0.080         0.019         0.127         0.062
 B_02           0.023         0.030         0.053         0.020         0.072
 B_03           0.034         0.110        -0.028         0.161        -0.006
 B_04           0.000         0.062         0.027         0.041         0.039
 B_05           0.000         0.150         0.059         0.153         0.039
 B_06          -0.008         0.024         0.007        -0.054         0.045


           Covariances
              A_06          B_01          B_02          B_03          B_04
              ________      ________      ________      ________      ________
 A_06           2.808
 B_01           0.018         2.365
 B_02          -0.031         1.578         2.324
 B_03           0.045         1.441         0.537         2.542
 B_04           0.022         1.430         1.397         0.698         2.457
 B_05           0.091         1.059         0.529         1.546         0.798
 B_06          -0.057         1.394         1.368         0.292         1.482


           Covariances
              B_05          B_06
              ________      ________
 B_05           2.555
 B_06           0.358         2.634


           Correlations
              A_01          A_02          A_03          A_04          A_05
              ________      ________      ________      ________      ________
 A_01           1.000
 A_02           0.465         1.000
 A_03           0.468         0.458         1.000
 A_04           0.425         0.474         0.453         1.000
 A_05           0.459         0.433         0.489         0.489         1.000
 A_06           0.418         0.483         0.454         0.496         0.504
 B_01           0.021         0.034         0.008         0.050         0.025
 B_02           0.010         0.013         0.023         0.008         0.029
 B_03           0.014         0.045        -0.011         0.061        -0.002
 B_04           0.000         0.026         0.011         0.016         0.015
 B_05           0.000         0.061         0.024         0.058         0.015
 B_06          -0.003         0.010         0.003        -0.020         0.017


           Correlations
              A_06          B_01          B_02          B_03          B_04
              ________      ________      ________      ________      ________
 A_06           1.000
 B_01           0.007         1.000
 B_02          -0.012         0.673         1.000
 B_03           0.017         0.588         0.221         1.000
 B_04           0.008         0.593         0.585         0.279         1.000
 B_05           0.034         0.431         0.217         0.607         0.319
 B_06          -0.021         0.558         0.553         0.113         0.583


           Correlations
              B_05          B_06
              ________      ________
 B_05           1.000
 B_06           0.138         1.000


     MAXIMUM LOG-LIKELIHOOD VALUE FOR THE UNRESTRICTED (H1) MODEL IS -79013.555


UNIVARIATE SAMPLE STATISTICS


     UNIVARIATE HIGHER-ORDER MOMENT DESCRIPTIVE STATISTICS

         Variable/         Mean/     Skewness/   Minimum/ % with                Percentiles
        Sample Size      Variance    Kurtosis    Maximum  Min/Max      20%/60%    40%/80%    Median

     A_01                  5.450      -0.108       0.000    0.36%       4.000      5.000      5.000
            5496.000       2.255       0.367      10.000    0.38%       6.000      7.000
     A_02                  5.312      -0.013       0.000    0.25%       4.000      5.000      5.000
            5681.000       2.347       0.206      10.000    0.42%       6.000      7.000
     A_03                  5.177      -0.071       0.000    0.36%       4.000      5.000      5.000
            5775.000       2.383       0.197      10.000    0.23%       6.000      6.000
     A_04                  4.856      -0.123       0.000    1.04%       4.000      5.000      5.000
            5669.000       2.683       0.277      10.000    0.19%       5.000      6.000
     A_05                  4.743      -0.175       0.000    1.46%       3.000      4.000      5.000
            5132.000       2.642       0.389      10.000    0.19%       5.000      6.000
     A_06                  4.626      -0.096       0.000    1.38%       3.000      4.000      5.000
            4429.000       2.729       0.239      10.000    0.09%       5.000      6.000
     B_01                  9.811      -0.654       4.333    0.09%       8.500      9.667     10.000
            1061.000       2.338       0.097      12.000    8.48%      10.333     11.250
     B_02                  9.578      -0.541       3.000    0.11%       8.333      9.250      9.667
            2787.000       2.311       0.122      12.000    5.63%      10.000     11.000
     B_03                  9.558      -0.590       3.000    0.07%       8.250      9.250      9.667
            2737.000       2.553       0.220      12.000    6.94%      10.000     11.000
     B_04                  9.580      -0.584       3.000    0.04%       8.250      9.333      9.750
            2646.000       2.432       0.067      12.000    6.20%      10.250     11.000
     B_05                  9.610      -0.664       3.000    0.04%       8.333      9.333      9.750
            2235.000       2.541       0.256      12.000    6.67%      10.250     11.000
     B_06                  9.579      -0.596       3.000    0.15%       8.250      9.333      9.667
            2031.000       2.584       0.117      12.000    7.04%      10.250     11.000


THE MODEL ESTIMATION TERMINATED NORMALLY



MODEL FIT INFORMATION

Number of Free Parameters                       35

Loglikelihood

          H0 Value                      -79084.092
          H0 Scaling Correction Factor      1.2718
            for MLR
          H1 Value                      -79013.555
          H1 Scaling Correction Factor      1.1180
            for MLR

Information Criteria

          Akaike (AIC)                  158238.184
          Bayesian (BIC)                158472.386
          Sample-Size Adjusted BIC      158361.165
            (n* = (n + 2) / 24)

Chi-Square Test of Model Fit

          Value                            138.300*
          Degrees of Freedom                    55
          P-Value                           0.0000
          Scaling Correction Factor         1.0201
            for MLR

*   The chi-square value for MLM, MLMV, MLR, ULSMV, WLSM and WLSMV cannot be used
    for chi-square difference testing in the regular way.  MLM, MLR and WLSM
    chi-square difference testing is described on the Mplus website.  MLMV, WLSMV,
    and ULSMV difference testing is done using the DIFFTEST option.

RMSEA (Root Mean Square Error Of Approximation)

          Estimate                           0.016

CFI/TLI

          CFI                                0.993
          TLI                                0.991

Chi-Square Test of Model Fit for the Baseline Model

          Value                          11669.708
          Degrees of Freedom                    66
          P-Value                           0.0000

SRMR (Standardized Root Mean Square Residual)

          Value                              0.108



MODEL RESULTS

                                                    Two-Tailed
                    Estimate       S.E.  Est./S.E.    P-Value

 IA       |
    A_01               1.000      0.000    999.000    999.000
    A_02               1.000      0.000    999.000    999.000
    A_03               1.000      0.000    999.000    999.000
    A_04               1.000      0.000    999.000    999.000
    A_05               1.000      0.000    999.000    999.000
    A_06               1.000      0.000    999.000    999.000

 SA       |
    A_01               0.000      0.000    999.000    999.000
    A_02               2.000      0.000    999.000    999.000
    A_03               4.000      0.000    999.000    999.000
    A_04               6.000      0.000    999.000    999.000
    A_05               8.000      0.000    999.000    999.000
    A_06              10.000      0.000    999.000    999.000

 IB       |
    B_01               1.000      0.000    999.000    999.000
    B_02               1.000      0.000    999.000    999.000
    B_03               1.000      0.000    999.000    999.000
    B_04               1.000      0.000    999.000    999.000
    B_05               1.000      0.000    999.000    999.000
    B_06               1.000      0.000    999.000    999.000

 SB       |
    B_01               0.000      0.000    999.000    999.000
    B_02               2.000      0.000    999.000    999.000
    B_03               4.000      0.000    999.000    999.000
    B_04               6.000      0.000    999.000    999.000
    B_05               8.000      0.000    999.000    999.000
    B_06              10.000      0.000    999.000    999.000

 A_02       ON
    A_01              -0.019      0.010     -1.992      0.046
    B_01               0.022      0.007      3.124      0.002

 A_03       ON
    A_02              -0.019      0.010     -1.992      0.046
    B_02               0.031      0.012      2.697      0.007

 A_04       ON
    A_03              -0.019      0.010     -1.992      0.046
    B_03               0.021      0.017      1.233      0.218

 A_05       ON
    A_04              -0.019      0.010     -1.992      0.046
    B_04               0.027      0.023      1.170      0.242

 A_06       ON
    A_05              -0.019      0.010     -1.992      0.046
    B_05               0.031      0.029      1.082      0.279

 B_02       ON
    B_01              -0.030      0.008     -3.635      0.000
    A_01               0.015      0.013      1.189      0.234

 B_03       ON
    B_02              -0.030      0.008     -3.635      0.000
    A_02               0.015      0.013      1.189      0.234

 B_04       ON
    B_03              -0.030      0.008     -3.635      0.000
    A_03               0.015      0.013      1.189      0.234

 B_05       ON
    B_04              -0.030      0.008     -3.635      0.000
    A_04               0.015      0.013      1.189      0.234

 B_06       ON
    B_05              -0.030      0.008     -3.635      0.000
    A_05               0.015      0.013      1.189      0.234

 SA       WITH
    IA                 0.001      0.004      0.252      0.801

 IB       WITH
    IA                 0.007      0.042      0.177      0.859
    SA                -0.001      0.005     -0.198      0.843

 SB       WITH
    IA                 0.000      0.005      0.029      0.977
    SA                -0.001      0.001     -0.720      0.471
    IB                -0.037      0.011     -3.451      0.001

 A_01     WITH
    B_01               0.045      0.049      0.906      0.365

 Means
    IA                 5.432      0.020    265.809      0.000
    SA                -0.116      0.028     -4.092      0.000
    IB                 9.776      0.039    249.553      0.000
    SB                 0.002      0.004      0.642      0.521

 Intercepts
    A_01               0.000      0.000    999.000    999.000
    A_02               0.000      0.000    999.000    999.000
    A_03               0.000      0.000    999.000    999.000
    A_04               0.000      0.000    999.000    999.000
    A_05               0.000      0.000    999.000    999.000
    A_06               0.000      0.000    999.000    999.000
    B_01               0.000      0.000    999.000    999.000
    B_02               0.000      0.000    999.000    999.000
    B_03               0.000      0.000    999.000    999.000
    B_04               0.000      0.000    999.000    999.000
    B_05               0.000      0.000    999.000    999.000
    B_06               0.000      0.000    999.000    999.000

 Variances
    IA                 1.111      0.042     26.384      0.000
    SA                 0.005      0.001      5.823      0.000
    IB                 1.710      0.088     19.522      0.000
    SB                 0.009      0.002      4.240      0.000

 Residual Variances
    A_01               1.169      0.041     28.433      0.000
    A_02               1.243      0.035     35.232      0.000
    A_03               1.266      0.032     38.985      0.000
    A_04               1.428      0.043     33.203      0.000
    A_05               1.317      0.046     28.339      0.000
    A_06               1.312      0.048     27.145      0.000
    B_01               0.742      0.091      8.128      0.000
    B_02               0.821      0.054     15.328      0.000
    B_03               1.011      0.056     17.999      0.000
    B_04               1.032      0.057     18.153      0.000
    B_05               0.936      0.073     12.812      0.000
    B_06               0.916      0.092      9.987      0.000


QUALITY OF NUMERICAL RESULTS

     Condition Number for the Information Matrix              0.295E-05
       (ratio of smallest to largest eigenvalue)


MODEL MODIFICATION INDICES

NOTE:  Modification indices for direct effects of observed dependent variables
regressed on covariates may not be included.  To include these, request
MODINDICES (ALL).

Minimum M.I. value for printing the modification index     3.000

                                   M.I.     E.P.C.


ON/BY Statements

A_03     ON SA       /
SA       BY A_03                   5.846    -1.205
A_04     ON SA       /
SA       BY A_04                  12.910     2.029
A_04     ON IB       /
IB       BY A_04                   4.560    -0.078
A_06     ON SA       /
SA       BY A_06                   3.714    -2.042
B_01     ON SB       /
SB       BY B_01                   4.895    -3.631
B_03     ON SB       /
SB       BY B_03                   5.937     2.721
B_04     ON SB       /
SB       BY B_04                   5.590    -2.920
B_05     ON SB       /
SB       BY B_05                  20.391     8.789
B_06     ON SB       /
SB       BY B_06                  15.634    -9.387
SB       ON IA       /
IA       BY SB                   999.000     0.000
SB       ON IB       /
IB       BY SB                   999.000     0.000

ON Statements

SA       ON A_03                   3.681    -0.004
SA       ON A_04                   6.589     0.005
IB       ON A_03                   4.460    -0.040
IB       ON A_04                   5.707     0.043
IB       ON B_03                   6.636     0.137
SB       ON A_01                   3.552    -0.007
SB       ON A_02                   4.485     0.006
SB       ON B_01                   5.333    -0.026
SB       ON B_03                  12.325     0.027
SB       ON B_04                  12.475    -0.031
SB       ON B_05                  15.655     0.061
SB       ON B_06                  10.532    -0.059
A_01     ON A_04                   7.082    -0.034
A_01     ON A_05                   3.306     0.023
A_02     ON A_04                   3.520     0.019
A_02     ON A_05                   8.444    -0.031
A_02     ON A_06                   7.757     0.031
A_02     ON B_05                   4.197     0.049
A_03     ON A_06                   3.234    -0.018
A_03     ON B_03                   3.783    -0.044
A_04     ON A_01                   6.480    -0.028
A_04     ON B_02                   3.582    -0.047
A_04     ON B_06                   7.468    -0.064
A_05     ON A_01                   4.178     0.024
A_05     ON A_02                   8.300    -0.034
A_05     ON B_02                   4.267     0.047
A_06     ON A_02                   7.664     0.039
A_06     ON A_03                   5.517    -0.033
B_01     ON A_04                   3.590     0.045
B_01     ON B_05                  10.724    -0.165
B_03     ON A_03                   4.059    -0.011
B_05     ON A_02                   4.499     0.012
B_05     ON A_03                   3.404     0.011
B_05     ON A_04                   3.402     0.011

WITH Statements

A_01     WITH SB                   3.379    -0.008
A_02     WITH SB                   4.522     0.007
A_03     WITH SA                   3.619    -0.005
A_03     WITH IB                   4.415    -0.051
A_04     WITH SA                   6.499     0.007
A_04     WITH IB                   5.486     0.061
A_04     WITH A_01                10.282    -0.075
A_04     WITH A_02                 6.815     0.061
A_05     WITH A_01                 8.048     0.069
A_05     WITH A_02                28.498    -0.127
A_05     WITH A_03                 3.910     0.048
A_05     WITH A_04                 3.521     0.051
A_06     WITH SA                   3.150    -0.011
A_06     WITH A_02                17.990     0.112
A_06     WITH A_03                 9.882    -0.082
B_01     WITH SB                   4.359    -0.017
B_02     WITH A_05                 3.524     0.062
B_03     WITH IB                   6.564     0.139
B_03     WITH SB                  12.079     0.027
B_03     WITH A_03                 7.116    -0.083
B_03     WITH A_04                 6.081     0.094
B_03     WITH B_02                 8.857    -1.312
B_04     WITH SB                  11.886    -0.032
B_04     WITH A_05                 3.004    -0.069
B_04     WITH B_03                 3.175    -0.817
B_05     WITH SB                  15.393     0.059
B_05     WITH A_01                 4.205    -0.076
B_05     WITH A_02                 4.694     0.079
B_05     WITH B_01                23.523    -0.368
B_05     WITH B_02                 4.765    -1.490
B_05     WITH B_03                16.476     0.251
B_06     WITH SB                   9.946    -0.054
B_06     WITH B_03                 5.156    -1.319
B_06     WITH B_04                12.151    -0.351

Means/Intercepts/Thresholds

[ A_03     ]                       3.061     0.225
[ A_04     ]                       8.062    -0.380


TECHNICAL 1 OUTPUT


     PARAMETER SPECIFICATION


           NU
              A_01          A_02          A_03          A_04          A_05
              ________      ________      ________      ________      ________
 1                  0             0             0             0             0


           NU
              A_06          B_01          B_02          B_03          B_04
              ________      ________      ________      ________      ________
 1                  0             0             0             0             0


           NU
              B_05          B_06
              ________      ________
 1                  0             0


           LAMBDA
              IA            SA            IB            SB            A_01
              ________      ________      ________      ________      ________
 A_01               0             0             0             0             0
 A_02               0             0             0             0             0
 A_03               0             0             0             0             0
 A_04               0             0             0             0             0
 A_05               0             0             0             0             0
 A_06               0             0             0             0             0
 B_01               0             0             0             0             0
 B_02               0             0             0             0             0
 B_03               0             0             0             0             0
 B_04               0             0             0             0             0
 B_05               0             0             0             0             0
 B_06               0             0             0             0             0


           LAMBDA
              A_02          A_03          A_04          A_05          A_06
              ________      ________      ________      ________      ________
 A_01               0             0             0             0             0
 A_02               0             0             0             0             0
 A_03               0             0             0             0             0
 A_04               0             0             0             0             0
 A_05               0             0             0             0             0
 A_06               0             0             0             0             0
 B_01               0             0             0             0             0
 B_02               0             0             0             0             0
 B_03               0             0             0             0             0
 B_04               0             0             0             0             0
 B_05               0             0             0             0             0
 B_06               0             0             0             0             0


           LAMBDA
              B_01          B_02          B_03          B_04          B_05
              ________      ________      ________      ________      ________
 A_01               0             0             0             0             0
 A_02               0             0             0             0             0
 A_03               0             0             0             0             0
 A_04               0             0             0             0             0
 A_05               0             0             0             0             0
 A_06               0             0             0             0             0
 B_01               0             0             0             0             0
 B_02               0             0             0             0             0
 B_03               0             0             0             0             0
 B_04               0             0             0             0             0
 B_05               0             0             0             0             0
 B_06               0             0             0             0             0


           LAMBDA
              B_06
              ________
 A_01               0
 A_02               0
 A_03               0
 A_04               0
 A_05               0
 A_06               0
 B_01               0
 B_02               0
 B_03               0
 B_04               0
 B_05               0
 B_06               0


           THETA
              A_01          A_02          A_03          A_04          A_05
              ________      ________      ________      ________      ________
 A_01               0
 A_02               0             0
 A_03               0             0             0
 A_04               0             0             0             0
 A_05               0             0             0             0             0
 A_06               0             0             0             0             0
 B_01               0             0             0             0             0
 B_02               0             0             0             0             0
 B_03               0             0             0             0             0
 B_04               0             0             0             0             0
 B_05               0             0             0             0             0
 B_06               0             0             0             0             0


           THETA
              A_06          B_01          B_02          B_03          B_04
              ________      ________      ________      ________      ________
 A_06               0
 B_01               0             0
 B_02               0             0             0
 B_03               0             0             0             0
 B_04               0             0             0             0             0
 B_05               0             0             0             0             0
 B_06               0             0             0             0             0


           THETA
              B_05          B_06
              ________      ________
 B_05               0
 B_06               0             0


           ALPHA
              IA            SA            IB            SB            A_01
              ________      ________      ________      ________      ________
 1                  1             2             3             4             0


           ALPHA
              A_02          A_03          A_04          A_05          A_06
              ________      ________      ________      ________      ________
 1                  0             0             0             0             0


           ALPHA
              B_01          B_02          B_03          B_04          B_05
              ________      ________      ________      ________      ________
 1                  0             0             0             0             0


           ALPHA
              B_06
              ________
 1                  0


           BETA
              IA            SA            IB            SB            A_01
              ________      ________      ________      ________      ________
 IA                 0             0             0             0             0
 SA                 0             0             0             0             0
 IB                 0             0             0             0             0
 SB                 0             0             0             0             0
 A_01               0             0             0             0             0
 A_02               0             0             0             0             5
 A_03               0             0             0             0             0
 A_04               0             0             0             0             0
 A_05               0             0             0             0             0
 A_06               0             0             0             0             0
 B_01               0             0             0             0             0
 B_02               0             0             0             0            11
 B_03               0             0             0             0             0
 B_04               0             0             0             0             0
 B_05               0             0             0             0             0
 B_06               0             0             0             0             0


           BETA
              A_02          A_03          A_04          A_05          A_06
              ________      ________      ________      ________      ________
 IA                 0             0             0             0             0
 SA                 0             0             0             0             0
 IB                 0             0             0             0             0
 SB                 0             0             0             0             0
 A_01               0             0             0             0             0
 A_02               0             0             0             0             0
 A_03               5             0             0             0             0
 A_04               0             5             0             0             0
 A_05               0             0             5             0             0
 A_06               0             0             0             5             0
 B_01               0             0             0             0             0
 B_02               0             0             0             0             0
 B_03              11             0             0             0             0
 B_04               0            11             0             0             0
 B_05               0             0            11             0             0
 B_06               0             0             0            11             0


           BETA
              B_01          B_02          B_03          B_04          B_05
              ________      ________      ________      ________      ________
 IA                 0             0             0             0             0
 SA                 0             0             0             0             0
 IB                 0             0             0             0             0
 SB                 0             0             0             0             0
 A_01               0             0             0             0             0
 A_02               6             0             0             0             0
 A_03               0             7             0             0             0
 A_04               0             0             8             0             0
 A_05               0             0             0             9             0
 A_06               0             0             0             0            10
 B_01               0             0             0             0             0
 B_02              12             0             0             0             0
 B_03               0            12             0             0             0
 B_04               0             0            12             0             0
 B_05               0             0             0            12             0
 B_06               0             0             0             0            12


           BETA
              B_06
              ________
 IA                 0
 SA                 0
 IB                 0
 SB                 0
 A_01               0
 A_02               0
 A_03               0
 A_04               0
 A_05               0
 A_06               0
 B_01               0
 B_02               0
 B_03               0
 B_04               0
 B_05               0
 B_06               0


           PSI
              IA            SA            IB            SB            A_01
              ________      ________      ________      ________      ________
 IA                13
 SA                14            15
 IB                16            17            18
 SB                19            20            21            22
 A_01               0             0             0             0            23
 A_02               0             0             0             0             0
 A_03               0             0             0             0             0
 A_04               0             0             0             0             0
 A_05               0             0             0             0             0
 A_06               0             0             0             0             0
 B_01               0             0             0             0            29
 B_02               0             0             0             0             0
 B_03               0             0             0             0             0
 B_04               0             0             0             0             0
 B_05               0             0             0             0             0
 B_06               0             0             0             0             0


           PSI
              A_02          A_03          A_04          A_05          A_06
              ________      ________      ________      ________      ________
 A_02              24
 A_03               0            25
 A_04               0             0            26
 A_05               0             0             0            27
 A_06               0             0             0             0            28
 B_01               0             0             0             0             0
 B_02               0             0             0             0             0
 B_03               0             0             0             0             0
 B_04               0             0             0             0             0
 B_05               0             0             0             0             0
 B_06               0             0             0             0             0


           PSI
              B_01          B_02          B_03          B_04          B_05
              ________      ________      ________      ________      ________
 B_01              30
 B_02               0            31
 B_03               0             0            32
 B_04               0             0             0            33
 B_05               0             0             0             0            34
 B_06               0             0             0             0             0


           PSI
              B_06
              ________
 B_06              35


     STARTING VALUES


           NU
              A_01          A_02          A_03          A_04          A_05
              ________      ________      ________      ________      ________
 1              0.000         0.000         0.000         0.000         0.000


           NU
              A_06          B_01          B_02          B_03          B_04
              ________      ________      ________      ________      ________
 1              0.000         0.000         0.000         0.000         0.000


           NU
              B_05          B_06
              ________      ________
 1              0.000         0.000


           LAMBDA
              IA            SA            IB            SB            A_01
              ________      ________      ________      ________      ________
 A_01           0.000         0.000         0.000         0.000         1.000
 A_02           0.000         0.000         0.000         0.000         0.000
 A_03           0.000         0.000         0.000         0.000         0.000
 A_04           0.000         0.000         0.000         0.000         0.000
 A_05           0.000         0.000         0.000         0.000         0.000
 A_06           0.000         0.000         0.000         0.000         0.000
 B_01           0.000         0.000         0.000         0.000         0.000
 B_02           0.000         0.000         0.000         0.000         0.000
 B_03           0.000         0.000         0.000         0.000         0.000
 B_04           0.000         0.000         0.000         0.000         0.000
 B_05           0.000         0.000         0.000         0.000         0.000
 B_06           0.000         0.000         0.000         0.000         0.000


           LAMBDA
              A_02          A_03          A_04          A_05          A_06
              ________      ________      ________      ________      ________
 A_01           0.000         0.000         0.000         0.000         0.000
 A_02           1.000         0.000         0.000         0.000         0.000
 A_03           0.000         1.000         0.000         0.000         0.000
 A_04           0.000         0.000         1.000         0.000         0.000
 A_05           0.000         0.000         0.000         1.000         0.000
 A_06           0.000         0.000         0.000         0.000         1.000
 B_01           0.000         0.000         0.000         0.000         0.000
 B_02           0.000         0.000         0.000         0.000         0.000
 B_03           0.000         0.000         0.000         0.000         0.000
 B_04           0.000         0.000         0.000         0.000         0.000
 B_05           0.000         0.000         0.000         0.000         0.000
 B_06           0.000         0.000         0.000         0.000         0.000


           LAMBDA
              B_01          B_02          B_03          B_04          B_05
              ________      ________      ________      ________      ________
 A_01           0.000         0.000         0.000         0.000         0.000
 A_02           0.000         0.000         0.000         0.000         0.000
 A_03           0.000         0.000         0.000         0.000         0.000
 A_04           0.000         0.000         0.000         0.000         0.000
 A_05           0.000         0.000         0.000         0.000         0.000
 A_06           0.000         0.000         0.000         0.000         0.000
 B_01           1.000         0.000         0.000         0.000         0.000
 B_02           0.000         1.000         0.000         0.000         0.000
 B_03           0.000         0.000         1.000         0.000         0.000
 B_04           0.000         0.000         0.000         1.000         0.000
 B_05           0.000         0.000         0.000         0.000         1.000
 B_06           0.000         0.000         0.000         0.000         0.000


           LAMBDA
              B_06
              ________
 A_01           0.000
 A_02           0.000
 A_03           0.000
 A_04           0.000
 A_05           0.000
 A_06           0.000
 B_01           0.000
 B_02           0.000
 B_03           0.000
 B_04           0.000
 B_05           0.000
 B_06           1.000


           THETA
              A_01          A_02          A_03          A_04          A_05
              ________      ________      ________      ________      ________
 A_01           0.000
 A_02           0.000         0.000
 A_03           0.000         0.000         0.000
 A_04           0.000         0.000         0.000         0.000
 A_05           0.000         0.000         0.000         0.000         0.000
 A_06           0.000         0.000         0.000         0.000         0.000
 B_01           0.000         0.000         0.000         0.000         0.000
 B_02           0.000         0.000         0.000         0.000         0.000
 B_03           0.000         0.000         0.000         0.000         0.000
 B_04           0.000         0.000         0.000         0.000         0.000
 B_05           0.000         0.000         0.000         0.000         0.000
 B_06           0.000         0.000         0.000         0.000         0.000


           THETA
              A_06          B_01          B_02          B_03          B_04
              ________      ________      ________      ________      ________
 A_06           0.000
 B_01           0.000         0.000
 B_02           0.000         0.000         0.000
 B_03           0.000         0.000         0.000         0.000
 B_04           0.000         0.000         0.000         0.000         0.000
 B_05           0.000         0.000         0.000         0.000         0.000
 B_06           0.000         0.000         0.000         0.000         0.000


           THETA
              B_05          B_06
              ________      ________
 B_05           0.000
 B_06           0.000         0.000


           ALPHA
              IA            SA            IB            SB            A_01
              ________      ________      ________      ________      ________
 1              5.369        -0.112         9.696        -0.030         0.000


           ALPHA
              A_02          A_03          A_04          A_05          A_06
              ________      ________      ________      ________      ________
 1              0.000         0.000         0.000         0.000         0.000


           ALPHA
              B_01          B_02          B_03          B_04          B_05
              ________      ________      ________      ________      ________
 1              0.000         0.000         0.000         0.000         0.000


           ALPHA
              B_06
              ________
 1              0.000


           BETA
              IA            SA            IB            SB            A_01
              ________      ________      ________      ________      ________
 IA             0.000         0.000         0.000         0.000         0.000
 SA             0.000         0.000         0.000         0.000         0.000
 IB             0.000         0.000         0.000         0.000         0.000
 SB             0.000         0.000         0.000         0.000         0.000
 A_01           1.000         0.000         0.000         0.000         0.000
 A_02           1.000         2.000         0.000         0.000         0.000
 A_03           1.000         4.000         0.000         0.000         0.000
 A_04           1.000         6.000         0.000         0.000         0.000
 A_05           1.000         8.000         0.000         0.000         0.000
 A_06           1.000        10.000         0.000         0.000         0.000
 B_01           0.000         0.000         1.000         0.000         0.000
 B_02           0.000         0.000         1.000         2.000         0.000
 B_03           0.000         0.000         1.000         4.000         0.000
 B_04           0.000         0.000         1.000         6.000         0.000
 B_05           0.000         0.000         1.000         8.000         0.000
 B_06           0.000         0.000         1.000        10.000         0.000


           BETA
              A_02          A_03          A_04          A_05          A_06
              ________      ________      ________      ________      ________
 IA             0.000         0.000         0.000         0.000         0.000
 SA             0.000         0.000         0.000         0.000         0.000
 IB             0.000         0.000         0.000         0.000         0.000
 SB             0.000         0.000         0.000         0.000         0.000
 A_01           0.000         0.000         0.000         0.000         0.000
 A_02           0.000         0.000         0.000         0.000         0.000
 A_03           0.000         0.000         0.000         0.000         0.000
 A_04           0.000         0.000         0.000         0.000         0.000
 A_05           0.000         0.000         0.000         0.000         0.000
 A_06           0.000         0.000         0.000         0.000         0.000
 B_01           0.000         0.000         0.000         0.000         0.000
 B_02           0.000         0.000         0.000         0.000         0.000
 B_03           0.000         0.000         0.000         0.000         0.000
 B_04           0.000         0.000         0.000         0.000         0.000
 B_05           0.000         0.000         0.000         0.000         0.000
 B_06           0.000         0.000         0.000         0.000         0.000


           BETA
              B_01          B_02          B_03          B_04          B_05
              ________      ________      ________      ________      ________
 IA             0.000         0.000         0.000         0.000         0.000
 SA             0.000         0.000         0.000         0.000         0.000
 IB             0.000         0.000         0.000         0.000         0.000
 SB             0.000         0.000         0.000         0.000         0.000
 A_01           0.000         0.000         0.000         0.000         0.000
 A_02           0.000         0.000         0.000         0.000         0.000
 A_03           0.000         0.000         0.000         0.000         0.000
 A_04           0.000         0.000         0.000         0.000         0.000
 A_05           0.000         0.000         0.000         0.000         0.000
 A_06           0.000         0.000         0.000         0.000         0.000
 B_01           0.000         0.000         0.000         0.000         0.000
 B_02           0.000         0.000         0.000         0.000         0.000
 B_03           0.000         0.000         0.000         0.000         0.000
 B_04           0.000         0.000         0.000         0.000         0.000
 B_05           0.000         0.000         0.000         0.000         0.000
 B_06           0.000         0.000         0.000         0.000         0.000


           BETA
              B_06
              ________
 IA             0.000
 SA             0.000
 IB             0.000
 SB             0.000
 A_01           0.000
 A_02           0.000
 A_03           0.000
 A_04           0.000
 A_05           0.000
 A_06           0.000
 B_01           0.000
 B_02           0.000
 B_03           0.000
 B_04           0.000
 B_05           0.000
 B_06           0.000


           PSI
              IA            SA            IB            SB            A_01
              ________      ________      ________      ________      ________
 IA             1.928
 SA             0.000         0.053
 IB             0.000         0.000         3.228
 SB             0.000         0.000         0.000         0.133
 A_01           0.000         0.000         0.000         0.000         1.127
 A_02           0.000         0.000         0.000         0.000         0.000
 A_03           0.000         0.000         0.000         0.000         0.000
 A_04           0.000         0.000         0.000         0.000         0.000
 A_05           0.000         0.000         0.000         0.000         0.000
 A_06           0.000         0.000         0.000         0.000         0.000
 B_01           0.000         0.000         0.000         0.000         0.000
 B_02           0.000         0.000         0.000         0.000         0.000
 B_03           0.000         0.000         0.000         0.000         0.000
 B_04           0.000         0.000         0.000         0.000         0.000
 B_05           0.000         0.000         0.000         0.000         0.000
 B_06           0.000         0.000         0.000         0.000         0.000


           PSI
              A_02          A_03          A_04          A_05          A_06
              ________      ________      ________      ________      ________
 A_02           1.173
 A_03           0.000         1.191
 A_04           0.000         0.000         1.342
 A_05           0.000         0.000         0.000         1.321
 A_06           0.000         0.000         0.000         0.000         1.364
 B_01           0.000         0.000         0.000         0.000         0.000
 B_02           0.000         0.000         0.000         0.000         0.000
 B_03           0.000         0.000         0.000         0.000         0.000
 B_04           0.000         0.000         0.000         0.000         0.000
 B_05           0.000         0.000         0.000         0.000         0.000
 B_06           0.000         0.000         0.000         0.000         0.000


           PSI
              B_01          B_02          B_03          B_04          B_05
              ________      ________      ________      ________      ________
 B_01           1.169
 B_02           0.000         1.155
 B_03           0.000         0.000         1.277
 B_04           0.000         0.000         0.000         1.216
 B_05           0.000         0.000         0.000         0.000         1.271
 B_06           0.000         0.000         0.000         0.000         0.000


           PSI
              B_06
              ________
 B_06           1.292


TECHNICAL 2 OUTPUT


     DERIVATIVES


           Derivatives With Respect to NU
              A_01          A_02          A_03          A_04          A_05
              ________      ________      ________      ________      ________
 1          0.000E+00     0.000E+00     0.000E+00     0.000E+00     0.000E+00


           Derivatives With Respect to NU
              A_06          B_01          B_02          B_03          B_04
              ________      ________      ________      ________      ________
 1          0.000E+00     0.000E+00     0.000E+00     0.000E+00     0.000E+00


           Derivatives With Respect to NU
              B_05          B_06
              ________      ________
 1          0.000E+00     0.000E+00


           Derivatives With Respect to LAMBDA
              IA            SA            IB            SB            A_01
              ________      ________      ________      ________      ________
 A_01       0.000E+00     0.000E+00     0.000E+00     0.000E+00     0.000E+00
 A_02       0.000E+00     0.000E+00     0.000E+00     0.000E+00     0.000E+00
 A_03       0.000E+00     0.000E+00     0.000E+00     0.000E+00     0.000E+00
 A_04       0.000E+00     0.000E+00     0.000E+00     0.000E+00     0.000E+00
 A_05       0.000E+00     0.000E+00     0.000E+00     0.000E+00     0.000E+00
 A_06       0.000E+00     0.000E+00     0.000E+00     0.000E+00     0.000E+00
 B_01       0.000E+00     0.000E+00     0.000E+00     0.000E+00     0.000E+00
 B_02       0.000E+00     0.000E+00     0.000E+00     0.000E+00     0.000E+00
 B_03       0.000E+00     0.000E+00     0.000E+00     0.000E+00     0.000E+00
 B_04       0.000E+00     0.000E+00     0.000E+00     0.000E+00     0.000E+00
 B_05       0.000E+00     0.000E+00     0.000E+00     0.000E+00     0.000E+00
 B_06       0.000E+00     0.000E+00     0.000E+00     0.000E+00     0.000E+00


           Derivatives With Respect to LAMBDA
              A_02          A_03          A_04          A_05          A_06
              ________      ________      ________      ________      ________
 A_01       0.000E+00     0.000E+00     0.000E+00     0.000E+00     0.000E+00
 A_02       0.000E+00     0.000E+00     0.000E+00     0.000E+00     0.000E+00
 A_03       0.000E+00     0.000E+00     0.000E+00     0.000E+00     0.000E+00
 A_04       0.000E+00     0.000E+00     0.000E+00     0.000E+00     0.000E+00
 A_05       0.000E+00     0.000E+00     0.000E+00     0.000E+00     0.000E+00
 A_06       0.000E+00     0.000E+00     0.000E+00     0.000E+00     0.000E+00
 B_01       0.000E+00     0.000E+00     0.000E+00     0.000E+00     0.000E+00
 B_02       0.000E+00     0.000E+00     0.000E+00     0.000E+00     0.000E+00
 B_03       0.000E+00     0.000E+00     0.000E+00     0.000E+00     0.000E+00
 B_04       0.000E+00     0.000E+00     0.000E+00     0.000E+00     0.000E+00
 B_05       0.000E+00     0.000E+00     0.000E+00     0.000E+00     0.000E+00
 B_06       0.000E+00     0.000E+00     0.000E+00     0.000E+00     0.000E+00


           Derivatives With Respect to LAMBDA
              B_01          B_02          B_03          B_04          B_05
              ________      ________      ________      ________      ________
 A_01       0.000E+00     0.000E+00     0.000E+00     0.000E+00     0.000E+00
 A_02       0.000E+00     0.000E+00     0.000E+00     0.000E+00     0.000E+00
 A_03       0.000E+00     0.000E+00     0.000E+00     0.000E+00     0.000E+00
 A_04       0.000E+00     0.000E+00     0.000E+00     0.000E+00     0.000E+00
 A_05       0.000E+00     0.000E+00     0.000E+00     0.000E+00     0.000E+00
 A_06       0.000E+00     0.000E+00     0.000E+00     0.000E+00     0.000E+00
 B_01       0.000E+00     0.000E+00     0.000E+00     0.000E+00     0.000E+00
 B_02       0.000E+00     0.000E+00     0.000E+00     0.000E+00     0.000E+00
 B_03       0.000E+00     0.000E+00     0.000E+00     0.000E+00     0.000E+00
 B_04       0.000E+00     0.000E+00     0.000E+00     0.000E+00     0.000E+00
 B_05       0.000E+00     0.000E+00     0.000E+00     0.000E+00     0.000E+00
 B_06       0.000E+00     0.000E+00     0.000E+00     0.000E+00     0.000E+00


           Derivatives With Respect to LAMBDA
              B_06
              ________
 A_01       0.000E+00
 A_02       0.000E+00
 A_03       0.000E+00
 A_04       0.000E+00
 A_05       0.000E+00
 A_06       0.000E+00
 B_01       0.000E+00
 B_02       0.000E+00
 B_03       0.000E+00
 B_04       0.000E+00
 B_05       0.000E+00
 B_06       0.000E+00


           Derivatives With Respect to THETA
              A_01          A_02          A_03          A_04          A_05
              ________      ________      ________      ________      ________
 A_01       0.000E+00
 A_02       0.000E+00     0.000E+00
 A_03       0.000E+00     0.000E+00     0.000E+00
 A_04       0.000E+00     0.000E+00     0.000E+00     0.000E+00
 A_05       0.000E+00     0.000E+00     0.000E+00     0.000E+00     0.000E+00
 A_06       0.000E+00     0.000E+00     0.000E+00     0.000E+00     0.000E+00
 B_01       0.000E+00     0.000E+00     0.000E+00     0.000E+00     0.000E+00
 B_02       0.000E+00     0.000E+00     0.000E+00     0.000E+00     0.000E+00
 B_03       0.000E+00     0.000E+00     0.000E+00     0.000E+00     0.000E+00
 B_04       0.000E+00     0.000E+00     0.000E+00     0.000E+00     0.000E+00
 B_05       0.000E+00     0.000E+00     0.000E+00     0.000E+00     0.000E+00
 B_06       0.000E+00     0.000E+00     0.000E+00     0.000E+00     0.000E+00


           Derivatives With Respect to THETA
              A_06          B_01          B_02          B_03          B_04
              ________      ________      ________      ________      ________
 A_06       0.000E+00
 B_01       0.000E+00     0.000E+00
 B_02       0.000E+00     0.000E+00     0.000E+00
 B_03       0.000E+00     0.000E+00     0.000E+00     0.000E+00
 B_04       0.000E+00     0.000E+00     0.000E+00     0.000E+00     0.000E+00
 B_05       0.000E+00     0.000E+00     0.000E+00     0.000E+00     0.000E+00
 B_06       0.000E+00     0.000E+00     0.000E+00     0.000E+00     0.000E+00


           Derivatives With Respect to THETA
              B_05          B_06
              ________      ________
 B_05       0.000E+00
 B_06       0.000E+00     0.000E+00


           Derivatives With Respect to ALPHA
              IA            SA            IB            SB            A_01
              ________      ________      ________      ________      ________
 1         -0.120E-05    -0.629E-05    -0.186E-05    -0.347E-04     0.000E+00


           Derivatives With Respect to ALPHA
              A_02          A_03          A_04          A_05          A_06
              ________      ________      ________      ________      ________
 1          0.000E+00     0.000E+00     0.000E+00     0.000E+00     0.000E+00


           Derivatives With Respect to ALPHA
              B_01          B_02          B_03          B_04          B_05
              ________      ________      ________      ________      ________
 1          0.000E+00     0.000E+00     0.000E+00     0.000E+00     0.000E+00


           Derivatives With Respect to ALPHA
              B_06
              ________
 1          0.000E+00


           Derivatives With Respect to BETA
              IA            SA            IB            SB            A_01
              ________      ________      ________      ________      ________
 IA         0.000E+00     0.000E+00     0.000E+00     0.000E+00     0.000E+00
 SA         0.000E+00     0.000E+00     0.000E+00     0.000E+00     0.000E+00
 IB         0.000E+00     0.000E+00     0.000E+00     0.000E+00     0.000E+00
 SB         0.000E+00     0.000E+00     0.000E+00     0.000E+00     0.000E+00
 A_01       0.000E+00     0.000E+00     0.000E+00     0.000E+00     0.000E+00
 A_02       0.000E+00     0.000E+00     0.000E+00     0.000E+00    -0.438E-05
 A_03       0.000E+00     0.000E+00     0.000E+00     0.000E+00     0.000E+00
 A_04       0.000E+00     0.000E+00     0.000E+00     0.000E+00     0.000E+00
 A_05       0.000E+00     0.000E+00     0.000E+00     0.000E+00     0.000E+00
 A_06       0.000E+00     0.000E+00     0.000E+00     0.000E+00     0.000E+00
 B_01       0.000E+00     0.000E+00     0.000E+00     0.000E+00     0.000E+00
 B_02       0.000E+00     0.000E+00     0.000E+00     0.000E+00    -0.170E-04
 B_03       0.000E+00     0.000E+00     0.000E+00     0.000E+00     0.000E+00
 B_04       0.000E+00     0.000E+00     0.000E+00     0.000E+00     0.000E+00
 B_05       0.000E+00     0.000E+00     0.000E+00     0.000E+00     0.000E+00
 B_06       0.000E+00     0.000E+00     0.000E+00     0.000E+00     0.000E+00


           Derivatives With Respect to BETA
              A_02          A_03          A_04          A_05          A_06
              ________      ________      ________      ________      ________
 IA         0.000E+00     0.000E+00     0.000E+00     0.000E+00     0.000E+00
 SA         0.000E+00     0.000E+00     0.000E+00     0.000E+00     0.000E+00
 IB         0.000E+00     0.000E+00     0.000E+00     0.000E+00     0.000E+00
 SB         0.000E+00     0.000E+00     0.000E+00     0.000E+00     0.000E+00
 A_01       0.000E+00     0.000E+00     0.000E+00     0.000E+00     0.000E+00
 A_02       0.000E+00     0.000E+00     0.000E+00     0.000E+00     0.000E+00
 A_03      -0.438E-05     0.000E+00     0.000E+00     0.000E+00     0.000E+00
 A_04       0.000E+00    -0.438E-05     0.000E+00     0.000E+00     0.000E+00
 A_05       0.000E+00     0.000E+00    -0.438E-05     0.000E+00     0.000E+00
 A_06       0.000E+00     0.000E+00     0.000E+00    -0.438E-05     0.000E+00
 B_01       0.000E+00     0.000E+00     0.000E+00     0.000E+00     0.000E+00
 B_02       0.000E+00     0.000E+00     0.000E+00     0.000E+00     0.000E+00
 B_03      -0.170E-04     0.000E+00     0.000E+00     0.000E+00     0.000E+00
 B_04       0.000E+00    -0.170E-04     0.000E+00     0.000E+00     0.000E+00
 B_05       0.000E+00     0.000E+00    -0.170E-04     0.000E+00     0.000E+00
 B_06       0.000E+00     0.000E+00     0.000E+00    -0.170E-04     0.000E+00


           Derivatives With Respect to BETA
              B_01          B_02          B_03          B_04          B_05
              ________      ________      ________      ________      ________
 IA         0.000E+00     0.000E+00     0.000E+00     0.000E+00     0.000E+00
 SA         0.000E+00     0.000E+00     0.000E+00     0.000E+00     0.000E+00
 IB         0.000E+00     0.000E+00     0.000E+00     0.000E+00     0.000E+00
 SB         0.000E+00     0.000E+00     0.000E+00     0.000E+00     0.000E+00
 A_01       0.000E+00     0.000E+00     0.000E+00     0.000E+00     0.000E+00
 A_02      -0.165E-05     0.000E+00     0.000E+00     0.000E+00     0.000E+00
 A_03       0.000E+00    -0.753E-06     0.000E+00     0.000E+00     0.000E+00
 A_04       0.000E+00     0.000E+00     0.178E-06     0.000E+00     0.000E+00
 A_05       0.000E+00     0.000E+00     0.000E+00    -0.133E-05     0.000E+00
 A_06       0.000E+00     0.000E+00     0.000E+00     0.000E+00    -0.431E-05
 B_01       0.000E+00     0.000E+00     0.000E+00     0.000E+00     0.000E+00
 B_02      -0.323E-04     0.000E+00     0.000E+00     0.000E+00     0.000E+00
 B_03       0.000E+00    -0.323E-04     0.000E+00     0.000E+00     0.000E+00
 B_04       0.000E+00     0.000E+00    -0.323E-04     0.000E+00     0.000E+00
 B_05       0.000E+00     0.000E+00     0.000E+00    -0.323E-04     0.000E+00
 B_06       0.000E+00     0.000E+00     0.000E+00     0.000E+00    -0.323E-04


           Derivatives With Respect to BETA
              B_06
              ________
 IA         0.000E+00
 SA         0.000E+00
 IB         0.000E+00
 SB         0.000E+00
 A_01       0.000E+00
 A_02       0.000E+00
 A_03       0.000E+00
 A_04       0.000E+00
 A_05       0.000E+00
 A_06       0.000E+00
 B_01       0.000E+00
 B_02       0.000E+00
 B_03       0.000E+00
 B_04       0.000E+00
 B_05       0.000E+00
 B_06       0.000E+00


           Derivatives With Respect to PSI
              IA            SA            IB            SB            A_01
              ________      ________      ________      ________      ________
 IA        -0.474E-07
 SA         0.370E-05     0.559E-04
 IB         0.377E-07    -0.449E-06    -0.144E-06
 SB        -0.644E-05    -0.432E-04    -0.224E-04    -0.880E-04
 A_01       0.000E+00     0.000E+00     0.000E+00     0.000E+00     0.103E-06
 A_02       0.000E+00     0.000E+00     0.000E+00     0.000E+00     0.000E+00
 A_03       0.000E+00     0.000E+00     0.000E+00     0.000E+00     0.000E+00
 A_04       0.000E+00     0.000E+00     0.000E+00     0.000E+00     0.000E+00
 A_05       0.000E+00     0.000E+00     0.000E+00     0.000E+00     0.000E+00
 A_06       0.000E+00     0.000E+00     0.000E+00     0.000E+00     0.000E+00
 B_01       0.000E+00     0.000E+00     0.000E+00     0.000E+00     0.611E-07
 B_02       0.000E+00     0.000E+00     0.000E+00     0.000E+00     0.000E+00
 B_03       0.000E+00     0.000E+00     0.000E+00     0.000E+00     0.000E+00
 B_04       0.000E+00     0.000E+00     0.000E+00     0.000E+00     0.000E+00
 B_05       0.000E+00     0.000E+00     0.000E+00     0.000E+00     0.000E+00
 B_06       0.000E+00     0.000E+00     0.000E+00     0.000E+00     0.000E+00


           Derivatives With Respect to PSI
              A_02          A_03          A_04          A_05          A_06
              ________      ________      ________      ________      ________
 A_02       0.149E-06
 A_03       0.000E+00     0.394E-08
 A_04       0.000E+00     0.000E+00     0.102E-06
 A_05       0.000E+00     0.000E+00     0.000E+00     0.510E-06
 A_06       0.000E+00     0.000E+00     0.000E+00     0.000E+00     0.441E-06
 B_01       0.000E+00     0.000E+00     0.000E+00     0.000E+00     0.000E+00
 B_02       0.000E+00     0.000E+00     0.000E+00     0.000E+00     0.000E+00
 B_03       0.000E+00     0.000E+00     0.000E+00     0.000E+00     0.000E+00
 B_04       0.000E+00     0.000E+00     0.000E+00     0.000E+00     0.000E+00
 B_05       0.000E+00     0.000E+00     0.000E+00     0.000E+00     0.000E+00
 B_06       0.000E+00     0.000E+00     0.000E+00     0.000E+00     0.000E+00


           Derivatives With Respect to PSI
              B_01          B_02          B_03          B_04          B_05
              ________      ________      ________      ________      ________
 B_01       0.640E-06
 B_02       0.000E+00     0.168E-05
 B_03       0.000E+00     0.000E+00     0.307E-06
 B_04       0.000E+00     0.000E+00     0.000E+00     0.288E-05
 B_05       0.000E+00     0.000E+00     0.000E+00     0.000E+00    -0.696E-06
 B_06       0.000E+00     0.000E+00     0.000E+00     0.000E+00     0.000E+00


           Derivatives With Respect to PSI
              B_06
              ________
 B_06       0.857E-06


TECHNICAL 3 OUTPUT


           ESTIMATED COVARIANCE MATRIX FOR PARAMETER ESTIMATES
                     1             2             3             4             5
              ________      ________      ________      ________      ________
        1   0.417601D-03
        2  -0.319027D-04  0.802804D-03
        3   0.158749D-04  0.318861D-04  0.153462D-02
        4  -0.396013D-06 -0.161433D-04 -0.219743D-04  0.150236D-04
        5  -0.422662D-05 -0.756298D-04 -0.632361D-05  0.583585D-06  0.937154D-04
        6  -0.134252D-04 -0.119465D-03 -0.673011D-05  0.314232D-05 -0.358120D-04
        7  -0.708765D-05 -0.288476D-03 -0.107822D-04  0.662821D-05 -0.198007D-04
        8  -0.136163D-05 -0.456129D-03 -0.165814D-04  0.981882D-05 -0.375989D-05
        9   0.712564D-05 -0.625709D-03 -0.245785D-04  0.131505D-04  0.149715D-04
       10   0.118588D-04 -0.794945D-03 -0.320017D-04  0.166212D-04  0.337472D-04
       11  -0.137613D-05 -0.185073D-03 -0.919966D-05  0.149665D-04  0.663651D-05
       12  -0.766825D-06  0.103377D-03 -0.111452D-03 -0.138656D-04 -0.300171D-05
       13  -0.329783D-04  0.175948D-03  0.112807D-04 -0.235413D-05 -0.215065D-03
       14   0.475978D-06 -0.578640D-05 -0.773029D-06 -0.222664D-07  0.913671D-05
       15   0.230519D-06  0.257102D-05  0.606723D-06  0.229319D-07 -0.435749D-05
       16   0.762581D-05  0.365621D-03 -0.441952D-04 -0.100750D-04  0.348233D-04
       17  -0.362885D-05  0.832651D-04 -0.642541D-05  0.229066D-06 -0.723468D-05
       18   0.199950D-04 -0.227681D-03 -0.304769D-03  0.648023D-04  0.270453D-04
       19  -0.126305D-05 -0.321700D-04  0.112291D-04 -0.297434D-05  0.492716D-06
       20   0.117141D-06  0.105617D-04  0.155832D-05 -0.568102D-06 -0.348533D-06
       21  -0.303132D-05  0.836939D-05  0.194558D-04 -0.386294D-05 -0.375434D-05
       22   0.733772D-06 -0.238205D-05  0.533985D-05  0.127057D-06  0.447897D-06
       23  -0.653305D-04 -0.102563D-03 -0.372513D-05 -0.180387D-05  0.136799D-03
       24   0.868876D-05 -0.430918D-04 -0.296625D-04  0.859272D-06  0.545257D-04
       25   0.143168D-04 -0.218799D-04  0.360508D-05  0.120857D-05  0.313127D-04
       26   0.418161D-04 -0.665745D-04 -0.329395D-04  0.228633D-06  0.876007D-04
       27   0.128977D-04 -0.898654D-04 -0.174722D-05 -0.433549D-06  0.100390D-03
       28   0.244170D-04 -0.884918D-04 -0.573497D-04 -0.400145D-05  0.118233D-03
       29  -0.261610D-05 -0.228212D-03 -0.279303D-03  0.126775D-04  0.810781D-05
       30  -0.599080D-04  0.105543D-03 -0.838779D-03 -0.296078D-04  0.255672D-05
       31  -0.482427D-04 -0.931465D-04  0.121373D-03  0.234406D-04 -0.308908D-05
       32  -0.490314D-04 -0.210774D-03  0.478454D-04  0.211349D-04  0.544170D-05
       33  -0.423883D-04 -0.173943D-04 -0.114531D-03 -0.117687D-04 -0.841893D-05
       34  -0.824254D-04  0.138913D-05 -0.102714D-03 -0.182811D-04 -0.444510D-05
       35  -0.682023D-04 -0.115524D-04 -0.278013D-03 -0.132262D-04  0.224842D-05


           ESTIMATED COVARIANCE MATRIX FOR PARAMETER ESTIMATES
                     6             7             8             9            10
              ________      ________      ________      ________      ________
        6   0.479770D-04
        7   0.707924D-04  0.133980D-03
        8   0.958702D-04  0.191869D-03  0.290058D-03
        9   0.119286D-03  0.251304D-03  0.382136D-03  0.515701D-03
       10   0.143316D-03  0.310578D-03  0.476973D-03  0.643611D-03  0.813547D-03
       11   0.346242D-04  0.741432D-04  0.112577D-03  0.151232D-03  0.190535D-03
       12  -0.193976D-04 -0.419088D-04 -0.632605D-04 -0.847364D-04 -0.106686D-03
       13   0.812358D-04  0.441037D-04  0.684068D-05 -0.359909D-04 -0.798590D-04
       14  -0.361089D-05 -0.248752D-05 -0.128721D-05  0.291150D-06  0.172260D-05
       15   0.180094D-05  0.126788D-05  0.732926D-06 -0.247045D-07 -0.752928D-06
       16  -0.985828D-04 -0.175475D-03 -0.250522D-03 -0.322670D-03 -0.399217D-03
       17  -0.122778D-04 -0.299953D-04 -0.475766D-04 -0.655420D-04 -0.830631D-04
       18   0.302818D-04  0.780832D-04  0.122557D-03  0.172201D-03  0.220174D-03
       19   0.656927D-05  0.132497D-04  0.199496D-04  0.265171D-04  0.333616D-04
       20  -0.202294D-05 -0.423054D-05 -0.641298D-05 -0.862537D-05 -0.108677D-04
       21   0.516612D-06 -0.860028D-06 -0.259020D-05 -0.462972D-05 -0.645013D-05
       22   0.143156D-06  0.613471D-06  0.113208D-05  0.167048D-05  0.221277D-05
       23  -0.446882D-04 -0.240449D-04 -0.446305D-05  0.214973D-04  0.490535D-04
       24  -0.226774D-04 -0.109837D-04 -0.235959D-05  0.970200D-05  0.184935D-04
       25  -0.113603D-04 -0.103956D-04 -0.272007D-05  0.244354D-05  0.793313D-05
       26  -0.359254D-04 -0.230543D-04 -0.221267D-04  0.107800D-04  0.280331D-04
       27  -0.349805D-04 -0.150517D-04  0.209345D-05  0.469983D-05  0.475664D-04
       28  -0.438039D-04 -0.282690D-04 -0.889229D-05  0.137608D-04  0.277096D-04
       29   0.472396D-04  0.919823D-04  0.138043D-03  0.185075D-03  0.233521D-03
       30  -0.185525D-04 -0.405742D-04 -0.613756D-04 -0.878045D-04 -0.110338D-03
       31   0.222712D-04  0.440980D-04  0.644167D-04  0.803457D-04  0.102085D-03
       32   0.400464D-04  0.865683D-04  0.130498D-03  0.169180D-03  0.218519D-03
       33   0.688536D-05  0.100390D-04  0.146267D-04  0.173011D-04  0.156123D-04
       34   0.684174D-05  0.669889D-05  0.655657D-05  0.341332D-05  0.205237D-05
       35   0.342264D-05  0.856387D-05  0.981512D-05  0.102453D-04  0.805078D-05


           ESTIMATED COVARIANCE MATRIX FOR PARAMETER ESTIMATES
                    11            12            13            14            15
              ________      ________      ________      ________      ________
       11   0.157412D-03
       12  -0.905864D-04  0.681652D-04
       13  -0.147057D-04  0.646800D-05  0.177324D-02
       14   0.998692D-06 -0.371358D-06 -0.999265D-04  0.143018D-04
       15  -0.348310D-06  0.100646D-06  0.166482D-04 -0.201492D-05  0.603495D-06
       16  -0.265143D-03  0.149892D-03 -0.629628D-04  0.227875D-05 -0.225188D-05
       17  -0.500990D-05  0.300972D-05  0.150056D-04 -0.615847D-06  0.291236D-06
       18   0.203548D-03 -0.138432D-03 -0.454064D-04  0.259196D-05 -0.189836D-05
       19   0.105523D-04 -0.561056D-05 -0.237870D-05 -0.379621D-06  0.163306D-06
       20  -0.509523D-05  0.285388D-05  0.850524D-06  0.639113D-07 -0.184759D-07
       21  -0.786400D-05  0.433830D-05  0.598730D-05 -0.642207D-06  0.322257D-06
       22   0.302311D-05 -0.232553D-05 -0.862999D-06  0.772732D-07 -0.409211D-07
       23  -0.232194D-05  0.413443D-05 -0.690122D-03  0.641126D-04 -0.135094D-04
       24  -0.189398D-05  0.377159D-05 -0.327994D-03  0.255486D-04 -0.459736D-05
       25  -0.456828D-05  0.121712D-05 -0.149977D-03  0.746411D-05 -0.160556D-05
       26   0.201652D-04 -0.710316D-05 -0.231976D-03  0.514170D-05 -0.464827D-05
       27   0.198903D-04 -0.129932D-04 -0.252550D-03  0.130913D-04 -0.887209D-05
       28   0.153665D-04 -0.116926D-05 -0.351676D-03  0.383651D-04 -0.154780D-04
       29   0.140163D-03 -0.519392D-04 -0.111138D-04  0.150173D-05 -0.102245D-06
       30  -0.150386D-03  0.178563D-03  0.358943D-05  0.297074D-06  0.896523D-06
       31   0.780542D-04 -0.740803D-04  0.752025D-04 -0.430644D-05  0.699642D-06
       32   0.988067D-04 -0.772792D-04 -0.157938D-04  0.183820D-05 -0.386049D-06
       33  -0.655682D-04  0.423332D-04  0.592017D-04 -0.331162D-06  0.151478D-05
       34  -0.360790D-04  0.256916D-04  0.799655D-04 -0.739295D-06  0.105853D-05
       35  -0.691532D-04  0.672281D-04 -0.199354D-04  0.481320D-06  0.598862D-06


           ESTIMATED COVARIANCE MATRIX FOR PARAMETER ESTIMATES
                    16            17            18            19            20
              ________      ________      ________      ________      ________
       16   0.175850D-02
       17  -0.581695D-04  0.292220D-04
       18  -0.330437D-03 -0.681733D-05  0.766844D-02
       19  -0.145912D-03  0.394803D-05  0.527896D-05  0.262140D-04
       20   0.165669D-04 -0.954557D-06 -0.545941D-05 -0.184257D-05  0.539181D-06
       21   0.174535D-04  0.548014D-06 -0.767204D-03 -0.506468D-07  0.532472D-07
       22  -0.674292D-05 -0.644439D-07  0.981391D-04  0.513113D-06 -0.637820D-07
       23   0.232072D-04 -0.576041D-05  0.531909D-04  0.468501D-05 -0.116813D-05
       24   0.352426D-04 -0.316803D-05  0.976473D-04  0.212840D-06 -0.835754D-07
       25   0.132271D-04 -0.794573D-06  0.136899D-04  0.213482D-05 -0.474730D-06
       26   0.226855D-04 -0.846380D-05  0.307599D-04 -0.804381D-07 -0.283834D-06
       27   0.275010D-04 -0.605713D-05  0.129072D-03 -0.213065D-05 -0.926933D-07
       28   0.341771D-04 -0.165230D-05  0.716592D-04 -0.215702D-05 -0.509184D-06
       29  -0.548701D-03  0.338877D-04  0.477703D-03  0.601407D-04 -0.128854D-04
       30   0.241323D-03 -0.206134D-05 -0.404105D-02 -0.171137D-06  0.420658D-05
       31  -0.136452D-03  0.636800D-05 -0.228746D-02  0.635582D-05 -0.386944D-05
       32  -0.172749D-03 -0.119427D-04 -0.825782D-03  0.147143D-04 -0.401572D-05
       33   0.134413D-03 -0.882168D-05 -0.479586D-04 -0.658874D-05  0.195609D-05
       34   0.758890D-04 -0.107290D-04 -0.683278D-03 -0.609892D-05  0.542176D-06
       35   0.142342D-03 -0.118406D-04 -0.155818D-02 -0.744754D-05  0.162043D-05


           ESTIMATED COVARIANCE MATRIX FOR PARAMETER ESTIMATES
                    21            22            23            24            25
              ________      ________      ________      ________      ________
       21   0.117046D-03
       22  -0.189374D-04  0.435779D-05
       23  -0.108105D-04  0.921162D-06  0.168967D-02
       24  -0.159496D-04  0.287153D-05  0.194800D-03  0.124464D-02
       25  -0.237762D-05 -0.156476D-07  0.101415D-03  0.390605D-04  0.105381D-02
       26  -0.327872D-05  0.215493D-06  0.154001D-03  0.147289D-03  0.167267D-04
       27  -0.120920D-04  0.145012D-05  0.207869D-03 -0.589362D-05  0.496077D-04
       28  -0.117701D-04 -0.626488D-07  0.353022D-03  0.205073D-03  0.305555D-04
       29  -0.464181D-04  0.664096D-05  0.959315D-04 -0.966402D-05  0.878305D-06
       30   0.567469D-03 -0.100433D-03 -0.208539D-04 -0.431789D-04 -0.183993D-04
       31   0.296631D-03 -0.392815D-04 -0.116058D-05 -0.340664D-04  0.155218D-04
       32   0.435384D-04  0.178864D-05 -0.617277D-06 -0.241331D-04 -0.211583D-04
       33  -0.135197D-04 -0.490184D-05 -0.839264D-04 -0.209064D-04 -0.282177D-06
       34   0.175749D-03 -0.685249D-04 -0.507130D-05 -0.360873D-04  0.769786D-05
       35   0.406610D-03 -0.129480D-03  0.101277D-03  0.576665D-05 -0.284708D-04


           ESTIMATED COVARIANCE MATRIX FOR PARAMETER ESTIMATES
                    26            27            28            29            30
              ________      ________      ________      ________      ________
       26   0.185035D-02
       27   0.927093D-04  0.216057D-02
       28   0.200025D-03  0.284965D-03  0.233572D-02
       29  -0.216306D-04  0.626225D-04  0.192610D-04  0.243915D-02
       30  -0.495375D-05 -0.785128D-04 -0.656034D-04 -0.709442D-04  0.833123D-02
       31  -0.371140D-05 -0.976439D-05 -0.223772D-04 -0.128088D-03  0.118362D-02
       32  -0.219095D-05  0.380920D-04  0.277115D-04  0.326969D-04 -0.126723D-03
       33  -0.478712D-05  0.540751D-04  0.385631D-05 -0.572213D-04  0.651587D-04
       34   0.135145D-04  0.828965D-04  0.448326D-04 -0.917444D-04  0.138882D-02
       35   0.747799D-05 -0.226252D-04  0.184050D-03 -0.150936D-03  0.250731D-02


           ESTIMATED COVARIANCE MATRIX FOR PARAMETER ESTIMATES
                    31            32            33            34            35
              ________      ________      ________      ________      ________
       31   0.287186D-02
       32   0.315129D-03  0.315798D-02
       33  -0.123859D-03 -0.642722D-04  0.323144D-02
       34   0.227375D-03  0.329492D-04  0.257478D-03  0.534219D-02
       35   0.979658D-03 -0.231072D-03  0.417486D-03  0.262549D-02  0.840621D-02


           ESTIMATED CORRELATION MATRIX FOR PARAMETER ESTIMATES
                     1             2             3             4             5
              ________      ________      ________      ________      ________
        1       1.000
        2      -0.055         1.000
        3       0.020         0.029         1.000
        4      -0.005        -0.147        -0.145         1.000
        5      -0.021        -0.276        -0.017         0.016         1.000
        6      -0.095        -0.609        -0.025         0.117        -0.534
        7      -0.030        -0.880        -0.024         0.148        -0.177
        8      -0.004        -0.945        -0.025         0.149        -0.023
        9       0.015        -0.972        -0.028         0.149         0.068
       10       0.020        -0.984        -0.029         0.150         0.122
       11      -0.005        -0.521        -0.019         0.308         0.055
       12      -0.005         0.442        -0.345        -0.433        -0.038
       13      -0.038         0.147         0.007        -0.014        -0.528
       14       0.006        -0.054        -0.005        -0.002         0.250
       15       0.015         0.117         0.020         0.008        -0.579
       16       0.009         0.308        -0.027        -0.062         0.086
       17      -0.033         0.544        -0.030         0.011        -0.138
       18       0.011        -0.092        -0.089         0.191         0.032
       19      -0.012        -0.222         0.056        -0.150         0.010
       20       0.008         0.508         0.054        -0.200        -0.049
       21      -0.014         0.027         0.046        -0.092        -0.036
       22       0.017        -0.040         0.065         0.016         0.022
       23      -0.078        -0.088        -0.002        -0.011         0.344
       24       0.012        -0.043        -0.021         0.006         0.160
       25       0.022        -0.024         0.003         0.010         0.100
       26       0.048        -0.055        -0.020         0.001         0.210
       27       0.014        -0.068        -0.001        -0.002         0.223
       28       0.025        -0.065        -0.030        -0.021         0.253
       29      -0.003        -0.163        -0.144         0.066         0.017
       30      -0.032         0.041        -0.235        -0.084         0.003
       31      -0.044        -0.061         0.058         0.113        -0.006
       32      -0.043        -0.132         0.022         0.097         0.010
       33      -0.036        -0.011        -0.051        -0.053        -0.015
       34      -0.055         0.001        -0.036        -0.065        -0.006
       35      -0.036        -0.004        -0.077        -0.037         0.003


           ESTIMATED CORRELATION MATRIX FOR PARAMETER ESTIMATES
                     6             7             8             9            10
              ________      ________      ________      ________      ________
        6       1.000
        7       0.883         1.000
        8       0.813         0.973         1.000
        9       0.758         0.956         0.988         1.000
       10       0.725         0.941         0.982         0.994         1.000
       11       0.398         0.511         0.527         0.531         0.532
       12      -0.339        -0.439        -0.450        -0.452        -0.453
       13       0.279         0.090         0.010        -0.038        -0.066
       14      -0.138        -0.057        -0.020         0.003         0.016
       15       0.335         0.141         0.055        -0.001        -0.034
       16      -0.339        -0.362        -0.351        -0.339        -0.334
       17      -0.328        -0.479        -0.517        -0.534        -0.539
       18       0.050         0.077         0.082         0.087         0.088
       19       0.185         0.224         0.229         0.228         0.228
       20      -0.398        -0.498        -0.513        -0.517        -0.519
       21       0.007        -0.007        -0.014        -0.019        -0.021
       22       0.010         0.025         0.032         0.035         0.037
       23      -0.157        -0.051        -0.006         0.023         0.042
       24      -0.093        -0.027        -0.004         0.012         0.018
       25      -0.051        -0.028        -0.005         0.003         0.009
       26      -0.121        -0.046        -0.030         0.011         0.023
       27      -0.109        -0.028         0.003         0.004         0.036
       28      -0.131        -0.051        -0.011         0.013         0.020
       29       0.138         0.161         0.164         0.165         0.166
       30      -0.029        -0.038        -0.039        -0.042        -0.042
       31       0.060         0.071         0.071         0.066         0.067
       32       0.103         0.133         0.136         0.133         0.136
       33       0.017         0.015         0.015         0.013         0.010
       34       0.014         0.008         0.005         0.002         0.001
       35       0.005         0.008         0.006         0.005         0.003


           ESTIMATED CORRELATION MATRIX FOR PARAMETER ESTIMATES
                    11            12            13            14            15
              ________      ________      ________      ________      ________
       11       1.000
       12      -0.875         1.000
       13      -0.028         0.019         1.000
       14       0.021        -0.012        -0.627         1.000
       15      -0.036         0.016         0.509        -0.686         1.000
       16      -0.504         0.433        -0.036         0.014        -0.069
       17      -0.074         0.067         0.066        -0.030         0.069
       18       0.185        -0.191        -0.012         0.008        -0.028
       19       0.164        -0.133        -0.011        -0.020         0.041
       20      -0.553         0.471         0.028         0.023        -0.032
       21      -0.058         0.049         0.013        -0.016         0.038
       22       0.115        -0.135        -0.010         0.010        -0.025
       23      -0.005         0.012        -0.399         0.412        -0.423
       24      -0.004         0.013        -0.221         0.191        -0.168
       25      -0.011         0.005        -0.110         0.061        -0.064
       26       0.037        -0.020        -0.128         0.032        -0.139
       27       0.034        -0.034        -0.129         0.074        -0.246
       28       0.025        -0.003        -0.173         0.210        -0.412
       29       0.226        -0.127        -0.005         0.008        -0.003
       30      -0.131         0.237         0.001         0.001         0.013
       31       0.116        -0.167         0.033        -0.021         0.017
       32       0.140        -0.167        -0.007         0.009        -0.009
       33      -0.092         0.090         0.025        -0.002         0.034
       34      -0.039         0.043         0.026        -0.003         0.019
       35      -0.060         0.089        -0.005         0.001         0.008


           ESTIMATED CORRELATION MATRIX FOR PARAMETER ESTIMATES
                    16            17            18            19            20
              ________      ________      ________      ________      ________
       16       1.000
       17      -0.257         1.000
       18      -0.090        -0.014         1.000
       19      -0.680         0.143         0.012         1.000
       20       0.538        -0.240        -0.085        -0.490         1.000
       21       0.038         0.009        -0.810        -0.001         0.007
       22      -0.077        -0.006         0.537         0.048        -0.042
       23       0.013        -0.026         0.015         0.022        -0.039
       24       0.024        -0.017         0.032         0.001        -0.003
       25       0.010        -0.005         0.005         0.013        -0.020
       26       0.013        -0.036         0.008         0.000        -0.009
       27       0.014        -0.024         0.032        -0.009        -0.003
       28       0.017        -0.006         0.017        -0.009        -0.014
       29      -0.265         0.127         0.110         0.238        -0.355
       30       0.063        -0.004        -0.506         0.000         0.063
       31      -0.061         0.022        -0.487         0.023        -0.098
       32      -0.073        -0.039        -0.168         0.051        -0.097
       33       0.056        -0.029        -0.010        -0.023         0.047
       34       0.025        -0.027        -0.107        -0.016         0.010
       35       0.037        -0.024        -0.194        -0.016         0.024


           ESTIMATED CORRELATION MATRIX FOR PARAMETER ESTIMATES
                    21            22            23            24            25
              ________      ________      ________      ________      ________
       21       1.000
       22      -0.839         1.000
       23      -0.024         0.011         1.000
       24      -0.042         0.039         0.134         1.000
       25      -0.007         0.000         0.076         0.034         1.000
       26      -0.007         0.002         0.087         0.097         0.012
       27      -0.024         0.015         0.109        -0.004         0.033
       28      -0.023        -0.001         0.178         0.120         0.019
       29      -0.087         0.064         0.047        -0.006         0.001
       30       0.575        -0.527        -0.006        -0.013        -0.006
       31       0.512        -0.351        -0.001        -0.018         0.009
       32       0.072         0.015         0.000        -0.012        -0.012
       33      -0.022        -0.041        -0.036        -0.010         0.000
       34       0.222        -0.449        -0.002        -0.014         0.003
       35       0.410        -0.677         0.027         0.002        -0.010


           ESTIMATED CORRELATION MATRIX FOR PARAMETER ESTIMATES
                    26            27            28            29            30
              ________      ________      ________      ________      ________
       26       1.000
       27       0.046         1.000
       28       0.096         0.127         1.000
       29      -0.010         0.027         0.008         1.000
       30      -0.001        -0.019        -0.015        -0.016         1.000
       31      -0.002        -0.004        -0.009        -0.048         0.242
       32      -0.001         0.015         0.010         0.012        -0.025
       33      -0.002         0.020         0.001        -0.020         0.013
       34       0.004         0.024         0.013        -0.025         0.208
       35       0.002        -0.005         0.042        -0.033         0.300


           ESTIMATED CORRELATION MATRIX FOR PARAMETER ESTIMATES
                    31            32            33            34            35
              ________      ________      ________      ________      ________
       31       1.000
       32       0.105         1.000
       33      -0.041        -0.020         1.000
       34       0.058         0.008         0.062         1.000
       35       0.199        -0.045         0.080         0.392         1.000


     Beginning Time:  14:10:14
        Ending Time:  14:15:35
       Elapsed Time:  00:05:21



MUTHEN & MUTHEN
3463 Stoner Ave.
Los Angeles, CA  90066

Tel: (310) 391-9971
Fax: (310) 391-8971
Web: www.StatModel.com
Support: Support@StatModel.com

Copyright (c) 1998-2015 Muthen & Muthen
