Mplus VERSION 7.4 (Mac)
MUTHEN & MUTHEN
12/04/2017   8:22 PM

INPUT INSTRUCTIONS

  TITLE:
  14b - Predetermined ALT, no social slope, no time-correlations
  stationary cognitive and social, stationary cross-lagged.
  DATA:
  File = wide-dataset-b.dat;
  VARIABLE:
  NAMES are
   id hhid male birthyr_rand birthmo_rand race_rand hispanic_rand cohort
      raedyrs raedegrm memoryproblems_baseline memory_disease_ever age_baseline
      age_baseline_65 health_conditions_baseline healthcond_mean activity_mean_2004
      activity_mean_2006 activity_mean_2008 activity_mean_2010 activity_mean_2012
      activity_mean_2014 activity_sum_2004 activity_sum_2006 activity_sum_2008
      activity_sum_2010 activity_sum_2012 activity_sum_2014 close_social_network_2004
      close_social_network_2006 close_social_network_2008 close_social_network_2010
      close_social_network_2012 close_social_network_2014 countb20r_2004
      countb20r_2006 countb20r_2008 countb20r_2010 countb20r_2012 countb20r_2014
      crp_adj_2004 crp_adj_2006 crp_adj_2008 crp_adj_2010 crp_adj_2012 crp_adj_2014
      dep_total_2004 dep_total_2006 dep_total_2008 dep_total_2010 dep_total_2012
      dep_total_2014 exercise_2004 exercise_2006 exercise_2008 exercise_2010
      exercise_2012 exercise_2014 healthcond_2004 healthcond_2006 healthcond_2008
      healthcond_2010 healthcond_2012 healthcond_2014 hhres_2004 hhres_2006
      hhres_2008 hhres_2010 hhres_2012 hhres_2014 hrs_tscore_2004 hrs_tscore_2006
      hrs_tscore_2008 hrs_tscore_2010 hrs_tscore_2012 hrs_tscore_2014 intage_r_2004
      intage_r_2006 intage_r_2008 intage_r_2010 intage_r_2012 intage_r_2014
      interview_date_2004 interview_date_2006 interview_date_2008 interview_date_2010
      interview_date_2012 interview_date_2014 lb_65_wave_2004 lb_65_wave_2006
      lb_65_wave_2008 lb_65_wave_2010 lb_65_wave_2012 lb_65_wave_2014 lb_wave_2004
      lb_wave_2006 lb_wave_2008 lb_wave_2010 lb_wave_2012 lb_wave_2014 listassi_2004
      listassi_2006 listassi_2008 listassi_2010 listassi_2012 listassi_2014
      mentalstatus_tot_2004 mentalstatus_tot_2006 mentalstatus_tot_2008
      mentalstatus_tot_2010 mentalstatus_tot_2012 mentalstatus_tot_2014 proxy_2004
      proxy_2006 proxy_2008 proxy_2010 proxy_2012 proxy_2014 responded_2004
      responded_2006 responded_2008 responded_2010 responded_2012 responded_2014
      rmaritalst_2004 rmaritalst_2006 rmaritalst_2008 rmaritalst_2010 rmaritalst_2012
      rmaritalst_2014 rpartst_2004 rpartst_2006 rpartst_2008 rpartst_2010
      rpartst_2012 rpartst_2014 score_loneliness_11_2004 score_loneliness_11_2006
      score_loneliness_11_2008 score_loneliness_11_2010 score_loneliness_11_2012
      score_loneliness_11_2014 score_loneliness_3_2004 score_loneliness_3_2006
      score_loneliness_3_2008 score_loneliness_3_2010 score_loneliness_3_2012
      score_loneliness_3_2014 shhidpnr_2004 shhidpnr_2006 shhidpnr_2008 shhidpnr_2010
      shhidpnr_2012 shhidpnr_2014 snchild_2004 snchild_2006 snchild_2008 snchild_2010
      snchild_2012 snchild_2014 snfamily_2004 snfamily_2006 snfamily_2008
      snfamily_2010 snfamily_2012 snfamily_2014 snfriends_2004 snfriends_2006
      snfriends_2008 snfriends_2010 snfriends_2012 snfriends_2014 snspouse_2004
      snspouse_2006 snspouse_2008 snspouse_2010 snspouse_2012 snspouse_2014
      social_contact_total_2004 social_contact_total_2006 social_contact_total_2008
      social_contact_total_2010 social_contact_total_2012 social_contact_total_2014
      social_strain_mean_2004 social_strain_mean_2006 social_strain_mean_2008
      social_strain_mean_2010 social_strain_mean_2012 social_strain_mean_2014
      social_support_mean_2004 social_support_mean_2006 social_support_mean_2008
      social_support_mean_2010 social_support_mean_2012 social_support_mean_2014
      socialnetwork_total_2004 socialnetwork_total_2006 socialnetwork_total_2008
      socialnetwork_total_2010 socialnetwork_total_2012 socialnetwork_total_2014
      srmemory_2004 srmemory_2006 srmemory_2008 srmemory_2010 srmemory_2012
      srmemory_2014 srmemoryp_2004 srmemoryp_2006 srmemoryp_2008 srmemoryp_2010
      srmemoryp_2012 srmemoryp_2014 vocab_total_2004 vocab_total_2006 vocab_total_2008
      vocab_total_2010 vocab_total_2012 vocab_total_2014 wrectotd_2004 wrectotd_2006
      wrectotd_2008 wrectotd_2010 wrectotd_2012 wrectotd_2014 wrectoti_2004
      wrectoti_2006 wrectoti_2008 wrectoti_2010 wrectoti_2012 wrectoti_2014
  	;
  Missing are all(9999);
  USEVARIABLES are
  	!define the variables used in the analysis
  	!estimated time points
  a_01
  a_02
  a_03
  a_04
  a_05
  a_06
  	!modelled time points of process (B)
  b_01
  b_02
  b_03
  b_04
  b_05
  b_06
  	! covariates used in the model
  	;
  SUBPOPULATION are
  	!select a subset of observations
  age_baseline > 64 AND
  memory_disease_ever EQ 0
  ;
  CLUSTER = hhid;
  DEFINE:
    ! centre baseline age
  a = age_baseline - 69;
  	! assign variables to the process (A)
  a_01=mentalstatus_tot_2004;
  a_02=mentalstatus_tot_2006;
  a_03=mentalstatus_tot_2008;
  a_04=mentalstatus_tot_2010;
  a_05=mentalstatus_tot_2012;
  a_06=mentalstatus_tot_2014;
  	! assign variables to the process (B)
  b_01=social_contact_total_2004;
  b_02=social_contact_total_2006;
  b_03=social_contact_total_2008;
  b_04=social_contact_total_2010;
  b_05=social_contact_total_2012;
  b_06=social_contact_total_2014;
  ANALYSIS:
  TYPE = COMPLEX RANDOM;
  model=nocovariances;
  COVERAGE=.00;
  H1ITERATIONS = 10000;
  MODEL:
  	!LGM part
  	! assign process (A) to time points
  ia BY a_02@1 a_03@1 a_04@1 a_05@1 a_06@1;
  sa BY a_02@0 a_03@2 a_04@4 a_05@6 a_06@8;
  	! assign process (B) to time points
  ib BY b_02@1 b_03@1 b_04@1 b_05@1 b_06@1;
  !sb BY b_02@0 b_03@2 b_04@4 b_05@6 b_06@8;
  	!correlations between the first measurement points
  	!autoregressive part
  a_01 a_02 a_03 a_04 a_05 a_06;
  a_02 ON a_01(1);
  a_03 ON a_02(1);
  a_04 ON a_03(1);
  a_05 ON a_04(1);
  a_06 ON a_05(1);
  b_01 b_02 b_03 b_04 b_05 b_06;
  b_02 ON b_01(2);
  b_03 ON b_02(2);
  b_04 ON b_03(2);
  b_05 ON b_04(2);
  b_06 ON b_05(2);
  	!Cross lagged part
  a_02 ON b_01(3);
  a_03 ON b_02(3);
  a_04 ON b_03(3);
  a_05 ON b_04(3);
  a_06 ON b_05(3);
  b_02 ON a_01(4);
  b_03 ON a_02(4);
  b_04 ON a_03(4);
  b_05 ON a_04(4);
  b_06 ON a_05(4);
  ia;
  sa;
  ib;
  !sb;
  ia with sa;
  !ib with sb;
  ia with a_01;
  sa with a_01;
  ib with b_01;
  !sb with b_01;
  ia with ib;
  !sa with sb;
  a_01 with b_01;
  ! Time specific correlations
  !b_02 WITH a_02;
  !b_03 WITH a_03;
  !b_04 WITH a_04;
  !b_05 WITH a_05;
  !b_06 WITH a_06;
  [a_02@0 a_03@0 a_04@0 a_05@0 a_06@0];
  [b_02@0 b_03@0 b_04@0 b_05@0 b_06@0];
  [ia];
  [ib];
  [sa];
  ![sb];
  [a_01];
  [b_01];
  	
  OUTPUT: SAMPSTAT MODINDICES (3.0); TECH1; TECH4;



*** WARNING in OUTPUT command
  TECH4 option for TYPE=RANDOM requires ALGORITHM=INTEGRATION.
  Request for TECH4 is ignored.
   1 WARNING(S) FOUND IN THE INPUT INSTRUCTIONS




14b - Predetermined ALT, no social slope, no time-correlations
stationary cognitive and social, stationary cross-lagged.

SUMMARY OF ANALYSIS

Number of groups                                                 1
Number of observations                                        5952

Number of dependent variables                                   10
Number of independent variables                                  2
Number of continuous latent variables                            3

Observed dependent variables

  Continuous
   A_02        A_03        A_04        A_05        A_06        B_02
   B_03        B_04        B_05        B_06

Observed independent variables
   A_01        B_01

Continuous latent variables
   IA          SA          IB

Variables with special functions

  Cluster variable      HHID

Estimator                                                      MLR
Information matrix                                        OBSERVED
Maximum number of iterations                                   100
Convergence criterion                                    0.100D-05
Maximum number of EM iterations                                500
Convergence criteria for the EM algorithm
  Loglikelihood change                                   0.100D-02
  Relative loglikelihood change                          0.100D-05
  Derivative                                             0.100D-03
Minimum variance                                         0.100D-03
Maximum number of steepest descent iterations                   20
Maximum number of iterations for H1                          10000
Convergence criterion for H1                             0.100D-03
Optimization algorithm                                         EMA

Input data file(s)
  wide-dataset-b.dat
Input data format  FREE


SUMMARY OF DATA

     Number of missing data patterns           262
     Number of clusters        4882



SAMPLE STATISTICS


     ESTIMATED SAMPLE STATISTICS


           Means
              A_02          A_03          A_04          A_05          A_06
              ________      ________      ________      ________      ________
 1              8.506         8.438         8.051         8.027         7.859


           Means
              B_02          B_03          B_04          B_05          B_06
              ________      ________      ________      ________      ________
 1             29.536        29.576        29.183        28.610        27.858


           Means
              A_01          B_01
              ________      ________
 1              8.517        30.317


           Covariances
              A_02          A_03          A_04          A_05          A_06
              ________      ________      ________      ________      ________
 A_02           0.660
 A_03           0.351         0.789
 A_04           0.385         0.457         1.240
 A_05           0.400         0.495         0.785         1.444
 A_06           0.427         0.521         0.846         1.066         1.945
 B_02           0.530         0.906         1.020         1.251         1.060
 B_03           0.673         0.937         1.440         1.569         1.582
 B_04           0.741         1.024         1.260         1.441         1.387
 B_05           0.816         0.983         1.819         2.028         2.270
 B_06           1.064         1.256         1.454         2.055         2.522
 A_01           0.329         0.343         0.366         0.393         0.400
 B_01           0.364         0.892         1.089         0.793         0.918


           Covariances
              B_02          B_03          B_04          B_05          B_06
              ________      ________      ________      ________      ________
 B_02          66.378
 B_03          37.475        74.359
 B_04          41.274        41.168        72.255
 B_05          29.047        45.940        33.571        79.238
 B_06          38.241        43.948        46.429        34.372        78.524
 A_01           0.601         0.754         0.769         0.756         0.701
 B_01          34.123        38.622        33.365        39.299        36.515


           Covariances
              A_01          B_01
              ________      ________
 A_01           0.632
 B_01           0.400        70.852


           Correlations
              A_02          A_03          A_04          A_05          A_06
              ________      ________      ________      ________      ________
 A_02           1.000
 A_03           0.487         1.000
 A_04           0.426         0.462         1.000
 A_05           0.410         0.464         0.587         1.000
 A_06           0.377         0.421         0.545         0.636         1.000
 B_02           0.080         0.125         0.112         0.128         0.093
 B_03           0.096         0.122         0.150         0.151         0.132
 B_04           0.107         0.136         0.133         0.141         0.117
 B_05           0.113         0.124         0.184         0.190         0.183
 B_06           0.148         0.160         0.147         0.193         0.204
 A_01           0.510         0.486         0.414         0.411         0.361
 B_01           0.053         0.119         0.116         0.078         0.078


           Correlations
              B_02          B_03          B_04          B_05          B_06
              ________      ________      ________      ________      ________
 B_02           1.000
 B_03           0.533         1.000
 B_04           0.596         0.562         1.000
 B_05           0.401         0.598         0.444         1.000
 B_06           0.530         0.575         0.616         0.436         1.000
 A_01           0.093         0.110         0.114         0.107         0.100
 B_01           0.498         0.532         0.466         0.524         0.490


           Correlations
              A_01          B_01
              ________      ________
 A_01           1.000
 B_01           0.060         1.000


     MAXIMUM LOG-LIKELIHOOD VALUE FOR THE UNRESTRICTED (H1) MODEL IS -86386.483


UNIVARIATE SAMPLE STATISTICS


     UNIVARIATE HIGHER-ORDER MOMENT DESCRIPTIVE STATISTICS

         Variable/         Mean/     Skewness/   Minimum/ % with                Percentiles
        Sample Size      Variance    Kurtosis    Maximum  Min/Max      20%/60%    40%/80%    Median

     A_02                  8.511      -2.361       1.000    0.02%       8.000      9.000      9.000
            5688.000       0.654       8.721       9.000   64.64%       9.000      9.000
     A_03                  8.443      -2.238       1.000    0.02%       8.000      9.000      9.000
            5784.000       0.783       7.416       9.000   61.91%       9.000      9.000
     A_04                  8.065      -1.739       0.000    0.02%       7.000      8.000      8.000
            5680.000       1.209       4.575       9.000   41.95%       9.000      9.000
     A_05                  8.085      -1.899       0.000    0.04%       7.000      8.000      8.000
            5132.000       1.350       5.356       9.000   45.93%       9.000      9.000
     A_06                  7.967      -2.016       0.000    0.07%       7.000      8.000      8.000
            4423.000       1.750       5.505       9.000   43.55%       9.000      9.000
     B_02                 29.599      -0.258       3.000    0.07%      23.000     28.000     30.000
            2788.000      66.183       0.159      54.000    0.18%      32.000     36.000
     B_03                 29.608      -0.254       2.000    0.04%      23.000     28.000     30.000
            2739.000      73.864       0.073      54.000    0.18%      32.000     37.000
     B_04                 29.406      -0.205       4.000    0.19%      22.000     28.000     30.000
            2647.000      71.988      -0.061      54.000    0.04%      32.000     36.000
     B_05                 28.986      -0.189       3.000    0.04%      22.000     27.000     29.000
            2240.000      77.040      -0.099      54.000    0.13%      32.000     36.000
     B_06                 28.653      -0.229       3.000    0.05%      22.000     27.000     29.000
            2036.000      76.540      -0.202      54.000    0.05%      31.000     36.000
     A_01                  8.527      -2.114       2.000    0.02%       8.000      9.000      9.000
            5486.000       0.624       5.952       9.000   66.11%       9.000      9.000
     B_01                 30.562      -0.258       3.000    0.09%      24.000     29.000     31.000
            1057.000      70.074       0.149      53.000    0.09%      33.000     37.000


THE MODEL ESTIMATION TERMINATED NORMALLY



MODEL FIT INFORMATION

Number of Free Parameters                       30

Loglikelihood

          H0 Value                      -86655.545
          H0 Scaling Correction Factor      1.8691
            for MLR
          H1 Value                      -86386.483
          H1 Scaling Correction Factor      1.4040
            for MLR

Information Criteria

          Akaike (AIC)                  173371.089
          Bayesian (BIC)                173571.834
          Sample-Size Adjusted BIC      173476.502
            (n* = (n + 2) / 24)

Chi-Square Test of Model Fit

          Value                            459.385*
          Degrees of Freedom                    60
          P-Value                           0.0000
          Scaling Correction Factor         1.1714
            for MLR

*   The chi-square value for MLM, MLMV, MLR, ULSMV, WLSM and WLSMV cannot be used
    for chi-square difference testing in the regular way.  MLM, MLR and WLSM
    chi-square difference testing is described on the Mplus website.  MLMV, WLSMV,
    and ULSMV difference testing is done using the DIFFTEST option.

RMSEA (Root Mean Square Error Of Approximation)

          Estimate                           0.033

CFI/TLI

          CFI                                0.963
          TLI                                0.959

Chi-Square Test of Model Fit for the Baseline Model

          Value                          10831.624
          Degrees of Freedom                    66
          P-Value                           0.0000

SRMR (Standardized Root Mean Square Residual)

          Value                              0.060



MODEL RESULTS

                                                    Two-Tailed
                    Estimate       S.E.  Est./S.E.    P-Value

 IA       BY
    A_02               1.000      0.000    999.000    999.000
    A_03               1.000      0.000    999.000    999.000
    A_04               1.000      0.000    999.000    999.000
    A_05               1.000      0.000    999.000    999.000
    A_06               1.000      0.000    999.000    999.000

 SA       BY
    A_02               0.000      0.000    999.000    999.000
    A_03               2.000      0.000    999.000    999.000
    A_04               4.000      0.000    999.000    999.000
    A_05               6.000      0.000    999.000    999.000
    A_06               8.000      0.000    999.000    999.000

 IB       BY
    B_02               1.000      0.000    999.000    999.000
    B_03               1.000      0.000    999.000    999.000
    B_04               1.000      0.000    999.000    999.000
    B_05               1.000      0.000    999.000    999.000
    B_06               1.000      0.000    999.000    999.000

 A_02       ON
    A_01               0.065      0.020      3.311      0.001
    B_01               0.009      0.002      5.401      0.000

 A_03       ON
    A_02               0.065      0.020      3.311      0.001
    B_02               0.009      0.002      5.401      0.000

 A_04       ON
    A_03               0.065      0.020      3.311      0.001
    B_03               0.009      0.002      5.401      0.000

 A_05       ON
    A_04               0.065      0.020      3.311      0.001
    B_04               0.009      0.002      5.401      0.000

 A_06       ON
    A_05               0.065      0.020      3.311      0.001
    B_05               0.009      0.002      5.401      0.000

 B_02       ON
    B_01               0.275      0.051      5.363      0.000
    A_01               0.818      0.088      9.280      0.000

 B_03       ON
    B_02               0.275      0.051      5.363      0.000
    A_02               0.818      0.088      9.280      0.000

 B_04       ON
    B_03               0.275      0.051      5.363      0.000
    A_03               0.818      0.088      9.280      0.000

 B_05       ON
    B_04               0.275      0.051      5.363      0.000
    A_04               0.818      0.088      9.280      0.000

 B_06       ON
    B_05               0.275      0.051      5.363      0.000
    A_05               0.818      0.088      9.280      0.000

 IA       WITH
    SA                 0.010      0.003      3.321      0.001
    A_01               0.289      0.022     13.437      0.000
    IB                -0.083      0.076     -1.095      0.274

 SA       WITH
    A_01               0.011      0.002      4.824      0.000

 IB       WITH
    B_01              22.232      2.404      9.249      0.000

 A_01     WITH
    B_01               0.074      0.159      0.463      0.644

 Means
    A_01               8.517      0.011    763.005      0.000
    B_01              30.476      0.217    140.391      0.000
    IA                 7.683      0.183     41.961      0.000
    SA                -0.080      0.003    -31.420      0.000
    IB                14.167      1.665      8.508      0.000

 Intercepts
    A_02               0.000      0.000    999.000    999.000
    A_03               0.000      0.000    999.000    999.000
    A_04               0.000      0.000    999.000    999.000
    A_05               0.000      0.000    999.000    999.000
    A_06               0.000      0.000    999.000    999.000
    B_02               0.000      0.000    999.000    999.000
    B_03               0.000      0.000    999.000    999.000
    B_04               0.000      0.000    999.000    999.000
    B_05               0.000      0.000    999.000    999.000
    B_06               0.000      0.000    999.000    999.000

 Variances
    A_01               0.631      0.024     25.866      0.000
    B_01              67.881      2.889     23.493      0.000
    IA                 0.263      0.030      8.749      0.000
    SA                 0.010      0.001      9.303      0.000
    IB                21.758      3.422      6.359      0.000

 Residual Variances
    A_02               0.345      0.022     15.873      0.000
    A_03               0.435      0.016     27.558      0.000
    A_04               0.659      0.027     24.218      0.000
    A_05               0.556      0.027     20.270      0.000
    A_06               0.724      0.042     17.239      0.000
    B_02              30.240      1.518     19.916      0.000
    B_03              30.578      1.750     17.477      0.000
    B_04              26.739      1.523     17.562      0.000
    B_05              31.992      1.769     18.083      0.000
    B_06              31.787      1.900     16.733      0.000


QUALITY OF NUMERICAL RESULTS

     Condition Number for the Information Matrix              0.181E-05
       (ratio of smallest to largest eigenvalue)


MODEL MODIFICATION INDICES

NOTE:  Modification indices for direct effects of observed dependent variables
regressed on covariates may not be included.  To include these, request
MODINDICES (ALL).

Minimum M.I. value for printing the modification index     3.000

                                   M.I.     E.P.C.


ON/BY Statements

A_02     ON IA       /
IA       BY A_02                  13.719    -0.008
A_02     ON SA       /
SA       BY A_02                  42.292     0.955
A_02     ON IB       /
IB       BY A_02                  20.810    -0.005
A_03     ON IA       /
IA       BY A_03                 106.799     0.015
A_03     ON SA       /
SA       BY A_03                 157.160    -1.341
A_03     ON IB       /
IB       BY A_03                  97.083     0.008
A_04     ON IA       /
IA       BY A_04                 170.393    -0.022
A_04     ON SA       /
SA       BY A_04                 127.548     1.398
A_04     ON IB       /
IB       BY A_04                 156.527    -0.011
A_05     ON IA       /
IA       BY A_05                   8.951     0.006
A_05     ON IB       /
IB       BY A_05                  11.925     0.003
A_06     ON IA       /
IA       BY A_06                   5.189     0.006
A_06     ON SA       /
SA       BY A_06                   4.509    -0.441
A_06     ON IB       /
IB       BY A_06                   8.078     0.004
B_02     ON IA       /
IA       BY B_02                   8.178     0.058
B_02     ON IB       /
IB       BY B_02                   4.216     0.022
B_03     ON IA       /
IA       BY B_03                   6.787     0.057
B_03     ON IB       /
IB       BY B_03                   7.252     0.032
B_04     ON IA       /
IA       BY B_04                   5.628     0.047
B_04     ON IB       /
IB       BY B_04                   7.188     0.028
B_05     ON IA       /
IA       BY B_05                  10.568    -0.074
B_05     ON SA       /
SA       BY B_05                  11.354     5.651
B_05     ON IB       /
IB       BY B_05                  10.115    -0.039
B_06     ON IA       /
IA       BY B_06                  26.298    -0.117
B_06     ON SA       /
SA       BY B_06                  15.945     6.814
B_06     ON IB       /
IB       BY B_06                  26.451    -0.063
A_01     ON IA       /
IA       BY A_01                   9.136    -2.739
A_01     ON IB       /
IB       BY A_01                   9.033     0.010
B_01     ON SA       /
SA       BY B_01                   6.099     7.524
SA       ON IA       /
IA       BY SA                    14.662    -0.645
SA       ON IB       /
IB       BY SA                    22.519     0.003
IB       ON IA       /
IA       BY IB                    14.133     0.995
IB       ON SA       /
SA       BY IB                    20.792     6.379

ON Statements

IA       ON A_02                  36.195     0.232
IA       ON A_03                  43.345    -0.142
IA       ON B_04                   3.970    -0.006
SA       ON A_02                  38.125     0.042
SA       ON A_03                  40.940    -0.026
SA       ON A_04                   4.898     0.007
SA       ON A_05                   9.636     0.019
SA       ON B_02                  21.795     0.001
SA       ON B_03                  25.588     0.002
SA       ON B_04                  12.709     0.001
SA       ON B_05                  17.325     0.001
SA       ON B_06                  15.209     0.001
SA       ON A_01                   7.547     1.263
SA       ON B_01                  21.971     0.002
IB       ON A_04                   5.997     0.240
IB       ON A_05                  23.114     0.442
IB       ON A_06                  20.428     0.342
IB       ON B_04                   6.611     0.129
IB       ON A_01                  11.690     0.413
IB       ON B_01                   8.608     2.999
A_02     ON A_02                  14.085    -0.007
A_02     ON A_03                  13.124    -0.007
A_02     ON A_04                  10.263    -0.006
A_02     ON A_05                  11.263    -0.007
A_02     ON A_06                   9.160    -0.006
A_02     ON B_02                  21.772    -0.002
A_02     ON B_03                  23.801    -0.002
A_02     ON B_04                  20.060    -0.002
A_02     ON B_05                  15.190    -0.002
A_02     ON B_06                  13.992    -0.002
A_02     ON A_01                  14.896    -0.015
A_02     ON B_01                  22.058    -0.002
A_03     ON A_02                 107.276    -0.007
A_03     ON A_03                 104.143     0.014
A_03     ON A_04                  93.766     0.013
A_03     ON A_05                  93.927     0.014
A_03     ON A_06                  88.584     0.013
A_03     ON B_02                 101.087     0.003
A_03     ON B_03                  99.574     0.004
A_03     ON B_04                  94.614     0.004
A_03     ON B_05                  91.656     0.004
A_03     ON B_06                  96.286     0.004
A_03     ON A_01                 109.515     0.014
A_03     ON B_01                 107.437     0.004
A_04     ON A_02                 165.295    -0.020
A_04     ON A_03                 175.960    -0.005
A_04     ON A_04                 168.331    -0.021
A_04     ON A_05                 161.128    -0.021
A_04     ON A_06                 159.671    -0.021
A_04     ON B_02                 157.878    -0.005
A_04     ON B_03                 156.341    -0.005
A_04     ON B_04                 156.756    -0.005
A_04     ON B_05                 160.491    -0.006
A_04     ON B_06                 163.131    -0.006
A_04     ON A_01                 170.244    -0.020
A_04     ON B_01                 158.844    -0.005
A_05     ON A_02                   9.018     0.005
A_05     ON A_03                   8.718     0.005
A_05     ON A_04                  10.782     0.004
A_05     ON A_05                   9.688     0.006
A_05     ON A_06                   9.875     0.006
A_05     ON B_02                  13.430     0.002
A_05     ON B_03                  12.369     0.002
A_05     ON B_04                  11.348     0.001
A_05     ON B_05                  12.216     0.002
A_05     ON B_06                   9.711     0.002
A_05     ON A_01                   8.946     0.005
A_05     ON B_01                  10.391     0.001
A_06     ON A_02                   5.708     0.005
A_06     ON A_03                   4.274     0.005
A_06     ON A_04                   5.774     0.006
A_06     ON A_05                   5.271     0.009
A_06     ON A_06                   5.185     0.006
A_06     ON B_02                   6.172     0.002
A_06     ON B_03                   7.585     0.002
A_06     ON B_04                   6.825     0.002
A_06     ON B_05                   7.736     0.002
A_06     ON B_06                   9.279     0.002
A_06     ON A_01                   4.915     0.005
A_06     ON B_01                   6.673     0.002
B_02     ON A_02                   7.260     0.049
B_02     ON A_03                   8.043     0.052
B_02     ON A_04                   8.536     0.055
B_02     ON A_05                  10.491     0.062
B_02     ON A_06                   8.387     0.056
B_02     ON B_02                   4.885     0.011
B_02     ON B_03                   5.301     0.012
B_02     ON B_04                   5.817     0.012
B_02     ON B_05                   5.099     0.012
B_02     ON B_06                   4.431     0.011
B_02     ON A_01                   7.850     0.017
B_02     ON B_01                   3.804    -0.016
B_03     ON A_02                   5.677     0.008
B_03     ON A_03                   7.047     0.053
B_03     ON A_04                   7.490     0.056
B_03     ON A_05                   8.245     0.060
B_03     ON A_06                   8.596     0.062
B_03     ON B_02                   7.634     0.006
B_03     ON B_03                   7.001     0.015
B_03     ON B_04                   7.287     0.016
B_03     ON B_05                   7.256     0.016
B_03     ON B_06                   7.472     0.016
B_03     ON A_01                   7.558     0.055
B_03     ON B_01                   7.089     0.015
B_04     ON A_02                   5.527     0.041
B_04     ON A_03                   4.976     0.023
B_04     ON A_04                   6.202     0.045
B_04     ON A_05                   5.823     0.045
B_04     ON A_06                   5.663     0.045
B_04     ON B_02                   7.581     0.014
B_04     ON B_03                   7.105     0.020
B_04     ON B_04                   6.679     0.013
B_04     ON B_05                   6.883     0.013
B_04     ON B_06                   6.766     0.013
B_04     ON A_01                   6.459     0.045
B_04     ON B_01                   6.808     0.013
B_05     ON A_02                   9.667    -0.064
B_05     ON A_03                  11.088    -0.069
B_05     ON A_04                  10.534    -0.097
B_05     ON A_05                   9.201    -0.065
B_05     ON A_06                   8.928    -0.065
B_05     ON B_02                  10.683    -0.019
B_05     ON B_03                   9.980    -0.019
B_05     ON B_04                  10.272    -0.035
B_05     ON B_05                  10.331    -0.019
B_05     ON B_06                   9.831    -0.019
B_05     ON A_01                  10.500    -0.066
B_05     ON B_01                   9.269    -0.018
B_06     ON A_02                  24.710    -0.102
B_06     ON A_03                  25.479    -0.106
B_06     ON A_04                  27.412    -0.111
B_06     ON A_05                  27.444    -0.170
B_06     ON A_06                  22.530    -0.104
B_06     ON B_02                  28.640    -0.032
B_06     ON B_03                  26.817    -0.031
B_06     ON B_04                  25.102    -0.029
B_06     ON B_05                  26.329    -0.061
B_06     ON B_06                  26.989    -0.031
B_06     ON A_01                  26.478    -0.106
B_06     ON B_01                  24.915    -0.029
A_01     ON A_02                  13.185    -0.131
A_01     ON A_03                  15.568     0.080
A_01     ON B_03                   8.917     0.005
A_01     ON B_04                  15.544     0.007
A_01     ON B_05                   6.104     0.004
A_01     ON B_06                   3.776     0.003
A_01     ON B_01                   9.034     0.010
B_01     ON A_02                   5.120    -0.791
B_01     ON A_04                   6.812     0.539
B_01     ON B_02                  52.707    -0.687
B_01     ON B_05                  13.046     0.314
B_01     ON B_06                  13.222     0.301

WITH Statements

IB       WITH SA                  14.914     0.054
A_02     WITH IA                  37.008     0.082
A_02     WITH SA                  32.360     0.014
A_03     WITH IA                  45.023    -0.062
A_03     WITH SA                  48.023    -0.012
A_03     WITH IB                   3.203    -0.113
A_04     WITH SA                   4.441     0.004
A_04     WITH A_02                 7.577     0.028
A_04     WITH A_03                21.072    -0.050
A_05     WITH SA                   4.852     0.007
A_05     WITH IB                   4.966     0.168
A_05     WITH A_04                 9.109     0.045
A_06     WITH IB                   4.199     0.192
A_06     WITH A_02                 4.280     0.030
A_06     WITH A_03                 7.475    -0.035
B_02     WITH SA                   6.385     0.052
B_02     WITH A_02                 3.178    -0.161
B_02     WITH A_05                12.867     0.456
B_03     WITH SA                   7.729     0.062
B_03     WITH A_02                13.043    -0.383
B_04     WITH IB                   3.573     2.550
B_04     WITH A_03                 4.722    -0.231
B_05     WITH A_02                 4.872     0.252
B_05     WITH B_02                 6.043   -10.944
B_06     WITH A_02                 5.879     0.271
B_06     WITH A_04                 3.750    -0.280
B_06     WITH A_05                 7.240    -0.418
B_06     WITH A_06                 8.185     0.486
B_06     WITH B_02                 4.112    -3.241
B_06     WITH B_05                 5.092    30.912
A_01     WITH IB                   9.033     0.226
A_01     WITH A_02                14.581    -0.048
A_01     WITH A_03                15.235     0.034
A_01     WITH B_03                 5.842     0.254
A_01     WITH B_04                 9.180     0.287
B_01     WITH SA                   7.003     0.089
B_01     WITH A_02                15.947    -0.709
B_01     WITH A_03                 3.084     0.292
B_01     WITH A_04                 5.588     0.462
B_01     WITH B_02                55.249   -21.484
B_01     WITH B_05                 5.300     6.365
B_01     WITH B_06                 5.289     6.397

Means/Intercepts/Thresholds

[ A_02     ]                      14.643    -0.060
[ A_03     ]                     110.440     0.119
[ A_04     ]                     172.098    -0.171
[ A_05     ]                       8.582     0.042
[ A_06     ]                       5.428     0.046
[ B_02     ]                       8.322     0.448
[ B_03     ]                       6.299     0.425
[ B_04     ]                       5.187     0.344
[ B_05     ]                      11.194    -0.590
[ B_06     ]                      27.102    -0.919


TECHNICAL 1 OUTPUT


     PARAMETER SPECIFICATION


           NU
              A_02          A_03          A_04          A_05          A_06
              ________      ________      ________      ________      ________
 1                  0             0             0             0             0


           NU
              B_02          B_03          B_04          B_05          B_06
              ________      ________      ________      ________      ________
 1                  0             0             0             0             0


           NU
              A_01          B_01
              ________      ________
 1                  0             0


           LAMBDA
              IA            SA            IB            A_02          A_03
              ________      ________      ________      ________      ________
 A_02               0             0             0             0             0
 A_03               0             0             0             0             0
 A_04               0             0             0             0             0
 A_05               0             0             0             0             0
 A_06               0             0             0             0             0
 B_02               0             0             0             0             0
 B_03               0             0             0             0             0
 B_04               0             0             0             0             0
 B_05               0             0             0             0             0
 B_06               0             0             0             0             0
 A_01               0             0             0             0             0
 B_01               0             0             0             0             0


           LAMBDA
              A_04          A_05          A_06          B_02          B_03
              ________      ________      ________      ________      ________
 A_02               0             0             0             0             0
 A_03               0             0             0             0             0
 A_04               0             0             0             0             0
 A_05               0             0             0             0             0
 A_06               0             0             0             0             0
 B_02               0             0             0             0             0
 B_03               0             0             0             0             0
 B_04               0             0             0             0             0
 B_05               0             0             0             0             0
 B_06               0             0             0             0             0
 A_01               0             0             0             0             0
 B_01               0             0             0             0             0


           LAMBDA
              B_04          B_05          B_06          A_01          B_01
              ________      ________      ________      ________      ________
 A_02               0             0             0             0             0
 A_03               0             0             0             0             0
 A_04               0             0             0             0             0
 A_05               0             0             0             0             0
 A_06               0             0             0             0             0
 B_02               0             0             0             0             0
 B_03               0             0             0             0             0
 B_04               0             0             0             0             0
 B_05               0             0             0             0             0
 B_06               0             0             0             0             0
 A_01               0             0             0             0             0
 B_01               0             0             0             0             0


           THETA
              A_02          A_03          A_04          A_05          A_06
              ________      ________      ________      ________      ________
 A_02               0
 A_03               0             0
 A_04               0             0             0
 A_05               0             0             0             0
 A_06               0             0             0             0             0
 B_02               0             0             0             0             0
 B_03               0             0             0             0             0
 B_04               0             0             0             0             0
 B_05               0             0             0             0             0
 B_06               0             0             0             0             0
 A_01               0             0             0             0             0
 B_01               0             0             0             0             0


           THETA
              B_02          B_03          B_04          B_05          B_06
              ________      ________      ________      ________      ________
 B_02               0
 B_03               0             0
 B_04               0             0             0
 B_05               0             0             0             0
 B_06               0             0             0             0             0
 A_01               0             0             0             0             0
 B_01               0             0             0             0             0


           THETA
              A_01          B_01
              ________      ________
 A_01               0
 B_01               0             0


           ALPHA
              IA            SA            IB            A_02          A_03
              ________      ________      ________      ________      ________
 1                  1             2             3             0             0


           ALPHA
              A_04          A_05          A_06          B_02          B_03
              ________      ________      ________      ________      ________
 1                  0             0             0             0             0


           ALPHA
              B_04          B_05          B_06          A_01          B_01
              ________      ________      ________      ________      ________
 1                  0             0             0             4             5


           BETA
              IA            SA            IB            A_02          A_03
              ________      ________      ________      ________      ________
 IA                 0             0             0             0             0
 SA                 0             0             0             0             0
 IB                 0             0             0             0             0
 A_02               0             0             0             0             0
 A_03               0             0             0             6             0
 A_04               0             0             0             0             6
 A_05               0             0             0             0             0
 A_06               0             0             0             0             0
 B_02               0             0             0             0             0
 B_03               0             0             0             8             0
 B_04               0             0             0             0             8
 B_05               0             0             0             0             0
 B_06               0             0             0             0             0
 A_01               0             0             0             0             0
 B_01               0             0             0             0             0


           BETA
              A_04          A_05          A_06          B_02          B_03
              ________      ________      ________      ________      ________
 IA                 0             0             0             0             0
 SA                 0             0             0             0             0
 IB                 0             0             0             0             0
 A_02               0             0             0             0             0
 A_03               0             0             0             7             0
 A_04               0             0             0             0             7
 A_05               6             0             0             0             0
 A_06               0             6             0             0             0
 B_02               0             0             0             0             0
 B_03               0             0             0             9             0
 B_04               0             0             0             0             9
 B_05               8             0             0             0             0
 B_06               0             8             0             0             0
 A_01               0             0             0             0             0
 B_01               0             0             0             0             0


           BETA
              B_04          B_05          B_06          A_01          B_01
              ________      ________      ________      ________      ________
 IA                 0             0             0             0             0
 SA                 0             0             0             0             0
 IB                 0             0             0             0             0
 A_02               0             0             0             6             7
 A_03               0             0             0             0             0
 A_04               0             0             0             0             0
 A_05               7             0             0             0             0
 A_06               0             7             0             0             0
 B_02               0             0             0             8             9
 B_03               0             0             0             0             0
 B_04               0             0             0             0             0
 B_05               9             0             0             0             0
 B_06               0             9             0             0             0
 A_01               0             0             0             0             0
 B_01               0             0             0             0             0


           PSI
              IA            SA            IB            A_02          A_03
              ________      ________      ________      ________      ________
 IA                10
 SA                11            12
 IB                13             0            14
 A_02               0             0             0            15
 A_03               0             0             0             0            16
 A_04               0             0             0             0             0
 A_05               0             0             0             0             0
 A_06               0             0             0             0             0
 B_02               0             0             0             0             0
 B_03               0             0             0             0             0
 B_04               0             0             0             0             0
 B_05               0             0             0             0             0
 B_06               0             0             0             0             0
 A_01              25            26             0             0             0
 B_01               0             0            28             0             0


           PSI
              A_04          A_05          A_06          B_02          B_03
              ________      ________      ________      ________      ________
 A_04              17
 A_05               0            18
 A_06               0             0            19
 B_02               0             0             0            20
 B_03               0             0             0             0            21
 B_04               0             0             0             0             0
 B_05               0             0             0             0             0
 B_06               0             0             0             0             0
 A_01               0             0             0             0             0
 B_01               0             0             0             0             0


           PSI
              B_04          B_05          B_06          A_01          B_01
              ________      ________      ________      ________      ________
 B_04              22
 B_05               0            23
 B_06               0             0            24
 A_01               0             0             0            27
 B_01               0             0             0            29            30


     STARTING VALUES


           NU
              A_02          A_03          A_04          A_05          A_06
              ________      ________      ________      ________      ________
 1              0.000         0.000         0.000         0.000         0.000


           NU
              B_02          B_03          B_04          B_05          B_06
              ________      ________      ________      ________      ________
 1              0.000         0.000         0.000         0.000         0.000


           NU
              A_01          B_01
              ________      ________
 1              0.000         0.000


           LAMBDA
              IA            SA            IB            A_02          A_03
              ________      ________      ________      ________      ________
 A_02           0.000         0.000         0.000         1.000         0.000
 A_03           0.000         0.000         0.000         0.000         1.000
 A_04           0.000         0.000         0.000         0.000         0.000
 A_05           0.000         0.000         0.000         0.000         0.000
 A_06           0.000         0.000         0.000         0.000         0.000
 B_02           0.000         0.000         0.000         0.000         0.000
 B_03           0.000         0.000         0.000         0.000         0.000
 B_04           0.000         0.000         0.000         0.000         0.000
 B_05           0.000         0.000         0.000         0.000         0.000
 B_06           0.000         0.000         0.000         0.000         0.000
 A_01           0.000         0.000         0.000         0.000         0.000
 B_01           0.000         0.000         0.000         0.000         0.000


           LAMBDA
              A_04          A_05          A_06          B_02          B_03
              ________      ________      ________      ________      ________
 A_02           0.000         0.000         0.000         0.000         0.000
 A_03           0.000         0.000         0.000         0.000         0.000
 A_04           1.000         0.000         0.000         0.000         0.000
 A_05           0.000         1.000         0.000         0.000         0.000
 A_06           0.000         0.000         1.000         0.000         0.000
 B_02           0.000         0.000         0.000         1.000         0.000
 B_03           0.000         0.000         0.000         0.000         1.000
 B_04           0.000         0.000         0.000         0.000         0.000
 B_05           0.000         0.000         0.000         0.000         0.000
 B_06           0.000         0.000         0.000         0.000         0.000
 A_01           0.000         0.000         0.000         0.000         0.000
 B_01           0.000         0.000         0.000         0.000         0.000


           LAMBDA
              B_04          B_05          B_06          A_01          B_01
              ________      ________      ________      ________      ________
 A_02           0.000         0.000         0.000         0.000         0.000
 A_03           0.000         0.000         0.000         0.000         0.000
 A_04           0.000         0.000         0.000         0.000         0.000
 A_05           0.000         0.000         0.000         0.000         0.000
 A_06           0.000         0.000         0.000         0.000         0.000
 B_02           0.000         0.000         0.000         0.000         0.000
 B_03           0.000         0.000         0.000         0.000         0.000
 B_04           1.000         0.000         0.000         0.000         0.000
 B_05           0.000         1.000         0.000         0.000         0.000
 B_06           0.000         0.000         1.000         0.000         0.000
 A_01           0.000         0.000         0.000         1.000         0.000
 B_01           0.000         0.000         0.000         0.000         1.000


           THETA
              A_02          A_03          A_04          A_05          A_06
              ________      ________      ________      ________      ________
 A_02           0.000
 A_03           0.000         0.000
 A_04           0.000         0.000         0.000
 A_05           0.000         0.000         0.000         0.000
 A_06           0.000         0.000         0.000         0.000         0.000
 B_02           0.000         0.000         0.000         0.000         0.000
 B_03           0.000         0.000         0.000         0.000         0.000
 B_04           0.000         0.000         0.000         0.000         0.000
 B_05           0.000         0.000         0.000         0.000         0.000
 B_06           0.000         0.000         0.000         0.000         0.000
 A_01           0.000         0.000         0.000         0.000         0.000
 B_01           0.000         0.000         0.000         0.000         0.000


           THETA
              B_02          B_03          B_04          B_05          B_06
              ________      ________      ________      ________      ________
 B_02           0.000
 B_03           0.000         0.000
 B_04           0.000         0.000         0.000
 B_05           0.000         0.000         0.000         0.000
 B_06           0.000         0.000         0.000         0.000         0.000
 A_01           0.000         0.000         0.000         0.000         0.000
 B_01           0.000         0.000         0.000         0.000         0.000


           THETA
              A_01          B_01
              ________      ________
 A_01           0.000
 B_01           0.000         0.000


           ALPHA
              IA            SA            IB            A_02          A_03
              ________      ________      ________      ________      ________
 1              0.000         0.000         0.000         0.000         0.000


           ALPHA
              A_04          A_05          A_06          B_02          B_03
              ________      ________      ________      ________      ________
 1              0.000         0.000         0.000         0.000         0.000


           ALPHA
              B_04          B_05          B_06          A_01          B_01
              ________      ________      ________      ________      ________
 1              0.000         0.000         0.000         0.000         0.000


           BETA
              IA            SA            IB            A_02          A_03
              ________      ________      ________      ________      ________
 IA             0.000         0.000         0.000         0.000         0.000
 SA             0.000         0.000         0.000         0.000         0.000
 IB             0.000         0.000         0.000         0.000         0.000
 A_02           1.000         0.000         0.000         0.000         0.000
 A_03           1.000         2.000         0.000         0.000         0.000
 A_04           1.000         4.000         0.000         0.000         0.000
 A_05           1.000         6.000         0.000         0.000         0.000
 A_06           1.000         8.000         0.000         0.000         0.000
 B_02           0.000         0.000         1.000         0.000         0.000
 B_03           0.000         0.000         1.000         0.000         0.000
 B_04           0.000         0.000         1.000         0.000         0.000
 B_05           0.000         0.000         1.000         0.000         0.000
 B_06           0.000         0.000         1.000         0.000         0.000
 A_01           0.000         0.000         0.000         0.000         0.000
 B_01           0.000         0.000         0.000         0.000         0.000


           BETA
              A_04          A_05          A_06          B_02          B_03
              ________      ________      ________      ________      ________
 IA             0.000         0.000         0.000         0.000         0.000
 SA             0.000         0.000         0.000         0.000         0.000
 IB             0.000         0.000         0.000         0.000         0.000
 A_02           0.000         0.000         0.000         0.000         0.000
 A_03           0.000         0.000         0.000         0.000         0.000
 A_04           0.000         0.000         0.000         0.000         0.000
 A_05           0.000         0.000         0.000         0.000         0.000
 A_06           0.000         0.000         0.000         0.000         0.000
 B_02           0.000         0.000         0.000         0.000         0.000
 B_03           0.000         0.000         0.000         0.000         0.000
 B_04           0.000         0.000         0.000         0.000         0.000
 B_05           0.000         0.000         0.000         0.000         0.000
 B_06           0.000         0.000         0.000         0.000         0.000
 A_01           0.000         0.000         0.000         0.000         0.000
 B_01           0.000         0.000         0.000         0.000         0.000


           BETA
              B_04          B_05          B_06          A_01          B_01
              ________      ________      ________      ________      ________
 IA             0.000         0.000         0.000         0.000         0.000
 SA             0.000         0.000         0.000         0.000         0.000
 IB             0.000         0.000         0.000         0.000         0.000
 A_02           0.000         0.000         0.000         0.000         0.000
 A_03           0.000         0.000         0.000         0.000         0.000
 A_04           0.000         0.000         0.000         0.000         0.000
 A_05           0.000         0.000         0.000         0.000         0.000
 A_06           0.000         0.000         0.000         0.000         0.000
 B_02           0.000         0.000         0.000         0.000         0.000
 B_03           0.000         0.000         0.000         0.000         0.000
 B_04           0.000         0.000         0.000         0.000         0.000
 B_05           0.000         0.000         0.000         0.000         0.000
 B_06           0.000         0.000         0.000         0.000         0.000
 A_01           0.000         0.000         0.000         0.000         0.000
 B_01           0.000         0.000         0.000         0.000         0.000


           PSI
              IA            SA            IB            A_02          A_03
              ________      ________      ________      ________      ________
 IA             0.050
 SA             0.000         0.050
 IB             0.000         0.000         0.050
 A_02           0.000         0.000         0.000         0.327
 A_03           0.000         0.000         0.000         0.000         0.391
 A_04           0.000         0.000         0.000         0.000         0.000
 A_05           0.000         0.000         0.000         0.000         0.000
 A_06           0.000         0.000         0.000         0.000         0.000
 B_02           0.000         0.000         0.000         0.000         0.000
 B_03           0.000         0.000         0.000         0.000         0.000
 B_04           0.000         0.000         0.000         0.000         0.000
 B_05           0.000         0.000         0.000         0.000         0.000
 B_06           0.000         0.000         0.000         0.000         0.000
 A_01           0.000         0.000         0.000         0.000         0.000
 B_01           0.000         0.000         0.000         0.000         0.000


           PSI
              A_04          A_05          A_06          B_02          B_03
              ________      ________      ________      ________      ________
 A_04           0.605
 A_05           0.000         0.675
 A_06           0.000         0.000         0.875
 B_02           0.000         0.000         0.000        33.092
 B_03           0.000         0.000         0.000         0.000        36.932
 B_04           0.000         0.000         0.000         0.000         0.000
 B_05           0.000         0.000         0.000         0.000         0.000
 B_06           0.000         0.000         0.000         0.000         0.000
 A_01           0.000         0.000         0.000         0.000         0.000
 B_01           0.000         0.000         0.000         0.000         0.000


           PSI
              B_04          B_05          B_06          A_01          B_01
              ________      ________      ________      ________      ________
 B_04          35.994
 B_05           0.000        38.520
 B_06           0.000         0.000        38.270
 A_01           0.000         0.000         0.000         0.312
 B_01           0.000         0.000         0.000         0.000        35.037


     Beginning Time:  20:22:05
        Ending Time:  20:26:36
       Elapsed Time:  00:04:31



MUTHEN & MUTHEN
3463 Stoner Ave.
Los Angeles, CA  90066

Tel: (310) 391-9971
Fax: (310) 391-8971
Web: www.StatModel.com
Support: Support@StatModel.com

Copyright (c) 1998-2015 Muthen & Muthen
